[06:32:28.949] ---- [Flow] CT_START Set
[06:32:28.971] ---- [Event] AutoStop : CT_START
[06:32:28.971] [m_nState] Auto State
[06:32:29.860] ---- [Flow] CT_START Set
[06:32:46.200] ---- [Flow] CT_START Set
[06:32:56.799] ---- [Flow] CT_START Set
[06:33:27.703] ---- [Flow] CT_STOP Set
[06:33:27.724] ---- [Event] Auto : CT_STOP
[06:33:27.724] --------- [Monitor] StopTasks() : before m_stopped
[06:33:27.781] --------- [Monitor] StopTasks() : m_stopped
[06:33:27.781] [m_nState] AutoStop State
[06:33:27.829] ---- [Flow] CT_STOP Set
[06:33:27.862] ---- [Flow] CT_STOP Set
[06:33:27.894] ---- [Flow] CT_STOP Set
[06:33:27.932] ---- [Flow] CT_STOP Set
[06:33:28.401] ---- [Flow] CT_START Set
[06:33:28.422] ---- [Event] AutoStop : CT_START
[06:33:28.422] [m_nState] Auto State
[06:33:29.099] ---- [Flow] CT_START Set
[06:35:38.883] ---- [Flow] CT_STOP Set
[06:35:38.906] ---- [Event] Auto : CT_STOP
[06:35:38.906] --------- [Monitor] StopTasks() : before m_stopped
[06:35:38.944] --------- [Monitor] StopTasks() : m_stopped
[06:35:38.945] [m_nState] AutoStop State
[06:36:18.228] ---- [Flow] CT_START Set
[06:36:18.250] ---- [Event] AutoStop : CT_START
[06:36:18.250] [m_nState] Auto State
[06:36:20.348] ---- [Flow] CT_START Set
[06:36:25.313] ---- [Flow] CT_STOP Set
[06:36:25.334] ---- [Event] Auto : CT_STOP
[06:36:25.334] --------- [Monitor] StopTasks() : before m_stopped
[06:36:25.351] --------- [Monitor] StopTasks() : m_stopped
[06:36:25.351] [m_nState] AutoStop State
[06:36:25.360] ---- [Flow] CT_STOP Set
[06:38:07.879] ---- [Flow] CT_START Set
[06:38:07.901] ---- [Event] AutoStop : CT_START
[06:38:07.901] [m_nState] Auto State
[06:38:08.925] ---- [Flow] CT_START Set
[06:49:33.576] ---- [Flow] CT_STOP Set
[06:49:33.597] ---- [Event] Auto : CT_STOP
[06:49:33.597] --------- [Monitor] StopTasks() : before m_stopped
[06:49:33.604] --------- [Monitor] StopTasks() : m_stopped
[06:49:33.604] [m_nState] AutoStop State
[06:49:33.626] ---- [Flow] CT_STOP Set
[06:49:33.664] ---- [Flow] CT_STOP Set
[06:49:39.185] ---- [Flow] CT_START Set
[06:49:39.207] ---- [Event] AutoStop : CT_START
[06:49:39.207] [m_nState] Auto State
[06:49:39.543] ---- [Flow] CT_START Set
[06:50:52.111] ---- [Flow] CT_STOP Set
[06:50:52.132] ---- [Event] Auto : CT_STOP
[06:50:52.132] --------- [Monitor] StopTasks() : before m_stopped
[06:50:52.167] --------- [Monitor] StopTasks() : m_stopped
[06:50:52.167] [m_nState] AutoStop State
[06:54:23.308] ---- [Flow] CT_START Set
[06:54:23.330] ---- [Event] AutoStop : CT_START
[06:54:23.330] [m_nState] Auto State
[06:54:23.876] ---- [Flow] CT_START Set
[07:04:35.323] ---- [Flow] CT_START Set
[07:04:35.830] ---- [Flow] CT_START Set
[07:04:36.102] ---- [Flow] CT_START Set
[07:09:17.128] ---- [Flow] CT_START Set
[07:09:17.383] ---- [Flow] CT_START Set
[07:09:17.629] ---- [Flow] CT_START Set
[07:13:40.954] ---- [Flow] CT_START Set
[07:13:41.414] ---- [Flow] CT_START Set
[07:13:41.686] ---- [Flow] CT_START Set
[07:13:41.960] ---- [Flow] CT_START Set
[07:14:47.315] ---- [Flow] CT_START Set
[07:14:47.749] ---- [Flow] CT_START Set
[07:14:48.012] ---- [Flow] CT_START Set
[07:14:48.293] ---- [Flow] CT_START Set
[07:16:34.861] ---- [Flow] CT_START Set
[07:16:35.333] ---- [Flow] CT_START Set
[07:16:35.581] ---- [Flow] CT_START Set
[07:16:35.935] ---- [Flow] CT_START Set
[07:21:31.077] ---- [Flow] CT_START Set
[07:21:31.568] ---- [Flow] CT_START Set
[07:21:31.836] ---- [Flow] CT_START Set
[07:25:44.373] ---- [Flow] CT_START Set
[07:25:44.750] ---- [Flow] CT_START Set
[07:25:44.983] ---- [Flow] CT_START Set
[07:25:46.616] ---- [Flow] CT_START Set
[07:29:24.350] ---- [Flow] CT_START Set
[07:32:31.852] ---- [Flow] CT_START Set
[07:32:32.180] ---- [Flow] CT_START Set
[07:33:37.492] ---- [Flow] CT_START Set
[07:34:51.453] ---- [Flow] CT_START Set
[07:34:53.023] ---- [Flow] CT_START Set
[07:35:53.611] ---- [Flow] CT_START Set
[07:43:56.843] ---- [Flow] CT_START Set
[07:46:26.285] ---- [Flow] CT_START Set
[07:46:26.829] ---- [Flow] CT_START Set
[07:46:27.082] ---- [Flow] CT_START Set
[07:50:20.348] ---- [Flow] CT_START Set
[07:52:07.375] ---- [Flow] CT_START Set
[07:52:17.180] ---- [Flow] CT_START Set
[07:56:07.430] ---- [Flow] CT_START Set
[07:56:12.882] ---- [Flow] CT_START Set
[07:56:18.302] ---- [Flow] CT_START Set
[07:56:25.372] ---- [Flow] CT_START Set
[07:56:30.196] ---- [Flow] CT_START Set
[07:56:37.802] ---- [Flow] CT_START Set
[07:57:06.389] ---- [Flow] CT_START Set
[08:02:09.005] ---- [Flow] CT_START Set
[08:02:09.361] ---- [Flow] CT_START Set
[08:02:11.627] ---- [Flow] CT_START Set
[08:02:38.661] ---- [Flow] CT_START Set
[08:02:38.933] ---- [Flow] CT_START Set
[08:02:39.229] ---- [Flow] CT_START Set
[08:52:15.203] ---- [Flow] CT_START Set
[08:52:15.563] ---- [Flow] CT_START Set
[08:52:15.916] ---- [Flow] CT_START Set
[08:52:36.132] ---- [Flow] CT_START Set
[08:52:36.565] ---- [Flow] CT_START Set
[08:52:36.830] ---- [Flow] CT_START Set
[09:28:43.900] ---- [Flow] CT_STOP Set
[09:28:43.921] ---- [Event] Auto : CT_STOP
[09:28:43.921] --------- [Monitor] StopTasks() : before m_stopped
[09:28:43.946] --------- [Monitor] StopTasks() : m_stopped
[09:28:43.946] [m_nState] AutoStop State
[09:28:43.990] ---- [Flow] CT_STOP Set
[09:28:44.029] ---- [Flow] CT_STOP Set
[09:36:22.725] ---- [Flow] CT_START Set
[09:36:22.747] ---- [Event] AutoStop : CT_START
[09:36:22.747] [m_nState] Auto State
[09:36:23.450] ---- [Flow] CT_START Set
[09:37:43.995] ---- [Flow] CT_START Set
[09:37:44.500] ---- [Flow] CT_START Set
[09:37:44.846] ---- [Flow] CT_START Set
[09:39:43.444] ---- [Flow] CT_START Set
[09:56:42.049] ---- [Flow] CT_START Set
[09:56:42.711] ---- [Flow] CT_START Set
[09:56:43.024] ---- [Flow] CT_START Set
[10:03:52.947] ---- [Flow] CT_START Set
[10:03:53.285] ---- [Flow] CT_START Set
[10:24:47.327] ---- [Flow] CT_START Set
[10:24:47.619] ---- [Flow] CT_START Set
[10:24:47.887] ---- [Flow] CT_START Set
[10:25:20.359] ---- [Flow] CT_START Set
[10:25:20.991] ---- [Flow] CT_START Set
[10:25:21.268] ---- [Flow] CT_START Set
[10:26:06.013] ---- [Flow] CT_START Set
[10:26:06.304] ---- [Flow] CT_START Set
[10:27:19.098] ---- [Flow] CT_START Set
[10:33:32.092] ---- [Flow] CT_START Set
[10:33:32.443] ---- [Flow] CT_START Set
[11:10:30.206] ---- [Flow] CT_START Set
[11:10:30.536] ---- [Flow] CT_START Set
[11:10:33.377] ---- [Flow] CT_START Set
[11:13:11.902] ---- [Flow] CT_START Set
[11:38:48.299] ---- [Flow] CT_STOP Set
[11:38:48.322] ---- [Event] Auto : CT_STOP
[11:38:48.322] --------- [Monitor] StopTasks() : before m_stopped
[11:38:48.601] --------- [Monitor] StopTasks() : m_stopped
[11:38:48.601] [m_nState] AutoStop State
[12:24:43.463] ---- [Flow] CT_START Set
[12:24:43.485] ---- [Event] AutoStop : CT_START
[12:24:43.485] [m_nState] Auto State
[12:24:44.011] ---- [Flow] CT_START Set
[12:24:55.080] ---- [Flow] CT_STOP Set
[12:24:55.102] ---- [Event] Auto : CT_STOP
[12:24:55.102] --------- [Monitor] StopTasks() : before m_stopped
[12:24:55.158] ---- [Flow] CT_STOP Set
[12:24:55.196] ---- [Flow] CT_STOP Set
[12:24:55.247] ---- [Flow] CT_STOP Set
[12:24:55.578] --------- [Monitor] StopTasks() : m_stopped
[12:24:55.578] [m_nState] AutoStop State
[12:25:00.117] ---- [Flow] CT_START Set
[12:25:00.138] ---- [Event] AutoStop : CT_START
[12:25:00.138] [m_nState] Auto State
[12:25:02.680] ---- [Flow] CT_START Set
[12:25:48.905] ---- [Flow] CT_STOP Set
[12:25:48.926] ---- [Event] Auto : CT_STOP
[12:25:48.926] --------- [Monitor] StopTasks() : before m_stopped
[12:25:48.974] ---- [Flow] CT_STOP Set
[12:25:49.025] ---- [Flow] CT_STOP Set
[12:25:49.475] --------- [Monitor] StopTasks() : m_stopped
[12:25:49.475] [m_nState] AutoStop State
[12:26:40.013] ---- [Flow] CT_START Set
[12:26:40.035] ---- [Event] AutoStop : CT_START
[12:26:40.035] [m_nState] Auto State
[12:26:40.741] ---- [Flow] CT_START Set
[12:34:33.943] ---- [Flow] CT_STOP Set
[12:34:33.964] ---- [Event] Auto : CT_STOP
[12:34:33.964] --------- [Monitor] StopTasks() : before m_stopped
[12:34:33.981] --------- [Monitor] StopTasks() : m_stopped
[12:34:33.981] [m_nState] AutoStop State
[12:34:34.128] ---- [Flow] CT_STOP Set
[12:34:54.341] ---- [Flow] CT_START Set
[12:34:54.363] ---- [Event] AutoStop : CT_START
[12:34:54.363] [m_nState] Auto State
[12:34:54.740] ---- [Flow] CT_START Set
[13:19:12.951] ---- [Flow] CT_START Set
[13:24:48.335] ---- [Flow] CT_START Set
[13:25:42.798] ---- [Flow] CT_START Set
[13:26:13.213] ---- [Flow] CT_START Set
[13:26:13.540] ---- [Flow] CT_START Set
[13:26:13.823] ---- [Flow] CT_START Set
[13:26:41.212] ---- [Flow] CT_START Set
[13:26:41.823] ---- [Flow] CT_START Set
[13:26:42.095] ---- [Flow] CT_START Set
[13:29:52.653] ---- [Flow] CT_START Set
[13:34:49.097] ---- [Flow] CT_START Set
[13:34:49.701] ---- [Flow] CT_START Set
[13:34:49.971] ---- [Flow] CT_START Set
[14:01:02.246] ---- [Flow] CT_START Set
[14:18:53.081] ---- [Flow] CT_START Set
[14:28:57.567] ---- [Flow] CT_STOP Set
[14:28:57.588] ---- [Event] Auto : CT_STOP
[14:28:57.588] --------- [Monitor] StopTasks() : before m_stopped
[14:28:57.691] --------- [Monitor] StopTasks() : m_stopped
[14:28:57.691] [m_nState] AutoStop State
[14:37:32.120] ---- [Flow] CT_START Set
[14:37:32.141] ---- [Event] AutoStop : CT_START
[14:37:32.141] [m_nState] Auto State
[14:37:32.918] ---- [Flow] CT_START Set
[15:05:15.498] ---- [Flow] CT_START Set
[15:05:15.793] ---- [Flow] CT_START Set
[15:05:18.766] ---- [Flow] CT_START Set
[15:11:56.422] ---- [Flow] CT_START Set
[15:12:07.514] ---- [Flow] CT_START Set
[15:12:08.045] ---- [Flow] CT_START Set
[15:12:08.334] ---- [Flow] CT_START Set
[15:18:16.238] ---- [Flow] CT_START Set
[15:18:16.718] ---- [Flow] CT_START Set
[15:18:17.024] ---- [Flow] CT_START Set
[15:21:30.949] ---- [Flow] CT_START Set
[15:21:31.423] ---- [Flow] CT_START Set
[15:21:31.706] ---- [Flow] CT_START Set
[15:40:54.472] ---- [Flow] CT_START Set
[15:42:02.547] ---- [Flow] CT_START Set
[15:42:02.995] ---- [Flow] CT_START Set
[15:42:03.233] ---- [Flow] CT_START Set
[15:42:43.992] ---- [Flow] CT_START Set
[15:42:44.530] ---- [Flow] CT_START Set
[15:42:44.864] ---- [Flow] CT_START Set
[15:56:24.354] ---- [Flow] CT_STOP Set
[15:56:24.375] ---- [Event] Auto : CT_STOP
[15:56:24.375] --------- [Monitor] StopTasks() : before m_stopped
[15:56:24.402] --------- [Monitor] StopTasks() : m_stopped
[15:56:24.402] [m_nState] AutoStop State
[15:56:24.509] ---- [Flow] CT_STOP Set
[18:59:32.066] ---- [Flow] CT_START Set
[18:59:32.087] ---- [Event] AutoStop : CT_START
[18:59:32.087] [m_nState] Auto State
[18:59:32.779] ---- [Flow] CT_START Set
[19:02:39.153] ---- [Flow] CT_STOP Set
[19:02:39.174] ---- [Event] Auto : CT_STOP
[19:02:39.174] --------- [Monitor] StopTasks() : before m_stopped
[19:02:39.215] --------- [Monitor] StopTasks() : m_stopped
[19:02:39.215] [m_nState] AutoStop State
[19:09:26.918] ---- [Flow] CT_START Set
[19:09:26.940] ---- [Event] AutoStop : CT_START
[19:09:26.940] [m_nState] Auto State
[19:09:27.790] ---- [Flow] CT_START Set
[19:13:28.121] ---- [Flow] CT_START Set
[19:13:28.568] ---- [Flow] CT_START Set
[19:13:31.008] ---- [Flow] CT_START Set
[19:13:58.883] ---- [Flow] CT_STOP Set
[19:13:58.905] ---- [Event] Auto : CT_STOP
[19:13:58.905] --------- [Monitor] StopTasks() : before m_stopped
[19:13:59.095] --------- [Monitor] StopTasks() : m_stopped
[19:13:59.095] [m_nState] AutoStop State
[19:19:40.186] ---- [Flow] CT_START Set
[19:19:40.208] ---- [Event] AutoStop : CT_START
[19:19:40.208] [m_nState] Auto State
[19:19:57.805] ---- [Flow] CT_START Set
[19:24:58.748] ---- [Flow] CT_START Set
[19:27:55.097] ---- [Flow] CT_START Set
[19:27:55.536] ---- [Flow] CT_START Set
[19:36:52.609] ---- [Flow] CT_START Set
[19:36:53.244] ---- [Flow] CT_START Set
[19:36:53.552] ---- [Flow] CT_START Set
[19:40:56.637] ---- [Flow] CT_START Set
[19:42:55.131] ---- [Flow] CT_START Set
[19:42:56.917] ---- [Flow] CT_START Set
[19:43:10.625] ---- [Flow] CT_START Set
[19:43:11.003] ---- [Flow] CT_START Set
[19:43:15.175] ---- [Flow] CT_START Set
[21:26:47.575] ---- [Flow] CT_START Set
[21:26:47.867] ---- [Flow] CT_START Set
[21:50:15.141] ---- [Flow] CT_START Set
[21:50:15.700] ---- [Flow] CT_START Set
[21:58:21.640] ---- [Flow] CT_STOP Set
[21:58:21.662] ---- [Event] Auto : CT_STOP
[21:58:21.662] --------- [Monitor] StopTasks() : before m_stopped
[21:58:23.500] --------- [Monitor] StopTasks() : m_stopped
[21:58:23.500] [m_nState] AutoStop State
[22:08:08.104] ---- [Flow] CT_START Set
[22:08:08.125] ---- [Event] AutoStop : CT_START
[22:08:08.125] [m_nState] Auto State
[22:08:09.141] ---- [Flow] CT_START Set
