[00:20:54.072] [MainControlStation] Left Door Open
[00:22:33.325] [LeftTransferStation] Vacuum Error
[00:23:45.848] [LeftTransferStation] Vacuum Error
[00:51:49.935] [MainControlStation] Left Door Open
[01:07:51.504] [MainControlStation] Left Door Open
[01:12:15.986] [LeftTransferStation] Vacuum Error
[01:12:51.931] [LeftTransferStation] Vacuum Error
[01:16:41.257] [MainControlStation] Left Door Open
[01:19:58.458] [LeftTransferStation] Vacuum Error
[01:20:06.210] [MainControlStation] Right Door Open
[01:20:08.428] [MainControlStation] Right Door Open
[02:14:22.724] [MainControlStation] Right Door Open
[02:14:25.717] [MainControlStation] Right Door Open
[02:14:27.344] [MainControlStation] Right Door Open
[02:16:22.572] [RightTransferStation] Move XY Axis Error
[02:20:39.531] [MainControlStation] Right Door Open
[02:24:48.631] [MainControlStation] Right Door Open
[02:26:22.900] [MainControlStation] Right Door Open
[02:26:47.936] [RightPPStation] Load Cylinder Vacuum Error
[03:00:38.046] [RightTransferStation] Move XY Axis Error
[03:00:47.593] [RightTransferStation] Move XY Axis Error
[03:00:49.129] [RightTransferStation] Move XY Axis Error
[03:00:53.494] [RightTransferStation] Move XY Axis Error
[03:00:58.619] [RightTransferStation] Move XY Axis Error
[03:03:23.232] [RightTransferStation] Move XY Axis Error
[03:03:39.596] [RightTransferStation] Move XY Axis Error
[03:03:43.787] [MainControlStation] Right Door Open
[03:20:24.390] [RightTransferStation] Move XY Axis Error
[03:20:33.121] [RightTransferStation] Move XY Axis Error
[03:20:34.805] [RightTransferStation] Move XY Axis Error
[03:22:56.345] [RightTransferStation] Move XY Axis Error
[03:23:41.465] [RightTransferStation] Move XY Axis Error
[03:25:32.929] [RightTransferStation] Move XY Axis Error
[03:27:02.979] [RightTransferStation] Move XY Axis Error
[03:28:22.072] [RightTransferStation] Move XY Axis Error
[03:28:31.886] [RightTransferStation] Vacuum Error
[03:46:01.206] [RightTransferStation] Move XY Axis Error
[03:46:35.926] [RightTransferStation] Move XY Axis Error
[03:52:03.854] [RightTransferStation] Move XY Axis Error
[03:59:42.573] [RightTransferStation] Move XY Axis Error
[04:00:24.629] [RightTransferStation] Move XY Axis Error
[04:07:08.837] [RightTransferStation] Move XY Axis Error
[04:07:21.160] [RightTransferStation] Move XY Axis Error
[04:07:52.092] [RightTransferStation] Move XY Axis Error
[04:07:59.719] [RightTransferStation] Move XY Axis Error
[04:08:03.959] [RightTransferStation] Move XY Axis Error
[04:08:38.890] [RightTransferStation] Move XY Axis Error
[04:08:47.058] [RightTransferStation] Move XY Axis Error
[04:08:50.731] [RightTransferStation] Move XY Axis Error
[04:09:27.050] [RightTransferStation] Move XY Axis Error
[04:09:29.890] [RightTransferStation] Move XY Axis Error
[04:09:34.001] [RightTransferStation] Move XY Axis Error
[04:09:37.344] [RightTransferStation] Move XY Axis Error
[04:22:48.573] [RightTransferStation] Move XY Axis Error
[05:27:08.514] [RightTransferStation] Move XY Axis Error
[05:27:35.631] [RightTransferStation] Move XY Axis Error
[05:29:30.825] [RightTransferStation] Move XY Axis Error
[05:43:35.200] [RightTransferStation] Move XY Axis Error
[05:43:45.186] [RightTransferStation] Move XY Axis Error
[05:44:15.273] [RightTransferStation] Move XY Axis Error
[05:44:51.877] [RightTransferStation] Vacuum Error
[05:45:11.526] [RightTransferStation] Vacuum Error
[05:45:14.627] [RightTransferStation] Move XY Axis Error
[05:55:43.635] [RightTransferStation] Move XY Axis Error
[05:56:07.216] [RightTransferStation] Move XY Axis Error
