[00:00:29.013] [LeftPPStation] Load Cylinder Vacuum Error
[01:54:30.692] [RightTransferStation] Vacuum Error
[01:55:02.648] [RightTransferStation] Move Z Axis Error
[02:27:40.405] [LeftPPStation] Load Cylinder Up Error
[07:07:29.634] [LeftPPStation] Load Cylinder Up Error
[07:07:36.453] [LeftPPStation] Load Cylinder Up Error
[10:26:37.262] [RightPPStation] Load Cylinder Vacuum Error
[14:33:28.378] [LeftTransferStation] Vacuum Error
[15:18:25.166] [LeftPPStation] Load Cylinder Vacuum Error
[17:50:13.156] [RightTransferStation] Vacuum Error
[17:50:24.023] [RightTransferStation] Vacuum Error
[17:55:21.151] [RightTransferStation] Move Z Axis Error
[17:55:25.499] [RightTransferStation] Move Z Axis Error
[17:55:34.587] [RightTransferStation] Move Z Axis Error
[17:55:40.516] [RightTransferStation] Move Z Axis Error
[17:57:16.744] [LeftPPStation] Load Cylinder Vacuum Error
[17:57:29.449] [LeftPPStation] Load Cylinder Vacuum Error
[17:57:38.141] [LeftPPStation] Load Cylinder Vacuum Error
[18:01:01.295] [RightTransferStation] Vacuum Error
[18:03:08.262] [RightTransferStation] Vacuum Error
[18:03:30.201] [RightTransferStation] Vacuum Error
[20:12:17.610] [RightPPStation] Load Cylinder Vacuum Error
[20:45:38.198] [LeftPPStation] Unload Cylinder Vacuum Error
[22:34:40.012] [LeftTransferStation] Vacuum Error
[22:35:07.580] [LeftTransferStation] Move Z Axis Error
[22:35:43.741] [RightPPStation] Unload Cylinder Vacuum Error
[22:37:40.838] [LeftTransferStation] Vacuum Error
[22:37:50.260] [LeftTransferStation] Vacuum Error
[23:50:17.240] [LeftTransferStation] Move Z Axis Error
