[08:40:48.718] ---- [Flow] CT_START Set
[08:40:48.742] ---- [Event] AutoStop : CT_START
[08:40:48.743] [m_nState] Auto State
[08:40:53.304] ---- [Flow] CT_START Set
[08:54:25.203] ---- [Flow] CT_STOP Set
[08:54:25.225] ---- [Event] Auto : CT_STOP
[08:54:25.226] --------- [Monitor] StopTasks() : before m_stopped
[08:54:25.317] --------- [Monitor] StopTasks() : m_stopped
[08:54:25.318] [m_nState] AutoStop State
[08:59:13.351] ---- [Flow] CT_START Set
[08:59:13.374] ---- [Event] AutoStop : CT_START
[08:59:13.375] [m_nState] Auto State
[08:59:14.144] ---- [Flow] CT_START Set
[09:32:47.071] ---- [Flow] CT_START Set
[09:33:36.589] ---- [Flow] CT_START Set
[09:52:47.241] ---- [Flow] CT_START Set
[09:53:06.942] ---- [Flow] CT_START Set
[10:07:17.728] ---- [Flow] CT_START Set
[10:28:27.087] ---- [Flow] CT_START Set
[10:59:36.679] ---- [Flow] CT_START Set
[11:14:29.937] ---- [Flow] CT_START Set
[11:14:41.972] ---- [Flow] CT_START Set
[11:14:42.066] ---- [Flow] CT_START Set
[11:15:32.333] ---- [Flow] CT_START Set
[11:24:58.704] ---- [Flow] CT_START Set
[11:26:01.769] ---- [Flow] CT_STOP Set
[11:26:01.791] ---- [Event] Auto : CT_STOP
[11:26:01.792] --------- [Monitor] StopTasks() : before m_stopped
[11:26:01.874] --------- [Monitor] StopTasks() : m_stopped
[11:26:01.875] [m_nState] AutoStop State
[11:26:02.830] ---- [Flow] CT_START Set
[11:26:02.852] ---- [Event] AutoStop : CT_START
[11:26:02.853] [m_nState] Auto State
[11:26:38.956] ---- [Flow] CT_START Set
[11:39:40.650] ---- [Flow] CT_START Set
[11:45:35.721] ---- [Flow] CT_START Set
[11:46:51.769] ---- [Flow] CT_START Set
[11:57:59.375] ---- [Flow] CT_START Set
[11:59:37.769] ---- [Flow] CT_START Set
[12:08:38.943] ---- [Flow] CT_START Set
[13:47:48.935] ---- [Flow] CT_START Set
[13:47:53.995] ---- [Flow] CT_START Set
[13:48:55.263] ---- [Flow] CT_START Set
[13:51:48.342] ---- [Flow] CT_START Set
[14:00:53.308] ---- [Flow] CT_STOP Set
[14:00:53.331] ---- [Event] Auto : CT_STOP
[14:00:53.332] --------- [Monitor] StopTasks() : before m_stopped
[14:00:53.371] ---- [Flow] CT_STOP Set
[14:00:53.416] ---- [Flow] CT_STOP Set
[14:00:53.457] ---- [Flow] CT_STOP Set
[14:00:53.850] --------- [Monitor] StopTasks() : m_stopped
[14:00:53.851] [m_nState] AutoStop State
[14:24:22.937] ---- [Flow] CT_START Set
[14:24:22.959] ---- [Event] AutoStop : CT_START
[14:24:22.960] [m_nState] Auto State
[14:24:23.609] ---- [Flow] CT_START Set
[14:40:05.429] ---- [Flow] CT_START Set
[14:43:03.629] ---- [Flow] CT_START Set
[14:44:59.465] ---- [Flow] CT_START Set
[14:46:22.516] ---- [Flow] CT_START Set
[14:56:15.784] ---- [Flow] CT_START Set
[14:59:11.508] ---- [Flow] CT_START Set
[14:59:11.782] ---- [Flow] CT_START Set
[14:59:13.710] ---- [Flow] CT_START Set
[14:59:28.295] ---- [Flow] CT_START Set
[14:59:29.285] ---- [Flow] CT_START Set
[14:59:57.243] ---- [Flow] CT_START Set
[14:59:59.387] ---- [Flow] CT_START Set
[15:00:39.416] ---- [Flow] CT_STOP Set
[15:00:39.438] ---- [Event] Auto : CT_STOP
[15:00:39.439] --------- [Monitor] StopTasks() : before m_stopped
[15:00:39.485] ---- [Flow] CT_STOP Set
[15:00:39.536] ---- [Flow] CT_STOP Set
[15:00:39.585] ---- [Flow] CT_STOP Set
[15:00:40.946] --------- [Monitor] StopTasks() : m_stopped
[15:00:40.947] [m_nState] AutoStop State
[15:05:02.333] ---- [Flow] CT_START Set
[15:05:02.356] ---- [Event] AutoStop : CT_START
[15:05:02.357] [m_nState] Auto State
[15:07:50.365] ---- [Flow] CT_START Set
[15:11:48.744] ---- [Flow] CT_START Set
[15:24:26.539] ---- [Flow] CT_START Set
[15:30:14.761] ---- [Flow] CT_START Set
[15:36:53.458] ---- [Flow] CT_START Set
[15:37:36.999] ---- [Flow] CT_START Set
[15:38:05.727] ---- [Flow] CT_START Set
[15:39:46.785] ---- [Flow] CT_START Set
[15:47:15.369] ---- [Flow] CT_START Set
[15:47:17.765] ---- [Flow] CT_START Set
[15:47:18.795] ---- [Flow] CT_START Set
[15:47:32.375] ---- [Flow] CT_START Set
[15:47:41.306] ---- [Flow] CT_START Set
[15:47:44.934] ---- [Flow] CT_START Set
[15:49:14.017] ---- [Flow] CT_START Set
[15:50:31.912] ---- [Flow] CT_START Set
[15:50:37.362] ---- [Flow] CT_START Set
[15:51:24.493] ---- [Flow] CT_START Set
[15:52:30.670] ---- [Flow] CT_START Set
[15:55:56.396] ---- [Flow] CT_START Set
[15:56:12.458] ---- [Flow] CT_START Set
[15:58:15.778] ---- [Flow] CT_START Set
[16:01:08.396] ---- [Flow] CT_START Set
[16:05:46.347] ---- [Flow] CT_STOP Set
[16:05:46.370] ---- [Event] Auto : CT_STOP
[16:05:46.371] --------- [Monitor] StopTasks() : before m_stopped
[16:05:46.408] ---- [Flow] CT_STOP Set
[16:05:46.449] ---- [Flow] CT_STOP Set
[16:05:46.541] --------- [Monitor] StopTasks() : m_stopped
[16:05:46.541] [m_nState] AutoStop State
[16:05:47.294] ---- [Flow] CT_START Set
[16:05:47.317] ---- [Event] AutoStop : CT_START
[16:05:47.318] [m_nState] Auto State
[16:06:04.292] ---- [Flow] CT_STOP Set
[16:06:04.315] ---- [Event] Auto : CT_STOP
[16:06:04.316] --------- [Monitor] StopTasks() : before m_stopped
[16:06:04.361] ---- [Flow] CT_STOP Set
[16:06:04.407] ---- [Flow] CT_STOP Set
[16:06:04.428] --------- [Monitor] StopTasks() : m_stopped
[16:06:04.429] [m_nState] AutoStop State
[16:06:06.402] ---- [Flow] CT_START Set
[16:06:06.424] ---- [Event] AutoStop : CT_START
[16:06:06.425] [m_nState] Auto State
[16:08:08.921] ---- [Flow] CT_START Set
[16:13:25.228] ---- [Flow] CT_START Set
[16:14:09.097] ---- [Flow] CT_START Set
[16:14:10.023] ---- [Flow] CT_STOP Set
[16:14:10.045] ---- [Event] Auto : CT_STOP
[16:14:10.046] --------- [Monitor] StopTasks() : before m_stopped
[16:14:10.050] --------- [Monitor] StopTasks() : m_stopped
[16:14:10.051] [m_nState] AutoStop State
[16:14:10.062] ---- [Flow] CT_STOP Set
[16:14:10.095] ---- [Flow] CT_STOP Set
[16:14:10.128] ---- [Flow] CT_STOP Set
[16:14:16.758] ---- [Flow] CT_START Set
[16:14:16.781] ---- [Event] AutoStop : CT_START
[16:14:16.782] [m_nState] Auto State
[16:14:20.439] ---- [Flow] CT_START Set
[16:15:24.576] ---- [Flow] CT_START Set
[16:15:39.937] ---- [Flow] CT_START Set
[16:28:12.943] ---- [Flow] CT_START Set
[16:28:17.494] ---- [Flow] CT_START Set
[16:40:11.719] ---- [Flow] CT_START Set
[16:40:18.660] ---- [Flow] CT_START Set
[16:40:33.020] ---- [Flow] CT_START Set
[16:40:40.542] ---- [Flow] CT_START Set
[16:40:50.897] ---- [Flow] CT_START Set
[17:04:17.103] ---- [Flow] CT_START Set
[17:31:49.653] ---- [Flow] CT_START Set
[17:32:38.343] ---- [Flow] CT_START Set
[17:33:01.479] ---- [Flow] CT_START Set
[17:34:37.330] ---- [Flow] CT_START Set
[17:36:47.808] ---- [Flow] CT_START Set
[17:39:43.647] ---- [Flow] CT_START Set
[17:40:11.758] ---- [Flow] CT_START Set
[17:40:23.058] ---- [Flow] CT_START Set
[17:57:16.387] ---- [Flow] CT_STOP Set
[17:57:16.411] ---- [Event] Auto : CT_STOP
[17:57:16.412] --------- [Monitor] StopTasks() : before m_stopped
[17:57:16.413] --------- [Monitor] StopTasks() : m_stopped
[17:57:16.414] [m_nState] AutoStop State
[17:57:16.463] ---- [Flow] CT_STOP Set
[17:57:16.503] ---- [Flow] CT_STOP Set
[17:57:16.540] ---- [Flow] CT_STOP Set
[17:57:16.575] ---- [Flow] CT_STOP Set
[18:14:25.075] ---- [Flow] CT_START Set
[18:14:25.097] ---- [Event] AutoStop : CT_START
[18:14:25.098] [m_nState] Auto State
[18:29:29.169] ---- [Flow] CT_STOP Set
[18:29:29.192] ---- [Event] Auto : CT_STOP
[18:29:29.193] --------- [Monitor] StopTasks() : before m_stopped
[18:29:29.211] --------- [Monitor] StopTasks() : m_stopped
[18:29:29.212] [m_nState] AutoStop State
[19:19:41.009] ---- [Flow] CT_START Set
[19:19:41.032] ---- [Event] AutoStop : CT_START
[19:19:41.033] [m_nState] Auto State
[19:32:13.831] ---- [Flow] CT_STOP Set
[19:32:13.853] ---- [Event] Auto : CT_STOP
[19:32:13.854] --------- [Monitor] StopTasks() : before m_stopped
[19:32:13.897] ---- [Flow] CT_STOP Set
[19:32:13.906] --------- [Monitor] StopTasks() : m_stopped
[19:32:13.907] [m_nState] AutoStop State
[19:32:13.934] ---- [Flow] CT_STOP Set
