[01:08:27.565] [RightTransferStation] Move XY Axis Error
[01:08:45.518] [RightTransferStation] Move XY Axis Error
[01:18:40.554] [RightTransferStation] Move XY Axis Error
[01:22:36.102] [RightTransferStation] Move XY Axis Error
[04:05:16.750] [RightTransferStation] Move XY Axis Error
[04:06:35.877] [RightTransferStation] Move XY Axis Error
[04:12:57.546] [RightTransferStation] Move XY Axis Error
[04:13:08.118] [RightTransferStation] Move XY Axis Error
[04:13:09.897] [RightTransferStation] Move XY Axis Error
[04:13:11.837] [RightTransferStation] Move XY Axis Error
[07:11:13.770] [RightTransferStation] Move XY Axis Error
[07:23:48.328] [RightTransferStation] Move XY Axis Error
[07:24:03.937] [RightTransferStation] Move XY Axis Error
[07:25:22.331] [RightTransferStation] Move XY Axis Error
[07:25:57.574] [RightTransferStation] Move XY Axis Error
[07:47:50.392] [RightTransferStation] Move XY Axis Error
[07:47:54.828] [RightTransferStation] Move XY Axis Error
[07:48:39.860] [RightTransferStation] Move XY Axis Error
[08:18:47.368] [LeftPPStation] Load Buffer Set Exist
[08:19:20.092] [LeftTransferStation] Vacuum Error
[08:21:28.635] [RightTransferStation] Move XY Axis Error
[08:21:44.469] [RightTransferStation] Move XY Axis Error
[08:45:16.375] [RightTransferStation] Move XY Axis Error
[08:45:26.190] [RightTransferStation] Move XY Axis Error
[08:45:31.504] [RightTransferStation] Move XY Axis Error
[09:04:08.485] [MainControlStation] Right Door Open
[09:06:15.076] [MainControlStation] Right Door Open
[09:07:56.512] [RightPPStation] Load Cylinder Vacuum Error
[09:11:49.692] [RightTransferStation] Move XY Axis Error
[09:12:07.415] [RightTransferStation] Move XY Axis Error
[09:19:50.155] [RightTransferStation] Move XY Axis Error
[09:21:40.230] [RightTransferStation] Move XY Axis Error
[09:21:57.524] [RightTransferStation] Move XY Axis Error
[09:29:53.726] [RightPPStation] Load Cylinder Up Error
[09:30:06.121] [RightPPStation] Load Cylinder Up Error
[09:30:14.624] [RightPPStation] Load Cylinder Up Error
[09:30:26.526] [RightPPStation] Load Cylinder Up Error
[09:30:42.127] [RightPPStation] Load Cylinder Vacuum Error
[09:45:53.145] [RightTransferStation] Move XY Axis Error
[09:46:38.928] [RightTransferStation] Move XY Axis Error
[09:51:14.584] [RightTransferStation] Move XY Axis Error
[10:04:25.282] [RightTransferStation] Move XY Axis Error
[10:04:43.280] [RightTransferStation] Move XY Axis Error
[10:09:14.314] [MainControlStation] Left Door Open
[10:12:35.372] [LeftPPStation] Load Cylinder Up Error
[10:12:42.338] [LeftPPStation] Load Cylinder Vacuum Error
[10:15:35.253] [RightTransferStation] Move XY Axis Error
[10:15:52.390] [RightTransferStation] Move XY Axis Error
[10:16:13.852] [RightTransferStation] Move XY Axis Error
[10:16:51.661] [RightTransferStation] Move XY Axis Error
[10:21:04.705] [RightTransferStation] Move XY Axis Error
[10:21:15.897] [RightTransferStation] Move XY Axis Error
[10:23:33.471] [RightTransferStation] Move XY Axis Error
[10:23:50.164] [RightTransferStation] Move XY Axis Error
[10:24:39.639] [RightTransferStation] Move XY Axis Error
[10:38:34.424] [RightTransferStation] Move XY Axis Error
[10:38:53.762] [RightTransferStation] Move XY Axis Error
[11:44:08.591] [RightTransferStation] Move XY Axis Error
[11:44:30.556] [RightTransferStation] Move XY Axis Error
[12:22:54.947] [LeftPPStation] Load Cylinder Up Error
[12:23:10.442] [LeftPPStation] Load Cylinder Up Error
[12:23:19.539] [LeftPPStation] Load Cylinder Up Error
[12:24:04.655] [LeftPPStation] Load Cylinder Up Error
[12:24:11.415] [LeftPPStation] Load Cylinder Up Error
[12:24:16.656] [LeftPPStation] Load Cylinder Up Error
[12:24:22.745] [LeftPPStation] Load Cylinder Up Error
[12:24:46.637] [LeftPPStation] Load Cylinder Up Error
[12:24:58.287] [LeftPPStation] Load Cylinder Up Error
[12:25:09.097] [LeftPPStation] Load Cylinder Up Error
[12:25:15.583] [LeftPPStation] Load Cylinder Up Error
[12:25:50.162] [LeftPPStation] Load Cylinder Up Error
[12:25:57.856] [LeftPPStation] Load Cylinder Up Error
[12:26:07.463] [LeftPPStation] Load Cylinder Vacuum Error
[12:30:18.208] [RightPPStation] Load Cylinder Up Error
[12:30:21.110] [RightPPStation] Load Cylinder Vacuum Error
[12:33:11.420] [RightTransferStation] Move XY Axis Error
[12:33:26.561] [RightTransferStation] Move XY Axis Error
[12:35:12.016] [RightTransferStation] Move XY Axis Error
[12:36:15.256] [RightTransferStation] Move XY Axis Error
[12:42:44.643] [RightTransferStation] Move XY Axis Error
[12:43:44.023] [RightTransferStation] Move XY Axis Error
[13:11:00.041] [RightTransferStation] Move XY Axis Error
[13:11:20.267] [RightTransferStation] Move XY Axis Error
[13:20:03.984] [RightTransferStation] Move XY Axis Error
[13:20:42.583] [RightTransferStation] Move XY Axis Error
[13:29:18.030] [RightTransferStation] Move XY Axis Error
[13:29:47.219] [RightTransferStation] Move XY Axis Error
[13:37:52.175] [RightTransferStation] Move XY Axis Error
[13:38:19.050] [RightTransferStation] Move XY Axis Error
[13:48:22.448] [RightTransferStation] Move XY Axis Error
[13:48:45.763] [RightTransferStation] Move XY Axis Error
[14:10:03.513] [RightTransferStation] Move XY Axis Error
[14:10:19.170] [RightTransferStation] Move XY Axis Error
[14:27:21.480] [RightTransferStation] Move XY Axis Error
[14:28:20.368] [RightTransferStation] Move XY Axis Error
[15:44:03.349] [RightTransferStation] Move XY Axis Error
[15:44:32.043] [RightTransferStation] Move XY Axis Error
[17:03:47.123] [RightTransferStation] Move XY Axis Error
[17:04:20.181] [RightTransferStation] Move XY Axis Error
[19:12:38.708] [RightTransferStation] Move XY Axis Error
[19:12:54.945] [RightTransferStation] Move XY Axis Error
[19:17:05.456] [RightTransferStation] Vacuum Error
[19:23:33.378] [RightTransferStation] Move XY Axis Error
[19:23:57.982] [RightTransferStation] Move XY Axis Error
[21:01:09.081] [LeftPPStation] Load Cylinder Up Error
[21:01:15.256] [LeftPPStation] Load Cylinder Vacuum Error
[21:07:27.769] [RightTransferStation] Move XY Axis Error
[21:07:38.873] [RightTransferStation] Move XY Axis Error
[21:37:39.701] [RightTransferStation] Move XY Axis Error
[21:37:53.842] [RightTransferStation] Move XY Axis Error
[21:44:17.447] [RightTransferStation] Move XY Axis Error
[21:44:35.418] [RightTransferStation] Move XY Axis Error
[21:45:20.775] [RightTransferStation] Move XY Axis Error
[21:45:34.583] [RightTransferStation] Move XY Axis Error
[22:11:35.458] [RightTransferStation] Move XY Axis Error
[22:13:34.296] [RightTransferStation] Move XY Axis Error
[22:22:03.050] [RightTransferStation] Move XY Axis Error
[22:22:20.260] [RightTransferStation] Move XY Axis Error
[22:36:03.099] [RightTransferStation] Move XY Axis Error
[22:36:28.556] [RightTransferStation] Move XY Axis Error
