[00:18:16.432] [LeftTransferStation] Vacuum Error
[00:18:27.323] [LeftTransferStation] Vacuum Error
[00:39:01.745] [RightTransferStation] Vacuum Error
[00:39:34.386] [RightTransferStation] Vacuum Error
[01:29:08.413] [LeftPPStation] Load Cylinder Vacuum Error
[02:20:30.275] [RightTransferStation] Vacuum Error
[02:20:48.097] [RightPPStation] Move Axis Error
[02:20:55.801] [RightTransferStation] Vacuum Error
[03:00:57.691] [RightTransferStation] Vacuum Error
[03:01:08.000] [RightTransferStation] Vacuum Error
[03:04:34.921] [LeftTransferStation] Vacuum Error
[03:04:48.764] [LeftTransferStation] Vacuum Error
[03:05:07.224] [LeftTransferStation] Move Z Axis Error
[03:05:10.723] [LeftTransferStation] Move Z Axis Error
[03:05:36.747] [LeftTransferStation] Move Z Axis Error
[03:05:38.669] [LeftTransferStation] Move Z Axis Error
[03:15:33.108] [LeftTransferStation] Vacuum Error
[03:15:44.114] [LeftTransferStation] Vacuum Error
[03:37:42.948] [RightPPStation] Load Cylinder Vacuum Error
[03:48:01.325] [LeftTransferStation] Vacuum Error
[03:48:27.060] [LeftTransferStation] Vacuum Error
[03:52:01.295] [RightTransferStation] Vacuum Error
[04:02:13.520] [RightTransferStation] Vacuum Error
[04:39:05.377] [LeftTransferStation] Vacuum Error
[04:39:16.652] [LeftTransferStation] Vacuum Error
[04:48:10.389] [LeftTransferStation] Vacuum Error
[05:24:03.767] [RightTransferStation] Vacuum Error
[05:24:16.144] [RightTransferStation] Move Z Axis Error
[05:24:27.417] [RightTransferStation] Move Z Axis Error
[05:43:12.158] [MainControlStation] Left Door Open
[07:50:55.885] [LeftPPStation] Load Cylinder Up Error
[07:51:07.597] [LeftPPStation] Load Cylinder Up Error
[07:51:16.974] [LeftPPStation] Load Cylinder Vacuum Error
[08:08:52.920] [RightTransferStation] Vacuum Error
[08:09:22.774] [RightTransferStation] Vacuum Error
[09:10:38.931] [RightTransferStation] Vacuum Error
[09:11:04.171] [RightTransferStation] Vacuum Error
[09:55:32.592] [RightTransferStation] Vacuum Error
[10:21:57.850] [LeftTransferStation] Vacuum Error
[10:48:36.229] [RightTransferStation] Vacuum Error
[10:49:04.740] [RightTransferStation] Vacuum Error
[11:04:07.868] [LeftTransferStation] Vacuum Error
[11:13:39.735] [LeftTransferStation] Vacuum Error
[11:19:51.009] [RightTransferStation] Vacuum Error
[11:32:52.351] [LeftTransferStation] Vacuum Error
[12:29:40.207] [LeftPPStation] Load Cylinder Vacuum Error
[12:31:32.488] [LeftTransferStation] Vacuum Error
[12:31:46.223] [LeftTransferStation] Vacuum Error
[12:45:44.934] [LeftTransferStation] Vacuum Error
[12:46:05.443] [LeftTransferStation] Vacuum Error
[13:10:16.747] [RightTransferStation] Vacuum Error
[13:11:12.518] [RightTransferStation] Vacuum Error
[13:22:00.328] [LeftTransferStation] Vacuum Error
[13:29:05.603] [LeftPPStation] Load Cylinder Vacuum Error
[13:40:22.640] [RightTransferStation] Vacuum Error
[13:40:52.335] [RightTransferStation] Vacuum Error
[14:13:23.248] [LeftTransferStation] Vacuum Error
[14:26:53.543] [LeftTransferStation] Vacuum Error
[14:54:52.288] [RightTransferStation] Vacuum Error
[14:55:15.313] [RightTransferStation] Vacuum Error
[15:18:52.810] [LeftPPStation] Load Cylinder Vacuum Error
[17:03:50.778] [LeftTransferStation] Vacuum Error
[17:06:41.463] [LeftPPStation] Load Cylinder Vacuum Error
[17:34:38.061] [LeftPPStation] Move Axis Error
[17:34:45.264] [LeftPPStation] Move Axis Error
[17:36:14.084] [MainControlStation] Left Door Open
[17:43:21.542] [LeftTransferStation] Vacuum Error
[17:54:48.822] [LeftPPStation] Load Cylinder Vacuum Error
[17:55:19.719] [RightPPStation] Unload Cylinder Vacuum Error
[17:55:29.712] [RightPPStation] Unload Cylinder Vacuum Error
[17:55:39.884] [RightPPStation] Unload Cylinder Vacuum Error
[17:55:53.216] [RightPPStation] Unload Cylinder Vacuum Error
[19:00:15.237] [LeftTransferStation] Vacuum Error
[19:02:28.693] [MainControlStation] Left Door Open
[19:03:34.341] [LeftTransferStation] Vacuum Error
[19:03:50.806] [LeftTransferStation] Vacuum Error
[19:28:33.073] [RightTransferStation] Vacuum Error
[19:29:03.087] [RightTransferStation] Vacuum Error
[19:35:24.391] [RightPPStation] Load Cylinder Vacuum Error
[19:55:49.022] [LeftPPStation] Load Cylinder Vacuum Error
[19:57:34.988] [LeftTransferStation] Vacuum Error
[19:58:44.972] [LeftTransferStation] Vacuum Error
[20:18:27.061] [RightPPStation] Load Buffer Set Exist
[20:18:32.182] [RightPPStation] Load Buffer Set Exist
[20:18:37.466] [RightPPStation] Load Buffer Set Exist
[20:18:39.879] [RightPPStation] Load Buffer Set Exist
[20:21:36.502] [RightTransferStation] Vacuum Error
[20:54:19.979] [RightTransferStation] Vacuum Error
[20:54:41.881] [RightTransferStation] Vacuum Error
[21:04:52.904] [RightTransferStation] Vacuum Error
[21:05:36.315] [RightTransferStation] Vacuum Error
[21:34:12.775] [RightTransferStation] Vacuum Error
[21:34:33.000] [RightTransferStation] Vacuum Error
[21:39:06.703] [LeftPPStation] Load Cylinder Up Error
[21:39:13.038] [LeftPPStation] Load Cylinder Up Error
[21:39:18.694] [LeftPPStation] Load Cylinder Up Error
[21:39:21.730] [LeftPPStation] Load Cylinder Vacuum Error
[21:53:05.020] [LeftTransferStation] Vacuum Error
[22:02:23.999] [RightPPStation] Load Cylinder Up Error
[22:02:27.968] [RightPPStation] Load Cylinder Vacuum Error
[22:30:16.326] [RightTransferStation] Vacuum Error
[22:31:00.500] [RightTransferStation] Vacuum Error
[22:58:16.662] [LeftPPStation] Load Cylinder Vacuum Error
[23:17:00.645] [RightTransferStation] Vacuum Error
[23:43:35.742] [LeftTransferStation] Vacuum Error
[23:51:44.494] [MainControlStation] Left Door Open
