[06:41:41.523] ---- [Flow] CT_START Set
[06:41:41.546] ---- [Event] AutoStop : CT_START
[06:41:41.547] [m_nState] Auto State
[06:41:42.868] ---- [Flow] CT_START Set
[06:46:38.832] ---- [Flow] CT_STOP Set
[06:46:38.854] ---- [Event] Auto : CT_STOP
[06:46:38.855] --------- [Monitor] StopTasks() : before m_stopped
[06:46:38.900] --------- [Monitor] StopTasks() : m_stopped
[06:46:38.901] [m_nState] AutoStop State
[06:54:17.637] ---- [Flow] CT_START Set
[06:54:17.660] ---- [Event] AutoStop : CT_START
[06:54:17.661] [m_nState] Auto State
[06:54:18.131] ---- [Flow] CT_START Set
[08:38:54.121] ---- [Flow] CT_START Set
[09:27:20.069] ---- [Flow] CT_STOP Set
[09:27:20.091] ---- [Event] Auto : CT_STOP
[09:27:20.092] --------- [Monitor] StopTasks() : before m_stopped
[09:27:20.184] ---- [Flow] CT_STOP Set
[09:27:20.563] --------- [Monitor] StopTasks() : m_stopped
[09:27:20.564] [m_nState] AutoStop State
[09:27:21.921] ---- [Flow] CT_START Set
[09:27:21.944] ---- [Event] AutoStop : CT_START
[09:27:21.945] [m_nState] Auto State
[09:27:25.446] ---- [Flow] CT_STOP Set
[09:27:25.468] ---- [Event] Auto : CT_STOP
[09:27:25.469] --------- [Monitor] StopTasks() : before m_stopped
[09:27:26.305] --------- [Monitor] StopTasks() : m_stopped
[09:27:26.306] [m_nState] AutoStop State
[09:33:38.458] ---- [Flow] CT_START Set
[09:33:38.481] ---- [Event] AutoStop : CT_START
[09:33:38.482] [m_nState] Auto State
[09:33:39.105] ---- [Flow] CT_START Set
[09:35:58.872] ---- [Flow] CT_START Set
[09:36:01.650] ---- [Flow] CT_START Set
[09:45:14.333] ---- [Flow] CT_START Set
[09:45:28.439] ---- [Flow] CT_START Set
[10:18:20.293] ---- [Flow] CT_START Set
[10:18:20.719] ---- [Flow] CT_START Set
[10:35:11.118] ---- [Flow] CT_START Set
[10:35:11.428] ---- [Flow] CT_START Set
[11:11:35.541] ---- [Flow] CT_START Set
[11:11:39.518] ---- [Flow] CT_START Set
[11:17:35.560] ---- [Flow] CT_START Set
[11:17:35.661] ---- [Flow] CT_START Set
[11:17:42.558] ---- [Flow] CT_START Set
[11:17:42.717] ---- [Flow] CT_START Set
[11:17:44.096] ---- [Flow] CT_START Set
[11:17:44.174] ---- [Flow] CT_START Set
[11:17:45.340] ---- [Flow] CT_START Set
[11:17:47.226] ---- [Flow] CT_START Set
[11:17:48.321] ---- [Flow] CT_START Set
[11:17:52.149] ---- [Flow] CT_START Set
[11:18:03.757] ---- [Flow] CT_START Set
[11:18:03.922] ---- [Flow] CT_START Set
[11:18:04.658] ---- [Flow] CT_START Set
[11:18:04.795] ---- [Flow] CT_START Set
[11:18:04.897] ---- [Flow] CT_START Set
[11:18:05.693] ---- [Flow] CT_START Set
[11:18:05.799] ---- [Flow] CT_START Set
[11:18:05.910] ---- [Flow] CT_START Set
[11:18:56.291] ---- [Flow] CT_START Set
[11:18:56.399] ---- [Flow] CT_START Set
[11:18:58.626] ---- [Flow] CT_START Set
[11:18:58.721] ---- [Flow] CT_START Set
[11:18:58.946] ---- [Flow] CT_START Set
[11:18:59.054] ---- [Flow] CT_START Set
[11:19:21.013] ---- [Flow] CT_START Set
[11:19:24.364] ---- [Flow] CT_START Set
[11:19:33.242] ---- [Flow] CT_START Set
[11:19:34.440] ---- [Flow] CT_START Set
[11:29:55.905] ---- [Flow] CT_START Set
[11:29:55.992] ---- [Flow] CT_START Set
[11:38:57.382] ---- [Flow] CT_START Set
[11:49:29.992] ---- [Flow] CT_START Set
[11:49:32.230] ---- [Flow] CT_START Set
[11:49:46.643] ---- [Flow] CT_START Set
[11:49:50.307] ---- [Flow] CT_START Set
[11:49:51.320] ---- [Flow] CT_START Set
[11:49:54.287] ---- [Flow] CT_START Set
[11:49:54.741] ---- [Flow] CT_START Set
[11:49:55.380] ---- [Flow] CT_START Set
[11:50:05.608] ---- [Flow] CT_START Set
[11:50:05.846] ---- [Flow] CT_START Set
[11:50:07.382] ---- [Flow] CT_START Set
[11:50:07.790] ---- [Flow] CT_START Set
[11:50:09.563] ---- [Flow] CT_START Set
[11:50:09.996] ---- [Flow] CT_START Set
[11:50:21.674] ---- [Flow] CT_START Set
[11:50:21.982] ---- [Flow] CT_START Set
[11:50:23.726] ---- [Flow] CT_START Set
[11:50:24.510] ---- [Flow] CT_START Set
[11:50:24.881] ---- [Flow] CT_START Set
[11:50:25.315] ---- [Flow] CT_START Set
[11:50:33.125] ---- [Flow] CT_START Set
[11:50:33.425] ---- [Flow] CT_START Set
[11:50:41.737] ---- [Flow] CT_START Set
[11:58:40.451] ---- [Flow] CT_START Set
[11:59:08.374] ---- [Flow] CT_START Set
[12:08:00.110] ---- [Flow] CT_START Set
[12:08:00.416] ---- [Flow] CT_START Set
[12:16:13.860] ---- [Flow] CT_START Set
[12:16:14.442] ---- [Flow] CT_START Set
[12:16:14.771] ---- [Flow] CT_START Set
[12:19:17.200] ---- [Flow] CT_START Set
[12:19:24.547] ---- [Flow] CT_START Set
[12:19:54.745] ---- [Flow] CT_START Set
[12:24:38.421] ---- [Flow] CT_START Set
[12:24:39.425] ---- [Flow] CT_START Set
[12:48:45.813] ---- [Flow] CT_START Set
[12:48:46.146] ---- [Flow] CT_START Set
[12:53:55.523] ---- [Flow] CT_START Set
[12:53:56.184] ---- [Flow] CT_START Set
[12:53:59.791] ---- [Flow] CT_START Set
[13:02:07.467] ---- [Flow] CT_START Set
[13:02:08.157] ---- [Flow] CT_START Set
[13:02:08.426] ---- [Flow] CT_START Set
[14:08:46.937] ---- [Flow] CT_START Set
[14:14:51.840] ---- [Flow] CT_START Set
[14:14:52.139] ---- [Flow] CT_START Set
[14:18:31.333] ---- [Flow] CT_START Set
[14:18:31.556] ---- [Flow] CT_START Set
[14:18:31.808] ---- [Flow] CT_START Set
[14:20:02.626] ---- [Flow] CT_START Set
[14:20:02.916] ---- [Flow] CT_START Set
[14:58:49.825] ---- [Flow] CT_START Set
[14:58:50.175] ---- [Flow] CT_START Set
[14:58:50.477] ---- [Flow] CT_START Set
[15:23:25.791] ---- [Flow] CT_START Set
[15:23:26.310] ---- [Flow] CT_START Set
[15:23:26.625] ---- [Flow] CT_START Set
[15:29:26.928] ---- [Flow] CT_START Set
[15:29:27.378] ---- [Flow] CT_START Set
[15:29:27.664] ---- [Flow] CT_START Set
[15:29:28.633] ---- [Flow] CT_START Set
[15:29:29.488] ---- [Flow] CT_START Set
[15:29:37.435] ---- [Flow] CT_START Set
[15:50:37.605] ---- [Flow] CT_START Set
[15:50:37.984] ---- [Flow] CT_START Set
[15:50:38.251] ---- [Flow] CT_START Set
[15:50:38.951] ---- [Flow] CT_START Set
[15:58:10.704] ---- [Flow] CT_START Set
[15:58:10.972] ---- [Flow] CT_START Set
[15:58:11.847] ---- [Flow] CT_START Set
[15:58:12.727] ---- [Flow] CT_START Set
[16:00:58.677] ---- [Flow] CT_START Set
[16:00:58.998] ---- [Flow] CT_START Set
[16:10:55.897] ---- [Flow] CT_STOP Set
[16:10:55.919] ---- [Event] Auto : CT_STOP
[16:10:55.920] --------- [Monitor] StopTasks() : before m_stopped
[16:10:56.012] --------- [Monitor] StopTasks() : m_stopped
[16:10:56.014] [m_nState] AutoStop State
[16:13:14.657] ---- [Flow] CT_START Set
[16:13:14.679] ---- [Event] AutoStop : CT_START
[16:13:14.680] [m_nState] Auto State
[16:13:15.962] ---- [Flow] CT_START Set
[16:25:49.449] ---- [Flow] CT_STOP Set
[16:25:49.471] ---- [Event] Auto : CT_STOP
[16:25:49.472] --------- [Monitor] StopTasks() : before m_stopped
[16:25:50.126] --------- [Monitor] StopTasks() : m_stopped
[16:25:50.127] [m_nState] AutoStop State
[16:26:04.201] ---- [Flow] CT_START Set
[16:26:04.223] ---- [Event] AutoStop : CT_START
[16:26:04.224] [m_nState] Auto State
[16:26:04.995] ---- [Flow] CT_START Set
[16:40:49.446] ---- [Flow] CT_STOP Set
[16:40:49.468] ---- [Event] Auto : CT_STOP
[16:40:49.469] --------- [Monitor] StopTasks() : before m_stopped
[16:40:49.570] --------- [Monitor] StopTasks() : m_stopped
[16:40:49.571] [m_nState] AutoStop State
[16:55:39.714] ---- [Flow] CT_START Set
[16:55:39.737] ---- [Event] AutoStop : CT_START
[16:55:39.738] [m_nState] Auto State
[16:55:41.137] ---- [Flow] CT_START Set
[16:55:49.477] ---- [Flow] CT_STOP Set
[16:55:49.500] ---- [Event] Auto : CT_STOP
[16:55:49.500] --------- [Monitor] StopTasks() : before m_stopped
[16:55:49.560] --------- [Monitor] StopTasks() : m_stopped
[16:55:49.561] [m_nState] AutoStop State
[17:01:01.910] ---- [Flow] CT_START Set
[17:01:01.932] ---- [Event] AutoStop : CT_START
[17:01:01.933] [m_nState] Auto State
[17:01:02.983] ---- [Flow] CT_START Set
[17:13:26.503] ---- [Flow] CT_START Set
[17:13:33.492] ---- [Flow] CT_START Set
[17:20:00.177] ---- [Flow] CT_STOP Set
[17:20:00.200] ---- [Event] Auto : CT_STOP
[17:20:00.201] --------- [Monitor] StopTasks() : before m_stopped
[17:20:00.241] ---- [Flow] CT_STOP Set
[17:20:00.245] --------- [Monitor] StopTasks() : m_stopped
[17:20:00.246] [m_nState] AutoStop State
[17:20:00.350] ---- [Flow] CT_STOP Set
