[02:55:07.314] [RightTransferStation] Move XY Axis Error
[03:07:14.242] [LeftPPStation] Load Cylinder Vacuum Error
[03:19:36.259] [RightTransferStation] Move XY Axis Error
[03:20:00.008] [LeftTransferStation] Vacuum Error
[03:31:02.889] [RightTransferStation] Move XY Axis Error
[03:31:27.031] [RightTransferStation] Move XY Axis Error
[03:40:08.258] [RightTransferStation] Move XY Axis Error
[03:40:34.208] [RightTransferStation] Move XY Axis Error
[03:51:34.882] [RightTransferStation] Move XY Axis Error
[03:52:04.080] [RightTransferStation] Move XY Axis Error
[03:52:28.512] [RightTransferStation] Move XY Axis Error
[03:52:52.846] [RightTransferStation] Move XY Axis Error
[05:09:05.365] [LeftPPStation] Load Cylinder Vacuum Error
[05:32:19.295] [LeftPPStation] Load Cylinder Vacuum Error
[05:37:42.061] [RightTransferStation] Vacuum Error
[05:37:53.960] [RightTransferStation] Vacuum Error
[06:20:45.006] [RightPPStation] Load Cylinder Vacuum Error
[07:08:11.699] [LeftPPStation] Load Cylinder Up Error
[07:08:15.965] [LeftPPStation] Load Cylinder Vacuum Error
[07:19:59.648] [RightTransferStation] Move XY Axis Error
[07:20:27.500] [RightTransferStation] Move XY Axis Error
[07:32:32.389] [RightTransferStation] Move XY Axis Error
[07:33:48.769] [RightTransferStation] Move XY Axis Error
[07:54:02.061] [RightTransferStation] Move XY Axis Error
[07:54:34.739] [RightTransferStation] Move XY Axis Error
[07:55:36.266] [RightTransferStation] Move XY Axis Error
[07:55:53.617] [RightTransferStation] Move XY Axis Error
[08:18:22.174] [RightTransferStation] Move XY Axis Error
[08:19:08.139] [RightTransferStation] Move XY Axis Error
[08:19:33.223] [RightTransferStation] Move XY Axis Error
[08:19:53.908] [RightTransferStation] Move XY Axis Error
[08:33:04.651] [RightTransferStation] Move XY Axis Error
[08:33:30.836] [RightTransferStation] Move XY Axis Error
[09:05:10.580] [RightTransferStation] Move XY Axis Error
[09:05:28.088] [RightTransferStation] Move XY Axis Error
[09:56:45.227] [RightTransferStation] Move XY Axis Error
[09:56:52.603] [RightTransferStation] Move XY Axis Error
[09:56:56.068] [RightTransferStation] Move XY Axis Error
[10:07:41.734] [RightTransferStation] Move XY Axis Error
[10:08:51.740] [RightTransferStation] Move XY Axis Error
[10:36:51.644] [RightTransferStation] Move XY Axis Error
[11:19:10.698] [RightTransferStation] Move XY Axis Error
[11:30:34.390] [RightTransferStation] Move XY Axis Error
[11:30:45.340] [RightTransferStation] Move XY Axis Error
[11:30:47.304] [RightTransferStation] Move XY Axis Error
[11:30:49.455] [RightTransferStation] Move XY Axis Error
[11:41:23.301] [RightTransferStation] Move XY Axis Error
[11:41:44.089] [RightTransferStation] Move XY Axis Error
[12:49:55.138] [RightTransferStation] Move XY Axis Error
[12:52:48.196] [RightTransferStation] Move XY Axis Error
[13:13:00.837] [RightTransferStation] Move XY Axis Error
[13:13:18.913] [RightTransferStation] Move XY Axis Error
[13:14:20.328] [RightTransferStation] Move XY Axis Error
[13:36:46.895] [RightTransferStation] Move XY Axis Error
[13:38:24.797] [RightTransferStation] Move XY Axis Error
[14:40:42.956] [RightTransferStation] Move Z Axis Error
[14:40:45.217] [RightTransferStation] Move Z Axis Error
[14:41:04.906] [RightTransferStation] Move Z Axis Error
[14:42:16.581] [LeftTransferStation] Move Z Axis Error
[14:42:18.890] [LeftTransferStation] Move Z Axis Error
[14:42:46.520] [LeftTransferStation] Move Z Axis Error
[14:43:18.253] [LeftTransferStation] Move Z Axis Error
[14:43:42.486] [LeftTransferStation] Move Z Axis Error
[14:57:11.368] [RightTransferStation] Move XY Axis Error
[14:57:41.095] [RightTransferStation] Move XY Axis Error
[14:59:23.434] [RightTransferStation] Move XY Axis Error
[14:59:27.166] [RightTransferStation] Move XY Axis Error
[14:59:38.164] [RightTransferStation] Move XY Axis Error
[15:02:08.747] [RightTransferStation] Move XY Axis Error
[15:02:12.466] [RightTransferStation] Move XY Axis Error
[15:02:15.561] [RightTransferStation] Move XY Axis Error
[15:02:27.242] [RightTransferStation] Move XY Axis Error
[15:23:38.428] [RightTransferStation] Move XY Axis Error
[15:23:47.609] [RightTransferStation] Move XY Axis Error
[15:24:29.134] [RightTransferStation] Move XY Axis Error
[16:16:01.084] [RightTransferStation] Move XY Axis Error
[16:16:58.045] [RightTransferStation] Move XY Axis Error
[16:17:02.114] [RightTransferStation] Move XY Axis Error
[16:17:33.875] [RightTransferStation] Move XY Axis Error
[16:51:25.734] [RightTransferStation] Move XY Axis Error
[16:51:40.234] [RightTransferStation] Move XY Axis Error
[16:51:42.310] [RightTransferStation] Move XY Axis Error
[17:13:07.585] [RightTransferStation] Move XY Axis Error
[17:14:04.399] [RightTransferStation] Move XY Axis Error
[18:14:25.772] [RightTransferStation] Move XY Axis Error
[18:15:20.369] [RightTransferStation] Move XY Axis Error
[18:17:42.875] [RightTransferStation] Move XY Axis Error
[18:17:47.610] [RightTransferStation] Move XY Axis Error
[18:17:49.547] [RightTransferStation] Move XY Axis Error
[18:17:52.472] [RightTransferStation] Move XY Axis Error
[18:40:00.349] [RightPPStation] Load Cylinder Vacuum Error
[19:04:50.301] [RightTransferStation] Move XY Axis Error
[19:05:35.558] [RightTransferStation] Move XY Axis Error
[19:23:30.319] [RightTransferStation] Move XY Axis Error
[19:23:35.421] [RightTransferStation] Move XY Axis Error
[19:23:39.647] [RightTransferStation] Move XY Axis Error
[19:23:42.722] [RightTransferStation] Move XY Axis Error
[19:23:44.718] [RightTransferStation] Move XY Axis Error
[19:27:24.186] [RightTransferStation] Move XY Axis Error
[21:27:18.863] [MainControlStation] Left Door Open
[21:30:31.651] [MainControlStation] Left Door Open
[22:21:19.493] [MainControlStation] Right Door Open
[23:30:43.096] [RightTransferStation] Vacuum Error
[23:33:40.347] [MainControlStation] Right Door Open
