[05:59:43.558] [LeftPPStation] Load Cylinder Up Error
[05:59:45.566] [LeftPPStation] Load Cylinder Vacuum Error
[06:02:19.358] [LeftPPStation] Load Cylinder Up Error
[06:02:22.431] [LeftPPStation] Load Cylinder Vacuum Error
[08:23:53.481] [LeftPPStation] Unload Cylinder Up Error
[08:57:44.210] [RightPPStation] Load Buffer Set Exist
[08:58:06.191] [RightTransferStation] Vacuum Error
[10:31:30.493] [LeftPPStation] Unload Cylinder Up Error
[10:38:46.013] [LeftPPStation] Unload Cylinder Up Error
[11:01:42.113] [LeftPPStation] Unload Cylinder Up Error
[11:19:45.667] [LeftPPStation] Unload Cylinder Up Error
[11:19:53.437] [LeftPPStation] Unload Cylinder Up Error
[11:19:57.494] [LeftPPStation] Unload Cylinder Vacuum Error
[13:10:47.288] [LeftPPStation] Unload Cylinder Up Error
[13:11:10.709] [LeftPPStation] Unload Cylinder Up Error
[13:11:13.792] [LeftPPStation] Unload Cylinder Vacuum Error
[13:19:12.804] [LeftPPStation] Unload Cylinder Up Error
[13:19:22.056] [LeftPPStation] Unload Cylinder Up Error
[13:19:28.677] [LeftPPStation] Unload Cylinder Vacuum Error
[13:21:16.579] [RightTransferStation] Vacuum Error
[13:40:20.299] [RightPPStation] Load Buffer Set Exist
[13:54:15.166] [LeftPPStation] Unload Cylinder Up Error
[13:58:00.653] [LeftPPStation] Unload Cylinder Up Error
[14:11:10.918] [RightTransferStation] Move XY Axis Error
[14:51:24.917] [LeftPPStation] Unload Cylinder Up Error
[14:51:46.898] [LeftPPStation] Unload Cylinder Up Error
[15:04:49.751] [LeftPPStation] Unload Cylinder Up Error
[15:19:09.984] [LeftPPStation] Unload Cylinder Up Error
[15:19:22.921] [LeftPPStation] Unload Cylinder Vacuum Error
[15:19:42.680] [LeftPPStation] Unload Cylinder Up Error
[15:19:50.495] [LeftPPStation] Unload Cylinder Up Error
[16:36:54.371] [RightPPStation] Load Cylinder Vacuum Error
