[05:59:06.997] ---- [Flow] CT_START Set
[05:59:07.020] ---- [Event] AutoStop : CT_START
[05:59:07.021] [m_nState] Auto State
[05:59:07.739] ---- [Flow] CT_START Set
[05:59:44.326] ---- [Flow] CT_START Set
[05:59:46.518] ---- [Flow] CT_START Set
[06:02:21.285] ---- [Flow] CT_START Set
[06:02:21.466] ---- [Flow] CT_START Set
[06:33:47.499] ---- [Flow] CT_START Set
[06:34:12.942] ---- [Flow] CT_START Set
[06:35:28.510] ---- [Flow] CT_START Set
[06:56:40.014] ---- [Flow] CT_STOP Set
[06:56:40.037] ---- [Event] Auto : CT_STOP
[06:56:40.038] --------- [Monitor] StopTasks() : before m_stopped
[06:56:40.106] --------- [Monitor] StopTasks() : m_stopped
[06:56:40.107] [m_nState] AutoStop State
[07:00:10.120] ---- [Flow] CT_START Set
[07:00:10.142] ---- [Event] AutoStop : CT_START
[07:00:10.143] [m_nState] Auto State
[07:00:10.648] ---- [Flow] CT_START Set
[08:23:56.393] ---- [Flow] CT_START Set
[08:57:52.125] ---- [Flow] CT_START Set
[08:58:08.440] ---- [Flow] CT_START Set
[09:29:55.773] ---- [Flow] CT_STOP Set
[09:29:55.795] ---- [Event] Auto : CT_STOP
[09:29:55.796] --------- [Monitor] StopTasks() : before m_stopped
[09:29:56.491] --------- [Monitor] StopTasks() : m_stopped
[09:29:56.492] [m_nState] AutoStop State
[09:38:49.857] ---- [Flow] CT_START Set
[09:38:49.879] ---- [Event] AutoStop : CT_START
[09:38:50.214] [m_nState] Auto State
[09:38:50.750] ---- [Flow] CT_START Set
[10:31:35.764] ---- [Flow] CT_START Set
[10:38:49.465] ---- [Flow] CT_START Set
[11:01:46.603] ---- [Flow] CT_START Set
[11:19:48.376] ---- [Flow] CT_START Set
[11:19:56.237] ---- [Flow] CT_START Set
[11:19:58.206] ---- [Flow] CT_START Set
[11:39:49.753] ---- [Flow] CT_STOP Set
[11:39:49.776] ---- [Event] Auto : CT_STOP
[11:39:49.777] --------- [Monitor] StopTasks() : before m_stopped
[11:39:49.823] --------- [Monitor] StopTasks() : m_stopped
[11:39:49.824] [m_nState] AutoStop State
[12:30:11.509] ---- [Flow] CT_START Set
[12:30:11.532] ---- [Event] AutoStop : CT_START
[12:30:11.533] [m_nState] Auto State
[12:30:13.364] ---- [Flow] CT_START Set
[13:11:04.699] ---- [Flow] CT_START Set
[13:11:12.596] ---- [Flow] CT_START Set
[13:11:12.708] ---- [Flow] CT_START Set
[13:19:16.463] ---- [Flow] CT_START Set
[13:19:24.286] ---- [Flow] CT_START Set
[13:19:30.102] ---- [Flow] CT_START Set
[13:21:07.110] ---- [Flow] CT_START Set
[13:21:18.899] ---- [Flow] CT_START Set
[13:36:33.206] ---- [Flow] CT_START Set
[13:39:33.383] ---- [Flow] CT_START Set
[13:40:30.550] ---- [Flow] CT_START Set
[13:40:33.032] ---- [Flow] CT_START Set
[13:40:33.165] ---- [Flow] CT_START Set
[13:40:38.941] ---- [Flow] CT_START Set
[13:54:21.472] ---- [Flow] CT_START Set
[13:54:26.209] ---- [Flow] CT_START Set
[13:58:12.778] ---- [Flow] CT_START Set
[13:58:12.876] ---- [Flow] CT_START Set
[14:11:18.163] ---- [Flow] CT_START Set
[14:30:21.613] ---- [Flow] CT_STOP Set
[14:30:21.635] ---- [Event] Auto : CT_STOP
[14:30:21.636] --------- [Monitor] StopTasks() : before m_stopped
[14:30:21.674] ---- [Flow] CT_STOP Set
[14:30:21.718] ---- [Flow] CT_STOP Set
[14:30:21.751] --------- [Monitor] StopTasks() : m_stopped
[14:30:21.752] [m_nState] AutoStop State
[14:51:02.832] ---- [Flow] CT_START Set
[14:51:02.854] ---- [Event] AutoStop : CT_START
[14:51:02.855] [m_nState] Auto State
[14:51:03.699] ---- [Flow] CT_START Set
[14:51:41.563] ---- [Flow] CT_START Set
[14:52:17.099] ---- [Flow] CT_START Set
[14:52:28.552] ---- [Flow] CT_START Set
[15:04:55.598] ---- [Flow] CT_START Set
[15:19:20.397] ---- [Flow] CT_START Set
[15:19:24.073] ---- [Flow] CT_START Set
[15:19:44.959] ---- [Flow] CT_START Set
[15:19:54.584] ---- [Flow] CT_START Set
[15:19:54.765] ---- [Flow] CT_START Set
[16:10:06.806] ---- [Flow] CT_START Set
[16:36:53.982] ---- [Flow] CT_START Set
[16:36:55.230] ---- [Flow] CT_START Set
[17:01:29.125] ---- [Flow] CT_STOP Set
[17:01:29.147] ---- [Event] Auto : CT_STOP
[17:01:29.148] --------- [Monitor] StopTasks() : before m_stopped
[17:01:29.157] --------- [Monitor] StopTasks() : m_stopped
[17:01:29.158] [m_nState] AutoStop State
