[00:01:26.091] ---- [Flow] CT_START Set
[00:01:29.207] ---- [Flow] CT_START Set
[00:02:45.152] ---- [Flow] CT_START Set
[00:02:47.890] ---- [Flow] CT_START Set
[00:03:13.178] ---- [Flow] CT_START Set
[00:03:14.669] ---- [Flow] CT_START Set
[00:15:26.621] ---- [Flow] CT_START Set
[00:15:28.589] ---- [Flow] CT_START Set
[00:21:51.796] ---- [Flow] CT_START Set
[00:21:55.221] ---- [Flow] CT_START Set
[00:29:36.209] ---- [Flow] CT_STOP Set
[00:29:36.232] ---- [Event] Auto : CT_STOP
[00:29:36.232] --------- [Monitor] StopTasks() : before m_stopped
[00:29:36.411] ---- [Flow] CT_STOP Set
[00:29:36.455] ---- [Flow] CT_STOP Set
[00:29:37.147] --------- [Monitor] StopTasks() : m_stopped
[00:29:37.147] [m_nState] AutoStop State
[00:38:24.876] ---- [Flow] CT_START Set
[00:38:24.898] ---- [Event] AutoStop : CT_START
[00:38:24.898] [m_nState] Auto State
[00:38:25.592] ---- [Flow] CT_START Set
[00:41:40.856] ---- [Flow] CT_START Set
[00:41:43.022] ---- [Flow] CT_START Set
[00:53:14.912] ---- [Flow] CT_START Set
[00:53:17.045] ---- [Flow] CT_START Set
[01:03:20.856] ---- [Flow] CT_START Set
[01:03:21.212] ---- [Flow] CT_START Set
[01:03:37.761] ---- [Flow] CT_START Set
[01:03:39.704] ---- [Flow] CT_START Set
[01:17:49.581] ---- [Flow] CT_START Set
[01:17:51.294] ---- [Flow] CT_START Set
[01:19:26.565] ---- [Flow] CT_START Set
[01:19:28.812] ---- [Flow] CT_START Set
[01:22:46.520] ---- [Flow] CT_START Set
[01:22:48.176] ---- [Flow] CT_START Set
[01:29:43.198] ---- [Flow] CT_START Set
[01:29:45.532] ---- [Flow] CT_START Set
[01:38:29.200] ---- [Flow] CT_START Set
[01:38:30.732] ---- [Flow] CT_START Set
[01:39:44.657] ---- [Flow] CT_START Set
[01:39:58.679] ---- [Flow] CT_START Set
[01:45:02.846] ---- [Flow] CT_START Set
[01:45:04.254] ---- [Flow] CT_START Set
[01:47:33.096] ---- [Flow] CT_START Set
[01:47:35.383] ---- [Flow] CT_START Set
[01:47:48.582] ---- [Flow] CT_START Set
[01:47:50.555] ---- [Flow] CT_START Set
[01:54:24.288] ---- [Flow] CT_START Set
[01:54:25.708] ---- [Flow] CT_START Set
[01:55:02.721] ---- [Flow] CT_START Set
[01:55:04.959] ---- [Flow] CT_START Set
[02:07:40.921] ---- [Flow] CT_START Set
[02:07:42.916] ---- [Flow] CT_START Set
[02:29:29.164] ---- [Flow] CT_STOP Set
[02:29:29.185] ---- [Event] Auto : CT_STOP
[02:29:29.185] --------- [Monitor] StopTasks() : before m_stopped
[02:29:29.209] --------- [Monitor] StopTasks() : m_stopped
[02:29:29.209] [m_nState] AutoStop State
[02:58:04.171] ---- [Flow] CT_START Set
[02:58:04.193] ---- [Event] AutoStop : CT_START
[02:58:04.193] [m_nState] Auto State
[02:58:04.754] ---- [Flow] CT_START Set
[03:01:50.436] ---- [Flow] CT_START Set
[03:01:50.666] ---- [Flow] CT_START Set
[03:01:52.799] ---- [Flow] CT_START Set
[03:10:43.281] ---- [Flow] CT_START Set
[03:10:45.557] ---- [Flow] CT_START Set
[03:36:44.439] ---- [Flow] CT_STOP Set
[03:36:44.461] ---- [Event] Auto : CT_STOP
[03:36:44.461] --------- [Monitor] StopTasks() : before m_stopped
[03:36:44.519] --------- [Monitor] StopTasks() : m_stopped
[03:36:44.520] [m_nState] AutoStop State
[06:55:37.684] ---- [Flow] CT_START Set
[06:55:37.706] ---- [Event] AutoStop : CT_START
[06:55:37.706] [m_nState] Auto State
[06:55:38.305] ---- [Flow] CT_START Set
[07:00:34.731] ---- [Flow] CT_START Set
[07:00:35.111] ---- [Flow] CT_START Set
[07:00:35.513] ---- [Flow] CT_START Set
[07:00:39.733] ---- [Flow] CT_START Set
[07:00:42.180] ---- [Flow] CT_START Set
[07:00:44.809] ---- [Flow] CT_START Set
[07:00:46.073] ---- [Flow] CT_START Set
[07:00:50.166] ---- [Flow] CT_START Set
[07:00:52.457] ---- [Flow] CT_START Set
[07:00:54.828] ---- [Flow] CT_START Set
[07:01:46.554] ---- [Flow] CT_START Set
[07:01:48.432] ---- [Flow] CT_START Set
[07:06:04.562] ---- [Flow] CT_START Set
[07:06:06.646] ---- [Flow] CT_START Set
[07:15:02.056] ---- [Flow] CT_START Set
[08:37:17.043] ---- [Flow] CT_START Set
[08:37:17.646] ---- [Flow] CT_START Set
[08:37:17.897] ---- [Flow] CT_START Set
[09:29:54.370] ---- [Flow] CT_STOP Set
[09:29:54.391] ---- [Event] Auto : CT_STOP
[09:29:54.391] --------- [Monitor] StopTasks() : before m_stopped
[09:29:54.416] --------- [Monitor] StopTasks() : m_stopped
[09:29:54.417] [m_nState] AutoStop State
[09:37:33.583] ---- [Flow] CT_START Set
[09:37:33.605] ---- [Event] AutoStop : CT_START
[09:37:33.605] [m_nState] Auto State
[09:37:34.410] ---- [Flow] CT_START Set
[09:45:20.849] ---- [Flow] CT_START Set
[09:45:21.286] ---- [Flow] CT_START Set
[10:44:43.522] ---- [Flow] CT_START Set
[10:44:43.809] ---- [Flow] CT_START Set
[10:44:44.213] ---- [Flow] CT_START Set
[10:44:46.639] ---- [Flow] CT_START Set
[10:44:50.819] ---- [Flow] CT_START Set
[10:45:06.388] ---- [Flow] CT_START Set
[10:45:10.113] ---- [Flow] CT_START Set
[10:45:36.054] ---- [Flow] CT_START Set
[10:45:36.389] ---- [Flow] CT_START Set
[10:51:03.917] ---- [Flow] CT_START Set
[10:51:07.038] ---- [Flow] CT_START Set
[10:51:08.346] ---- [Flow] CT_START Set
[10:51:23.473] ---- [Flow] CT_START Set
[10:51:24.989] ---- [Flow] CT_START Set
[11:39:35.600] ---- [Flow] CT_STOP Set
[11:39:35.622] ---- [Event] Auto : CT_STOP
[11:39:35.622] --------- [Monitor] StopTasks() : before m_stopped
[11:39:35.642] --------- [Monitor] StopTasks() : m_stopped
[11:39:35.643] [m_nState] AutoStop State
[12:27:53.856] ---- [Flow] CT_START Set
[12:27:53.877] ---- [Event] AutoStop : CT_START
[12:27:53.877] [m_nState] Auto State
[12:27:56.766] ---- [Flow] CT_START Set
[12:38:20.232] ---- [Flow] CT_START Set
[12:38:20.683] ---- [Flow] CT_START Set
[12:54:23.525] ---- [Flow] CT_START Set
[12:54:23.845] ---- [Flow] CT_START Set
[12:54:48.750] ---- [Flow] CT_START Set
[12:54:49.116] ---- [Flow] CT_START Set
[12:54:55.724] ---- [Flow] CT_START Set
[12:56:07.382] ---- [Flow] CT_START Set
[12:56:07.690] ---- [Flow] CT_START Set
[13:00:36.607] ---- [Flow] CT_START Set
[13:00:38.257] ---- [Flow] CT_START Set
[13:37:37.895] ---- [Flow] CT_START Set
[13:37:38.195] ---- [Flow] CT_START Set
[13:37:40.219] ---- [Flow] CT_START Set
[14:10:13.417] ---- [Flow] CT_START Set
[14:10:13.758] ---- [Flow] CT_START Set
[14:10:14.092] ---- [Flow] CT_START Set
[14:10:37.521] ---- [Flow] CT_START Set
[14:10:38.185] ---- [Flow] CT_START Set
[14:10:38.557] ---- [Flow] CT_START Set
[14:24:17.203] ---- [Flow] CT_START Set
[14:24:17.594] ---- [Flow] CT_START Set
[14:30:47.331] ---- [Flow] CT_STOP Set
[14:30:47.352] ---- [Event] Auto : CT_STOP
[14:30:47.352] --------- [Monitor] StopTasks() : before m_stopped
[14:30:47.386] --------- [Monitor] StopTasks() : m_stopped
[14:30:47.386] [m_nState] AutoStop State
[14:30:47.394] ---- [Flow] CT_STOP Set
[14:38:33.813] ---- [Flow] CT_START Set
[14:38:33.834] ---- [Event] AutoStop : CT_START
[14:38:33.834] [m_nState] Auto State
[14:38:34.770] ---- [Flow] CT_START Set
[14:39:38.344] ---- [Flow] CT_START Set
[14:39:38.770] ---- [Flow] CT_START Set
[14:39:39.310] ---- [Flow] CT_START Set
[14:42:39.325] ---- [Flow] CT_START Set
[14:42:39.896] ---- [Flow] CT_START Set
[14:42:41.163] ---- [Flow] CT_START Set
[14:42:45.964] ---- [Flow] CT_START Set
[14:42:56.875] ---- [Flow] CT_START Set
[14:42:57.191] ---- [Flow] CT_START Set
[14:43:13.725] ---- [Flow] CT_START Set
[14:43:13.971] ---- [Flow] CT_START Set
[14:43:18.231] ---- [Flow] CT_START Set
[14:43:25.356] ---- [Flow] CT_START Set
[14:43:33.998] ---- [Flow] CT_START Set
[14:43:34.360] ---- [Flow] CT_START Set
[14:55:34.949] ---- [Flow] CT_START Set
[14:59:35.805] ---- [Flow] CT_START Set
[14:59:36.523] ---- [Flow] CT_START Set
[14:59:36.880] ---- [Flow] CT_START Set
[14:59:39.956] ---- [Flow] CT_START Set
[14:59:53.093] ---- [Flow] CT_START Set
[14:59:53.600] ---- [Flow] CT_START Set
[14:59:55.440] ---- [Flow] CT_START Set
[16:08:18.262] ---- [Flow] CT_START Set
[16:08:18.697] ---- [Flow] CT_START Set
[16:08:19.084] ---- [Flow] CT_START Set
[16:09:21.227] ---- [Flow] CT_STOP Set
[16:09:21.249] ---- [Event] Auto : CT_STOP
[16:09:21.249] --------- [Monitor] StopTasks() : before m_stopped
[16:09:21.273] --------- [Monitor] StopTasks() : m_stopped
[16:09:21.273] [m_nState] AutoStop State
[16:09:21.349] ---- [Flow] CT_STOP Set
[16:17:56.942] ---- [Flow] CT_START Set
[16:17:56.964] ---- [Event] AutoStop : CT_START
[16:17:56.964] [m_nState] Auto State
[16:17:57.724] ---- [Flow] CT_START Set
[17:13:57.798] ---- [Flow] CT_START Set
[17:13:58.309] ---- [Flow] CT_START Set
[17:20:33.660] ---- [Flow] CT_START Set
[17:20:34.194] ---- [Flow] CT_START Set
[17:20:46.502] ---- [Flow] CT_START Set
[17:20:59.697] ---- [Flow] CT_START Set
[17:40:17.861] ---- [Flow] CT_START Set
[17:40:18.243] ---- [Flow] CT_START Set
[18:09:51.804] ---- [Flow] CT_STOP Set
[18:09:51.826] ---- [Event] Auto : CT_STOP
[18:09:51.826] --------- [Monitor] StopTasks() : before m_stopped
[18:09:51.834] --------- [Monitor] StopTasks() : m_stopped
[18:09:51.834] [m_nState] AutoStop State
[18:09:51.857] ---- [Flow] CT_STOP Set
[18:09:51.889] ---- [Flow] CT_STOP Set
[18:57:32.979] ---- [Flow] CT_START Set
[18:57:33.000] ---- [Event] AutoStop : CT_START
[18:57:33.000] [m_nState] Auto State
[18:57:33.819] ---- [Flow] CT_START Set
[19:01:44.716] ---- [Flow] CT_START Set
[19:01:46.205] ---- [Flow] CT_START Set
[19:10:58.234] ---- [Flow] CT_START Set
[19:11:00.273] ---- [Flow] CT_START Set
[19:11:37.484] ---- [Flow] CT_START Set
[19:11:40.116] ---- [Flow] CT_START Set
[19:20:20.205] ---- [Flow] CT_STOP Set
[19:20:20.226] ---- [Event] Auto : CT_STOP
[19:20:20.226] --------- [Monitor] StopTasks() : before m_stopped
[19:20:20.327] ---- [Flow] CT_STOP Set
[19:20:20.371] ---- [Flow] CT_STOP Set
[19:20:20.496] --------- [Monitor] StopTasks() : m_stopped
[19:20:20.496] [m_nState] AutoStop State
[19:27:59.971] ---- [Flow] CT_START Set
[19:27:59.993] ---- [Event] AutoStop : CT_START
[19:27:59.993] [m_nState] Auto State
[19:28:00.803] ---- [Flow] CT_START Set
[20:05:12.453] ---- [Flow] CT_START Set
[20:05:14.215] ---- [Flow] CT_START Set
[20:11:27.071] ---- [Flow] CT_START Set
[20:11:27.320] ---- [Flow] CT_START Set
[20:11:29.375] ---- [Flow] CT_START Set
[20:12:11.765] ---- [Flow] CT_START Set
[20:12:13.882] ---- [Flow] CT_START Set
[20:27:12.468] ---- [Flow] CT_START Set
[20:27:14.637] ---- [Flow] CT_START Set
[20:33:06.166] ---- [Flow] CT_START Set
[20:33:07.475] ---- [Flow] CT_START Set
[21:17:33.379] ---- [Flow] CT_START Set
[21:17:35.306] ---- [Flow] CT_START Set
[21:24:10.115] ---- [Flow] CT_START Set
[21:24:11.852] ---- [Flow] CT_START Set
[21:39:23.987] ---- [Flow] CT_START Set
[21:39:25.108] ---- [Flow] CT_START Set
[21:46:30.315] ---- [Flow] CT_START Set
[21:46:31.757] ---- [Flow] CT_START Set
[21:54:40.558] ---- [Flow] CT_START Set
[21:54:41.833] ---- [Flow] CT_START Set
[21:55:38.687] ---- [Flow] CT_START Set
[21:55:40.589] ---- [Flow] CT_START Set
[21:59:25.947] ---- [Flow] CT_STOP Set
[21:59:25.968] ---- [Event] Auto : CT_STOP
[21:59:25.968] --------- [Monitor] StopTasks() : before m_stopped
[21:59:26.065] --------- [Monitor] StopTasks() : m_stopped
[21:59:26.066] [m_nState] AutoStop State
[22:08:15.875] ---- [Flow] CT_START Set
[22:08:15.896] ---- [Event] AutoStop : CT_START
[22:08:15.896] [m_nState] Auto State
[22:08:17.288] ---- [Flow] CT_START Set
[22:12:21.054] ---- [Flow] CT_START Set
[22:12:21.407] ---- [Flow] CT_START Set
[22:12:42.408] ---- [Flow] CT_START Set
[22:12:44.532] ---- [Flow] CT_START Set
[22:19:22.249] ---- [Flow] CT_START Set
[22:19:27.298] ---- [Flow] CT_START Set
[22:20:10.689] ---- [Flow] CT_START Set
[22:20:12.559] ---- [Flow] CT_START Set
[22:20:27.625] ---- [Flow] CT_START Set
[22:20:29.191] ---- [Flow] CT_START Set
[22:21:40.241] ---- [Flow] CT_START Set
[22:21:42.104] ---- [Flow] CT_START Set
[22:23:20.855] ---- [Flow] CT_START Set
[22:23:22.999] ---- [Flow] CT_START Set
[22:28:34.487] ---- [Flow] CT_START Set
[22:28:35.855] ---- [Flow] CT_START Set
[22:36:39.358] ---- [Flow] CT_START Set
[22:36:41.419] ---- [Flow] CT_START Set
[22:36:57.045] ---- [Flow] CT_START Set
[22:36:58.462] ---- [Flow] CT_START Set
[22:37:14.830] ---- [Flow] CT_START Set
[22:37:15.993] ---- [Flow] CT_START Set
[22:37:40.483] ---- [Flow] CT_START Set
[22:37:42.133] ---- [Flow] CT_START Set
[22:39:34.613] ---- [Flow] CT_START Set
[22:39:36.283] ---- [Flow] CT_START Set
[22:42:41.140] ---- [Flow] CT_START Set
[22:42:42.505] ---- [Flow] CT_START Set
[22:42:59.213] ---- [Flow] CT_START Set
[22:43:00.188] ---- [Flow] CT_START Set
[22:43:39.556] ---- [Flow] CT_START Set
[22:43:40.605] ---- [Flow] CT_START Set
[22:44:26.891] ---- [Flow] CT_START Set
[22:44:28.062] ---- [Flow] CT_START Set
[22:45:39.036] ---- [Flow] CT_START Set
[22:45:40.548] ---- [Flow] CT_START Set
[22:49:49.537] ---- [Flow] CT_START Set
[22:49:51.017] ---- [Flow] CT_START Set
[22:50:58.282] ---- [Flow] CT_START Set
[22:51:00.167] ---- [Flow] CT_START Set
[22:57:27.216] ---- [Flow] CT_START Set
[22:57:29.227] ---- [Flow] CT_START Set
[23:04:23.220] ---- [Flow] CT_START Set
[23:04:24.649] ---- [Flow] CT_START Set
[23:04:41.288] ---- [Flow] CT_START Set
[23:04:42.627] ---- [Flow] CT_START Set
[23:12:44.205] ---- [Flow] CT_START Set
[23:12:46.003] ---- [Flow] CT_START Set
[23:15:16.692] ---- [Flow] CT_START Set
[23:15:17.957] ---- [Flow] CT_START Set
[23:31:48.215] ---- [Flow] CT_START Set
[23:31:56.541] ---- [Flow] CT_START Set
[23:32:06.059] ---- [Flow] CT_START Set
[23:32:09.144] ---- [Flow] CT_START Set
[23:32:17.868] ---- [Flow] CT_START Set
