[02:50:30.291] [LeftPPStation] Unload Cylinder Vacuum Error
[05:40:58.139] [LeftTransferStation] Vacuum Error
[05:41:44.753] [LeftTransferStation] Vacuum Error
[06:11:23.714] [RightTransferStation] Move Z Axis Error
[06:11:26.173] [RightTransferStation] Move Z Axis Error
[07:39:56.667] [LeftTransferStation] Vacuum Error
[07:40:06.752] [LeftTransferStation] Vacuum Error
[13:17:43.408] [RightTransferStation] Vacuum Error
[13:18:31.572] [LeftPPStation] Load Buffer Set Exist
[14:41:15.500] [LeftTransferStation] Move Z Axis Error
[14:41:22.588] [LeftTransferStation] Move Z Axis Error
[14:42:10.885] [LeftTransferStation] Vacuum Error
[14:42:17.299] [LeftTransferStation] Vacuum Error
[16:01:34.563] [LeftPPStation] Unload Cylinder Up Error
[16:05:56.193] [LeftPPStation] Unload Cylinder Up Error
[16:06:04.745] [LeftPPStation] Unload Cylinder Up Error
[16:21:30.266] [LeftPPStation] Unload Cylinder Up Error
[16:45:24.629] [LeftPPStation] Unload Cylinder Up Error
[17:11:52.711] [LeftPPStation] Unload Cylinder Up Error
[17:12:02.126] [LeftPPStation] Unload Cylinder Up Error
[17:12:09.910] [LeftPPStation] Unload Cylinder Up Error
[17:15:03.963] [LeftPPStation] Unload Cylinder Up Error
[17:15:13.010] [LeftPPStation] Unload Cylinder Up Error
[17:15:19.832] [LeftPPStation] Unload Cylinder Up Error
[17:15:24.501] [LeftPPStation] Unload Cylinder Vacuum Error
[17:39:05.237] [LeftPPStation] Unload Cylinder Up Error
[19:13:46.153] [LeftTransferStation] Vacuum Error
[19:13:56.491] [LeftTransferStation] Vacuum Error
[19:18:39.341] [LeftPPStation] Unload Cylinder Up Error
[20:03:52.877] [RightPPStation] Load Buffer Set Exist
[20:04:10.261] [RightTransferStation] Vacuum Error
[20:07:28.598] [LeftPPStation] Unload Cylinder Up Error
