[02:19:42.765] ---- [Flow] CT_START Set
[02:41:10.299] ---- [Flow] CT_STOP Set
[02:41:10.322] ---- [Event] Auto : CT_STOP
[02:41:10.323] --------- [Monitor] StopTasks() : before m_stopped
[02:41:10.382] --------- [Monitor] StopTasks() : m_stopped
[02:41:10.383] [m_nState] AutoStop State
[02:41:10.745] ---- [Flow] CT_STOP Set
[02:41:10.771] ---- [Flow] CT_STOP Set
[02:41:10.783] ---- [Flow] CT_STOP Set
[02:41:10.806] ---- [Flow] CT_STOP Set
[02:41:10.932] ---- [Flow] CT_STOP Set
[02:41:10.947] ---- [Flow] CT_STOP Set
[02:41:10.971] ---- [Flow] CT_STOP Set
[02:41:25.403] ---- [Flow] CT_START Set
[02:41:25.425] ---- [Event] AutoStop : CT_START
[02:41:25.426] [m_nState] Auto State
[02:41:26.210] ---- [Flow] CT_START Set
[02:50:33.907] ---- [Flow] CT_START Set
[03:59:47.818] ---- [Flow] CT_STOP Set
[03:59:47.840] ---- [Event] Auto : CT_STOP
[03:59:47.841] --------- [Monitor] StopTasks() : before m_stopped
[03:59:47.849] --------- [Monitor] StopTasks() : m_stopped
[03:59:47.850] [m_nState] AutoStop State
[03:59:47.941] ---- [Flow] CT_STOP Set
[03:59:48.000] ---- [Flow] CT_STOP Set
[03:59:48.529] ---- [Flow] CT_STOP Set
[03:59:48.556] ---- [Flow] CT_STOP Set
[03:59:48.570] ---- [Flow] CT_STOP Set
[03:59:48.593] ---- [Flow] CT_STOP Set
[03:59:48.605] ---- [Flow] CT_STOP Set
[03:59:48.722] ---- [Flow] CT_STOP Set
[03:59:59.083] ---- [Flow] CT_START Set
[03:59:59.105] ---- [Event] AutoStop : CT_START
[03:59:59.106] [m_nState] Auto State
[03:59:59.847] ---- [Flow] CT_START Set
[04:39:19.706] ---- [Flow] CT_STOP Set
[04:39:19.728] ---- [Event] Auto : CT_STOP
[04:39:19.729] --------- [Monitor] StopTasks() : before m_stopped
[04:39:19.883] --------- [Monitor] StopTasks() : m_stopped
[04:39:19.884] [m_nState] AutoStop State
[04:39:19.886] ---- [Flow] CT_STOP Set
[04:39:20.449] ---- [Flow] CT_STOP Set
[04:39:20.491] ---- [Flow] CT_STOP Set
[04:39:20.516] ---- [Flow] CT_STOP Set
[04:39:20.654] ---- [Flow] CT_STOP Set
[04:39:20.728] ---- [Flow] CT_STOP Set
[04:39:44.090] ---- [Flow] CT_START Set
[04:39:44.113] ---- [Event] AutoStop : CT_START
[04:39:44.114] [m_nState] Auto State
[04:39:44.655] ---- [Flow] CT_START Set
[05:40:07.208] ---- [Flow] CT_STOP Set
[05:40:07.231] ---- [Event] Auto : CT_STOP
[05:40:07.232] --------- [Monitor] StopTasks() : before m_stopped
[05:40:07.281] --------- [Monitor] StopTasks() : m_stopped
[05:40:07.282] [m_nState] AutoStop State
[05:40:07.684] ---- [Flow] CT_STOP Set
[05:40:07.767] ---- [Flow] CT_STOP Set
[05:40:32.146] ---- [Flow] CT_START Set
[05:40:32.168] ---- [Event] AutoStop : CT_START
[05:40:32.169] [m_nState] Auto State
[05:40:49.247] ---- [Flow] CT_START Set
[05:41:04.929] ---- [Flow] CT_STOP Set
[05:41:04.958] ---- [Event] Auto : CT_STOP
[05:41:04.959] --------- [Monitor] StopTasks() : before m_stopped
[05:41:05.124] ---- [Flow] CT_STOP Set
[05:41:05.164] ---- [Flow] CT_STOP Set
[05:41:05.211] ---- [Flow] CT_STOP Set
[05:41:05.224] --------- [Monitor] StopTasks() : m_stopped
[05:41:05.225] [m_nState] AutoStop State
[05:41:05.324] ---- [Flow] CT_STOP Set
[05:41:36.068] ---- [Flow] CT_START Set
[05:41:36.094] ---- [Event] AutoStop : CT_START
[05:41:36.095] [m_nState] Auto State
[05:41:37.259] ---- [Flow] CT_START Set
[05:41:47.376] ---- [Flow] CT_START Set
[06:11:13.134] ---- [Flow] CT_START Set
[06:11:25.108] ---- [Flow] CT_START Set
[06:11:46.806] ---- [Flow] CT_START Set
[06:18:58.254] ---- [Flow] CT_START Set
[06:41:22.846] ---- [Flow] CT_STOP Set
[06:41:22.869] ---- [Event] Auto : CT_STOP
[06:41:22.870] --------- [Monitor] StopTasks() : before m_stopped
[06:41:24.172] --------- [Monitor] StopTasks() : m_stopped
[06:41:24.174] [m_nState] AutoStop State
[06:44:41.814] ---- [Flow] CT_START Set
[06:44:41.836] ---- [Event] AutoStop : CT_START
[06:44:41.837] [m_nState] Auto State
[06:44:42.450] ---- [Flow] CT_START Set
[07:39:32.694] ---- [Flow] CT_START Set
[07:39:59.546] ---- [Flow] CT_START Set
[07:40:07.136] ---- [Flow] CT_START Set
[13:17:34.714] ---- [Flow] CT_START Set
[13:17:42.197] ---- [Flow] CT_START Set
[13:17:44.171] ---- [Flow] CT_START Set
[13:18:39.295] ---- [Flow] CT_START Set
[14:41:22.255] ---- [Flow] CT_START Set
[14:42:04.226] ---- [Flow] CT_START Set
[14:42:10.425] ---- [Flow] CT_START Set
[14:42:18.689] ---- [Flow] CT_START Set
[16:01:39.523] ---- [Flow] CT_START Set
[16:05:59.071] ---- [Flow] CT_START Set
[16:06:06.039] ---- [Flow] CT_START Set
[16:21:53.595] ---- [Flow] CT_START Set
[16:47:14.792] ---- [Flow] CT_START Set
[17:11:56.253] ---- [Flow] CT_START Set
[17:12:03.925] ---- [Flow] CT_START Set
[17:12:11.904] ---- [Flow] CT_START Set
[17:12:12.010] ---- [Flow] CT_START Set
[17:15:07.504] ---- [Flow] CT_START Set
[17:15:14.333] ---- [Flow] CT_START Set
[17:15:23.404] ---- [Flow] CT_START Set
[17:15:31.171] ---- [Flow] CT_START Set
[17:39:10.224] ---- [Flow] CT_START Set
[18:37:58.465] ---- [Flow] CT_STOP Set
[18:37:58.488] ---- [Event] Auto : CT_STOP
[18:37:58.489] --------- [Monitor] StopTasks() : before m_stopped
[18:37:58.531] --------- [Monitor] StopTasks() : m_stopped
[18:37:58.532] [m_nState] AutoStop State
[18:37:58.535] ---- [Flow] CT_STOP Set
[18:38:21.760] ---- [Flow] CT_START Set
[18:38:21.783] ---- [Event] AutoStop : CT_START
[18:38:21.784] [m_nState] Auto State
[18:38:22.711] ---- [Flow] CT_START Set
[19:13:21.904] ---- [Flow] CT_START Set
[19:13:48.893] ---- [Flow] CT_START Set
[19:13:59.286] ---- [Flow] CT_START Set
[19:18:41.806] ---- [Flow] CT_START Set
[20:03:58.186] ---- [Flow] CT_START Set
[20:04:11.911] ---- [Flow] CT_START Set
[20:11:13.792] ---- [Flow] CT_START Set
[20:13:13.512] ---- [Flow] CT_START Set
[20:13:17.478] ---- [Flow] CT_STOP Set
[20:13:17.500] ---- [Event] Auto : CT_STOP
[20:13:17.501] --------- [Monitor] StopTasks() : before m_stopped
[20:13:17.586] ---- [Flow] CT_STOP Set
[20:13:18.186] --------- [Monitor] StopTasks() : m_stopped
[20:13:18.187] [m_nState] AutoStop State
[21:54:29.377] ---- [Flow] CT_START Set
[21:54:29.400] ---- [Event] AutoStop : CT_START
[21:54:29.401] [m_nState] Auto State
[21:54:30.274] ---- [Flow] CT_START Set
[22:15:00.522] ---- [Flow] CT_STOP Set
[22:15:00.544] ---- [Event] Auto : CT_STOP
[22:15:00.545] --------- [Monitor] StopTasks() : before m_stopped
[22:15:00.604] --------- [Monitor] StopTasks() : m_stopped
[22:15:00.606] [m_nState] AutoStop State
