[00:09:33.731] ---- [Flow] CT_START Set
[00:34:13.486] ---- [Flow] CT_START Set
[00:37:30.746] ---- [Flow] CT_START Set
[00:38:37.209] ---- [Flow] CT_START Set
[00:38:58.433] ---- [Flow] CT_STOP Set
[00:38:58.455] ---- [Event] Auto : CT_STOP
[00:38:58.455] --------- [Monitor] StopTasks() : before m_stopped
[00:38:58.468] --------- [Monitor] StopTasks() : m_stopped
[00:38:58.468] [m_nState] AutoStop State
[00:39:03.077] ---- [Flow] CT_START Set
[00:39:03.098] ---- [Event] AutoStop : CT_START
[00:39:03.098] [m_nState] Auto State
[00:39:03.731] ---- [Flow] CT_START Set
[00:40:40.568] ---- [Flow] CT_START Set
[01:20:42.580] ---- [Flow] CT_STOP Set
[01:20:42.601] ---- [Event] Auto : CT_STOP
[01:20:42.601] --------- [Monitor] StopTasks() : before m_stopped
[01:20:42.727] --------- [Monitor] StopTasks() : m_stopped
[01:20:42.727] [m_nState] AutoStop State
[01:29:37.971] ---- [Flow] CT_START Set
[01:29:37.993] ---- [Event] AutoStop : CT_START
[01:29:37.993] [m_nState] Auto State
[01:29:38.817] ---- [Flow] CT_START Set
[02:01:20.247] ---- [Flow] CT_START Set
[03:31:30.223] ---- [Flow] CT_START Set
[03:31:41.337] ---- [Flow] CT_START Set
[03:31:57.248] ---- [Flow] CT_START Set
[03:31:57.346] ---- [Flow] CT_START Set
[03:31:57.445] ---- [Flow] CT_START Set
[03:31:58.313] ---- [Flow] CT_START Set
[03:31:58.424] ---- [Flow] CT_START Set
[03:31:58.535] ---- [Flow] CT_START Set
[03:31:59.879] ---- [Flow] CT_START Set
[03:31:59.965] ---- [Flow] CT_START Set
[03:32:00.845] ---- [Flow] CT_START Set
[03:32:00.952] ---- [Flow] CT_START Set
[03:32:01.059] ---- [Flow] CT_START Set
[03:32:01.864] ---- [Flow] CT_START Set
[03:32:01.967] ---- [Flow] CT_START Set
[03:32:02.395] ---- [Flow] CT_START Set
[03:32:15.308] ---- [Flow] CT_START Set
[03:42:31.700] ---- [Flow] CT_START Set
[03:42:43.944] ---- [Flow] CT_START Set
[03:55:55.277] ---- [Flow] CT_START Set
[04:30:12.898] ---- [Flow] CT_STOP Set
[04:30:12.920] ---- [Event] Auto : CT_STOP
[04:30:12.920] --------- [Monitor] StopTasks() : before m_stopped
[04:30:13.391] --------- [Monitor] StopTasks() : m_stopped
[04:30:13.391] [m_nState] AutoStop State
[05:14:47.867] ---- [Flow] CT_START Set
[05:14:47.888] ---- [Event] AutoStop : CT_START
[05:14:47.888] [m_nState] Auto State
[05:14:48.674] ---- [Flow] CT_START Set
[05:15:09.243] ---- [Flow] CT_STOP Set
[05:15:09.264] ---- [Event] Auto : CT_STOP
[05:15:09.264] --------- [Monitor] StopTasks() : before m_stopped
[05:15:09.452] --------- [Monitor] StopTasks() : m_stopped
[05:15:09.452] [m_nState] AutoStop State
[05:15:46.059] ---- [Flow] CT_START Set
[05:15:46.081] ---- [Event] AutoStop : CT_START
[05:15:46.081] [m_nState] Auto State
[05:15:46.941] ---- [Flow] CT_START Set
[05:38:59.642] ---- [Flow] CT_START Set
[06:05:40.680] ---- [Flow] CT_STOP Set
[06:05:40.702] ---- [Event] Auto : CT_STOP
[06:05:40.702] --------- [Monitor] StopTasks() : before m_stopped
[06:05:40.778] --------- [Monitor] StopTasks() : m_stopped
[06:05:40.778] [m_nState] AutoStop State
[08:39:33.848] ---- [Flow] CT_START Set
[08:39:33.870] ---- [Event] AutoStop : CT_START
[08:39:33.870] [m_nState] Auto State
[08:40:13.276] ---- [Flow] CT_START Set
[08:44:36.442] ---- [Flow] CT_STOP Set
[08:44:36.465] ---- [Event] Auto : CT_STOP
[08:44:36.465] --------- [Monitor] StopTasks() : before m_stopped
[08:44:36.546] --------- [Monitor] StopTasks() : m_stopped
[08:44:36.546] [m_nState] AutoStop State
[08:44:45.102] ---- [Flow] CT_START Set
[08:44:45.124] ---- [Event] AutoStop : CT_START
[08:44:45.124] [m_nState] Auto State
[08:49:24.010] ---- [Flow] CT_START Set
[08:52:20.965] ---- [Flow] CT_STOP Set
[08:52:20.986] ---- [Event] Auto : CT_STOP
[08:52:20.986] --------- [Monitor] StopTasks() : before m_stopped
[08:52:21.051] --------- [Monitor] StopTasks() : m_stopped
[08:52:21.052] [m_nState] AutoStop State
[08:52:21.349] ---- [Flow] CT_STOP Set
[08:52:21.382] ---- [Flow] CT_STOP Set
[08:52:21.419] ---- [Flow] CT_STOP Set
[08:52:21.529] ---- [Flow] CT_STOP Set
[08:52:36.300] ---- [Flow] CT_START Set
[08:52:36.322] ---- [Event] AutoStop : CT_START
[08:52:36.322] [m_nState] Auto State
[08:52:36.946] ---- [Flow] CT_START Set
[08:53:14.110] ---- [Flow] CT_START Set
[08:53:59.364] ---- [Flow] CT_START Set
[09:07:22.315] ---- [Flow] CT_START Set
[09:07:30.164] ---- [Flow] CT_START Set
[09:15:05.092] ---- [Flow] CT_START Set
[09:18:54.830] ---- [Flow] CT_START Set
[09:19:26.935] ---- [Flow] CT_START Set
[09:19:35.510] ---- [Flow] CT_START Set
[09:20:34.944] ---- [Flow] CT_START Set
[09:21:11.604] ---- [Flow] CT_START Set
[09:21:20.711] ---- [Flow] CT_START Set
[09:26:39.383] ---- [Flow] CT_START Set
[09:39:29.092] ---- [Flow] CT_START Set
[10:02:14.009] ---- [Flow] CT_START Set
[10:02:35.291] ---- [Flow] CT_START Set
[10:02:43.163] ---- [Flow] CT_START Set
[10:03:01.109] ---- [Flow] CT_START Set
[10:03:06.581] ---- [Flow] CT_START Set
[10:04:33.928] ---- [Flow] CT_START Set
[10:04:40.140] ---- [Flow] CT_START Set
[10:05:27.577] ---- [Flow] CT_START Set
[10:10:49.534] ---- [Flow] CT_START Set
[10:14:32.525] ---- [Flow] CT_START Set
[10:18:06.817] ---- [Flow] CT_STOP Set
[10:25:51.045] [m_nState] Init State
[10:25:51.055] ---- [Monitor] Init : m_idle
[10:25:51.077] ---- [Event] Init : CT_IDLE
[10:25:51.077] [m_nState] Idle State
[10:27:42.355] ---- [Flow] CT_START Set
[10:27:42.377] ---- [Event] Idle : CT_START
[10:27:42.377] [m_nState] Auto State
[10:29:09.231] ---- [Flow] CT_START Set
[10:30:19.947] ---- [Flow] CT_START Set
[10:30:55.600] ---- [Flow] CT_START Set
[10:31:41.552] ---- [Flow] CT_START Set
[10:35:44.383] ---- [Flow] CT_START Set
[10:42:04.746] ---- [Flow] CT_START Set
[10:50:19.780] ---- [Flow] CT_START Set
[10:50:28.753] ---- [Flow] CT_START Set
[10:55:51.229] ---- [Flow] CT_START Set
[10:57:04.570] ---- [Flow] CT_START Set
[10:57:07.968] ---- [Flow] CT_START Set
[10:59:45.806] ---- [Flow] CT_START Set
[11:30:31.581] ---- [Flow] CT_STOP Set
[11:30:31.602] ---- [Event] Auto : CT_STOP
[11:30:31.602] --------- [Monitor] StopTasks() : before m_stopped
[11:30:31.713] --------- [Monitor] StopTasks() : m_stopped
[11:30:31.713] [m_nState] AutoStop State
[11:39:43.846] ---- [Flow] CT_START Set
[11:39:43.868] ---- [Event] AutoStop : CT_START
[11:39:43.868] [m_nState] Auto State
[11:39:44.693] ---- [Flow] CT_START Set
[11:46:36.794] ---- [Flow] CT_START Set
[11:55:36.165] ---- [Flow] CT_START Set
[11:58:51.372] ---- [Flow] CT_START Set
[11:59:18.470] ---- [Flow] CT_START Set
[11:59:33.821] ---- [Flow] CT_START Set
[12:01:11.664] ---- [Flow] CT_START Set
[13:01:30.887] ---- [Flow] CT_START Set
[13:10:29.069] ---- [Flow] CT_START Set
[13:12:43.145] ---- [Flow] CT_STOP Set
[13:12:43.167] ---- [Event] Auto : CT_STOP
[13:12:43.167] --------- [Monitor] StopTasks() : before m_stopped
[13:12:43.510] --------- [Monitor] StopTasks() : m_stopped
[13:12:43.510] [m_nState] AutoStop State
[13:13:10.644] ---- [Flow] CT_START Set
[13:13:10.667] ---- [Event] AutoStop : CT_START
[13:13:10.671] [m_nState] Auto State
[13:13:46.807] ---- [Flow] CT_START Set
[13:22:57.515] ---- [Flow] CT_START Set
[13:25:37.899] ---- [Flow] CT_START Set
[13:27:37.835] ---- [Flow] CT_START Set
[13:27:46.805] ---- [Flow] CT_START Set
[13:27:56.025] ---- [Flow] CT_START Set
[13:35:11.318] ---- [Flow] CT_START Set
[13:45:48.475] ---- [Flow] CT_STOP Set
[13:45:48.497] ---- [Event] Auto : CT_STOP
[13:45:48.497] --------- [Monitor] StopTasks() : before m_stopped
[13:45:48.572] --------- [Monitor] StopTasks() : m_stopped
[13:45:48.573] [m_nState] AutoStop State
[13:45:48.610] ---- [Flow] CT_STOP Set
[13:45:48.644] ---- [Flow] CT_STOP Set
[14:24:11.481] ---- [Flow] CT_START Set
[14:24:11.503] ---- [Event] AutoStop : CT_START
[14:24:11.503] [m_nState] Auto State
[14:24:14.014] ---- [Flow] CT_START Set
[14:54:20.720] ---- [Flow] CT_START Set
[15:30:56.241] ---- [Flow] CT_START Set
[15:31:24.620] ---- [Flow] CT_START Set
[15:31:48.831] ---- [Flow] CT_START Set
[15:32:17.721] ---- [Flow] CT_START Set
[15:35:10.549] ---- [Flow] CT_START Set
[15:37:41.371] ---- [Flow] CT_START Set
[15:38:51.214] ---- [Flow] CT_START Set
[16:20:24.193] ---- [Flow] CT_STOP Set
[16:20:24.216] ---- [Event] Auto : CT_STOP
[16:20:24.216] --------- [Monitor] StopTasks() : before m_stopped
[16:20:24.249] --------- [Monitor] StopTasks() : m_stopped
[16:20:24.249] [m_nState] AutoStop State
[16:28:53.649] ---- [Flow] CT_START Set
[16:28:53.671] ---- [Event] AutoStop : CT_START
[16:28:53.671] [m_nState] Auto State
[16:28:54.400] ---- [Flow] CT_START Set
[16:45:03.141] ---- [Flow] CT_START Set
[17:28:30.496] ---- [Flow] CT_START Set
[17:28:34.560] ---- [Flow] CT_START Set
[17:59:10.154] ---- [Flow] CT_STOP Set
[17:59:10.175] ---- [Event] Auto : CT_STOP
[17:59:10.175] --------- [Monitor] StopTasks() : before m_stopped
[17:59:10.201] --------- [Monitor] StopTasks() : m_stopped
[17:59:10.201] [m_nState] AutoStop State
[20:33:56.734] ---- [Flow] CT_START Set
[20:33:56.756] ---- [Event] AutoStop : CT_START
[20:33:56.756] [m_nState] Auto State
[20:33:57.617] ---- [Flow] CT_START Set
[20:34:09.320] ---- [Flow] CT_STOP Set
[20:34:09.342] ---- [Event] Auto : CT_STOP
[20:34:09.342] --------- [Monitor] StopTasks() : before m_stopped
[20:34:09.387] --------- [Monitor] StopTasks() : m_stopped
[20:34:09.387] [m_nState] AutoStop State
[20:35:08.083] ---- [Flow] CT_START Set
[20:35:08.104] ---- [Event] AutoStop : CT_START
[20:35:08.104] [m_nState] Auto State
[20:35:40.524] ---- [Flow] CT_STOP Set
[20:35:40.546] ---- [Event] Auto : CT_STOP
[20:35:40.546] --------- [Monitor] StopTasks() : before m_stopped
[20:35:40.565] --------- [Monitor] StopTasks() : m_stopped
[20:35:40.565] [m_nState] AutoStop State
[20:50:15.056] ---- [Flow] CT_START Set
[20:50:15.078] ---- [Event] AutoStop : CT_START
[20:50:15.078] [m_nState] Auto State
[20:50:17.036] ---- [Flow] CT_START Set
[20:50:18.423] ---- [Flow] CT_STOP Set
[20:50:18.444] ---- [Event] Auto : CT_STOP
[20:50:18.444] --------- [Monitor] StopTasks() : before m_stopped
[20:50:18.563] --------- [Monitor] StopTasks() : m_stopped
[20:50:18.563] [m_nState] AutoStop State
[20:56:56.207] ---- [Flow] CT_START Set
[20:56:56.228] ---- [Event] AutoStop : CT_START
[20:56:56.228] [m_nState] Auto State
[20:56:57.053] ---- [Flow] CT_START Set
[21:23:17.083] ---- [Flow] CT_START Set
[21:33:26.086] ---- [Flow] CT_START Set
[22:26:17.283] ---- [Flow] CT_START Set
[23:15:25.310] ---- [Flow] CT_START Set
[23:15:36.247] ---- [Flow] CT_START Set
[23:20:29.298] ---- [Flow] CT_STOP Set
[23:20:29.320] ---- [Event] Auto : CT_STOP
[23:20:29.320] --------- [Monitor] StopTasks() : before m_stopped
[23:20:29.347] ---- [Flow] CT_STOP Set
[23:20:29.576] --------- [Monitor] StopTasks() : m_stopped
[23:20:29.576] [m_nState] AutoStop State
[23:20:31.994] ---- [Flow] CT_START Set
[23:20:32.015] ---- [Event] AutoStop : CT_START
[23:20:32.015] [m_nState] Auto State
[23:20:33.784] ---- [Flow] CT_STOP Set
[23:20:33.805] ---- [Event] Auto : CT_STOP
[23:20:33.805] --------- [Monitor] StopTasks() : before m_stopped
[23:20:34.893] --------- [Monitor] StopTasks() : m_stopped
[23:20:34.893] [m_nState] AutoStop State
[23:30:10.276] ---- [Flow] CT_START Set
[23:30:10.298] ---- [Event] AutoStop : CT_START
[23:30:10.298] [m_nState] Auto State
[23:30:10.879] ---- [Flow] CT_START Set
