[04:32:17.460] ---- [Flow] CT_START Set
[04:32:17.484] ---- [Event] AutoStop : CT_START
[04:32:17.485] [m_nState] Auto State
[04:32:18.480] ---- [Flow] CT_START Set
[04:35:49.475] ---- [Flow] CT_START Set
[04:36:54.741] ---- [Flow] CT_START Set
[05:52:30.539] ---- [Flow] CT_STOP Set
[05:52:30.561] ---- [Event] Auto : CT_STOP
[05:52:30.562] --------- [Monitor] StopTasks() : before m_stopped
[05:52:30.686] --------- [Monitor] StopTasks() : m_stopped
[05:52:30.687] [m_nState] AutoStop State
[15:51:33.226] ---- [Flow] CT_START Set
[15:51:33.249] ---- [Event] AutoStop : CT_START
[15:51:33.250] [m_nState] Auto State
[15:51:35.275] ---- [Flow] CT_START Set
[15:51:43.538] ---- [Flow] CT_STOP Set
[15:51:43.560] ---- [Event] Auto : CT_STOP
[15:51:43.561] --------- [Monitor] StopTasks() : before m_stopped
[15:51:43.599] --------- [Monitor] StopTasks() : m_stopped
[15:51:43.600] [m_nState] AutoStop State
[15:51:43.620] ---- [Flow] CT_STOP Set
[15:51:57.077] ---- [Flow] CT_STOP Set
[15:51:57.182] ---- [Flow] CT_STOP Set
[20:49:21.131] ---- [Flow] CT_START Set
[20:49:21.154] ---- [Event] AutoStop : CT_START
[20:49:21.155] [m_nState] Auto State
[20:49:22.371] ---- [Flow] CT_START Set
[20:49:24.802] ---- [Flow] CT_START Set
[20:57:58.328] ---- [Flow] CT_START Set
[21:03:26.410] ---- [Flow] CT_START Set
[21:04:09.501] ---- [Flow] CT_START Set
[21:10:33.538] ---- [Flow] CT_START Set
[21:10:56.427] ---- [Flow] CT_START Set
[21:11:06.391] ---- [Flow] CT_START Set
[21:17:27.306] ---- [Flow] CT_START Set
[21:25:59.805] ---- [Flow] CT_START Set
[21:34:07.295] ---- [Flow] CT_START Set
[21:38:31.995] ---- [Flow] CT_START Set
[21:40:43.755] ---- [Flow] CT_START Set
[21:48:18.220] ---- [Flow] CT_START Set
[21:53:03.876] ---- [Flow] CT_START Set
[21:59:57.829] ---- [Flow] CT_STOP Set
[21:59:57.851] ---- [Event] Auto : CT_STOP
[21:59:57.852] --------- [Monitor] StopTasks() : before m_stopped
[21:59:58.363] --------- [Monitor] StopTasks() : m_stopped
[21:59:58.364] [m_nState] AutoStop State
[22:19:44.655] ---- [Flow] CT_START Set
[22:19:44.677] ---- [Event] AutoStop : CT_START
[22:19:44.678] [m_nState] Auto State
[22:19:45.427] ---- [Flow] CT_START Set
[22:21:59.673] ---- [Flow] CT_START Set
[22:23:14.651] ---- [Flow] CT_START Set
[22:23:28.838] ---- [Flow] CT_START Set
[22:29:44.393] ---- [Flow] CT_STOP Set
[22:29:44.416] ---- [Event] Auto : CT_STOP
[22:29:44.416] --------- [Monitor] StopTasks() : before m_stopped
[22:29:44.454] --------- [Monitor] StopTasks() : m_stopped
[22:29:44.455] [m_nState] AutoStop State
[22:30:27.761] ---- [Flow] CT_START Set
[22:30:27.784] ---- [Event] AutoStop : CT_START
[22:30:27.785] [m_nState] Auto State
[22:30:35.009] ---- [Flow] CT_STOP Set
[22:30:35.032] ---- [Event] Auto : CT_STOP
[22:30:35.033] --------- [Monitor] StopTasks() : before m_stopped
[22:30:35.039] --------- [Monitor] StopTasks() : m_stopped
[22:30:35.040] [m_nState] AutoStop State
[22:30:35.126] ---- [Flow] CT_STOP Set
[22:30:35.193] ---- [Flow] CT_STOP Set
[22:30:40.282] ---- [Flow] CT_START Set
[22:30:40.304] ---- [Event] AutoStop : CT_START
[22:30:40.305] [m_nState] Auto State
[22:30:41.576] ---- [Flow] CT_STOP Set
[22:30:41.598] ---- [Event] Auto : CT_STOP
[22:30:41.599] --------- [Monitor] StopTasks() : before m_stopped
[22:30:41.604] --------- [Monitor] StopTasks() : m_stopped
[22:30:41.605] [m_nState] AutoStop State
[22:34:38.400] ---- [Flow] CT_START Set
[22:34:38.422] ---- [Event] AutoStop : CT_START
[22:34:38.423] [m_nState] Auto State
[22:34:39.252] ---- [Flow] CT_START Set
[22:45:36.639] ---- [Flow] CT_START Set
[22:47:20.871] ---- [Flow] CT_START Set
[22:48:05.648] ---- [Flow] CT_START Set
[23:05:34.079] ---- [Flow] CT_START Set
[23:05:44.907] ---- [Flow] CT_START Set
[23:17:12.073] ---- [Flow] CT_START Set
[23:36:42.799] ---- [Flow] CT_STOP Set
[23:36:42.822] ---- [Event] Auto : CT_STOP
[23:36:42.823] --------- [Monitor] StopTasks() : before m_stopped
[23:36:42.911] --------- [Monitor] StopTasks() : m_stopped
[23:36:42.913] [m_nState] AutoStop State
