[09:51:59.642] [RightPPStation] Load Cylinder Vacuum Error
[09:52:18.413] [RightTransferStation] Vacuum Error
[09:52:45.348] [RightTransferStation] Vacuum Error
[09:53:46.723] [RightTransferStation] Vacuum Error
[09:53:52.119] [RightTransferStation] Vacuum Error
[09:54:04.070] [RightTransferStation] Vacuum Error
[09:54:21.763] [MainControlStation] Left Door Open
[09:54:33.994] [RightTransferStation] Vacuum Error
[09:55:37.950] [RightTransferStation] Vacuum Error
[09:56:53.892] [RightTransferStation] Vacuum Error
[21:29:36.820] [RightTransferStation] Vacuum Error
[22:46:36.305] [RightTransferStation] Move Z Axis Error
[22:46:55.448] [RightTransferStation] Move Z Axis Error
[22:48:41.732] [MainControlStation] Right Door Open
[22:58:14.617] [MainControlStation] Right Door Open
[23:03:54.738] [MainControlStation] Right Door Open
[23:12:29.411] [MainControlStation] Left Door Open
[23:12:51.078] [RightTransferStation] Move XY Axis Error
[23:13:31.673] [MainControlStation] Left Door Open
[23:17:38.878] [MainControlStation] Left Door Open
[23:21:14.658] [MainControlStation] Left Door Open
[23:24:24.388] [MainControlStation] Left Door Open
[23:29:13.410] [LeftTransferStation] Set Double Place
[23:32:34.261] [MainControlStation] Left Door Open
[23:34:00.081] [RightTransferStation] Move XY Axis Error
[23:36:09.912] [LeftTransferStation] Vacuum Error
[23:46:31.508] [LeftTransferStation] Vacuum Error
[23:48:54.209] [LeftPPStation] Unload Cylinder Vacuum Error
[23:49:40.006] [LeftTransferStation] Vacuum Error
[23:50:04.732] [LeftPPStation] Unload Cylinder Vacuum Error
[23:52:29.004] [LeftPPStation] Unload Cylinder Vacuum Error
[23:52:45.632] [LeftPPStation] Unload Cylinder Vacuum Error
[23:53:21.945] [LeftPPStation] Unload Cylinder Vacuum Error
