[00:00:59.967] ---- [Flow] CT_START Set
[00:10:22.798] ---- [Flow] CT_START Set
[00:22:29.956] ---- [Flow] CT_START Set
[00:23:55.380] ---- [Flow] CT_START Set
[00:26:39.047] ---- [Flow] CT_START Set
[00:30:06.254] ---- [Flow] CT_START Set
[00:42:02.457] ---- [Flow] CT_START Set
[00:42:33.277] ---- [Flow] CT_START Set
[00:44:35.515] ---- [Flow] CT_START Set
[00:52:15.474] ---- [Flow] CT_START Set
[01:47:24.572] ---- [Flow] CT_START Set
[01:47:35.818] ---- [Flow] CT_START Set
[01:47:35.922] ---- [Flow] CT_START Set
[01:57:04.091] ---- [Flow] CT_START Set
[01:58:12.817] ---- [Flow] CT_START Set
[01:58:44.124] ---- [Flow] CT_START Set
[02:18:00.014] ---- [Flow] CT_START Set
[02:18:12.287] ---- [Flow] CT_START Set
[02:18:13.787] ---- [Flow] CT_START Set
[02:19:22.769] ---- [Flow] CT_START Set
[02:20:35.864] ---- [Flow] CT_START Set
[02:20:41.932] ---- [Flow] CT_START Set
[02:22:45.199] ---- [Flow] CT_START Set
[02:22:55.946] ---- [Flow] CT_START Set
[02:22:59.701] ---- [Flow] CT_START Set
[02:23:01.254] ---- [Flow] CT_START Set
[02:23:06.572] ---- [Flow] CT_START Set
[02:27:42.022] ---- [Flow] CT_START Set
[02:30:52.248] ---- [Flow] CT_START Set
[02:32:27.598] ---- [Flow] CT_START Set
[02:32:33.304] ---- [Flow] CT_START Set
[02:32:47.582] ---- [Flow] CT_START Set
[02:32:47.687] ---- [Flow] CT_START Set
[02:33:57.920] ---- [Flow] CT_START Set
[02:34:57.419] ---- [Flow] CT_START Set
[02:35:03.133] ---- [Flow] CT_START Set
[02:35:53.498] ---- [Flow] CT_START Set
[02:35:58.418] ---- [Flow] CT_START Set
[02:35:59.662] ---- [Flow] CT_START Set
[02:36:02.402] ---- [Flow] CT_START Set
[02:40:30.493] ---- [Flow] CT_START Set
[02:43:49.915] ---- [Flow] CT_START Set
[02:44:13.778] ---- [Flow] CT_START Set
[02:46:16.669] ---- [Flow] CT_START Set
[02:54:31.820] ---- [Flow] CT_START Set
[02:59:12.498] ---- [Flow] CT_START Set
[03:01:55.171] ---- [Flow] CT_START Set
[03:02:02.976] ---- [Flow] CT_START Set
[03:15:44.288] ---- [Flow] CT_START Set
[03:16:49.341] ---- [Flow] CT_START Set
[03:20:31.492] ---- [Flow] CT_START Set
[03:20:41.469] ---- [Flow] CT_START Set
[03:20:49.917] ---- [Flow] CT_START Set
[03:20:50.024] ---- [Flow] CT_START Set
[03:21:29.437] ---- [Flow] CT_START Set
[03:21:38.390] ---- [Flow] CT_START Set
[03:21:45.780] ---- [Flow] CT_START Set
[03:21:45.890] ---- [Flow] CT_START Set
[03:34:19.509] ---- [Flow] CT_START Set
[03:34:54.397] ---- [Flow] CT_START Set
[03:35:25.665] ---- [Flow] CT_START Set
[03:35:40.040] ---- [Flow] CT_START Set
[03:45:45.868] ---- [Flow] CT_START Set
[03:51:08.140] ---- [Flow] CT_START Set
[03:51:59.478] ---- [Flow] CT_START Set
[03:51:59.592] ---- [Flow] CT_START Set
[03:51:59.694] ---- [Flow] CT_START Set
[03:52:08.475] ---- [Flow] CT_START Set
[04:04:39.186] ---- [Flow] CT_START Set
[04:14:38.721] ---- [Flow] CT_START Set
[04:14:50.372] ---- [Flow] CT_START Set
[04:14:50.479] ---- [Flow] CT_START Set
[04:16:47.141] ---- [Flow] CT_START Set
[04:21:02.168] ---- [Flow] CT_START Set
[04:22:56.818] ---- [Flow] CT_START Set
[04:42:14.030] ---- [Flow] CT_START Set
[04:42:23.699] ---- [Flow] CT_START Set
[04:49:17.319] ---- [Flow] CT_START Set
[04:49:19.115] ---- [Flow] CT_START Set
[04:53:19.859] ---- [Flow] CT_START Set
[04:54:00.137] ---- [Flow] CT_START Set
[04:54:13.399] ---- [Flow] CT_START Set
[04:54:36.248] ---- [Flow] CT_START Set
[04:54:51.170] ---- [Flow] CT_START Set
[04:58:15.225] ---- [Flow] CT_START Set
[05:14:52.722] ---- [Flow] CT_START Set
[05:16:51.020] ---- [Flow] CT_START Set
[05:57:47.316] ---- [Flow] CT_START Set
[06:22:09.520] ---- [Flow] CT_START Set
[06:24:57.120] ---- [Flow] CT_START Set
[06:46:45.276] ---- [Flow] CT_STOP Set
[06:46:45.299] ---- [Event] Auto : CT_STOP
[06:46:45.300] --------- [Monitor] StopTasks() : before m_stopped
[06:46:45.334] --------- [Monitor] StopTasks() : m_stopped
[06:46:45.335] [m_nState] AutoStop State
[07:06:02.995] ---- [Flow] CT_START Set
[07:06:03.017] ---- [Event] AutoStop : CT_START
[07:06:03.018] [m_nState] Auto State
[07:06:03.876] ---- [Flow] CT_START Set
[07:20:17.851] ---- [Flow] CT_START Set
[07:50:12.937] ---- [Flow] CT_START Set
[07:52:00.796] ---- [Flow] CT_START Set
[07:54:21.234] ---- [Flow] CT_START Set
[08:04:11.415] ---- [Flow] CT_START Set
[08:06:47.815] ---- [Flow] CT_START Set
[08:07:17.183] ---- [Flow] CT_START Set
[08:10:28.833] ---- [Flow] CT_START Set
[08:12:59.848] ---- [Flow] CT_START Set
[08:13:05.736] ---- [Flow] CT_START Set
[08:51:41.567] ---- [Flow] CT_START Set
[08:51:48.162] ---- [Flow] CT_START Set
[09:20:07.937] ---- [Flow] CT_START Set
[09:20:13.623] ---- [Flow] CT_START Set
[09:31:33.599] ---- [Flow] CT_START Set
[09:32:22.887] ---- [Flow] CT_STOP Set
[09:32:22.909] ---- [Event] Auto : CT_STOP
[09:32:22.910] --------- [Monitor] StopTasks() : before m_stopped
[09:32:22.944] ---- [Flow] CT_STOP Set
[09:32:22.952] --------- [Monitor] StopTasks() : m_stopped
[09:32:22.953] [m_nState] AutoStop State
[09:32:29.375] ---- [Flow] CT_START Set
[09:32:29.397] ---- [Event] AutoStop : CT_START
[09:32:29.398] [m_nState] Auto State
[09:32:30.190] ---- [Flow] CT_START Set
[09:40:43.723] ---- [Flow] CT_START Set
[09:40:48.967] ---- [Flow] CT_START Set
[09:44:17.702] ---- [Flow] CT_START Set
[09:44:24.427] ---- [Flow] CT_START Set
[09:44:48.469] ---- [Flow] CT_START Set
[09:49:36.256] ---- [Flow] CT_START Set
[09:49:44.455] ---- [Flow] CT_START Set
[09:51:55.833] ---- [Flow] CT_START Set
[09:52:35.649] ---- [Flow] CT_START Set
[09:59:16.867] ---- [Flow] CT_START Set
[10:09:49.063] ---- [Flow] CT_START Set
[10:10:14.536] ---- [Flow] CT_START Set
[10:11:08.517] ---- [Flow] CT_START Set
[10:31:02.701] ---- [Flow] CT_START Set
[10:31:04.236] ---- [Flow] CT_STOP Set
[10:31:04.259] ---- [Event] Auto : CT_STOP
[10:31:04.260] --------- [Monitor] StopTasks() : before m_stopped
[10:31:04.566] --------- [Monitor] StopTasks() : m_stopped
[10:31:04.567] [m_nState] AutoStop State
[10:31:07.545] ---- [Flow] CT_START Set
[10:31:07.567] ---- [Event] AutoStop : CT_START
[10:31:07.569] [m_nState] Auto State
[10:31:33.785] ---- [Flow] CT_START Set
[11:26:29.548] ---- [Flow] CT_START Set
[11:28:27.529] ---- [Flow] CT_STOP Set
[11:28:27.552] ---- [Event] Auto : CT_STOP
[11:28:27.553] --------- [Monitor] StopTasks() : before m_stopped
[11:28:27.636] --------- [Monitor] StopTasks() : m_stopped
[11:28:27.637] [m_nState] AutoStop State
[11:28:30.655] ---- [Flow] CT_START Set
[11:28:30.678] ---- [Event] AutoStop : CT_START
[11:28:30.679] [m_nState] Auto State
[11:28:31.164] ---- [Flow] CT_START Set
[11:58:50.602] ---- [Flow] CT_START Set
[11:59:08.450] ---- [Flow] CT_START Set
[12:16:15.535] ---- [Flow] CT_START Set
[12:16:35.229] ---- [Flow] CT_START Set
[12:17:01.623] ---- [Flow] CT_START Set
[12:17:14.495] ---- [Flow] CT_START Set
[12:48:25.232] ---- [Flow] CT_START Set
[12:48:26.478] ---- [Flow] CT_START Set
[12:48:26.852] ---- [Flow] CT_START Set
[12:48:27.217] ---- [Flow] CT_START Set
[13:15:17.596] ---- [Flow] CT_START Set
[13:15:19.121] ---- [Flow] CT_START Set
[13:17:08.392] ---- [Flow] CT_START Set
[13:20:06.916] ---- [Flow] CT_START Set
[13:20:17.565] ---- [Flow] CT_START Set
[13:30:03.239] ---- [Flow] CT_START Set
[13:50:36.163] ---- [Flow] CT_START Set
[13:50:46.195] ---- [Flow] CT_START Set
[14:05:18.110] ---- [Flow] CT_START Set
[15:49:04.507] ---- [Flow] CT_START Set
[15:49:25.614] ---- [Flow] CT_START Set
[15:49:59.618] ---- [Flow] CT_START Set
[15:51:38.150] ---- [Flow] CT_START Set
[16:23:40.412] ---- [Flow] CT_START Set
[16:24:00.342] ---- [Flow] CT_START Set
[16:32:30.135] ---- [Flow] CT_START Set
[16:32:30.656] ---- [Flow] CT_START Set
[16:32:30.994] ---- [Flow] CT_START Set
[16:37:24.717] ---- [Flow] CT_START Set
[16:38:02.636] ---- [Flow] CT_START Set
[17:10:11.557] ---- [Flow] CT_STOP Set
[17:10:11.580] ---- [Event] Auto : CT_STOP
[17:10:11.581] --------- [Monitor] StopTasks() : before m_stopped
[17:10:11.592] --------- [Monitor] StopTasks() : m_stopped
[17:10:11.593] [m_nState] AutoStop State
[17:10:11.669] ---- [Flow] CT_STOP Set
[17:10:11.703] ---- [Flow] CT_STOP Set
[17:12:38.629] ---- [Flow] CT_START Set
[17:12:38.651] ---- [Event] AutoStop : CT_START
[17:12:38.652] [m_nState] Auto State
[17:16:38.820] ---- [Flow] CT_STOP Set
[17:16:38.844] ---- [Event] Auto : CT_STOP
[17:16:38.845] --------- [Monitor] StopTasks() : before m_stopped
[17:16:38.909] --------- [Monitor] StopTasks() : m_stopped
[17:16:38.910] [m_nState] AutoStop State
[17:25:45.963] ---- [Flow] CT_START Set
[17:25:45.986] ---- [Event] AutoStop : CT_START
[17:25:45.987] [m_nState] Auto State
[17:25:46.717] ---- [Flow] CT_START Set
[17:52:48.842] ---- [Flow] CT_START Set
[18:18:07.183] ---- [Flow] CT_START Set
[18:26:11.925] ---- [Flow] CT_START Set
[19:12:00.604] ---- [Flow] CT_START Set
[19:26:23.760] ---- [Flow] CT_START Set
[19:54:13.632] ---- [Flow] CT_STOP Set
[19:54:13.654] ---- [Event] Auto : CT_STOP
[19:54:13.655] --------- [Monitor] StopTasks() : before m_stopped
[19:54:13.719] --------- [Monitor] StopTasks() : m_stopped
[19:54:13.720] [m_nState] AutoStop State
[19:54:13.806] ---- [Flow] CT_STOP Set
[19:54:13.839] ---- [Flow] CT_STOP Set
[19:54:13.877] ---- [Flow] CT_STOP Set
[19:54:13.911] ---- [Flow] CT_STOP Set
[19:54:14.014] ---- [Flow] CT_STOP Set
[19:54:14.619] ---- [Flow] CT_STOP Set
[19:54:14.652] ---- [Flow] CT_STOP Set
[19:54:14.692] ---- [Flow] CT_STOP Set
[19:54:14.727] ---- [Flow] CT_STOP Set
[20:02:15.978] ---- [Flow] CT_START Set
[20:02:16.001] ---- [Event] AutoStop : CT_START
[20:02:16.002] [m_nState] Auto State
[20:02:16.836] ---- [Flow] CT_START Set
[20:36:32.812] ---- [Flow] CT_START Set
[20:37:07.617] ---- [Flow] CT_START Set
[20:37:07.732] ---- [Flow] CT_START Set
[20:37:07.841] ---- [Flow] CT_START Set
[20:37:07.943] ---- [Flow] CT_START Set
[20:37:15.165] ---- [Flow] CT_START Set
[20:50:02.473] ---- [Flow] CT_START Set
[20:50:16.663] ---- [Flow] CT_START Set
[20:59:17.642] ---- [Flow] CT_START Set
[20:59:25.869] ---- [Flow] CT_START Set
[20:59:36.473] ---- [Flow] CT_START Set
[20:59:41.581] ---- [Flow] CT_START Set
[21:00:22.500] ---- [Flow] CT_START Set
[21:00:29.020] ---- [Flow] CT_START Set
[21:06:58.300] ---- [Flow] CT_START Set
[21:07:49.372] ---- [Flow] CT_START Set
[22:22:05.432] ---- [Flow] CT_START Set
[22:22:44.533] ---- [Flow] CT_START Set
[22:35:17.036] ---- [Flow] CT_START Set
[22:47:27.371] ---- [Flow] CT_START Set
[22:47:27.450] ---- [Flow] CT_START Set
[23:10:44.634] ---- [Flow] CT_START Set
[23:10:58.789] ---- [Flow] CT_START Set
[23:25:36.407] ---- [Flow] CT_START Set
[23:31:55.304] ---- [Flow] CT_START Set
[23:35:54.083] ---- [Flow] CT_START Set
[23:36:04.873] ---- [Flow] CT_START Set
[23:44:59.440] ---- [Flow] CT_START Set
[23:46:50.649] ---- [Flow] CT_START Set
