[06:51:04.708] ---- [Flow] CT_START Set
[06:51:04.732] ---- [Event] AutoStop : CT_START
[06:51:04.733] [m_nState] Auto State
[06:51:08.452] ---- [Flow] CT_START Set
[06:51:09.580] ---- [Flow] CT_START Set
[07:28:45.571] ---- [Flow] CT_START Set
[07:28:45.923] ---- [Flow] CT_START Set
[07:35:07.692] ---- [Flow] CT_START Set
[07:42:46.401] ---- [Flow] CT_START Set
[07:42:50.171] ---- [Flow] CT_START Set
[07:42:50.489] ---- [Flow] CT_START Set
[07:42:51.303] ---- [Flow] CT_START Set
[07:42:51.589] ---- [Flow] CT_START Set
[07:42:53.481] ---- [Flow] CT_START Set
[07:42:53.920] ---- [Flow] CT_START Set
[07:42:54.239] ---- [Flow] CT_START Set
[07:42:56.438] ---- [Flow] CT_START Set
[07:43:21.580] ---- [Flow] CT_START Set
[07:43:21.946] ---- [Flow] CT_START Set
[07:43:22.636] ---- [Flow] CT_START Set
[07:44:09.656] ---- [Flow] CT_START Set
[07:44:10.074] ---- [Flow] CT_START Set
[07:44:11.087] ---- [Flow] CT_START Set
[07:44:11.659] ---- [Flow] CT_START Set
[07:44:11.915] ---- [Flow] CT_START Set
[07:44:36.896] ---- [Flow] CT_START Set
[07:44:37.259] ---- [Flow] CT_START Set
[07:58:13.895] ---- [Flow] CT_START Set
[07:58:14.766] ---- [Flow] CT_START Set
[07:58:15.072] ---- [Flow] CT_START Set
[07:58:17.633] ---- [Flow] CT_START Set
[08:03:48.935] ---- [Flow] CT_START Set
[08:07:24.015] ---- [Flow] CT_START Set
[08:07:24.250] ---- [Flow] CT_START Set
[08:07:25.113] ---- [Flow] CT_START Set
[08:07:25.310] ---- [Flow] CT_START Set
[08:07:27.703] ---- [Flow] CT_START Set
[08:07:27.993] ---- [Flow] CT_START Set
[08:07:29.464] ---- [Flow] CT_START Set
[08:43:51.971] ---- [Flow] CT_START Set
[08:43:52.372] ---- [Flow] CT_START Set
[09:11:21.314] ---- [Flow] CT_START Set
[09:11:21.665] ---- [Flow] CT_START Set
[09:11:22.580] ---- [Flow] CT_START Set
[09:11:22.900] ---- [Flow] CT_START Set
[09:11:24.441] ---- [Flow] CT_START Set
[09:31:32.855] ---- [Flow] CT_START Set
[09:31:58.054] ---- [Flow] CT_STOP Set
[09:31:58.077] ---- [Event] Auto : CT_STOP
[09:31:58.078] --------- [Monitor] StopTasks() : before m_stopped
[09:31:58.130] --------- [Monitor] StopTasks() : m_stopped
[09:31:58.131] [m_nState] AutoStop State
[09:31:58.232] ---- [Flow] CT_STOP Set
[09:34:29.282] ---- [Flow] CT_START Set
[09:34:29.304] ---- [Event] AutoStop : CT_START
[09:34:29.305] [m_nState] Auto State
[09:34:30.329] ---- [Flow] CT_START Set
[09:37:12.974] ---- [Flow] CT_START Set
[09:41:18.851] ---- [Flow] CT_START Set
[09:41:25.399] ---- [Flow] CT_START Set
[10:13:54.334] ---- [Flow] CT_START Set
[10:13:55.188] ---- [Flow] CT_START Set
[10:20:53.509] ---- [Flow] CT_START Set
[10:21:16.446] ---- [Flow] CT_START Set
[10:21:16.776] ---- [Flow] CT_START Set
[10:21:17.525] ---- [Flow] CT_START Set
[10:24:00.756] ---- [Flow] CT_START Set
[10:28:22.946] ---- [Flow] CT_START Set
[10:28:23.244] ---- [Flow] CT_START Set
[10:28:27.155] ---- [Flow] CT_START Set
[10:28:27.513] ---- [Flow] CT_START Set
[10:28:28.182] ---- [Flow] CT_START Set
[10:28:28.474] ---- [Flow] CT_START Set
[10:28:29.392] ---- [Flow] CT_START Set
[10:28:30.133] ---- [Flow] CT_START Set
[10:28:30.356] ---- [Flow] CT_START Set
[10:33:29.228] ---- [Flow] CT_START Set
[10:33:29.560] ---- [Flow] CT_START Set
[11:14:23.426] ---- [Flow] CT_START Set
[11:14:24.212] ---- [Flow] CT_START Set
[11:14:25.184] ---- [Flow] CT_START Set
[11:14:29.013] ---- [Flow] CT_START Set
[11:19:06.636] ---- [Flow] CT_START Set
[11:19:06.920] ---- [Flow] CT_START Set
[11:19:11.207] ---- [Flow] CT_START Set
[11:19:11.536] ---- [Flow] CT_START Set
[11:19:13.450] ---- [Flow] CT_START Set
[11:19:14.912] ---- [Flow] CT_START Set
[11:19:15.562] ---- [Flow] CT_START Set
[11:19:19.899] ---- [Flow] CT_START Set
[11:33:43.393] ---- [Flow] CT_START Set
[11:36:08.578] ---- [Flow] CT_START Set
[11:40:35.338] ---- [Flow] CT_START Set
[11:40:35.691] ---- [Flow] CT_START Set
[11:40:36.539] ---- [Flow] CT_START Set
[11:41:01.624] ---- [Flow] CT_START Set
[11:41:01.963] ---- [Flow] CT_START Set
[11:41:03.206] ---- [Flow] CT_START Set
[11:43:17.277] ---- [Flow] CT_START Set
[11:43:17.583] ---- [Flow] CT_START Set
[11:43:19.326] ---- [Flow] CT_START Set
[11:43:19.599] ---- [Flow] CT_START Set
[11:43:23.855] ---- [Flow] CT_START Set
[11:43:24.808] ---- [Flow] CT_START Set
[11:45:08.154] ---- [Flow] CT_START Set
[11:45:08.512] ---- [Flow] CT_START Set
[11:48:43.793] ---- [Flow] CT_START Set
[11:48:44.030] ---- [Flow] CT_START Set
[11:48:45.436] ---- [Flow] CT_START Set
[11:48:45.823] ---- [Flow] CT_START Set
[11:48:46.527] ---- [Flow] CT_START Set
[11:48:46.843] ---- [Flow] CT_START Set
[11:48:47.153] ---- [Flow] CT_START Set
[11:48:49.625] ---- [Flow] CT_START Set
[11:56:23.653] ---- [Flow] CT_START Set
[12:02:46.900] ---- [Flow] CT_STOP Set
[12:02:46.922] ---- [Event] Auto : CT_STOP
[12:02:46.923] --------- [Monitor] StopTasks() : before m_stopped
[12:02:46.942] --------- [Monitor] StopTasks() : m_stopped
[12:02:46.943] [m_nState] AutoStop State
[12:02:47.007] ---- [Flow] CT_STOP Set
[12:08:45.376] ---- [Flow] CT_START Set
[12:08:45.399] ---- [Event] AutoStop : CT_START
[12:08:45.400] [m_nState] Auto State
[12:08:45.946] ---- [Flow] CT_START Set
[12:09:06.719] ---- [Flow] CT_STOP Set
[12:09:06.742] ---- [Event] Auto : CT_STOP
[12:09:06.743] --------- [Monitor] StopTasks() : before m_stopped
[12:09:07.242] --------- [Monitor] StopTasks() : m_stopped
[12:09:07.244] [m_nState] AutoStop State
[12:10:38.732] ---- [Flow] CT_START Set
[12:10:38.754] ---- [Event] AutoStop : CT_START
[12:10:38.755] [m_nState] Auto State
[12:10:41.856] ---- [Flow] CT_START Set
[12:20:46.272] ---- [Flow] CT_START Set
[12:20:48.737] ---- [Flow] CT_START Set
[12:42:56.399] ---- [Flow] CT_START Set
[12:42:56.654] ---- [Flow] CT_START Set
[12:42:57.539] ---- [Flow] CT_START Set
[12:42:58.609] ---- [Flow] CT_START Set
[12:43:01.644] ---- [Flow] CT_START Set
[12:43:02.461] ---- [Flow] CT_START Set
[12:43:04.302] ---- [Flow] CT_START Set
[12:43:04.580] ---- [Flow] CT_START Set
[12:43:09.298] ---- [Flow] CT_START Set
[12:43:09.570] ---- [Flow] CT_START Set
[12:43:14.496] ---- [Flow] CT_START Set
[12:43:14.756] ---- [Flow] CT_START Set
[12:43:15.657] ---- [Flow] CT_START Set
[12:43:15.883] ---- [Flow] CT_START Set
[12:43:18.368] ---- [Flow] CT_START Set
[12:53:44.512] ---- [Flow] CT_START Set
[12:57:15.242] ---- [Flow] CT_START Set
[13:16:36.837] ---- [Flow] CT_START Set
[13:16:37.145] ---- [Flow] CT_START Set
[13:16:38.255] ---- [Flow] CT_START Set
[13:16:39.468] ---- [Flow] CT_START Set
[13:16:39.769] ---- [Flow] CT_START Set
[13:16:43.358] ---- [Flow] CT_START Set
[13:19:00.288] ---- [Flow] CT_START Set
[13:19:00.618] ---- [Flow] CT_START Set
[13:19:01.724] ---- [Flow] CT_START Set
[13:19:03.114] ---- [Flow] CT_START Set
[13:19:05.257] ---- [Flow] CT_START Set
[13:19:05.552] ---- [Flow] CT_START Set
[13:19:06.491] ---- [Flow] CT_START Set
[13:19:09.379] ---- [Flow] CT_START Set
[13:19:09.671] ---- [Flow] CT_START Set
[13:19:15.735] ---- [Flow] CT_START Set
[13:19:17.151] ---- [Flow] CT_START Set
[13:19:19.397] ---- [Flow] CT_START Set
[13:19:25.979] ---- [Flow] CT_START Set
[13:19:26.865] ---- [Flow] CT_START Set
[13:19:29.226] ---- [Flow] CT_START Set
[13:19:29.592] ---- [Flow] CT_START Set
[13:19:32.501] ---- [Flow] CT_START Set
[13:19:32.748] ---- [Flow] CT_START Set
[13:19:34.155] ---- [Flow] CT_START Set
[13:22:48.882] ---- [Flow] CT_START Set
[13:24:36.683] ---- [Flow] CT_START Set
[13:24:38.566] ---- [Flow] CT_START Set
[13:24:38.904] ---- [Flow] CT_START Set
[13:24:40.745] ---- [Flow] CT_START Set
[13:24:42.888] ---- [Flow] CT_START Set
[13:24:43.111] ---- [Flow] CT_START Set
[13:24:43.904] ---- [Flow] CT_START Set
[13:25:33.225] ---- [Flow] CT_START Set
[13:25:33.544] ---- [Flow] CT_START Set
[13:25:34.346] ---- [Flow] CT_START Set
[13:25:34.671] ---- [Flow] CT_START Set
[13:25:35.638] ---- [Flow] CT_START Set
[13:25:36.340] ---- [Flow] CT_START Set
[13:25:36.650] ---- [Flow] CT_START Set
[13:25:37.325] ---- [Flow] CT_START Set
[13:25:39.325] ---- [Flow] CT_START Set
[13:25:59.834] ---- [Flow] CT_START Set
[13:26:00.158] ---- [Flow] CT_START Set
[13:26:01.845] ---- [Flow] CT_START Set
[13:26:02.125] ---- [Flow] CT_START Set
[13:26:07.070] ---- [Flow] CT_START Set
[13:26:07.442] ---- [Flow] CT_START Set
[13:29:07.738] ---- [Flow] CT_START Set
[13:29:08.078] ---- [Flow] CT_START Set
[13:29:08.990] ---- [Flow] CT_START Set
[13:29:09.270] ---- [Flow] CT_START Set
[13:29:10.000] ---- [Flow] CT_START Set
[13:29:12.265] ---- [Flow] CT_START Set
[13:29:12.598] ---- [Flow] CT_START Set
[13:29:13.571] ---- [Flow] CT_START Set
[13:29:15.690] ---- [Flow] CT_START Set
[13:29:17.433] ---- [Flow] CT_START Set
[13:32:23.043] ---- [Flow] CT_START Set
[13:32:23.887] ---- [Flow] CT_START Set
[13:32:24.283] ---- [Flow] CT_START Set
[13:32:24.751] ---- [Flow] CT_START Set
[13:32:25.363] ---- [Flow] CT_START Set
[13:32:26.445] ---- [Flow] CT_START Set
[13:32:33.524] ---- [Flow] CT_START Set
[13:32:34.547] ---- [Flow] CT_START Set
[13:36:32.220] ---- [Flow] CT_START Set
[13:36:39.940] ---- [Flow] CT_START Set
[13:37:03.291] ---- [Flow] CT_START Set
[13:37:16.722] ---- [Flow] CT_START Set
[13:37:19.458] ---- [Flow] CT_START Set
[13:48:34.326] ---- [Flow] CT_START Set
[13:48:36.253] ---- [Flow] CT_START Set
[13:51:35.176] ---- [Flow] CT_START Set
[13:51:35.445] ---- [Flow] CT_START Set
[13:51:36.597] ---- [Flow] CT_START Set
[13:53:33.797] ---- [Flow] CT_START Set
[13:53:34.070] ---- [Flow] CT_START Set
[13:53:35.018] ---- [Flow] CT_START Set
[13:53:35.306] ---- [Flow] CT_START Set
[13:53:37.914] ---- [Flow] CT_START Set
[13:53:38.250] ---- [Flow] CT_START Set
[13:53:39.148] ---- [Flow] CT_START Set
[13:53:39.766] ---- [Flow] CT_START Set
[13:53:41.186] ---- [Flow] CT_START Set
[13:53:42.071] ---- [Flow] CT_START Set
[13:53:42.411] ---- [Flow] CT_START Set
[13:53:42.788] ---- [Flow] CT_START Set
[13:53:43.429] ---- [Flow] CT_START Set
[13:53:45.450] ---- [Flow] CT_START Set
[13:53:46.212] ---- [Flow] CT_START Set
[13:53:47.895] ---- [Flow] CT_START Set
[13:53:48.171] ---- [Flow] CT_START Set
[13:53:50.997] ---- [Flow] CT_START Set
[13:53:51.274] ---- [Flow] CT_START Set
[13:53:51.928] ---- [Flow] CT_START Set
[13:54:04.797] ---- [Flow] CT_START Set
[13:54:05.724] ---- [Flow] CT_START Set
[13:54:07.549] ---- [Flow] CT_START Set
[13:54:08.174] ---- [Flow] CT_START Set
[13:54:32.606] ---- [Flow] CT_START Set
[13:54:32.956] ---- [Flow] CT_START Set
[13:54:33.791] ---- [Flow] CT_START Set
[13:54:35.289] ---- [Flow] CT_START Set
[13:54:35.532] ---- [Flow] CT_START Set
[13:55:20.184] ---- [Flow] CT_START Set
[13:55:20.503] ---- [Flow] CT_START Set
[13:55:34.741] ---- [Flow] CT_START Set
[13:55:36.762] ---- [Flow] CT_START Set
[13:55:38.916] ---- [Flow] CT_START Set
[13:55:39.918] ---- [Flow] CT_START Set
[14:08:14.104] ---- [Flow] CT_START Set
[14:08:15.569] ---- [Flow] CT_START Set
[14:08:16.442] ---- [Flow] CT_START Set
[14:08:16.825] ---- [Flow] CT_START Set
[14:08:18.773] ---- [Flow] CT_START Set
[14:08:19.049] ---- [Flow] CT_START Set
[14:08:19.948] ---- [Flow] CT_START Set
[14:08:20.695] ---- [Flow] CT_START Set
[14:08:20.970] ---- [Flow] CT_START Set
[14:08:21.922] ---- [Flow] CT_START Set
[14:08:22.719] ---- [Flow] CT_START Set
[14:08:23.505] ---- [Flow] CT_START Set
[14:12:51.102] ---- [Flow] CT_START Set
[14:13:22.596] ---- [Flow] CT_START Set
[14:13:23.786] ---- [Flow] CT_START Set
[14:13:28.117] ---- [Flow] CT_START Set
[14:13:28.971] ---- [Flow] CT_START Set
[14:13:29.428] ---- [Flow] CT_START Set
[14:13:30.237] ---- [Flow] CT_START Set
[14:13:33.446] ---- [Flow] CT_START Set
[14:13:34.442] ---- [Flow] CT_START Set
[14:13:34.755] ---- [Flow] CT_START Set
[14:13:36.042] ---- [Flow] CT_START Set
[14:13:36.414] ---- [Flow] CT_START Set
[14:13:37.278] ---- [Flow] CT_START Set
[14:13:37.984] ---- [Flow] CT_START Set
[14:13:39.372] ---- [Flow] CT_START Set
[14:13:39.759] ---- [Flow] CT_START Set
[14:13:40.456] ---- [Flow] CT_START Set
[14:13:41.276] ---- [Flow] CT_START Set
[14:13:42.096] ---- [Flow] CT_START Set
[14:13:44.229] ---- [Flow] CT_START Set
[14:13:44.568] ---- [Flow] CT_START Set
[14:13:45.461] ---- [Flow] CT_START Set
[14:13:46.244] ---- [Flow] CT_START Set
[14:15:18.296] ---- [Flow] CT_START Set
[14:15:20.739] ---- [Flow] CT_START Set
[14:24:25.964] ---- [Flow] CT_START Set
[14:24:51.375] ---- [Flow] CT_START Set
[14:24:51.713] ---- [Flow] CT_START Set
[14:24:53.469] ---- [Flow] CT_START Set
[14:24:54.323] ---- [Flow] CT_START Set
[14:24:54.631] ---- [Flow] CT_START Set
[14:24:55.454] ---- [Flow] CT_START Set
[14:24:56.151] ---- [Flow] CT_START Set
[14:24:56.441] ---- [Flow] CT_START Set
[14:24:57.196] ---- [Flow] CT_START Set
[14:24:59.249] ---- [Flow] CT_START Set
[14:25:00.077] ---- [Flow] CT_START Set
[14:25:00.419] ---- [Flow] CT_START Set
[14:25:00.724] ---- [Flow] CT_START Set
[14:25:03.829] ---- [Flow] CT_START Set
[14:25:08.144] ---- [Flow] CT_START Set
[14:25:09.212] ---- [Flow] CT_START Set
[14:25:15.407] ---- [Flow] CT_START Set
[14:25:15.661] ---- [Flow] CT_START Set
[14:25:16.454] ---- [Flow] CT_START Set
[14:25:19.950] ---- [Flow] CT_START Set
[14:25:20.680] ---- [Flow] CT_START Set
[14:25:21.418] ---- [Flow] CT_START Set
[14:25:22.041] ---- [Flow] CT_START Set
[14:25:22.848] ---- [Flow] CT_START Set
[14:25:23.148] ---- [Flow] CT_START Set
[14:25:24.539] ---- [Flow] CT_START Set
[14:25:51.168] ---- [Flow] CT_START Set
[14:25:51.516] ---- [Flow] CT_START Set
[14:25:52.293] ---- [Flow] CT_START Set
[14:25:52.583] ---- [Flow] CT_START Set
[14:26:04.867] ---- [Flow] CT_START Set
[14:26:07.871] ---- [Flow] CT_START Set
[14:26:20.609] ---- [Flow] CT_START Set
[14:26:20.874] ---- [Flow] CT_START Set
[14:26:52.314] ---- [Flow] CT_START Set
[14:29:10.659] ---- [Flow] CT_START Set
[14:29:13.558] ---- [Flow] CT_START Set
[14:29:18.377] ---- [Flow] CT_START Set
[14:30:56.545] ---- [Flow] CT_START Set
[14:30:58.396] ---- [Flow] CT_START Set
[14:31:41.544] ---- [Flow] CT_START Set
[14:33:32.070] ---- [Flow] CT_START Set
[14:33:52.584] ---- [Flow] CT_START Set
[14:38:52.406] ---- [Flow] CT_START Set
[14:42:04.007] ---- [Flow] CT_START Set
[14:42:04.405] ---- [Flow] CT_START Set
[14:42:29.341] ---- [Flow] CT_START Set
[14:42:34.707] ---- [Flow] CT_START Set
[14:42:56.351] ---- [Flow] CT_START Set
[14:44:29.322] ---- [Flow] CT_START Set
[14:44:31.781] ---- [Flow] CT_START Set
[14:52:38.928] ---- [Flow] CT_START Set
[14:52:41.442] ---- [Flow] CT_START Set
[14:52:53.050] ---- [Flow] CT_START Set
[15:13:59.604] ---- [Flow] CT_START Set
[15:14:02.422] ---- [Flow] CT_START Set
[15:25:15.430] ---- [Flow] CT_START Set
[15:42:08.505] ---- [Flow] CT_START Set
[15:42:08.765] ---- [Flow] CT_START Set
[15:42:19.595] ---- [Flow] CT_START Set
[15:42:19.851] ---- [Flow] CT_START Set
[15:42:23.165] ---- [Flow] CT_START Set
[15:42:23.688] ---- [Flow] CT_START Set
[15:42:24.007] ---- [Flow] CT_START Set
[15:42:24.960] ---- [Flow] CT_START Set
[15:42:25.281] ---- [Flow] CT_START Set
[15:42:26.895] ---- [Flow] CT_START Set
[15:42:27.618] ---- [Flow] CT_START Set
[15:42:27.974] ---- [Flow] CT_START Set
[15:42:28.765] ---- [Flow] CT_START Set
[15:45:21.470] ---- [Flow] CT_START Set
[15:45:23.871] ---- [Flow] CT_START Set
[15:45:29.612] ---- [Flow] CT_START Set
[15:45:29.907] ---- [Flow] CT_START Set
[15:45:31.375] ---- [Flow] CT_START Set
[15:48:00.622] ---- [Flow] CT_START Set
[15:48:01.035] ---- [Flow] CT_START Set
[16:20:35.303] ---- [Flow] CT_STOP Set
[16:20:35.326] ---- [Event] Auto : CT_STOP
[16:20:35.327] --------- [Monitor] StopTasks() : before m_stopped
[16:20:35.378] --------- [Monitor] StopTasks() : m_stopped
[16:20:35.379] [m_nState] AutoStop State
[16:47:43.717] ---- [Flow] CT_START Set
[16:47:43.740] ---- [Event] AutoStop : CT_START
[16:47:43.741] [m_nState] Auto State
[16:47:44.601] ---- [Flow] CT_START Set
[16:50:35.330] ---- [Flow] CT_STOP Set
[16:50:35.353] ---- [Event] Auto : CT_STOP
[16:50:35.354] --------- [Monitor] StopTasks() : before m_stopped
[16:50:35.382] --------- [Monitor] StopTasks() : m_stopped
[16:50:35.384] [m_nState] AutoStop State
