[07:32:57.303] [RightTransferStation] Move XY Axis Error
[07:33:08.208] [RightTransferStation] Move XY Axis Error
[07:38:34.029] [LeftTransferStation] Vacuum Error
[07:54:02.300] [RightPPStation] Load Cylinder Up Error
[07:54:15.937] [RightPPStation] Load Cylinder Up Error
[07:54:24.131] [RightPPStation] Load Cylinder Up Error
[07:54:36.104] [RightPPStation] Load Cylinder Up Error
[07:54:51.362] [RightPPStation] Load Cylinder Vacuum Error
[08:01:39.045] [RightTransferStation] Move XY Axis Error
[08:01:51.523] [RightTransferStation] Move XY Axis Error
[08:01:53.326] [RightTransferStation] Move XY Axis Error
[08:06:11.562] [RightTransferStation] Vacuum Error
[08:08:17.412] [RightTransferStation] Set Double Place
[08:14:57.609] [RightTransferStation] Move XY Axis Error
[08:15:02.178] [RightTransferStation] Move XY Axis Error
[08:15:03.835] [RightTransferStation] Move XY Axis Error
[08:15:13.476] [RightTransferStation] Move XY Axis Error
[08:21:34.247] [LeftTransferStation] Move Z Axis Error
[08:21:41.550] [LeftTransferStation] Move Z Axis Error
[08:21:46.162] [LeftTransferStation] Set Double Place
[08:21:55.482] [MainControlStation] Left Door Open
[08:22:17.191] [LeftTransferStation] Set Double Place
[08:22:40.126] [LeftTransferStation] Set Double Place
[08:23:11.217] [LeftTransferStation] Set Double Place
[08:27:47.120] [LeftTransferStation] Set Double Place
[08:28:47.550] [LeftTransferStation] Set Double Place
[08:29:11.157] [LeftTransferStation] Set Double Place
[08:31:00.701] [LeftTransferStation] Set Double Place
[08:31:22.457] [LeftTransferStation] Set Double Place
[08:34:13.485] [LeftTransferStation] Set Double Place
[08:34:33.397] [LeftTransferStation] Move Z Axis Error
[08:35:05.169] [LeftTransferStation] Move Z Axis Error
[08:40:08.279] [RightTransferStation] Move XY Axis Error
[08:40:13.249] [RightTransferStation] Move XY Axis Error
[09:25:35.943] [RightTransferStation] Move XY Axis Error
[09:25:43.917] [RightTransferStation] Move XY Axis Error
[09:25:46.692] [RightTransferStation] Move XY Axis Error
[09:25:48.494] [RightTransferStation] Move XY Axis Error
[09:25:50.266] [RightTransferStation] Move XY Axis Error
[09:32:32.851] [RightTransferStation] Move XY Axis Error
[09:35:28.734] [RightTransferStation] Move XY Axis Error
[09:35:34.335] [RightTransferStation] Move XY Axis Error
[09:35:43.862] [RightTransferStation] Move XY Axis Error
[09:53:27.976] [LeftPPStation] Load Cylinder Up Error
[09:53:34.791] [LeftPPStation] Load Cylinder Up Error
[09:53:41.154] [LeftPPStation] Load Cylinder Up Error
[09:53:50.255] [LeftPPStation] Load Cylinder Vacuum Error
[10:17:19.236] [RightPPStation] Unload Cylinder Up Error
[10:17:29.912] [RightPPStation] Unload Cylinder Up Error
[10:18:36.304] [RightTransferStation] Move XY Axis Error
[10:18:39.870] [RightTransferStation] Move XY Axis Error
[10:18:52.458] [RightTransferStation] Move XY Axis Error
[10:18:58.105] [RightTransferStation] Move XY Axis Error
[10:18:59.906] [RightTransferStation] Move XY Axis Error
[10:20:28.033] [RightTransferStation] Vacuum Error
[10:20:38.467] [RightTransferStation] Vacuum Error
[10:25:24.820] [RightTransferStation] Move XY Axis Error
[10:25:30.416] [RightTransferStation] Move XY Axis Error
[10:25:52.172] [MainControlStation] Left Door Open
[10:27:13.482] [LeftTransferStation] Vacuum Error
[10:27:28.820] [LeftTransferStation] Vacuum Error
[10:31:49.718] [RightTransferStation] Move XY Axis Error
[10:31:55.709] [RightTransferStation] Move XY Axis Error
[10:34:32.500] [RightTransferStation] Move XY Axis Error
[10:34:36.058] [RightTransferStation] Move XY Axis Error
[10:36:46.526] [RightTransferStation] Move XY Axis Error
[10:37:06.057] [RightTransferStation] Move XY Axis Error
[10:54:31.430] [RightTransferStation] Move XY Axis Error
[11:14:23.646] [RightPPStation] Unload Cylinder Up Error
[11:24:06.500] [RightPPStation] Unload Cylinder Up Error
[11:35:38.012] [RightTransferStation] Move XY Axis Error
[11:35:41.513] [RightTransferStation] Move XY Axis Error
[11:35:43.262] [RightTransferStation] Move XY Axis Error
[11:48:12.237] [LeftTransferStation] Vacuum Error
[12:00:22.065] [RightTransferStation] Move XY Axis Error
[12:00:25.218] [RightTransferStation] Move XY Axis Error
[12:07:46.625] [RightPPStation] Unload Cylinder Up Error
[12:18:32.236] [RightPPStation] Unload Cylinder Up Error
[12:45:24.804] [RightPPStation] Unload Cylinder Up Error
[12:45:36.973] [RightPPStation] Unload Cylinder Up Error
[12:45:42.235] [RightPPStation] Unload Cylinder Up Error
[12:45:52.529] [RightPPStation] Unload Cylinder Up Error
[12:46:04.707] [RightPPStation] Unload Cylinder Up Error
[12:55:51.206] [RightPPStation] Unload Cylinder Up Error
[12:58:39.111] [RightTransferStation] Move XY Axis Error
[12:58:44.371] [RightTransferStation] Move XY Axis Error
[13:04:42.083] [RightPPStation] Unload Cylinder Up Error
[13:04:52.940] [RightPPStation] Unload Cylinder Up Error
[13:05:00.873] [RightPPStation] Unload Cylinder Up Error
[13:05:09.126] [RightPPStation] Unload Cylinder Up Error
[13:05:14.456] [RightPPStation] Unload Cylinder Up Error
[13:22:11.037] [RightTransferStation] Move XY Axis Error
[13:22:14.952] [RightTransferStation] Move XY Axis Error
[13:22:16.751] [RightTransferStation] Move XY Axis Error
[13:22:40.611] [RightTransferStation] Move XY Axis Error
[13:22:50.416] [RightTransferStation] Move XY Axis Error
[13:36:16.317] [RightTransferStation] Move XY Axis Error
[13:36:22.297] [RightTransferStation] Move XY Axis Error
[13:36:43.092] [RightTransferStation] Move XY Axis Error
[13:36:47.102] [RightTransferStation] Move XY Axis Error
[13:36:48.926] [RightTransferStation] Move XY Axis Error
[13:41:23.655] [RightPPStation] Unload Cylinder Vacuum Error
[13:41:35.997] [RightTransferStation] Move XY Axis Error
[13:41:39.692] [RightTransferStation] Move XY Axis Error
[13:45:18.353] [RightTransferStation] Move XY Axis Error
[13:45:23.750] [RightTransferStation] Move XY Axis Error
[13:47:07.912] [RightTransferStation] Move XY Axis Error
[13:47:10.857] [RightTransferStation] Move XY Axis Error
[13:51:51.063] [RightTransferStation] Move XY Axis Error
[13:53:02.873] [RightTransferStation] Vacuum Error
[13:54:39.578] [RightTransferStation] Vacuum Error
[13:54:48.847] [RightTransferStation] Vacuum Error
[13:54:52.775] [RightTransferStation] Move XY Axis Error
[13:59:57.378] [RightPPStation] Unload Cylinder Up Error
[14:05:27.497] [RightTransferStation] Move XY Axis Error
[14:05:33.611] [RightTransferStation] Move XY Axis Error
[14:08:06.330] [RightTransferStation] Move XY Axis Error
[14:08:20.053] [RightTransferStation] Move XY Axis Error
[14:09:09.428] [RightPPStation] Unload Cylinder Vacuum Error
[14:09:15.449] [RightPPStation] Unload Cylinder Vacuum Error
[14:09:52.442] [RightTransferStation] Move XY Axis Error
[14:10:01.663] [RightTransferStation] Move XY Axis Error
[14:10:04.464] [RightTransferStation] Move XY Axis Error
[14:12:22.553] [RightTransferStation] Move XY Axis Error
[14:15:04.081] [RightTransferStation] Move XY Axis Error
[14:15:08.097] [RightTransferStation] Move XY Axis Error
[14:32:46.269] [RightTransferStation] Move XY Axis Error
[14:48:00.097] [RightPPStation] Unload Cylinder Up Error
[14:55:16.522] [RightTransferStation] Move XY Axis Error
[15:06:35.086] [RightPPStation] Unload Cylinder Up Error
[15:06:49.848] [RightPPStation] Unload Cylinder Up Error
[15:06:57.843] [RightPPStation] Unload Cylinder Up Error
[15:07:07.766] [RightPPStation] Unload Cylinder Up Error
[15:09:58.691] [RightPPStation] Unload Cylinder Up Error
[15:10:14.288] [RightPPStation] Unload Cylinder Up Error
[15:36:13.578] [RightPPStation] Unload Cylinder Up Error
[16:37:12.338] [MainControlStation] Left Door Open
[22:27:39.033] [MainControlStation] Left Door Open
[23:26:21.580] [RightPPStation] Unload Cylinder Up Error
[23:26:30.642] [RightPPStation] Unload Cylinder Up Error
[23:26:40.876] [RightPPStation] Unload Cylinder Vacuum Error
