[00:00:21.881] [RightTransferStation] Move XY Axis Error
[00:00:37.515] [RightTransferStation] Move XY Axis Error
[00:06:54.973] [RightTransferStation] Move XY Axis Error
[00:07:08.936] [RightTransferStation] Move XY Axis Error
[00:07:56.804] [RightTransferStation] Move XY Axis Error
[00:09:05.390] [RightTransferStation] Move XY Axis Error
[00:14:28.285] [RightTransferStation] Move XY Axis Error
[00:14:48.890] [RightTransferStation] Move XY Axis Error
[00:15:54.960] [RightTransferStation] Move XY Axis Error
[00:16:39.338] [RightTransferStation] Move XY Axis Error
[00:17:08.970] [RightTransferStation] Move XY Axis Error
[00:22:04.632] [RightTransferStation] Move XY Axis Error
[00:22:43.291] [RightTransferStation] Move XY Axis Error
[00:22:49.031] [RightTransferStation] Move XY Axis Error
[00:23:27.515] [RightTransferStation] Move XY Axis Error
[00:23:29.230] [RightTransferStation] Move XY Axis Error
[00:40:20.100] [RightTransferStation] Move XY Axis Error
[00:40:40.445] [RightTransferStation] Move XY Axis Error
[00:46:50.626] [RightTransferStation] Move XY Axis Error
[00:47:05.255] [RightTransferStation] Move XY Axis Error
[00:48:28.226] [RightTransferStation] Move XY Axis Error
[00:48:47.910] [RightTransferStation] Move XY Axis Error
[00:54:41.389] [RightTransferStation] Move XY Axis Error
[00:55:43.934] [RightTransferStation] Move XY Axis Error
[00:55:47.911] [RightTransferStation] Move XY Axis Error
[00:56:10.889] [RightTransferStation] Move XY Axis Error
[00:56:12.483] [RightTransferStation] Move XY Axis Error
[00:56:35.500] [RightTransferStation] Move XY Axis Error
[01:11:21.979] [RightTransferStation] Move XY Axis Error
[01:11:28.647] [RightTransferStation] Move XY Axis Error
[01:11:36.859] [RightTransferStation] Move XY Axis Error
[01:13:33.781] [RightTransferStation] Move XY Axis Error
[01:14:00.154] [RightTransferStation] Move XY Axis Error
[01:20:39.188] [RightTransferStation] Move XY Axis Error
[01:21:00.496] [RightTransferStation] Move XY Axis Error
[01:21:26.201] [RightTransferStation] Move XY Axis Error
[01:21:59.969] [RightTransferStation] Move XY Axis Error
[01:22:02.430] [RightTransferStation] Move XY Axis Error
[01:22:04.244] [RightTransferStation] Move XY Axis Error
[01:27:59.171] [RightTransferStation] Move XY Axis Error
[01:28:13.881] [RightTransferStation] Move XY Axis Error
[01:32:22.810] [RightTransferStation] Move XY Axis Error
[01:33:14.079] [RightTransferStation] Move XY Axis Error
[01:45:40.260] [RightTransferStation] Move XY Axis Error
[01:45:53.378] [RightTransferStation] Move XY Axis Error
[01:52:46.826] [RightTransferStation] Move XY Axis Error
[01:53:11.381] [RightTransferStation] Move XY Axis Error
[01:57:38.397] [RightTransferStation] Move XY Axis Error
[01:57:50.973] [RightTransferStation] Move XY Axis Error
[01:59:54.451] [RightTransferStation] Move XY Axis Error
[02:00:35.844] [RightTransferStation] Move XY Axis Error
[02:00:41.225] [RightTransferStation] Move XY Axis Error
[02:01:39.290] [RightTransferStation] Move XY Axis Error
[02:08:10.839] [MainControlStation] Left Door Open
[02:19:48.959] [RightTransferStation] Move XY Axis Error
[02:20:07.887] [RightTransferStation] Move XY Axis Error
[02:20:09.633] [RightTransferStation] Move XY Axis Error
[02:20:12.497] [RightTransferStation] Move XY Axis Error
[02:20:14.230] [RightTransferStation] Move XY Axis Error
[02:20:15.987] [RightTransferStation] Move XY Axis Error
[02:20:17.674] [RightTransferStation] Move XY Axis Error
[02:20:24.478] [RightTransferStation] Move XY Axis Error
[02:22:20.215] [RightTransferStation] Move XY Axis Error
[02:22:34.482] [RightTransferStation] Move XY Axis Error
[02:26:34.347] [RightTransferStation] Move XY Axis Error
[02:27:21.769] [RightTransferStation] Move XY Axis Error
[03:05:40.083] [RightTransferStation] Move XY Axis Error
[03:06:25.523] [RightTransferStation] Move XY Axis Error
[03:11:57.671] [RightTransferStation] Move XY Axis Error
[03:12:25.334] [RightTransferStation] Move XY Axis Error
[03:12:51.410] [RightTransferStation] Move XY Axis Error
[03:13:08.920] [RightTransferStation] Move XY Axis Error
[03:13:11.795] [RightTransferStation] Move XY Axis Error
[03:13:13.565] [RightTransferStation] Move XY Axis Error
[03:13:15.384] [RightTransferStation] Move XY Axis Error
[03:13:39.722] [RightTransferStation] Move XY Axis Error
[03:13:41.462] [RightTransferStation] Move XY Axis Error
[03:19:02.750] [RightTransferStation] Move XY Axis Error
[03:20:25.757] [RightTransferStation] Move XY Axis Error
[03:27:06.417] [RightTransferStation] Move XY Axis Error
[03:27:29.814] [RightTransferStation] Move XY Axis Error
[03:34:22.631] [RightTransferStation] Move XY Axis Error
[03:35:04.844] [RightTransferStation] Move XY Axis Error
[03:41:53.413] [RightTransferStation] Move XY Axis Error
[03:42:04.117] [RightTransferStation] Move XY Axis Error
[03:48:45.553] [RightTransferStation] Move XY Axis Error
[03:49:01.611] [RightTransferStation] Move XY Axis Error
[03:52:09.742] [RightTransferStation] Move XY Axis Error
[03:52:27.231] [RightTransferStation] Move XY Axis Error
[03:55:41.891] [RightTransferStation] Move XY Axis Error
[03:56:22.548] [RightTransferStation] Move XY Axis Error
[03:58:44.815] [RightTransferStation] Move XY Axis Error
[03:58:56.938] [RightTransferStation] Move XY Axis Error
[04:05:57.879] [RightTransferStation] Move XY Axis Error
[04:06:22.810] [RightTransferStation] Move XY Axis Error
[04:13:42.933] [RightTransferStation] Move XY Axis Error
[04:14:12.575] [RightTransferStation] Move XY Axis Error
[04:14:36.167] [RightTransferStation] Move XY Axis Error
[04:15:02.496] [RightTransferStation] Move XY Axis Error
[04:16:38.452] [RightTransferStation] Move XY Axis Error
[04:17:01.876] [RightTransferStation] Move XY Axis Error
[04:20:52.402] [RightTransferStation] Move XY Axis Error
[04:21:41.672] [RightTransferStation] Move XY Axis Error
[04:28:24.593] [RightTransferStation] Move XY Axis Error
[04:28:44.338] [RightTransferStation] Move XY Axis Error
[04:37:13.518] [RightTransferStation] Move XY Axis Error
[04:37:20.097] [RightTransferStation] Move XY Axis Error
[04:37:27.726] [RightTransferStation] Move XY Axis Error
[04:37:32.721] [RightTransferStation] Move XY Axis Error
[04:37:34.341] [RightTransferStation] Move XY Axis Error
[04:37:35.995] [RightTransferStation] Move XY Axis Error
[04:39:12.390] [RightTransferStation] Move XY Axis Error
[04:39:14.935] [RightTransferStation] Move XY Axis Error
[04:39:16.561] [RightTransferStation] Move XY Axis Error
[04:39:18.245] [RightTransferStation] Move XY Axis Error
[04:39:25.799] [RightTransferStation] Move XY Axis Error
[04:39:48.652] [RightTransferStation] Move XY Axis Error
[04:40:04.247] [RightTransferStation] Move XY Axis Error
[04:46:00.613] [RightTransferStation] Move XY Axis Error
[04:47:19.458] [RightTransferStation] Move XY Axis Error
[05:24:56.756] [RightTransferStation] Move XY Axis Error
[05:25:32.914] [RightTransferStation] Move XY Axis Error
[05:35:14.322] [RightTransferStation] Move XY Axis Error
[05:37:07.617] [RightTransferStation] Move XY Axis Error
[05:56:44.041] [RightTransferStation] Move XY Axis Error
[05:58:30.067] [RightTransferStation] Move XY Axis Error
[05:59:42.389] [RightTransferStation] Move XY Axis Error
[06:00:05.592] [RightTransferStation] Move XY Axis Error
[06:43:41.572] [RightTransferStation] Move XY Axis Error
[06:43:54.287] [RightTransferStation] Move XY Axis Error
[06:47:30.852] [RightTransferStation] Move XY Axis Error
[06:52:27.725] [RightTransferStation] Move XY Axis Error
[06:52:29.232] [RightTransferStation] Move XY Axis Error
[06:52:30.780] [RightTransferStation] Move XY Axis Error
[06:52:32.274] [RightTransferStation] Move XY Axis Error
[06:52:33.966] [RightTransferStation] Move XY Axis Error
[06:52:35.524] [RightTransferStation] Move XY Axis Error
[06:52:37.103] [RightTransferStation] Move XY Axis Error
[06:54:12.299] [RightTransferStation] Move XY Axis Error
[06:54:14.707] [RightTransferStation] Move XY Axis Error
[06:56:10.376] [RightTransferStation] Move XY Axis Error
[06:56:12.943] [RightTransferStation] Move XY Axis Error
[06:56:14.576] [RightTransferStation] Move XY Axis Error
[06:56:16.195] [RightTransferStation] Move XY Axis Error
[07:00:09.049] [RightTransferStation] Move XY Axis Error
[07:00:13.568] [RightTransferStation] Move XY Axis Error
[07:00:18.281] [RightTransferStation] Move XY Axis Error
[07:02:29.789] [RightTransferStation] Move XY Axis Error
[07:02:33.829] [RightTransferStation] Move XY Axis Error
[07:02:35.494] [RightTransferStation] Move XY Axis Error
[07:04:51.765] [RightTransferStation] Move XY Axis Error
[07:04:53.883] [RightTransferStation] Move XY Axis Error
[07:11:29.043] [RightTransferStation] Move XY Axis Error
[07:11:32.253] [RightTransferStation] Move XY Axis Error
[07:18:09.168] [RightTransferStation] Move XY Axis Error
[07:18:12.715] [RightTransferStation] Move XY Axis Error
[07:18:14.398] [RightTransferStation] Move XY Axis Error
[07:21:22.072] [RightTransferStation] Move XY Axis Error
[07:26:27.445] [RightTransferStation] Move XY Axis Error
[07:26:29.461] [RightTransferStation] Move XY Axis Error
[07:31:53.762] [RightTransferStation] Move XY Axis Error
[07:33:10.008] [RightTransferStation] Move XY Axis Error
[07:33:12.837] [RightTransferStation] Move XY Axis Error
[07:33:14.685] [RightTransferStation] Move XY Axis Error
[07:33:16.641] [RightTransferStation] Move XY Axis Error
[07:34:06.706] [RightTransferStation] Move XY Axis Error
[07:34:10.711] [RightTransferStation] Move XY Axis Error
[07:34:12.547] [RightTransferStation] Move XY Axis Error
[07:34:17.832] [RightTransferStation] Move XY Axis Error
[07:35:30.502] [MainControlStation] Left Door Open
[07:39:39.515] [LeftTransferStation] Vacuum Error
[07:39:50.548] [LeftTransferStation] Vacuum Error
[07:41:06.095] [RightTransferStation] Move XY Axis Error
[07:41:08.244] [RightTransferStation] Move XY Axis Error
[07:41:09.966] [RightTransferStation] Move XY Axis Error
[07:41:31.621] [RightTransferStation] Move XY Axis Error
[07:41:33.977] [RightTransferStation] Move XY Axis Error
[07:42:39.778] [RightTransferStation] Move XY Axis Error
[07:42:42.246] [RightTransferStation] Move XY Axis Error
[07:42:44.113] [RightTransferStation] Move XY Axis Error
[07:42:46.025] [RightTransferStation] Move XY Axis Error
[07:42:47.840] [RightTransferStation] Move XY Axis Error
[07:42:49.623] [RightTransferStation] Move XY Axis Error
[07:48:02.775] [RightTransferStation] Move XY Axis Error
[07:48:08.791] [RightTransferStation] Move XY Axis Error
[07:56:31.264] [RightTransferStation] Move XY Axis Error
[07:56:33.916] [RightTransferStation] Move XY Axis Error
[08:07:37.609] [RightTransferStation] Move XY Axis Error
[08:07:39.791] [RightTransferStation] Move XY Axis Error
[08:07:41.547] [RightTransferStation] Move XY Axis Error
[08:07:43.267] [RightTransferStation] Move XY Axis Error
[08:14:29.837] [RightTransferStation] Move XY Axis Error
[08:14:36.473] [RightTransferStation] Move XY Axis Error
[08:19:17.733] [RightTransferStation] Move XY Axis Error
[08:19:21.413] [RightTransferStation] Move XY Axis Error
[08:26:05.329] [RightTransferStation] Move XY Axis Error
[08:26:08.257] [RightTransferStation] Move XY Axis Error
[08:31:14.684] [RightTransferStation] Move XY Axis Error
[08:42:44.237] [RightTransferStation] Move XY Axis Error
[08:42:46.500] [RightTransferStation] Move XY Axis Error
[08:42:48.107] [RightTransferStation] Move XY Axis Error
[08:42:49.732] [RightTransferStation] Move XY Axis Error
[08:42:51.337] [RightTransferStation] Move XY Axis Error
[08:42:53.060] [RightTransferStation] Move XY Axis Error
[08:42:57.606] [RightTransferStation] Move XY Axis Error
[08:58:06.471] [RightTransferStation] Move XY Axis Error
[08:58:21.729] [RightTransferStation] Move XY Axis Error
[09:05:54.752] [RightTransferStation] Move XY Axis Error
[09:06:00.376] [RightTransferStation] Move XY Axis Error
[09:06:02.009] [RightTransferStation] Move XY Axis Error
[09:06:03.653] [RightTransferStation] Move XY Axis Error
[09:06:05.291] [RightTransferStation] Move XY Axis Error
[09:06:06.882] [RightTransferStation] Move XY Axis Error
[09:06:08.958] [RightTransferStation] Move XY Axis Error
[09:06:15.583] [RightTransferStation] Move XY Axis Error
[09:06:17.222] [RightTransferStation] Move XY Axis Error
[09:06:18.817] [RightTransferStation] Move XY Axis Error
[09:08:17.373] [RightTransferStation] Move XY Axis Error
[09:08:25.199] [RightTransferStation] Move XY Axis Error
[09:08:26.895] [RightTransferStation] Move XY Axis Error
[09:14:25.182] [RightTransferStation] Move XY Axis Error
[09:14:31.347] [RightTransferStation] Move XY Axis Error
[09:14:33.000] [RightTransferStation] Move XY Axis Error
[09:14:34.653] [RightTransferStation] Move XY Axis Error
[09:22:18.747] [RightTransferStation] Move XY Axis Error
[09:22:23.200] [RightTransferStation] Move XY Axis Error
[09:32:21.640] [RightPPStation] Load Cylinder Up Error
[09:32:33.452] [RightPPStation] Load Cylinder Up Error
[09:33:12.351] [RightPPStation] Load Cylinder Up Error
[09:33:20.678] [RightPPStation] Load Cylinder Up Error
[09:33:30.972] [RightPPStation] Load Cylinder Up Error
[09:33:36.343] [RightPPStation] Load Cylinder Up Error
[09:33:45.702] [RightPPStation] Load Cylinder Vacuum Error
[09:36:30.576] [RightTransferStation] Move XY Axis Error
[09:36:33.826] [RightTransferStation] Move XY Axis Error
[09:36:35.559] [RightTransferStation] Move XY Axis Error
[09:36:37.304] [RightTransferStation] Move XY Axis Error
[09:36:43.220] [RightTransferStation] Move XY Axis Error
[09:43:04.043] [RightTransferStation] Move XY Axis Error
[09:49:58.229] [RightTransferStation] Move XY Axis Error
[09:50:06.184] [RightTransferStation] Move XY Axis Error
[09:52:29.007] [RightTransferStation] Move XY Axis Error
[09:52:33.409] [RightTransferStation] Move XY Axis Error
[09:52:35.052] [RightTransferStation] Move XY Axis Error
[09:52:36.707] [RightTransferStation] Move XY Axis Error
[09:52:38.370] [RightTransferStation] Move XY Axis Error
[09:58:44.088] [RightTransferStation] Move XY Axis Error
[09:58:46.495] [RightTransferStation] Move XY Axis Error
[10:01:12.691] [RightTransferStation] Move XY Axis Error
[10:01:16.503] [RightTransferStation] Move XY Axis Error
[10:01:18.131] [RightTransferStation] Move XY Axis Error
[10:01:19.773] [RightTransferStation] Move XY Axis Error
[10:08:30.680] [RightTransferStation] Move XY Axis Error
[10:08:33.021] [RightTransferStation] Move XY Axis Error
[10:08:34.683] [RightTransferStation] Move XY Axis Error
[10:08:36.372] [RightTransferStation] Move XY Axis Error
[10:08:39.127] [RightTransferStation] Move XY Axis Error
[10:08:40.793] [RightTransferStation] Move XY Axis Error
[10:08:43.521] [RightTransferStation] Move XY Axis Error
[10:08:45.210] [RightTransferStation] Move XY Axis Error
[10:08:46.904] [RightTransferStation] Move XY Axis Error
[10:08:48.604] [RightTransferStation] Move XY Axis Error
[10:08:50.280] [RightTransferStation] Move XY Axis Error
[10:08:51.948] [RightTransferStation] Move XY Axis Error
[10:08:53.620] [RightTransferStation] Move XY Axis Error
[10:25:09.870] [RightTransferStation] Move XY Axis Error
[10:25:12.141] [RightTransferStation] Move XY Axis Error
[10:25:37.025] [RightTransferStation] Move XY Axis Error
[10:25:42.735] [RightTransferStation] Move XY Axis Error
[10:25:44.371] [RightTransferStation] Move XY Axis Error
[10:25:46.005] [RightTransferStation] Move XY Axis Error
[10:25:47.631] [RightTransferStation] Move XY Axis Error
[10:25:49.281] [RightTransferStation] Move XY Axis Error
[10:25:50.893] [RightTransferStation] Move XY Axis Error
[10:25:52.526] [RightTransferStation] Move XY Axis Error
[10:25:54.138] [RightTransferStation] Move XY Axis Error
[10:25:55.842] [RightTransferStation] Move XY Axis Error
[10:25:57.512] [RightTransferStation] Move XY Axis Error
[10:25:59.124] [RightTransferStation] Move XY Axis Error
[10:26:00.764] [RightTransferStation] Move XY Axis Error
[10:31:53.954] [RightTransferStation] Move XY Axis Error
[10:31:58.776] [RightTransferStation] Move XY Axis Error
[10:32:00.465] [RightTransferStation] Move XY Axis Error
[10:32:02.114] [RightTransferStation] Move XY Axis Error
[10:32:03.791] [RightTransferStation] Move XY Axis Error
[10:35:45.296] [RightTransferStation] Move XY Axis Error
[10:35:48.115] [RightTransferStation] Move XY Axis Error
[10:35:49.762] [RightTransferStation] Move XY Axis Error
[10:35:51.414] [RightTransferStation] Move XY Axis Error
[10:35:53.069] [RightTransferStation] Move XY Axis Error
[10:35:54.706] [RightTransferStation] Move XY Axis Error
[10:35:57.336] [RightTransferStation] Move XY Axis Error
[10:35:59.083] [RightTransferStation] Move XY Axis Error
[10:36:00.747] [RightTransferStation] Move XY Axis Error
[10:36:02.385] [RightTransferStation] Move XY Axis Error
[10:36:04.118] [RightTransferStation] Move XY Axis Error
[10:36:05.757] [RightTransferStation] Move XY Axis Error
[10:36:07.407] [RightTransferStation] Move XY Axis Error
[10:41:59.571] [RightTransferStation] Move XY Axis Error
[10:42:05.482] [RightTransferStation] Move XY Axis Error
[10:43:20.329] [RightTransferStation] Move XY Axis Error
[10:43:33.652] [RightTransferStation] Move XY Axis Error
[10:51:47.986] [RightTransferStation] Move XY Axis Error
[10:51:51.249] [RightTransferStation] Move XY Axis Error
[10:51:52.928] [RightTransferStation] Move XY Axis Error
[11:16:34.587] [RightTransferStation] Move XY Axis Error
[11:16:39.161] [RightTransferStation] Move XY Axis Error
[11:27:01.703] [RightTransferStation] Move XY Axis Error
[11:27:07.980] [RightTransferStation] Move XY Axis Error
[11:27:11.152] [RightTransferStation] Move XY Axis Error
[11:27:13.239] [RightTransferStation] Move XY Axis Error
[11:30:08.476] [RightTransferStation] Move XY Axis Error
[11:30:15.912] [RightTransferStation] Move XY Axis Error
[11:30:18.661] [RightTransferStation] Move XY Axis Error
[11:36:28.503] [RightTransferStation] Move XY Axis Error
[11:37:52.957] [RightTransferStation] Move XY Axis Error
[11:37:56.140] [RightTransferStation] Move XY Axis Error
[11:37:57.814] [RightTransferStation] Move XY Axis Error
[11:37:59.449] [RightTransferStation] Move XY Axis Error
[11:38:01.076] [RightTransferStation] Move XY Axis Error
[11:38:06.565] [RightTransferStation] Move XY Axis Error
[11:44:03.595] [RightTransferStation] Move XY Axis Error
[11:44:05.888] [RightTransferStation] Move XY Axis Error
[12:37:09.275] [RightTransferStation] Move XY Axis Error
[12:37:12.822] [RightTransferStation] Move XY Axis Error
[12:37:14.419] [RightTransferStation] Move XY Axis Error
[12:37:16.091] [RightTransferStation] Move XY Axis Error
[12:37:17.682] [RightTransferStation] Move XY Axis Error
[12:37:19.306] [RightTransferStation] Move XY Axis Error
[12:44:36.180] [RightTransferStation] Move XY Axis Error
[12:44:40.068] [RightTransferStation] Move XY Axis Error
[12:44:41.961] [RightTransferStation] Move XY Axis Error
[12:44:43.750] [RightTransferStation] Move XY Axis Error
[12:44:45.499] [RightTransferStation] Move XY Axis Error
[12:57:51.322] [RightTransferStation] Move XY Axis Error
[12:57:55.212] [RightTransferStation] Move XY Axis Error
[13:05:39.269] [RightTransferStation] Move XY Axis Error
[13:05:41.422] [RightTransferStation] Move XY Axis Error
[13:05:43.291] [RightTransferStation] Move XY Axis Error
[13:05:45.228] [RightTransferStation] Move XY Axis Error
[13:05:47.057] [RightTransferStation] Move XY Axis Error
[13:05:49.016] [RightTransferStation] Move XY Axis Error
[13:11:52.125] [RightTransferStation] Move XY Axis Error
[13:11:55.250] [RightTransferStation] Move XY Axis Error
[13:11:57.033] [RightTransferStation] Move XY Axis Error
[13:11:58.807] [RightTransferStation] Move XY Axis Error
[13:12:00.581] [RightTransferStation] Move XY Axis Error
[13:12:02.422] [RightTransferStation] Move XY Axis Error
[13:12:05.313] [RightTransferStation] Move XY Axis Error
[13:12:07.085] [RightTransferStation] Move XY Axis Error
[13:12:08.865] [RightTransferStation] Move XY Axis Error
[13:12:10.716] [RightTransferStation] Move XY Axis Error
[13:12:12.462] [RightTransferStation] Move XY Axis Error
[13:12:43.916] [RightTransferStation] Move XY Axis Error
[13:12:49.800] [RightTransferStation] Move XY Axis Error
[13:12:51.536] [RightTransferStation] Move XY Axis Error
[13:12:56.683] [RightTransferStation] Move XY Axis Error
[13:12:59.463] [RightTransferStation] Move XY Axis Error
[13:13:01.240] [RightTransferStation] Move XY Axis Error
[13:13:03.037] [RightTransferStation] Move XY Axis Error
[13:16:00.501] [RightTransferStation] Move XY Axis Error
[13:16:04.036] [RightTransferStation] Move XY Axis Error
[13:16:05.761] [RightTransferStation] Move XY Axis Error
[13:26:39.435] [RightTransferStation] Move XY Axis Error
[13:26:46.111] [RightTransferStation] Move XY Axis Error
[13:27:01.079] [RightTransferStation] Move XY Axis Error
[13:34:10.604] [RightTransferStation] Move XY Axis Error
[13:34:17.057] [RightTransferStation] Move XY Axis Error
[13:34:22.468] [RightTransferStation] Move XY Axis Error
[13:48:06.638] [RightTransferStation] Move XY Axis Error
[13:48:09.795] [RightTransferStation] Move XY Axis Error
[13:52:54.880] [RightTransferStation] Move XY Axis Error
[13:53:01.738] [RightTransferStation] Move XY Axis Error
[13:53:05.149] [RightTransferStation] Move XY Axis Error
[13:54:11.468] [RightTransferStation] Move XY Axis Error
[13:55:25.502] [RightTransferStation] Move XY Axis Error
[13:59:30.128] [RightTransferStation] Move XY Axis Error
[13:59:32.880] [RightTransferStation] Move XY Axis Error
[13:59:36.118] [RightTransferStation] Move XY Axis Error
[13:59:37.699] [RightTransferStation] Move XY Axis Error
[13:59:41.876] [RightTransferStation] Move XY Axis Error
[14:07:42.887] [RightTransferStation] Move XY Axis Error
[14:07:58.732] [RightTransferStation] Move XY Axis Error
[14:08:03.508] [RightTransferStation] Move XY Axis Error
[14:08:25.416] [RightTransferStation] Move XY Axis Error
[14:10:03.284] [LeftPPStation] Load Cylinder Up Error
[14:10:11.989] [LeftPPStation] Load Cylinder Up Error
[14:10:20.333] [LeftPPStation] Load Cylinder Up Error
[14:10:26.773] [LeftPPStation] Load Cylinder Vacuum Error
[14:24:23.773] [RightTransferStation] Move XY Axis Error
[14:24:37.666] [RightTransferStation] Move XY Axis Error
[14:24:45.604] [RightTransferStation] Move XY Axis Error
[14:25:14.968] [RightTransferStation] Move XY Axis Error
[14:25:17.855] [RightTransferStation] Move XY Axis Error
[14:25:20.996] [RightTransferStation] Move XY Axis Error
[14:25:22.612] [RightTransferStation] Move XY Axis Error
[14:25:24.152] [RightTransferStation] Move XY Axis Error
[14:25:32.128] [RightTransferStation] Move XY Axis Error
[14:25:45.770] [RightTransferStation] Move XY Axis Error
[14:25:53.830] [RightTransferStation] Move XY Axis Error
[14:26:32.624] [RightTransferStation] Move XY Axis Error
[14:33:27.617] [RightTransferStation] Move XY Axis Error
[14:36:39.968] [RightTransferStation] Move XY Axis Error
[14:36:57.294] [RightTransferStation] Move XY Axis Error
[14:37:03.406] [RightTransferStation] Move XY Axis Error
[14:43:39.859] [RightTransferStation] Move XY Axis Error
[14:43:50.552] [RightTransferStation] Move XY Axis Error
[14:45:03.116] [RightTransferStation] Move XY Axis Error
[14:45:08.233] [RightTransferStation] Move XY Axis Error
[14:45:10.019] [RightTransferStation] Move XY Axis Error
[14:45:11.624] [RightTransferStation] Move XY Axis Error
[14:45:15.676] [RightTransferStation] Move XY Axis Error
[14:51:32.337] [RightTransferStation] Move XY Axis Error
[14:51:47.231] [RightTransferStation] Move XY Axis Error
[15:02:17.290] [RightTransferStation] Move XY Axis Error
[15:02:27.491] [RightTransferStation] Move XY Axis Error
[15:02:29.112] [RightTransferStation] Move XY Axis Error
[15:02:30.865] [RightTransferStation] Move XY Axis Error
[15:02:32.610] [RightTransferStation] Move XY Axis Error
[15:02:48.485] [RightTransferStation] Move XY Axis Error
[15:02:50.117] [RightTransferStation] Move XY Axis Error
[15:02:53.835] [RightTransferStation] Move XY Axis Error
[15:02:55.430] [RightTransferStation] Move XY Axis Error
[15:02:57.177] [RightTransferStation] Move XY Axis Error
[15:02:58.772] [RightTransferStation] Move XY Axis Error
[15:03:01.405] [RightTransferStation] Move XY Axis Error
[15:08:53.492] [RightTransferStation] Move XY Axis Error
[15:09:01.718] [RightTransferStation] Move XY Axis Error
[15:09:03.365] [RightTransferStation] Move XY Axis Error
[15:09:59.688] [RightTransferStation] Move XY Axis Error
[15:10:13.492] [RightTransferStation] Move XY Axis Error
[15:16:14.364] [RightTransferStation] Move XY Axis Error
[15:16:18.344] [RightTransferStation] Move XY Axis Error
[15:16:20.035] [RightTransferStation] Move XY Axis Error
[15:25:03.897] [RightTransferStation] Move XY Axis Error
[15:25:08.055] [RightTransferStation] Move XY Axis Error
[15:42:50.200] [RightTransferStation] Move XY Axis Error
[15:42:53.903] [RightTransferStation] Move XY Axis Error
[15:42:55.719] [RightTransferStation] Move XY Axis Error
[15:42:58.980] [RightTransferStation] Move XY Axis Error
[15:43:02.966] [RightTransferStation] Move XY Axis Error
[15:43:05.672] [RightTransferStation] Move XY Axis Error
[15:43:07.436] [RightTransferStation] Move XY Axis Error
[15:44:49.594] [RightTransferStation] Move XY Axis Error
[15:44:54.251] [RightTransferStation] Move XY Axis Error
[15:44:55.927] [RightTransferStation] Move XY Axis Error
[15:45:00.626] [RightTransferStation] Move XY Axis Error
[15:46:28.722] [RightTransferStation] Move XY Axis Error
[15:46:31.938] [RightTransferStation] Move XY Axis Error
[15:46:33.666] [RightTransferStation] Move XY Axis Error
[15:50:28.805] [LeftPPStation] Load Cylinder Up Error
[15:50:35.466] [RightTransferStation] Move XY Axis Error
[15:50:56.947] [LeftPPStation] Load Cylinder Up Error
[15:51:04.409] [LeftPPStation] Load Cylinder Up Error
[15:51:14.021] [LeftPPStation] Load Cylinder Up Error
[15:52:58.783] [RightTransferStation] Move XY Axis Error
[15:53:02.268] [RightTransferStation] Move XY Axis Error
[15:53:11.701] [RightTransferStation] Move XY Axis Error
[15:53:16.724] [RightTransferStation] Move XY Axis Error
[16:00:52.875] [RightTransferStation] Move XY Axis Error
[16:00:56.667] [RightTransferStation] Move XY Axis Error
[16:00:58.484] [RightTransferStation] Move XY Axis Error
[16:01:01.517] [RightTransferStation] Move XY Axis Error
[16:01:03.275] [RightTransferStation] Move XY Axis Error
[16:08:53.178] [RightTransferStation] Move XY Axis Error
[16:09:32.559] [RightTransferStation] Move XY Axis Error
[16:09:37.456] [RightTransferStation] Move XY Axis Error
[16:10:31.062] [RightTransferStation] Move XY Axis Error
[16:12:02.283] [RightTransferStation] Move XY Axis Error
[16:12:04.957] [RightTransferStation] Move XY Axis Error
[16:12:11.590] [RightTransferStation] Move XY Axis Error
[16:12:14.926] [RightTransferStation] Move XY Axis Error
[16:12:16.489] [RightTransferStation] Move XY Axis Error
[19:03:02.881] [RightTransferStation] Move XY Axis Error
[19:03:21.238] [RightTransferStation] Move XY Axis Error
[19:24:10.853] [RightTransferStation] Move XY Axis Error
[19:25:14.927] [RightTransferStation] Move XY Axis Error
[19:32:08.936] [RightTransferStation] Move XY Axis Error
[19:32:44.883] [RightTransferStation] Move XY Axis Error
[19:38:50.499] [RightTransferStation] Move XY Axis Error
[19:39:14.475] [RightTransferStation] Move XY Axis Error
[19:46:05.163] [RightTransferStation] Move XY Axis Error
[19:47:32.516] [RightTransferStation] Move XY Axis Error
[19:48:31.433] [RightTransferStation] Move XY Axis Error
[19:48:59.617] [RightTransferStation] Move XY Axis Error
[19:49:01.338] [RightTransferStation] Move XY Axis Error
[19:49:02.998] [RightTransferStation] Move XY Axis Error
[19:49:34.223] [RightTransferStation] Move XY Axis Error
[19:54:42.007] [RightTransferStation] Move XY Axis Error
[19:56:40.207] [RightTransferStation] Move XY Axis Error
[19:56:44.913] [RightTransferStation] Move XY Axis Error
[19:56:57.183] [RightTransferStation] Move XY Axis Error
[20:11:08.656] [RightTransferStation] Move XY Axis Error
[20:12:05.124] [RightTransferStation] Move XY Axis Error
[20:12:10.777] [RightTransferStation] Move XY Axis Error
[20:12:37.007] [RightTransferStation] Move XY Axis Error
[20:19:19.128] [RightTransferStation] Move XY Axis Error
[20:19:38.026] [RightTransferStation] Move XY Axis Error
[20:27:21.864] [RightTransferStation] Move XY Axis Error
[20:27:42.262] [RightTransferStation] Move XY Axis Error
[20:27:44.057] [RightTransferStation] Move XY Axis Error
[20:28:14.705] [RightTransferStation] Move XY Axis Error
[20:28:54.791] [RightTransferStation] Move XY Axis Error
[20:29:16.940] [RightTransferStation] Move XY Axis Error
[20:30:07.227] [RightTransferStation] Move XY Axis Error
[20:36:17.136] [RightTransferStation] Move XY Axis Error
[20:38:04.007] [RightTransferStation] Move XY Axis Error
[20:42:56.791] [RightPPStation] Load Cylinder Vacuum Error
[20:46:50.869] [RightTransferStation] Move XY Axis Error
[20:47:23.510] [RightTransferStation] Move XY Axis Error
[20:49:04.371] [RightTransferStation] Move XY Axis Error
[20:49:08.495] [RightTransferStation] Move XY Axis Error
[20:54:27.733] [RightTransferStation] Move XY Axis Error
[20:54:41.711] [RightTransferStation] Move XY Axis Error
[20:56:03.113] [RightTransferStation] Move XY Axis Error
[20:56:19.375] [RightTransferStation] Move XY Axis Error
[21:01:47.166] [RightTransferStation] Move XY Axis Error
[21:02:03.389] [RightTransferStation] Move XY Axis Error
[21:09:00.429] [RightTransferStation] Move XY Axis Error
[21:09:20.007] [RightTransferStation] Move XY Axis Error
[21:16:09.708] [RightTransferStation] Move XY Axis Error
[21:16:43.241] [RightTransferStation] Move XY Axis Error
[21:17:59.682] [RightTransferStation] Move XY Axis Error
[21:18:51.358] [RightTransferStation] Move XY Axis Error
[21:24:03.076] [RightTransferStation] Move XY Axis Error
[21:24:20.499] [RightTransferStation] Move XY Axis Error
[21:30:26.754] [RightTransferStation] Move XY Axis Error
[21:30:32.593] [RightTransferStation] Move XY Axis Error
[21:31:22.089] [RightTransferStation] Move XY Axis Error
[21:31:26.034] [RightTransferStation] Move XY Axis Error
[21:31:31.810] [RightTransferStation] Move XY Axis Error
[21:31:33.473] [RightTransferStation] Move XY Axis Error
[21:32:09.393] [RightTransferStation] Move XY Axis Error
[21:32:11.183] [RightTransferStation] Move XY Axis Error
[21:32:13.038] [RightTransferStation] Move XY Axis Error
[21:39:13.420] [RightTransferStation] Move XY Axis Error
[21:39:22.144] [RightTransferStation] Move XY Axis Error
[21:39:23.928] [RightTransferStation] Move XY Axis Error
[21:39:27.303] [RightTransferStation] Move XY Axis Error
[21:40:55.105] [RightTransferStation] Move XY Axis Error
[21:47:54.894] [RightTransferStation] Move XY Axis Error
[21:49:11.874] [RightTransferStation] Move XY Axis Error
[21:51:27.560] [RightTransferStation] Move XY Axis Error
[21:52:47.032] [RightTransferStation] Move XY Axis Error
[21:56:10.775] [RightTransferStation] Move XY Axis Error
[21:56:21.783] [RightTransferStation] Move XY Axis Error
[22:11:20.160] [RightTransferStation] Move XY Axis Error
[22:11:32.318] [RightTransferStation] Move XY Axis Error
[22:12:58.762] [RightTransferStation] Move XY Axis Error
[22:13:03.921] [RightTransferStation] Move XY Axis Error
[22:13:48.746] [RightTransferStation] Move XY Axis Error
[22:13:50.505] [RightTransferStation] Move XY Axis Error
[22:14:03.238] [RightTransferStation] Move XY Axis Error
[22:16:55.035] [RightTransferStation] Move XY Axis Error
[22:17:20.568] [RightTransferStation] Move XY Axis Error
[22:22:32.909] [RightTransferStation] Move XY Axis Error
[22:23:12.108] [RightTransferStation] Move XY Axis Error
[22:30:08.876] [RightTransferStation] Move XY Axis Error
[22:30:44.151] [RightTransferStation] Move XY Axis Error
[22:52:29.706] [RightTransferStation] Move XY Axis Error
[22:53:04.013] [RightTransferStation] Move XY Axis Error
[23:01:24.548] [RightTransferStation] Move XY Axis Error
[23:02:20.687] [RightTransferStation] Move XY Axis Error
[23:08:13.628] [RightTransferStation] Move XY Axis Error
[23:08:44.554] [RightTransferStation] Move XY Axis Error
[23:09:30.077] [RightTransferStation] Move XY Axis Error
[23:09:50.850] [RightTransferStation] Move XY Axis Error
[23:10:03.458] [RightTransferStation] Move XY Axis Error
[23:12:47.218] [RightTransferStation] Vacuum Error
[23:13:04.360] [LeftTransferStation] Vacuum Error
[23:16:43.848] [RightTransferStation] Move XY Axis Error
[23:17:29.159] [RightTransferStation] Move XY Axis Error
[23:17:52.860] [RightTransferStation] Move XY Axis Error
[23:18:20.725] [RightTransferStation] Move XY Axis Error
[23:24:09.682] [RightTransferStation] Move XY Axis Error
[23:24:46.502] [RightTransferStation] Move XY Axis Error
[23:29:49.625] [RightTransferStation] Move XY Axis Error
[23:30:12.115] [RightTransferStation] Move XY Axis Error
[23:31:35.147] [RightTransferStation] Move XY Axis Error
[23:32:27.051] [RightTransferStation] Move XY Axis Error
[23:39:21.379] [RightTransferStation] Move XY Axis Error
[23:39:43.886] [RightTransferStation] Move XY Axis Error
[23:43:10.139] [RightTransferStation] Move XY Axis Error
[23:43:44.435] [RightTransferStation] Move XY Axis Error
[23:49:51.845] [RightTransferStation] Move XY Axis Error
[23:50:20.608] [RightTransferStation] Move XY Axis Error
