[00:00:36.359] ---- [Flow] CT_START Set
[00:00:36.693] ---- [Flow] CT_START Set
[00:07:07.827] ---- [Flow] CT_START Set
[00:07:08.090] ---- [Flow] CT_START Set
[00:09:04.273] ---- [Flow] CT_START Set
[00:09:04.624] ---- [Flow] CT_START Set
[00:14:47.799] ---- [Flow] CT_START Set
[00:14:48.162] ---- [Flow] CT_START Set
[00:16:38.172] ---- [Flow] CT_START Set
[00:16:38.444] ---- [Flow] CT_START Set
[00:17:08.413] ---- [Flow] CT_START Set
[00:17:08.781] ---- [Flow] CT_START Set
[00:17:11.582] ---- [Flow] CT_START Set
[00:22:42.625] ---- [Flow] CT_START Set
[00:22:43.106] ---- [Flow] CT_START Set
[00:22:43.414] ---- [Flow] CT_START Set
[00:23:26.348] ---- [Flow] CT_START Set
[00:23:26.627] ---- [Flow] CT_START Set
[00:23:28.883] ---- [Flow] CT_START Set
[00:28:15.147] ---- [Flow] CT_START Set
[00:28:17.491] ---- [Flow] CT_STOP Set
[00:28:17.513] ---- [Event] Auto : CT_STOP
[00:28:17.514] --------- [Monitor] StopTasks() : before m_stopped
[00:28:17.826] --------- [Monitor] StopTasks() : m_stopped
[00:28:17.827] [m_nState] AutoStop State
[00:37:28.141] ---- [Flow] CT_START Set
[00:37:28.164] ---- [Event] AutoStop : CT_START
[00:37:28.165] [m_nState] Auto State
[00:37:29.002] ---- [Flow] CT_START Set
[00:40:39.385] ---- [Flow] CT_START Set
[00:40:39.791] ---- [Flow] CT_START Set
[00:47:00.816] ---- [Flow] CT_START Set
[00:47:08.553] ---- [Flow] CT_START Set
[00:48:46.779] ---- [Flow] CT_START Set
[00:48:47.064] ---- [Flow] CT_START Set
[00:55:42.778] ---- [Flow] CT_START Set
[00:55:43.046] ---- [Flow] CT_START Set
[00:56:09.677] ---- [Flow] CT_START Set
[00:56:09.955] ---- [Flow] CT_START Set
[00:56:34.401] ---- [Flow] CT_START Set
[00:56:34.715] ---- [Flow] CT_START Set
[01:06:39.366] ---- [Flow] CT_STOP Set
[01:06:39.388] ---- [Event] Auto : CT_STOP
[01:06:39.389] --------- [Monitor] StopTasks() : before m_stopped
[01:06:39.986] --------- [Monitor] StopTasks() : m_stopped
[01:06:39.987] [m_nState] AutoStop State
[01:06:43.332] ---- [Flow] CT_START Set
[01:06:43.354] ---- [Event] AutoStop : CT_START
[01:06:43.355] [m_nState] Auto State
[01:06:48.181] ---- [Flow] CT_STOP Set
[01:06:48.204] ---- [Event] Auto : CT_STOP
[01:06:48.205] --------- [Monitor] StopTasks() : before m_stopped
[01:06:48.250] ---- [Flow] CT_STOP Set
[01:06:48.299] ---- [Flow] CT_STOP Set
[01:06:49.478] --------- [Monitor] StopTasks() : m_stopped
[01:06:49.479] [m_nState] AutoStop State
[01:07:20.924] ---- [Flow] CT_START Set
[01:07:20.947] ---- [Event] AutoStop : CT_START
[01:07:20.948] [m_nState] Auto State
[01:07:21.612] ---- [Flow] CT_START Set
[01:11:27.528] ---- [Flow] CT_START Set
[01:11:27.899] ---- [Flow] CT_START Set
[01:11:35.753] ---- [Flow] CT_START Set
[01:11:36.001] ---- [Flow] CT_START Set
[01:13:58.995] ---- [Flow] CT_START Set
[01:13:59.352] ---- [Flow] CT_START Set
[01:21:00.005] ---- [Flow] CT_START Set
[01:21:00.338] ---- [Flow] CT_START Set
[01:21:00.625] ---- [Flow] CT_START Set
[01:21:58.778] ---- [Flow] CT_START Set
[01:21:59.125] ---- [Flow] CT_START Set
[01:22:01.392] ---- [Flow] CT_START Set
[01:22:02.156] ---- [Flow] CT_START Set
[01:22:02.510] ---- [Flow] CT_START Set
[01:22:03.443] ---- [Flow] CT_START Set
[01:26:31.694] ---- [Flow] CT_STOP Set
[01:26:31.716] ---- [Event] Auto : CT_STOP
[01:26:31.717] --------- [Monitor] StopTasks() : before m_stopped
[01:26:31.858] ---- [Flow] CT_STOP Set
[01:26:32.469] --------- [Monitor] StopTasks() : m_stopped
[01:26:32.470] [m_nState] AutoStop State
[01:26:57.320] ---- [Flow] CT_START Set
[01:26:57.342] ---- [Event] AutoStop : CT_START
[01:26:57.343] [m_nState] Auto State
[01:26:58.133] ---- [Flow] CT_START Set
[01:28:12.724] ---- [Flow] CT_START Set
[01:28:13.079] ---- [Flow] CT_START Set
[01:32:27.937] ---- [Flow] CT_STOP Set
[01:32:27.959] ---- [Event] Auto : CT_STOP
[01:32:27.960] --------- [Monitor] StopTasks() : before m_stopped
[01:32:28.057] ---- [Flow] CT_STOP Set
[01:32:28.760] --------- [Monitor] StopTasks() : m_stopped
[01:32:28.761] [m_nState] AutoStop State
[01:33:13.344] ---- [Flow] CT_START Set
[01:33:13.367] ---- [Event] AutoStop : CT_START
[01:33:13.368] [m_nState] Auto State
[01:33:13.854] ---- [Flow] CT_START Set
[01:33:14.098] ---- [Flow] CT_START Set
[01:33:16.716] ---- [Flow] CT_START Set
[01:34:09.661] ---- [Flow] CT_STOP Set
[01:34:09.683] ---- [Event] Auto : CT_STOP
[01:34:09.684] --------- [Monitor] StopTasks() : before m_stopped
[01:34:11.120] --------- [Monitor] StopTasks() : m_stopped
[01:34:11.121] [m_nState] AutoStop State
[01:34:13.058] ---- [Flow] CT_START Set
[01:34:13.081] ---- [Event] AutoStop : CT_START
[01:34:13.082] [m_nState] Auto State
[01:34:17.512] ---- [Flow] CT_STOP Set
[01:34:17.535] ---- [Event] Auto : CT_STOP
[01:34:17.536] --------- [Monitor] StopTasks() : before m_stopped
[01:34:17.577] --------- [Monitor] StopTasks() : m_stopped
[01:34:17.578] [m_nState] AutoStop State
[01:34:17.581] ---- [Flow] CT_STOP Set
[01:34:17.620] ---- [Flow] CT_STOP Set
[01:37:04.451] ---- [Flow] CT_START Set
[01:37:04.473] ---- [Event] AutoStop : CT_START
[01:37:04.474] [m_nState] Auto State
[01:37:05.235] ---- [Flow] CT_START Set
[01:43:25.972] ---- [Flow] CT_STOP Set
[01:43:25.995] ---- [Event] Auto : CT_STOP
[01:43:25.996] --------- [Monitor] StopTasks() : before m_stopped
[01:43:26.075] --------- [Monitor] StopTasks() : m_stopped
[01:43:26.076] [m_nState] AutoStop State
[01:44:23.133] ---- [Flow] CT_START Set
[01:44:23.156] ---- [Event] AutoStop : CT_START
[01:44:23.157] [m_nState] Auto State
[01:44:23.842] ---- [Flow] CT_START Set
[01:45:52.517] ---- [Flow] CT_START Set
[01:45:52.780] ---- [Flow] CT_START Set
[01:45:54.663] ---- [Flow] CT_START Set
[01:53:10.675] ---- [Flow] CT_START Set
[01:53:12.709] ---- [Flow] CT_START Set
[01:57:49.933] ---- [Flow] CT_START Set
[01:57:50.274] ---- [Flow] CT_START Set
[02:00:35.432] ---- [Flow] CT_START Set
[02:00:35.800] ---- [Flow] CT_START Set
[02:00:36.088] ---- [Flow] CT_START Set
[02:01:38.418] ---- [Flow] CT_START Set
[02:01:38.666] ---- [Flow] CT_START Set
[02:01:39.336] ---- [Flow] CT_START Set
[02:08:06.033] ---- [Flow] CT_START Set
[02:09:06.435] ---- [Flow] CT_START Set
[02:20:06.917] ---- [Flow] CT_START Set
[02:20:07.634] ---- [Flow] CT_START Set
[02:20:07.872] ---- [Flow] CT_START Set
[02:20:08.495] ---- [Flow] CT_START Set
[02:20:08.878] ---- [Flow] CT_START Set
[02:20:11.331] ---- [Flow] CT_START Set
[02:20:11.612] ---- [Flow] CT_START Set
[02:20:12.451] ---- [Flow] CT_START Set
[02:20:12.817] ---- [Flow] CT_START Set
[02:20:13.486] ---- [Flow] CT_START Set
[02:20:14.166] ---- [Flow] CT_START Set
[02:20:14.393] ---- [Flow] CT_START Set
[02:20:15.157] ---- [Flow] CT_START Set
[02:20:15.909] ---- [Flow] CT_START Set
[02:20:16.202] ---- [Flow] CT_START Set
[02:20:23.346] ---- [Flow] CT_START Set
[02:20:23.643] ---- [Flow] CT_START Set
[02:22:19.016] ---- [Flow] CT_START Set
[02:22:19.280] ---- [Flow] CT_START Set
[02:22:33.723] ---- [Flow] CT_START Set
[02:22:34.251] ---- [Flow] CT_START Set
[02:22:34.504] ---- [Flow] CT_START Set
[02:22:34.772] ---- [Flow] CT_START Set
[02:27:20.587] ---- [Flow] CT_START Set
[02:27:20.943] ---- [Flow] CT_START Set
[02:28:25.365] ---- [Flow] CT_STOP Set
[02:28:25.388] ---- [Event] Auto : CT_STOP
[02:28:25.389] --------- [Monitor] StopTasks() : before m_stopped
[02:28:25.426] --------- [Monitor] StopTasks() : m_stopped
[02:28:25.427] [m_nState] AutoStop State
[02:57:47.175] ---- [Flow] CT_START Set
[02:57:47.198] ---- [Event] AutoStop : CT_START
[02:57:47.199] [m_nState] Auto State
[02:57:48.229] ---- [Flow] CT_START Set
[02:58:19.875] ---- [Flow] CT_STOP Set
[02:58:19.897] ---- [Event] Auto : CT_STOP
[02:58:19.898] --------- [Monitor] StopTasks() : before m_stopped
[02:58:21.609] --------- [Monitor] StopTasks() : m_stopped
[02:58:21.610] [m_nState] AutoStop State
[02:59:14.159] ---- [Flow] CT_START Set
[02:59:14.182] ---- [Event] AutoStop : CT_START
[02:59:14.183] [m_nState] Auto State
[03:01:39.412] ---- [Flow] CT_START Set
[03:06:24.404] ---- [Flow] CT_START Set
[03:06:24.712] ---- [Flow] CT_START Set
[03:12:24.166] ---- [Flow] CT_START Set
[03:12:24.401] ---- [Flow] CT_START Set
[03:13:07.775] ---- [Flow] CT_START Set
[03:13:08.030] ---- [Flow] CT_START Set
[03:13:10.794] ---- [Flow] CT_START Set
[03:13:12.613] ---- [Flow] CT_START Set
[03:13:38.506] ---- [Flow] CT_START Set
[03:13:38.778] ---- [Flow] CT_START Set
[03:13:40.094] ---- [Flow] CT_START Set
[03:13:40.644] ---- [Flow] CT_START Set
[03:13:41.388] ---- [Flow] CT_START Set
[03:13:41.624] ---- [Flow] CT_START Set
[03:20:24.598] ---- [Flow] CT_START Set
[03:20:24.865] ---- [Flow] CT_START Set
[03:27:28.679] ---- [Flow] CT_START Set
[03:27:28.943] ---- [Flow] CT_START Set
[03:35:03.765] ---- [Flow] CT_START Set
[03:35:04.012] ---- [Flow] CT_START Set
[03:42:02.986] ---- [Flow] CT_START Set
[03:42:03.257] ---- [Flow] CT_START Set
[03:49:01.277] ---- [Flow] CT_START Set
[03:49:01.561] ---- [Flow] CT_START Set
[03:49:01.830] ---- [Flow] CT_START Set
[03:52:26.098] ---- [Flow] CT_START Set
[03:52:26.345] ---- [Flow] CT_START Set
[03:56:21.291] ---- [Flow] CT_START Set
[03:56:21.543] ---- [Flow] CT_START Set
[03:56:27.803] ---- [Flow] CT_START Set
[03:58:55.670] ---- [Flow] CT_START Set
[03:58:55.929] ---- [Flow] CT_START Set
[04:06:21.898] ---- [Flow] CT_START Set
[04:06:22.528] ---- [Flow] CT_START Set
[04:06:22.810] ---- [Flow] CT_START Set
[04:14:11.318] ---- [Flow] CT_START Set
[04:14:11.595] ---- [Flow] CT_START Set
[04:15:01.327] ---- [Flow] CT_START Set
[04:15:01.685] ---- [Flow] CT_START Set
[04:17:00.706] ---- [Flow] CT_START Set
[04:17:01.041] ---- [Flow] CT_START Set
[04:17:01.702] ---- [Flow] CT_START Set
[04:21:40.522] ---- [Flow] CT_START Set
[04:21:40.801] ---- [Flow] CT_START Set
[04:28:43.167] ---- [Flow] CT_START Set
[04:28:43.527] ---- [Flow] CT_START Set
[04:37:19.092] ---- [Flow] CT_START Set
[04:37:19.447] ---- [Flow] CT_START Set
[04:37:20.219] ---- [Flow] CT_START Set
[04:37:31.607] ---- [Flow] CT_START Set
[04:37:33.297] ---- [Flow] CT_START Set
[04:37:33.647] ---- [Flow] CT_START Set
[04:37:34.422] ---- [Flow] CT_START Set
[04:37:35.295] ---- [Flow] CT_START Set
[04:39:13.853] ---- [Flow] CT_START Set
[04:39:14.210] ---- [Flow] CT_START Set
[04:39:15.024] ---- [Flow] CT_START Set
[04:39:15.835] ---- [Flow] CT_START Set
[04:39:16.577] ---- [Flow] CT_START Set
[04:39:17.295] ---- [Flow] CT_START Set
[04:39:17.542] ---- [Flow] CT_START Set
[04:39:18.265] ---- [Flow] CT_START Set
[04:39:18.566] ---- [Flow] CT_START Set
[04:39:33.494] ---- [Flow] CT_START Set
[04:40:03.252] ---- [Flow] CT_START Set
[04:40:08.951] ---- [Flow] CT_START Set
[04:40:44.321] ---- [Flow] CT_START Set
[04:47:18.384] ---- [Flow] CT_START Set
[04:47:18.760] ---- [Flow] CT_START Set
[04:59:57.680] ---- [Flow] CT_STOP Set
[04:59:57.703] ---- [Event] Auto : CT_STOP
[04:59:57.704] --------- [Monitor] StopTasks() : before m_stopped
[04:59:57.753] --------- [Monitor] StopTasks() : m_stopped
[04:59:57.755] [m_nState] AutoStop State
[05:14:13.949] ---- [Flow] CT_START Set
[05:14:13.971] ---- [Event] AutoStop : CT_START
[05:14:13.972] [m_nState] Auto State
[05:14:15.701] ---- [Flow] CT_START Set
[05:14:57.708] ---- [Flow] CT_STOP Set
[05:14:57.732] ---- [Event] Auto : CT_STOP
[05:14:57.733] --------- [Monitor] StopTasks() : before m_stopped
[05:14:57.796] --------- [Monitor] StopTasks() : m_stopped
[05:14:57.797] [m_nState] AutoStop State
[05:21:51.438] ---- [Flow] CT_START Set
[05:21:51.460] ---- [Event] AutoStop : CT_START
[05:21:51.461] [m_nState] Auto State
[05:21:52.181] ---- [Flow] CT_START Set
[05:25:31.920] ---- [Flow] CT_START Set
[05:25:32.252] ---- [Flow] CT_START Set
[05:37:06.613] ---- [Flow] CT_START Set
[05:37:06.967] ---- [Flow] CT_START Set
[05:58:29.006] ---- [Flow] CT_START Set
[05:58:29.351] ---- [Flow] CT_START Set
[05:58:30.056] ---- [Flow] CT_START Set
[06:00:04.523] ---- [Flow] CT_START Set
[06:00:04.876] ---- [Flow] CT_START Set
[06:13:34.115] ---- [Flow] CT_STOP Set
[06:13:34.138] ---- [Event] Auto : CT_STOP
[06:13:34.139] --------- [Monitor] StopTasks() : before m_stopped
[06:13:34.140] --------- [Monitor] StopTasks() : m_stopped
[06:13:34.141] [m_nState] AutoStop State
[06:19:46.543] ---- [Flow] CT_START Set
[06:19:46.566] ---- [Event] AutoStop : CT_START
[06:19:46.567] [m_nState] Auto State
[06:19:59.530] ---- [Flow] CT_STOP Set
[06:19:59.553] ---- [Event] Auto : CT_STOP
[06:19:59.554] --------- [Monitor] StopTasks() : before m_stopped
[06:19:59.635] --------- [Monitor] StopTasks() : m_stopped
[06:19:59.636] [m_nState] AutoStop State
[06:33:44.666] ---- [Flow] CT_START Set
[06:33:44.688] ---- [Event] AutoStop : CT_START
[06:33:44.689] [m_nState] Auto State
[06:33:46.289] ---- [Flow] CT_START Set
[06:43:53.938] ---- [Flow] CT_START Set
[06:43:54.288] ---- [Flow] CT_START Set
[06:43:54.545] ---- [Flow] CT_START Set
[06:47:43.789] ---- [Flow] CT_STOP Set
[06:47:43.811] ---- [Event] Auto : CT_STOP
[06:47:43.816] --------- [Monitor] StopTasks() : before m_stopped
[06:47:43.837] --------- [Monitor] StopTasks() : m_stopped
[06:47:43.838] [m_nState] AutoStop State
[06:52:26.962] ---- [Flow] CT_START Set
[06:52:26.986] ---- [Event] AutoStop : CT_START
[06:52:26.987] [m_nState] Auto State
[06:52:27.855] ---- [Flow] CT_START Set
[06:52:28.961] ---- [Flow] CT_START Set
[06:52:29.880] ---- [Flow] CT_START Set
[06:52:30.232] ---- [Flow] CT_START Set
[06:52:30.869] ---- [Flow] CT_START Set
[06:52:31.463] ---- [Flow] CT_START Set
[06:52:32.014] ---- [Flow] CT_START Set
[06:52:32.332] ---- [Flow] CT_START Set
[06:52:33.024] ---- [Flow] CT_START Set
[06:52:33.378] ---- [Flow] CT_START Set
[06:52:34.029] ---- [Flow] CT_START Set
[06:52:34.957] ---- [Flow] CT_START Set
[06:52:35.549] ---- [Flow] CT_START Set
[06:52:36.547] ---- [Flow] CT_START Set
[06:52:37.124] ---- [Flow] CT_START Set
[06:52:37.375] ---- [Flow] CT_START Set
[06:54:13.683] ---- [Flow] CT_START Set
[06:54:14.014] ---- [Flow] CT_START Set
[06:54:14.688] ---- [Flow] CT_START Set
[06:54:14.961] ---- [Flow] CT_START Set
[06:56:11.968] ---- [Flow] CT_START Set
[06:56:12.284] ---- [Flow] CT_START Set
[06:56:13.049] ---- [Flow] CT_START Set
[06:56:13.879] ---- [Flow] CT_START Set
[06:56:14.687] ---- [Flow] CT_START Set
[06:56:15.530] ---- [Flow] CT_START Set
[07:00:12.521] ---- [Flow] CT_START Set
[07:00:12.867] ---- [Flow] CT_START Set
[07:00:18.189] ---- [Flow] CT_START Set
[07:00:18.448] ---- [Flow] CT_START Set
[07:02:32.849] ---- [Flow] CT_START Set
[07:02:33.188] ---- [Flow] CT_START Set
[07:02:33.962] ---- [Flow] CT_START Set
[07:02:34.857] ---- [Flow] CT_START Set
[07:04:52.806] ---- [Flow] CT_START Set
[07:04:53.591] ---- [Flow] CT_START Set
[07:04:54.016] ---- [Flow] CT_START Set
[07:10:02.030] ---- [Flow] CT_STOP Set
[07:10:02.052] ---- [Event] Auto : CT_STOP
[07:10:02.053] --------- [Monitor] StopTasks() : before m_stopped
[07:10:02.335] --------- [Monitor] StopTasks() : m_stopped
[07:10:02.336] [m_nState] AutoStop State
[07:10:04.472] ---- [Flow] CT_START Set
[07:10:04.495] ---- [Event] AutoStop : CT_START
[07:10:04.496] [m_nState] Auto State
[07:10:56.763] ---- [Flow] CT_START Set
[07:11:31.192] ---- [Flow] CT_START Set
[07:11:31.465] ---- [Flow] CT_START Set
[07:11:32.334] ---- [Flow] CT_START Set
[07:18:11.614] ---- [Flow] CT_START Set
[07:18:11.887] ---- [Flow] CT_START Set
[07:18:12.797] ---- [Flow] CT_START Set
[07:18:13.656] ---- [Flow] CT_START Set
[07:21:27.025] ---- [Flow] CT_START Set
[07:26:27.541] ---- [Flow] CT_START Set
[07:26:28.183] ---- [Flow] CT_START Set
[07:26:28.534] ---- [Flow] CT_START Set
[07:31:59.766] ---- [Flow] CT_START Set
[07:33:11.595] ---- [Flow] CT_START Set
[07:33:11.940] ---- [Flow] CT_START Set
[07:33:12.853] ---- [Flow] CT_START Set
[07:33:13.211] ---- [Flow] CT_START Set
[07:33:13.875] ---- [Flow] CT_START Set
[07:33:14.728] ---- [Flow] CT_START Set
[07:33:15.421] ---- [Flow] CT_START Set
[07:33:15.777] ---- [Flow] CT_START Set
[07:34:09.506] ---- [Flow] CT_START Set
[07:34:09.779] ---- [Flow] CT_START Set
[07:34:10.651] ---- [Flow] CT_START Set
[07:34:10.981] ---- [Flow] CT_START Set
[07:34:12.200] ---- [Flow] CT_START Set
[07:34:12.503] ---- [Flow] CT_START Set
[07:34:12.801] ---- [Flow] CT_START Set
[07:34:17.794] ---- [Flow] CT_START Set
[07:34:18.065] ---- [Flow] CT_START Set
[07:34:48.375] ---- [Flow] CT_START Set
[07:35:19.212] ---- [Flow] CT_START Set
[07:35:34.103] ---- [Flow] CT_START Set
[07:39:42.605] ---- [Flow] CT_START Set
[07:39:49.924] ---- [Flow] CT_START Set
[07:41:07.060] ---- [Flow] CT_START Set
[07:41:07.879] ---- [Flow] CT_START Set
[07:41:08.196] ---- [Flow] CT_START Set
[07:41:08.544] ---- [Flow] CT_START Set
[07:41:09.187] ---- [Flow] CT_START Set
[07:41:09.903] ---- [Flow] CT_START Set
[07:41:10.128] ---- [Flow] CT_START Set
[07:41:32.761] ---- [Flow] CT_START Set
[07:41:33.115] ---- [Flow] CT_START Set
[07:41:34.011] ---- [Flow] CT_START Set
[07:42:40.984] ---- [Flow] CT_START Set
[07:42:41.270] ---- [Flow] CT_START Set
[07:42:42.305] ---- [Flow] CT_START Set
[07:42:42.997] ---- [Flow] CT_START Set
[07:42:43.287] ---- [Flow] CT_START Set
[07:42:44.164] ---- [Flow] CT_START Set
[07:42:44.861] ---- [Flow] CT_START Set
[07:42:45.117] ---- [Flow] CT_START Set
[07:42:46.030] ---- [Flow] CT_START Set
[07:42:46.359] ---- [Flow] CT_START Set
[07:42:46.972] ---- [Flow] CT_START Set
[07:42:47.776] ---- [Flow] CT_START Set
[07:42:48.123] ---- [Flow] CT_START Set
[07:42:48.783] ---- [Flow] CT_START Set
[07:48:07.614] ---- [Flow] CT_START Set
[07:48:07.973] ---- [Flow] CT_START Set
[07:56:32.750] ---- [Flow] CT_START Set
[07:56:33.017] ---- [Flow] CT_START Set
[08:07:38.695] ---- [Flow] CT_START Set
[08:07:39.042] ---- [Flow] CT_START Set
[08:07:39.861] ---- [Flow] CT_START Set
[08:07:40.815] ---- [Flow] CT_START Set
[08:07:41.651] ---- [Flow] CT_START Set
[08:07:42.577] ---- [Flow] CT_START Set
[08:07:43.341] ---- [Flow] CT_START Set
[08:14:35.334] ---- [Flow] CT_START Set
[08:14:35.698] ---- [Flow] CT_START Set
[08:19:20.415] ---- [Flow] CT_START Set
[08:19:20.831] ---- [Flow] CT_START Set
[08:26:07.266] ---- [Flow] CT_START Set
[08:26:07.628] ---- [Flow] CT_START Set
[08:31:18.052] ---- [Flow] CT_START Set
[08:42:45.552] ---- [Flow] CT_START Set
[08:42:45.905] ---- [Flow] CT_START Set
[08:42:46.662] ---- [Flow] CT_START Set
[08:42:47.527] ---- [Flow] CT_START Set
[08:42:48.262] ---- [Flow] CT_START Set
[08:42:49.136] ---- [Flow] CT_START Set
[08:42:49.911] ---- [Flow] CT_START Set
[08:42:50.750] ---- [Flow] CT_START Set
[08:42:52.026] ---- [Flow] CT_START Set
[08:42:52.357] ---- [Flow] CT_START Set
[08:42:59.185] ---- [Flow] CT_START Set
[08:58:20.641] ---- [Flow] CT_START Set
[08:58:21.016] ---- [Flow] CT_START Set
[09:05:56.269] ---- [Flow] CT_START Set
[09:06:00.329] ---- [Flow] CT_START Set
[09:06:00.682] ---- [Flow] CT_START Set
[09:06:01.408] ---- [Flow] CT_START Set
[09:06:02.129] ---- [Flow] CT_START Set
[09:06:02.948] ---- [Flow] CT_START Set
[09:06:03.741] ---- [Flow] CT_START Set
[09:06:04.607] ---- [Flow] CT_START Set
[09:06:05.403] ---- [Flow] CT_START Set
[09:06:07.940] ---- [Flow] CT_START Set
[09:06:08.274] ---- [Flow] CT_START Set
[09:06:14.729] ---- [Flow] CT_START Set
[09:06:16.357] ---- [Flow] CT_START Set
[09:06:17.347] ---- [Flow] CT_START Set
[09:06:18.171] ---- [Flow] CT_START Set
[09:08:24.095] ---- [Flow] CT_START Set
[09:08:24.434] ---- [Flow] CT_START Set
[09:08:25.322] ---- [Flow] CT_START Set
[09:08:26.226] ---- [Flow] CT_START Set
[09:08:27.025] ---- [Flow] CT_START Set
[09:14:27.349] ---- [Flow] CT_START Set
[09:14:31.237] ---- [Flow] CT_START Set
[09:14:31.606] ---- [Flow] CT_START Set
[09:14:32.363] ---- [Flow] CT_START Set
[09:14:33.139] ---- [Flow] CT_START Set
[09:14:33.949] ---- [Flow] CT_START Set
[09:22:22.150] ---- [Flow] CT_START Set
[09:22:22.472] ---- [Flow] CT_START Set
[09:28:07.599] ---- [Flow] CT_STOP Set
[09:28:07.622] ---- [Event] Auto : CT_STOP
[09:28:07.623] --------- [Monitor] StopTasks() : before m_stopped
[09:28:07.654] --------- [Monitor] StopTasks() : m_stopped
[09:28:07.656] [m_nState] AutoStop State
[09:32:14.498] ---- [Flow] CT_START Set
[09:32:14.520] ---- [Event] AutoStop : CT_START
[09:32:14.521] [m_nState] Auto State
[09:32:15.328] ---- [Flow] CT_START Set
[09:32:28.357] ---- [Flow] CT_START Set
[09:33:07.304] ---- [Flow] CT_START Set
[09:33:14.905] ---- [Flow] CT_START Set
[09:33:25.868] ---- [Flow] CT_START Set
[09:33:30.895] ---- [Flow] CT_START Set
[09:33:44.900] ---- [Flow] CT_START Set
[09:33:46.688] ---- [Flow] CT_START Set
[09:36:32.677] ---- [Flow] CT_START Set
[09:36:33.016] ---- [Flow] CT_START Set
[09:36:33.884] ---- [Flow] CT_START Set
[09:36:34.853] ---- [Flow] CT_START Set
[09:36:36.192] ---- [Flow] CT_START Set
[09:36:36.592] ---- [Flow] CT_START Set
[09:36:37.364] ---- [Flow] CT_START Set
[09:36:43.883] ---- [Flow] CT_START Set
[09:43:05.705] ---- [Flow] CT_START Set
[09:50:01.935] ---- [Flow] CT_START Set
[09:50:06.022] ---- [Flow] CT_START Set
[09:50:06.315] ---- [Flow] CT_START Set
[09:52:32.380] ---- [Flow] CT_START Set
[09:52:32.719] ---- [Flow] CT_START Set
[09:52:33.463] ---- [Flow] CT_START Set
[09:52:34.416] ---- [Flow] CT_START Set
[09:52:35.095] ---- [Flow] CT_START Set
[09:52:36.072] ---- [Flow] CT_START Set
[09:52:37.182] ---- [Flow] CT_START Set
[09:52:37.711] ---- [Flow] CT_START Set
[09:52:38.407] ---- [Flow] CT_START Set
[09:58:45.463] ---- [Flow] CT_START Set
[09:58:45.818] ---- [Flow] CT_START Set
[09:58:46.640] ---- [Flow] CT_START Set
[10:01:15.418] ---- [Flow] CT_START Set
[10:01:16.313] ---- [Flow] CT_START Set
[10:01:16.675] ---- [Flow] CT_START Set
[10:01:17.549] ---- [Flow] CT_START Set
[10:01:18.279] ---- [Flow] CT_START Set
[10:01:19.167] ---- [Flow] CT_START Set
[10:08:31.933] ---- [Flow] CT_START Set
[10:08:32.270] ---- [Flow] CT_START Set
[10:08:33.147] ---- [Flow] CT_START Set
[10:08:34.058] ---- [Flow] CT_START Set
[10:08:34.815] ---- [Flow] CT_START Set
[10:08:35.728] ---- [Flow] CT_START Set
[10:08:36.488] ---- [Flow] CT_START Set
[10:08:39.051] ---- [Flow] CT_START Set
[10:08:39.878] ---- [Flow] CT_START Set
[10:08:40.908] ---- [Flow] CT_START Set
[10:08:42.912] ---- [Flow] CT_START Set
[10:08:43.652] ---- [Flow] CT_START Set
[10:08:44.558] ---- [Flow] CT_START Set
[10:08:45.281] ---- [Flow] CT_START Set
[10:08:46.239] ---- [Flow] CT_START Set
[10:08:47.500] ---- [Flow] CT_START Set
[10:08:47.943] ---- [Flow] CT_START Set
[10:08:48.734] ---- [Flow] CT_START Set
[10:08:49.631] ---- [Flow] CT_START Set
[10:08:50.941] ---- [Flow] CT_START Set
[10:08:51.297] ---- [Flow] CT_START Set
[10:08:52.596] ---- [Flow] CT_START Set
[10:08:52.972] ---- [Flow] CT_START Set
[10:08:53.744] ---- [Flow] CT_START Set
[10:24:39.654] ---- [Flow] CT_START Set
[10:25:11.083] ---- [Flow] CT_START Set
[10:25:11.368] ---- [Flow] CT_START Set
[10:25:41.700] ---- [Flow] CT_START Set
[10:25:42.535] ---- [Flow] CT_START Set
[10:25:42.902] ---- [Flow] CT_START Set
[10:25:43.759] ---- [Flow] CT_START Set
[10:25:44.522] ---- [Flow] CT_START Set
[10:25:45.400] ---- [Flow] CT_START Set
[10:25:46.161] ---- [Flow] CT_START Set
[10:25:47.028] ---- [Flow] CT_START Set
[10:25:47.724] ---- [Flow] CT_START Set
[10:25:49.245] ---- [Flow] CT_START Set
[10:25:49.606] ---- [Flow] CT_START Set
[10:25:50.326] ---- [Flow] CT_START Set
[10:25:51.065] ---- [Flow] CT_START Set
[10:25:51.951] ---- [Flow] CT_START Set
[10:25:52.669] ---- [Flow] CT_START Set
[10:25:53.582] ---- [Flow] CT_START Set
[10:25:54.280] ---- [Flow] CT_START Set
[10:25:55.738] ---- [Flow] CT_START Set
[10:25:56.068] ---- [Flow] CT_START Set
[10:25:56.892] ---- [Flow] CT_START Set
[10:25:57.666] ---- [Flow] CT_START Set
[10:25:58.548] ---- [Flow] CT_START Set
[10:25:59.202] ---- [Flow] CT_START Set
[10:26:00.161] ---- [Flow] CT_START Set
[10:31:57.686] ---- [Flow] CT_START Set
[10:31:58.040] ---- [Flow] CT_START Set
[10:31:58.918] ---- [Flow] CT_START Set
[10:31:59.806] ---- [Flow] CT_START Set
[10:32:00.590] ---- [Flow] CT_START Set
[10:32:01.495] ---- [Flow] CT_START Set
[10:32:02.263] ---- [Flow] CT_START Set
[10:32:03.144] ---- [Flow] CT_START Set
[10:32:03.914] ---- [Flow] CT_START Set
[10:35:47.060] ---- [Flow] CT_START Set
[10:35:47.988] ---- [Flow] CT_START Set
[10:35:48.282] ---- [Flow] CT_START Set
[10:35:49.159] ---- [Flow] CT_START Set
[10:35:49.915] ---- [Flow] CT_START Set
[10:35:50.788] ---- [Flow] CT_START Set
[10:35:52.028] ---- [Flow] CT_START Set
[10:35:52.454] ---- [Flow] CT_START Set
[10:35:53.215] ---- [Flow] CT_START Set
[10:35:54.038] ---- [Flow] CT_START Set
[10:35:54.844] ---- [Flow] CT_START Set
[10:35:56.778] ---- [Flow] CT_START Set
[10:35:58.026] ---- [Flow] CT_START Set
[10:35:58.384] ---- [Flow] CT_START Set
[10:35:59.247] ---- [Flow] CT_START Set
[10:36:00.123] ---- [Flow] CT_START Set
[10:36:00.900] ---- [Flow] CT_START Set
[10:36:01.772] ---- [Flow] CT_START Set
[10:36:03.080] ---- [Flow] CT_START Set
[10:36:03.440] ---- [Flow] CT_START Set
[10:36:04.267] ---- [Flow] CT_START Set
[10:36:05.169] ---- [Flow] CT_START Set
[10:36:05.929] ---- [Flow] CT_START Set
[10:36:06.731] ---- [Flow] CT_START Set
[10:42:04.464] ---- [Flow] CT_START Set
[10:42:04.824] ---- [Flow] CT_START Set
[10:43:32.696] ---- [Flow] CT_START Set
[10:43:33.682] ---- [Flow] CT_START Set
[10:51:50.101] ---- [Flow] CT_START Set
[10:51:51.009] ---- [Flow] CT_START Set
[10:51:51.357] ---- [Flow] CT_START Set
[10:51:52.248] ---- [Flow] CT_START Set
[10:51:53.041] ---- [Flow] CT_START Set
[11:16:38.276] ---- [Flow] CT_START Set
[11:16:41.623] ---- [Flow] CT_START Set
[11:27:06.871] ---- [Flow] CT_START Set
[11:27:07.246] ---- [Flow] CT_START Set
[11:27:10.199] ---- [Flow] CT_START Set
[11:27:12.338] ---- [Flow] CT_START Set
[11:27:58.598] ---- [Flow] CT_START Set
[11:30:15.389] ---- [Flow] CT_START Set
[11:30:17.666] ---- [Flow] CT_START Set
[11:30:18.029] ---- [Flow] CT_START Set
[11:30:30.834] ---- [Flow] CT_START Set
[11:36:29.573] ---- [Flow] CT_START Set
[11:37:55.064] ---- [Flow] CT_START Set
[11:37:55.794] ---- [Flow] CT_START Set
[11:37:56.224] ---- [Flow] CT_START Set
[11:37:57.196] ---- [Flow] CT_START Set
[11:37:57.948] ---- [Flow] CT_START Set
[11:37:58.854] ---- [Flow] CT_START Set
[11:37:59.536] ---- [Flow] CT_START Set
[11:38:00.408] ---- [Flow] CT_START Set
[11:38:01.123] ---- [Flow] CT_START Set
[11:38:08.171] ---- [Flow] CT_START Set
[11:44:04.720] ---- [Flow] CT_START Set
[11:44:05.075] ---- [Flow] CT_START Set
[11:44:05.968] ---- [Flow] CT_START Set
[11:48:01.369] ---- [Flow] CT_STOP Set
[11:48:01.391] ---- [Event] Auto : CT_STOP
[11:48:01.392] --------- [Monitor] StopTasks() : before m_stopped
[11:48:02.619] --------- [Monitor] StopTasks() : m_stopped
[11:48:02.620] [m_nState] AutoStop State
[12:29:06.237] ---- [Flow] CT_START Set
[12:29:06.259] ---- [Event] AutoStop : CT_START
[12:29:06.260] [m_nState] Auto State
[12:29:07.304] ---- [Flow] CT_START Set
[12:32:31.516] ---- [Flow] CT_STOP Set
[12:32:31.539] ---- [Event] Auto : CT_STOP
[12:32:31.540] --------- [Monitor] StopTasks() : before m_stopped
[12:32:31.874] --------- [Monitor] StopTasks() : m_stopped
[12:32:31.875] [m_nState] AutoStop State
[12:34:08.269] ---- [Flow] CT_START Set
[12:34:08.291] ---- [Event] AutoStop : CT_START
[12:34:08.292] [m_nState] Auto State
[12:34:09.231] ---- [Flow] CT_START Set
[12:37:11.829] ---- [Flow] CT_START Set
[12:37:12.100] ---- [Flow] CT_START Set
[12:37:12.967] ---- [Flow] CT_START Set
[12:37:13.770] ---- [Flow] CT_START Set
[12:37:15.081] ---- [Flow] CT_START Set
[12:37:16.017] ---- [Flow] CT_START Set
[12:37:16.373] ---- [Flow] CT_START Set
[12:37:17.111] ---- [Flow] CT_START Set
[12:37:17.850] ---- [Flow] CT_START Set
[12:37:18.708] ---- [Flow] CT_START Set
[12:37:19.477] ---- [Flow] CT_START Set
[12:44:38.835] ---- [Flow] CT_START Set
[12:44:39.188] ---- [Flow] CT_START Set
[12:44:40.104] ---- [Flow] CT_START Set
[12:44:40.822] ---- [Flow] CT_START Set
[12:44:41.085] ---- [Flow] CT_START Set
[12:44:41.952] ---- [Flow] CT_START Set
[12:44:42.323] ---- [Flow] CT_START Set
[12:44:42.922] ---- [Flow] CT_START Set
[12:44:44.261] ---- [Flow] CT_START Set
[12:44:44.741] ---- [Flow] CT_START Set
[12:44:45.445] ---- [Flow] CT_START Set
[12:44:45.668] ---- [Flow] CT_START Set
[12:57:54.044] ---- [Flow] CT_START Set
[12:57:54.407] ---- [Flow] CT_START Set
[12:57:55.214] ---- [Flow] CT_START Set
[13:05:40.245] ---- [Flow] CT_START Set
[13:05:40.593] ---- [Flow] CT_START Set
[13:05:41.445] ---- [Flow] CT_START Set
[13:05:41.754] ---- [Flow] CT_START Set
[13:05:42.488] ---- [Flow] CT_START Set
[13:05:43.318] ---- [Flow] CT_START Set
[13:05:44.034] ---- [Flow] CT_START Set
[13:05:44.387] ---- [Flow] CT_START Set
[13:05:45.247] ---- [Flow] CT_START Set
[13:05:45.606] ---- [Flow] CT_START Set
[13:05:46.257] ---- [Flow] CT_START Set
[13:05:47.092] ---- [Flow] CT_START Set
[13:05:47.812] ---- [Flow] CT_START Set
[13:05:48.059] ---- [Flow] CT_START Set
[13:05:49.030] ---- [Flow] CT_START Set
[13:05:49.326] ---- [Flow] CT_START Set
[13:11:54.086] ---- [Flow] CT_START Set
[13:11:54.854] ---- [Flow] CT_START Set
[13:11:55.187] ---- [Flow] CT_START Set
[13:11:55.514] ---- [Flow] CT_START Set
[13:11:56.195] ---- [Flow] CT_START Set
[13:11:57.018] ---- [Flow] CT_START Set
[13:11:57.757] ---- [Flow] CT_START Set
[13:11:58.789] ---- [Flow] CT_START Set
[13:11:59.069] ---- [Flow] CT_START Set
[13:11:59.830] ---- [Flow] CT_START Set
[13:12:00.491] ---- [Flow] CT_START Set
[13:12:00.762] ---- [Flow] CT_START Set
[13:12:02.068] ---- [Flow] CT_START Set
[13:12:02.343] ---- [Flow] CT_START Set
[13:12:02.683] ---- [Flow] CT_START Set
[13:12:04.350] ---- [Flow] CT_START Set
[13:12:05.292] ---- [Flow] CT_START Set
[13:12:05.584] ---- [Flow] CT_START Set
[13:12:06.327] ---- [Flow] CT_START Set
[13:12:07.002] ---- [Flow] CT_START Set
[13:12:07.291] ---- [Flow] CT_START Set
[13:12:08.053] ---- [Flow] CT_START Set
[13:12:08.861] ---- [Flow] CT_START Set
[13:12:09.141] ---- [Flow] CT_START Set
[13:12:10.295] ---- [Flow] CT_START Set
[13:12:10.707] ---- [Flow] CT_START Set
[13:12:10.887] ---- [Flow] CT_START Set
[13:12:11.638] ---- [Flow] CT_START Set
[13:12:12.350] ---- [Flow] CT_START Set
[13:12:48.653] ---- [Flow] CT_START Set
[13:12:48.972] ---- [Flow] CT_START Set
[13:12:49.678] ---- [Flow] CT_START Set
[13:12:49.931] ---- [Flow] CT_START Set
[13:12:50.726] ---- [Flow] CT_START Set
[13:12:56.383] ---- [Flow] CT_START Set
[13:12:56.616] ---- [Flow] CT_START Set
[13:12:56.859] ---- [Flow] CT_START Set
[13:12:58.813] ---- [Flow] CT_START Set
[13:13:00.108] ---- [Flow] CT_START Set
[13:13:00.387] ---- [Flow] CT_START Set
[13:13:01.179] ---- [Flow] CT_START Set
[13:13:01.471] ---- [Flow] CT_START Set
[13:13:02.253] ---- [Flow] CT_START Set
[13:13:03.020] ---- [Flow] CT_START Set
[13:13:03.363] ---- [Flow] CT_START Set
[13:16:02.869] ---- [Flow] CT_START Set
[13:16:03.210] ---- [Flow] CT_START Set
[13:16:03.975] ---- [Flow] CT_START Set
[13:16:04.333] ---- [Flow] CT_START Set
[13:16:05.063] ---- [Flow] CT_START Set
[13:16:05.625] ---- [Flow] CT_START Set
[13:26:44.996] ---- [Flow] CT_START Set
[13:26:59.950] ---- [Flow] CT_START Set
[13:27:07.477] ---- [Flow] CT_START Set
[13:34:15.874] ---- [Flow] CT_START Set
[13:34:21.263] ---- [Flow] CT_START Set
[13:34:21.574] ---- [Flow] CT_START Set
[13:48:08.615] ---- [Flow] CT_START Set
[13:48:09.089] ---- [Flow] CT_START Set
[13:53:00.773] ---- [Flow] CT_START Set
[13:53:04.056] ---- [Flow] CT_START Set
[13:53:04.370] ---- [Flow] CT_START Set
[13:55:24.465] ---- [Flow] CT_START Set
[13:55:27.663] ---- [Flow] CT_START Set
[13:59:31.987] ---- [Flow] CT_START Set
[13:59:35.175] ---- [Flow] CT_START Set
[13:59:35.518] ---- [Flow] CT_START Set
[13:59:36.267] ---- [Flow] CT_START Set
[13:59:40.958] ---- [Flow] CT_START Set
[14:00:39.846] ---- [Flow] CT_START Set
[14:07:57.597] ---- [Flow] CT_START Set
[14:07:57.939] ---- [Flow] CT_START Set
[14:08:24.763] ---- [Flow] CT_START Set
[14:08:25.233] ---- [Flow] CT_START Set
[14:08:25.492] ---- [Flow] CT_START Set
[14:09:50.434] ---- [Flow] CT_STOP Set
[14:09:50.457] ---- [Event] Auto : CT_STOP
[14:09:50.458] --------- [Monitor] StopTasks() : before m_stopped
[14:09:52.353] --------- [Monitor] StopTasks() : m_stopped
[14:09:52.355] [m_nState] AutoStop State
[14:09:55.015] ---- [Flow] CT_START Set
[14:09:55.038] ---- [Event] AutoStop : CT_START
[14:09:55.039] [m_nState] Auto State
[14:09:55.856] ---- [Flow] CT_START Set
[14:10:06.749] ---- [Flow] CT_START Set
[14:10:15.123] ---- [Flow] CT_START Set
[14:10:22.654] ---- [Flow] CT_START Set
[14:10:27.041] ---- [Flow] CT_START Set
[14:24:30.877] ---- [Flow] CT_START Set
[14:24:44.527] ---- [Flow] CT_START Set
[14:24:45.472] ---- [Flow] CT_START Set
[14:25:13.958] ---- [Flow] CT_START Set
[14:25:14.200] ---- [Flow] CT_START Set
[14:25:15.919] ---- [Flow] CT_START Set
[14:25:17.207] ---- [Flow] CT_START Set
[14:25:19.863] ---- [Flow] CT_START Set
[14:25:21.510] ---- [Flow] CT_START Set
[14:25:21.851] ---- [Flow] CT_START Set
[14:25:22.684] ---- [Flow] CT_START Set
[14:25:31.077] ---- [Flow] CT_START Set
[14:25:31.429] ---- [Flow] CT_START Set
[14:25:52.718] ---- [Flow] CT_START Set
[14:26:32.029] ---- [Flow] CT_START Set
[14:27:07.311] ---- [Flow] CT_START Set
[14:36:38.987] ---- [Flow] CT_START Set
[14:36:53.237] ---- [Flow] CT_START Set
[14:37:02.360] ---- [Flow] CT_START Set
[14:37:02.691] ---- [Flow] CT_START Set
[14:37:04.066] ---- [Flow] CT_START Set
[14:43:49.426] ---- [Flow] CT_START Set
[14:43:49.770] ---- [Flow] CT_START Set
[14:45:07.709] ---- [Flow] CT_START Set
[14:45:08.080] ---- [Flow] CT_START Set
[14:45:08.912] ---- [Flow] CT_START Set
[14:45:09.279] ---- [Flow] CT_START Set
[14:45:10.159] ---- [Flow] CT_START Set
[14:45:14.581] ---- [Flow] CT_START Set
[14:45:14.913] ---- [Flow] CT_START Set
[14:51:46.201] ---- [Flow] CT_START Set
[14:51:46.461] ---- [Flow] CT_START Set
[15:02:26.414] ---- [Flow] CT_START Set
[15:02:26.764] ---- [Flow] CT_START Set
[15:02:29.422] ---- [Flow] CT_START Set
[15:02:29.844] ---- [Flow] CT_START Set
[15:02:30.191] ---- [Flow] CT_START Set
[15:02:47.426] ---- [Flow] CT_START Set
[15:02:47.708] ---- [Flow] CT_START Set
[15:02:52.766] ---- [Flow] CT_START Set
[15:02:53.022] ---- [Flow] CT_START Set
[15:02:53.958] ---- [Flow] CT_START Set
[15:02:55.632] ---- [Flow] CT_START Set
[15:02:56.171] ---- [Flow] CT_START Set
[15:02:56.529] ---- [Flow] CT_START Set
[15:02:57.291] ---- [Flow] CT_START Set
[15:03:00.357] ---- [Flow] CT_START Set
[15:03:00.690] ---- [Flow] CT_START Set
[15:09:00.631] ---- [Flow] CT_START Set
[15:09:00.988] ---- [Flow] CT_START Set
[15:09:01.859] ---- [Flow] CT_START Set
[15:09:02.884] ---- [Flow] CT_START Set
[15:09:03.504] ---- [Flow] CT_START Set
[15:10:12.474] ---- [Flow] CT_START Set
[15:10:12.916] ---- [Flow] CT_START Set
[15:16:17.269] ---- [Flow] CT_START Set
[15:16:17.620] ---- [Flow] CT_START Set
[15:16:18.635] ---- [Flow] CT_START Set
[15:16:19.385] ---- [Flow] CT_START Set
[15:25:07.065] ---- [Flow] CT_START Set
[15:25:07.416] ---- [Flow] CT_START Set
[15:25:08.280] ---- [Flow] CT_START Set
[15:42:52.787] ---- [Flow] CT_START Set
[15:42:53.055] ---- [Flow] CT_START Set
[15:42:53.932] ---- [Flow] CT_START Set
[15:42:54.639] ---- [Flow] CT_START Set
[15:42:55.020] ---- [Flow] CT_START Set
[15:42:57.846] ---- [Flow] CT_START Set
[15:42:58.212] ---- [Flow] CT_START Set
[15:43:04.565] ---- [Flow] CT_START Set
[15:43:04.862] ---- [Flow] CT_START Set
[15:43:05.734] ---- [Flow] CT_START Set
[15:43:06.728] ---- [Flow] CT_START Set
[15:44:53.162] ---- [Flow] CT_START Set
[15:44:53.456] ---- [Flow] CT_START Set
[15:44:54.449] ---- [Flow] CT_START Set
[15:44:55.260] ---- [Flow] CT_START Set
[15:44:56.375] ---- [Flow] CT_START Set
[15:45:01.667] ---- [Flow] CT_START Set
[15:46:30.906] ---- [Flow] CT_START Set
[15:46:31.170] ---- [Flow] CT_START Set
[15:46:31.956] ---- [Flow] CT_START Set
[15:46:32.244] ---- [Flow] CT_START Set
[15:46:32.996] ---- [Flow] CT_START Set
[15:46:33.778] ---- [Flow] CT_START Set
[15:50:32.275] ---- [Flow] CT_START Set
[15:50:37.941] ---- [Flow] CT_START Set
[15:50:48.541] ---- [Flow] CT_START Set
[15:50:48.909] ---- [Flow] CT_START Set
[15:50:49.189] ---- [Flow] CT_START Set
[15:50:49.474] ---- [Flow] CT_START Set
[15:50:51.468] ---- [Flow] CT_START Set
[15:50:58.928] ---- [Flow] CT_START Set
[15:51:08.476] ---- [Flow] CT_START Set
[15:51:23.141] ---- [Flow] CT_START Set
[15:51:23.236] ---- [Flow] CT_START Set
[15:53:01.105] ---- [Flow] CT_START Set
[15:53:01.356] ---- [Flow] CT_START Set
[15:53:02.505] ---- [Flow] CT_START Set
[15:53:06.384] ---- [Flow] CT_START Set
[15:53:15.562] ---- [Flow] CT_START Set
[15:53:15.887] ---- [Flow] CT_START Set
[15:53:20.742] ---- [Flow] CT_START Set
[16:00:55.435] ---- [Flow] CT_START Set
[16:00:55.730] ---- [Flow] CT_START Set
[16:00:56.629] ---- [Flow] CT_START Set
[16:00:56.905] ---- [Flow] CT_START Set
[16:00:57.678] ---- [Flow] CT_START Set
[16:00:58.410] ---- [Flow] CT_START Set
[16:01:00.334] ---- [Flow] CT_START Set
[16:01:00.597] ---- [Flow] CT_START Set
[16:01:01.500] ---- [Flow] CT_START Set
[16:01:01.938] ---- [Flow] CT_START Set
[16:01:04.080] ---- [Flow] CT_START Set
[16:09:31.750] ---- [Flow] CT_START Set
[16:09:32.351] ---- [Flow] CT_START Set
[16:09:32.689] ---- [Flow] CT_START Set
[16:10:29.947] ---- [Flow] CT_START Set
[16:10:31.513] ---- [Flow] CT_START Set
[16:12:04.051] ---- [Flow] CT_START Set
[16:12:04.368] ---- [Flow] CT_START Set
[16:12:06.068] ---- [Flow] CT_START Set
[16:12:13.950] ---- [Flow] CT_START Set
[16:12:14.309] ---- [Flow] CT_START Set
[16:12:15.125] ---- [Flow] CT_START Set
[16:12:16.694] ---- [Flow] CT_START Set
[16:14:58.250] ---- [Flow] CT_STOP Set
[16:14:58.272] ---- [Event] Auto : CT_STOP
[16:14:58.273] --------- [Monitor] StopTasks() : before m_stopped
[16:14:58.357] --------- [Monitor] StopTasks() : m_stopped
[16:14:58.358] [m_nState] AutoStop State
[16:14:58.375] ---- [Flow] CT_STOP Set
[16:14:58.409] ---- [Flow] CT_STOP Set
[19:00:17.747] ---- [Flow] CT_START Set
[19:00:17.770] ---- [Event] AutoStop : CT_START
[19:00:17.771] [m_nState] Auto State
[19:00:18.496] ---- [Flow] CT_START Set
[19:03:20.246] ---- [Flow] CT_START Set
[19:03:20.583] ---- [Flow] CT_START Set
[19:14:32.775] ---- [Flow] CT_STOP Set
[19:14:32.797] ---- [Event] Auto : CT_STOP
[19:14:32.798] --------- [Monitor] StopTasks() : before m_stopped
[19:14:32.799] --------- [Monitor] StopTasks() : m_stopped
[19:14:32.800] [m_nState] AutoStop State
[19:20:56.059] ---- [Flow] CT_START Set
[19:20:56.082] ---- [Event] AutoStop : CT_START
[19:20:56.083] [m_nState] Auto State
[19:20:56.781] ---- [Flow] CT_START Set
[19:25:13.932] ---- [Flow] CT_START Set
[19:25:14.270] ---- [Flow] CT_START Set
[19:32:43.830] ---- [Flow] CT_START Set
[19:32:44.099] ---- [Flow] CT_START Set
[19:39:13.252] ---- [Flow] CT_START Set
[19:39:13.596] ---- [Flow] CT_START Set
[19:47:31.399] ---- [Flow] CT_START Set
[19:47:31.753] ---- [Flow] CT_START Set
[19:48:58.536] ---- [Flow] CT_START Set
[19:48:58.877] ---- [Flow] CT_START Set
[19:49:00.828] ---- [Flow] CT_START Set
[19:49:01.452] ---- [Flow] CT_START Set
[19:49:02.288] ---- [Flow] CT_START Set
[19:49:33.174] ---- [Flow] CT_START Set
[19:49:33.507] ---- [Flow] CT_START Set
[19:56:39.084] ---- [Flow] CT_START Set
[19:56:39.417] ---- [Flow] CT_START Set
[19:56:56.132] ---- [Flow] CT_START Set
[19:56:56.424] ---- [Flow] CT_START Set
[20:12:04.092] ---- [Flow] CT_START Set
[20:12:04.353] ---- [Flow] CT_START Set
[20:12:35.950] ---- [Flow] CT_START Set
[20:12:36.258] ---- [Flow] CT_START Set
[20:19:36.941] ---- [Flow] CT_START Set
[20:19:37.286] ---- [Flow] CT_START Set
[20:27:41.184] ---- [Flow] CT_START Set
[20:27:41.458] ---- [Flow] CT_START Set
[20:27:42.945] ---- [Flow] CT_START Set
[20:27:43.307] ---- [Flow] CT_START Set
[20:28:13.645] ---- [Flow] CT_START Set
[20:28:13.901] ---- [Flow] CT_START Set
[20:28:53.690] ---- [Flow] CT_START Set
[20:28:53.972] ---- [Flow] CT_START Set
[20:30:06.049] ---- [Flow] CT_START Set
[20:30:06.402] ---- [Flow] CT_START Set
[20:38:02.813] ---- [Flow] CT_START Set
[20:38:03.126] ---- [Flow] CT_START Set
[20:42:58.309] ---- [Flow] CT_START Set
[20:44:08.166] ---- [Flow] CT_STOP Set
[20:44:08.190] ---- [Event] Auto : CT_STOP
[20:44:08.191] --------- [Monitor] StopTasks() : before m_stopped
[20:44:08.218] --------- [Monitor] StopTasks() : m_stopped
[20:44:08.219] [m_nState] AutoStop State
[20:44:10.417] ---- [Flow] CT_START Set
[20:44:10.440] ---- [Event] AutoStop : CT_START
[20:44:10.441] [m_nState] Auto State
[20:44:11.145] ---- [Flow] CT_START Set
[20:47:22.281] ---- [Flow] CT_START Set
[20:47:22.541] ---- [Flow] CT_START Set
[20:49:07.236] ---- [Flow] CT_START Set
[20:49:07.585] ---- [Flow] CT_START Set
[20:49:08.471] ---- [Flow] CT_START Set
[20:54:40.440] ---- [Flow] CT_START Set
[20:54:40.695] ---- [Flow] CT_START Set
[20:56:18.161] ---- [Flow] CT_START Set
[20:56:18.420] ---- [Flow] CT_START Set
[21:02:02.252] ---- [Flow] CT_START Set
[21:02:02.486] ---- [Flow] CT_START Set
[21:09:18.759] ---- [Flow] CT_START Set
[21:09:19.046] ---- [Flow] CT_START Set
[21:16:42.082] ---- [Flow] CT_START Set
[21:16:42.362] ---- [Flow] CT_START Set
[21:18:50.166] ---- [Flow] CT_START Set
[21:18:50.475] ---- [Flow] CT_START Set
[21:24:19.331] ---- [Flow] CT_START Set
[21:24:19.598] ---- [Flow] CT_START Set
[21:30:31.517] ---- [Flow] CT_START Set
[21:31:20.986] ---- [Flow] CT_START Set
[21:31:21.226] ---- [Flow] CT_START Set
[21:31:22.033] ---- [Flow] CT_START Set
[21:31:30.608] ---- [Flow] CT_START Set
[21:31:31.566] ---- [Flow] CT_START Set
[21:32:08.267] ---- [Flow] CT_START Set
[21:32:08.591] ---- [Flow] CT_START Set
[21:32:09.995] ---- [Flow] CT_START Set
[21:32:10.437] ---- [Flow] CT_START Set
[21:32:11.234] ---- [Flow] CT_START Set
[21:32:11.936] ---- [Flow] CT_START Set
[21:32:12.291] ---- [Flow] CT_START Set
[21:39:20.936] ---- [Flow] CT_START Set
[21:39:21.294] ---- [Flow] CT_START Set
[21:39:22.083] ---- [Flow] CT_START Set
[21:39:22.465] ---- [Flow] CT_START Set
[21:39:26.116] ---- [Flow] CT_START Set
[21:40:53.875] ---- [Flow] CT_START Set
[21:40:54.204] ---- [Flow] CT_START Set
[21:49:10.811] ---- [Flow] CT_START Set
[21:49:11.590] ---- [Flow] CT_START Set
[21:49:11.863] ---- [Flow] CT_START Set
[21:52:45.833] ---- [Flow] CT_START Set
[21:52:46.098] ---- [Flow] CT_START Set
[21:56:20.538] ---- [Flow] CT_START Set
[21:56:20.780] ---- [Flow] CT_START Set
[21:58:01.457] ---- [Flow] CT_STOP Set
[21:58:01.479] ---- [Event] Auto : CT_STOP
[21:58:01.480] --------- [Monitor] StopTasks() : before m_stopped
[21:58:01.520] ---- [Flow] CT_STOP Set
[21:58:01.566] ---- [Flow] CT_STOP Set
[21:58:01.607] --------- [Monitor] StopTasks() : m_stopped
[21:58:01.608] [m_nState] AutoStop State
[21:58:01.612] ---- [Flow] CT_STOP Set
[22:00:33.974] ---- [Flow] CT_START Set
[22:00:33.997] ---- [Event] AutoStop : CT_START
[22:00:33.998] [m_nState] Auto State
[22:01:27.298] ---- [Flow] CT_STOP Set
[22:01:27.321] ---- [Event] Auto : CT_STOP
[22:01:27.322] --------- [Monitor] StopTasks() : before m_stopped
[22:01:27.367] ---- [Flow] CT_STOP Set
[22:01:27.413] ---- [Flow] CT_STOP Set
[22:01:27.490] --------- [Monitor] StopTasks() : m_stopped
[22:01:27.491] [m_nState] AutoStop State
[22:01:50.770] ---- [Flow] CT_START Set
[22:01:50.792] ---- [Event] AutoStop : CT_START
[22:01:50.793] [m_nState] Auto State
[22:01:51.925] ---- [Flow] CT_STOP Set
[22:01:51.948] ---- [Event] Auto : CT_STOP
[22:01:51.949] --------- [Monitor] StopTasks() : before m_stopped
[22:01:52.036] ---- [Flow] CT_STOP Set
[22:01:52.055] --------- [Monitor] StopTasks() : m_stopped
[22:01:52.056] [m_nState] AutoStop State
[22:01:52.741] ---- [Flow] CT_START Set
[22:01:52.763] ---- [Event] AutoStop : CT_START
[22:01:52.764] [m_nState] Auto State
[22:01:53.693] ---- [Flow] CT_START Set
[22:11:31.142] ---- [Flow] CT_START Set
[22:11:31.388] ---- [Flow] CT_START Set
[22:11:32.235] ---- [Flow] CT_START Set
[22:12:57.610] ---- [Flow] CT_START Set
[22:12:57.837] ---- [Flow] CT_START Set
[22:13:47.579] ---- [Flow] CT_START Set
[22:13:47.925] ---- [Flow] CT_START Set
[22:13:49.120] ---- [Flow] CT_START Set
[22:14:02.082] ---- [Flow] CT_START Set
[22:14:02.348] ---- [Flow] CT_START Set
[22:17:19.398] ---- [Flow] CT_START Set
[22:17:19.670] ---- [Flow] CT_START Set
[22:23:10.901] ---- [Flow] CT_START Set
[22:23:11.127] ---- [Flow] CT_START Set
[22:30:42.963] ---- [Flow] CT_START Set
[22:30:43.339] ---- [Flow] CT_START Set
[22:53:02.787] ---- [Flow] CT_START Set
[22:53:03.054] ---- [Flow] CT_START Set
[23:02:19.482] ---- [Flow] CT_START Set
[23:02:19.802] ---- [Flow] CT_START Set
[23:07:44.094] ---- [Flow] CT_STOP Set
[23:07:44.117] ---- [Event] Auto : CT_STOP
[23:07:44.118] --------- [Monitor] StopTasks() : before m_stopped
[23:07:44.168] ---- [Flow] CT_STOP Set
[23:07:44.212] ---- [Flow] CT_STOP Set
[23:07:44.263] ---- [Flow] CT_STOP Set
[23:07:44.309] ---- [Flow] CT_STOP Set
[23:07:44.591] --------- [Monitor] StopTasks() : m_stopped
[23:07:44.592] [m_nState] AutoStop State
[23:07:47.833] ---- [Flow] CT_START Set
[23:07:47.856] ---- [Event] AutoStop : CT_START
[23:07:47.857] [m_nState] Auto State
[23:07:48.383] ---- [Flow] CT_START Set
[23:08:43.372] ---- [Flow] CT_START Set
[23:08:43.652] ---- [Flow] CT_START Set
[23:09:28.875] ---- [Flow] CT_START Set
[23:09:29.121] ---- [Flow] CT_START Set
[23:10:02.271] ---- [Flow] CT_START Set
[23:10:02.529] ---- [Flow] CT_START Set
[23:12:28.851] ---- [Flow] CT_STOP Set
[23:12:28.875] ---- [Event] Auto : CT_STOP
[23:12:28.875] --------- [Monitor] StopTasks() : before m_stopped
[23:12:28.876] --------- [Monitor] StopTasks() : m_stopped
[23:12:28.877] [m_nState] AutoStop State
[23:12:36.152] ---- [Flow] CT_START Set
[23:12:36.174] ---- [Event] AutoStop : CT_START
[23:12:36.175] [m_nState] Auto State
[23:12:36.618] ---- [Flow] CT_START Set
[23:12:52.894] ---- [Flow] CT_START Set
[23:13:27.476] ---- [Flow] CT_START Set
[23:17:27.952] ---- [Flow] CT_START Set
[23:17:28.197] ---- [Flow] CT_START Set
[23:18:19.522] ---- [Flow] CT_START Set
[23:18:19.883] ---- [Flow] CT_START Set
[23:24:45.309] ---- [Flow] CT_START Set
[23:24:45.568] ---- [Flow] CT_START Set
[23:30:10.909] ---- [Flow] CT_START Set
[23:30:11.261] ---- [Flow] CT_START Set
[23:32:26.017] ---- [Flow] CT_START Set
[23:32:26.801] ---- [Flow] CT_START Set
[23:32:27.074] ---- [Flow] CT_START Set
[23:39:42.629] ---- [Flow] CT_START Set
[23:39:42.940] ---- [Flow] CT_START Set
[23:43:43.219] ---- [Flow] CT_START Set
[23:43:43.599] ---- [Flow] CT_START Set
[23:50:19.578] ---- [Flow] CT_START Set
[23:50:20.329] ---- [Flow] CT_START Set
[23:50:20.565] ---- [Flow] CT_START Set
