[00:21:12.514] ---- [Flow] CT_STOP Set
[00:21:12.537] ---- [Event] Auto : CT_STOP
[00:21:12.538] --------- [Monitor] StopTasks() : before m_stopped
[00:21:12.625] --------- [Monitor] StopTasks() : m_stopped
[00:21:12.626] [m_nState] AutoStop State
[00:29:11.290] ---- [Flow] CT_START Set
[00:29:11.313] ---- [Event] AutoStop : CT_START
[00:29:11.314] [m_nState] Auto State
[00:29:12.080] ---- [Flow] CT_START Set
[00:31:24.235] ---- [Flow] CT_START Set
[00:31:41.040] ---- [Flow] CT_START Set
[00:32:11.105] ---- [Flow] CT_START Set
[02:20:45.586] ---- [Flow] CT_STOP Set
[02:20:45.607] ---- [Event] Auto : CT_STOP
[02:20:45.607] --------- [Monitor] StopTasks() : before m_stopped
[02:20:45.727] --------- [Monitor] StopTasks() : m_stopped
[02:20:45.727] [m_nState] AutoStop State
[02:29:11.885] ---- [Flow] CT_START Set
[02:29:11.906] ---- [Event] AutoStop : CT_START
[02:29:11.906] [m_nState] Auto State
[02:29:12.489] ---- [Flow] CT_START Set
[04:10:40.446] ---- [Flow] CT_STOP Set
[04:10:40.468] ---- [Event] Auto : CT_STOP
[04:10:40.468] --------- [Monitor] StopTasks() : before m_stopped
[04:10:40.918] --------- [Monitor] StopTasks() : m_stopped
[04:10:40.919] [m_nState] AutoStop State
[04:40:05.368] ---- [Flow] CT_START Set
[04:40:05.390] ---- [Event] AutoStop : CT_START
[04:40:05.390] [m_nState] Auto State
[04:40:05.989] ---- [Flow] CT_START Set
[04:40:09.709] ---- [Flow] CT_STOP Set
[04:40:09.731] ---- [Event] Auto : CT_STOP
[04:40:09.731] --------- [Monitor] StopTasks() : before m_stopped
[04:40:10.399] --------- [Monitor] StopTasks() : m_stopped
[04:40:10.400] [m_nState] AutoStop State
[04:40:39.434] ---- [Flow] CT_START Set
[04:40:39.455] ---- [Event] AutoStop : CT_START
[04:40:39.455] [m_nState] Auto State
[04:40:42.131] ---- [Flow] CT_START Set
[06:51:37.606] ---- [Flow] CT_STOP Set
[06:51:37.627] ---- [Event] Auto : CT_STOP
[06:51:37.627] --------- [Monitor] StopTasks() : before m_stopped
[06:51:37.648] --------- [Monitor] StopTasks() : m_stopped
[06:51:37.648] [m_nState] AutoStop State
[06:51:42.991] ---- [Flow] CT_START Set
[06:51:43.013] ---- [Event] AutoStop : CT_START
[06:51:43.013] [m_nState] Auto State
[06:51:47.796] ---- [Flow] CT_START Set
[06:54:31.298] ---- [Flow] CT_STOP Set
[06:54:31.319] ---- [Event] Auto : CT_STOP
[06:54:31.319] --------- [Monitor] StopTasks() : before m_stopped
[06:54:31.336] --------- [Monitor] StopTasks() : m_stopped
[06:54:31.337] [m_nState] AutoStop State
[07:09:44.364] ---- [Flow] CT_START Set
[07:09:44.387] ---- [Event] AutoStop : CT_START
[07:09:44.387] [m_nState] Auto State
[07:09:49.941] ---- [Flow] CT_START Set
[07:09:54.839] ---- [Flow] CT_START Set
[07:36:04.114] ---- [Flow] CT_START Set
[07:45:55.437] ---- [Flow] CT_START Set
[07:53:18.695] ---- [Flow] CT_START Set
[07:53:47.551] ---- [Flow] CT_START Set
[08:16:30.017] ---- [Flow] CT_START Set
[08:38:00.018] ---- [Flow] CT_STOP Set
[08:38:00.039] ---- [Event] Auto : CT_STOP
[08:38:00.039] --------- [Monitor] StopTasks() : before m_stopped
[08:38:00.090] --------- [Monitor] StopTasks() : m_stopped
[08:38:00.090] [m_nState] AutoStop State
