[02:23:00.030] [RightPPStation] Load Cylinder Up Error
[02:49:41.950] [RightTransferStation] Move XY Axis Error
[02:51:57.441] [RightTransferStation] Move XY Axis Error
[03:07:06.675] [RightTransferStation] Move XY Axis Error
[03:08:04.332] [RightTransferStation] Move XY Axis Error
[03:42:11.897] [RightTransferStation] Vacuum Error
[04:50:00.114] [LeftTransferStation] Move XY Axis Error
[04:50:01.994] [LeftTransferStation] Move XY Axis Error
[04:50:15.557] [LeftTransferStation] Vacuum Error
[09:55:23.908] [MainControlStation] Left Door Open
[10:18:46.627] [RightPPStation] Unload Buffer Set Not Exist
[11:14:39.722] [RightPPStation] Unload Buffer Set Not Exist
[12:10:48.246] [LeftPPStation] Load Cylinder Vacuum Error
[13:13:44.250] [LeftPPStation] Load Cylinder Up Error
[13:13:50.316] [LeftPPStation] Load Cylinder Vacuum Error
[16:12:10.909] [RightTransferStation] Vacuum Error
[16:17:24.006] [LeftPPStation] Load Buffer Set Exist
[16:17:41.483] [LeftTransferStation] Vacuum Error
[16:17:43.351] [RightTransferStation] Vacuum Error
[16:17:55.510] [LeftTransferStation] Vacuum Error
[16:18:05.449] [LeftTransferStation] Vacuum Error
[16:42:43.724] [LeftPPStation] Load Cylinder Up Error
[16:42:48.758] [LeftPPStation] Load Cylinder Vacuum Error
[16:48:27.854] [LeftTransferStation] Vacuum Error
[16:48:42.373] [LeftTransferStation] Vacuum Error
[17:08:41.675] [LeftTransferStation] Vacuum Error
[17:24:09.120] [RightPPStation] Load Cylinder Up Error
[17:24:11.657] [RightPPStation] Load Cylinder Vacuum Error
[17:41:12.141] [LeftPPStation] Load Cylinder Up Error
[17:41:15.565] [LeftPPStation] Load Cylinder Vacuum Error
[18:20:18.200] [RightTransferStation] Vacuum Error
[18:21:25.923] [RightTransferStation] Vacuum Error
[18:21:42.266] [RightTransferStation] Vacuum Error
