[05:44:51.950] ---- [Flow] CT_START Set
[05:44:51.973] ---- [Event] AutoStop : CT_START
[05:44:51.974] [m_nState] Auto State
[05:44:52.983] ---- [Flow] CT_START Set
[05:53:03.107] ---- [Flow] CT_START Set
[05:53:16.547] ---- [Flow] CT_START Set
[05:53:25.170] ---- [Flow] CT_START Set
[05:53:45.023] ---- [Flow] CT_START Set
[05:54:26.315] ---- [Flow] CT_START Set
[05:54:30.372] ---- [Flow] CT_START Set
[05:54:31.285] ---- [Flow] CT_START Set
[06:18:00.643] ---- [Flow] CT_STOP Set
[06:18:00.666] ---- [Event] Auto : CT_STOP
[06:18:00.666] --------- [Monitor] StopTasks() : before m_stopped
[06:18:01.030] --------- [Monitor] StopTasks() : m_stopped
[06:18:01.031] [m_nState] AutoStop State
[06:35:59.992] ---- [Flow] CT_START Set
[06:36:00.014] ---- [Event] AutoStop : CT_START
[06:36:00.015] [m_nState] Auto State
[06:36:00.933] ---- [Flow] CT_START Set
[06:47:43.752] ---- [Flow] CT_STOP Set
[06:47:43.775] ---- [Event] Auto : CT_STOP
[06:47:43.776] --------- [Monitor] StopTasks() : before m_stopped
[06:47:43.850] --------- [Monitor] StopTasks() : m_stopped
[06:47:43.851] [m_nState] AutoStop State
[07:00:09.434] ---- [Flow] CT_START Set
[07:00:09.457] ---- [Event] AutoStop : CT_START
[07:00:09.458] [m_nState] Auto State
[07:00:10.225] ---- [Flow] CT_START Set
[07:22:07.901] ---- [Flow] CT_STOP Set
[07:22:07.923] ---- [Event] Auto : CT_STOP
[07:22:07.924] --------- [Monitor] StopTasks() : before m_stopped
[07:22:08.115] ---- [Flow] CT_STOP Set
[07:22:08.159] ---- [Flow] CT_STOP Set
[07:22:08.206] --------- [Monitor] StopTasks() : m_stopped
[07:22:08.207] [m_nState] AutoStop State
[07:22:15.739] ---- [Flow] CT_START Set
[07:22:15.761] ---- [Event] AutoStop : CT_START
[07:22:15.762] [m_nState] Auto State
[07:22:16.035] ---- [Flow] CT_START Set
[07:22:20.595] ---- [Flow] CT_START Set
[08:46:05.325] ---- [Flow] CT_STOP Set
[08:46:05.347] ---- [Event] Auto : CT_STOP
[08:46:05.348] --------- [Monitor] StopTasks() : before m_stopped
[08:46:05.520] ---- [Flow] CT_STOP Set
[08:46:05.629] ---- [Flow] CT_STOP Set
[08:46:05.727] ---- [Flow] CT_STOP Set
[08:46:05.778] ---- [Flow] CT_STOP Set
[08:46:06.063] --------- [Monitor] StopTasks() : m_stopped
[08:46:06.065] [m_nState] AutoStop State
[08:46:06.438] ---- [Flow] CT_STOP Set
[08:46:06.499] ---- [Flow] CT_STOP Set
[08:46:06.539] ---- [Flow] CT_STOP Set
[08:46:06.574] ---- [Flow] CT_STOP Set
[08:46:06.613] ---- [Flow] CT_STOP Set
[08:46:06.663] ---- [Flow] CT_STOP Set
[08:46:07.326] ---- [Flow] CT_STOP Set
[08:46:07.394] ---- [Flow] CT_STOP Set
[08:46:07.429] ---- [Flow] CT_STOP Set
[08:46:07.477] ---- [Flow] CT_STOP Set
[08:46:08.042] ---- [Flow] CT_STOP Set
[08:46:08.081] ---- [Flow] CT_STOP Set
[08:46:08.122] ---- [Flow] CT_STOP Set
[08:46:08.178] ---- [Flow] CT_STOP Set
[08:46:08.215] ---- [Flow] CT_STOP Set
[08:46:08.291] ---- [Flow] CT_STOP Set
[08:46:08.330] ---- [Flow] CT_STOP Set
[08:46:08.941] ---- [Flow] CT_STOP Set
[08:46:08.981] ---- [Flow] CT_STOP Set
[08:46:09.016] ---- [Flow] CT_STOP Set
[08:46:09.072] ---- [Flow] CT_STOP Set
[08:46:09.106] ---- [Flow] CT_STOP Set
[08:46:09.146] ---- [Flow] CT_STOP Set
[08:46:09.777] ---- [Flow] CT_STOP Set
[08:46:09.820] ---- [Flow] CT_STOP Set
[08:46:09.857] ---- [Flow] CT_STOP Set
[08:46:09.894] ---- [Flow] CT_STOP Set
[08:46:09.927] ---- [Flow] CT_STOP Set
[08:46:09.977] ---- [Flow] CT_STOP Set
[08:46:10.541] ---- [Flow] CT_START Set
[08:46:10.564] ---- [Event] AutoStop : CT_START
[08:46:10.565] [m_nState] Auto State
[08:46:11.571] ---- [Flow] CT_START Set
[08:49:44.366] ---- [Flow] CT_START Set
[09:13:33.698] ---- [Flow] CT_STOP Set
[09:13:33.720] ---- [Event] Auto : CT_STOP
[09:13:33.721] --------- [Monitor] StopTasks() : before m_stopped
[09:13:33.767] ---- [Flow] CT_STOP Set
[09:13:34.368] ---- [Flow] CT_STOP Set
[09:13:34.378] ---- [Flow] CT_STOP Set
[09:13:34.408] ---- [Flow] CT_STOP Set
[09:13:34.421] ---- [Flow] CT_STOP Set
[09:13:34.450] ---- [Flow] CT_STOP Set
[09:13:34.463] ---- [Flow] CT_STOP Set
[09:13:34.490] ---- [Flow] CT_STOP Set
[09:13:34.502] --------- [Monitor] StopTasks() : m_stopped
[09:13:34.503] [m_nState] AutoStop State
[09:13:34.504] ---- [Flow] CT_STOP Set
[09:13:34.560] ---- [Flow] CT_STOP Set
[09:13:34.578] ---- [Flow] CT_STOP Set
[09:13:51.939] ---- [Flow] CT_START Set
[09:13:51.961] ---- [Event] AutoStop : CT_START
[09:13:51.962] [m_nState] Auto State
[09:13:52.776] ---- [Flow] CT_START Set
[10:11:34.661] ---- [Flow] CT_STOP Set
[10:11:34.683] ---- [Event] Auto : CT_STOP
[10:11:34.684] --------- [Monitor] StopTasks() : before m_stopped
[10:11:35.173] ---- [Flow] CT_STOP Set
[10:11:35.223] ---- [Flow] CT_STOP Set
[10:11:35.266] --------- [Monitor] StopTasks() : m_stopped
[10:11:35.267] [m_nState] AutoStop State
[10:11:35.315] ---- [Flow] CT_STOP Set
[10:11:42.720] ---- [Flow] CT_START Set
[10:11:42.743] ---- [Event] AutoStop : CT_START
[10:11:42.744] [m_nState] Auto State
[10:11:43.464] ---- [Flow] CT_START Set
[10:18:24.580] ---- [Flow] CT_START Set
[10:37:15.461] ---- [Flow] CT_START Set
[10:38:25.317] ---- [Flow] CT_STOP Set
[10:38:25.339] ---- [Event] Auto : CT_STOP
[10:38:25.340] --------- [Monitor] StopTasks() : before m_stopped
[10:38:25.480] ---- [Flow] CT_STOP Set
[10:38:25.517] ---- [Flow] CT_STOP Set
[10:38:25.590] ---- [Flow] CT_STOP Set
[10:38:25.625] ---- [Flow] CT_STOP Set
[10:38:25.628] --------- [Monitor] StopTasks() : m_stopped
[10:38:25.630] [m_nState] AutoStop State
[10:38:25.648] ---- [Flow] CT_STOP Set
[10:38:25.670] ---- [Flow] CT_STOP Set
[10:38:25.682] ---- [Flow] CT_STOP Set
[10:38:25.708] ---- [Flow] CT_STOP Set
[10:38:25.722] ---- [Flow] CT_STOP Set
[10:38:25.744] ---- [Flow] CT_STOP Set
[10:38:25.760] ---- [Flow] CT_STOP Set
[10:38:45.003] ---- [Flow] CT_START Set
[10:38:45.027] ---- [Event] AutoStop : CT_START
[10:38:45.028] [m_nState] Auto State
[10:38:46.381] ---- [Flow] CT_START Set
[11:07:48.453] ---- [Flow] CT_STOP Set
[11:07:48.475] ---- [Event] Auto : CT_STOP
[11:07:48.476] --------- [Monitor] StopTasks() : before m_stopped
[11:07:48.542] --------- [Monitor] StopTasks() : m_stopped
[11:07:48.544] [m_nState] AutoStop State
[11:08:19.174] ---- [Flow] CT_START Set
[11:08:19.197] ---- [Event] AutoStop : CT_START
[11:08:19.198] [m_nState] Auto State
[11:08:19.875] ---- [Flow] CT_START Set
[12:29:41.873] ---- [Flow] CT_START Set
[12:29:50.496] ---- [Flow] CT_STOP Set
[12:29:50.518] ---- [Event] Auto : CT_STOP
[12:29:50.519] --------- [Monitor] StopTasks() : before m_stopped
[12:29:50.537] ---- [Flow] CT_STOP Set
[12:29:50.565] ---- [Flow] CT_STOP Set
[12:29:50.581] ---- [Flow] CT_STOP Set
[12:29:50.611] ---- [Flow] CT_STOP Set
[12:29:50.626] ---- [Flow] CT_STOP Set
[12:29:50.649] --------- [Monitor] StopTasks() : m_stopped
[12:29:50.650] [m_nState] AutoStop State
[12:29:50.657] ---- [Flow] CT_STOP Set
[12:29:50.672] ---- [Flow] CT_STOP Set
[12:29:50.699] ---- [Flow] CT_STOP Set
[12:29:50.708] ---- [Flow] CT_STOP Set
[12:29:50.735] ---- [Flow] CT_STOP Set
[12:29:50.750] ---- [Flow] CT_STOP Set
[12:29:50.775] ---- [Flow] CT_STOP Set
[12:29:50.791] ---- [Flow] CT_STOP Set
[12:29:51.687] ---- [Flow] CT_STOP Set
[12:30:52.524] ---- [Flow] CT_START Set
[12:30:52.546] ---- [Event] AutoStop : CT_START
[12:30:52.547] [m_nState] Auto State
[12:30:53.212] ---- [Flow] CT_START Set
[12:54:11.647] ---- [Flow] CT_STOP Set
[12:54:11.669] ---- [Event] Auto : CT_STOP
[12:54:11.670] --------- [Monitor] StopTasks() : before m_stopped
[12:54:11.727] --------- [Monitor] StopTasks() : m_stopped
[12:54:11.728] [m_nState] AutoStop State
[12:54:11.755] ---- [Flow] CT_STOP Set
[12:55:45.606] ---- [Flow] CT_START Set
[12:55:45.628] ---- [Event] AutoStop : CT_START
[12:55:45.629] [m_nState] Auto State
[12:56:12.569] ---- [Flow] CT_START Set
[13:00:31.889] ---- [Flow] CT_START Set
[13:52:56.106] ---- [Flow] CT_START Set
[13:58:25.980] ---- [Flow] CT_START Set
[14:00:16.610] ---- [Flow] CT_START Set
[14:12:35.110] ---- [Flow] CT_START Set
[14:14:39.179] ---- [Flow] CT_START Set
[14:15:08.706] ---- [Flow] CT_START Set
[14:15:36.515] ---- [Flow] CT_START Set
[14:16:25.375] ---- [Flow] CT_START Set
[14:16:31.054] ---- [Flow] CT_STOP Set
[14:16:31.077] ---- [Event] Auto : CT_STOP
[14:16:31.078] --------- [Monitor] StopTasks() : before m_stopped
[14:16:31.568] --------- [Monitor] StopTasks() : m_stopped
[14:16:31.569] [m_nState] AutoStop State
[14:17:05.154] ---- [Flow] CT_START Set
[14:17:05.176] ---- [Event] AutoStop : CT_START
[14:17:05.177] [m_nState] Auto State
[14:17:05.847] ---- [Flow] CT_START Set
[14:19:41.973] ---- [Flow] CT_START Set
[14:31:31.093] ---- [Flow] CT_START Set
[14:33:57.426] ---- [Flow] CT_START Set
[14:41:53.963] ---- [Flow] CT_START Set
[15:00:36.457] ---- [Flow] CT_STOP Set
[15:00:36.479] ---- [Event] Auto : CT_STOP
[15:00:36.480] --------- [Monitor] StopTasks() : before m_stopped
[15:00:36.625] ---- [Flow] CT_STOP Set
[15:00:36.655] ---- [Flow] CT_STOP Set
[15:00:36.685] ---- [Flow] CT_STOP Set
[15:00:36.705] ---- [Flow] CT_STOP Set
[15:00:36.828] ---- [Flow] CT_STOP Set
[15:00:36.861] ---- [Flow] CT_STOP Set
[15:00:36.876] ---- [Flow] CT_STOP Set
[15:00:36.907] ---- [Flow] CT_STOP Set
[15:00:36.931] ---- [Flow] CT_STOP Set
[15:00:36.958] ---- [Flow] CT_STOP Set
[15:00:38.213] --------- [Monitor] StopTasks() : m_stopped
[15:00:38.215] [m_nState] AutoStop State
[15:01:06.387] ---- [Flow] CT_START Set
[15:01:06.410] ---- [Event] AutoStop : CT_START
[15:01:06.411] [m_nState] Auto State
[15:01:06.451] ---- [Flow] CT_START Set
[15:36:07.272] ---- [Flow] CT_STOP Set
[15:36:07.295] ---- [Event] Auto : CT_STOP
[15:36:07.296] --------- [Monitor] StopTasks() : before m_stopped
[15:36:07.344] --------- [Monitor] StopTasks() : m_stopped
[15:36:07.346] [m_nState] AutoStop State
[15:36:11.585] ---- [Flow] CT_STOP Set
[15:36:11.652] ---- [Flow] CT_START Set
[15:36:11.674] ---- [Event] AutoStop : CT_START
[15:36:11.675] [m_nState] Auto State
[15:36:48.912] ---- [Flow] CT_START Set
[15:42:29.085] ---- [Flow] CT_START Set
[16:03:24.088] ---- [Flow] CT_STOP Set
[16:03:24.111] ---- [Event] Auto : CT_STOP
[16:03:24.112] --------- [Monitor] StopTasks() : before m_stopped
[16:03:24.155] ---- [Flow] CT_STOP Set
[16:03:24.210] ---- [Flow] CT_STOP Set
[16:03:25.252] --------- [Monitor] StopTasks() : m_stopped
[16:03:25.254] [m_nState] AutoStop State
[16:03:46.228] ---- [Flow] CT_START Set
[16:03:46.250] ---- [Event] AutoStop : CT_START
[16:03:46.251] [m_nState] Auto State
[16:03:47.081] ---- [Flow] CT_START Set
[17:19:56.611] ---- [Flow] CT_STOP Set
[17:19:56.633] ---- [Event] Auto : CT_STOP
[17:19:56.634] --------- [Monitor] StopTasks() : before m_stopped
[17:19:56.841] ---- [Flow] CT_STOP Set
[17:19:56.890] ---- [Flow] CT_STOP Set
[17:19:57.200] --------- [Monitor] StopTasks() : m_stopped
[17:19:57.202] [m_nState] AutoStop State
[17:20:10.372] ---- [Flow] CT_START Set
[17:20:10.394] ---- [Event] AutoStop : CT_START
[17:20:10.395] [m_nState] Auto State
[17:20:10.959] ---- [Flow] CT_START Set
[17:48:34.289] ---- [Flow] CT_STOP Set
[17:48:34.311] ---- [Event] Auto : CT_STOP
[17:48:34.312] --------- [Monitor] StopTasks() : before m_stopped
[17:48:34.314] ---- [Flow] CT_STOP Set
[17:48:34.340] --------- [Monitor] StopTasks() : m_stopped
[17:48:34.341] [m_nState] AutoStop State
[17:48:34.671] ---- [Flow] CT_STOP Set
[17:48:50.007] ---- [Flow] CT_START Set
[17:48:50.030] ---- [Event] AutoStop : CT_START
[17:48:50.031] [m_nState] Auto State
[17:48:51.350] ---- [Flow] CT_START Set
[18:28:12.265] ---- [Flow] CT_STOP Set
[18:28:12.288] ---- [Event] Auto : CT_STOP
[18:28:12.289] --------- [Monitor] StopTasks() : before m_stopped
[18:28:12.440] --------- [Monitor] StopTasks() : m_stopped
[18:28:12.441] [m_nState] AutoStop State
[18:28:15.344] ---- [Flow] CT_START Set
[18:28:15.367] ---- [Event] AutoStop : CT_START
[18:28:15.368] [m_nState] Auto State
[18:28:21.975] ---- [Flow] CT_START Set
[18:38:59.880] ---- [Flow] CT_STOP Set
[18:38:59.903] ---- [Event] Auto : CT_STOP
[18:38:59.904] --------- [Monitor] StopTasks() : before m_stopped
[18:38:59.958] ---- [Flow] CT_STOP Set
[18:38:59.981] ---- [Flow] CT_STOP Set
[18:39:00.002] ---- [Flow] CT_STOP Set
[18:39:00.025] ---- [Flow] CT_STOP Set
[18:39:00.048] ---- [Flow] CT_STOP Set
[18:39:00.072] ---- [Flow] CT_STOP Set
[18:39:00.092] ---- [Flow] CT_STOP Set
[18:39:00.119] ---- [Flow] CT_STOP Set
[18:39:00.144] ---- [Flow] CT_STOP Set
[18:39:00.166] ---- [Flow] CT_STOP Set
[18:39:00.190] ---- [Flow] CT_STOP Set
[18:39:00.213] ---- [Flow] CT_STOP Set
[18:39:00.241] ---- [Flow] CT_STOP Set
[18:39:00.286] --------- [Monitor] StopTasks() : m_stopped
[18:39:00.287] [m_nState] AutoStop State
[18:39:22.169] ---- [Flow] CT_START Set
[18:39:22.192] ---- [Event] AutoStop : CT_START
[18:39:22.193] [m_nState] Auto State
[18:39:23.198] ---- [Flow] CT_START Set
[18:59:00.333] ---- [Flow] CT_STOP Set
[18:59:00.355] ---- [Event] Auto : CT_STOP
[18:59:00.356] --------- [Monitor] StopTasks() : before m_stopped
[18:59:00.376] --------- [Monitor] StopTasks() : m_stopped
[18:59:00.377] [m_nState] AutoStop State
[18:59:13.884] ---- [Flow] CT_START Set
[18:59:13.907] ---- [Event] AutoStop : CT_START
[18:59:13.908] [m_nState] Auto State
[18:59:14.629] ---- [Flow] CT_START Set
[19:19:17.566] ---- [Flow] CT_STOP Set
[19:19:17.589] ---- [Event] Auto : CT_STOP
[19:19:17.590] --------- [Monitor] StopTasks() : before m_stopped
[19:19:17.618] --------- [Monitor] StopTasks() : m_stopped
[19:19:17.619] [m_nState] AutoStop State
[19:19:17.619] ---- [Flow] CT_STOP Set
[19:19:17.658] ---- [Flow] CT_STOP Set
[19:19:17.697] ---- [Flow] CT_STOP Set
[19:19:17.733] ---- [Flow] CT_STOP Set
[19:19:17.766] ---- [Flow] CT_STOP Set
[19:19:42.528] ---- [Flow] CT_START Set
[19:19:42.550] ---- [Event] AutoStop : CT_START
[19:19:42.551] [m_nState] Auto State
[19:19:43.479] ---- [Flow] CT_START Set
[19:25:57.408] ---- [Flow] CT_START Set
[19:25:57.557] ---- [Flow] CT_START Set
[19:26:16.833] ---- [Flow] CT_START Set
[19:26:16.916] ---- [Flow] CT_START Set
[19:26:52.519] ---- [Flow] CT_START Set
[19:52:34.542] ---- [Flow] CT_STOP Set
[19:52:34.566] ---- [Event] Auto : CT_STOP
[19:52:34.567] --------- [Monitor] StopTasks() : before m_stopped
[19:52:34.630] --------- [Monitor] StopTasks() : m_stopped
[19:52:34.632] [m_nState] AutoStop State
