[01:19:58.763] ---- [Flow] CT_STOP Set
[01:19:58.784] ---- [Event] Auto : CT_STOP
[01:19:58.784] --------- [Monitor] StopTasks() : before m_stopped
[01:19:59.061] --------- [Monitor] StopTasks() : m_stopped
[01:19:59.061] [m_nState] AutoStop State
[01:28:50.432] ---- [Flow] CT_START Set
[01:28:50.454] ---- [Event] AutoStop : CT_START
[01:28:50.454] [m_nState] Auto State
[01:28:51.118] ---- [Flow] CT_START Set
[01:37:20.562] ---- [Flow] CT_START Set
[01:37:21.171] ---- [Flow] CT_START Set
[03:09:56.419] ---- [Flow] CT_STOP Set
[03:09:56.440] ---- [Event] Auto : CT_STOP
[03:09:56.440] --------- [Monitor] StopTasks() : before m_stopped
[03:09:58.042] --------- [Monitor] StopTasks() : m_stopped
[03:09:58.043] [m_nState] AutoStop State
[03:18:43.682] ---- [Flow] CT_START Set
[03:18:43.703] ---- [Event] AutoStop : CT_START
[03:18:43.703] [m_nState] Auto State
[03:18:44.414] ---- [Flow] CT_START Set
[03:32:43.250] ---- [Flow] CT_START Set
[04:09:51.355] ---- [Flow] CT_START Set
[04:29:15.369] ---- [Flow] CT_STOP Set
[04:29:15.392] ---- [Event] Auto : CT_STOP
[04:29:15.392] --------- [Monitor] StopTasks() : before m_stopped
[04:29:15.560] --------- [Monitor] StopTasks() : m_stopped
[04:29:15.560] [m_nState] AutoStop State
[05:14:07.550] ---- [Flow] CT_START Set
[05:14:07.571] ---- [Event] AutoStop : CT_START
[05:14:07.571] [m_nState] Auto State
[05:14:09.469] ---- [Flow] CT_START Set
[05:14:30.434] ---- [Flow] CT_START Set
[05:14:32.943] ---- [Flow] CT_START Set
[05:27:46.480] ---- [Flow] CT_START Set
[05:45:05.019] ---- [Flow] CT_START Set
[05:45:23.423] ---- [Flow] CT_START Set
[05:57:03.730] ---- [Flow] CT_STOP Set
[05:57:03.752] ---- [Event] Auto : CT_STOP
[05:57:03.752] --------- [Monitor] StopTasks() : before m_stopped
[05:57:03.783] --------- [Monitor] StopTasks() : m_stopped
[05:57:03.784] [m_nState] AutoStop State
[08:43:06.875] ---- [Flow] CT_START Set
[08:43:06.896] ---- [Event] AutoStop : CT_START
[08:43:06.896] [m_nState] Auto State
[08:43:07.859] ---- [Flow] CT_START Set
[09:10:04.381] ---- [Flow] CT_START Set
[09:11:44.502] ---- [Flow] CT_START Set
[09:16:29.979] ---- [Flow] CT_START Set
[09:19:56.932] ---- [Flow] CT_START Set
[09:22:12.338] ---- [Flow] CT_START Set
[09:28:39.366] ---- [Flow] CT_START Set
[09:28:39.641] ---- [Flow] CT_START Set
[09:28:40.621] ---- [Flow] CT_START Set
[09:28:41.552] ---- [Flow] CT_START Set
[09:30:52.182] ---- [Flow] CT_START Set
[09:39:18.226] ---- [Flow] CT_START Set
[09:40:40.375] ---- [Flow] CT_START Set
[09:41:10.061] ---- [Flow] CT_START Set
[09:43:38.151] ---- [Flow] CT_START Set
[09:49:24.167] ---- [Flow] CT_START Set
[09:58:13.860] ---- [Flow] CT_START Set
[10:00:20.101] ---- [Flow] CT_START Set
[10:00:20.853] ---- [Flow] CT_START Set
[10:04:45.307] ---- [Flow] CT_START Set
[10:13:36.628] ---- [Flow] CT_STOP Set
[10:13:36.649] ---- [Event] Auto : CT_STOP
[10:13:36.649] --------- [Monitor] StopTasks() : before m_stopped
[10:13:37.120] --------- [Monitor] StopTasks() : m_stopped
[10:13:37.120] [m_nState] AutoStop State
[10:13:39.701] ---- [Flow] CT_START Set
[10:13:39.723] ---- [Event] AutoStop : CT_START
[10:13:39.723] [m_nState] Auto State
[10:13:39.938] ---- [Flow] CT_START Set
[10:13:40.605] ---- [Flow] CT_START Set
[10:13:40.813] ---- [Flow] CT_START Set
[10:13:41.545] ---- [Flow] CT_START Set
[10:14:02.690] ---- [Flow] CT_START Set
[10:14:06.694] ---- [Flow] CT_START Set
[10:14:32.239] ---- [Flow] CT_START Set
[10:18:05.161] ---- [Flow] CT_START Set
[10:29:20.909] ---- [Flow] CT_START Set
[10:30:26.293] ---- [Flow] CT_START Set
[10:48:30.066] ---- [Flow] CT_START Set
[10:48:30.346] ---- [Flow] CT_START Set
[10:55:22.308] ---- [Flow] CT_START Set
[11:08:39.730] ---- [Flow] CT_START Set
[11:08:40.319] ---- [Flow] CT_START Set
[11:08:40.598] ---- [Flow] CT_START Set
[11:11:47.865] ---- [Flow] CT_START Set
[11:12:01.929] ---- [Flow] CT_START Set
[11:12:19.186] ---- [Flow] CT_START Set
[11:16:30.483] ---- [Flow] CT_START Set
[11:30:06.757] ---- [Flow] CT_STOP Set
[11:30:06.779] ---- [Event] Auto : CT_STOP
[11:30:06.779] --------- [Monitor] StopTasks() : before m_stopped
[11:30:07.256] --------- [Monitor] StopTasks() : m_stopped
[11:30:07.256] [m_nState] AutoStop State
[11:39:44.904] ---- [Flow] CT_START Set
[11:39:44.926] ---- [Event] AutoStop : CT_START
[11:39:44.926] [m_nState] Auto State
[11:39:45.430] ---- [Flow] CT_START Set
[11:53:11.123] ---- [Flow] CT_START Set
[11:53:36.859] ---- [Flow] CT_START Set
[11:54:18.785] ---- [Flow] CT_START Set
[11:54:23.109] ---- [Flow] CT_START Set
[11:54:23.213] ---- [Flow] CT_START Set
[11:54:24.655] ---- [Flow] CT_START Set
[11:54:24.766] ---- [Flow] CT_START Set
[11:54:25.609] ---- [Flow] CT_START Set
[11:54:25.717] ---- [Flow] CT_START Set
[11:54:26.942] ---- [Flow] CT_START Set
[11:54:27.629] ---- [Flow] CT_START Set
[11:54:28.719] ---- [Flow] CT_START Set
[11:54:29.628] ---- [Flow] CT_START Set
[11:54:31.002] ---- [Flow] CT_START Set
[11:54:31.674] ---- [Flow] CT_START Set
[11:54:44.637] ---- [Flow] CT_START Set
[11:54:44.736] ---- [Flow] CT_START Set
[11:54:44.836] ---- [Flow] CT_START Set
[11:54:47.214] ---- [Flow] CT_START Set
[11:54:47.411] ---- [Flow] CT_START Set
[11:54:47.620] ---- [Flow] CT_START Set
[11:54:48.137] ---- [Flow] CT_START Set
[11:54:50.144] ---- [Flow] CT_START Set
[11:54:50.441] ---- [Flow] CT_START Set
[11:55:07.077] ---- [Flow] CT_START Set
[11:57:13.503] ---- [Flow] CT_START Set
[11:57:25.980] ---- [Flow] CT_START Set
[12:14:30.936] ---- [Flow] CT_START Set
[12:44:47.061] ---- [Flow] CT_START Set
[12:47:13.228] ---- [Flow] CT_START Set
[12:47:13.535] ---- [Flow] CT_START Set
[12:58:16.013] ---- [Flow] CT_START Set
[13:04:46.610] ---- [Flow] CT_START Set
[13:05:55.304] ---- [Flow] CT_START Set
[13:05:55.559] ---- [Flow] CT_START Set
[13:05:56.309] ---- [Flow] CT_START Set
[13:05:56.551] ---- [Flow] CT_START Set
[13:07:00.539] ---- [Flow] CT_START Set
[13:16:08.146] ---- [Flow] CT_START Set
[13:16:11.397] ---- [Flow] CT_START Set
[13:20:45.445] ---- [Flow] CT_START Set
[13:44:57.156] ---- [Flow] CT_STOP Set
[13:44:57.178] ---- [Event] Auto : CT_STOP
[13:44:57.178] --------- [Monitor] StopTasks() : before m_stopped
[13:44:57.209] --------- [Monitor] StopTasks() : m_stopped
[13:44:57.209] [m_nState] AutoStop State
[14:25:03.378] ---- [Flow] CT_STOP Set
[14:25:03.418] ---- [Flow] CT_STOP Set
[14:25:03.451] ---- [Flow] CT_STOP Set
[14:25:03.486] ---- [Flow] CT_STOP Set
[14:25:04.019] ---- [Flow] CT_START Set
[14:25:04.040] ---- [Event] AutoStop : CT_START
[14:25:04.040] [m_nState] Auto State
[14:25:04.609] ---- [Flow] CT_START Set
[14:46:08.901] ---- [Flow] CT_START Set
[14:46:16.042] ---- [Flow] CT_START Set
[14:55:58.691] ---- [Flow] CT_START Set
[15:03:09.485] ---- [Flow] CT_START Set
[15:14:31.953] ---- [Flow] CT_START Set
[15:14:43.347] ---- [Flow] CT_START Set
[15:34:57.490] ---- [Flow] CT_START Set
[15:51:17.438] ---- [Flow] CT_START Set
[15:54:46.690] ---- [Flow] CT_START Set
[15:54:47.070] ---- [Flow] CT_START Set
[16:17:01.931] ---- [Flow] CT_START Set
[16:17:07.624] ---- [Flow] CT_STOP Set
[16:17:07.646] ---- [Event] Auto : CT_STOP
[16:17:07.646] --------- [Monitor] StopTasks() : before m_stopped
[16:17:07.708] --------- [Monitor] StopTasks() : m_stopped
[16:17:07.708] [m_nState] AutoStop State
[16:17:14.736] ---- [Flow] CT_START Set
[16:17:14.758] ---- [Event] AutoStop : CT_START
[16:17:14.758] [m_nState] Auto State
[16:17:14.844] ---- [Flow] CT_START Set
[16:20:01.906] ---- [Flow] CT_STOP Set
[16:20:01.928] ---- [Event] Auto : CT_STOP
[16:20:01.928] --------- [Monitor] StopTasks() : before m_stopped
[16:20:01.987] --------- [Monitor] StopTasks() : m_stopped
[16:20:01.987] [m_nState] AutoStop State
[16:29:25.731] ---- [Flow] CT_START Set
[16:29:25.754] ---- [Event] AutoStop : CT_START
[16:29:25.754] [m_nState] Auto State
[16:29:26.261] ---- [Flow] CT_START Set
[16:46:33.619] ---- [Flow] CT_START Set
[16:51:31.750] ---- [Flow] CT_START Set
[16:51:32.019] ---- [Flow] CT_START Set
[16:51:32.917] ---- [Flow] CT_START Set
[16:51:35.362] ---- [Flow] CT_START Set
[16:51:35.666] ---- [Flow] CT_START Set
[16:51:35.927] ---- [Flow] CT_START Set
[16:52:19.932] ---- [Flow] CT_START Set
[16:53:29.307] ---- [Flow] CT_START Set
[16:54:24.448] ---- [Flow] CT_START Set
[17:27:14.266] ---- [Flow] CT_START Set
[17:56:37.142] ---- [Flow] CT_START Set
[17:56:37.484] ---- [Flow] CT_START Set
[17:56:38.297] ---- [Flow] CT_START Set
[17:56:38.960] ---- [Flow] CT_START Set
[17:56:39.297] ---- [Flow] CT_START Set
[17:56:40.165] ---- [Flow] CT_START Set
[17:56:41.073] ---- [Flow] CT_START Set
[18:11:48.572] ---- [Flow] CT_START Set
[18:11:56.572] ---- [Flow] CT_START Set
[18:12:13.247] ---- [Flow] CT_START Set
[18:13:18.602] ---- [Flow] CT_START Set
[18:23:29.106] ---- [Flow] CT_START Set
[18:23:29.437] ---- [Flow] CT_START Set
[19:00:30.210] ---- [Flow] CT_STOP Set
[19:00:30.231] ---- [Event] Auto : CT_STOP
[19:00:30.231] --------- [Monitor] StopTasks() : before m_stopped
[19:00:30.237] ---- [Flow] CT_STOP Set
[19:00:30.271] ---- [Flow] CT_STOP Set
[19:00:30.317] ---- [Flow] CT_STOP Set
[19:00:30.368] ---- [Flow] CT_STOP Set
[19:00:31.505] --------- [Monitor] StopTasks() : m_stopped
[19:00:31.506] [m_nState] AutoStop State
[19:19:24.313] ---- [Flow] CT_START Set
[19:19:24.334] ---- [Event] AutoStop : CT_START
[19:19:24.334] [m_nState] Auto State
[19:19:24.842] ---- [Flow] CT_START Set
[19:27:45.283] ---- [Flow] CT_START Set
[19:35:17.469] ---- [Flow] CT_START Set
[19:35:17.729] ---- [Flow] CT_START Set
[19:35:43.975] ---- [Flow] CT_START Set
[19:49:38.766] ---- [Flow] CT_START Set
[19:49:39.114] ---- [Flow] CT_START Set
[19:49:39.984] ---- [Flow] CT_START Set
[19:49:40.924] ---- [Flow] CT_START Set
[19:51:18.686] ---- [Flow] CT_START Set
[19:51:51.436] ---- [Flow] CT_START Set
[19:55:29.134] ---- [Flow] CT_START Set
[19:55:31.322] ---- [Flow] CT_START Set
[19:55:31.645] ---- [Flow] CT_START Set
[19:58:01.520] ---- [Flow] CT_START Set
[20:01:08.663] ---- [Flow] CT_START Set
[20:02:35.337] ---- [Flow] CT_START Set
[20:03:07.798] ---- [Flow] CT_START Set
[20:17:59.157] ---- [Flow] CT_START Set
[20:18:19.402] ---- [Flow] CT_STOP Set
[20:18:19.424] ---- [Event] Auto : CT_STOP
[20:18:19.424] --------- [Monitor] StopTasks() : before m_stopped
[20:18:19.491] --------- [Monitor] StopTasks() : m_stopped
[20:18:19.491] [m_nState] AutoStop State
[20:38:41.094] ---- [Flow] CT_START Set
[20:38:41.115] ---- [Event] AutoStop : CT_START
[20:38:41.115] [m_nState] Auto State
[20:38:42.186] ---- [Flow] CT_STOP Set
[20:38:42.207] ---- [Event] Auto : CT_STOP
[20:38:42.207] --------- [Monitor] StopTasks() : before m_stopped
[20:38:42.268] --------- [Monitor] StopTasks() : m_stopped
[20:38:42.268] [m_nState] AutoStop State
[20:38:42.342] ---- [Flow] CT_STOP Set
[20:38:42.383] ---- [Flow] CT_STOP Set
[20:49:38.020] ---- [Flow] CT_START Set
[20:49:38.041] ---- [Event] AutoStop : CT_START
[20:49:38.041] [m_nState] Auto State
[20:49:38.821] ---- [Flow] CT_START Set
[20:52:36.036] ---- [Flow] CT_START Set
[21:30:15.566] ---- [Flow] CT_START Set
[21:30:58.309] ---- [Flow] CT_START Set
[21:31:16.688] ---- [Flow] CT_START Set
[22:25:30.007] ---- [Flow] CT_START Set
[22:25:32.226] ---- [Flow] CT_START Set
[22:32:48.622] ---- [Flow] CT_START Set
[23:22:34.125] ---- [Flow] CT_START Set
[23:22:44.009] ---- [Flow] CT_START Set
[23:49:25.915] ---- [Flow] CT_START Set
[23:49:30.377] ---- [Flow] CT_START Set
