[00:10:40.845] ---- [Flow] CT_START Set
[00:10:41.061] ---- [Flow] CT_START Set
[00:23:38.947] ---- [Flow] CT_START Set
[00:23:39.255] ---- [Flow] CT_START Set
[00:29:24.078] ---- [Flow] CT_START Set
[00:29:38.700] ---- [Flow] CT_START Set
[00:30:11.877] ---- [Flow] CT_STOP Set
[00:30:11.900] ---- [Event] Auto : CT_STOP
[00:30:11.900] --------- [Monitor] StopTasks() : before m_stopped
[00:30:11.930] --------- [Monitor] StopTasks() : m_stopped
[00:30:11.930] [m_nState] AutoStop State
[00:38:31.110] ---- [Flow] CT_START Set
[00:38:31.131] ---- [Event] AutoStop : CT_START
[00:38:31.131] [m_nState] Auto State
[00:38:32.107] ---- [Flow] CT_START Set
[01:07:15.880] ---- [Flow] CT_START Set
[01:07:17.749] ---- [Flow] CT_START Set
[01:25:39.241] ---- [Flow] CT_START Set
[01:30:05.618] ---- [Flow] CT_STOP Set
[01:30:05.640] ---- [Event] Auto : CT_STOP
[01:30:05.640] --------- [Monitor] StopTasks() : before m_stopped
[01:30:05.672] --------- [Monitor] StopTasks() : m_stopped
[01:30:05.673] [m_nState] AutoStop State
[01:58:23.946] ---- [Flow] CT_START Set
[01:58:23.968] ---- [Event] AutoStop : CT_START
[01:58:23.968] [m_nState] Auto State
[01:58:24.890] ---- [Flow] CT_START Set
[01:59:23.920] ---- [Flow] CT_STOP Set
[01:59:23.942] ---- [Event] Auto : CT_STOP
[01:59:23.942] --------- [Monitor] StopTasks() : before m_stopped
[01:59:24.412] --------- [Monitor] StopTasks() : m_stopped
[01:59:24.412] [m_nState] AutoStop State
[01:59:48.976] ---- [Flow] CT_START Set
[01:59:48.997] ---- [Event] AutoStop : CT_START
[01:59:48.997] [m_nState] Auto State
[01:59:49.654] ---- [Flow] CT_START Set
[02:39:55.887] ---- [Flow] CT_START Set
[02:39:57.720] ---- [Flow] CT_START Set
[02:39:59.911] ---- [Flow] CT_START Set
[02:44:58.111] ---- [Flow] CT_START Set
[02:52:55.491] ---- [Flow] CT_START Set
[02:52:55.784] ---- [Flow] CT_START Set
[02:52:58.712] ---- [Flow] CT_START Set
[02:53:00.741] ---- [Flow] CT_START Set
[02:55:31.794] ---- [Flow] CT_START Set
[03:15:16.495] ---- [Flow] CT_START Set
[03:15:17.292] ---- [Flow] CT_START Set
[03:15:24.579] ---- [Flow] CT_START Set
[03:32:30.881] ---- [Flow] CT_STOP Set
[03:32:30.902] ---- [Event] Auto : CT_STOP
[03:32:30.902] --------- [Monitor] StopTasks() : before m_stopped
[03:32:30.931] --------- [Monitor] StopTasks() : m_stopped
[03:32:30.931] [m_nState] AutoStop State
[03:34:08.275] ---- [Flow] CT_START Set
[03:34:08.296] ---- [Event] AutoStop : CT_START
[03:34:08.296] [m_nState] Auto State
[03:37:28.492] ---- [Flow] CT_START Set
[03:39:26.193] ---- [Flow] CT_START Set
[04:17:54.330] ---- [Flow] CT_START Set
[04:18:04.408] ---- [Flow] CT_START Set
[05:00:03.102] ---- [Flow] CT_STOP Set
[05:00:03.123] ---- [Event] Auto : CT_STOP
[05:00:03.123] --------- [Monitor] StopTasks() : before m_stopped
[05:00:03.176] --------- [Monitor] StopTasks() : m_stopped
[05:00:03.176] [m_nState] AutoStop State
[05:09:00.408] ---- [Flow] CT_START Set
[05:09:00.430] ---- [Event] AutoStop : CT_START
[05:09:00.430] [m_nState] Auto State
[05:09:00.951] ---- [Flow] CT_START Set
[05:13:28.820] ---- [Flow] CT_STOP Set
[05:13:28.842] ---- [Event] Auto : CT_STOP
[05:13:28.842] --------- [Monitor] StopTasks() : before m_stopped
[05:13:28.923] --------- [Monitor] StopTasks() : m_stopped
[05:13:28.923] [m_nState] AutoStop State
[05:14:18.006] ---- [Flow] CT_START Set
[05:14:18.027] ---- [Event] AutoStop : CT_START
[05:14:18.027] [m_nState] Auto State
[05:14:18.815] ---- [Flow] CT_START Set
[05:29:45.083] ---- [Flow] CT_START Set
[05:55:31.962] ---- [Flow] CT_START Set
[05:55:35.737] ---- [Flow] CT_START Set
[05:55:55.149] ---- [Flow] CT_START Set
[05:56:26.915] ---- [Flow] CT_START Set
[05:56:27.560] ---- [Flow] CT_START Set
[05:56:28.296] ---- [Flow] CT_START Set
[06:02:55.024] ---- [Flow] CT_STOP Set
[06:02:55.045] ---- [Event] Auto : CT_STOP
[06:02:55.045] --------- [Monitor] StopTasks() : before m_stopped
[06:02:55.103] --------- [Monitor] StopTasks() : m_stopped
[06:02:55.103] [m_nState] AutoStop State
[06:04:36.026] ---- [Flow] CT_START Set
[06:04:36.048] ---- [Event] AutoStop : CT_START
[06:04:36.048] [m_nState] Auto State
[06:06:42.393] ---- [Flow] CT_START Set
[06:10:22.781] ---- [Flow] CT_START Set
[06:10:58.665] ---- [Flow] CT_START Set
[06:23:05.450] ---- [Flow] CT_START Set
[06:36:26.848] ---- [Flow] CT_START Set
[06:39:24.605] ---- [Flow] CT_START Set
[06:39:29.974] ---- [Flow] CT_START Set
[06:41:47.420] ---- [Flow] CT_START Set
[06:44:48.788] ---- [Flow] CT_START Set
[06:45:43.939] ---- [Flow] CT_START Set
[07:02:50.904] ---- [Flow] CT_START Set
[07:05:50.964] ---- [Flow] CT_STOP Set
[07:05:50.985] ---- [Event] Auto : CT_STOP
[07:05:50.985] --------- [Monitor] StopTasks() : before m_stopped
[07:05:51.041] ---- [Flow] CT_STOP Set
[07:05:51.355] --------- [Monitor] StopTasks() : m_stopped
[07:05:51.355] [m_nState] AutoStop State
[07:06:05.036] ---- [Flow] CT_START Set
[07:06:05.058] ---- [Event] AutoStop : CT_START
[07:06:05.058] [m_nState] Auto State
[07:06:05.989] ---- [Flow] CT_START Set
[07:16:36.763] ---- [Flow] CT_START Set
[07:17:34.788] ---- [Flow] CT_START Set
[07:18:10.291] ---- [Flow] CT_START Set
[07:41:42.011] ---- [Flow] CT_START Set
[07:41:51.456] ---- [Flow] CT_START Set
[08:01:36.693] ---- [Flow] CT_START Set
[10:13:57.353] ---- [Flow] CT_START Set
[10:13:57.635] ---- [Flow] CT_START Set
[12:32:55.964] ---- [Flow] CT_START Set
[12:42:44.223] ---- [Flow] CT_START Set
[12:43:35.904] ---- [Flow] CT_START Set
[13:38:55.837] ---- [Flow] CT_START Set
[13:45:10.116] ---- [Flow] CT_START Set
[13:45:22.690] ---- [Flow] CT_STOP Set
[13:45:22.711] ---- [Event] Auto : CT_STOP
[13:45:22.711] --------- [Monitor] StopTasks() : before m_stopped
[13:45:22.871] --------- [Monitor] StopTasks() : m_stopped
[13:45:22.871] [m_nState] AutoStop State
[13:45:43.847] ---- [Flow] CT_START Set
[13:45:43.868] ---- [Event] AutoStop : CT_START
[13:45:43.868] [m_nState] Auto State
[13:45:44.634] ---- [Flow] CT_START Set
[14:08:54.696] ---- [Flow] CT_STOP Set
[14:08:54.718] ---- [Event] Auto : CT_STOP
[14:08:54.718] --------- [Monitor] StopTasks() : before m_stopped
[14:08:54.754] --------- [Monitor] StopTasks() : m_stopped
[14:08:54.755] [m_nState] AutoStop State
[14:09:07.255] ---- [Flow] CT_START Set
[14:09:07.277] ---- [Event] AutoStop : CT_START
[14:09:07.277] [m_nState] Auto State
[14:09:07.757] ---- [Flow] CT_START Set
[14:09:21.995] ---- [Flow] CT_START Set
[14:09:28.589] ---- [Flow] CT_START Set
[14:09:34.053] ---- [Flow] CT_START Set
[14:09:37.152] ---- [Flow] CT_START Set
[14:10:06.054] ---- [Flow] CT_START Set
[14:10:12.950] ---- [Flow] CT_START Set
[15:04:53.356] ---- [Flow] CT_START Set
[15:05:11.398] ---- [Flow] CT_START Set
[16:02:02.729] ---- [Flow] CT_START Set
[16:02:03.589] ---- [Flow] CT_START Set
[16:02:04.645] ---- [Flow] CT_START Set
[16:02:15.191] ---- [Flow] CT_START Set
[16:02:17.460] ---- [Flow] CT_START Set
[16:41:35.458] ---- [Flow] CT_START Set
[16:41:36.076] ---- [Flow] CT_START Set
[16:41:36.371] ---- [Flow] CT_START Set
[16:41:39.876] ---- [Flow] CT_START Set
[16:41:40.236] ---- [Flow] CT_START Set
[17:31:06.228] ---- [Flow] CT_STOP Set
[17:31:06.249] ---- [Event] Auto : CT_STOP
[17:31:06.249] --------- [Monitor] StopTasks() : before m_stopped
[17:31:06.364] --------- [Monitor] StopTasks() : m_stopped
[17:31:06.365] [m_nState] AutoStop State
[17:31:12.884] ---- [Flow] CT_START Set
[17:31:12.905] ---- [Event] AutoStop : CT_START
[17:31:12.905] [m_nState] Auto State
[17:31:15.384] ---- [Flow] CT_START Set
[17:31:44.082] ---- [Flow] CT_START Set
[17:31:53.946] ---- [Flow] CT_START Set
[17:32:16.830] ---- [Flow] CT_START Set
[17:32:16.876] ---- [Flow] CT_START Set
[17:32:18.221] ---- [Flow] CT_START Set
[17:32:21.111] ---- [Flow] CT_START Set
[17:32:22.118] ---- [Flow] CT_START Set
[18:10:46.911] ---- [Flow] CT_START Set
[18:11:00.366] ---- [Flow] CT_START Set
[19:01:31.101] ---- [Flow] CT_START Set
[19:12:08.037] ---- [Flow] CT_START Set
[19:13:44.287] ---- [Flow] CT_START Set
[19:13:59.126] ---- [Flow] CT_START Set
[19:14:04.664] ---- [Flow] CT_START Set
[19:14:21.671] ---- [Flow] CT_START Set
[19:16:56.885] ---- [Flow] CT_START Set
[19:33:05.921] ---- [Flow] CT_STOP Set
[19:33:05.943] ---- [Event] Auto : CT_STOP
[19:33:05.943] --------- [Monitor] StopTasks() : before m_stopped
[19:33:06.001] --------- [Monitor] StopTasks() : m_stopped
[19:33:06.001] [m_nState] AutoStop State
[19:33:06.535] ---- [Flow] CT_STOP Set
[19:33:06.860] ---- [Flow] CT_STOP Set
[19:33:06.905] ---- [Flow] CT_STOP Set
[20:00:14.015] ---- [Flow] CT_START Set
[20:00:14.036] ---- [Event] AutoStop : CT_START
[20:00:14.036] [m_nState] Auto State
[20:00:14.735] ---- [Flow] CT_START Set
[20:07:11.771] ---- [Flow] CT_START Set
[20:07:13.668] ---- [Flow] CT_START Set
[21:12:14.989] ---- [Flow] CT_STOP Set
[21:12:15.011] ---- [Event] Auto : CT_STOP
[21:12:15.011] --------- [Monitor] StopTasks() : before m_stopped
[21:12:15.037] --------- [Monitor] StopTasks() : m_stopped
[21:12:15.037] [m_nState] AutoStop State
[21:12:15.042] ---- [Flow] CT_STOP Set
[21:12:15.076] ---- [Flow] CT_STOP Set
[21:12:24.788] ---- [Flow] CT_START Set
[21:12:24.810] ---- [Event] AutoStop : CT_START
[21:12:24.810] [m_nState] Auto State
[21:12:25.534] ---- [Flow] CT_START Set
[21:20:04.792] ---- [Flow] CT_START Set
[21:20:06.383] ---- [Flow] CT_START Set
[21:20:09.592] ---- [Flow] CT_START Set
[21:32:09.210] ---- [Flow] CT_START Set
[21:32:17.470] ---- [Flow] CT_START Set
[21:32:18.476] ---- [Flow] CT_START Set
[21:45:39.100] ---- [Flow] CT_START Set
[21:45:39.457] ---- [Flow] CT_START Set
[21:56:25.365] ---- [Flow] CT_START Set
[21:56:34.740] ---- [Flow] CT_START Set
[22:00:02.908] ---- [Flow] CT_STOP Set
[22:00:02.930] ---- [Event] Auto : CT_STOP
[22:00:02.930] --------- [Monitor] StopTasks() : before m_stopped
[22:00:02.985] ---- [Flow] CT_STOP Set
[22:00:03.744] --------- [Monitor] StopTasks() : m_stopped
[22:00:03.745] [m_nState] AutoStop State
[22:08:05.931] ---- [Flow] CT_START Set
[22:08:05.952] ---- [Event] AutoStop : CT_START
[22:08:05.952] [m_nState] Auto State
[22:08:06.277] ---- [Flow] CT_START Set
[23:28:23.569] ---- [Flow] CT_START Set
