[06:56:01.108] ---- [Flow] CT_START Set
[06:56:01.130] ---- [Event] AutoStop : CT_START
[06:56:01.130] [m_nState] Auto State
[06:56:01.374] ---- [Flow] CT_START Set
[07:00:33.164] ---- [Flow] CT_STOP Set
[07:00:33.186] ---- [Event] Auto : CT_STOP
[07:00:33.186] --------- [Monitor] StopTasks() : before m_stopped
[07:00:33.292] --------- [Monitor] StopTasks() : m_stopped
[07:00:33.293] [m_nState] AutoStop State
[07:01:02.489] ---- [Flow] CT_START Set
[07:01:02.511] ---- [Event] AutoStop : CT_START
[07:01:02.511] [m_nState] Auto State
[07:01:03.537] ---- [Flow] CT_START Set
[07:08:37.911] ---- [Flow] CT_START Set
[07:08:55.642] ---- [Flow] CT_START Set
[07:22:46.456] ---- [Flow] CT_START Set
[07:22:55.766] ---- [Flow] CT_START Set
[07:29:50.706] ---- [Flow] CT_START Set
[07:29:51.007] ---- [Flow] CT_START Set
[07:29:59.391] ---- [Flow] CT_START Set
[07:30:00.139] ---- [Flow] CT_START Set
[07:31:24.596] ---- [Flow] CT_START Set
[07:39:57.234] ---- [Flow] CT_START Set
[07:40:11.298] ---- [Flow] CT_START Set
[07:42:13.148] ---- [Flow] CT_START Set
[07:42:16.631] ---- [Flow] CT_START Set
[07:43:32.373] ---- [Flow] CT_START Set
[07:58:27.975] ---- [Flow] CT_START Set
[08:10:20.453] ---- [Flow] CT_START Set
[08:19:01.472] ---- [Flow] CT_START Set
[08:30:05.371] ---- [Flow] CT_START Set
[08:35:27.322] ---- [Flow] CT_START Set
[08:39:09.677] ---- [Flow] CT_START Set
[08:48:30.707] ---- [Flow] CT_START Set
[08:57:37.760] ---- [Flow] CT_START Set
[09:07:07.921] ---- [Flow] CT_START Set
[09:07:18.583] ---- [Flow] CT_START Set
[09:07:39.726] ---- [Flow] CT_START Set
[09:07:43.206] ---- [Flow] CT_START Set
[09:13:40.213] ---- [Flow] CT_START Set
[09:16:05.930] ---- [Flow] CT_START Set
[09:17:14.206] ---- [Flow] CT_START Set
[09:29:03.553] ---- [Flow] CT_START Set
[09:29:07.886] ---- [Flow] CT_STOP Set
[09:29:07.907] ---- [Event] Auto : CT_STOP
[09:29:07.907] --------- [Monitor] StopTasks() : before m_stopped
[09:29:07.971] --------- [Monitor] StopTasks() : m_stopped
[09:29:07.971] [m_nState] AutoStop State
[09:29:08.014] ---- [Flow] CT_STOP Set
[09:29:13.092] ---- [Flow] CT_START Set
[09:29:13.113] ---- [Event] AutoStop : CT_START
[09:29:13.113] [m_nState] Auto State
[09:29:13.916] ---- [Flow] CT_START Set
[09:45:17.162] ---- [Flow] CT_START Set
[09:54:05.797] ---- [Flow] CT_START Set
[10:08:04.008] ---- [Flow] CT_START Set
[10:11:06.602] ---- [Flow] CT_START Set
[10:16:31.665] ---- [Flow] CT_START Set
[10:16:38.129] ---- [Flow] CT_START Set
[10:22:39.060] ---- [Flow] CT_START Set
[10:22:39.157] ---- [Flow] CT_START Set
[10:22:40.910] ---- [Flow] CT_START Set
[10:22:44.624] ---- [Flow] CT_START Set
[10:22:45.824] ---- [Flow] CT_START Set
[10:22:46.582] ---- [Flow] CT_START Set
[10:22:47.153] ---- [Flow] CT_START Set
[10:22:47.441] ---- [Flow] CT_START Set
[10:22:47.557] ---- [Flow] CT_START Set
[10:22:47.859] ---- [Flow] CT_START Set
[10:22:49.138] ---- [Flow] CT_START Set
[10:22:49.754] ---- [Flow] CT_START Set
[10:22:49.858] ---- [Flow] CT_START Set
[10:22:49.957] ---- [Flow] CT_START Set
[10:22:50.060] ---- [Flow] CT_START Set
[10:22:50.159] ---- [Flow] CT_START Set
[10:22:57.303] ---- [Flow] CT_START Set
[10:22:57.675] ---- [Flow] CT_START Set
[10:22:57.909] ---- [Flow] CT_START Set
[10:22:58.021] ---- [Flow] CT_START Set
[10:23:04.107] ---- [Flow] CT_START Set
[10:23:04.243] ---- [Flow] CT_START Set
[10:23:04.458] ---- [Flow] CT_START Set
[10:23:04.563] ---- [Flow] CT_START Set
[10:23:04.687] ---- [Flow] CT_START Set
[10:23:04.804] ---- [Flow] CT_START Set
[10:23:28.858] ---- [Flow] CT_START Set
[10:23:28.958] ---- [Flow] CT_START Set
[10:23:29.185] ---- [Flow] CT_START Set
[10:23:29.288] ---- [Flow] CT_START Set
[10:23:31.883] ---- [Flow] CT_STOP Set
[10:23:31.904] ---- [Event] Auto : CT_STOP
[10:23:31.904] --------- [Monitor] StopTasks() : before m_stopped
[10:23:31.960] --------- [Monitor] StopTasks() : m_stopped
[10:23:31.960] [m_nState] AutoStop State
[10:23:42.289] ---- [Flow] CT_START Set
[10:23:42.311] ---- [Event] AutoStop : CT_START
[10:23:42.311] [m_nState] Auto State
[10:23:43.546] ---- [Flow] CT_START Set
[10:24:03.258] ---- [Flow] CT_START Set
[10:27:43.390] ---- [Flow] CT_START Set
[10:27:53.406] ---- [Flow] CT_START Set
[10:28:02.297] ---- [Flow] CT_START Set
[10:28:11.660] ---- [Flow] CT_START Set
[10:28:36.805] ---- [Flow] CT_START Set
[10:29:03.585] ---- [Flow] CT_START Set
[10:29:13.390] ---- [Flow] CT_START Set
[11:16:44.057] ---- [Flow] CT_START Set
[11:27:33.863] ---- [Flow] CT_START Set
[11:27:39.093] ---- [Flow] CT_START Set
[11:30:14.852] ---- [Flow] CT_START Set
[11:33:34.490] ---- [Flow] CT_START Set
[11:33:43.751] ---- [Flow] CT_START Set
[11:33:44.024] ---- [Flow] CT_START Set
[11:39:41.394] ---- [Flow] CT_START Set
[11:40:06.630] ---- [Flow] CT_START Set
[12:04:00.231] ---- [Flow] CT_START Set
[12:04:03.119] ---- [Flow] CT_START Set
[12:17:15.713] ---- [Flow] CT_START Set
[12:17:16.301] ---- [Flow] CT_START Set
[12:27:00.661] ---- [Flow] CT_START Set
[12:35:50.524] ---- [Flow] CT_START Set
[12:38:44.144] ---- [Flow] CT_START Set
[12:40:10.494] ---- [Flow] CT_START Set
[12:45:01.085] ---- [Flow] CT_START Set
[12:47:48.309] ---- [Flow] CT_START Set
[12:49:21.040] ---- [Flow] CT_START Set
[12:50:15.939] ---- [Flow] CT_START Set
[12:50:16.031] ---- [Flow] CT_START Set
[12:50:16.580] ---- [Flow] CT_START Set
[12:50:17.376] ---- [Flow] CT_START Set
[12:50:17.456] ---- [Flow] CT_START Set
[12:50:22.606] ---- [Flow] CT_START Set
[12:50:25.414] ---- [Flow] CT_STOP Set
[12:50:25.437] ---- [Event] Auto : CT_STOP
[12:50:25.437] --------- [Monitor] StopTasks() : before m_stopped
[12:50:25.474] ---- [Flow] CT_STOP Set
[12:50:25.485] --------- [Monitor] StopTasks() : m_stopped
[12:50:25.486] [m_nState] AutoStop State
[12:50:25.505] ---- [Flow] CT_STOP Set
[12:50:25.536] ---- [Flow] CT_STOP Set
[12:50:25.569] ---- [Flow] CT_STOP Set
[12:50:25.601] ---- [Flow] CT_STOP Set
[12:50:25.633] ---- [Flow] CT_STOP Set
[12:50:26.398] ---- [Flow] CT_START Set
[12:50:26.420] ---- [Event] AutoStop : CT_START
[12:50:26.420] [m_nState] Auto State
[12:50:27.258] ---- [Flow] CT_START Set
[12:50:27.403] ---- [Flow] CT_START Set
[12:50:38.705] ---- [Flow] CT_START Set
[12:50:38.807] ---- [Flow] CT_START Set
[12:50:39.144] ---- [Flow] CT_START Set
[12:50:39.242] ---- [Flow] CT_START Set
[12:50:39.583] ---- [Flow] CT_START Set
[12:51:01.562] ---- [Flow] CT_START Set
[12:51:01.730] ---- [Flow] CT_START Set
[12:51:07.539] ---- [Flow] CT_START Set
[12:51:08.087] ---- [Flow] CT_START Set
[12:51:08.189] ---- [Flow] CT_START Set
[12:51:08.297] ---- [Flow] CT_START Set
[12:51:08.419] ---- [Flow] CT_START Set
[12:51:09.102] ---- [Flow] CT_START Set
[12:51:10.001] ---- [Flow] CT_START Set
[12:51:10.110] ---- [Flow] CT_START Set
[12:51:10.223] ---- [Flow] CT_START Set
[12:51:10.321] ---- [Flow] CT_START Set
[12:51:10.520] ---- [Flow] CT_START Set
[12:51:10.621] ---- [Flow] CT_START Set
[12:51:10.729] ---- [Flow] CT_START Set
[12:51:10.831] ---- [Flow] CT_START Set
[12:51:10.957] ---- [Flow] CT_START Set
[12:51:11.056] ---- [Flow] CT_START Set
[12:51:11.187] ---- [Flow] CT_START Set
[12:51:11.315] ---- [Flow] CT_START Set
[12:51:32.194] ---- [Flow] CT_START Set
[12:51:46.947] ---- [Flow] CT_START Set
[12:56:59.300] ---- [Flow] CT_START Set
[13:06:28.256] ---- [Flow] CT_START Set
[13:08:15.385] ---- [Flow] CT_START Set
[13:11:48.604] ---- [Flow] CT_START Set
[13:14:35.030] ---- [Flow] CT_START Set
[13:16:45.879] ---- [Flow] CT_START Set
[13:20:28.406] ---- [Flow] CT_START Set
[13:25:34.361] ---- [Flow] CT_START Set
[13:26:46.013] ---- [Flow] CT_START Set
[13:28:16.060] ---- [Flow] CT_START Set
[13:28:23.391] ---- [Flow] CT_START Set
[13:43:22.162] ---- [Flow] CT_START Set
[13:43:35.359] ---- [Flow] CT_START Set
[13:43:42.897] ---- [Flow] CT_START Set
[13:43:50.687] ---- [Flow] CT_START Set
[13:44:01.646] ---- [Flow] CT_START Set
[13:44:28.828] ---- [Flow] CT_START Set
[13:46:31.048] ---- [Flow] CT_START Set
[13:46:33.893] ---- [Flow] CT_START Set
[13:46:45.210] ---- [Flow] CT_START Set
[13:46:49.556] ---- [Flow] CT_START Set
[13:47:39.925] ---- [Flow] CT_START Set
[13:47:42.536] ---- [Flow] CT_START Set
[13:47:42.854] ---- [Flow] CT_START Set
[13:49:21.611] ---- [Flow] CT_START Set
[13:49:26.842] ---- [Flow] CT_START Set
[13:49:30.349] ---- [Flow] CT_START Set
[13:49:31.677] ---- [Flow] CT_START Set
[13:49:55.330] ---- [Flow] CT_START Set
[13:49:57.726] ---- [Flow] CT_START Set
[13:49:58.503] ---- [Flow] CT_START Set
[13:49:58.877] ---- [Flow] CT_START Set
[13:50:01.064] ---- [Flow] CT_START Set
[13:50:01.816] ---- [Flow] CT_START Set
[13:50:04.133] ---- [Flow] CT_START Set
[13:50:48.879] ---- [Flow] CT_START Set
[13:50:52.487] ---- [Flow] CT_START Set
[13:50:55.548] ---- [Flow] CT_START Set
[13:51:20.867] ---- [Flow] CT_START Set
[13:51:21.237] ---- [Flow] CT_START Set
[13:51:23.694] ---- [Flow] CT_START Set
[13:51:23.992] ---- [Flow] CT_START Set
[13:51:25.445] ---- [Flow] CT_START Set
[13:51:26.469] ---- [Flow] CT_START Set
[13:51:27.177] ---- [Flow] CT_START Set
[13:56:06.224] ---- [Flow] CT_START Set
[13:56:06.649] ---- [Flow] CT_START Set
[13:56:07.517] ---- [Flow] CT_START Set
[13:56:07.926] ---- [Flow] CT_START Set
[13:56:52.191] ---- [Flow] CT_START Set
[13:58:08.188] ---- [Flow] CT_START Set
[13:58:09.620] ---- [Flow] CT_START Set
[13:59:56.580] ---- [Flow] CT_START Set
[13:59:58.083] ---- [Flow] CT_START Set
[13:59:58.848] ---- [Flow] CT_START Set
[14:00:01.129] ---- [Flow] CT_START Set
[14:00:04.422] ---- [Flow] CT_START Set
[14:00:07.157] ---- [Flow] CT_START Set
[14:00:07.511] ---- [Flow] CT_START Set
[14:00:08.452] ---- [Flow] CT_START Set
[14:00:08.826] ---- [Flow] CT_START Set
[14:00:09.964] ---- [Flow] CT_START Set
[14:00:10.352] ---- [Flow] CT_START Set
[14:00:10.680] ---- [Flow] CT_START Set
[14:00:12.475] ---- [Flow] CT_START Set
[14:00:13.048] ---- [Flow] CT_START Set
[14:00:13.292] ---- [Flow] CT_START Set
[14:00:14.065] ---- [Flow] CT_START Set
[14:00:16.880] ---- [Flow] CT_START Set
[14:00:17.550] ---- [Flow] CT_START Set
[14:02:58.140] ---- [Flow] CT_START Set
[14:03:06.815] ---- [Flow] CT_START Set
[14:04:11.201] ---- [Flow] CT_START Set
[14:04:20.007] ---- [Flow] CT_START Set
[14:04:40.885] ---- [Flow] CT_START Set
[14:05:26.581] ---- [Flow] CT_START Set
[14:06:49.312] ---- [Flow] CT_START Set
[14:07:04.875] ---- [Flow] CT_START Set
[14:07:08.702] ---- [Flow] CT_START Set
[14:07:09.158] ---- [Flow] CT_START Set
[14:07:14.307] ---- [Flow] CT_START Set
[14:07:14.667] ---- [Flow] CT_START Set
[14:07:53.989] ---- [Flow] CT_START Set
[14:07:54.410] ---- [Flow] CT_START Set
[14:07:57.856] ---- [Flow] CT_START Set
[14:09:41.170] ---- [Flow] CT_START Set
[14:16:07.094] ---- [Flow] CT_START Set
[14:16:07.418] ---- [Flow] CT_START Set
[14:16:10.397] ---- [Flow] CT_START Set
[14:16:14.238] ---- [Flow] CT_START Set
[14:16:14.560] ---- [Flow] CT_START Set
[14:18:09.316] ---- [Flow] CT_START Set
[14:18:12.594] ---- [Flow] CT_START Set
[14:18:12.891] ---- [Flow] CT_START Set
[14:22:02.293] ---- [Flow] CT_START Set
[14:22:06.544] ---- [Flow] CT_START Set
[14:22:12.798] ---- [Flow] CT_START Set
[14:22:19.626] ---- [Flow] CT_START Set
[14:22:20.362] ---- [Flow] CT_START Set
[14:22:58.575] ---- [Flow] CT_START Set
[14:23:14.727] ---- [Flow] CT_START Set
[14:23:14.884] ---- [Flow] CT_START Set
[14:23:15.285] ---- [Flow] CT_START Set
[14:23:15.381] ---- [Flow] CT_START Set
[14:23:15.579] ---- [Flow] CT_START Set
[14:23:15.678] ---- [Flow] CT_START Set
[14:23:15.930] ---- [Flow] CT_START Set
[14:23:16.032] ---- [Flow] CT_START Set
[14:23:16.347] ---- [Flow] CT_START Set
[14:23:16.441] ---- [Flow] CT_START Set
[14:23:16.703] ---- [Flow] CT_START Set
[14:23:16.798] ---- [Flow] CT_START Set
[14:23:16.991] ---- [Flow] CT_START Set
[14:23:17.140] ---- [Flow] CT_START Set
[14:23:17.445] ---- [Flow] CT_START Set
[14:23:17.540] ---- [Flow] CT_START Set
[14:23:17.686] ---- [Flow] CT_START Set
[14:23:23.204] ---- [Flow] CT_START Set
[14:32:40.180] ---- [Flow] CT_START Set
[14:32:40.503] ---- [Flow] CT_START Set
[14:32:41.410] ---- [Flow] CT_START Set
[14:32:41.670] ---- [Flow] CT_START Set
[14:32:42.529] ---- [Flow] CT_START Set
[14:32:43.315] ---- [Flow] CT_START Set
[14:32:43.667] ---- [Flow] CT_START Set
[14:32:46.481] ---- [Flow] CT_START Set
[14:35:46.224] ---- [Flow] CT_START Set
[14:36:05.175] ---- [Flow] CT_START Set
[14:37:27.133] ---- [Flow] CT_START Set
[14:37:27.479] ---- [Flow] CT_START Set
[14:37:28.306] ---- [Flow] CT_START Set
[14:37:28.613] ---- [Flow] CT_START Set
[14:37:29.392] ---- [Flow] CT_START Set
[14:37:30.117] ---- [Flow] CT_START Set
[14:38:34.510] ---- [Flow] CT_START Set
[14:38:39.530] ---- [Flow] CT_START Set
[14:39:21.566] ---- [Flow] CT_STOP Set
[14:39:21.588] ---- [Event] Auto : CT_STOP
[14:39:21.588] --------- [Monitor] StopTasks() : before m_stopped
[14:39:21.807] --------- [Monitor] StopTasks() : m_stopped
[14:39:21.807] [m_nState] AutoStop State
[14:39:25.561] ---- [Flow] CT_START Set
[14:39:25.582] ---- [Event] AutoStop : CT_START
[14:39:25.582] [m_nState] Auto State
[14:39:54.634] ---- [Flow] CT_START Set
[14:42:36.843] ---- [Flow] CT_START Set
[14:42:36.941] ---- [Flow] CT_START Set
[14:42:37.838] ---- [Flow] CT_START Set
[14:42:37.922] ---- [Flow] CT_START Set
[14:42:41.041] ---- [Flow] CT_START Set
[14:42:41.202] ---- [Flow] CT_START Set
[14:42:48.152] ---- [Flow] CT_START Set
[14:42:48.255] ---- [Flow] CT_START Set
[14:43:24.301] ---- [Flow] CT_START Set
[14:45:11.144] ---- [Flow] CT_START Set
[14:47:33.182] ---- [Flow] CT_START Set
[14:48:20.727] ---- [Flow] CT_START Set
[14:48:39.606] ---- [Flow] CT_START Set
[14:57:01.573] ---- [Flow] CT_START Set
[14:58:16.992] ---- [Flow] CT_START Set
[14:58:25.499] ---- [Flow] CT_START Set
[15:16:43.649] ---- [Flow] CT_START Set
[15:17:54.502] ---- [Flow] CT_START Set
[15:18:02.954] ---- [Flow] CT_START Set
[15:18:29.502] ---- [Flow] CT_START Set
[15:18:54.146] ---- [Flow] CT_START Set
[15:19:41.894] ---- [Flow] CT_START Set
[15:20:02.214] ---- [Flow] CT_START Set
[15:22:01.030] ---- [Flow] CT_START Set
[15:23:37.148] ---- [Flow] CT_START Set
[15:23:37.470] ---- [Flow] CT_START Set
[15:26:27.447] ---- [Flow] CT_START Set
[15:28:13.454] ---- [Flow] CT_STOP Set
[15:28:13.476] ---- [Event] Auto : CT_STOP
[15:28:13.476] --------- [Monitor] StopTasks() : before m_stopped
[15:28:13.633] ---- [Flow] CT_STOP Set
[15:28:13.679] ---- [Flow] CT_STOP Set
[15:28:13.721] ---- [Flow] CT_STOP Set
[15:28:14.637] --------- [Monitor] StopTasks() : m_stopped
[15:28:14.637] [m_nState] AutoStop State
[15:28:17.409] ---- [Flow] CT_START Set
[15:28:17.431] ---- [Event] AutoStop : CT_START
[15:28:17.431] [m_nState] Auto State
[15:28:18.892] ---- [Flow] CT_START Set
[15:28:24.028] ---- [Flow] CT_START Set
[15:28:24.385] ---- [Flow] CT_START Set
[15:31:36.906] ---- [Flow] CT_START Set
[15:31:40.380] ---- [Flow] CT_START Set
[15:31:40.894] ---- [Flow] CT_START Set
[15:31:45.601] ---- [Flow] CT_START Set
[15:31:45.933] ---- [Flow] CT_START Set
[15:32:39.896] ---- [Flow] CT_START Set
[15:32:42.436] ---- [Flow] CT_START Set
[15:32:42.637] ---- [Flow] CT_START Set
[15:32:42.754] ---- [Flow] CT_START Set
[15:32:45.043] ---- [Flow] CT_START Set
[15:33:45.656] ---- [Flow] CT_START Set
[15:33:54.339] ---- [Flow] CT_START Set
[15:34:08.168] ---- [Flow] CT_START Set
[15:34:13.181] ---- [Flow] CT_START Set
[15:34:13.493] ---- [Flow] CT_START Set
[15:34:17.815] ---- [Flow] CT_START Set
[15:34:22.537] ---- [Flow] CT_START Set
[15:34:22.637] ---- [Flow] CT_START Set
[15:34:22.757] ---- [Flow] CT_START Set
[15:34:32.002] ---- [Flow] CT_START Set
[15:35:22.778] ---- [Flow] CT_START Set
[15:35:22.857] ---- [Flow] CT_START Set
[15:35:24.480] ---- [Flow] CT_START Set
[15:36:18.750] ---- [Flow] CT_START Set
[15:36:24.335] ---- [Flow] CT_START Set
[15:36:24.465] ---- [Flow] CT_START Set
[15:36:28.951] ---- [Flow] CT_START Set
[15:36:59.723] ---- [Flow] CT_START Set
[15:36:59.795] ---- [Flow] CT_START Set
[15:36:59.879] ---- [Flow] CT_START Set
[15:36:59.979] ---- [Flow] CT_START Set
[15:37:00.074] ---- [Flow] CT_START Set
[15:37:02.729] ---- [Flow] CT_START Set
[15:37:02.872] ---- [Flow] CT_START Set
[15:37:03.862] ---- [Flow] CT_START Set
[15:37:03.950] ---- [Flow] CT_START Set
[15:37:04.042] ---- [Flow] CT_START Set
[15:37:04.120] ---- [Flow] CT_START Set
[15:38:46.148] ---- [Flow] CT_START Set
[15:38:49.302] ---- [Flow] CT_START Set
[15:38:53.001] ---- [Flow] CT_START Set
[15:40:17.220] ---- [Flow] CT_START Set
[15:42:10.443] ---- [Flow] CT_START Set
[15:42:10.773] ---- [Flow] CT_START Set
[15:42:13.333] ---- [Flow] CT_START Set
[15:42:13.874] ---- [Flow] CT_START Set
[15:42:37.070] ---- [Flow] CT_START Set
[15:42:43.405] ---- [Flow] CT_START Set
[15:43:55.263] ---- [Flow] CT_START Set
[15:45:58.781] ---- [Flow] CT_START Set
[15:50:58.799] ---- [Flow] CT_START Set
[15:50:58.878] ---- [Flow] CT_START Set
[15:51:39.193] ---- [Flow] CT_START Set
[15:54:23.933] ---- [Flow] CT_START Set
[15:54:46.224] ---- [Flow] CT_START Set
[15:55:32.410] ---- [Flow] CT_START Set
[15:55:36.314] ---- [Flow] CT_STOP Set
[15:55:36.336] ---- [Event] Auto : CT_STOP
[15:55:36.336] --------- [Monitor] StopTasks() : before m_stopped
[15:55:36.804] --------- [Monitor] StopTasks() : m_stopped
[15:55:36.804] [m_nState] AutoStop State
[15:55:49.998] ---- [Flow] CT_START Set
[15:55:50.020] ---- [Event] AutoStop : CT_START
[15:55:50.020] [m_nState] Auto State
[15:55:54.996] ---- [Flow] CT_START Set
[15:56:38.172] ---- [Flow] CT_START Set
[15:58:04.416] ---- [Flow] CT_START Set
[15:58:07.264] ---- [Flow] CT_START Set
[15:58:11.339] ---- [Flow] CT_START Set
[15:58:11.579] ---- [Flow] CT_START Set
[15:58:13.328] ---- [Flow] CT_START Set
[15:58:53.471] ---- [Flow] CT_START Set
[16:00:22.180] ---- [Flow] CT_START Set
[16:00:28.937] ---- [Flow] CT_START Set
[16:00:51.123] ---- [Flow] CT_START Set
[16:00:51.994] ---- [Flow] CT_START Set
[16:00:52.081] ---- [Flow] CT_START Set
[16:00:52.254] ---- [Flow] CT_START Set
[16:00:52.399] ---- [Flow] CT_START Set
[16:00:53.166] ---- [Flow] CT_START Set
[16:00:53.282] ---- [Flow] CT_START Set
[16:00:53.480] ---- [Flow] CT_START Set
[16:01:00.521] ---- [Flow] CT_START Set
[16:01:45.344] ---- [Flow] CT_START Set
[16:02:12.930] ---- [Flow] CT_START Set
[16:02:13.369] ---- [Flow] CT_START Set
[16:02:14.053] ---- [Flow] CT_START Set
[16:02:14.305] ---- [Flow] CT_START Set
[16:02:17.006] ---- [Flow] CT_START Set
[16:02:17.401] ---- [Flow] CT_START Set
[16:02:20.971] ---- [Flow] CT_START Set
[16:02:28.174] ---- [Flow] CT_START Set
[16:02:28.492] ---- [Flow] CT_START Set
[16:02:31.981] ---- [Flow] CT_START Set
[16:02:58.939] ---- [Flow] CT_START Set
[16:03:03.626] ---- [Flow] CT_START Set
[16:03:04.084] ---- [Flow] CT_START Set
[16:03:32.053] ---- [Flow] CT_START Set
[16:03:39.435] ---- [Flow] CT_START Set
[16:03:40.925] ---- [Flow] CT_START Set
[16:04:15.356] ---- [Flow] CT_START Set
[16:04:33.679] ---- [Flow] CT_START Set
[16:04:33.918] ---- [Flow] CT_START Set
[16:04:38.014] ---- [Flow] CT_START Set
[16:04:38.320] ---- [Flow] CT_START Set
[16:07:07.729] ---- [Flow] CT_START Set
[16:07:15.811] ---- [Flow] CT_START Set
[16:07:42.053] ---- [Flow] CT_START Set
[16:07:42.416] ---- [Flow] CT_START Set
[16:07:43.310] ---- [Flow] CT_START Set
[16:07:43.640] ---- [Flow] CT_START Set
[16:07:46.930] ---- [Flow] CT_START Set
[16:07:47.239] ---- [Flow] CT_START Set
[16:07:56.681] ---- [Flow] CT_START Set
[16:08:02.187] ---- [Flow] CT_START Set
[16:08:56.117] ---- [Flow] CT_START Set
[16:08:56.438] ---- [Flow] CT_START Set
[16:09:28.268] ---- [Flow] CT_START Set
[16:09:28.351] ---- [Flow] CT_START Set
[16:09:28.419] ---- [Flow] CT_START Set
[16:09:29.191] ---- [Flow] CT_START Set
[16:10:09.029] ---- [Flow] CT_START Set
[16:10:16.672] ---- [Flow] CT_START Set
[16:10:29.314] ---- [Flow] CT_STOP Set
[16:10:29.336] ---- [Event] Auto : CT_STOP
[16:10:29.336] --------- [Monitor] StopTasks() : before m_stopped
[16:10:29.374] ---- [Flow] CT_STOP Set
[16:10:29.413] ---- [Flow] CT_STOP Set
[16:10:29.454] ---- [Flow] CT_STOP Set
[16:10:29.490] --------- [Monitor] StopTasks() : m_stopped
[16:10:29.490] [m_nState] AutoStop State
[16:10:31.930] ---- [Flow] CT_START Set
[16:10:31.951] ---- [Event] AutoStop : CT_START
[16:10:31.951] [m_nState] Auto State
[16:10:32.606] ---- [Flow] CT_START Set
[16:10:37.034] ---- [Flow] CT_START Set
[16:10:43.822] ---- [Flow] CT_START Set
[16:11:09.545] ---- [Flow] CT_START Set
[16:11:18.401] ---- [Flow] CT_START Set
[16:11:48.802] ---- [Flow] CT_START Set
[16:12:56.501] ---- [Flow] CT_START Set
[16:14:06.598] ---- [Flow] CT_START Set
[16:14:08.560] ---- [Flow] CT_START Set
[16:16:02.603] ---- [Flow] CT_START Set
[16:16:02.942] ---- [Flow] CT_START Set
[16:16:14.371] ---- [Flow] CT_START Set
[16:16:14.644] ---- [Flow] CT_START Set
[16:16:14.944] ---- [Flow] CT_START Set
[16:16:38.500] ---- [Flow] CT_START Set
[16:17:02.996] ---- [Flow] CT_START Set
[16:19:43.080] ---- [Flow] CT_START Set
[16:19:43.408] ---- [Flow] CT_START Set
[16:19:46.559] ---- [Flow] CT_START Set
[16:19:46.927] ---- [Flow] CT_START Set
[16:19:51.530] ---- [Flow] CT_START Set
[16:19:51.873] ---- [Flow] CT_START Set
[16:20:42.281] ---- [Flow] CT_START Set
[16:21:28.718] ---- [Flow] CT_START Set
[16:21:29.410] ---- [Flow] CT_START Set
[16:23:13.367] ---- [Flow] CT_START Set
[16:23:24.162] ---- [Flow] CT_START Set
[16:23:58.075] ---- [Flow] CT_START Set
[16:23:58.451] ---- [Flow] CT_START Set
[16:25:20.969] ---- [Flow] CT_START Set
[16:25:27.267] ---- [Flow] CT_START Set
[16:25:33.078] ---- [Flow] CT_START Set
[16:25:33.644] ---- [Flow] CT_START Set
[16:26:02.925] ---- [Flow] CT_START Set
[16:27:14.967] ---- [Flow] CT_START Set
[16:28:25.104] ---- [Flow] CT_START Set
[16:29:34.785] ---- [Flow] CT_START Set
[16:29:37.553] ---- [Flow] CT_START Set
[16:32:36.785] ---- [Flow] CT_START Set
[16:32:39.917] ---- [Flow] CT_START Set
[16:32:48.618] ---- [Flow] CT_START Set
[16:34:40.953] ---- [Flow] CT_START Set
[16:34:42.026] ---- [Flow] CT_START Set
[16:34:47.398] ---- [Flow] CT_START Set
[16:34:47.806] ---- [Flow] CT_START Set
[16:35:37.165] ---- [Flow] CT_START Set
[16:35:37.590] ---- [Flow] CT_START Set
[16:35:38.375] ---- [Flow] CT_START Set
[16:35:40.778] ---- [Flow] CT_START Set
[16:35:41.122] ---- [Flow] CT_START Set
[16:35:45.921] ---- [Flow] CT_START Set
[16:35:46.340] ---- [Flow] CT_START Set
[16:38:03.060] ---- [Flow] CT_START Set
[16:38:08.774] ---- [Flow] CT_START Set
[16:38:37.526] ---- [Flow] CT_START Set
[16:38:42.278] ---- [Flow] CT_START Set
[16:38:42.552] ---- [Flow] CT_START Set
[16:38:45.053] ---- [Flow] CT_START Set
[16:38:46.764] ---- [Flow] CT_START Set
[16:40:41.749] ---- [Flow] CT_START Set
[16:40:42.465] ---- [Flow] CT_START Set
[16:41:39.437] ---- [Flow] CT_START Set
[16:49:51.246] ---- [Flow] CT_START Set
[16:50:41.652] ---- [Flow] CT_START Set
[16:59:34.592] ---- [Flow] CT_START Set
[16:59:40.598] ---- [Flow] CT_START Set
[16:59:44.408] ---- [Flow] CT_START Set
[16:59:49.364] ---- [Flow] CT_START Set
[16:59:49.456] ---- [Flow] CT_START Set
[17:10:08.686] ---- [Flow] CT_START Set
[17:12:15.808] ---- [Flow] CT_START Set
[17:12:15.888] ---- [Flow] CT_START Set
[17:12:15.968] ---- [Flow] CT_START Set
[17:12:18.979] ---- [Flow] CT_START Set
[17:12:19.229] ---- [Flow] CT_START Set
[17:14:31.043] ---- [Flow] CT_START Set
[17:14:36.611] ---- [Flow] CT_START Set
[17:14:42.128] ---- [Flow] CT_START Set
[17:14:44.416] ---- [Flow] CT_START Set
[17:16:03.742] ---- [Flow] CT_START Set
[17:16:07.061] ---- [Flow] CT_START Set
[17:16:08.276] ---- [Flow] CT_START Set
[17:16:09.011] ---- [Flow] CT_START Set
[17:16:09.595] ---- [Flow] CT_START Set
[17:16:10.409] ---- [Flow] CT_START Set
[17:16:11.607] ---- [Flow] CT_START Set
[17:16:12.364] ---- [Flow] CT_START Set
[17:16:12.743] ---- [Flow] CT_START Set
[17:16:13.488] ---- [Flow] CT_START Set
[17:16:15.852] ---- [Flow] CT_START Set
[17:16:16.347] ---- [Flow] CT_START Set
[17:16:16.647] ---- [Flow] CT_START Set
[17:16:17.141] ---- [Flow] CT_START Set
[17:16:17.223] ---- [Flow] CT_START Set
[17:16:17.301] ---- [Flow] CT_START Set
[17:16:17.380] ---- [Flow] CT_START Set
[17:16:17.429] ---- [Flow] CT_START Set
[17:16:17.505] ---- [Flow] CT_START Set
[17:16:17.551] ---- [Flow] CT_START Set
[17:16:17.602] ---- [Flow] CT_START Set
[17:16:17.665] ---- [Flow] CT_START Set
[17:16:17.728] ---- [Flow] CT_START Set
[17:16:17.805] ---- [Flow] CT_START Set
[17:16:17.895] ---- [Flow] CT_START Set
[17:16:17.941] ---- [Flow] CT_START Set
[17:16:18.025] ---- [Flow] CT_START Set
[17:16:18.116] ---- [Flow] CT_START Set
[17:16:18.166] ---- [Flow] CT_START Set
[17:16:18.208] ---- [Flow] CT_START Set
[17:16:18.280] ---- [Flow] CT_START Set
[17:16:18.320] ---- [Flow] CT_START Set
[17:16:18.367] ---- [Flow] CT_START Set
[17:16:18.464] ---- [Flow] CT_START Set
[17:16:19.828] ---- [Flow] CT_START Set
[17:16:25.192] ---- [Flow] CT_START Set
[17:18:58.094] ---- [Flow] CT_START Set
[17:19:35.849] ---- [Flow] CT_START Set
[17:19:42.429] ---- [Flow] CT_START Set
[17:23:33.945] ---- [Flow] CT_START Set
[17:23:34.160] ---- [Flow] CT_START Set
[17:27:42.872] ---- [Flow] CT_START Set
[17:27:55.045] ---- [Flow] CT_START Set
[17:28:09.373] ---- [Flow] CT_START Set
[17:28:09.556] ---- [Flow] CT_START Set
[17:28:15.418] ---- [Flow] CT_START Set
[17:28:15.554] ---- [Flow] CT_START Set
[17:28:15.704] ---- [Flow] CT_START Set
[17:28:20.582] ---- [Flow] CT_START Set
[17:28:20.675] ---- [Flow] CT_START Set
[17:28:21.485] ---- [Flow] CT_START Set
[17:28:21.940] ---- [Flow] CT_START Set
[17:28:22.027] ---- [Flow] CT_START Set
[17:28:22.773] ---- [Flow] CT_START Set
[17:28:22.874] ---- [Flow] CT_START Set
[17:28:23.659] ---- [Flow] CT_START Set
[17:28:23.847] ---- [Flow] CT_START Set
[17:28:24.139] ---- [Flow] CT_START Set
[17:28:25.801] ---- [Flow] CT_START Set
[17:28:26.184] ---- [Flow] CT_START Set
[17:28:26.868] ---- [Flow] CT_START Set
[17:28:29.200] ---- [Flow] CT_START Set
[17:28:32.612] ---- [Flow] CT_START Set
[17:28:48.944] ---- [Flow] CT_START Set
[17:29:17.366] ---- [Flow] CT_START Set
[17:29:17.974] ---- [Flow] CT_START Set
[17:30:03.795] ---- [Flow] CT_START Set
[17:30:14.812] ---- [Flow] CT_START Set
[17:30:47.382] ---- [Flow] CT_START Set
[17:31:01.935] ---- [Flow] CT_START Set
[17:31:16.845] ---- [Flow] CT_START Set
[17:31:17.074] ---- [Flow] CT_START Set
[17:31:25.051] ---- [Flow] CT_START Set
[17:31:25.138] ---- [Flow] CT_START Set
[17:31:25.898] ---- [Flow] CT_START Set
[17:31:28.077] ---- [Flow] CT_START Set
[17:31:28.193] ---- [Flow] CT_START Set
[17:31:28.286] ---- [Flow] CT_START Set
[17:31:28.384] ---- [Flow] CT_START Set
[17:31:28.459] ---- [Flow] CT_START Set
[17:31:31.656] ---- [Flow] CT_START Set
[17:32:50.270] ---- [Flow] CT_START Set
[17:38:27.879] ---- [Flow] CT_START Set
[17:39:49.600] ---- [Flow] CT_START Set
[17:41:50.651] ---- [Flow] CT_START Set
[17:47:18.319] ---- [Flow] CT_START Set
[17:47:33.916] ---- [Flow] CT_START Set
[17:49:36.266] ---- [Flow] CT_START Set
[17:49:41.671] ---- [Flow] CT_START Set
[17:49:42.210] ---- [Flow] CT_START Set
[17:49:43.043] ---- [Flow] CT_START Set
[17:49:43.947] ---- [Flow] CT_START Set
[17:50:42.470] ---- [Flow] CT_START Set
[17:52:58.144] ---- [Flow] CT_START Set
[18:06:01.143] ---- [Flow] CT_START Set
[18:06:01.747] ---- [Flow] CT_START Set
[18:06:02.171] ---- [Flow] CT_START Set
[18:07:37.455] ---- [Flow] CT_START Set
[18:07:51.233] ---- [Flow] CT_START Set
[18:08:08.242] ---- [Flow] CT_START Set
[18:11:52.713] ---- [Flow] CT_START Set
[18:16:52.773] ---- [Flow] CT_START Set
[18:26:18.604] ---- [Flow] CT_START Set
[18:35:20.852] ---- [Flow] CT_START Set
[18:35:48.732] ---- [Flow] CT_START Set
[18:36:50.701] ---- [Flow] CT_START Set
[18:40:42.784] ---- [Flow] CT_START Set
[18:40:53.316] ---- [Flow] CT_START Set
[18:44:46.170] ---- [Flow] CT_START Set
[18:50:46.312] ---- [Flow] CT_START Set
[18:52:43.017] ---- [Flow] CT_START Set
[18:54:38.546] ---- [Flow] CT_START Set
[18:55:16.232] ---- [Flow] CT_START Set
[18:55:24.506] ---- [Flow] CT_START Set
[18:59:01.692] ---- [Flow] CT_START Set
[19:02:59.743] ---- [Flow] CT_START Set
[19:04:08.280] ---- [Flow] CT_START Set
[19:04:11.014] ---- [Flow] CT_START Set
[19:04:11.752] ---- [Flow] CT_START Set
[19:04:12.309] ---- [Flow] CT_START Set
[19:04:13.540] ---- [Flow] CT_START Set
[19:06:59.577] ---- [Flow] CT_START Set
[19:08:06.227] ---- [Flow] CT_START Set
[19:10:46.423] ---- [Flow] CT_START Set
[19:10:58.890] ---- [Flow] CT_START Set
[19:14:01.888] ---- [Flow] CT_START Set
[19:14:06.260] ---- [Flow] CT_START Set
[19:14:07.724] ---- [Flow] CT_START Set
[19:14:11.007] ---- [Flow] CT_START Set
[19:15:51.454] ---- [Flow] CT_START Set
[19:15:53.885] ---- [Flow] CT_START Set
[19:15:54.940] ---- [Flow] CT_START Set
[19:20:16.829] ---- [Flow] CT_START Set
[19:20:18.748] ---- [Flow] CT_START Set
[19:22:18.140] ---- [Flow] CT_START Set
[19:22:20.577] ---- [Flow] CT_START Set
[19:22:26.582] ---- [Flow] CT_START Set
[19:29:07.564] ---- [Flow] CT_START Set
[19:29:09.724] ---- [Flow] CT_START Set
[19:29:55.528] ---- [Flow] CT_START Set
[19:29:56.536] ---- [Flow] CT_START Set
[19:30:40.814] ---- [Flow] CT_START Set
[19:31:21.660] ---- [Flow] CT_START Set
[19:31:22.818] ---- [Flow] CT_START Set
[19:32:31.806] ---- [Flow] CT_START Set
[19:33:08.741] ---- [Flow] CT_START Set
[19:33:36.208] ---- [Flow] CT_START Set
[19:33:52.701] ---- [Flow] CT_START Set
[19:37:21.396] ---- [Flow] CT_START Set
[19:37:56.895] ---- [Flow] CT_START Set
[19:40:23.570] ---- [Flow] CT_START Set
[19:40:37.695] ---- [Flow] CT_START Set
[19:41:16.875] ---- [Flow] CT_START Set
[19:41:18.669] ---- [Flow] CT_START Set
[19:42:38.858] ---- [Flow] CT_START Set
[19:42:47.956] ---- [Flow] CT_START Set
[19:46:40.661] ---- [Flow] CT_START Set
[19:46:41.117] ---- [Flow] CT_START Set
[19:46:45.056] ---- [Flow] CT_START Set
[19:48:30.168] ---- [Flow] CT_START Set
[19:48:30.453] ---- [Flow] CT_START Set
[19:48:32.378] ---- [Flow] CT_START Set
[19:48:32.462] ---- [Flow] CT_START Set
[19:48:43.626] ---- [Flow] CT_START Set
[19:48:43.697] ---- [Flow] CT_START Set
[19:48:45.382] ---- [Flow] CT_START Set
[19:49:15.350] ---- [Flow] CT_START Set
[19:50:03.348] ---- [Flow] CT_START Set
[19:51:55.286] ---- [Flow] CT_START Set
[19:52:37.972] ---- [Flow] CT_START Set
[19:53:27.427] ---- [Flow] CT_START Set
[19:53:27.713] ---- [Flow] CT_START Set
[19:53:46.551] ---- [Flow] CT_START Set
[19:53:49.214] ---- [Flow] CT_START Set
[19:56:10.241] ---- [Flow] CT_STOP Set
[19:56:10.264] ---- [Event] Auto : CT_STOP
[19:56:10.264] --------- [Monitor] StopTasks() : before m_stopped
[19:56:11.113] --------- [Monitor] StopTasks() : m_stopped
[19:56:11.113] [m_nState] AutoStop State
[19:56:22.953] ---- [Flow] CT_START Set
[19:56:22.975] ---- [Event] AutoStop : CT_START
[19:56:22.975] [m_nState] Auto State
[19:56:23.814] ---- [Flow] CT_START Set
[19:56:31.775] ---- [Flow] CT_START Set
[20:00:26.314] ---- [Flow] CT_STOP Set
[20:00:26.336] ---- [Event] Auto : CT_STOP
[20:00:26.336] --------- [Monitor] StopTasks() : before m_stopped
[20:00:26.389] --------- [Monitor] StopTasks() : m_stopped
[20:00:26.390] [m_nState] AutoStop State
