[00:41:24.361] [RightTransferStation] Vacuum Error
[00:41:53.183] [RightTransferStation] Vacuum Error
[02:05:18.341] [LeftTransferStation] Vacuum Error
[02:06:31.667] [LeftTransferStation] Vacuum Error
[07:55:02.465] [LeftTransferStation] Vacuum Error
[07:55:21.609] [LeftTransferStation] Set Double Place
[08:18:13.351] [LeftTransferStation] Vacuum Error
[08:18:51.242] [LeftTransferStation] Vacuum Error
[08:29:49.662] [LeftTransferStation] Vacuum Error
[10:02:36.659] [RightTransferStation] Vacuum Error
[10:20:26.186] [MainControlStation] Right Door Open
[10:21:12.785] [MainControlStation] Right Door Open
[10:22:05.946] [MainControlStation] Right Door Open
[12:54:52.971] [MainControlStation] Right Door Open
[13:05:44.437] [RightTransferStation] Vacuum Error
[15:55:39.023] [RightTransferStation] Vacuum Error
[15:55:46.489] [RightTransferStation] Move Z Axis Error
[15:55:52.580] [RightTransferStation] Move Z Axis Error
[15:55:54.462] [RightTransferStation] Move Z Axis Error
[16:00:09.018] [RightTransferStation] Vacuum Error
[16:02:37.029] [LeftPPStation] Load Cylinder Up Error
[16:02:46.252] [LeftPPStation] Load Cylinder Vacuum Error
[17:23:23.830] [MainControlStation] Right Door Open
[17:57:48.872] [LeftTransferStation] Vacuum Error
[18:15:45.994] [MainControlStation] Right Door Open
[20:38:42.508] [LeftTransferStation] Move Z Axis Error
[20:38:50.776] [LeftTransferStation] Move Z Axis Error
[21:12:52.876] [MainControlStation] Right Door Open
