[00:07:06.954] [RightTransferStation] Move XY Axis Error
[00:22:34.641] [RightTransferStation] Move XY Axis Error
[01:42:14.097] [RightTransferStation] Move XY Axis Error
[01:50:54.411] [RightTransferStation] Move XY Axis Error
[01:50:58.152] [RightTransferStation] Move XY Axis Error
[01:51:00.064] [RightTransferStation] Move XY Axis Error
[04:54:02.553] [RightTransferStation] Move XY Axis Error
[06:05:35.529] [MainControlStation] Right Door Open
[06:11:00.819] [RightTransferStation] Vacuum Error
[06:11:11.167] [RightTransferStation] Vacuum Error
[06:12:34.548] [LeftPPStation] Load Cylinder Vacuum Error
[06:12:43.544] [RightTransferStation] Vacuum Error
[06:12:53.988] [RightTransferStation] Move XY Axis Error
[06:30:45.421] [RightTransferStation] Move XY Axis Error
[08:22:27.034] [LeftTransferStation] Set Double Place
[10:22:02.220] [LeftTransferStation] Vacuum Error
[10:22:15.942] [LeftTransferStation] Vacuum Error
[10:25:00.662] [MainControlStation] Left Door Open
[10:44:58.203] [LeftTransferStation] Move Z Axis Error
[11:29:16.457] [MainControlStation] Left Door Open
[11:29:17.890] [LeftTransferStation] Move Z Axis Error
[11:29:58.252] [LeftPPStation] Unload Buffer Set Not Exist
[15:23:24.712] [LeftPPStation] Unload Buffer Set Not Exist
[15:38:13.615] [MainControlStation] Left Door Open
[15:38:54.921] [MainControlStation] Left Door Open
[15:38:56.402] [LeftPPStation] Unload Buffer Set Not Exist
[17:07:36.182] [MainControlStation] Left Door Open
[17:10:17.226] [LeftPPStation] Unload Buffer Set Not Exist
[17:39:20.740] [LeftPPStation] Unload Buffer Set Not Exist
[18:04:52.245] [MainControlStation] Left Door Open
[19:59:12.373] [LeftTransferStation] Move XY Axis Error
[20:06:46.511] [RightTransferStation] Move Z Axis Error
[20:07:01.406] [RightTransferStation] Move Z Axis Error
[20:12:56.240] [LeftTransferStation] Set Double Place
[20:19:42.508] [RightTransferStation] Move XY Axis Error
[20:23:02.834] [RightTransferStation] Move XY Axis Error
[20:23:21.616] [RightTransferStation] Move XY Axis Error
[20:31:16.739] [RightTransferStation] Move XY Axis Error
[20:37:53.207] [RightTransferStation] Move XY Axis Error
[20:51:06.797] [RightTransferStation] Move XY Axis Error
[20:53:07.567] [RightTransferStation] Move XY Axis Error
[21:15:52.359] [RightTransferStation] Move Z Axis Error
[21:16:06.431] [RightTransferStation] Move Z Axis Error
[21:21:19.967] [LeftTransferStation] Move Z Axis Error
[21:21:39.791] [RightPPStation] Load Cylinder Up Error
[21:21:51.993] [RightPPStation] Load Cylinder Vacuum Error
[21:21:56.122] [LeftTransferStation] Vacuum Error
[21:22:14.368] [RightTransferStation] Move XY Axis Error
[21:33:50.502] [RightTransferStation] Move Z Axis Error
[21:34:14.681] [RightTransferStation] Move Z Axis Error
[21:34:32.913] [RightTransferStation] Move Z Axis Error
[21:46:32.419] [RightTransferStation] Move Z Axis Error
[21:46:49.202] [RightTransferStation] Move Z Axis Error
[21:47:07.411] [RightTransferStation] Move XY Axis Error
[21:49:01.951] [RightTransferStation] Move XY Axis Error
[21:49:25.425] [RightTransferStation] Move XY Axis Error
[22:02:08.328] [RightTransferStation] Move XY Axis Error
[22:14:28.551] [LeftTransferStation] Move Z Axis Error
[22:14:31.106] [LeftTransferStation] Move Z Axis Error
[22:39:47.080] [RightTransferStation] Move Z Axis Error
[22:39:59.902] [RightTransferStation] Move Z Axis Error
[22:40:01.643] [RightTransferStation] Move Z Axis Error
[22:48:34.336] [RightTransferStation] Move XY Axis Error
[23:07:52.089] [RightTransferStation] Move XY Axis Error
[23:23:10.901] [RightTransferStation] Move XY Axis Error
