[00:07:11.442] ---- [Flow] CT_START Set
[00:22:38.343] ---- [Flow] CT_START Set
[01:42:22.155] ---- [Flow] CT_START Set
[01:50:57.017] ---- [Flow] CT_START Set
[01:50:57.331] ---- [Flow] CT_START Set
[01:50:58.221] ---- [Flow] CT_START Set
[01:50:58.883] ---- [Flow] CT_START Set
[01:50:59.224] ---- [Flow] CT_START Set
[01:51:13.401] ---- [Flow] CT_START Set
[03:24:26.345] ---- [Flow] CT_START Set
[03:28:10.521] ---- [Flow] CT_START Set
[04:54:07.649] ---- [Flow] CT_START Set
[06:05:51.706] ---- [Flow] CT_START Set
[06:10:45.408] ---- [Flow] CT_START Set
[06:11:03.280] ---- [Flow] CT_START Set
[06:11:12.162] ---- [Flow] CT_START Set
[06:12:06.937] ---- [Flow] CT_START Set
[06:12:20.300] ---- [Flow] CT_START Set
[06:12:36.971] ---- [Flow] CT_START Set
[06:12:45.762] ---- [Flow] CT_START Set
[06:12:56.160] ---- [Flow] CT_START Set
[06:20:08.848] ---- [Flow] CT_START Set
[06:30:48.381] ---- [Flow] CT_START Set
[06:34:45.182] ---- [Flow] CT_STOP Set
[06:34:45.204] ---- [Event] Auto : CT_STOP
[06:34:45.204] --------- [Monitor] StopTasks() : before m_stopped
[06:34:45.303] --------- [Monitor] StopTasks() : m_stopped
[06:34:45.303] [m_nState] AutoStop State
[08:00:21.432] [m_nState] Init State
[08:00:21.442] ---- [Monitor] Init : m_idle
[08:00:21.464] ---- [Event] Init : CT_IDLE
[08:00:21.464] [m_nState] Idle State
[08:05:55.519] ---- [Flow] CT_START Set
[08:05:55.540] ---- [Event] Idle : CT_START
[08:05:55.540] [m_nState] Auto State
[08:05:56.376] ---- [Flow] CT_START Set
[08:08:35.189] ---- [Flow] CT_START Set
[08:20:50.460] ---- [Flow] CT_STOP Set
[08:20:50.481] ---- [Event] Auto : CT_STOP
[08:20:50.481] --------- [Monitor] StopTasks() : before m_stopped
[08:20:50.490] --------- [Monitor] StopTasks() : m_stopped
[08:20:50.491] [m_nState] AutoStop State
[08:20:50.513] ---- [Flow] CT_STOP Set
[08:20:59.772] ---- [Flow] CT_START Set
[08:20:59.794] ---- [Event] AutoStop : CT_START
[08:20:59.794] [m_nState] Auto State
[08:22:30.250] ---- [Flow] CT_STOP Set
[08:22:30.271] ---- [Event] Auto : CT_STOP
[08:22:30.271] --------- [Monitor] StopTasks() : before m_stopped
[08:22:30.271] --------- [Monitor] StopTasks() : m_stopped
[08:22:30.271] [m_nState] AutoStop State
[08:22:30.377] ---- [Flow] CT_STOP Set
[08:22:52.175] ---- [Flow] CT_START Set
[08:22:52.196] ---- [Event] AutoStop : CT_START
[08:22:52.196] [m_nState] Auto State
[08:23:00.602] ---- [Flow] CT_STOP Set
[08:23:00.623] ---- [Event] Auto : CT_STOP
[08:23:00.623] --------- [Monitor] StopTasks() : before m_stopped
[08:23:04.810] --------- [Monitor] StopTasks() : m_stopped
[08:23:04.811] [m_nState] AutoStop State
[08:23:05.292] ---- [Flow] CT_START Set
[08:23:05.313] ---- [Event] AutoStop : CT_START
[08:23:05.313] [m_nState] Auto State
[08:45:16.009] ---- [Flow] CT_STOP Set
[08:45:16.031] ---- [Event] Auto : CT_STOP
[08:45:16.031] --------- [Monitor] StopTasks() : before m_stopped
[08:45:16.157] ---- [Flow] CT_STOP Set
[08:45:16.204] ---- [Flow] CT_STOP Set
[08:45:16.571] --------- [Monitor] StopTasks() : m_stopped
[08:45:16.571] [m_nState] AutoStop State
[08:46:33.457] ---- [Flow] CT_START Set
[08:46:33.479] ---- [Event] AutoStop : CT_START
[08:46:33.479] [m_nState] Auto State
[08:54:28.026] ---- [Flow] CT_STOP Set
[08:54:28.048] ---- [Event] Auto : CT_STOP
[08:54:28.048] --------- [Monitor] StopTasks() : before m_stopped
[08:54:28.087] --------- [Monitor] StopTasks() : m_stopped
[08:54:28.087] [m_nState] AutoStop State
[08:54:28.416] ---- [Flow] CT_STOP Set
[08:54:28.448] ---- [Flow] CT_STOP Set
[08:54:28.481] ---- [Flow] CT_STOP Set
[08:54:28.513] ---- [Flow] CT_STOP Set
[10:07:22.281] ---- [Flow] CT_START Set
[10:07:22.303] ---- [Event] AutoStop : CT_START
[10:07:22.303] [m_nState] Auto State
[10:14:14.002] ---- [Flow] CT_STOP Set
[10:14:14.023] ---- [Event] Auto : CT_STOP
[10:14:14.023] --------- [Monitor] StopTasks() : before m_stopped
[10:14:14.161] ---- [Flow] CT_STOP Set
[10:14:14.206] ---- [Flow] CT_STOP Set
[10:14:14.246] ---- [Flow] CT_STOP Set
[10:14:14.367] --------- [Monitor] StopTasks() : m_stopped
[10:14:14.367] [m_nState] AutoStop State
[10:14:16.700] ---- [Flow] CT_START Set
[10:14:16.722] ---- [Event] AutoStop : CT_START
[10:14:16.722] [m_nState] Auto State
[10:14:26.291] ---- [Flow] CT_STOP Set
[10:14:26.312] ---- [Event] Auto : CT_STOP
[10:14:26.312] --------- [Monitor] StopTasks() : before m_stopped
[10:14:27.016] --------- [Monitor] StopTasks() : m_stopped
[10:14:27.017] [m_nState] AutoStop State
[10:14:27.344] ---- [Flow] CT_START Set
[10:14:27.365] ---- [Event] AutoStop : CT_START
[10:14:27.365] [m_nState] Auto State
[10:14:42.447] ---- [Flow] CT_STOP Set
[10:14:42.469] ---- [Event] Auto : CT_STOP
[10:14:42.469] --------- [Monitor] StopTasks() : before m_stopped
[10:14:42.559] ---- [Flow] CT_STOP Set
[10:14:42.823] --------- [Monitor] StopTasks() : m_stopped
[10:14:42.823] [m_nState] AutoStop State
[10:20:31.796] ---- [Flow] CT_START Set
[10:20:31.817] ---- [Event] AutoStop : CT_START
[10:20:31.817] [m_nState] Auto State
[10:21:18.871] ---- [Flow] CT_STOP Set
[10:21:18.893] ---- [Event] Auto : CT_STOP
[10:21:18.893] --------- [Monitor] StopTasks() : before m_stopped
[10:21:18.935] --------- [Monitor] StopTasks() : m_stopped
[10:21:18.935] [m_nState] AutoStop State
[10:21:28.444] ---- [Flow] CT_START Set
[10:21:28.466] ---- [Event] AutoStop : CT_START
[10:21:28.466] [m_nState] Auto State
[10:22:08.764] ---- [Flow] CT_START Set
[10:22:18.309] ---- [Flow] CT_START Set
[10:25:07.759] ---- [Flow] CT_START Set
[10:25:07.808] ---- [Flow] CT_START Set
[10:25:07.854] ---- [Flow] CT_START Set
[10:25:07.888] ---- [Flow] CT_START Set
[10:44:52.604] ---- [Flow] CT_STOP Set
[10:44:52.626] ---- [Event] Auto : CT_STOP
[10:44:52.626] --------- [Monitor] StopTasks() : before m_stopped
[10:44:53.234] --------- [Monitor] StopTasks() : m_stopped
[10:44:53.234] [m_nState] AutoStop State
[10:44:57.943] ---- [Flow] CT_START Set
[10:44:57.965] ---- [Event] AutoStop : CT_START
[10:44:57.965] [m_nState] Auto State
[10:44:58.095] ---- [Flow] CT_START Set
[10:45:00.884] ---- [Flow] CT_START Set
[11:28:26.771] ---- [Flow] CT_STOP Set
[11:28:26.792] ---- [Event] Auto : CT_STOP
[11:28:26.792] --------- [Monitor] StopTasks() : before m_stopped
[11:28:26.818] --------- [Monitor] StopTasks() : m_stopped
[11:28:26.818] [m_nState] AutoStop State
[11:29:15.874] ---- [Flow] CT_START Set
[11:29:15.896] ---- [Event] AutoStop : CT_START
[11:29:15.896] [m_nState] Auto State
[11:29:17.212] ---- [Flow] CT_START Set
[11:29:17.283] ---- [Flow] CT_START Set
[11:29:23.340] ---- [Flow] CT_STOP Set
[11:29:23.361] ---- [Event] Auto : CT_STOP
[11:29:23.361] --------- [Monitor] StopTasks() : before m_stopped
[11:29:23.385] --------- [Monitor] StopTasks() : m_stopped
[11:29:23.385] [m_nState] AutoStop State
[11:29:23.392] ---- [Flow] CT_STOP Set
[11:29:57.502] ---- [Flow] CT_START Set
[11:29:57.523] ---- [Event] AutoStop : CT_START
[11:29:57.523] [m_nState] Auto State
[11:29:59.771] ---- [Flow] CT_START Set
[11:43:38.127] ---- [Flow] CT_STOP Set
[11:43:38.148] ---- [Event] Auto : CT_STOP
[11:43:38.148] --------- [Monitor] StopTasks() : before m_stopped
[11:43:38.178] --------- [Monitor] StopTasks() : m_stopped
[11:43:38.178] [m_nState] AutoStop State
[12:38:09.017] ---- [Flow] CT_START Set
[12:38:09.038] ---- [Event] AutoStop : CT_START
[12:38:09.038] [m_nState] Auto State
[13:01:38.172] ---- [Flow] CT_STOP Set
[13:01:38.193] ---- [Event] Auto : CT_STOP
[13:01:38.193] --------- [Monitor] StopTasks() : before m_stopped
[13:01:38.211] --------- [Monitor] StopTasks() : m_stopped
[13:01:38.211] [m_nState] AutoStop State
[13:05:17.377] ---- [Flow] CT_START Set
[13:05:17.398] ---- [Event] AutoStop : CT_START
[13:05:17.398] [m_nState] Auto State
[13:34:54.325] ---- [Flow] CT_STOP Set
[13:34:54.347] ---- [Event] Auto : CT_STOP
[13:34:54.347] --------- [Monitor] StopTasks() : before m_stopped
[13:34:54.724] --------- [Monitor] StopTasks() : m_stopped
[13:34:54.724] [m_nState] AutoStop State
[13:36:16.767] ---- [Flow] CT_START Set
[13:36:16.788] ---- [Event] AutoStop : CT_START
[13:36:16.788] [m_nState] Auto State
[13:36:41.779] ---- [Flow] CT_STOP Set
[13:36:41.801] ---- [Event] Auto : CT_STOP
[13:36:41.801] --------- [Monitor] StopTasks() : before m_stopped
[13:36:41.845] --------- [Monitor] StopTasks() : m_stopped
[13:36:41.845] [m_nState] AutoStop State
[13:42:58.001] ---- [Flow] CT_START Set
[13:42:58.022] ---- [Event] AutoStop : CT_START
[13:42:58.022] [m_nState] Auto State
[14:23:49.541] ---- [Flow] CT_STOP Set
[14:23:49.562] ---- [Event] Auto : CT_STOP
[14:23:49.562] --------- [Monitor] StopTasks() : before m_stopped
[14:23:49.582] --------- [Monitor] StopTasks() : m_stopped
[14:23:49.583] [m_nState] AutoStop State
[15:23:24.229] ---- [Flow] CT_START Set
[15:23:24.416] ---- [Event] AutoStop : CT_START
[15:23:24.416] [m_nState] Auto State
[15:23:31.217] ---- [Flow] CT_START Set
[15:38:14.983] ---- [Flow] CT_STOP Set
[15:38:15.005] ---- [Event] Auto : CT_STOP
[15:38:15.005] --------- [Monitor] StopTasks() : before m_stopped
[15:38:15.008] --------- [Monitor] StopTasks() : m_stopped
[15:38:15.008] [m_nState] AutoStop State
[15:38:15.078] ---- [Flow] CT_STOP Set
[15:38:54.185] ---- [Flow] CT_START Set
[15:38:54.206] ---- [Event] AutoStop : CT_START
[15:38:54.206] [m_nState] Auto State
[15:38:55.595] ---- [Flow] CT_START Set
[15:38:55.803] ---- [Flow] CT_START Set
[15:39:29.166] ---- [Flow] CT_STOP Set
[15:39:29.187] ---- [Event] Auto : CT_STOP
[15:39:29.187] --------- [Monitor] StopTasks() : before m_stopped
[15:39:29.241] --------- [Monitor] StopTasks() : m_stopped
[15:39:29.241] [m_nState] AutoStop State
[15:39:29.348] ---- [Flow] CT_STOP Set
[15:39:29.380] ---- [Flow] CT_STOP Set
[15:39:29.419] ---- [Flow] CT_STOP Set
[15:39:49.525] ---- [Flow] CT_START Set
[15:39:49.547] ---- [Event] AutoStop : CT_START
[15:39:49.547] [m_nState] Auto State
[15:59:29.226] ---- [Flow] CT_STOP Set
[15:59:29.247] ---- [Event] Auto : CT_STOP
[15:59:29.247] --------- [Monitor] StopTasks() : before m_stopped
[15:59:29.275] --------- [Monitor] StopTasks() : m_stopped
[15:59:29.275] [m_nState] AutoStop State
[15:59:33.459] ---- [Flow] CT_START Set
[15:59:33.480] ---- [Event] AutoStop : CT_START
[15:59:33.480] [m_nState] Auto State
[16:17:06.961] ---- [Flow] CT_STOP Set
[16:17:06.983] ---- [Event] Auto : CT_STOP
[16:17:06.983] --------- [Monitor] StopTasks() : before m_stopped
[16:17:07.032] --------- [Monitor] StopTasks() : m_stopped
[16:17:07.033] [m_nState] AutoStop State
[16:53:36.976] ---- [Flow] CT_START Set
[16:53:36.997] ---- [Event] AutoStop : CT_START
[16:53:36.997] [m_nState] Auto State
[17:10:16.531] ---- [Flow] CT_START Set
[17:10:16.746] ---- [Flow] CT_START Set
[17:29:12.944] ---- [Flow] CT_STOP Set
[17:29:12.966] ---- [Event] Auto : CT_STOP
[17:29:12.966] --------- [Monitor] StopTasks() : before m_stopped
[17:29:13.048] --------- [Monitor] StopTasks() : m_stopped
[17:29:13.048] [m_nState] AutoStop State
[17:39:20.323] ---- [Flow] CT_START Set
[17:39:20.345] ---- [Event] AutoStop : CT_START
[17:39:20.345] [m_nState] Auto State
[17:39:20.636] ---- [Flow] CT_START Set
[18:02:58.042] ---- [Flow] CT_STOP Set
[18:02:58.063] ---- [Event] Auto : CT_STOP
[18:02:58.063] --------- [Monitor] StopTasks() : before m_stopped
[18:02:58.118] ---- [Flow] CT_STOP Set
[18:02:58.488] --------- [Monitor] StopTasks() : m_stopped
[18:02:58.488] [m_nState] AutoStop State
[18:03:55.045] ---- [Flow] CT_START Set
[18:03:55.066] ---- [Event] AutoStop : CT_START
[18:03:55.066] [m_nState] Auto State
[18:04:53.919] ---- [Flow] CT_STOP Set
[18:04:53.940] ---- [Event] Auto : CT_STOP
[18:04:53.940] --------- [Monitor] StopTasks() : before m_stopped
[18:04:53.940] --------- [Monitor] StopTasks() : m_stopped
[18:04:53.940] [m_nState] AutoStop State
[18:04:53.953] ---- [Flow] CT_STOP Set
[18:04:55.866] ---- [Flow] CT_STOP Set
[18:04:55.901] ---- [Flow] CT_STOP Set
[18:04:55.935] ---- [Flow] CT_STOP Set
[18:04:55.966] ---- [Flow] CT_STOP Set
[18:04:55.997] ---- [Flow] CT_STOP Set
[18:04:56.483] ---- [Flow] CT_STOP Set
[18:04:56.528] ---- [Flow] CT_STOP Set
[18:04:56.574] ---- [Flow] CT_STOP Set
[19:59:10.681] ---- [Flow] CT_START Set
[19:59:10.702] ---- [Event] AutoStop : CT_START
[19:59:10.702] [m_nState] Auto State
[19:59:11.621] ---- [Flow] CT_START Set
[20:05:23.257] ---- [Flow] CT_START Set
[20:07:00.478] ---- [Flow] CT_START Set
[20:07:13.348] ---- [Flow] CT_START Set
[20:13:07.881] ---- [Flow] CT_START Set
[20:19:45.928] ---- [Flow] CT_START Set
[20:23:20.514] ---- [Flow] CT_START Set
[20:23:21.652] ---- [Flow] CT_START Set
[20:31:21.582] ---- [Flow] CT_START Set
[20:37:33.389] ---- [Flow] CT_STOP Set
[20:37:33.410] ---- [Event] Auto : CT_STOP
[20:37:33.410] --------- [Monitor] StopTasks() : before m_stopped
[20:37:33.413] --------- [Monitor] StopTasks() : m_stopped
[20:37:33.413] [m_nState] AutoStop State
[20:37:33.421] ---- [Flow] CT_STOP Set
[20:37:33.521] ---- [Flow] CT_STOP Set
[20:37:36.939] ---- [Flow] CT_START Set
[20:37:36.961] ---- [Event] AutoStop : CT_START
[20:37:36.961] [m_nState] Auto State
[20:37:54.189] ---- [Flow] CT_START Set
[20:38:35.440] ---- [Flow] CT_START Set
[20:53:06.781] ---- [Flow] CT_START Set
[20:53:10.183] ---- [Flow] CT_START Set
[21:16:05.720] ---- [Flow] CT_START Set
[21:16:07.618] ---- [Flow] CT_START Set
[21:21:43.226] ---- [Flow] CT_STOP Set
[21:21:43.247] ---- [Event] Auto : CT_STOP
[21:21:43.247] --------- [Monitor] StopTasks() : before m_stopped
[21:21:43.251] --------- [Monitor] StopTasks() : m_stopped
[21:21:43.251] [m_nState] AutoStop State
[21:21:43.327] ---- [Flow] CT_STOP Set
[21:21:51.702] ---- [Flow] CT_START Set
[21:21:51.724] ---- [Event] AutoStop : CT_START
[21:21:51.724] [m_nState] Auto State
[21:21:51.802] ---- [Flow] CT_START Set
[21:21:55.541] ---- [Flow] CT_START Set
[21:21:58.598] ---- [Flow] CT_START Set
[21:22:22.048] ---- [Flow] CT_START Set
[21:32:31.710] ---- [Flow] CT_START Set
[21:34:14.048] ---- [Flow] CT_START Set
[21:34:31.994] ---- [Flow] CT_START Set
[21:34:32.085] ---- [Flow] CT_START Set
[21:34:47.017] ---- [Flow] CT_START Set
[21:46:48.980] ---- [Flow] CT_START Set
[21:46:50.623] ---- [Flow] CT_START Set
[21:47:10.037] ---- [Flow] CT_START Set
[21:49:24.291] ---- [Flow] CT_START Set
[21:49:25.685] ---- [Flow] CT_START Set
[21:57:15.068] ---- [Flow] CT_STOP Set
[21:57:15.090] ---- [Event] Auto : CT_STOP
[21:57:15.090] --------- [Monitor] StopTasks() : before m_stopped
[21:57:15.617] --------- [Monitor] StopTasks() : m_stopped
[21:57:15.617] [m_nState] AutoStop State
[21:57:50.644] ---- [Flow] CT_START Set
[21:57:50.665] ---- [Event] AutoStop : CT_START
[21:57:50.665] [m_nState] Auto State
[21:57:51.580] ---- [Flow] CT_START Set
[22:00:44.456] ---- [Flow] CT_STOP Set
[22:00:44.478] ---- [Event] Auto : CT_STOP
[22:00:44.478] --------- [Monitor] StopTasks() : before m_stopped
[22:00:44.522] ---- [Flow] CT_STOP Set
[22:00:44.562] ---- [Flow] CT_STOP Set
[22:00:44.601] ---- [Flow] CT_STOP Set
[22:00:45.292] --------- [Monitor] StopTasks() : m_stopped
[22:00:45.292] [m_nState] AutoStop State
[22:01:10.273] ---- [Flow] CT_START Set
[22:01:10.295] ---- [Event] AutoStop : CT_START
[22:01:10.295] [m_nState] Auto State
[22:01:10.920] ---- [Flow] CT_START Set
[22:02:17.448] ---- [Flow] CT_START Set
[22:14:09.437] ---- [Flow] CT_STOP Set
[22:14:09.459] ---- [Event] Auto : CT_STOP
[22:14:09.459] --------- [Monitor] StopTasks() : before m_stopped
[22:14:09.725] --------- [Monitor] StopTasks() : m_stopped
[22:14:09.725] [m_nState] AutoStop State
[22:14:12.200] ---- [Flow] CT_START Set
[22:14:12.222] ---- [Event] AutoStop : CT_START
[22:14:12.222] [m_nState] Auto State
[22:14:13.576] ---- [Flow] CT_STOP Set
[22:14:13.599] ---- [Event] Auto : CT_STOP
[22:14:13.599] --------- [Monitor] StopTasks() : before m_stopped
[22:14:13.820] --------- [Monitor] StopTasks() : m_stopped
[22:14:13.821] [m_nState] AutoStop State
[22:14:16.687] ---- [Flow] CT_START Set
[22:14:16.708] ---- [Event] AutoStop : CT_START
[22:14:16.708] [m_nState] Auto State
[22:14:27.990] ---- [Flow] CT_START Set
[22:14:29.839] ---- [Flow] CT_START Set
[22:14:29.921] ---- [Flow] CT_START Set
[22:14:29.996] ---- [Flow] CT_START Set
[22:14:30.086] ---- [Flow] CT_START Set
[22:14:33.202] ---- [Flow] CT_START Set
[22:39:59.648] ---- [Flow] CT_START Set
[22:40:00.414] ---- [Flow] CT_START Set
[22:40:03.011] ---- [Flow] CT_START Set
[22:48:38.893] ---- [Flow] CT_START Set
[23:07:25.382] ---- [Flow] CT_START Set
[23:07:57.459] ---- [Flow] CT_START Set
[23:13:13.694] ---- [Flow] CT_STOP Set
[23:13:13.717] ---- [Event] Auto : CT_STOP
[23:13:13.717] --------- [Monitor] StopTasks() : before m_stopped
[23:13:13.744] ---- [Flow] CT_STOP Set
[23:13:14.257] --------- [Monitor] StopTasks() : m_stopped
[23:13:14.257] [m_nState] AutoStop State
[23:13:32.796] ---- [Flow] CT_START Set
[23:13:32.817] ---- [Event] AutoStop : CT_START
[23:13:32.817] [m_nState] Auto State
[23:13:33.423] ---- [Flow] CT_START Set
[23:23:19.335] ---- [Flow] CT_START Set
