[00:09:52.319] ---- [Flow] CT_START Set
[00:09:57.069] ---- [Flow] CT_START Set
[00:10:00.273] ---- [Flow] CT_START Set
[00:10:40.059] ---- [Flow] CT_START Set
[00:10:43.076] ---- [Flow] CT_START Set
[00:11:30.397] ---- [Flow] CT_START Set
[00:11:32.949] ---- [Flow] CT_START Set
[00:12:02.267] ---- [Flow] CT_START Set
[00:12:06.684] ---- [Flow] CT_START Set
[00:19:22.465] ---- [Flow] CT_START Set
[00:19:52.268] ---- [Flow] CT_START Set
[00:21:23.998] ---- [Flow] CT_START Set
[00:21:27.535] ---- [Flow] CT_START Set
[00:21:30.105] ---- [Flow] CT_START Set
[00:22:08.355] ---- [Flow] CT_START Set
[00:22:09.576] ---- [Flow] CT_START Set
[00:22:16.033] ---- [Flow] CT_START Set
[00:22:23.663] ---- [Flow] CT_START Set
[00:22:24.610] ---- [Flow] CT_START Set
[00:31:11.697] ---- [Flow] CT_START Set
[00:31:54.221] ---- [Flow] CT_START Set
[00:32:36.095] ---- [Flow] CT_START Set
[00:32:37.556] ---- [Flow] CT_START Set
[00:32:45.602] ---- [Flow] CT_START Set
[00:32:53.275] ---- [Flow] CT_START Set
[00:33:57.311] ---- [Flow] CT_START Set
[00:33:59.230] ---- [Flow] CT_START Set
[00:40:22.268] ---- [Flow] CT_START Set
[00:40:29.470] ---- [Flow] CT_START Set
[00:40:44.114] ---- [Flow] CT_START Set
[00:40:49.820] ---- [Flow] CT_START Set
[00:41:04.556] ---- [Flow] CT_START Set
[00:41:04.746] ---- [Flow] CT_START Set
[00:41:13.702] ---- [Flow] CT_START Set
[00:41:18.542] ---- [Flow] CT_START Set
[00:41:27.137] ---- [Flow] CT_START Set
[00:41:28.023] ---- [Flow] CT_START Set
[00:41:33.597] ---- [Flow] CT_START Set
[00:42:56.723] ---- [Flow] CT_START Set
[00:42:58.390] ---- [Flow] CT_START Set
[00:43:34.742] ---- [Flow] CT_START Set
[00:43:36.074] ---- [Flow] CT_START Set
[00:44:06.439] ---- [Flow] CT_START Set
[00:44:11.814] ---- [Flow] CT_START Set
[00:44:17.108] ---- [Flow] CT_START Set
[00:48:52.332] ---- [Flow] CT_START Set
[00:54:36.081] ---- [Flow] CT_START Set
[00:54:37.993] ---- [Flow] CT_START Set
[00:55:38.288] ---- [Flow] CT_START Set
[00:55:43.013] ---- [Flow] CT_START Set
[00:59:35.269] ---- [Flow] CT_START Set
[00:59:36.434] ---- [Flow] CT_START Set
[01:03:14.047] ---- [Flow] CT_START Set
[01:03:16.457] ---- [Flow] CT_START Set
[01:07:28.894] ---- [Flow] CT_START Set
[01:07:33.700] ---- [Flow] CT_START Set
[01:09:29.550] ---- [Flow] CT_START Set
[01:10:13.417] ---- [Flow] CT_START Set
[01:10:15.840] ---- [Flow] CT_START Set
[01:12:36.019] ---- [Flow] CT_START Set
[01:15:48.606] ---- [Flow] CT_START Set
[01:18:15.111] ---- [Flow] CT_START Set
[01:18:19.159] ---- [Flow] CT_START Set
[01:20:56.249] ---- [Flow] CT_START Set
[01:25:13.328] ---- [Flow] CT_START Set
[01:25:25.207] ---- [Flow] CT_START Set
[01:25:59.286] ---- [Flow] CT_START Set
[01:25:59.549] ---- [Flow] CT_START Set
[01:28:09.037] ---- [Flow] CT_START Set
[01:28:12.363] ---- [Flow] CT_START Set
[01:28:18.780] ---- [Flow] CT_START Set
[01:28:47.296] ---- [Flow] CT_START Set
[01:28:54.919] ---- [Flow] CT_START Set
[01:29:04.005] ---- [Flow] CT_START Set
[01:35:10.772] ---- [Flow] CT_START Set
[01:35:16.718] ---- [Flow] CT_START Set
[01:35:46.825] ---- [Flow] CT_START Set
[01:35:49.423] ---- [Flow] CT_START Set
[01:35:51.424] ---- [Flow] CT_START Set
[01:35:56.264] ---- [Flow] CT_START Set
[01:36:21.741] ---- [Flow] CT_START Set
[01:40:21.191] ---- [Flow] CT_START Set
[01:40:32.466] ---- [Flow] CT_START Set
[01:50:47.260] ---- [Flow] CT_START Set
[01:56:57.324] ---- [Flow] CT_START Set
[01:57:01.829] ---- [Flow] CT_START Set
[02:00:53.913] ---- [Flow] CT_START Set
[02:02:15.408] ---- [Flow] CT_START Set
[02:04:59.124] ---- [Flow] CT_START Set
[02:05:05.131] ---- [Flow] CT_START Set
[02:05:45.037] ---- [Flow] CT_START Set
[02:05:45.391] ---- [Flow] CT_START Set
[02:07:36.658] ---- [Flow] CT_START Set
[02:07:39.476] ---- [Flow] CT_START Set
[02:08:13.503] ---- [Flow] CT_START Set
[02:08:30.589] ---- [Flow] CT_START Set
[02:08:34.033] ---- [Flow] CT_START Set
[02:09:03.611] ---- [Flow] CT_START Set
[02:17:42.393] ---- [Flow] CT_START Set
[02:17:42.624] ---- [Flow] CT_START Set
[02:18:27.207] ---- [Flow] CT_START Set
[02:18:30.821] ---- [Flow] CT_START Set
[02:20:44.673] ---- [Flow] CT_START Set
[02:26:06.266] ---- [Flow] CT_START Set
[02:39:41.709] ---- [Flow] CT_START Set
[02:39:44.503] ---- [Flow] CT_START Set
[02:43:22.370] ---- [Flow] CT_START Set
[02:43:32.021] ---- [Flow] CT_START Set
[02:44:51.820] ---- [Flow] CT_START Set
[02:45:38.999] ---- [Flow] CT_START Set
[02:45:43.925] ---- [Flow] CT_START Set
[02:45:51.929] ---- [Flow] CT_START Set
[02:49:05.603] ---- [Flow] CT_START Set
[02:49:06.614] ---- [Flow] CT_START Set
[02:49:19.998] ---- [Flow] CT_START Set
[02:49:41.811] ---- [Flow] CT_START Set
[02:49:53.677] ---- [Flow] CT_START Set
[02:50:38.973] ---- [Flow] CT_START Set
[02:55:04.855] ---- [Flow] CT_START Set
[02:55:35.294] ---- [Flow] CT_START Set
[02:55:37.656] ---- [Flow] CT_START Set
[02:56:07.940] ---- [Flow] CT_START Set
[02:56:11.996] ---- [Flow] CT_START Set
[02:56:20.127] ---- [Flow] CT_START Set
[02:56:21.625] ---- [Flow] CT_START Set
[02:57:20.213] ---- [Flow] CT_START Set
[02:57:22.472] ---- [Flow] CT_START Set
[03:00:16.263] ---- [Flow] CT_START Set
[03:03:54.771] ---- [Flow] CT_START Set
[03:04:26.265] ---- [Flow] CT_START Set
[03:04:53.534] ---- [Flow] CT_START Set
[03:06:43.960] ---- [Flow] CT_START Set
[03:06:49.592] ---- [Flow] CT_START Set
[03:07:51.213] ---- [Flow] CT_START Set
[03:07:55.039] ---- [Flow] CT_START Set
[03:07:59.135] ---- [Flow] CT_START Set
[03:08:26.834] ---- [Flow] CT_START Set
[03:08:27.192] ---- [Flow] CT_START Set
[03:08:32.628] ---- [Flow] CT_START Set
[03:08:32.975] ---- [Flow] CT_START Set
[03:08:35.132] ---- [Flow] CT_START Set
[03:15:44.571] ---- [Flow] CT_START Set
[03:17:30.842] ---- [Flow] CT_START Set
[03:18:40.796] ---- [Flow] CT_START Set
[03:18:52.782] ---- [Flow] CT_START Set
[03:19:23.796] ---- [Flow] CT_START Set
[03:27:02.531] ---- [Flow] CT_START Set
[03:27:09.356] ---- [Flow] CT_START Set
[03:33:25.810] ---- [Flow] CT_START Set
[03:33:33.823] ---- [Flow] CT_START Set
[03:33:35.482] ---- [Flow] CT_START Set
[03:34:22.901] ---- [Flow] CT_START Set
[03:34:29.605] ---- [Flow] CT_START Set
[03:36:55.161] ---- [Flow] CT_START Set
[03:39:41.767] ---- [Flow] CT_START Set
[03:46:18.261] ---- [Flow] CT_START Set
[03:53:56.595] ---- [Flow] CT_START Set
[03:53:58.603] ---- [Flow] CT_START Set
[03:55:41.045] ---- [Flow] CT_START Set
[03:55:51.389] ---- [Flow] CT_START Set
[03:56:04.647] ---- [Flow] CT_START Set
[03:56:40.658] ---- [Flow] CT_START Set
[03:56:44.101] ---- [Flow] CT_START Set
[04:03:52.204] ---- [Flow] CT_START Set
[04:05:14.880] ---- [Flow] CT_START Set
[04:05:15.975] ---- [Flow] CT_START Set
[04:07:26.597] ---- [Flow] CT_START Set
[04:07:30.364] ---- [Flow] CT_START Set
[04:09:24.622] ---- [Flow] CT_START Set
[04:13:09.814] ---- [Flow] CT_START Set
[04:15:31.750] ---- [Flow] CT_START Set
[04:15:40.109] ---- [Flow] CT_START Set
[04:16:07.818] ---- [Flow] CT_START Set
[04:16:14.832] ---- [Flow] CT_START Set
[04:16:30.391] ---- [Flow] CT_START Set
[04:16:44.269] ---- [Flow] CT_START Set
[04:16:50.800] ---- [Flow] CT_START Set
[04:17:17.214] ---- [Flow] CT_START Set
[04:24:21.499] ---- [Flow] CT_START Set
[04:25:56.627] ---- [Flow] CT_START Set
[04:25:59.684] ---- [Flow] CT_START Set
[04:26:22.730] ---- [Flow] CT_START Set
[04:27:47.434] ---- [Flow] CT_START Set
[04:27:50.696] ---- [Flow] CT_START Set
[04:30:04.041] ---- [Flow] CT_START Set
[04:30:22.287] ---- [Flow] CT_STOP Set
[04:30:22.309] ---- [Event] Auto : CT_STOP
[04:30:22.310] --------- [Monitor] StopTasks() : before m_stopped
[04:30:22.366] ---- [Flow] CT_STOP Set
[04:30:22.416] ---- [Flow] CT_STOP Set
[04:30:22.828] --------- [Monitor] StopTasks() : m_stopped
[04:30:22.829] [m_nState] AutoStop State
[05:08:22.258] ---- [Flow] CT_START Set
[05:08:22.280] ---- [Event] AutoStop : CT_START
[05:08:22.281] [m_nState] Auto State
[05:08:22.532] ---- [Flow] CT_START Set
[05:11:16.344] ---- [Flow] CT_START Set
[05:11:19.375] ---- [Flow] CT_START Set
[05:11:22.247] ---- [Flow] CT_START Set
[05:20:47.574] ---- [Flow] CT_START Set
[05:24:32.923] ---- [Flow] CT_START Set
[05:24:34.865] ---- [Flow] CT_START Set
[05:24:39.509] ---- [Flow] CT_START Set
[05:24:40.169] ---- [Flow] CT_START Set
[05:24:42.570] ---- [Flow] CT_START Set
[05:29:36.423] ---- [Flow] CT_START Set
[05:30:03.209] ---- [Flow] CT_START Set
[05:30:05.188] ---- [Flow] CT_START Set
[05:30:07.357] ---- [Flow] CT_START Set
[06:17:16.221] ---- [Flow] CT_START Set
[06:17:23.607] ---- [Flow] CT_START Set
[06:31:13.795] ---- [Flow] CT_STOP Set
[06:31:13.817] ---- [Event] Auto : CT_STOP
[06:31:13.818] --------- [Monitor] StopTasks() : before m_stopped
[06:31:13.846] --------- [Monitor] StopTasks() : m_stopped
[06:31:13.847] [m_nState] AutoStop State
[06:31:48.589] ---- [Flow] CT_START Set
[06:31:48.611] ---- [Event] AutoStop : CT_START
[06:31:48.612] [m_nState] Auto State
[06:32:46.601] ---- [Flow] CT_START Set
[06:33:02.950] ---- [Flow] CT_START Set
[06:33:10.806] ---- [Flow] CT_STOP Set
[06:33:10.829] ---- [Event] Auto : CT_STOP
[06:33:10.830] --------- [Monitor] StopTasks() : before m_stopped
[06:33:10.843] --------- [Monitor] StopTasks() : m_stopped
[06:33:10.844] [m_nState] AutoStop State
[06:33:10.895] ---- [Flow] CT_STOP Set
[06:33:10.937] ---- [Flow] CT_STOP Set
[11:07:44.312] [m_nState] Init State
[11:07:44.324] ---- [Monitor] Init : m_idle
[11:07:44.346] ---- [Event] Init : CT_IDLE
[11:07:44.347] [m_nState] Idle State
[11:08:52.286] ---- [Flow] CT_ABORT Set
[11:08:52.338] [m_nState] Init State
[11:08:52.422] ---- [Monitor] Init : m_idle
[11:08:52.444] ---- [Event] Init : CT_IDLE
[11:08:52.445] [m_nState] Idle State
[11:13:52.075] [m_nState] Init State
[11:13:52.087] ---- [Monitor] Init : m_idle
[11:13:52.109] ---- [Event] Init : CT_IDLE
[11:13:52.110] [m_nState] Idle State
[11:37:01.941] ---- [Flow] CT_STOP Set
[11:37:01.973] ---- [Flow] CT_STOP Set
[11:37:02.012] ---- [Flow] CT_STOP Set
[11:37:02.586] ---- [Flow] CT_STOP Set
[18:14:24.854] ---- [Flow] CT_START Set
[18:14:24.877] ---- [Event] Idle : CT_START
[18:14:24.878] [m_nState] Auto State
[18:27:46.611] ---- [Flow] CT_STOP Set
[18:27:46.634] ---- [Event] Auto : CT_STOP
[18:27:46.635] --------- [Monitor] StopTasks() : before m_stopped
[18:27:46.678] --------- [Monitor] StopTasks() : m_stopped
[18:27:46.679] [m_nState] AutoStop State
