[00:02:11.514] ---- [Flow] CT_START Set
[00:02:21.256] ---- [Flow] CT_START Set
[00:04:25.832] ---- [Flow] CT_START Set
[00:04:46.296] ---- [Flow] CT_START Set
[00:07:04.037] ---- [Flow] CT_START Set
[00:07:52.047] ---- [Flow] CT_START Set
[00:08:16.468] ---- [Flow] CT_START Set
[00:21:41.679] ---- [Flow] CT_START Set
[00:23:09.865] ---- [Flow] CT_START Set
[00:37:18.677] ---- [Flow] CT_START Set
[00:37:20.873] ---- [Flow] CT_START Set
[00:44:13.306] ---- [Flow] CT_START Set
[00:44:19.785] ---- [Flow] CT_START Set
[00:52:29.390] ---- [Flow] CT_START Set
[00:52:32.567] ---- [Flow] CT_START Set
[00:53:49.157] ---- [Flow] CT_START Set
[00:54:02.534] ---- [Flow] CT_START Set
[01:18:35.733] ---- [Flow] CT_START Set
[01:20:52.523] ---- [Flow] CT_STOP Set
[01:20:52.545] ---- [Event] Auto : CT_STOP
[01:20:52.545] --------- [Monitor] StopTasks() : before m_stopped
[01:20:52.574] ---- [Flow] CT_STOP Set
[01:20:52.578] --------- [Monitor] StopTasks() : m_stopped
[01:20:52.579] [m_nState] AutoStop State
[01:20:52.614] ---- [Flow] CT_STOP Set
[01:20:52.652] ---- [Flow] CT_STOP Set
[01:29:38.967] ---- [Flow] CT_START Set
[01:29:38.988] ---- [Event] AutoStop : CT_START
[01:29:38.988] [m_nState] Auto State
[01:29:39.894] ---- [Flow] CT_START Set
[01:31:16.158] ---- [Flow] CT_START Set
[01:31:27.399] ---- [Flow] CT_START Set
[01:40:40.222] ---- [Flow] CT_START Set
[01:41:16.833] ---- [Flow] CT_START Set
[01:45:02.303] ---- [Flow] CT_START Set
[01:49:00.763] ---- [Flow] CT_START Set
[01:54:30.543] ---- [Flow] CT_START Set
[01:54:35.815] ---- [Flow] CT_START Set
[01:55:34.436] ---- [Flow] CT_STOP Set
[01:55:34.457] ---- [Event] Auto : CT_STOP
[01:55:34.457] --------- [Monitor] StopTasks() : before m_stopped
[01:55:34.639] --------- [Monitor] StopTasks() : m_stopped
[01:55:34.639] [m_nState] AutoStop State
[01:55:39.271] ---- [Flow] CT_START Set
[01:55:39.292] ---- [Event] AutoStop : CT_START
[01:55:39.292] [m_nState] Auto State
[01:55:39.802] ---- [Flow] CT_START Set
[01:56:15.335] ---- [Flow] CT_START Set
[01:56:24.723] ---- [Flow] CT_START Set
[01:57:41.685] ---- [Flow] CT_START Set
[01:57:54.530] ---- [Flow] CT_START Set
[01:59:00.383] ---- [Flow] CT_START Set
[01:59:02.072] ---- [Flow] CT_START Set
[02:06:26.259] ---- [Flow] CT_START Set
[02:24:10.457] ---- [Flow] CT_START Set
[02:25:58.500] ---- [Flow] CT_START Set
[02:26:02.297] ---- [Flow] CT_START Set
[02:26:45.766] ---- [Flow] CT_START Set
[02:26:54.880] ---- [Flow] CT_START Set
[02:27:06.999] ---- [Flow] CT_START Set
[02:27:07.081] ---- [Flow] CT_START Set
[02:30:46.452] ---- [Flow] CT_START Set
[02:34:01.782] ---- [Flow] CT_START Set
[02:34:03.701] ---- [Flow] CT_START Set
[02:40:13.260] ---- [Flow] CT_START Set
[02:52:44.277] ---- [Flow] CT_START Set
[02:55:11.468] ---- [Flow] CT_START Set
[02:55:17.473] ---- [Flow] CT_START Set
[02:55:19.479] ---- [Flow] CT_START Set
[03:00:27.906] ---- [Flow] CT_START Set
[03:01:20.849] ---- [Flow] CT_START Set
[03:06:59.562] ---- [Flow] CT_START Set
[03:07:05.001] ---- [Flow] CT_START Set
[03:07:05.969] ---- [Flow] CT_START Set
[03:07:30.949] ---- [Flow] CT_START Set
[03:08:56.697] ---- [Flow] CT_START Set
[03:09:01.286] ---- [Flow] CT_START Set
[03:09:41.072] ---- [Flow] CT_START Set
[03:09:44.900] ---- [Flow] CT_START Set
[03:09:52.471] ---- [Flow] CT_START Set
[03:11:02.402] ---- [Flow] CT_STOP Set
[03:11:02.425] ---- [Event] Auto : CT_STOP
[03:11:02.425] --------- [Monitor] StopTasks() : before m_stopped
[03:11:03.059] --------- [Monitor] StopTasks() : m_stopped
[03:11:03.059] [m_nState] AutoStop State
[03:19:03.617] ---- [Flow] CT_START Set
[03:19:03.639] ---- [Event] AutoStop : CT_START
[03:19:03.639] [m_nState] Auto State
[03:19:04.202] ---- [Flow] CT_START Set
[03:22:06.634] ---- [Flow] CT_START Set
[03:22:08.840] ---- [Flow] CT_START Set
[03:28:37.518] ---- [Flow] CT_START Set
[03:28:41.638] ---- [Flow] CT_START Set
[03:32:32.252] ---- [Flow] CT_START Set
[03:32:40.045] ---- [Flow] CT_START Set
[03:32:51.617] ---- [Flow] CT_START Set
[03:37:50.147] ---- [Flow] CT_START Set
[03:37:51.513] ---- [Flow] CT_START Set
[03:38:01.108] ---- [Flow] CT_START Set
[03:45:50.444] ---- [Flow] CT_START Set
[03:46:50.440] ---- [Flow] CT_START Set
[03:49:31.088] ---- [Flow] CT_START Set
[03:53:47.751] ---- [Flow] CT_START Set
[03:54:03.375] ---- [Flow] CT_START Set
[03:57:43.633] ---- [Flow] CT_START Set
[03:58:05.466] ---- [Flow] CT_START Set
[03:58:08.299] ---- [Flow] CT_START Set
[04:01:12.192] ---- [Flow] CT_START Set
[04:01:16.781] ---- [Flow] CT_START Set
[04:01:21.646] ---- [Flow] CT_START Set
[04:06:02.914] ---- [Flow] CT_START Set
[04:06:13.593] ---- [Flow] CT_START Set
[04:10:02.414] ---- [Flow] CT_START Set
[04:12:15.368] ---- [Flow] CT_START Set
[04:21:54.687] ---- [Flow] CT_START Set
[04:22:05.713] ---- [Flow] CT_START Set
[04:22:11.847] ---- [Flow] CT_START Set
[04:23:11.184] ---- [Flow] CT_START Set
[04:23:13.341] ---- [Flow] CT_START Set
[04:23:17.396] ---- [Flow] CT_START Set
[04:23:20.519] ---- [Flow] CT_START Set
[04:25:05.951] ---- [Flow] CT_START Set
[04:29:05.652] ---- [Flow] CT_START Set
[04:30:09.519] ---- [Flow] CT_STOP Set
[04:30:09.540] ---- [Event] Auto : CT_STOP
[04:30:09.540] --------- [Monitor] StopTasks() : before m_stopped
[04:30:10.426] --------- [Monitor] StopTasks() : m_stopped
[04:30:10.426] [m_nState] AutoStop State
[05:14:09.201] ---- [Flow] CT_START Set
[05:14:09.223] ---- [Event] AutoStop : CT_START
[05:14:09.223] [m_nState] Auto State
[05:14:10.276] ---- [Flow] CT_START Set
[05:32:14.455] ---- [Flow] CT_STOP Set
[05:32:14.477] ---- [Event] Auto : CT_STOP
[05:32:14.477] --------- [Monitor] StopTasks() : before m_stopped
[05:32:14.537] --------- [Monitor] StopTasks() : m_stopped
[05:32:14.537] [m_nState] AutoStop State
[08:46:01.015] ---- [Flow] CT_START Set
[08:46:01.036] ---- [Event] AutoStop : CT_START
[08:46:01.036] [m_nState] Auto State
[08:46:01.953] ---- [Flow] CT_START Set
[09:14:16.870] ---- [Flow] CT_START Set
[09:15:44.813] ---- [Flow] CT_START Set
[09:26:00.456] ---- [Flow] CT_START Set
[09:26:36.402] ---- [Flow] CT_START Set
[09:29:05.943] ---- [Flow] CT_START Set
[09:35:02.209] ---- [Flow] CT_START Set
[09:36:51.400] ---- [Flow] CT_START Set
[09:45:03.204] ---- [Flow] CT_START Set
[09:47:27.243] ---- [Flow] CT_START Set
[09:48:13.519] ---- [Flow] CT_START Set
[09:58:16.566] ---- [Flow] CT_START Set
[10:02:35.937] ---- [Flow] CT_START Set
[10:02:36.275] ---- [Flow] CT_START Set
[10:02:37.204] ---- [Flow] CT_START Set
[10:02:37.906] ---- [Flow] CT_START Set
[10:02:38.268] ---- [Flow] CT_START Set
[10:02:39.187] ---- [Flow] CT_START Set
[10:02:39.504] ---- [Flow] CT_START Set
[10:02:40.169] ---- [Flow] CT_START Set
[10:02:41.013] ---- [Flow] CT_START Set
[10:02:41.700] ---- [Flow] CT_START Set
[10:18:57.489] ---- [Flow] CT_START Set
[10:19:35.051] ---- [Flow] CT_START Set
[10:28:12.599] ---- [Flow] CT_START Set
[10:34:31.674] ---- [Flow] CT_START Set
[10:34:57.306] ---- [Flow] CT_START Set
[10:37:28.267] ---- [Flow] CT_START Set
[10:45:45.850] ---- [Flow] CT_START Set
[11:11:37.587] ---- [Flow] CT_START Set
[11:11:37.933] ---- [Flow] CT_START Set
[11:11:38.833] ---- [Flow] CT_START Set
[11:11:54.392] ---- [Flow] CT_START Set
[11:19:02.663] ---- [Flow] CT_START Set
[11:19:03.026] ---- [Flow] CT_START Set
[11:19:03.955] ---- [Flow] CT_START Set
[11:30:20.734] ---- [Flow] CT_START Set
[11:30:31.558] ---- [Flow] CT_STOP Set
[11:30:31.579] ---- [Event] Auto : CT_STOP
[11:30:31.579] --------- [Monitor] StopTasks() : before m_stopped
[11:30:31.608] --------- [Monitor] StopTasks() : m_stopped
[11:30:31.608] [m_nState] AutoStop State
[11:40:19.931] ---- [Flow] CT_START Set
[11:40:19.952] ---- [Event] AutoStop : CT_START
[11:40:19.952] [m_nState] Auto State
[11:40:20.801] ---- [Flow] CT_START Set
[11:48:01.262] ---- [Flow] CT_START Set
[11:49:03.631] ---- [Flow] CT_START Set
[11:49:08.079] ---- [Flow] CT_START Set
[11:55:33.236] ---- [Flow] CT_START Set
[11:55:34.652] ---- [Flow] CT_START Set
[11:58:29.387] ---- [Flow] CT_START Set
[12:06:46.780] ---- [Flow] CT_START Set
[12:14:02.152] ---- [Flow] CT_START Set
[12:19:42.857] ---- [Flow] CT_START Set
[12:20:05.654] ---- [Flow] CT_START Set
[12:41:30.684] ---- [Flow] CT_START Set
[12:41:44.326] ---- [Flow] CT_START Set
[12:43:20.010] ---- [Flow] CT_START Set
[12:46:53.259] ---- [Flow] CT_START Set
[13:07:17.226] ---- [Flow] CT_START Set
[13:07:32.757] ---- [Flow] CT_START Set
[13:13:20.797] ---- [Flow] CT_START Set
[13:13:28.251] ---- [Flow] CT_START Set
[13:13:40.785] ---- [Flow] CT_START Set
[13:13:56.384] ---- [Flow] CT_START Set
[13:13:56.697] ---- [Flow] CT_START Set
[13:15:31.758] ---- [Flow] CT_START Set
[13:24:38.819] ---- [Flow] CT_START Set
[13:25:55.678] ---- [Flow] CT_START Set
[13:27:12.038] ---- [Flow] CT_START Set
[13:29:22.250] ---- [Flow] CT_START Set
[13:30:05.076] ---- [Flow] CT_START Set
[13:30:08.595] ---- [Flow] CT_START Set
[13:45:30.272] ---- [Flow] CT_STOP Set
[13:45:30.293] ---- [Event] Auto : CT_STOP
[13:45:30.293] --------- [Monitor] StopTasks() : before m_stopped
[13:45:30.435] ---- [Flow] CT_STOP Set
[13:45:30.472] ---- [Flow] CT_STOP Set
[13:45:30.511] ---- [Flow] CT_STOP Set
[13:45:31.022] --------- [Monitor] StopTasks() : m_stopped
[13:45:31.022] [m_nState] AutoStop State
[14:24:24.489] ---- [Flow] CT_START Set
[14:24:24.512] ---- [Event] AutoStop : CT_START
[14:24:24.512] [m_nState] Auto State
[14:24:26.385] ---- [Flow] CT_START Set
[14:34:34.824] ---- [Flow] CT_START Set
[14:36:54.422] ---- [Flow] CT_START Set
[14:38:13.143] ---- [Flow] CT_START Set
[14:38:28.209] ---- [Flow] CT_START Set
[14:42:26.974] ---- [Flow] CT_START Set
[14:42:52.782] ---- [Flow] CT_START Set
[14:43:00.876] ---- [Flow] CT_START Set
[14:43:03.142] ---- [Flow] CT_START Set
[14:43:03.685] ---- [Flow] CT_START Set
[14:43:19.764] ---- [Flow] CT_START Set
[14:43:22.070] ---- [Flow] CT_START Set
[14:43:39.479] ---- [Flow] CT_START Set
[14:44:03.293] ---- [Flow] CT_START Set
[14:44:50.761] ---- [Flow] CT_START Set
[14:44:54.164] ---- [Flow] CT_START Set
[15:07:36.587] ---- [Flow] CT_START Set
[15:07:45.686] ---- [Flow] CT_START Set
[15:16:58.181] ---- [Flow] CT_START Set
[15:17:10.135] ---- [Flow] CT_START Set
[15:24:16.907] ---- [Flow] CT_START Set
[15:24:25.927] ---- [Flow] CT_START Set
[15:33:33.476] ---- [Flow] CT_START Set
[15:57:02.272] ---- [Flow] CT_START Set
[16:06:01.977] ---- [Flow] CT_START Set
[16:14:07.069] ---- [Flow] CT_START Set
[16:20:55.756] ---- [Flow] CT_STOP Set
[16:20:55.777] ---- [Event] Auto : CT_STOP
[16:20:55.777] --------- [Monitor] StopTasks() : before m_stopped
[16:20:56.286] --------- [Monitor] StopTasks() : m_stopped
[16:20:56.286] [m_nState] AutoStop State
[16:29:24.971] ---- [Flow] CT_START Set
[16:29:24.992] ---- [Event] AutoStop : CT_START
[16:29:24.992] [m_nState] Auto State
[16:29:25.725] ---- [Flow] CT_START Set
[16:39:10.987] ---- [Flow] CT_START Set
[16:41:06.026] ---- [Flow] CT_START Set
[16:48:08.357] ---- [Flow] CT_START Set
[16:48:11.185] ---- [Flow] CT_START Set
[16:51:01.070] ---- [Flow] CT_START Set
[16:51:01.162] ---- [Flow] CT_START Set
[16:51:01.243] ---- [Flow] CT_START Set
[16:51:02.854] ---- [Flow] CT_START Set
[16:54:43.069] ---- [Flow] CT_START Set
[16:54:43.181] ---- [Flow] CT_START Set
[16:54:45.463] ---- [Flow] CT_START Set
[16:56:59.016] ---- [Flow] CT_START Set
[16:58:05.272] ---- [Flow] CT_START Set
[17:01:50.319] ---- [Flow] CT_START Set
[17:02:12.934] ---- [Flow] CT_START Set
[17:02:40.111] ---- [Flow] CT_START Set
[17:02:43.028] ---- [Flow] CT_START Set
[17:02:43.135] ---- [Flow] CT_START Set
[17:08:58.386] ---- [Flow] CT_START Set
[17:24:04.252] ---- [Flow] CT_START Set
[17:24:04.494] ---- [Flow] CT_START Set
[17:24:05.452] ---- [Flow] CT_START Set
[17:24:05.717] ---- [Flow] CT_START Set
[17:24:06.465] ---- [Flow] CT_START Set
[17:24:07.399] ---- [Flow] CT_START Set
[17:24:07.733] ---- [Flow] CT_START Set
[17:24:08.430] ---- [Flow] CT_START Set
[17:53:58.502] ---- [Flow] CT_STOP Set
[17:53:58.524] ---- [Event] Auto : CT_STOP
[17:53:58.524] --------- [Monitor] StopTasks() : before m_stopped
[17:53:58.569] ---- [Flow] CT_STOP Set
[17:53:58.584] --------- [Monitor] StopTasks() : m_stopped
[17:53:58.584] [m_nState] AutoStop State
[17:53:58.608] ---- [Flow] CT_STOP Set
[20:37:01.285] ---- [Flow] CT_START Set
[20:37:01.307] ---- [Event] AutoStop : CT_START
[20:37:01.307] [m_nState] Auto State
[20:37:02.021] ---- [Flow] CT_START Set
[20:53:04.249] ---- [Flow] CT_STOP Set
[20:53:04.271] ---- [Event] Auto : CT_STOP
[20:53:04.271] --------- [Monitor] StopTasks() : before m_stopped
[20:53:04.340] --------- [Monitor] StopTasks() : m_stopped
[20:53:04.341] [m_nState] AutoStop State
[20:56:37.558] ---- [Flow] CT_START Set
[20:56:37.579] ---- [Event] AutoStop : CT_START
[20:56:37.579] [m_nState] Auto State
[20:56:38.549] ---- [Flow] CT_START Set
[21:15:27.729] ---- [Flow] CT_START Set
[21:15:55.231] ---- [Flow] CT_STOP Set
[21:15:55.252] ---- [Event] Auto : CT_STOP
[21:15:55.252] --------- [Monitor] StopTasks() : before m_stopped
[21:15:55.279] ---- [Flow] CT_STOP Set
[21:15:55.322] ---- [Flow] CT_STOP Set
[21:15:55.364] ---- [Flow] CT_STOP Set
[21:15:57.677] --------- [Monitor] StopTasks() : m_stopped
[21:15:57.677] [m_nState] AutoStop State
[21:16:01.674] ---- [Flow] CT_START Set
[21:16:01.695] ---- [Event] AutoStop : CT_START
[21:16:01.695] [m_nState] Auto State
[21:16:02.486] ---- [Flow] CT_START Set
[21:16:03.337] ---- [Flow] CT_START Set
[21:16:05.555] ---- [Flow] CT_START Set
[22:11:13.071] ---- [Flow] CT_START Set
[22:20:46.590] ---- [Flow] CT_START Set
[22:23:02.494] ---- [Flow] CT_START Set
[22:23:27.566] ---- [Flow] CT_START Set
[22:23:45.819] ---- [Flow] CT_START Set
[22:23:56.611] ---- [Flow] CT_START Set
[22:42:34.939] ---- [Flow] CT_START Set
[22:42:44.570] ---- [Flow] CT_START Set
[22:44:38.049] ---- [Flow] CT_START Set
[22:44:48.505] ---- [Flow] CT_START Set
[22:54:38.764] ---- [Flow] CT_STOP Set
[22:54:38.785] ---- [Event] Auto : CT_STOP
[22:54:38.785] --------- [Monitor] StopTasks() : before m_stopped
[22:54:38.802] --------- [Monitor] StopTasks() : m_stopped
[22:54:38.803] [m_nState] AutoStop State
[22:54:38.813] ---- [Flow] CT_STOP Set
[22:54:38.849] ---- [Flow] CT_STOP Set
[23:11:10.805] [m_nState] Init State
[23:11:10.816] ---- [Monitor] Init : m_idle
[23:11:10.837] ---- [Event] Init : CT_IDLE
[23:11:10.837] [m_nState] Idle State
[23:11:37.513] ---- [Flow] CT_ABORT Set
[23:11:37.564] [m_nState] Init State
[23:11:37.571] ---- [Monitor] Init : m_idle
[23:11:37.574] ---- [Monitor] Init : m_idle
[23:11:37.596] ---- [Event] Init : CT_IDLE
[23:11:37.596] [m_nState] Idle State
[23:33:53.081] ---- [Flow] CT_START Set
[23:33:53.103] ---- [Event] Idle : CT_START
[23:33:53.103] [m_nState] Auto State
[23:33:56.674] ---- [Flow] CT_STOP Set
[23:33:56.695] ---- [Event] Auto : CT_STOP
[23:33:56.695] --------- [Monitor] StopTasks() : before m_stopped
[23:33:56.695] --------- [Monitor] StopTasks() : m_stopped
[23:33:56.695] [m_nState] AutoStop State
[23:33:56.709] ---- [Flow] CT_STOP Set
[23:33:56.742] ---- [Flow] CT_STOP Set
[23:34:01.308] ---- [Flow] CT_START Set
[23:34:01.329] ---- [Event] AutoStop : CT_START
[23:34:01.329] [m_nState] Auto State
[23:34:02.248] ---- [Flow] CT_STOP Set
[23:34:02.270] ---- [Event] Auto : CT_STOP
[23:34:02.270] --------- [Monitor] StopTasks() : before m_stopped
[23:34:02.316] ---- [Flow] CT_STOP Set
[23:34:04.382] --------- [Monitor] StopTasks() : m_stopped
[23:34:04.382] [m_nState] AutoStop State
