[15:06:42.603] [LeftPPStation] Load Cylinder Vacuum Error
[15:06:50.369] [LeftPPStation] Load Cylinder Vacuum Error
[15:06:58.562] [LeftPPStation] Load Cylinder Vacuum Error
[17:34:05.630] [RightTransferStation] Vacuum Error
[20:58:06.374] [LeftPPStation] Load Cylinder Vacuum Error
[20:58:08.137] [LeftPPStation] Unload Buffer Set Not Exist
[21:05:03.324] [RightPPStation] Unload Buffer Set Not Exist
[21:15:03.487] [RightPPStation] Unload Cylinder Vacuum Error
[21:15:09.130] [RightPPStation] Unload Cylinder Vacuum Error
[21:15:15.654] [RightPPStation] Unload Cylinder Vacuum Error
[21:15:32.914] [RightTransferStation] Vacuum Error
[21:59:23.158] [RightPPStation] Unload Cylinder Vacuum Error
[22:11:46.121] [LeftPPStation] Unload Cylinder Vacuum Error
[22:11:56.453] [LeftPPStation] Unload Cylinder Vacuum Error
[22:12:03.031] [LeftPPStation] Unload Cylinder Vacuum Error
[22:12:06.519] [LeftPPStation] Unload Cylinder Vacuum Error
[22:12:14.720] [LeftPPStation] Unload Cylinder Vacuum Error
[22:12:23.790] [LeftPPStation] Unload Cylinder Vacuum Error
[22:12:31.934] [LeftPPStation] Unload Cylinder Vacuum Error
[22:14:43.137] [LeftTransferStation] Unload Buffer Set Exist
[22:14:54.927] [LeftTransferStation] Unload Buffer Set Exist
[22:15:36.609] [LeftTransferStation] Unload Buffer Set Exist
[22:17:11.489] [LeftPPStation] Unload Buffer Set Not Exist
[22:18:21.975] [LeftPPStation] Unload Buffer Set Not Exist
[22:25:01.822] [RightPPStation] Unload Cylinder Vacuum Error
[22:44:25.189] [RightPPStation] Unload Cylinder Vacuum Error
[22:52:53.272] [RightPPStation] Unload Cylinder Vacuum Error
[22:59:40.286] [RightPPStation] Unload Cylinder Vacuum Error
[23:28:53.258] [RightPPStation] Unload Cylinder Vacuum Error
[23:37:43.886] [RightPPStation] Unload Cylinder Vacuum Error
[23:55:32.284] [RightPPStation] Unload Cylinder Vacuum Error
[23:55:47.523] [RightPPStation] Unload Cylinder Vacuum Error
