[00:03:02.852] ---- [Flow] CT_START Set
[00:03:07.185] ---- [Flow] CT_START Set
[00:03:16.126] ---- [Flow] CT_START Set
[00:12:38.594] ---- [Flow] CT_START Set
[00:26:06.490] ---- [Flow] CT_START Set
[00:26:08.003] ---- [Flow] CT_START Set
[00:26:08.233] ---- [Flow] CT_START Set
[00:26:18.342] ---- [Flow] CT_START Set
[00:26:25.167] ---- [Flow] CT_START Set
[00:26:50.713] ---- [Flow] CT_START Set
[00:26:50.872] ---- [Flow] CT_START Set
[00:26:52.971] ---- [Flow] CT_START Set
[00:35:10.852] ---- [Flow] CT_START Set
[00:35:11.032] ---- [Flow] CT_START Set
[00:35:14.767] ---- [Flow] CT_START Set
[00:35:25.037] ---- [Flow] CT_START Set
[00:36:32.373] ---- [Flow] CT_START Set
[00:36:32.586] ---- [Flow] CT_START Set
[00:36:35.830] ---- [Flow] CT_START Set
[00:36:47.695] ---- [Flow] CT_START Set
[00:39:59.758] ---- [Flow] CT_START Set
[00:40:42.605] ---- [Flow] CT_START Set
[00:40:44.253] ---- [Flow] CT_START Set
[00:40:56.314] ---- [Flow] CT_START Set
[00:41:08.644] ---- [Flow] CT_START Set
[00:41:27.995] ---- [Flow] CT_START Set
[00:41:28.224] ---- [Flow] CT_START Set
[00:41:31.550] ---- [Flow] CT_START Set
[00:41:41.565] ---- [Flow] CT_START Set
[00:41:54.531] ---- [Flow] CT_START Set
[00:42:04.857] ---- [Flow] CT_START Set
[00:42:04.947] ---- [Flow] CT_START Set
[00:42:19.411] ---- [Flow] CT_START Set
[00:42:22.506] ---- [Flow] CT_START Set
[00:42:22.596] ---- [Flow] CT_START Set
[00:42:22.703] ---- [Flow] CT_START Set
[00:42:22.792] ---- [Flow] CT_START Set
[00:42:22.888] ---- [Flow] CT_START Set
[00:42:22.983] ---- [Flow] CT_START Set
[00:42:25.089] ---- [Flow] CT_START Set
[00:42:25.189] ---- [Flow] CT_START Set
[00:42:47.783] ---- [Flow] CT_START Set
[00:43:45.352] ---- [Flow] CT_START Set
[00:45:56.860] ---- [Flow] CT_START Set
[00:46:13.282] ---- [Flow] CT_START Set
[00:51:08.346] ---- [Flow] CT_START Set
[00:53:49.099] ---- [Flow] CT_START Set
[00:55:37.954] ---- [Flow] CT_START Set
[00:55:42.530] ---- [Flow] CT_START Set
[00:56:05.293] ---- [Flow] CT_START Set
[00:56:17.673] ---- [Flow] CT_START Set
[01:01:05.833] ---- [Flow] CT_START Set
[01:10:52.742] ---- [Flow] CT_START Set
[01:10:55.189] ---- [Flow] CT_START Set
[01:10:55.583] ---- [Flow] CT_START Set
[01:14:14.140] ---- [Flow] CT_START Set
[01:14:35.657] ---- [Flow] CT_START Set
[01:14:35.906] ---- [Flow] CT_START Set
[01:14:36.130] ---- [Flow] CT_START Set
[01:14:45.811] ---- [Flow] CT_START Set
[01:14:46.098] ---- [Flow] CT_START Set
[01:15:04.002] ---- [Flow] CT_START Set
[01:21:29.017] ---- [Flow] CT_START Set
[01:21:57.066] ---- [Flow] CT_START Set
[01:21:59.676] ---- [Flow] CT_START Set
[01:29:19.332] ---- [Flow] CT_START Set
[01:29:55.073] ---- [Flow] CT_START Set
[01:31:41.422] ---- [Flow] CT_START Set
[01:31:42.208] ---- [Flow] CT_START Set
[01:31:43.291] ---- [Flow] CT_START Set
[01:40:26.567] ---- [Flow] CT_START Set
[01:45:11.163] ---- [Flow] CT_START Set
[01:45:11.466] ---- [Flow] CT_START Set
[01:45:11.776] ---- [Flow] CT_START Set
[01:45:31.630] ---- [Flow] CT_START Set
[01:45:32.589] ---- [Flow] CT_START Set
[01:45:44.118] ---- [Flow] CT_START Set
[01:46:33.916] ---- [Flow] CT_START Set
[01:46:40.172] ---- [Flow] CT_START Set
[01:46:46.532] ---- [Flow] CT_START Set
[01:46:47.833] ---- [Flow] CT_START Set
[01:46:54.027] ---- [Flow] CT_START Set
[01:48:13.233] ---- [Flow] CT_START Set
[01:48:13.455] ---- [Flow] CT_START Set
[01:48:15.389] ---- [Flow] CT_START Set
[01:50:24.876] ---- [Flow] CT_START Set
[01:50:25.869] ---- [Flow] CT_START Set
[01:50:26.655] ---- [Flow] CT_START Set
[01:50:27.616] ---- [Flow] CT_START Set
[01:50:27.888] ---- [Flow] CT_START Set
[01:50:35.258] ---- [Flow] CT_START Set
[01:50:36.782] ---- [Flow] CT_START Set
[01:53:30.717] ---- [Flow] CT_START Set
[01:53:37.970] ---- [Flow] CT_START Set
[01:53:47.181] ---- [Flow] CT_START Set
[01:54:09.561] ---- [Flow] CT_START Set
[01:54:15.423] ---- [Flow] CT_START Set
[01:54:25.375] ---- [Flow] CT_START Set
[01:54:56.229] ---- [Flow] CT_START Set
[01:55:20.620] ---- [Flow] CT_START Set
[01:59:57.260] ---- [Flow] CT_START Set
[02:00:06.597] ---- [Flow] CT_START Set
[02:00:21.975] ---- [Flow] CT_START Set
[02:01:03.079] ---- [Flow] CT_START Set
[02:02:36.183] ---- [Flow] CT_START Set
[02:04:10.452] ---- [Flow] CT_START Set
[02:04:18.720] ---- [Flow] CT_START Set
[02:04:35.755] ---- [Flow] CT_START Set
[02:04:36.714] ---- [Flow] CT_START Set
[02:04:36.821] ---- [Flow] CT_START Set
[02:04:36.923] ---- [Flow] CT_START Set
[02:04:40.332] ---- [Flow] CT_START Set
[02:04:46.179] ---- [Flow] CT_START Set
[02:04:46.262] ---- [Flow] CT_START Set
[02:04:51.079] ---- [Flow] CT_START Set
[02:04:51.181] ---- [Flow] CT_START Set
[02:04:55.305] ---- [Flow] CT_START Set
[02:04:55.404] ---- [Flow] CT_START Set
[02:04:57.823] ---- [Flow] CT_START Set
[02:04:57.890] ---- [Flow] CT_START Set
[02:04:57.965] ---- [Flow] CT_START Set
[02:04:58.622] ---- [Flow] CT_START Set
[02:04:58.691] ---- [Flow] CT_START Set
[02:04:58.951] ---- [Flow] CT_START Set
[02:04:59.143] ---- [Flow] CT_START Set
[02:05:01.345] ---- [Flow] CT_START Set
[02:05:03.634] ---- [Flow] CT_START Set
[02:05:03.742] ---- [Flow] CT_START Set
[02:05:05.222] ---- [Flow] CT_START Set
[02:05:05.308] ---- [Flow] CT_START Set
[02:05:10.783] ---- [Flow] CT_START Set
[02:05:10.895] ---- [Flow] CT_START Set
[02:05:11.011] ---- [Flow] CT_START Set
[02:05:11.701] ---- [Flow] CT_START Set
[02:05:11.804] ---- [Flow] CT_START Set
[02:05:12.148] ---- [Flow] CT_START Set
[02:05:12.379] ---- [Flow] CT_START Set
[02:05:14.102] ---- [Flow] CT_START Set
[02:05:14.350] ---- [Flow] CT_START Set
[02:05:14.458] ---- [Flow] CT_START Set
[02:05:14.786] ---- [Flow] CT_START Set
[02:05:14.991] ---- [Flow] CT_START Set
[02:05:15.082] ---- [Flow] CT_START Set
[02:05:28.514] ---- [Flow] CT_START Set
[02:05:28.614] ---- [Flow] CT_START Set
[02:05:29.047] ---- [Flow] CT_START Set
[02:05:29.262] ---- [Flow] CT_START Set
[02:05:29.374] ---- [Flow] CT_START Set
[02:05:29.606] ---- [Flow] CT_START Set
[02:05:29.708] ---- [Flow] CT_START Set
[02:05:29.820] ---- [Flow] CT_START Set
[02:05:29.923] ---- [Flow] CT_START Set
[02:05:30.164] ---- [Flow] CT_START Set
[02:05:30.263] ---- [Flow] CT_START Set
[02:05:30.370] ---- [Flow] CT_START Set
[02:05:38.034] ---- [Flow] CT_START Set
[02:05:38.142] ---- [Flow] CT_START Set
[02:05:38.482] ---- [Flow] CT_START Set
[02:05:50.662] ---- [Flow] CT_START Set
[02:05:50.752] ---- [Flow] CT_START Set
[02:05:51.071] ---- [Flow] CT_START Set
[02:05:51.179] ---- [Flow] CT_START Set
[02:05:51.277] ---- [Flow] CT_START Set
[02:05:51.384] ---- [Flow] CT_START Set
[02:07:09.411] ---- [Flow] CT_START Set
[02:08:53.884] ---- [Flow] CT_START Set
[02:08:54.082] ---- [Flow] CT_START Set
[02:08:55.677] ---- [Flow] CT_START Set
[02:08:57.264] ---- [Flow] CT_START Set
[02:08:57.455] ---- [Flow] CT_START Set
[02:09:22.134] ---- [Flow] CT_START Set
[02:09:22.828] ---- [Flow] CT_START Set
[02:09:23.065] ---- [Flow] CT_START Set
[02:09:24.100] ---- [Flow] CT_START Set
[02:09:24.199] ---- [Flow] CT_START Set
[02:09:24.299] ---- [Flow] CT_START Set
[02:09:24.519] ---- [Flow] CT_START Set
[02:09:24.726] ---- [Flow] CT_START Set
[02:09:24.928] ---- [Flow] CT_START Set
[02:09:25.131] ---- [Flow] CT_START Set
[02:09:25.331] ---- [Flow] CT_START Set
[02:09:25.428] ---- [Flow] CT_START Set
[02:09:25.519] ---- [Flow] CT_START Set
[02:09:25.626] ---- [Flow] CT_START Set
[02:09:25.721] ---- [Flow] CT_START Set
[02:09:25.821] ---- [Flow] CT_START Set
[02:09:26.649] ---- [Flow] CT_START Set
[02:09:26.846] ---- [Flow] CT_START Set
[02:09:28.029] ---- [Flow] CT_START Set
[02:09:28.194] ---- [Flow] CT_START Set
[02:10:46.910] ---- [Flow] CT_START Set
[02:14:46.904] ---- [Flow] CT_START Set
[02:14:47.250] ---- [Flow] CT_START Set
[02:15:08.726] ---- [Flow] CT_START Set
[02:15:09.755] ---- [Flow] CT_START Set
[02:15:09.983] ---- [Flow] CT_START Set
[02:15:11.550] ---- [Flow] CT_START Set
[02:15:14.967] ---- [Flow] CT_START Set
[02:15:15.885] ---- [Flow] CT_START Set
[02:15:25.681] ---- [Flow] CT_START Set
[02:15:25.756] ---- [Flow] CT_START Set
[02:15:25.827] ---- [Flow] CT_START Set
[02:15:26.762] ---- [Flow] CT_START Set
[02:15:26.833] ---- [Flow] CT_START Set
[02:15:27.358] ---- [Flow] CT_START Set
[02:15:27.447] ---- [Flow] CT_START Set
[02:15:27.622] ---- [Flow] CT_START Set
[02:15:27.705] ---- [Flow] CT_START Set
[02:15:27.977] ---- [Flow] CT_START Set
[02:15:28.181] ---- [Flow] CT_START Set
[02:15:28.375] ---- [Flow] CT_START Set
[02:15:28.469] ---- [Flow] CT_START Set
[02:15:28.696] ---- [Flow] CT_START Set
[02:15:28.907] ---- [Flow] CT_START Set
[02:15:29.013] ---- [Flow] CT_START Set
[02:15:29.575] ---- [Flow] CT_START Set
[02:15:29.912] ---- [Flow] CT_START Set
[02:15:30.262] ---- [Flow] CT_START Set
[02:15:30.474] ---- [Flow] CT_START Set
[02:15:30.801] ---- [Flow] CT_START Set
[02:15:31.696] ---- [Flow] CT_START Set
[02:15:31.795] ---- [Flow] CT_START Set
[02:15:32.009] ---- [Flow] CT_START Set
[02:15:32.944] ---- [Flow] CT_START Set
[02:15:35.069] ---- [Flow] CT_START Set
[02:15:36.015] ---- [Flow] CT_START Set
[02:15:36.113] ---- [Flow] CT_START Set
[02:15:36.844] ---- [Flow] CT_START Set
[02:15:37.146] ---- [Flow] CT_START Set
[02:15:37.258] ---- [Flow] CT_START Set
[02:15:37.905] ---- [Flow] CT_START Set
[02:15:38.891] ---- [Flow] CT_START Set
[02:15:39.341] ---- [Flow] CT_START Set
[02:15:39.798] ---- [Flow] CT_START Set
[02:15:40.554] ---- [Flow] CT_START Set
[02:15:40.645] ---- [Flow] CT_START Set
[02:15:40.937] ---- [Flow] CT_START Set
[02:15:41.344] ---- [Flow] CT_START Set
[02:15:42.510] ---- [Flow] CT_START Set
[02:15:42.820] ---- [Flow] CT_START Set
[02:15:43.197] ---- [Flow] CT_START Set
[02:15:43.284] ---- [Flow] CT_START Set
[02:15:44.123] ---- [Flow] CT_START Set
[02:15:44.229] ---- [Flow] CT_START Set
[02:15:48.388] ---- [Flow] CT_START Set
[02:15:48.462] ---- [Flow] CT_START Set
[02:15:48.548] ---- [Flow] CT_START Set
[02:15:48.638] ---- [Flow] CT_START Set
[02:15:48.721] ---- [Flow] CT_START Set
[02:15:49.258] ---- [Flow] CT_START Set
[02:15:49.350] ---- [Flow] CT_START Set
[02:15:49.981] ---- [Flow] CT_START Set
[02:15:50.398] ---- [Flow] CT_START Set
[02:15:50.861] ---- [Flow] CT_START Set
[02:15:50.976] ---- [Flow] CT_START Set
[02:15:51.320] ---- [Flow] CT_START Set
[02:15:51.903] ---- [Flow] CT_START Set
[02:15:52.003] ---- [Flow] CT_START Set
[02:15:52.281] ---- [Flow] CT_START Set
[02:15:53.028] ---- [Flow] CT_START Set
[02:15:53.111] ---- [Flow] CT_START Set
[02:15:53.419] ---- [Flow] CT_START Set
[02:15:53.522] ---- [Flow] CT_START Set
[02:15:53.620] ---- [Flow] CT_START Set
[02:15:53.837] ---- [Flow] CT_START Set
[02:15:54.047] ---- [Flow] CT_START Set
[02:15:54.135] ---- [Flow] CT_START Set
[02:15:54.333] ---- [Flow] CT_START Set
[02:15:54.540] ---- [Flow] CT_START Set
[02:16:28.879] ---- [Flow] CT_START Set
[02:16:51.958] ---- [Flow] CT_START Set
[02:20:55.714] ---- [Flow] CT_START Set
[02:21:05.587] ---- [Flow] CT_START Set
[02:21:18.499] ---- [Flow] CT_START Set
[02:21:40.027] ---- [Flow] CT_START Set
[02:21:58.705] ---- [Flow] CT_START Set
[02:22:05.823] ---- [Flow] CT_START Set
[02:25:22.913] ---- [Flow] CT_START Set
[02:25:24.801] ---- [Flow] CT_START Set
[02:28:39.565] ---- [Flow] CT_START Set
[02:28:51.409] ---- [Flow] CT_START Set
[02:29:12.908] ---- [Flow] CT_START Set
[02:29:13.056] ---- [Flow] CT_START Set
[02:29:15.833] ---- [Flow] CT_START Set
[02:30:09.267] ---- [Flow] CT_START Set
[02:30:19.374] ---- [Flow] CT_START Set
[02:30:51.360] ---- [Flow] CT_START Set
[02:35:56.625] ---- [Flow] CT_START Set
[02:36:08.682] ---- [Flow] CT_START Set
[02:36:08.860] ---- [Flow] CT_START Set
[02:36:36.934] ---- [Flow] CT_START Set
[02:36:44.309] ---- [Flow] CT_START Set
[02:37:04.232] ---- [Flow] CT_START Set
[02:38:48.008] ---- [Flow] CT_START Set
[02:39:48.392] ---- [Flow] CT_START Set
[02:39:51.702] ---- [Flow] CT_START Set
[02:39:51.933] ---- [Flow] CT_START Set
[02:39:56.986] ---- [Flow] CT_START Set
[02:39:57.295] ---- [Flow] CT_START Set
[02:40:57.332] ---- [Flow] CT_START Set
[02:43:17.892] ---- [Flow] CT_START Set
[02:49:18.865] ---- [Flow] CT_START Set
[03:01:26.119] ---- [Flow] CT_START Set
[03:01:51.294] ---- [Flow] CT_START Set
[03:02:35.552] ---- [Flow] CT_START Set
[03:02:38.044] ---- [Flow] CT_START Set
[03:06:00.057] ---- [Flow] CT_START Set
[03:06:08.757] ---- [Flow] CT_START Set
[03:06:18.653] ---- [Flow] CT_START Set
[03:06:25.975] ---- [Flow] CT_START Set
[03:06:28.048] ---- [Flow] CT_STOP Set
[03:06:28.071] ---- [Event] Auto : CT_STOP
[03:06:28.072] --------- [Monitor] StopTasks() : before m_stopped
[03:06:28.107] ---- [Flow] CT_STOP Set
[03:06:28.155] ---- [Flow] CT_STOP Set
[03:06:29.138] --------- [Monitor] StopTasks() : m_stopped
[03:06:29.140] [m_nState] AutoStop State
[03:06:29.646] ---- [Flow] CT_START Set
[03:06:29.668] ---- [Event] AutoStop : CT_START
[03:06:29.669] [m_nState] Auto State
[03:06:30.604] ---- [Flow] CT_START Set
[03:06:39.737] ---- [Flow] CT_START Set
[03:06:41.410] ---- [Flow] CT_START Set
[03:06:45.359] ---- [Flow] CT_START Set
[03:07:12.026] ---- [Flow] CT_START Set
[03:11:26.490] ---- [Flow] CT_START Set
[03:11:28.627] ---- [Flow] CT_START Set
[03:12:27.592] ---- [Flow] CT_START Set
[03:18:41.835] ---- [Flow] CT_START Set
[03:18:41.949] ---- [Flow] CT_START Set
[03:18:44.582] ---- [Flow] CT_START Set
[03:30:05.893] ---- [Flow] CT_START Set
[03:30:08.944] ---- [Flow] CT_START Set
[03:30:16.483] ---- [Flow] CT_START Set
[03:30:16.574] ---- [Flow] CT_START Set
[03:30:16.660] ---- [Flow] CT_START Set
[03:30:19.043] ---- [Flow] CT_START Set
[03:30:19.139] ---- [Flow] CT_START Set
[03:30:20.538] ---- [Flow] CT_START Set
[03:30:20.769] ---- [Flow] CT_START Set
[03:30:21.083] ---- [Flow] CT_START Set
[03:30:21.281] ---- [Flow] CT_START Set
[03:30:21.613] ---- [Flow] CT_START Set
[03:30:21.825] ---- [Flow] CT_START Set
[03:30:22.041] ---- [Flow] CT_START Set
[03:30:22.358] ---- [Flow] CT_START Set
[03:30:22.463] ---- [Flow] CT_START Set
[03:30:22.672] ---- [Flow] CT_START Set
[03:30:39.408] ---- [Flow] CT_START Set
[03:30:40.044] ---- [Flow] CT_START Set
[03:30:40.140] ---- [Flow] CT_START Set
[03:30:40.274] ---- [Flow] CT_START Set
[03:30:40.892] ---- [Flow] CT_START Set
[03:30:40.989] ---- [Flow] CT_START Set
[03:30:41.083] ---- [Flow] CT_START Set
[03:30:41.177] ---- [Flow] CT_START Set
[03:30:41.271] ---- [Flow] CT_START Set
[03:30:41.365] ---- [Flow] CT_START Set
[03:30:41.455] ---- [Flow] CT_START Set
[03:30:41.549] ---- [Flow] CT_START Set
[03:30:41.640] ---- [Flow] CT_START Set
[03:30:52.326] ---- [Flow] CT_START Set
[03:30:52.425] ---- [Flow] CT_START Set
[03:30:52.532] ---- [Flow] CT_START Set
[03:30:53.359] ---- [Flow] CT_START Set
[03:30:53.453] ---- [Flow] CT_START Set
[03:30:53.750] ---- [Flow] CT_START Set
[03:30:53.850] ---- [Flow] CT_START Set
[03:30:54.159] ---- [Flow] CT_START Set
[03:30:54.457] ---- [Flow] CT_START Set
[03:30:55.112] ---- [Flow] CT_START Set
[03:30:55.218] ---- [Flow] CT_START Set
[03:30:55.752] ---- [Flow] CT_START Set
[03:30:57.478] ---- [Flow] CT_START Set
[03:30:58.136] ---- [Flow] CT_START Set
[03:31:04.981] ---- [Flow] CT_START Set
[03:31:05.088] ---- [Flow] CT_START Set
[03:31:05.179] ---- [Flow] CT_START Set
[03:31:06.206] ---- [Flow] CT_START Set
[03:31:06.298] ---- [Flow] CT_START Set
[03:31:08.631] ---- [Flow] CT_START Set
[03:31:08.747] ---- [Flow] CT_START Set
[03:31:08.849] ---- [Flow] CT_START Set
[03:31:09.428] ---- [Flow] CT_START Set
[03:31:09.535] ---- [Flow] CT_START Set
[03:31:09.759] ---- [Flow] CT_START Set
[03:31:09.858] ---- [Flow] CT_START Set
[03:31:09.944] ---- [Flow] CT_START Set
[03:31:10.039] ---- [Flow] CT_START Set
[03:31:10.133] ---- [Flow] CT_START Set
[03:31:10.223] ---- [Flow] CT_START Set
[03:31:12.338] ---- [Flow] CT_START Set
[03:31:17.664] ---- [Flow] CT_START Set
[03:31:18.002] ---- [Flow] CT_START Set
[03:31:18.105] ---- [Flow] CT_START Set
[03:31:39.960] ---- [Flow] CT_START Set
[03:31:40.068] ---- [Flow] CT_START Set
[03:31:42.157] ---- [Flow] CT_START Set
[03:31:42.929] ---- [Flow] CT_START Set
[03:31:43.263] ---- [Flow] CT_START Set
[03:31:43.601] ---- [Flow] CT_START Set
[03:31:45.617] ---- [Flow] CT_START Set
[03:31:46.302] ---- [Flow] CT_START Set
[03:31:46.636] ---- [Flow] CT_START Set
[03:31:46.851] ---- [Flow] CT_START Set
[03:31:46.966] ---- [Flow] CT_START Set
[03:31:47.524] ---- [Flow] CT_START Set
[03:31:48.224] ---- [Flow] CT_START Set
[03:31:48.554] ---- [Flow] CT_START Set
[03:31:50.626] ---- [Flow] CT_START Set
[03:31:51.581] ---- [Flow] CT_START Set
[03:31:52.383] ---- [Flow] CT_START Set
[03:31:52.726] ---- [Flow] CT_START Set
[03:31:52.838] ---- [Flow] CT_START Set
[03:31:53.077] ---- [Flow] CT_START Set
[03:31:53.176] ---- [Flow] CT_START Set
[03:31:53.412] ---- [Flow] CT_START Set
[03:31:53.523] ---- [Flow] CT_START Set
[03:31:53.630] ---- [Flow] CT_START Set
[03:31:54.782] ---- [Flow] CT_START Set
[03:31:54.870] ---- [Flow] CT_START Set
[03:31:54.968] ---- [Flow] CT_START Set
[03:31:55.979] ---- [Flow] CT_START Set
[03:31:56.066] ---- [Flow] CT_START Set
[03:31:56.725] ---- [Flow] CT_START Set
[03:31:57.236] ---- [Flow] CT_START Set
[03:31:57.347] ---- [Flow] CT_START Set
[03:31:57.570] ---- [Flow] CT_START Set
[03:31:58.690] ---- [Flow] CT_START Set
[03:31:58.922] ---- [Flow] CT_START Set
[03:32:03.782] ---- [Flow] CT_STOP Set
[03:32:03.804] ---- [Event] Auto : CT_STOP
[03:32:03.805] --------- [Monitor] StopTasks() : before m_stopped
[03:32:04.366] --------- [Monitor] StopTasks() : m_stopped
[03:32:04.366] ---- [Flow] CT_STOP Set
[03:32:04.367] [m_nState] AutoStop State
[03:32:07.198] ---- [Flow] CT_ABORT Set
[03:32:07.250] [m_nState] Init State
[03:32:07.285] ---- [Monitor] Init : m_idle
[03:32:07.307] ---- [Event] Init : CT_IDLE
[03:32:07.308] [m_nState] Idle State
[03:32:08.357] ---- [Flow] CT_START Set
[03:32:08.379] ---- [Event] Idle : CT_START
[03:32:08.380] [m_nState] Auto State
[03:32:08.853] ---- [Flow] CT_START Set
[03:32:26.325] ---- [Flow] CT_START Set
[03:32:26.927] ---- [Flow] CT_START Set
[03:32:27.025] ---- [Flow] CT_START Set
[03:32:28.172] ---- [Flow] CT_START Set
[03:32:28.275] ---- [Flow] CT_START Set
[03:32:38.926] ---- [Flow] CT_START Set
[03:37:33.606] ---- [Flow] CT_START Set
[03:37:44.234] ---- [Flow] CT_START Set
[03:37:44.785] ---- [Flow] CT_START Set
[03:37:57.210] ---- [Flow] CT_START Set
[03:38:23.842] ---- [Flow] CT_START Set
[03:38:23.954] ---- [Flow] CT_START Set
[03:38:24.758] ---- [Flow] CT_START Set
[03:38:24.846] ---- [Flow] CT_START Set
[03:38:25.170] ---- [Flow] CT_START Set
[03:38:25.461] ---- [Flow] CT_START Set
[03:38:25.664] ---- [Flow] CT_START Set
[03:38:25.743] ---- [Flow] CT_START Set
[03:38:25.916] ---- [Flow] CT_START Set
[03:38:25.990] ---- [Flow] CT_START Set
[03:38:26.176] ---- [Flow] CT_START Set
[03:38:31.706] ---- [Flow] CT_START Set
[03:39:09.373] ---- [Flow] CT_START Set
[03:46:52.924] ---- [Flow] CT_START Set
[03:47:28.230] ---- [Flow] CT_START Set
[03:47:37.364] ---- [Flow] CT_START Set
[03:54:32.353] ---- [Flow] CT_START Set
[03:54:32.460] ---- [Flow] CT_START Set
[03:54:33.859] ---- [Flow] CT_START Set
[03:54:35.360] ---- [Flow] CT_START Set
[03:54:46.728] ---- [Flow] CT_START Set
[03:54:46.778] ---- [Flow] CT_START Set
[03:54:46.828] ---- [Flow] CT_START Set
[03:54:46.873] ---- [Flow] CT_START Set
[03:54:52.342] ---- [Flow] CT_START Set
[03:55:03.672] ---- [Flow] CT_START Set
[03:55:03.766] ---- [Flow] CT_START Set
[03:55:03.850] ---- [Flow] CT_START Set
[03:55:12.189] ---- [Flow] CT_START Set
[03:56:11.741] ---- [Flow] CT_START Set
[03:56:41.746] ---- [Flow] CT_START Set
[03:56:47.208] ---- [Flow] CT_START Set
[03:59:06.086] ---- [Flow] CT_START Set
[04:01:07.548] ---- [Flow] CT_START Set
[04:01:15.239] ---- [Flow] CT_START Set
[04:05:36.487] ---- [Flow] CT_START Set
[04:11:10.389] ---- [Flow] CT_START Set
[04:12:11.327] ---- [Flow] CT_START Set
[04:12:13.249] ---- [Flow] CT_START Set
[04:14:31.719] ---- [Flow] CT_START Set
[04:14:42.656] ---- [Flow] CT_START Set
[04:14:45.624] ---- [Flow] CT_START Set
[04:15:10.801] ---- [Flow] CT_START Set
[04:15:14.310] ---- [Flow] CT_START Set
[04:16:07.441] ---- [Flow] CT_START Set
[04:16:07.687] ---- [Flow] CT_START Set
[04:16:08.394] ---- [Flow] CT_START Set
[04:16:16.182] ---- [Flow] CT_START Set
[04:17:20.353] ---- [Flow] CT_START Set
[04:23:17.097] ---- [Flow] CT_START Set
[04:23:47.599] ---- [Flow] CT_START Set
[04:24:00.410] ---- [Flow] CT_START Set
[04:30:25.053] ---- [Flow] CT_STOP Set
[04:30:25.076] ---- [Event] Auto : CT_STOP
[04:30:25.077] --------- [Monitor] StopTasks() : before m_stopped
[04:30:25.130] --------- [Monitor] StopTasks() : m_stopped
[04:30:25.131] [m_nState] AutoStop State
[05:14:40.004] ---- [Flow] CT_START Set
[05:14:40.027] ---- [Event] AutoStop : CT_START
[05:14:40.028] [m_nState] Auto State
[05:14:40.727] ---- [Flow] CT_START Set
[05:15:12.536] ---- [Flow] CT_STOP Set
[05:15:12.558] ---- [Event] Auto : CT_STOP
[05:15:12.559] --------- [Monitor] StopTasks() : before m_stopped
[05:15:12.605] --------- [Monitor] StopTasks() : m_stopped
[05:15:12.606] [m_nState] AutoStop State
[05:15:15.389] ---- [Flow] CT_START Set
[05:15:15.412] ---- [Event] AutoStop : CT_START
[05:15:15.413] [m_nState] Auto State
[05:15:16.004] ---- [Flow] CT_START Set
[05:23:10.491] ---- [Flow] CT_START Set
[05:23:27.964] ---- [Flow] CT_START Set
[05:24:41.340] ---- [Flow] CT_START Set
[05:26:03.427] ---- [Flow] CT_START Set
[05:31:01.378] ---- [Flow] CT_START Set
[05:31:19.644] ---- [Flow] CT_START Set
[05:31:46.546] ---- [Flow] CT_START Set
[05:31:55.184] ---- [Flow] CT_START Set
[05:34:24.784] ---- [Flow] CT_START Set
[05:34:27.202] ---- [Flow] CT_START Set
[05:34:36.007] ---- [Flow] CT_START Set
[05:34:43.167] ---- [Flow] CT_START Set
[05:34:43.403] ---- [Flow] CT_START Set
[05:34:49.315] ---- [Flow] CT_START Set
[05:45:43.895] ---- [Flow] CT_START Set
[05:45:45.181] ---- [Flow] CT_START Set
[05:51:10.802] ---- [Flow] CT_START Set
[05:52:19.902] ---- [Flow] CT_START Set
[05:55:02.149] ---- [Flow] CT_START Set
[05:55:15.746] ---- [Flow] CT_START Set
[05:56:54.213] ---- [Flow] CT_START Set
[05:57:14.009] ---- [Flow] CT_START Set
[05:57:30.380] ---- [Flow] CT_START Set
[05:57:39.962] ---- [Flow] CT_START Set
[05:57:56.973] ---- [Flow] CT_START Set
[05:58:02.922] ---- [Flow] CT_START Set
[05:58:03.250] ---- [Flow] CT_START Set
[05:58:06.547] ---- [Flow] CT_START Set
[06:13:30.224] ---- [Flow] CT_STOP Set
[06:13:30.247] ---- [Event] Auto : CT_STOP
[06:13:30.248] --------- [Monitor] StopTasks() : before m_stopped
[06:13:30.299] --------- [Monitor] StopTasks() : m_stopped
[06:13:30.300] [m_nState] AutoStop State
[09:01:09.306] ---- [Flow] CT_START Set
[09:01:09.329] ---- [Event] AutoStop : CT_START
[09:01:09.330] [m_nState] Auto State
[09:01:09.916] ---- [Flow] CT_START Set
[09:04:56.528] ---- [Flow] CT_START Set
[09:04:59.353] ---- [Flow] CT_START Set
[09:05:00.142] ---- [Flow] CT_START Set
[09:05:00.456] ---- [Flow] CT_START Set
[09:06:42.269] ---- [Flow] CT_START Set
[09:08:37.263] ---- [Flow] CT_START Set
[09:12:56.480] ---- [Flow] CT_START Set
[09:15:00.935] ---- [Flow] CT_START Set
[09:15:01.289] ---- [Flow] CT_START Set
[09:15:02.038] ---- [Flow] CT_START Set
[09:16:04.381] ---- [Flow] CT_START Set
[09:16:04.644] ---- [Flow] CT_START Set
[09:16:05.515] ---- [Flow] CT_START Set
[09:16:06.200] ---- [Flow] CT_START Set
[09:16:06.475] ---- [Flow] CT_START Set
[09:16:07.333] ---- [Flow] CT_START Set
[09:16:08.243] ---- [Flow] CT_START Set
[09:16:08.973] ---- [Flow] CT_START Set
[09:16:09.687] ---- [Flow] CT_START Set
[09:16:09.988] ---- [Flow] CT_START Set
[09:16:10.702] ---- [Flow] CT_START Set
[09:20:45.597] ---- [Flow] CT_STOP Set
[09:20:45.620] ---- [Event] Auto : CT_STOP
[09:20:45.621] --------- [Monitor] StopTasks() : before m_stopped
[09:20:46.525] --------- [Monitor] StopTasks() : m_stopped
[09:20:46.526] [m_nState] AutoStop State
[09:20:47.822] ---- [Flow] CT_START Set
[09:20:47.844] ---- [Event] AutoStop : CT_START
[09:20:47.845] [m_nState] Auto State
[09:20:48.530] ---- [Flow] CT_START Set
[09:22:50.752] ---- [Flow] CT_STOP Set
[09:22:50.775] ---- [Event] Auto : CT_STOP
[09:22:50.776] --------- [Monitor] StopTasks() : before m_stopped
[09:22:51.204] --------- [Monitor] StopTasks() : m_stopped
[09:22:51.205] [m_nState] AutoStop State
[09:22:54.463] ---- [Flow] CT_START Set
[09:22:54.486] ---- [Event] AutoStop : CT_START
[09:22:54.487] [m_nState] Auto State
[09:23:01.641] ---- [Flow] CT_START Set
[09:25:14.008] ---- [Flow] CT_STOP Set
[09:25:14.031] ---- [Event] Auto : CT_STOP
[09:25:14.032] --------- [Monitor] StopTasks() : before m_stopped
[09:25:14.656] --------- [Monitor] StopTasks() : m_stopped
[09:25:14.657] [m_nState] AutoStop State
[09:25:19.149] ---- [Flow] CT_START Set
[09:25:19.171] ---- [Event] AutoStop : CT_START
[09:25:19.172] [m_nState] Auto State
[09:25:19.968] ---- [Flow] CT_START Set
[09:25:50.518] ---- [Flow] CT_START Set
[09:28:15.491] ---- [Flow] CT_STOP Set
[09:28:15.513] ---- [Event] Auto : CT_STOP
[09:28:15.514] --------- [Monitor] StopTasks() : before m_stopped
[09:28:15.561] ---- [Flow] CT_STOP Set
[09:28:15.607] ---- [Flow] CT_STOP Set
[09:28:16.363] --------- [Monitor] StopTasks() : m_stopped
[09:28:16.365] [m_nState] AutoStop State
[09:28:18.119] ---- [Flow] CT_START Set
[09:28:18.141] ---- [Event] AutoStop : CT_START
[09:28:18.142] [m_nState] Auto State
[09:28:18.716] ---- [Flow] CT_START Set
[09:30:31.471] ---- [Flow] CT_STOP Set
[09:30:31.494] ---- [Event] Auto : CT_STOP
[09:30:31.495] --------- [Monitor] StopTasks() : before m_stopped
[09:30:31.532] ---- [Flow] CT_STOP Set
[09:30:31.565] --------- [Monitor] StopTasks() : m_stopped
[09:30:31.566] [m_nState] AutoStop State
[09:30:34.477] ---- [Flow] CT_START Set
[09:30:34.500] ---- [Event] AutoStop : CT_START
[09:30:34.500] [m_nState] Auto State
[09:30:35.147] ---- [Flow] CT_START Set
[09:41:39.123] ---- [Flow] CT_STOP Set
[09:41:39.145] ---- [Event] Auto : CT_STOP
[09:41:39.146] --------- [Monitor] StopTasks() : before m_stopped
[09:41:39.439] --------- [Monitor] StopTasks() : m_stopped
[09:41:39.441] [m_nState] AutoStop State
[09:41:42.844] ---- [Flow] CT_START Set
[09:41:42.867] ---- [Event] AutoStop : CT_START
[09:41:42.868] [m_nState] Auto State
[09:41:43.326] ---- [Flow] CT_START Set
[09:46:50.986] ---- [Flow] CT_START Set
[09:46:53.857] ---- [Flow] CT_START Set
[09:47:22.093] ---- [Flow] CT_START Set
[09:47:32.144] ---- [Flow] CT_START Set
[09:47:55.759] ---- [Flow] CT_START Set
[09:47:55.841] ---- [Flow] CT_START Set
[09:48:24.617] ---- [Flow] CT_START Set
[09:48:44.899] ---- [Flow] CT_START Set
[09:48:45.504] ---- [Flow] CT_START Set
[09:49:15.308] ---- [Flow] CT_START Set
[09:50:13.751] ---- [Flow] CT_START Set
[09:57:36.249] ---- [Flow] CT_START Set
[09:58:11.733] ---- [Flow] CT_START Set
[09:58:12.059] ---- [Flow] CT_START Set
[09:59:27.548] ---- [Flow] CT_START Set
[10:00:18.969] ---- [Flow] CT_START Set
[10:00:19.255] ---- [Flow] CT_START Set
[10:00:20.945] ---- [Flow] CT_START Set
[10:00:21.728] ---- [Flow] CT_START Set
[10:00:22.439] ---- [Flow] CT_START Set
[10:00:23.178] ---- [Flow] CT_START Set
[10:00:23.531] ---- [Flow] CT_START Set
[10:00:23.799] ---- [Flow] CT_START Set
[10:01:07.799] ---- [Flow] CT_START Set
[10:04:54.675] ---- [Flow] CT_START Set
[10:05:07.880] ---- [Flow] CT_START Set
[10:05:41.871] ---- [Flow] CT_START Set
[10:05:45.471] ---- [Flow] CT_START Set
[10:09:44.308] ---- [Flow] CT_START Set
[10:10:44.184] ---- [Flow] CT_START Set
[10:16:08.576] ---- [Flow] CT_START Set
[10:16:08.679] ---- [Flow] CT_START Set
[10:16:13.903] ---- [Flow] CT_START Set
[10:17:43.635] ---- [Flow] CT_START Set
[10:18:08.980] ---- [Flow] CT_START Set
[10:18:35.030] ---- [Flow] CT_START Set
[10:20:30.466] ---- [Flow] CT_START Set
[10:20:55.333] ---- [Flow] CT_START Set
[10:21:19.475] ---- [Flow] CT_START Set
[10:21:45.341] ---- [Flow] CT_START Set
[10:23:21.437] ---- [Flow] CT_START Set
[10:23:53.139] ---- [Flow] CT_START Set
[10:24:22.921] ---- [Flow] CT_START Set
[10:24:51.790] ---- [Flow] CT_START Set
[10:26:40.819] ---- [Flow] CT_START Set
[10:28:36.122] ---- [Flow] CT_START Set
[10:29:04.993] ---- [Flow] CT_START Set
[10:29:05.080] ---- [Flow] CT_START Set
[10:32:39.658] ---- [Flow] CT_START Set
[10:36:40.392] ---- [Flow] CT_START Set
[10:43:06.051] ---- [Flow] CT_START Set
[10:43:11.222] ---- [Flow] CT_START Set
[10:43:42.208] ---- [Flow] CT_START Set
[10:43:43.416] ---- [Flow] CT_START Set
[10:46:25.883] ---- [Flow] CT_START Set
[10:47:41.230] ---- [Flow] CT_START Set
[10:47:41.340] ---- [Flow] CT_START Set
[10:47:51.423] ---- [Flow] CT_START Set
[10:47:57.078] ---- [Flow] CT_START Set
[10:48:07.133] ---- [Flow] CT_START Set
[10:49:24.459] ---- [Flow] CT_START Set
[10:51:00.423] ---- [Flow] CT_STOP Set
[10:51:00.446] ---- [Event] Auto : CT_STOP
[10:51:00.447] --------- [Monitor] StopTasks() : before m_stopped
[10:51:00.541] --------- [Monitor] StopTasks() : m_stopped
[10:51:00.541] [m_nState] AutoStop State
[10:51:04.154] ---- [Flow] CT_START Set
[10:51:04.176] ---- [Event] AutoStop : CT_START
[10:51:04.177] [m_nState] Auto State
[10:51:04.636] ---- [Flow] CT_START Set
[10:52:22.960] ---- [Flow] CT_START Set
[10:52:23.755] ---- [Flow] CT_START Set
[10:52:24.152] ---- [Flow] CT_START Set
[10:52:37.533] ---- [Flow] CT_START Set
[10:52:37.854] ---- [Flow] CT_START Set
[10:53:02.149] ---- [Flow] CT_STOP Set
[10:53:02.171] ---- [Event] Auto : CT_STOP
[10:53:02.172] --------- [Monitor] StopTasks() : before m_stopped
[10:53:02.992] --------- [Monitor] StopTasks() : m_stopped
[10:53:02.993] [m_nState] AutoStop State
[10:53:05.941] ---- [Flow] CT_START Set
[10:53:05.963] ---- [Event] AutoStop : CT_START
[10:53:05.964] [m_nState] Auto State
[10:53:06.774] ---- [Flow] CT_START Set
[10:54:05.139] ---- [Flow] CT_START Set
[11:04:08.622] ---- [Flow] CT_START Set
[11:04:35.261] ---- [Flow] CT_START Set
[11:04:52.701] ---- [Flow] CT_START Set
[11:05:03.832] ---- [Flow] CT_START Set
[11:05:33.411] ---- [Flow] CT_START Set
[11:17:22.989] ---- [Flow] CT_START Set
[11:17:51.960] ---- [Flow] CT_STOP Set
[11:17:51.983] ---- [Event] Auto : CT_STOP
[11:17:51.984] --------- [Monitor] StopTasks() : before m_stopped
[11:17:52.161] --------- [Monitor] StopTasks() : m_stopped
[11:17:52.162] [m_nState] AutoStop State
[11:17:55.771] ---- [Flow] CT_START Set
[11:17:55.793] ---- [Event] AutoStop : CT_START
[11:17:55.794] [m_nState] Auto State
[11:18:39.466] ---- [Flow] CT_START Set
[11:20:01.724] ---- [Flow] CT_START Set
[11:20:02.433] ---- [Flow] CT_START Set
[11:20:04.192] ---- [Flow] CT_START Set
[11:20:04.458] ---- [Flow] CT_START Set
[11:20:05.256] ---- [Flow] CT_START Set
[11:20:05.533] ---- [Flow] CT_START Set
[11:20:06.312] ---- [Flow] CT_START Set
[11:20:07.058] ---- [Flow] CT_START Set
[11:20:07.752] ---- [Flow] CT_START Set
[11:20:08.039] ---- [Flow] CT_START Set
[11:20:08.790] ---- [Flow] CT_START Set
[11:25:13.743] ---- [Flow] CT_START Set
[11:27:02.765] ---- [Flow] CT_START Set
[11:30:22.387] ---- [Flow] CT_START Set
[11:30:22.653] ---- [Flow] CT_START Set
[11:40:44.127] ---- [Flow] CT_START Set
[11:45:27.497] ---- [Flow] CT_START Set
[11:45:52.552] ---- [Flow] CT_START Set
[11:45:52.762] ---- [Flow] CT_START Set
[11:48:32.412] ---- [Flow] CT_START Set
[11:48:32.678] ---- [Flow] CT_START Set
[11:48:33.446] ---- [Flow] CT_START Set
[11:53:39.352] ---- [Flow] CT_START Set
[11:57:58.375] ---- [Flow] CT_START Set
[11:57:58.648] ---- [Flow] CT_START Set
[11:57:59.390] ---- [Flow] CT_START Set
[11:57:59.648] ---- [Flow] CT_START Set
[11:58:00.391] ---- [Flow] CT_START Set
[11:58:01.037] ---- [Flow] CT_START Set
[12:00:38.962] ---- [Flow] CT_START Set
[12:00:39.238] ---- [Flow] CT_START Set
[12:01:45.322] ---- [Flow] CT_START Set
[12:01:54.028] ---- [Flow] CT_START Set
[12:02:10.813] ---- [Flow] CT_START Set
[12:03:28.438] ---- [Flow] CT_START Set
[12:05:11.299] ---- [Flow] CT_START Set
[12:05:19.470] ---- [Flow] CT_START Set
[12:05:20.908] ---- [Flow] CT_START Set
[12:05:26.566] ---- [Flow] CT_START Set
[12:11:20.635] ---- [Flow] CT_START Set
[12:15:48.566] ---- [Flow] CT_START Set
[12:18:00.519] ---- [Flow] CT_START Set
[12:18:00.639] ---- [Flow] CT_START Set
[12:18:03.123] ---- [Flow] CT_START Set
[12:20:08.634] ---- [Flow] CT_START Set
[12:21:24.478] ---- [Flow] CT_START Set
[12:28:42.357] ---- [Flow] CT_START Set
[12:29:52.847] ---- [Flow] CT_START Set
[12:30:22.031] ---- [Flow] CT_START Set
[12:30:22.409] ---- [Flow] CT_START Set
[12:30:22.577] ---- [Flow] CT_START Set
[12:30:22.743] ---- [Flow] CT_START Set
[12:30:34.647] ---- [Flow] CT_START Set
[12:30:37.904] ---- [Flow] CT_START Set
[12:34:05.052] ---- [Flow] CT_START Set
[12:37:55.072] ---- [Flow] CT_START Set
[12:37:55.287] ---- [Flow] CT_START Set
[12:37:56.088] ---- [Flow] CT_START Set
[12:39:49.893] ---- [Flow] CT_START Set
[12:39:56.155] ---- [Flow] CT_START Set
[12:41:44.200] ---- [Flow] CT_START Set
[12:42:21.464] ---- [Flow] CT_START Set
[12:42:21.539] ---- [Flow] CT_START Set
[12:48:58.990] ---- [Flow] CT_START Set
[12:52:56.120] ---- [Flow] CT_START Set
[12:55:09.979] ---- [Flow] CT_START Set
[12:56:49.684] ---- [Flow] CT_START Set
[12:57:05.063] ---- [Flow] CT_START Set
[13:26:31.558] ---- [Flow] CT_START Set
[13:26:31.891] ---- [Flow] CT_START Set
[13:26:32.722] ---- [Flow] CT_START Set
[13:45:31.545] ---- [Flow] CT_STOP Set
[13:45:31.568] ---- [Event] Auto : CT_STOP
[13:45:31.569] --------- [Monitor] StopTasks() : before m_stopped
[13:45:31.641] --------- [Monitor] StopTasks() : m_stopped
[13:45:31.642] [m_nState] AutoStop State
[14:20:34.543] ---- [Flow] CT_START Set
[14:20:34.566] ---- [Event] AutoStop : CT_START
[14:20:34.567] [m_nState] Auto State
[14:20:34.984] ---- [Flow] CT_START Set
[14:39:12.653] ---- [Flow] CT_START Set
[14:39:17.469] ---- [Flow] CT_START Set
[14:39:59.882] ---- [Flow] CT_START Set
[14:46:49.250] ---- [Flow] CT_START Set
[14:46:58.304] ---- [Flow] CT_START Set
[14:51:08.718] ---- [Flow] CT_START Set
[14:51:29.321] ---- [Flow] CT_START Set
[14:51:30.297] ---- [Flow] CT_START Set
[15:03:21.423] ---- [Flow] CT_START Set
[15:03:23.847] ---- [Flow] CT_START Set
[15:06:25.177] ---- [Flow] CT_STOP Set
[15:06:25.200] ---- [Event] Auto : CT_STOP
[15:06:25.201] --------- [Monitor] StopTasks() : before m_stopped
[15:06:25.280] --------- [Monitor] StopTasks() : m_stopped
[15:06:25.281] [m_nState] AutoStop State
[15:10:43.174] ---- [Flow] CT_START Set
[15:10:43.197] ---- [Event] AutoStop : CT_START
[15:10:43.198] [m_nState] Auto State
[15:12:06.516] ---- [Flow] CT_START Set
[15:13:43.590] ---- [Flow] CT_START Set
[15:13:43.714] ---- [Flow] CT_START Set
[15:13:45.158] ---- [Flow] CT_START Set
[15:13:46.337] ---- [Flow] CT_START Set
[15:13:56.923] ---- [Flow] CT_START Set
[15:14:42.313] ---- [Flow] CT_START Set
[15:15:26.015] ---- [Flow] CT_START Set
[15:18:47.468] ---- [Flow] CT_START Set
[15:18:47.582] ---- [Flow] CT_START Set
[15:18:48.382] ---- [Flow] CT_START Set
[15:18:48.582] ---- [Flow] CT_START Set
[15:18:49.674] ---- [Flow] CT_START Set
[15:32:59.140] ---- [Flow] CT_START Set
[15:33:23.611] ---- [Flow] CT_START Set
[15:33:29.154] ---- [Flow] CT_START Set
[15:34:07.606] ---- [Flow] CT_START Set
[15:36:59.694] ---- [Flow] CT_START Set
[15:37:00.209] ---- [Flow] CT_START Set
[15:37:00.467] ---- [Flow] CT_START Set
[15:37:00.728] ---- [Flow] CT_START Set
[15:42:56.643] ---- [Flow] CT_START Set
[15:42:57.143] ---- [Flow] CT_START Set
[15:42:57.407] ---- [Flow] CT_START Set
[15:42:57.681] ---- [Flow] CT_START Set
[15:47:38.818] ---- [Flow] CT_START Set
[15:47:39.068] ---- [Flow] CT_START Set
[15:47:39.814] ---- [Flow] CT_START Set
[15:47:40.102] ---- [Flow] CT_START Set
[15:48:54.207] ---- [Flow] CT_START Set
[15:48:54.431] ---- [Flow] CT_START Set
[15:48:55.098] ---- [Flow] CT_START Set
[16:05:27.818] ---- [Flow] CT_START Set
[16:05:37.995] ---- [Flow] CT_START Set
[16:05:38.236] ---- [Flow] CT_START Set
[16:05:38.912] ---- [Flow] CT_START Set
[16:11:27.823] ---- [Flow] CT_START Set
[16:16:40.270] ---- [Flow] CT_START Set
[16:18:51.694] ---- [Flow] CT_START Set
[16:18:55.128] ---- [Flow] CT_START Set
[16:21:01.796] ---- [Flow] CT_START Set
[16:21:02.064] ---- [Flow] CT_START Set
[16:21:02.795] ---- [Flow] CT_START Set
[16:21:03.060] ---- [Flow] CT_START Set
[16:21:03.835] ---- [Flow] CT_START Set
[16:21:04.563] ---- [Flow] CT_START Set
[16:21:16.183] ---- [Flow] CT_STOP Set
[16:21:16.206] ---- [Event] Auto : CT_STOP
[16:21:16.207] --------- [Monitor] StopTasks() : before m_stopped
[16:21:16.382] --------- [Monitor] StopTasks() : m_stopped
[16:21:16.383] [m_nState] AutoStop State
[16:21:16.431] ---- [Flow] CT_STOP Set
[16:21:16.469] ---- [Flow] CT_STOP Set
[16:21:16.502] ---- [Flow] CT_STOP Set
[16:21:16.541] ---- [Flow] CT_STOP Set
[16:21:16.651] ---- [Flow] CT_STOP Set
[16:25:12.659] ---- [Flow] CT_START Set
[16:25:12.681] ---- [Event] AutoStop : CT_START
[16:25:12.682] [m_nState] Auto State
[16:25:13.624] ---- [Flow] CT_START Set
[16:25:53.555] ---- [Flow] CT_START Set
[16:26:51.043] ---- [Flow] CT_START Set
[16:26:51.458] ---- [Flow] CT_START Set
[16:27:31.571] ---- [Flow] CT_START Set
[16:27:31.800] ---- [Flow] CT_START Set
[16:27:33.606] ---- [Flow] CT_START Set
[16:27:44.716] ---- [Flow] CT_START Set
[16:28:07.314] ---- [Flow] CT_START Set
[16:28:07.957] ---- [Flow] CT_START Set
[16:28:09.645] ---- [Flow] CT_START Set
[16:28:18.809] ---- [Flow] CT_START Set
[16:28:22.585] ---- [Flow] CT_START Set
[16:32:08.067] ---- [Flow] CT_START Set
[16:32:08.239] ---- [Flow] CT_START Set
[16:32:08.975] ---- [Flow] CT_START Set
[16:43:08.940] ---- [Flow] CT_START Set
[16:46:22.396] ---- [Flow] CT_START Set
[16:46:22.535] ---- [Flow] CT_START Set
[16:46:22.633] ---- [Flow] CT_START Set
[16:46:22.765] ---- [Flow] CT_START Set
[16:46:22.896] ---- [Flow] CT_START Set
[16:46:23.032] ---- [Flow] CT_START Set
[16:46:23.159] ---- [Flow] CT_START Set
[16:46:23.265] ---- [Flow] CT_START Set
[16:46:23.408] ---- [Flow] CT_START Set
[16:46:23.545] ---- [Flow] CT_START Set
[16:46:23.631] ---- [Flow] CT_START Set
[16:46:23.763] ---- [Flow] CT_START Set
[16:46:26.409] ---- [Flow] CT_START Set
[16:46:29.445] ---- [Flow] CT_START Set
[16:46:29.608] ---- [Flow] CT_START Set
[16:46:31.494] ---- [Flow] CT_START Set
[16:46:32.190] ---- [Flow] CT_START Set
[16:46:32.419] ---- [Flow] CT_START Set
[16:46:44.513] ---- [Flow] CT_START Set
[16:46:46.574] ---- [Flow] CT_START Set
[16:56:39.558] ---- [Flow] CT_START Set
[16:57:30.995] ---- [Flow] CT_START Set
[16:57:31.185] ---- [Flow] CT_START Set
[16:57:31.878] ---- [Flow] CT_START Set
[16:57:31.972] ---- [Flow] CT_START Set
[16:57:32.074] ---- [Flow] CT_START Set
[16:57:32.250] ---- [Flow] CT_START Set
[16:59:46.608] ---- [Flow] CT_START Set
[16:59:46.846] ---- [Flow] CT_START Set
[16:59:47.044] ---- [Flow] CT_START Set
[16:59:47.233] ---- [Flow] CT_START Set
[16:59:47.438] ---- [Flow] CT_START Set
[16:59:58.136] ---- [Flow] CT_START Set
[17:00:01.932] ---- [Flow] CT_START Set
[17:02:37.041] ---- [Flow] CT_START Set
[17:02:39.202] ---- [Flow] CT_START Set
[17:02:39.469] ---- [Flow] CT_START Set
[17:03:31.516] ---- [Flow] CT_START Set
[17:03:31.740] ---- [Flow] CT_START Set
[17:05:09.855] ---- [Flow] CT_START Set
[17:05:10.110] ---- [Flow] CT_START Set
[17:09:17.081] ---- [Flow] CT_START Set
[17:09:17.208] ---- [Flow] CT_START Set
[17:09:18.074] ---- [Flow] CT_START Set
[17:09:18.187] ---- [Flow] CT_START Set
[17:09:18.292] ---- [Flow] CT_START Set
[17:09:18.405] ---- [Flow] CT_START Set
[17:09:34.761] ---- [Flow] CT_START Set
[17:09:35.015] ---- [Flow] CT_START Set
[17:09:35.724] ---- [Flow] CT_START Set
[17:22:28.423] ---- [Flow] CT_START Set
[17:22:29.236] ---- [Flow] CT_START Set
[17:22:29.903] ---- [Flow] CT_START Set
[17:22:30.430] ---- [Flow] CT_START Set
[17:22:31.142] ---- [Flow] CT_START Set
[17:22:31.311] ---- [Flow] CT_START Set
[17:22:32.114] ---- [Flow] CT_START Set
[17:23:50.160] ---- [Flow] CT_START Set
[17:31:11.826] ---- [Flow] CT_START Set
[17:31:12.003] ---- [Flow] CT_START Set
[17:31:12.738] ---- [Flow] CT_START Set
[17:31:44.100] ---- [Flow] CT_START Set
[17:40:04.878] ---- [Flow] CT_START Set
[17:40:04.997] ---- [Flow] CT_START Set
[17:40:05.810] ---- [Flow] CT_START Set
[17:40:05.924] ---- [Flow] CT_START Set
[17:40:06.032] ---- [Flow] CT_START Set
[17:58:33.651] ---- [Flow] CT_STOP Set
[17:58:33.674] ---- [Event] Auto : CT_STOP
[17:58:33.675] --------- [Monitor] StopTasks() : before m_stopped
[17:58:33.760] --------- [Monitor] StopTasks() : m_stopped
[17:58:33.761] [m_nState] AutoStop State
[17:58:33.960] ---- [Flow] CT_STOP Set
[17:58:34.000] ---- [Flow] CT_STOP Set
[17:58:34.039] ---- [Flow] CT_STOP Set
[17:58:34.078] ---- [Flow] CT_STOP Set
[17:58:34.191] ---- [Flow] CT_STOP Set
[17:58:34.622] ---- [Flow] CT_STOP Set
[17:58:34.664] ---- [Flow] CT_STOP Set
[17:58:34.773] ---- [Flow] CT_STOP Set
[20:40:44.690] ---- [Flow] CT_START Set
[20:40:44.712] ---- [Event] AutoStop : CT_START
[20:40:44.713] [m_nState] Auto State
[20:42:38.994] ---- [Flow] CT_START Set
[20:43:46.427] ---- [Flow] CT_START Set
[20:43:46.543] ---- [Flow] CT_START Set
[20:43:48.577] ---- [Flow] CT_START Set
[20:44:14.167] ---- [Flow] CT_START Set
[20:44:14.369] ---- [Flow] CT_START Set
[20:44:16.049] ---- [Flow] CT_START Set
[20:44:20.723] ---- [Flow] CT_START Set
[20:44:29.275] ---- [Flow] CT_START Set
[20:44:45.690] ---- [Flow] CT_START Set
[20:44:45.892] ---- [Flow] CT_START Set
[20:44:46.498] ---- [Flow] CT_START Set
[20:44:46.607] ---- [Flow] CT_START Set
[20:44:47.040] ---- [Flow] CT_START Set
[20:45:15.235] ---- [Flow] CT_START Set
[20:50:43.201] ---- [Flow] CT_START Set
[20:50:44.136] ---- [Flow] CT_START Set
[20:50:44.241] ---- [Flow] CT_START Set
[20:51:31.590] ---- [Flow] CT_START Set
[20:51:31.724] ---- [Flow] CT_START Set
[20:51:52.445] ---- [Flow] CT_START Set
[20:51:53.619] ---- [Flow] CT_START Set
[20:51:54.926] ---- [Flow] CT_START Set
[20:52:23.263] ---- [Flow] CT_START Set
[20:53:28.265] ---- [Flow] CT_START Set
[20:53:39.306] ---- [Flow] CT_START Set
[20:53:39.567] ---- [Flow] CT_START Set
[20:53:42.298] ---- [Flow] CT_START Set
[20:55:02.512] ---- [Flow] CT_START Set
[20:56:45.904] ---- [Flow] CT_START Set
[21:06:22.743] ---- [Flow] CT_START Set
[21:06:24.558] ---- [Flow] CT_START Set
[21:08:06.207] ---- [Flow] CT_START Set
[21:08:21.844] ---- [Flow] CT_START Set
[21:08:46.507] ---- [Flow] CT_START Set
[21:09:31.280] ---- [Flow] CT_START Set
[21:09:31.526] ---- [Flow] CT_START Set
[21:10:00.014] ---- [Flow] CT_START Set
[21:10:01.871] ---- [Flow] CT_START Set
[21:13:24.290] ---- [Flow] CT_START Set
[21:13:26.519] ---- [Flow] CT_START Set
[21:14:06.786] ---- [Flow] CT_START Set
[21:14:06.958] ---- [Flow] CT_START Set
[21:14:12.289] ---- [Flow] CT_START Set
[21:15:10.936] ---- [Flow] CT_START Set
[21:15:14.617] ---- [Flow] CT_START Set
[21:15:30.427] ---- [Flow] CT_START Set
[21:17:34.908] ---- [Flow] CT_START Set
[21:17:52.149] ---- [Flow] CT_START Set
[21:19:41.595] ---- [Flow] CT_START Set
[21:19:41.712] ---- [Flow] CT_START Set
[21:19:46.279] ---- [Flow] CT_START Set
[21:20:34.289] ---- [Flow] CT_STOP Set
[21:20:34.311] ---- [Event] Auto : CT_STOP
[21:20:34.312] --------- [Monitor] StopTasks() : before m_stopped
[21:20:34.358] ---- [Flow] CT_STOP Set
[21:20:34.516] --------- [Monitor] StopTasks() : m_stopped
[21:20:34.517] [m_nState] AutoStop State
[21:20:42.359] ---- [Flow] CT_START Set
[21:20:42.381] ---- [Event] AutoStop : CT_START
[21:20:42.382] [m_nState] Auto State
[21:20:55.969] ---- [Flow] CT_STOP Set
[21:20:55.992] ---- [Event] Auto : CT_STOP
[21:20:55.993] --------- [Monitor] StopTasks() : before m_stopped
[21:20:56.745] --------- [Monitor] StopTasks() : m_stopped
[21:20:56.747] [m_nState] AutoStop State
[21:20:58.805] ---- [Flow] CT_START Set
[21:20:58.828] ---- [Event] AutoStop : CT_START
[21:20:58.829] [m_nState] Auto State
[21:21:01.846] ---- [Flow] CT_START Set
[21:21:11.242] ---- [Flow] CT_STOP Set
[21:21:11.264] ---- [Event] Auto : CT_STOP
[21:21:11.265] --------- [Monitor] StopTasks() : before m_stopped
[21:21:11.315] ---- [Flow] CT_STOP Set
[21:21:11.339] --------- [Monitor] StopTasks() : m_stopped
[21:21:11.340] [m_nState] AutoStop State
[21:22:30.837] ---- [Flow] CT_START Set
[21:22:30.860] ---- [Event] AutoStop : CT_START
[21:22:30.861] [m_nState] Auto State
[21:22:52.386] ---- [Flow] CT_STOP Set
[21:22:52.409] ---- [Event] Auto : CT_STOP
[21:22:52.410] --------- [Monitor] StopTasks() : before m_stopped
[21:22:52.448] ---- [Flow] CT_STOP Set
[21:22:52.465] --------- [Monitor] StopTasks() : m_stopped
[21:22:52.467] [m_nState] AutoStop State
[21:22:54.012] ---- [Flow] CT_START Set
[21:22:54.035] ---- [Event] AutoStop : CT_START
[21:22:54.036] [m_nState] Auto State
[21:23:42.915] ---- [Flow] CT_START Set
[21:23:43.863] ---- [Flow] CT_START Set
[21:23:46.638] ---- [Flow] CT_START Set
[21:23:58.594] ---- [Flow] CT_START Set
[21:23:58.705] ---- [Flow] CT_START Set
[21:24:03.997] ---- [Flow] CT_START Set
[21:24:04.199] ---- [Flow] CT_START Set
[21:24:05.345] ---- [Flow] CT_START Set
[21:24:05.550] ---- [Flow] CT_START Set
[21:24:10.374] ---- [Flow] CT_START Set
[21:24:10.475] ---- [Flow] CT_START Set
[21:24:13.992] ---- [Flow] CT_START Set
[21:24:14.093] ---- [Flow] CT_START Set
[21:24:15.778] ---- [Flow] CT_START Set
[21:24:15.881] ---- [Flow] CT_START Set
[21:24:21.003] ---- [Flow] CT_START Set
[21:24:31.895] ---- [Flow] CT_START Set
[21:24:37.436] ---- [Flow] CT_START Set
[21:24:37.540] ---- [Flow] CT_START Set
[21:24:44.616] ---- [Flow] CT_START Set
[21:24:53.602] ---- [Flow] CT_START Set
[21:25:03.535] ---- [Flow] CT_START Set
[21:25:04.794] ---- [Flow] CT_START Set
[21:26:00.457] ---- [Flow] CT_START Set
[21:26:59.952] ---- [Flow] CT_START Set
[21:27:01.342] ---- [Flow] CT_START Set
[21:27:01.458] ---- [Flow] CT_START Set
[21:27:10.315] ---- [Flow] CT_START Set
[21:27:54.075] ---- [Flow] CT_START Set
[21:28:07.144] ---- [Flow] CT_STOP Set
[21:28:07.166] ---- [Event] Auto : CT_STOP
[21:28:07.167] --------- [Monitor] StopTasks() : before m_stopped
[21:28:07.587] --------- [Monitor] StopTasks() : m_stopped
[21:28:07.588] [m_nState] AutoStop State
[21:28:12.917] ---- [Flow] CT_START Set
[21:28:12.940] ---- [Event] AutoStop : CT_START
[21:28:12.941] [m_nState] Auto State
[21:28:13.677] ---- [Flow] CT_START Set
[21:29:32.268] ---- [Flow] CT_START Set
[21:29:39.702] ---- [Flow] CT_START Set
[21:37:33.244] ---- [Flow] CT_START Set
[21:37:54.250] ---- [Flow] CT_START Set
[21:38:04.269] ---- [Flow] CT_START Set
[21:38:07.761] ---- [Flow] CT_START Set
[21:45:11.526] ---- [Flow] CT_START Set
[21:48:08.103] ---- [Flow] CT_START Set
[21:50:53.488] ---- [Flow] CT_START Set
[21:53:17.514] ---- [Flow] CT_START Set
[21:54:07.109] ---- [Flow] CT_START Set
[21:55:58.538] ---- [Flow] CT_START Set
[21:55:59.674] ---- [Flow] CT_START Set
[21:56:00.793] ---- [Flow] CT_START Set
[22:04:19.875] ---- [Flow] CT_START Set
[22:04:21.281] ---- [Flow] CT_START Set
[22:04:22.840] ---- [Flow] CT_START Set
[22:04:25.098] ---- [Flow] CT_START Set
[22:04:26.127] ---- [Flow] CT_START Set
[22:04:27.136] ---- [Flow] CT_START Set
[22:06:02.368] ---- [Flow] CT_START Set
[22:06:03.750] ---- [Flow] CT_START Set
[22:06:04.666] ---- [Flow] CT_START Set
[22:06:06.156] ---- [Flow] CT_START Set
[22:06:06.921] ---- [Flow] CT_START Set
[22:07:38.675] ---- [Flow] CT_START Set
[22:07:39.300] ---- [Flow] CT_START Set
[22:07:39.706] ---- [Flow] CT_START Set
[22:07:40.414] ---- [Flow] CT_START Set
[22:07:41.656] ---- [Flow] CT_START Set
[22:08:41.428] ---- [Flow] CT_START Set
[22:12:06.364] ---- [Flow] CT_START Set
[22:12:15.622] ---- [Flow] CT_START Set
[22:12:46.253] ---- [Flow] CT_START Set
[22:14:43.284] ---- [Flow] CT_START Set
[22:14:43.652] ---- [Flow] CT_START Set
[22:14:48.298] ---- [Flow] CT_START Set
[22:14:50.403] ---- [Flow] CT_START Set
[22:15:18.482] ---- [Flow] CT_START Set
[22:15:18.558] ---- [Flow] CT_START Set
[22:15:18.631] ---- [Flow] CT_START Set
[22:15:18.696] ---- [Flow] CT_START Set
[22:16:42.951] ---- [Flow] CT_STOP Set
[22:16:42.973] ---- [Event] Auto : CT_STOP
[22:16:42.974] --------- [Monitor] StopTasks() : before m_stopped
[22:16:43.039] ---- [Flow] CT_STOP Set
[22:16:43.087] ---- [Flow] CT_STOP Set
[22:16:43.526] --------- [Monitor] StopTasks() : m_stopped
[22:16:43.527] [m_nState] AutoStop State
[22:16:50.180] ---- [Flow] CT_START Set
[22:16:50.203] ---- [Event] AutoStop : CT_START
[22:16:50.204] [m_nState] Auto State
[22:22:56.253] ---- [Flow] CT_START Set
[22:26:55.209] ---- [Flow] CT_START Set
[22:29:19.451] ---- [Flow] CT_START Set
[22:29:19.796] ---- [Flow] CT_START Set
[22:29:25.581] ---- [Flow] CT_START Set
[22:29:25.832] ---- [Flow] CT_START Set
[22:29:27.077] ---- [Flow] CT_START Set
[22:35:45.707] ---- [Flow] CT_START Set
[22:35:47.708] ---- [Flow] CT_START Set
[22:38:31.800] ---- [Flow] CT_START Set
[22:40:16.925] ---- [Flow] CT_START Set
[22:40:18.040] ---- [Flow] CT_START Set
[22:40:19.086] ---- [Flow] CT_START Set
[22:40:21.110] ---- [Flow] CT_START Set
[22:40:23.311] ---- [Flow] CT_START Set
[22:40:29.989] ---- [Flow] CT_START Set
[22:40:47.147] ---- [Flow] CT_START Set
[22:40:48.581] ---- [Flow] CT_START Set
[22:40:55.847] ---- [Flow] CT_START Set
[22:40:57.061] ---- [Flow] CT_START Set
[22:40:58.226] ---- [Flow] CT_START Set
[22:41:17.802] ---- [Flow] CT_START Set
[22:41:18.036] ---- [Flow] CT_START Set
[22:41:27.026] ---- [Flow] CT_START Set
[22:42:20.538] ---- [Flow] CT_START Set
[22:42:59.120] ---- [Flow] CT_START Set
[22:44:47.873] ---- [Flow] CT_START Set
[22:44:47.965] ---- [Flow] CT_START Set
[22:44:48.045] ---- [Flow] CT_START Set
[22:44:48.132] ---- [Flow] CT_START Set
[22:44:49.610] ---- [Flow] CT_START Set
[22:44:49.789] ---- [Flow] CT_START Set
[22:44:49.860] ---- [Flow] CT_START Set
[22:45:26.265] ---- [Flow] CT_START Set
[22:47:44.036] ---- [Flow] CT_START Set
[22:47:44.796] ---- [Flow] CT_START Set
[22:47:45.378] ---- [Flow] CT_START Set
[22:47:46.580] ---- [Flow] CT_START Set
[22:47:46.868] ---- [Flow] CT_START Set
[22:47:47.909] ---- [Flow] CT_START Set
[22:47:49.745] ---- [Flow] CT_START Set
[22:47:51.936] ---- [Flow] CT_START Set
[22:48:21.286] ---- [Flow] CT_START Set
[22:52:22.524] ---- [Flow] CT_START Set
[23:05:53.692] ---- [Flow] CT_START Set
[23:06:13.715] ---- [Flow] CT_START Set
[23:06:17.721] ---- [Flow] CT_START Set
[23:16:40.212] ---- [Flow] CT_START Set
[23:24:45.162] ---- [Flow] CT_START Set
[23:48:35.289] ---- [Flow] CT_START Set
[23:48:36.753] ---- [Flow] CT_START Set
[23:50:23.110] ---- [Flow] CT_START Set
[23:53:18.713] ---- [Flow] CT_START Set
