[08:17:36.113] [LeftPPStation] Unload Cylinder Vacuum Error
[11:27:38.925] [LeftTransferStation] Set Double Place
[17:32:16.486] [RightPPStation] Unload Buffer Set Not Exist
[20:45:04.158] [RightPPStation] Load Cylinder Vacuum Error
[21:19:19.627] [LeftTransferStation] Vacuum Error
[21:30:14.660] [LeftTransferStation] Vacuum Error
[21:30:25.085] [LeftTransferStation] Vacuum Error
[21:34:47.264] [LeftTransferStation] Vacuum Error
[21:34:58.132] [LeftTransferStation] Vacuum Error
[21:38:12.978] [LeftPPStation] Unload Cylinder Vacuum Error
[21:38:21.746] [LeftPPStation] Unload Cylinder Vacuum Error
[21:47:30.827] [LeftTransferStation] Vacuum Error
[21:49:47.281] [LeftPPStation] Load Cylinder Up Error
[21:49:54.203] [LeftPPStation] Load Cylinder Vacuum Error
[21:51:14.670] [LeftPPStation] Load Cylinder Up Error
[21:51:20.518] [LeftPPStation] Load Cylinder Vacuum Error
[21:59:34.567] [RightPPStation] Load Cylinder Vacuum Error
[22:00:42.236] [LeftPPStation] Unload Cylinder Vacuum Error
[22:08:52.583] [LeftPPStation] Unload Cylinder Vacuum Error
[22:09:03.396] [MainControlStation] Right Door Open
[22:09:32.976] [RightPPStation] Unload Buffer Set Not Exist
[22:44:11.244] [RightTransferStation] Vacuum Error
