[01:10:07.017] [LeftPPStation] Load Cylinder Vacuum Error
[01:46:38.119] [MainControlStation] Right Door Open
[01:48:06.505] [RightTransferStation] Vacuum Error
[01:48:15.655] [RightTransferStation] Vacuum Error
[01:48:51.859] [RightTransferStation] Vacuum Error
[01:49:01.260] [RightTransferStation] Vacuum Error
[01:49:11.488] [RightTransferStation] Vacuum Error
[01:49:23.905] [RightTransferStation] Vacuum Error
[01:49:46.065] [RightTransferStation] Vacuum Error
[01:49:53.252] [RightTransferStation] Vacuum Error
[01:51:08.922] [RightTransferStation] Vacuum Error
[01:51:20.188] [RightTransferStation] Vacuum Error
[04:56:08.584] [RightTransferStation] Vacuum Error
[05:03:56.905] [LeftPPStation] Load Cylinder Vacuum Error
[05:05:59.325] [MainControlStation] Left Door Open
[05:38:37.972] [RightTransferStation] Move XY Axis Error
[05:39:34.970] [RightTransferStation] Move XY Axis Error
[05:40:03.288] [RightTransferStation] Vacuum Error
[06:37:28.208] [RightTransferStation] Vacuum Error
[06:37:41.771] [RightTransferStation] Vacuum Error
[08:46:25.030] [RightTransferStation] Move XY Axis Error
[08:46:38.044] [RightTransferStation] Move XY Axis Error
[09:37:29.112] [RightTransferStation] Vacuum Error
[09:37:57.135] [RightTransferStation] Vacuum Error
[09:38:20.405] [LeftTransferStation] Vacuum Error
[09:39:14.012] [LeftTransferStation] Vacuum Error
[14:38:21.029] [LeftTransferStation] Vacuum Error
[14:38:29.480] [LeftTransferStation] Vacuum Error
[16:38:11.319] [RightTransferStation] Move XY Axis Error
[16:38:24.446] [RightTransferStation] Move XY Axis Error
[19:17:30.156] [RightTransferStation] Vacuum Error
[19:17:57.401] [RightTransferStation] Vacuum Error
[19:29:14.065] [RightTransferStation] Move XY Axis Error
