[07:15:35.643] [RightTransferStation] Move XY Axis Error
[07:16:00.868] [RightTransferStation] Move XY Axis Error
[07:21:56.157] [RightTransferStation] Move XY Axis Error
[07:22:18.796] [RightTransferStation] Move XY Axis Error
[07:33:15.950] [LeftPPStation] Load Buffer Set Exist
[07:33:32.381] [LeftPPStation] Load Buffer Set Exist
[07:33:34.784] [LeftPPStation] Load Buffer Set Exist
[07:34:02.064] [LeftTransferStation] Vacuum Error
[08:26:15.845] [RightTransferStation] Move XY Axis Error
[08:26:26.189] [RightTransferStation] Move XY Axis Error
[08:33:04.126] [RightTransferStation] Move XY Axis Error
[08:33:08.425] [RightTransferStation] Move XY Axis Error
[08:33:10.335] [RightTransferStation] Move XY Axis Error
[08:33:12.233] [RightTransferStation] Move XY Axis Error
[08:33:15.094] [RightTransferStation] Move XY Axis Error
[08:35:23.049] [RightTransferStation] Move XY Axis Error
[08:35:44.516] [RightTransferStation] Move XY Axis Error
[08:39:40.415] [RightTransferStation] Move XY Axis Error
[08:39:51.280] [RightTransferStation] Move XY Axis Error
[09:07:32.063] [RightTransferStation] Move XY Axis Error
[09:07:49.948] [RightTransferStation] Move XY Axis Error
[09:12:10.676] [RightTransferStation] Move XY Axis Error
[09:12:36.544] [RightTransferStation] Move XY Axis Error
[10:58:56.450] [LeftTransferStation] Vacuum Error
[12:09:28.772] [RightTransferStation] Move XY Axis Error
[12:09:45.076] [RightTransferStation] Move XY Axis Error
[12:09:47.910] [RightTransferStation] Move XY Axis Error
[12:49:51.122] [LeftPPStation] Load Cylinder Vacuum Error
[12:50:52.645] [RightTransferStation] Move XY Axis Error
[12:50:55.255] [RightTransferStation] Move XY Axis Error
[13:06:47.185] [RightTransferStation] Move XY Axis Error
[13:07:01.202] [RightTransferStation] Move XY Axis Error
[13:15:39.664] [RightTransferStation] Move XY Axis Error
[13:16:12.043] [RightTransferStation] Move XY Axis Error
[13:24:12.791] [RightTransferStation] Move XY Axis Error
[13:24:24.020] [RightTransferStation] Move XY Axis Error
[13:24:37.921] [RightTransferStation] Move XY Axis Error
[13:24:54.308] [RightTransferStation] Move XY Axis Error
[14:15:10.187] [RightTransferStation] Vacuum Error
[14:17:25.395] [RightTransferStation] Move XY Axis Error
[14:17:51.520] [LeftTransferStation] Unload Buffer Set Exist
[14:40:13.183] [LeftTransferStation] Unload Buffer Set Exist
[15:08:18.331] [LeftTransferStation] Unload Buffer Set Exist
[15:33:36.115] [RightPPStation] Load Cylinder Vacuum Error
[15:35:32.331] [RightTransferStation] Move XY Axis Error
[15:35:47.026] [RightTransferStation] Move XY Axis Error
[15:35:48.868] [RightTransferStation] Move XY Axis Error
[15:41:18.357] [LeftTransferStation] Unload Buffer Set Exist
[16:01:46.097] [LeftTransferStation] Unload Buffer Set Exist
[21:42:53.596] [RightTransferStation] Move XY Axis Error
[23:36:48.211] [RightTransferStation] Move XY Axis Error
[23:36:52.971] [RightTransferStation] Move XY Axis Error
