[06:43:59.490] ---- [Flow] CT_START Set
[06:43:59.513] ---- [Event] AutoStop : CT_START
[06:43:59.514] [m_nState] Auto State
[06:44:00.414] ---- [Flow] CT_START Set
[07:16:00.577] ---- [Flow] CT_START Set
[07:16:00.864] ---- [Flow] CT_START Set
[07:16:01.135] ---- [Flow] CT_START Set
[07:22:17.818] ---- [Flow] CT_START Set
[07:22:18.552] ---- [Flow] CT_START Set
[07:22:18.833] ---- [Flow] CT_START Set
[07:33:31.516] ---- [Flow] CT_START Set
[07:33:33.261] ---- [Flow] CT_START Set
[07:33:33.515] ---- [Flow] CT_START Set
[07:33:33.634] ---- [Flow] CT_START Set
[07:33:35.917] ---- [Flow] CT_START Set
[07:33:36.021] ---- [Flow] CT_START Set
[07:33:37.354] ---- [Flow] CT_START Set
[07:34:04.395] ---- [Flow] CT_START Set
[08:26:25.809] ---- [Flow] CT_START Set
[08:26:26.139] ---- [Flow] CT_START Set
[08:26:26.465] ---- [Flow] CT_START Set
[08:33:07.202] ---- [Flow] CT_START Set
[08:33:07.451] ---- [Flow] CT_START Set
[08:33:08.285] ---- [Flow] CT_START Set
[08:33:08.553] ---- [Flow] CT_START Set
[08:33:09.422] ---- [Flow] CT_START Set
[08:33:10.226] ---- [Flow] CT_START Set
[08:33:10.534] ---- [Flow] CT_START Set
[08:33:11.315] ---- [Flow] CT_START Set
[08:33:12.127] ---- [Flow] CT_START Set
[08:33:14.234] ---- [Flow] CT_START Set
[08:33:14.874] ---- [Flow] CT_START Set
[08:33:15.132] ---- [Flow] CT_START Set
[08:35:43.259] ---- [Flow] CT_START Set
[08:35:43.628] ---- [Flow] CT_START Set
[08:39:50.752] ---- [Flow] CT_START Set
[08:39:50.997] ---- [Flow] CT_START Set
[08:39:51.228] ---- [Flow] CT_START Set
[08:39:51.450] ---- [Flow] CT_START Set
[08:45:28.223] ---- [Flow] CT_START Set
[09:07:49.279] ---- [Flow] CT_START Set
[09:07:49.623] ---- [Flow] CT_START Set
[09:07:49.952] ---- [Flow] CT_START Set
[09:07:50.254] ---- [Flow] CT_START Set
[09:12:35.530] ---- [Flow] CT_START Set
[09:12:36.228] ---- [Flow] CT_START Set
[09:12:36.544] ---- [Flow] CT_START Set
[09:27:33.024] ---- [Flow] CT_STOP Set
[09:27:33.046] ---- [Event] Auto : CT_STOP
[09:27:33.047] --------- [Monitor] StopTasks() : before m_stopped
[09:27:33.082] ---- [Flow] CT_STOP Set
[09:27:33.085] --------- [Monitor] StopTasks() : m_stopped
[09:27:33.086] [m_nState] AutoStop State
[09:31:24.387] ---- [Flow] CT_START Set
[09:31:24.410] ---- [Event] AutoStop : CT_START
[09:31:24.411] [m_nState] Auto State
[09:31:25.220] ---- [Flow] CT_START Set
[10:59:07.751] ---- [Flow] CT_START Set
[11:37:13.209] ---- [Flow] CT_STOP Set
[11:37:13.232] ---- [Event] Auto : CT_STOP
[11:37:13.233] --------- [Monitor] StopTasks() : before m_stopped
[11:37:13.647] --------- [Monitor] StopTasks() : m_stopped
[11:37:13.648] [m_nState] AutoStop State
[12:09:25.791] ---- [Flow] CT_START Set
[12:09:25.813] ---- [Event] AutoStop : CT_START
[12:09:25.816] [m_nState] Auto State
[12:09:26.568] ---- [Flow] CT_START Set
[12:09:44.416] ---- [Flow] CT_START Set
[12:09:44.867] ---- [Flow] CT_START Set
[12:09:45.172] ---- [Flow] CT_START Set
[12:09:47.272] ---- [Flow] CT_START Set
[12:50:00.140] ---- [Flow] CT_START Set
[12:50:54.159] ---- [Flow] CT_START Set
[12:51:07.449] ---- [Flow] CT_START Set
[13:07:00.667] ---- [Flow] CT_START Set
[13:07:00.956] ---- [Flow] CT_START Set
[13:07:01.255] ---- [Flow] CT_START Set
[13:07:01.545] ---- [Flow] CT_START Set
[13:16:11.281] ---- [Flow] CT_START Set
[13:16:11.718] ---- [Flow] CT_START Set
[13:16:12.026] ---- [Flow] CT_START Set
[13:24:23.086] ---- [Flow] CT_START Set
[13:24:23.747] ---- [Flow] CT_START Set
[13:24:24.015] ---- [Flow] CT_START Set
[13:24:53.172] ---- [Flow] CT_START Set
[13:24:53.536] ---- [Flow] CT_START Set
[13:28:13.027] ---- [Flow] CT_STOP Set
[13:28:13.049] ---- [Event] Auto : CT_STOP
[13:28:13.050] --------- [Monitor] StopTasks() : before m_stopped
[13:28:13.342] ---- [Flow] CT_START Set
[13:30:17.572] ---- [Flow] CT_START Set
[13:30:33.402] ---- [Flow] CT_START Set
[13:30:47.903] --------- [Monitor] StopTasks() : m_stopped
[13:30:47.904] [m_nState] AutoStop State
[13:30:52.118] ---- [Flow] CT_START Set
[13:30:52.140] ---- [Event] AutoStop : CT_START
[13:30:52.141] [m_nState] Auto State
[13:36:32.759] ---- [Flow] CT_START Set
[13:42:34.832] ---- [Flow] CT_START Set
[13:49:47.206] ---- [Flow] CT_START Set
[14:15:24.734] ---- [Flow] CT_START Set
[14:17:50.280] ---- [Flow] CT_START Set
[14:17:50.564] ---- [Flow] CT_START Set
[14:17:57.116] ---- [Flow] CT_START Set
[14:17:57.288] ---- [Flow] CT_START Set
[14:17:57.396] ---- [Flow] CT_START Set
[14:17:57.503] ---- [Flow] CT_START Set
[14:18:05.184] ---- [Flow] CT_START Set
[14:27:35.753] ---- [Flow] CT_STOP Set
[14:27:35.776] ---- [Event] Auto : CT_STOP
[14:27:35.777] --------- [Monitor] StopTasks() : before m_stopped
[14:27:35.810] --------- [Monitor] StopTasks() : m_stopped
[14:27:35.812] [m_nState] AutoStop State
[14:34:53.325] ---- [Flow] CT_START Set
[14:34:53.347] ---- [Event] AutoStop : CT_START
[14:34:53.348] [m_nState] Auto State
[14:34:54.281] ---- [Flow] CT_START Set
[14:40:20.290] ---- [Flow] CT_START Set
[15:08:24.908] ---- [Flow] CT_START Set
[15:33:36.536] ---- [Flow] CT_START Set
[15:35:45.802] ---- [Flow] CT_START Set
[15:35:46.165] ---- [Flow] CT_START Set
[15:35:47.035] ---- [Flow] CT_START Set
[15:35:47.295] ---- [Flow] CT_START Set
[15:35:47.932] ---- [Flow] CT_START Set
[15:35:48.761] ---- [Flow] CT_START Set
[15:35:49.039] ---- [Flow] CT_START Set
[15:41:23.252] ---- [Flow] CT_START Set
[16:01:52.356] ---- [Flow] CT_START Set
[16:25:40.588] ---- [Flow] CT_STOP Set
[16:25:40.612] ---- [Event] Auto : CT_STOP
[16:25:40.613] --------- [Monitor] StopTasks() : before m_stopped
[16:25:40.677] --------- [Monitor] StopTasks() : m_stopped
[16:25:40.678] [m_nState] AutoStop State
[20:16:09.628] ---- [Flow] CT_START Set
[20:16:09.651] ---- [Event] AutoStop : CT_START
[20:16:09.652] [m_nState] Auto State
[20:16:10.702] ---- [Flow] CT_START Set
[20:18:42.898] ---- [Flow] CT_STOP Set
[20:18:42.920] ---- [Event] Auto : CT_STOP
[20:18:42.921] --------- [Monitor] StopTasks() : before m_stopped
[20:18:43.107] ---- [Flow] CT_STOP Set
[20:18:43.228] --------- [Monitor] StopTasks() : m_stopped
[20:18:43.229] [m_nState] AutoStop State
[20:24:24.818] ---- [Flow] CT_START Set
[20:24:24.840] ---- [Event] AutoStop : CT_START
[20:24:24.841] [m_nState] Auto State
[20:24:25.869] ---- [Flow] CT_START Set
[21:19:31.273] ---- [Flow] CT_STOP Set
[21:19:31.295] ---- [Event] Auto : CT_STOP
[21:19:31.296] --------- [Monitor] StopTasks() : before m_stopped
[21:19:31.372] --------- [Monitor] StopTasks() : m_stopped
[21:19:31.373] [m_nState] AutoStop State
[21:19:31.556] ---- [Flow] CT_STOP Set
[21:19:31.590] ---- [Flow] CT_STOP Set
[21:19:31.707] ---- [Flow] CT_STOP Set
[21:20:13.034] ---- [Flow] CT_START Set
[21:20:13.056] ---- [Event] AutoStop : CT_START
[21:20:13.057] [m_nState] Auto State
[21:20:13.499] ---- [Flow] CT_START Set
[21:43:00.236] ---- [Flow] CT_START Set
[23:36:51.859] ---- [Flow] CT_START Set
[23:36:52.278] ---- [Flow] CT_START Set
[23:36:53.088] ---- [Flow] CT_START Set
