[08:34:12.963] ---- [Flow] CT_START Set
[08:34:12.984] ---- [Event] AutoStop : CT_START
[08:34:12.984] [m_nState] Auto State
[08:34:13.176] ---- [Flow] CT_START Set
[08:34:16.896] ---- [Flow] CT_START Set
[08:34:29.721] ---- [Flow] CT_START Set
[08:34:29.829] ---- [Flow] CT_START Set
[08:34:32.270] ---- [Flow] CT_START Set
[08:34:32.556] ---- [Flow] CT_START Set
[08:35:47.878] ---- [Flow] CT_STOP Set
[08:35:47.900] ---- [Event] Auto : CT_STOP
[08:35:47.900] --------- [Monitor] StopTasks() : before m_stopped
[08:35:47.901] --------- [Monitor] StopTasks() : m_stopped
[08:35:47.901] [m_nState] AutoStop State
[08:35:49.369] ---- [Flow] CT_STOP Set
[08:35:49.400] ---- [Flow] CT_STOP Set
[08:35:49.432] ---- [Flow] CT_STOP Set
[08:35:49.463] ---- [Flow] CT_STOP Set
[08:35:49.495] ---- [Flow] CT_STOP Set
[08:35:51.233] ---- [Flow] CT_STOP Set
[08:35:51.270] ---- [Flow] CT_STOP Set
[08:35:51.302] ---- [Flow] CT_STOP Set
[08:35:51.334] ---- [Flow] CT_STOP Set
[08:54:50.515] ---- [Flow] CT_START Set
[08:54:50.536] ---- [Event] AutoStop : CT_START
[08:54:50.536] [m_nState] Auto State
[08:54:51.307] ---- [Flow] CT_START Set
[08:59:10.343] ---- [Flow] CT_START Set
[09:00:35.577] ---- [Flow] CT_START Set
[09:01:26.103] ---- [Flow] CT_START Set
[09:02:33.375] ---- [Flow] CT_START Set
[09:03:27.250] ---- [Flow] CT_START Set
[09:04:18.842] ---- [Flow] CT_START Set
[09:04:19.523] ---- [Flow] CT_START Set
[09:04:25.266] ---- [Flow] CT_START Set
[09:04:32.967] ---- [Flow] CT_START Set
[09:04:49.983] ---- [Flow] CT_START Set
[09:05:07.344] ---- [Flow] CT_START Set
[09:05:18.983] ---- [Flow] CT_START Set
[09:05:43.770] ---- [Flow] CT_START Set
[09:05:55.018] ---- [Flow] CT_START Set
[09:06:19.720] ---- [Flow] CT_START Set
[09:07:39.820] ---- [Flow] CT_START Set
[09:08:07.307] ---- [Flow] CT_START Set
[09:08:46.424] ---- [Flow] CT_START Set
[09:09:27.870] ---- [Flow] CT_START Set
[09:10:32.394] ---- [Flow] CT_START Set
[09:10:51.651] ---- [Flow] CT_START Set
[09:12:48.487] ---- [Flow] CT_START Set
[09:12:56.654] ---- [Flow] CT_START Set
[09:15:45.163] ---- [Flow] CT_START Set
[09:16:01.105] ---- [Flow] CT_START Set
[09:18:11.853] ---- [Flow] CT_START Set
[09:19:36.240] ---- [Flow] CT_START Set
[09:20:47.069] ---- [Flow] CT_STOP Set
[09:20:47.091] ---- [Event] Auto : CT_STOP
[09:20:47.091] --------- [Monitor] StopTasks() : before m_stopped
[09:20:47.372] --------- [Monitor] StopTasks() : m_stopped
[09:20:47.372] [m_nState] AutoStop State
[09:20:58.345] ---- [Flow] CT_START Set
[09:20:58.366] ---- [Event] AutoStop : CT_START
[09:20:58.366] [m_nState] Auto State
[09:20:59.031] ---- [Flow] CT_START Set
[09:20:59.143] ---- [Flow] CT_START Set
[09:21:00.316] ---- [Flow] CT_START Set
[09:21:01.705] ---- [Flow] CT_START Set
[09:21:14.667] ---- [Flow] CT_START Set
[09:21:39.934] ---- [Flow] CT_START Set
[09:22:16.270] ---- [Flow] CT_START Set
[09:22:21.255] ---- [Flow] CT_START Set
[09:22:42.057] ---- [Flow] CT_START Set
[09:23:07.635] ---- [Flow] CT_START Set
[09:23:35.482] ---- [Flow] CT_START Set
[09:24:38.411] ---- [Flow] CT_START Set
[09:25:09.562] ---- [Flow] CT_START Set
[09:25:35.196] ---- [Flow] CT_START Set
[09:41:21.818] ---- [Flow] CT_START Set
[11:05:25.705] ---- [Flow] CT_START Set
[11:30:37.471] ---- [Flow] CT_STOP Set
[11:30:37.492] ---- [Event] Auto : CT_STOP
[11:30:37.492] --------- [Monitor] StopTasks() : before m_stopped
[11:30:37.555] ---- [Flow] CT_STOP Set
[11:30:37.605] ---- [Flow] CT_STOP Set
[11:30:38.202] --------- [Monitor] StopTasks() : m_stopped
[11:30:38.203] [m_nState] AutoStop State
[11:39:06.297] ---- [Flow] CT_START Set
[11:39:06.318] ---- [Event] AutoStop : CT_START
[11:39:06.318] [m_nState] Auto State
[11:39:07.228] ---- [Flow] CT_START Set
[11:48:36.186] ---- [Flow] CT_START Set
[12:15:19.297] ---- [Flow] CT_START Set
[12:16:49.207] ---- [Flow] CT_START Set
[12:17:18.828] ---- [Flow] CT_START Set
[12:18:17.530] ---- [Flow] CT_START Set
[12:26:56.565] ---- [Flow] CT_START Set
[12:26:58.350] ---- [Flow] CT_START Set
[12:59:51.982] ---- [Flow] CT_START Set
[13:45:12.584] ---- [Flow] CT_STOP Set
[13:45:12.605] ---- [Event] Auto : CT_STOP
[13:45:12.605] --------- [Monitor] StopTasks() : before m_stopped
[13:45:12.667] --------- [Monitor] StopTasks() : m_stopped
[13:45:12.667] [m_nState] AutoStop State
[14:24:53.384] ---- [Flow] CT_START Set
[14:24:53.405] ---- [Event] AutoStop : CT_START
[14:24:53.405] [m_nState] Auto State
[14:24:54.441] ---- [Flow] CT_START Set
[14:26:20.851] ---- [Flow] CT_START Set
[14:26:35.323] ---- [Flow] CT_START Set
[16:12:54.077] ---- [Flow] CT_START Set
[16:13:07.735] ---- [Flow] CT_START Set
[16:20:13.771] ---- [Flow] CT_STOP Set
[16:20:13.792] ---- [Event] Auto : CT_STOP
[16:20:13.792] --------- [Monitor] StopTasks() : before m_stopped
[16:20:14.280] --------- [Monitor] StopTasks() : m_stopped
[16:20:14.281] [m_nState] AutoStop State
[16:29:50.532] ---- [Flow] CT_START Set
[16:29:50.554] ---- [Event] AutoStop : CT_START
[16:29:50.554] [m_nState] Auto State
[16:29:51.487] ---- [Flow] CT_START Set
[19:00:39.035] ---- [Flow] CT_STOP Set
[19:00:39.057] ---- [Event] Auto : CT_STOP
[19:00:39.057] --------- [Monitor] StopTasks() : before m_stopped
[19:00:39.083] --------- [Monitor] StopTasks() : m_stopped
[19:00:39.083] [m_nState] AutoStop State
[19:20:47.374] ---- [Flow] CT_START Set
[19:20:47.396] ---- [Event] AutoStop : CT_START
[19:20:47.396] [m_nState] Auto State
[19:20:48.465] ---- [Flow] CT_START Set
[19:23:56.569] ---- [Flow] CT_STOP Set
[19:23:56.591] ---- [Event] Auto : CT_STOP
[19:23:56.591] --------- [Monitor] StopTasks() : before m_stopped
[19:23:56.651] --------- [Monitor] StopTasks() : m_stopped
[19:23:56.651] [m_nState] AutoStop State
[19:24:09.192] ---- [Flow] CT_START Set
[19:24:09.214] ---- [Event] AutoStop : CT_START
[19:24:09.214] [m_nState] Auto State
[19:24:10.120] ---- [Flow] CT_START Set
[19:37:43.721] ---- [Flow] CT_STOP Set
[19:37:43.742] ---- [Event] Auto : CT_STOP
[19:37:43.742] --------- [Monitor] StopTasks() : before m_stopped
[19:37:43.771] --------- [Monitor] StopTasks() : m_stopped
[19:37:43.771] [m_nState] AutoStop State
[20:42:07.916] ---- [Flow] CT_START Set
[20:42:07.938] ---- [Event] AutoStop : CT_START
[20:42:07.938] [m_nState] Auto State
[20:42:08.459] ---- [Flow] CT_START Set
[21:03:44.196] ---- [Flow] CT_STOP Set
[21:03:44.218] ---- [Event] Auto : CT_STOP
[21:03:44.218] --------- [Monitor] StopTasks() : before m_stopped
[21:03:44.309] --------- [Monitor] StopTasks() : m_stopped
[21:03:44.309] [m_nState] AutoStop State
[21:07:59.792] ---- [Flow] CT_START Set
[21:07:59.813] ---- [Event] AutoStop : CT_START
[21:07:59.813] [m_nState] Auto State
[21:08:00.392] ---- [Flow] CT_START Set
[22:31:22.958] ---- [Flow] CT_START Set
[22:34:29.024] ---- [Flow] CT_START Set
[22:59:51.953] ---- [Flow] CT_START Set
[23:20:38.693] ---- [Flow] CT_STOP Set
[23:20:38.715] ---- [Event] Auto : CT_STOP
[23:20:38.715] --------- [Monitor] StopTasks() : before m_stopped
[23:20:38.748] ---- [Flow] CT_STOP Set
[23:20:38.752] --------- [Monitor] StopTasks() : m_stopped
[23:20:38.752] [m_nState] AutoStop State
[23:20:38.788] ---- [Flow] CT_STOP Set
[23:29:44.135] ---- [Flow] CT_START Set
[23:29:44.156] ---- [Event] AutoStop : CT_START
[23:29:44.156] [m_nState] Auto State
[23:29:44.864] ---- [Flow] CT_START Set
