[06:59:17.832] ---- [Flow] CT_START Set
[06:59:17.853] ---- [Event] AutoStop : CT_START
[06:59:17.853] [m_nState] Auto State
[06:59:18.478] ---- [Flow] CT_START Set
[07:27:52.698] ---- [Flow] CT_START Set
[07:27:53.738] ---- [Flow] CT_START Set
[07:35:02.817] ---- [Flow] CT_START Set
[07:35:03.085] ---- [Flow] CT_START Set
[07:35:03.909] ---- [Flow] CT_START Set
[08:17:48.874] ---- [Flow] CT_START Set
[08:17:49.885] ---- [Flow] CT_START Set
[09:23:45.761] ---- [Flow] CT_START Set
[09:23:47.080] ---- [Flow] CT_START Set
[09:28:33.564] ---- [Flow] CT_START Set
[09:28:34.979] ---- [Flow] CT_START Set
[10:12:12.999] ---- [Flow] CT_START Set
[10:12:13.634] ---- [Flow] CT_START Set
[10:12:17.294] ---- [Flow] CT_START Set
[12:25:40.478] ---- [Flow] CT_START Set
[12:25:41.357] ---- [Flow] CT_START Set
[12:29:49.857] ---- [Flow] CT_START Set
[12:29:50.193] ---- [Flow] CT_START Set
[12:29:50.978] ---- [Flow] CT_START Set
[12:29:59.458] ---- [Flow] CT_START Set
[12:30:01.067] ---- [Flow] CT_START Set
[12:30:03.573] ---- [Flow] CT_START Set
[12:30:04.885] ---- [Flow] CT_START Set
[12:30:17.950] ---- [Flow] CT_START Set
[12:30:19.302] ---- [Flow] CT_START Set
[12:30:24.109] ---- [Flow] CT_START Set
[12:30:37.353] ---- [Flow] CT_START Set
[12:30:37.940] ---- [Flow] CT_START Set
[12:30:38.254] ---- [Flow] CT_START Set
[12:39:32.362] ---- [Flow] CT_START Set
[12:39:35.728] ---- [Flow] CT_START Set
[13:00:24.093] ---- [Flow] CT_START Set
[13:00:29.002] ---- [Flow] CT_START Set
[13:01:11.311] ---- [Flow] CT_START Set
[13:06:08.279] ---- [Flow] CT_START Set
[13:07:27.035] ---- [Flow] CT_START Set
[13:07:30.322] ---- [Flow] CT_START Set
[13:08:02.849] ---- [Flow] CT_START Set
[13:08:03.688] ---- [Flow] CT_START Set
[13:15:37.921] ---- [Flow] CT_START Set
[13:15:38.989] ---- [Flow] CT_START Set
[13:16:08.696] ---- [Flow] CT_START Set
[13:16:09.491] ---- [Flow] CT_START Set
[13:16:11.035] ---- [Flow] CT_START Set
[13:18:41.420] ---- [Flow] CT_START Set
[13:23:10.004] ---- [Flow] CT_START Set
[13:23:10.970] ---- [Flow] CT_START Set
[13:23:25.751] ---- [Flow] CT_START Set
[13:23:26.311] ---- [Flow] CT_START Set
[13:23:28.256] ---- [Flow] CT_START Set
[13:23:59.616] ---- [Flow] CT_START Set
[13:24:00.476] ---- [Flow] CT_START Set
[13:31:20.455] ---- [Flow] CT_START Set
[13:31:21.449] ---- [Flow] CT_START Set
[13:32:35.251] ---- [Flow] CT_START Set
[13:32:36.715] ---- [Flow] CT_START Set
[13:33:32.401] ---- [Flow] CT_START Set
[13:33:33.460] ---- [Flow] CT_START Set
[13:45:44.838] ---- [Flow] CT_START Set
[13:45:45.839] ---- [Flow] CT_START Set
[13:46:29.815] ---- [Flow] CT_START Set
[13:46:31.089] ---- [Flow] CT_START Set
[13:47:29.207] ---- [Flow] CT_START Set
[13:47:33.064] ---- [Flow] CT_START Set
[13:47:34.298] ---- [Flow] CT_START Set
[13:48:36.003] ---- [Flow] CT_START Set
[13:48:36.686] ---- [Flow] CT_START Set
[13:48:38.426] ---- [Flow] CT_START Set
[13:55:55.078] ---- [Flow] CT_START Set
[13:55:56.384] ---- [Flow] CT_START Set
[13:56:43.297] ---- [Flow] CT_START Set
[13:56:44.018] ---- [Flow] CT_START Set
[13:56:46.478] ---- [Flow] CT_START Set
[13:56:49.090] ---- [Flow] CT_START Set
[13:57:02.716] ---- [Flow] CT_START Set
[13:57:03.639] ---- [Flow] CT_START Set
[14:04:09.166] ---- [Flow] CT_START Set
[14:04:09.925] ---- [Flow] CT_START Set
[14:04:11.636] ---- [Flow] CT_START Set
[14:04:53.202] ---- [Flow] CT_START Set
[14:05:01.770] ---- [Flow] CT_START Set
[14:05:07.733] ---- [Flow] CT_START Set
[14:10:50.456] ---- [Flow] CT_START Set
[14:11:03.989] ---- [Flow] CT_START Set
[14:13:59.019] ---- [Flow] CT_START Set
[14:14:00.003] ---- [Flow] CT_START Set
[14:22:53.307] ---- [Flow] CT_START Set
[14:22:54.464] ---- [Flow] CT_START Set
[14:25:03.864] ---- [Flow] CT_START Set
[14:25:04.782] ---- [Flow] CT_START Set
[14:27:45.929] ---- [Flow] CT_START Set
[14:27:47.226] ---- [Flow] CT_START Set
[14:29:34.138] ---- [Flow] CT_START Set
[14:31:50.657] ---- [Flow] CT_START Set
[14:32:00.439] ---- [Flow] CT_STOP Set
[14:32:00.460] ---- [Event] Auto : CT_STOP
[14:32:00.460] --------- [Monitor] StopTasks() : before m_stopped
[14:32:00.478] --------- [Monitor] StopTasks() : m_stopped
[14:32:00.478] [m_nState] AutoStop State
[14:32:46.882] ---- [Flow] CT_START Set
[14:32:46.904] ---- [Event] AutoStop : CT_START
[14:32:46.904] [m_nState] Auto State
[14:32:47.822] ---- [Flow] CT_START Set
[14:33:06.936] ---- [Flow] CT_START Set
[14:33:07.843] ---- [Flow] CT_START Set
[14:33:21.736] ---- [Flow] CT_START Set
[14:33:22.476] ---- [Flow] CT_START Set
[14:33:23.556] ---- [Flow] CT_START Set
[14:33:44.607] ---- [Flow] CT_START Set
[14:33:45.735] ---- [Flow] CT_START Set
[14:37:46.316] ---- [Flow] CT_START Set
[14:37:47.301] ---- [Flow] CT_START Set
[14:38:13.815] ---- [Flow] CT_START Set
[14:38:15.332] ---- [Flow] CT_START Set
[14:38:39.267] ---- [Flow] CT_START Set
[14:38:40.517] ---- [Flow] CT_START Set
[14:44:14.557] ---- [Flow] CT_START Set
[14:44:15.557] ---- [Flow] CT_START Set
[14:49:00.589] ---- [Flow] CT_START Set
[14:49:01.394] ---- [Flow] CT_START Set
[14:56:24.463] ---- [Flow] CT_START Set
[14:56:25.877] ---- [Flow] CT_START Set
[15:11:58.622] ---- [Flow] CT_START Set
[15:11:59.550] ---- [Flow] CT_START Set
[15:15:12.963] ---- [Flow] CT_START Set
[15:15:13.876] ---- [Flow] CT_START Set
[15:18:17.302] ---- [Flow] CT_START Set
[15:18:18.140] ---- [Flow] CT_START Set
[15:18:33.393] ---- [Flow] CT_START Set
[15:18:34.789] ---- [Flow] CT_START Set
[15:19:55.347] ---- [Flow] CT_START Set
[15:19:56.477] ---- [Flow] CT_START Set
[15:28:15.359] ---- [Flow] CT_START Set
[15:28:16.126] ---- [Flow] CT_START Set
[15:28:17.565] ---- [Flow] CT_START Set
[15:28:45.687] ---- [Flow] CT_START Set
[15:28:46.787] ---- [Flow] CT_START Set
[15:28:48.568] ---- [Flow] CT_START Set
[15:28:51.541] ---- [Flow] CT_START Set
[15:28:51.872] ---- [Flow] CT_START Set
[15:37:57.127] ---- [Flow] CT_START Set
[15:37:58.418] ---- [Flow] CT_START Set
[15:38:25.600] ---- [Flow] CT_START Set
[15:38:26.454] ---- [Flow] CT_START Set
[15:44:24.795] ---- [Flow] CT_START Set
[15:44:25.968] ---- [Flow] CT_START Set
[15:45:41.164] ---- [Flow] CT_START Set
[15:45:41.997] ---- [Flow] CT_START Set
[15:47:03.481] ---- [Flow] CT_START Set
[15:47:04.331] ---- [Flow] CT_START Set
[15:47:30.970] ---- [Flow] CT_START Set
[15:47:32.097] ---- [Flow] CT_START Set
[15:55:49.161] ---- [Flow] CT_START Set
[15:55:51.132] ---- [Flow] CT_START Set
[16:02:57.286] ---- [Flow] CT_START Set
[16:02:58.174] ---- [Flow] CT_START Set
[16:03:25.900] ---- [Flow] CT_START Set
[16:03:26.617] ---- [Flow] CT_START Set
[16:03:28.904] ---- [Flow] CT_START Set
[16:03:48.270] ---- [Flow] CT_START Set
[16:03:49.002] ---- [Flow] CT_START Set
[16:03:50.145] ---- [Flow] CT_START Set
[16:04:07.702] ---- [Flow] CT_START Set
[16:04:08.150] ---- [Flow] CT_START Set
[16:04:08.398] ---- [Flow] CT_START Set
[16:07:01.295] ---- [Flow] CT_STOP Set
[16:07:01.317] ---- [Event] Auto : CT_STOP
[16:07:01.317] --------- [Monitor] StopTasks() : before m_stopped
[16:07:01.317] --------- [Monitor] StopTasks() : m_stopped
[16:07:01.317] [m_nState] AutoStop State
[16:07:01.332] ---- [Flow] CT_STOP Set
[16:07:12.401] ---- [Flow] CT_START Set
[16:07:12.422] ---- [Event] AutoStop : CT_START
[16:07:12.422] [m_nState] Auto State
[16:07:13.264] ---- [Flow] CT_START Set
[16:09:27.325] ---- [Flow] CT_STOP Set
[16:09:27.347] ---- [Event] Auto : CT_STOP
[16:09:27.347] --------- [Monitor] StopTasks() : before m_stopped
[16:09:27.429] --------- [Monitor] StopTasks() : m_stopped
[16:09:27.429] [m_nState] AutoStop State
[19:21:56.110] ---- [Flow] CT_START Set
[19:21:56.131] ---- [Event] AutoStop : CT_START
[19:21:56.131] [m_nState] Auto State
[19:22:00.060] ---- [Flow] CT_START Set
[19:33:26.777] ---- [Flow] CT_START Set
[19:33:28.550] ---- [Flow] CT_START Set
[19:33:32.803] ---- [Flow] CT_START Set
[19:33:51.324] ---- [Flow] CT_START Set
[19:33:52.591] ---- [Flow] CT_START Set
[19:35:27.643] ---- [Flow] CT_START Set
[19:35:36.449] ---- [Flow] CT_START Set
[19:41:45.506] ---- [Flow] CT_START Set
[19:41:47.127] ---- [Flow] CT_START Set
[19:42:01.417] ---- [Flow] CT_START Set
[19:42:04.545] ---- [Flow] CT_START Set
[19:42:54.120] ---- [Flow] CT_START Set
[19:42:56.148] ---- [Flow] CT_START Set
[20:13:35.705] ---- [Flow] CT_START Set
[20:13:37.458] ---- [Flow] CT_START Set
[20:21:42.046] ---- [Flow] CT_START Set
[20:21:42.627] ---- [Flow] CT_START Set
[20:21:43.308] ---- [Flow] CT_START Set
[20:22:38.635] ---- [Flow] CT_START Set
[20:22:39.327] ---- [Flow] CT_START Set
[20:22:41.068] ---- [Flow] CT_START Set
[20:29:49.531] ---- [Flow] CT_START Set
[20:29:49.889] ---- [Flow] CT_START Set
[20:29:52.736] ---- [Flow] CT_START Set
[20:29:53.023] ---- [Flow] CT_START Set
[20:30:02.703] ---- [Flow] CT_START Set
[20:30:03.295] ---- [Flow] CT_START Set
[20:30:03.725] ---- [Flow] CT_START Set
[20:30:21.511] ---- [Flow] CT_START Set
[21:56:56.158] ---- [Flow] CT_STOP Set
[21:56:56.179] ---- [Event] Auto : CT_STOP
[21:56:56.179] --------- [Monitor] StopTasks() : before m_stopped
[21:56:56.223] --------- [Monitor] StopTasks() : m_stopped
[21:56:56.224] [m_nState] AutoStop State
[22:15:00.745] ---- [Flow] CT_START Set
[22:15:00.766] ---- [Event] AutoStop : CT_START
[22:15:00.766] [m_nState] Auto State
[22:15:01.772] ---- [Flow] CT_START Set
[22:30:06.310] ---- [Flow] CT_STOP Set
[22:30:06.332] ---- [Event] Auto : CT_STOP
[22:30:06.332] --------- [Monitor] StopTasks() : before m_stopped
[22:30:06.365] --------- [Monitor] StopTasks() : m_stopped
[22:30:06.365] [m_nState] AutoStop State
[22:31:37.335] ---- [Flow] CT_START Set
[22:31:37.358] ---- [Event] AutoStop : CT_START
[22:31:37.358] [m_nState] Auto State
[23:14:04.545] ---- [Flow] CT_STOP Set
[23:14:04.567] ---- [Event] Auto : CT_STOP
[23:14:04.567] --------- [Monitor] StopTasks() : before m_stopped
[23:14:04.570] --------- [Monitor] StopTasks() : m_stopped
[23:14:04.570] [m_nState] AutoStop State
[23:14:04.583] ---- [Flow] CT_STOP Set
[23:14:04.615] ---- [Flow] CT_STOP Set
[23:14:04.647] ---- [Flow] CT_STOP Set
[23:14:07.132] ---- [Flow] CT_START Set
[23:14:07.154] ---- [Event] AutoStop : CT_START
[23:14:07.154] [m_nState] Auto State
[23:14:08.174] ---- [Flow] CT_START Set
[23:54:52.635] ---- [Flow] CT_STOP Set
[23:54:52.657] ---- [Event] Auto : CT_STOP
[23:54:52.657] --------- [Monitor] StopTasks() : before m_stopped
[23:54:52.738] --------- [Monitor] StopTasks() : m_stopped
[23:54:52.738] [m_nState] AutoStop State
