[05:14:36.815] ---- [Flow] CT_START Set
[05:14:36.838] ---- [Event] AutoStop : CT_START
[05:14:36.839] [m_nState] Auto State
[05:14:37.566] ---- [Flow] CT_START Set
[05:26:21.858] ---- [Flow] CT_STOP Set
[05:26:21.880] ---- [Event] Auto : CT_STOP
[05:26:21.881] --------- [Monitor] StopTasks() : before m_stopped
[05:26:21.929] --------- [Monitor] StopTasks() : m_stopped
[05:26:21.930] [m_nState] AutoStop State
[06:01:48.083] ---- [Flow] CT_START Set
[06:01:48.105] ---- [Event] AutoStop : CT_START
[06:01:48.106] [m_nState] Auto State
[06:01:48.765] ---- [Flow] CT_START Set
[06:30:52.881] ---- [Flow] CT_START Set
[06:39:23.482] ---- [Flow] CT_START Set
[06:54:22.552] ---- [Flow] CT_STOP Set
[06:54:22.575] ---- [Event] Auto : CT_STOP
[06:54:22.576] --------- [Monitor] StopTasks() : before m_stopped
[06:54:22.645] --------- [Monitor] StopTasks() : m_stopped
[06:54:22.646] [m_nState] AutoStop State
[07:06:03.791] ---- [Flow] CT_START Set
[07:06:03.814] ---- [Event] AutoStop : CT_START
[07:06:03.815] [m_nState] Auto State
[07:06:05.028] ---- [Flow] CT_START Set
[10:32:45.768] ---- [Flow] CT_START Set
[10:33:35.071] ---- [Flow] CT_START Set
[10:33:49.986] ---- [Flow] CT_START Set
[10:34:01.818] ---- [Flow] CT_START Set
[16:20:32.645] ---- [Flow] CT_START Set
[16:42:14.066] ---- [Flow] CT_START Set
[16:47:07.378] ---- [Flow] CT_START Set
[16:47:14.736] ---- [Flow] CT_START Set
[16:51:52.430] ---- [Flow] CT_START Set
[17:00:58.647] ---- [Flow] CT_START Set
[17:01:12.583] ---- [Flow] CT_START Set
[19:24:00.940] ---- [Flow] CT_START Set
[19:24:27.647] ---- [Flow] CT_START Set
[20:12:35.949] ---- [Flow] CT_STOP Set
[20:12:35.971] ---- [Event] Auto : CT_STOP
[20:12:35.972] --------- [Monitor] StopTasks() : before m_stopped
[20:12:36.013] --------- [Monitor] StopTasks() : m_stopped
[20:12:36.014] [m_nState] AutoStop State
[20:25:27.765] ---- [Flow] CT_START Set
[20:25:27.788] ---- [Event] AutoStop : CT_START
[20:25:27.789] [m_nState] Auto State
[20:27:33.832] ---- [Flow] CT_STOP Set
[20:27:33.854] ---- [Event] Auto : CT_STOP
[20:27:33.855] --------- [Monitor] StopTasks() : before m_stopped
[20:27:33.898] --------- [Monitor] StopTasks() : m_stopped
[20:27:33.899] [m_nState] AutoStop State
[21:06:54.313] ---- [Flow] CT_START Set
[21:06:54.335] ---- [Event] AutoStop : CT_START
[21:06:54.336] [m_nState] Auto State
[21:06:55.080] ---- [Flow] CT_START Set
[21:12:33.838] ---- [Flow] CT_STOP Set
[21:12:33.861] ---- [Event] Auto : CT_STOP
[21:12:33.862] --------- [Monitor] StopTasks() : before m_stopped
[21:12:33.918] --------- [Monitor] StopTasks() : m_stopped
[21:12:33.919] [m_nState] AutoStop State
