[00:01:45.640] ---- [Flow] CT_START Set
[00:10:52.734] ---- [Flow] CT_START Set
[00:10:54.760] ---- [Flow] CT_START Set
[01:00:41.287] ---- [Flow] CT_START Set
[01:00:41.534] ---- [Flow] CT_START Set
[01:04:08.254] ---- [Flow] CT_START Set
[01:20:15.379] ---- [Flow] CT_STOP Set
[01:20:15.400] ---- [Event] Auto : CT_STOP
[01:20:15.400] --------- [Monitor] StopTasks() : before m_stopped
[01:20:15.437] --------- [Monitor] StopTasks() : m_stopped
[01:20:15.437] [m_nState] AutoStop State
[01:29:27.783] ---- [Flow] CT_START Set
[01:29:27.804] ---- [Event] AutoStop : CT_START
[01:29:27.804] [m_nState] Auto State
[01:56:27.944] ---- [Flow] CT_STOP Set
[01:56:27.967] ---- [Event] Auto : CT_STOP
[01:56:27.967] --------- [Monitor] StopTasks() : before m_stopped
[01:56:27.970] --------- [Monitor] StopTasks() : m_stopped
[01:56:27.970] [m_nState] AutoStop State
[01:56:27.982] ---- [Flow] CT_STOP Set
[01:56:28.512] ---- [Flow] CT_STOP Set
[01:56:28.545] ---- [Flow] CT_STOP Set
[01:56:28.583] ---- [Flow] CT_STOP Set
[01:56:28.620] ---- [Flow] CT_STOP Set
[01:56:28.705] ---- [Flow] CT_STOP Set
[01:56:28.747] ---- [Flow] CT_STOP Set
[01:56:38.888] ---- [Flow] CT_START Set
[01:56:38.911] ---- [Event] AutoStop : CT_START
[01:56:38.911] [m_nState] Auto State
[01:56:42.512] ---- [Flow] CT_START Set
[02:20:56.666] ---- [Flow] CT_STOP Set
[02:20:56.687] ---- [Event] Auto : CT_STOP
[02:20:56.687] --------- [Monitor] StopTasks() : before m_stopped
[02:20:56.689] --------- [Monitor] StopTasks() : m_stopped
[02:20:56.689] [m_nState] AutoStop State
[02:20:56.702] ---- [Flow] CT_STOP Set
[02:20:56.735] ---- [Flow] CT_STOP Set
[02:20:56.768] ---- [Flow] CT_STOP Set
[02:20:57.422] ---- [Flow] CT_STOP Set
[02:20:57.460] ---- [Flow] CT_STOP Set
[02:20:57.493] ---- [Flow] CT_STOP Set
[02:20:57.646] ---- [Flow] CT_STOP Set
[02:20:58.043] ---- [Flow] CT_STOP Set
[02:20:58.076] ---- [Flow] CT_STOP Set
[02:20:58.108] ---- [Flow] CT_STOP Set
[02:20:58.145] ---- [Flow] CT_STOP Set
[02:20:58.179] ---- [Flow] CT_STOP Set
[02:20:58.221] ---- [Flow] CT_STOP Set
[02:20:58.255] ---- [Flow] CT_STOP Set
[02:21:13.759] ---- [Flow] CT_START Set
[02:21:13.780] ---- [Event] AutoStop : CT_START
[02:21:13.780] [m_nState] Auto State
[02:21:18.792] ---- [Flow] CT_START Set
[02:22:11.117] ---- [Flow] CT_STOP Set
[02:22:11.138] ---- [Event] Auto : CT_STOP
[02:22:11.138] --------- [Monitor] StopTasks() : before m_stopped
[02:22:11.146] --------- [Monitor] StopTasks() : m_stopped
[02:22:11.146] [m_nState] AutoStop State
[02:22:11.158] ---- [Flow] CT_STOP Set
[02:22:11.707] ---- [Flow] CT_STOP Set
[02:22:11.744] ---- [Flow] CT_STOP Set
[02:22:11.781] ---- [Flow] CT_STOP Set
[02:22:11.814] ---- [Flow] CT_STOP Set
[02:22:11.850] ---- [Flow] CT_STOP Set
[02:22:11.884] ---- [Flow] CT_STOP Set
[02:22:11.925] ---- [Flow] CT_STOP Set
[02:22:12.426] ---- [Flow] CT_STOP Set
[02:22:12.458] ---- [Flow] CT_STOP Set
[02:22:12.495] ---- [Flow] CT_STOP Set
[02:22:12.643] ---- [Flow] CT_STOP Set
[02:22:13.306] ---- [Flow] CT_STOP Set
[02:22:13.340] ---- [Flow] CT_STOP Set
[02:22:13.372] ---- [Flow] CT_STOP Set
[02:22:14.067] ---- [Flow] CT_STOP Set
[02:22:14.109] ---- [Flow] CT_STOP Set
[02:22:48.072] ---- [Flow] CT_START Set
[02:22:48.094] ---- [Event] AutoStop : CT_START
[02:22:48.094] [m_nState] Auto State
[02:22:50.062] ---- [Flow] CT_START Set
[02:23:45.786] ---- [Flow] CT_STOP Set
[02:23:45.807] ---- [Event] Auto : CT_STOP
[02:23:45.807] --------- [Monitor] StopTasks() : before m_stopped
[02:23:45.815] --------- [Monitor] StopTasks() : m_stopped
[02:23:45.815] [m_nState] AutoStop State
[02:23:45.827] ---- [Flow] CT_STOP Set
[02:23:45.860] ---- [Flow] CT_STOP Set
[02:23:46.515] ---- [Flow] CT_STOP Set
[02:23:46.553] ---- [Flow] CT_STOP Set
[02:23:46.587] ---- [Flow] CT_STOP Set
[02:23:46.627] ---- [Flow] CT_STOP Set
[02:24:02.749] ---- [Flow] CT_START Set
[02:24:02.770] ---- [Event] AutoStop : CT_START
[02:24:02.770] [m_nState] Auto State
[02:24:04.465] ---- [Flow] CT_START Set
[02:33:58.689] ---- [Flow] CT_START Set
[02:34:40.873] ---- [Flow] CT_START Set
[02:34:41.841] ---- [Flow] CT_START Set
[02:40:39.674] ---- [Flow] CT_START Set
[02:50:44.295] ---- [Flow] CT_START Set
[03:18:45.221] ---- [Flow] CT_START Set
[03:18:55.711] ---- [Flow] CT_START Set
[04:30:41.330] ---- [Flow] CT_STOP Set
[04:30:41.351] ---- [Event] Auto : CT_STOP
[04:30:41.351] --------- [Monitor] StopTasks() : before m_stopped
[04:30:41.413] --------- [Monitor] StopTasks() : m_stopped
[04:30:41.414] [m_nState] AutoStop State
[04:30:41.443] ---- [Flow] CT_STOP Set
[05:11:08.148] ---- [Flow] CT_START Set
[05:11:08.170] ---- [Event] AutoStop : CT_START
[05:11:08.170] [m_nState] Auto State
[05:12:58.073] ---- [Flow] CT_START Set
[06:04:48.694] ---- [Flow] CT_STOP Set
[06:04:48.716] ---- [Event] Auto : CT_STOP
[06:04:48.716] --------- [Monitor] StopTasks() : before m_stopped
[06:04:48.749] --------- [Monitor] StopTasks() : m_stopped
[06:04:48.749] [m_nState] AutoStop State
[06:04:48.942] ---- [Flow] CT_STOP Set
[06:04:48.974] ---- [Flow] CT_STOP Set
[20:41:31.422] ---- [Flow] CT_START Set
[20:41:31.443] ---- [Event] AutoStop : CT_START
[20:41:31.443] [m_nState] Auto State
[20:42:54.188] ---- [Flow] CT_START Set
[20:51:27.833] ---- [Flow] CT_STOP Set
[20:51:27.854] ---- [Event] Auto : CT_STOP
[20:51:27.854] --------- [Monitor] StopTasks() : before m_stopped
[20:51:28.001] ---- [Flow] CT_STOP Set
[20:51:28.052] ---- [Flow] CT_STOP Set
[20:51:28.099] ---- [Flow] CT_STOP Set
[20:51:28.196] --------- [Monitor] StopTasks() : m_stopped
[20:51:28.196] [m_nState] AutoStop State
[20:56:03.499] ---- [Flow] CT_START Set
[20:56:03.520] ---- [Event] AutoStop : CT_START
[20:56:03.520] [m_nState] Auto State
[20:56:04.410] ---- [Flow] CT_START Set
[22:14:15.197] ---- [Flow] CT_START Set
[22:14:45.951] ---- [Flow] CT_START Set
[22:18:51.823] ---- [Flow] CT_START Set
[22:35:03.085] ---- [Flow] CT_START Set
[22:35:24.826] ---- [Flow] CT_START Set
[22:35:24.915] ---- [Flow] CT_START Set
[22:40:45.694] ---- [Flow] CT_START Set
[22:47:33.797] ---- [Flow] CT_START Set
[22:57:09.690] ---- [Flow] CT_START Set
[22:57:20.421] ---- [Flow] CT_START Set
[23:20:13.254] ---- [Flow] CT_STOP Set
[23:20:13.275] ---- [Event] Auto : CT_STOP
[23:20:13.275] --------- [Monitor] StopTasks() : before m_stopped
[23:20:13.323] --------- [Monitor] StopTasks() : m_stopped
[23:20:13.323] [m_nState] AutoStop State
[23:28:37.218] ---- [Flow] CT_START Set
[23:28:37.239] ---- [Event] AutoStop : CT_START
[23:28:37.239] [m_nState] Auto State
[23:28:38.098] ---- [Flow] CT_START Set
