[00:03:51.608] [LeftTransferStation] Vacuum Error
[00:04:02.954] [LeftTransferStation] Vacuum Error
[00:09:18.640] [LeftTransferStation] Vacuum Error
[00:15:35.079] [RightPPStation] Load Cylinder Vacuum Error
[00:16:48.774] [LeftTransferStation] Vacuum Error
[00:17:03.016] [LeftTransferStation] Vacuum Error
[00:24:42.240] [LeftTransferStation] Vacuum Error
[00:41:00.697] [RightPPStation] Load Cylinder Vacuum Error
[00:43:12.816] [RightTransferStation] Vacuum Error
[00:43:26.050] [RightTransferStation] Vacuum Error
[00:52:40.004] [LeftTransferStation] Vacuum Error
[01:17:30.261] [RightTransferStation] Vacuum Error
[01:46:45.597] [RightTransferStation] Vacuum Error
[02:08:03.543] [LeftTransferStation] Vacuum Error
[02:08:22.022] [LeftTransferStation] Vacuum Error
[02:38:52.931] [RightTransferStation] Vacuum Error
[02:39:15.384] [RightTransferStation] Vacuum Error
[02:39:31.691] [RightPPStation] Load Cylinder Up Error
[02:39:38.493] [RightPPStation] Load Cylinder Vacuum Error
[02:39:59.825] [RightPPStation] Load Cylinder Vacuum Error
[02:40:10.111] [RightPPStation] Load Cylinder Vacuum Error
[02:45:48.318] [RightPPStation] Load Buffer Set Exist
[02:50:34.035] [RightPPStation] Load Buffer Set Exist
[02:50:40.745] [RightPPStation] Load Buffer Set Exist
[02:50:49.913] [RightPPStation] Load Buffer Set Exist
[02:51:05.467] [RightPPStation] Load Buffer Set Exist
[02:51:48.838] [RightTransferStation] Vacuum Error
[03:08:53.078] [MainControlStation] Right Door Open
[03:09:34.540] [RightTransferStation] Vacuum Error
[03:09:47.399] [RightTransferStation] Vacuum Error
[04:43:53.801] [RightPPStation] Load Cylinder Vacuum Error
[05:16:48.641] [LeftTransferStation] Vacuum Error
[05:16:59.369] [LeftTransferStation] Vacuum Error
[06:06:41.405] [RightTransferStation] Vacuum Error
[06:06:54.772] [RightTransferStation] Vacuum Error
[08:55:23.424] [LeftPPStation] Load Cylinder Vacuum Error
[08:55:46.252] [LeftTransferStation] Vacuum Error
[08:56:26.156] [RightTransferStation] Vacuum Error
[09:18:31.497] [MainControlStation] Left Door Open
[09:30:32.901] [RightTransferStation] Vacuum Error
[09:36:46.243] [RightTransferStation] Vacuum Error
[09:38:38.391] [MainControlStation] Right Door Open
[10:06:10.992] [RightTransferStation] Vacuum Error
[11:09:39.866] [RightPPStation] Load Cylinder Vacuum Error
[11:09:53.351] [RightPPStation] Load Cylinder Vacuum Error
[11:09:59.949] [RightPPStation] Load Cylinder Vacuum Error
[11:18:03.516] [LeftPPStation] Load Cylinder Up Error
[11:18:11.907] [LeftPPStation] Load Cylinder Vacuum Error
[11:24:27.450] [RightPPStation] Load Cylinder Up Error
[11:24:31.546] [RightPPStation] Load Cylinder Vacuum Error
[11:43:39.848] [RightTransferStation] Vacuum Error
[11:47:16.562] [RightTransferStation] Vacuum Error
[11:47:35.663] [RightTransferStation] Vacuum Error
[12:08:12.707] [LeftTransferStation] Vacuum Error
[13:46:02.157] [RightTransferStation] Vacuum Error
[13:46:20.217] [RightTransferStation] Vacuum Error
[14:09:08.861] [RightTransferStation] Vacuum Error
[14:23:16.403] [LeftPPStation] Load Cylinder Vacuum Error
[15:35:11.840] [LeftTransferStation] Vacuum Error
[16:29:42.352] [LeftTransferStation] Vacuum Error
[16:56:22.090] [RightTransferStation] Vacuum Error
[16:56:39.579] [RightTransferStation] Vacuum Error
[18:08:45.931] [RightPPStation] Load Cylinder Vacuum Error
[18:10:49.235] [LeftTransferStation] Vacuum Error
[18:23:16.357] [RightPPStation] Load Cylinder Vacuum Error
[18:23:47.644] [RightPPStation] Load Cylinder Vacuum Error
[18:23:57.742] [RightPPStation] Load Cylinder Vacuum Error
[18:24:04.318] [RightPPStation] Load Cylinder Vacuum Error
[18:24:19.321] [RightPPStation] Load Cylinder Vacuum Error
[18:24:33.710] [RightPPStation] Load Cylinder Vacuum Error
[18:24:44.101] [RightPPStation] Load Cylinder Up Error
[18:24:49.499] [RightPPStation] Load Cylinder Up Error
[18:25:10.638] [RightPPStation] Load Cylinder Up Error
[18:25:19.896] [RightPPStation] Load Cylinder Up Error
[18:26:00.821] [RightPPStation] Load Cylinder Up Error
[18:26:12.992] [RightPPStation] Load Cylinder Up Error
[18:26:18.454] [RightPPStation] Load Cylinder Up Error
[18:27:27.495] [RightPPStation] Load Cylinder Up Error
[19:13:43.022] [MainControlStation] Right Door Open
[19:17:14.898] [RightTransferStation] Vacuum Error
[19:23:58.012] [LeftTransferStation] Vacuum Error
[19:41:30.050] [LeftTransferStation] Vacuum Error
[19:42:27.781] [LeftTransferStation] Vacuum Error
[20:54:09.051] [MainControlStation] Left Door Open
[21:02:16.274] [MainControlStation] Right Door Open
[21:06:10.631] [RightPPStation] Load Buffer Set Exist
[21:06:14.750] [RightPPStation] Load Buffer Set Exist
[21:06:18.039] [RightPPStation] Load Buffer Set Exist
[21:06:24.801] [RightPPStation] Load Buffer Set Exist
[21:06:41.991] [RightPPStation] Load Buffer Set Exist
[21:07:09.183] [RightTransferStation] Vacuum Error
[21:21:03.385] [RightTransferStation] Vacuum Error
[21:21:20.391] [RightTransferStation] Vacuum Error
[21:36:47.282] [RightTransferStation] Vacuum Error
[21:36:57.229] [RightTransferStation] Vacuum Error
[22:00:55.854] [LeftTransferStation] Vacuum Error
[22:01:11.468] [LeftTransferStation] Vacuum Error
[22:36:25.828] [LeftPPStation] Load Cylinder Vacuum Error
[22:36:47.702] [RightTransferStation] Vacuum Error
[22:36:56.470] [MainControlStation] Right Door Open
[23:07:02.272] [RightTransferStation] Vacuum Error
[23:07:08.805] [MainControlStation] Right Door Open
[23:07:16.713] [RightTransferStation] Vacuum Error
[23:36:01.115] [RightTransferStation] Vacuum Error
