[05:45:49.915] [LeftPPStation] Load Cylinder Vacuum Error
[05:46:02.847] [LeftPPStation] Load Cylinder Vacuum Error
[05:46:10.391] [LeftPPStation] Load Cylinder Vacuum Error
[05:47:05.364] [LeftPPStation] Load Cylinder Vacuum Error
[05:52:03.608] [MainControlStation] Left Door Open
[05:58:41.174] [LeftTransferStation] Set Double Place
[08:56:40.582] [RightTransferStation] Vacuum Error
[08:56:50.958] [RightTransferStation] Vacuum Error
[08:58:25.813] [MainControlStation] Right Door Open
[09:39:47.224] [MainControlStation] Right Door Open
[09:41:34.815] [RightTransferStation] Vacuum Error
[09:41:48.392] [RightTransferStation] Vacuum Error
[09:41:58.813] [RightTransferStation] Vacuum Error
[09:42:09.082] [RightTransferStation] Vacuum Error
[11:59:25.304] [RightPPStation] Unload Cylinder Vacuum Error
[12:19:02.105] [LeftTransferStation] Vacuum Error
[12:29:20.513] [LeftTransferStation] Vacuum Error
[12:49:16.140] [LeftTransferStation] Vacuum Error
[13:02:58.476] [LeftTransferStation] Vacuum Error
[13:10:50.026] [LeftTransferStation] Vacuum Error
[13:12:36.652] [LeftTransferStation] Vacuum Error
[13:12:46.817] [LeftTransferStation] Vacuum Error
[13:13:06.105] [LeftTransferStation] Vacuum Error
[13:13:15.255] [LeftTransferStation] Vacuum Error
[13:13:36.478] [LeftTransferStation] Vacuum Error
[13:13:46.186] [LeftTransferStation] Vacuum Error
[13:14:55.864] [LeftTransferStation] Vacuum Error
[13:15:07.619] [LeftTransferStation] Vacuum Error
[13:17:47.569] [MainControlStation] Right Door Open
[13:18:29.452] [RightTransferStation] Vacuum Error
[13:18:41.073] [RightTransferStation] Vacuum Error
[13:19:04.409] [LeftTransferStation] Vacuum Error
[13:25:04.182] [LeftTransferStation] Vacuum Error
[13:26:11.170] [RightTransferStation] Vacuum Error
[13:26:29.356] [RightTransferStation] Vacuum Error
[14:19:51.856] [MainControlStation] Right Door Open
[14:57:37.225] [LeftPPStation] Unload Cylinder Vacuum Error
[15:33:23.308] [RightTransferStation] Vacuum Error
[15:35:51.825] [LeftTransferStation] Vacuum Error
[15:37:00.299] [RightTransferStation] Move Z Axis Error
[15:37:04.545] [RightTransferStation] Move Z Axis Error
[15:49:38.174] [RightTransferStation] Vacuum Error
[17:12:28.406] [MainControlStation] Right Door Open
[17:48:05.100] [RightTransferStation] Move Z Axis Error
[17:58:13.264] [MainControlStation] Right Door Open
[17:58:41.069] [MainControlStation] Right Door Open
[17:58:46.128] [MainControlStation] Right Door Open
[17:59:03.777] [MainControlStation] Right Door Open
[17:59:45.608] [RightTransferStation] Move Z Axis Error
[18:35:53.730] [RightTransferStation] Vacuum Error
