[08:23:06.663] [RightPPStation] Load Cylinder Up Error
[08:23:35.328] [RightTransferStation] Vacuum Error
[08:28:43.699] [RightTransferStation] Move XY Axis Error
[08:28:47.392] [RightTransferStation] Move XY Axis Error
[08:29:09.360] [RightTransferStation] Move XY Axis Error
[08:29:13.014] [RightTransferStation] Move XY Axis Error
[08:29:20.318] [RightTransferStation] Move XY Axis Error
[08:29:21.767] [RightTransferStation] Move XY Axis Error
[08:29:47.409] [RightTransferStation] Move XY Axis Error
[08:30:27.765] [RightTransferStation] Move XY Axis Error
[08:34:52.907] [RightTransferStation] Move Z Axis Error
[08:38:22.970] [RightTransferStation] Move Z Axis Error
[09:16:14.691] [RightPPStation] Unload Cylinder Vacuum Error
[09:45:18.833] [RightPPStation] Load Cylinder Vacuum Error
[09:45:38.267] [RightPPStation] Load Cylinder Up Error
[09:45:45.286] [RightPPStation] Load Cylinder Up Error
[09:46:03.957] [RightTransferStation] Vacuum Error
[09:47:03.159] [RightPPStation] Load Cylinder Up Error
[09:47:18.742] [RightPPStation] Load Cylinder Vacuum Error
[09:47:45.372] [RightPPStation] Load Cylinder Up Error
[09:48:02.661] [RightPPStation] Load Cylinder Vacuum Error
[09:48:16.987] [RightPPStation] Load Cylinder Up Error
[09:48:25.797] [RightPPStation] Load Cylinder Vacuum Error
[09:49:00.215] [RightPPStation] Load Cylinder Vacuum Error
[09:49:18.763] [RightPPStation] Load Cylinder Down Error
[09:49:35.373] [RightPPStation] Load Cylinder Vacuum Error
[09:49:49.012] [RightPPStation] Load Cylinder Up Error
[09:50:09.823] [RightPPStation] Load Cylinder Up Error
[09:50:16.046] [RightPPStation] Load Cylinder Vacuum Error
[09:50:28.588] [RightPPStation] Load Cylinder Down Error
[09:50:35.781] [RightPPStation] Load Cylinder Vacuum Error
[09:50:55.856] [RightPPStation] Load Cylinder Up Error
[09:50:59.236] [RightPPStation] Load Cylinder Vacuum Error
[17:37:15.267] [LeftPPStation] Unload Cylinder Vacuum Error
[17:40:56.893] [LeftPPStation] Unload Cylinder Vacuum Error
[17:43:13.162] [LeftPPStation] Unload Cylinder Vacuum Error
[17:46:37.267] [LeftPPStation] Unload Cylinder Vacuum Error
[17:47:24.659] [LeftPPStation] Unload Cylinder Vacuum Error
[17:50:06.670] [RightTransferStation] Vacuum Error
[17:51:06.481] [LeftPPStation] Unload Cylinder Vacuum Error
[17:52:07.373] [LeftPPStation] Unload Cylinder Vacuum Error
[17:55:54.893] [LeftPPStation] Unload Cylinder Vacuum Error
