[00:24:01.868] [RightTransferStation] Move XY Axis Error
[00:24:18.030] [RightTransferStation] Move XY Axis Error
[02:05:14.528] [LeftTransferStation] Vacuum Error
[02:16:05.130] [RightTransferStation] Move XY Axis Error
[02:16:21.156] [RightTransferStation] Move XY Axis Error
[02:16:34.586] [MainControlStation] Right Door Open
[03:04:46.183] [RightTransferStation] Move XY Axis Error
[03:05:10.021] [RightTransferStation] Move XY Axis Error
[03:58:45.127] [MainControlStation] Right Door Open
[04:44:00.077] [RightTransferStation] Vacuum Error
[04:44:20.967] [MainControlStation] Right Door Open
[04:56:04.430] [RightTransferStation] Vacuum Error
[04:56:15.016] [MainControlStation] Right Door Open
[05:57:58.706] [RightTransferStation] Vacuum Error
[06:20:37.260] [RightTransferStation] Vacuum Error
[07:14:13.686] [RightTransferStation] Move Z Axis Error
[07:17:53.497] [RightTransferStation] Vacuum Error
[07:22:48.285] [LeftTransferStation] Move XY Axis Error
[07:25:05.295] [RightTransferStation] Vacuum Error
[07:28:19.998] [RightTransferStation] Move Z Axis Error
[07:37:03.867] [LeftTransferStation] Move Z Axis Error
[07:41:13.765] [RightTransferStation] Vacuum Error
[07:43:20.630] [RightTransferStation] Vacuum Error
[07:46:12.459] [RightPPStation] Unload Cylinder Vacuum Error
[07:54:50.414] [MainControlStation] Left Door Open
[07:56:53.138] [LeftTransferStation] Vacuum Error
[07:58:31.945] [LeftTransferStation] Vacuum Error
[07:58:54.862] [LeftTransferStation] Vacuum Error
[09:08:13.072] [RightTransferStation] Vacuum Error
[09:33:59.814] [RightTransferStation] Move XY Axis Error
[09:34:09.025] [RightTransferStation] Move XY Axis Error
[10:37:14.177] [RightPPStation] Unload Cylinder Vacuum Error
[10:48:10.022] [RightTransferStation] Vacuum Error
[10:48:24.283] [RightTransferStation] Move Z Axis Error
[10:48:28.044] [RightTransferStation] Move Z Axis Error
[10:48:30.130] [RightTransferStation] Move Z Axis Error
[10:49:23.561] [RightTransferStation] Vacuum Error
[10:49:38.480] [RightTransferStation] Vacuum Error
[10:50:20.218] [RightTransferStation] Move Z Axis Error
[10:50:23.357] [RightTransferStation] Move Z Axis Error
[10:50:25.406] [RightTransferStation] Move Z Axis Error
[10:50:27.401] [RightTransferStation] Move Z Axis Error
[10:51:37.968] [MainControlStation] Right Door Open
[11:28:51.081] [MainControlStation] Right Door Open
[11:29:50.297] [RightTransferStation] Vacuum Error
[11:30:07.099] [RightTransferStation] Vacuum Error
[11:31:36.027] [RightTransferStation] Vacuum Error
[12:55:01.285] [RightTransferStation] Vacuum Error
[12:55:23.648] [RightTransferStation] Vacuum Error
[13:01:40.352] [RightTransferStation] Move XY Axis Error
[13:03:30.398] [RightTransferStation] Move XY Axis Error
[13:28:06.462] [RightTransferStation] Move XY Axis Error
[13:28:25.236] [RightTransferStation] Move XY Axis Error
[14:02:10.591] [LeftTransferStation] Vacuum Error
[14:02:17.029] [MainControlStation] Left Door Open
[14:18:22.734] [RightPPStation] Unload Cylinder Vacuum Error
[14:31:30.475] [RightPPStation] Unload Cylinder Vacuum Error
[14:33:29.684] [RightTransferStation] Vacuum Error
[14:33:37.433] [RightTransferStation] Move Z Axis Error
[14:33:42.571] [RightTransferStation] Move Z Axis Error
[14:33:44.455] [RightTransferStation] Move Z Axis Error
[14:33:52.959] [RightTransferStation] Move Z Axis Error
[14:33:54.963] [RightTransferStation] Move Z Axis Error
[14:33:56.763] [RightTransferStation] Move Z Axis Error
[14:46:33.410] [RightPPStation] Unload Cylinder Vacuum Error
[14:46:48.769] [RightPPStation] Unload Cylinder Vacuum Error
[14:46:57.832] [RightPPStation] Unload Cylinder Vacuum Error
[17:25:15.581] [RightTransferStation] Move XY Axis Error
[17:25:32.411] [RightTransferStation] Move XY Axis Error
[17:32:58.386] [LeftTransferStation] Vacuum Error
[17:33:12.420] [LeftTransferStation] Vacuum Error
[17:36:18.507] [RightTransferStation] Move XY Axis Error
[17:36:43.660] [RightTransferStation] Move XY Axis Error
[17:37:45.403] [RightTransferStation] Move XY Axis Error
[17:39:21.909] [RightTransferStation] Move XY Axis Error
[17:41:06.771] [LeftTransferStation] Vacuum Error
[17:41:24.049] [LeftTransferStation] Vacuum Error
[17:41:41.314] [LeftTransferStation] Move Z Axis Error
[17:42:21.071] [LeftTransferStation] Move Z Axis Error
[17:47:50.455] [RightTransferStation] Move XY Axis Error
[17:48:08.276] [RightTransferStation] Move XY Axis Error
[17:49:53.615] [RightTransferStation] Move XY Axis Error
[17:51:36.208] [RightTransferStation] Move XY Axis Error
[18:01:22.877] [LeftTransferStation] Vacuum Error
[19:17:00.116] [RightPPStation] Unload Cylinder Vacuum Error
[19:18:44.108] [RightPPStation] Unload Cylinder Vacuum Error
[21:16:36.792] [RightTransferStation] Move XY Axis Error
[21:16:57.240] [RightTransferStation] Move XY Axis Error
[21:32:02.008] [MainControlStation] Right Door Open
[21:45:44.164] [RightTransferStation] Move XY Axis Error
[21:46:01.842] [RightTransferStation] Move XY Axis Error
[21:59:14.582] [MainControlStation] Right Door Open
[22:05:53.009] [MainControlStation] Right Door Open
[22:13:09.799] [MainControlStation] Left Door Open
[22:15:40.308] [MainControlStation] Left Door Open
[22:59:02.166] [MainControlStation] Right Door Open
[23:20:06.873] [LeftTransferStation] Vacuum Error
