[01:00:16.192] ---- [Flow] CT_STOP Set
[01:00:16.213] ---- [Event] Auto : CT_STOP
[01:00:16.213] --------- [Monitor] StopTasks() : before m_stopped
[01:00:16.311] --------- [Monitor] StopTasks() : m_stopped
[01:00:16.312] [m_nState] AutoStop State
[01:09:15.656] ---- [Flow] CT_START Set
[01:09:15.677] ---- [Event] AutoStop : CT_START
[01:09:15.677] [m_nState] Auto State
[01:10:11.739] ---- [Flow] CT_STOP Set
[01:10:11.760] ---- [Event] Auto : CT_STOP
[01:10:11.760] --------- [Monitor] StopTasks() : before m_stopped
[01:10:11.772] --------- [Monitor] StopTasks() : m_stopped
[01:10:11.772] [m_nState] AutoStop State
[01:10:13.278] ---- [Flow] CT_START Set
[01:10:13.299] ---- [Event] AutoStop : CT_START
[01:10:13.299] [m_nState] Auto State
[01:10:14.101] ---- [Flow] CT_STOP Set
[01:10:14.122] ---- [Event] Auto : CT_STOP
[01:10:14.122] --------- [Monitor] StopTasks() : before m_stopped
[01:10:14.188] ---- [Flow] CT_STOP Set
[01:10:14.346] --------- [Monitor] StopTasks() : m_stopped
[01:10:14.346] [m_nState] AutoStop State
[01:10:28.711] ---- [Flow] CT_START Set
[01:10:28.733] ---- [Event] AutoStop : CT_START
[01:10:28.733] [m_nState] Auto State
[01:23:22.100] ---- [Flow] CT_STOP Set
[01:23:22.121] ---- [Event] Auto : CT_STOP
[01:23:22.121] --------- [Monitor] StopTasks() : before m_stopped
[01:23:22.278] --------- [Monitor] StopTasks() : m_stopped
[01:23:22.278] [m_nState] AutoStop State
[01:23:25.897] ---- [Flow] CT_START Set
[01:23:25.918] ---- [Event] AutoStop : CT_START
[01:23:25.918] [m_nState] Auto State
[01:23:29.804] ---- [Flow] CT_STOP Set
[01:23:29.826] ---- [Event] Auto : CT_STOP
[01:23:29.826] --------- [Monitor] StopTasks() : before m_stopped
[01:23:29.869] ---- [Flow] CT_STOP Set
[01:23:29.909] ---- [Flow] CT_STOP Set
[01:23:29.951] --------- [Monitor] StopTasks() : m_stopped
[01:23:29.951] [m_nState] AutoStop State
[01:23:32.540] ---- [Flow] CT_START Set
[01:23:32.562] ---- [Event] AutoStop : CT_START
[01:23:32.562] [m_nState] Auto State
[01:23:41.303] ---- [Flow] CT_START Set
[01:25:01.812] ---- [Flow] CT_START Set
[01:31:37.789] ---- [Flow] CT_START Set
[01:38:44.825] ---- [Flow] CT_START Set
[01:39:11.280] ---- [Flow] CT_START Set
[01:39:30.495] ---- [Flow] CT_STOP Set
[01:39:30.517] ---- [Event] Auto : CT_STOP
[01:39:30.517] --------- [Monitor] StopTasks() : before m_stopped
[01:39:30.517] --------- [Monitor] StopTasks() : m_stopped
[01:39:30.517] [m_nState] AutoStop State
[01:39:30.528] ---- [Flow] CT_STOP Set
[01:39:31.137] ---- [Flow] CT_START Set
[01:39:31.159] ---- [Event] AutoStop : CT_START
[01:39:31.159] [m_nState] Auto State
[01:39:41.176] ---- [Flow] CT_START Set
[02:03:56.111] ---- [Flow] CT_START Set
[02:25:19.159] ---- [Flow] CT_START Set
[02:29:48.628] ---- [Flow] CT_START Set
[02:30:05.006] ---- [Flow] CT_STOP Set
[02:30:05.028] ---- [Event] Auto : CT_STOP
[02:30:05.028] --------- [Monitor] StopTasks() : before m_stopped
[02:30:05.082] ---- [Flow] CT_STOP Set
[02:30:05.136] ---- [Flow] CT_STOP Set
[02:30:05.453] --------- [Monitor] StopTasks() : m_stopped
[02:30:05.453] [m_nState] AutoStop State
[02:30:06.007] ---- [Flow] CT_START Set
[02:30:06.029] ---- [Event] AutoStop : CT_START
[02:30:06.029] [m_nState] Auto State
[02:30:10.620] ---- [Flow] CT_STOP Set
[02:30:10.642] ---- [Event] Auto : CT_STOP
[02:30:10.642] --------- [Monitor] StopTasks() : before m_stopped
[02:30:11.839] --------- [Monitor] StopTasks() : m_stopped
[02:30:11.839] [m_nState] AutoStop State
[03:10:37.947] ---- [Flow] CT_START Set
[03:10:37.969] ---- [Event] AutoStop : CT_START
[03:10:37.969] [m_nState] Auto State
[03:10:38.662] ---- [Flow] CT_START Set
[03:32:35.304] ---- [Flow] CT_STOP Set
[03:32:35.326] ---- [Event] Auto : CT_STOP
[03:32:35.326] --------- [Monitor] StopTasks() : before m_stopped
[03:32:35.428] --------- [Monitor] StopTasks() : m_stopped
[03:32:35.429] [m_nState] AutoStop State
[06:41:08.330] ---- [Flow] CT_START Set
[06:41:08.352] ---- [Event] AutoStop : CT_START
[06:41:08.352] [m_nState] Auto State
[06:41:09.400] ---- [Flow] CT_START Set
[07:48:27.555] ---- [Flow] CT_START Set
[07:48:42.436] ---- [Flow] CT_START Set
[08:27:24.209] ---- [Flow] CT_START Set
[08:49:44.101] ---- [Flow] CT_START Set
[08:52:26.869] ---- [Flow] CT_START Set
[08:52:26.955] ---- [Flow] CT_START Set
[09:05:15.417] ---- [Flow] CT_START Set
[09:30:12.251] ---- [Flow] CT_STOP Set
[09:30:12.273] ---- [Event] Auto : CT_STOP
[09:30:12.273] --------- [Monitor] StopTasks() : before m_stopped
[09:30:12.315] --------- [Monitor] StopTasks() : m_stopped
[09:30:12.315] [m_nState] AutoStop State
[09:39:55.747] ---- [Flow] CT_START Set
[09:39:55.769] ---- [Event] AutoStop : CT_START
[09:39:55.769] [m_nState] Auto State
[09:39:56.799] ---- [Flow] CT_START Set
[11:09:30.491] ---- [Flow] CT_START Set
[11:45:09.581] ---- [Flow] CT_STOP Set
[11:45:09.603] ---- [Event] Auto : CT_STOP
[11:45:09.603] --------- [Monitor] StopTasks() : before m_stopped
[11:45:09.673] --------- [Monitor] StopTasks() : m_stopped
[11:45:09.673] [m_nState] AutoStop State
[11:45:09.764] ---- [Flow] CT_STOP Set
[12:33:36.018] ---- [Flow] CT_START Set
[12:33:36.039] ---- [Event] AutoStop : CT_START
[12:33:36.039] [m_nState] Auto State
[12:33:37.027] ---- [Flow] CT_START Set
[12:49:31.859] ---- [Flow] CT_START Set
[13:47:18.579] ---- [Flow] CT_START Set
[14:18:37.350] ---- [Flow] CT_START Set
[14:19:15.440] ---- [Flow] CT_STOP Set
[14:19:15.462] ---- [Event] Auto : CT_STOP
[14:19:15.462] --------- [Monitor] StopTasks() : before m_stopped
[14:19:17.887] --------- [Monitor] StopTasks() : m_stopped
[14:19:17.887] [m_nState] AutoStop State
[14:19:41.021] ---- [Flow] CT_START Set
[14:19:41.042] ---- [Event] AutoStop : CT_START
[14:19:41.042] [m_nState] Auto State
[14:19:41.857] ---- [Flow] CT_START Set
[14:30:19.350] ---- [Flow] CT_STOP Set
[14:30:19.371] ---- [Event] Auto : CT_STOP
[14:30:19.371] --------- [Monitor] StopTasks() : before m_stopped
[14:30:19.425] ---- [Flow] CT_STOP Set
[14:30:19.471] ---- [Flow] CT_STOP Set
[14:30:19.512] ---- [Flow] CT_STOP Set
[14:30:19.558] ---- [Flow] CT_STOP Set
[14:30:19.598] ---- [Flow] CT_STOP Set
[14:30:19.644] ---- [Flow] CT_STOP Set
[14:30:19.752] --------- [Monitor] StopTasks() : m_stopped
[14:30:19.753] [m_nState] AutoStop State
[14:39:48.266] ---- [Flow] CT_START Set
[14:39:48.287] ---- [Event] AutoStop : CT_START
[14:39:48.287] [m_nState] Auto State
[14:39:49.040] ---- [Flow] CT_START Set
[14:51:11.904] ---- [Flow] CT_STOP Set
[14:51:11.925] ---- [Event] Auto : CT_STOP
[14:51:11.925] --------- [Monitor] StopTasks() : before m_stopped
[14:51:12.150] ---- [Flow] CT_STOP Set
[14:51:12.191] ---- [Flow] CT_STOP Set
[14:51:12.333] ---- [Flow] CT_STOP Set
[14:51:12.584] --------- [Monitor] StopTasks() : m_stopped
[14:51:12.584] [m_nState] AutoStop State
[14:51:39.799] ---- [Flow] CT_START Set
[14:51:39.821] ---- [Event] AutoStop : CT_START
[14:51:39.821] [m_nState] Auto State
[14:51:40.622] ---- [Flow] CT_START Set
[15:22:26.735] ---- [Flow] CT_STOP Set
[15:22:26.756] ---- [Event] Auto : CT_STOP
[15:22:26.756] --------- [Monitor] StopTasks() : before m_stopped
[15:22:26.773] --------- [Monitor] StopTasks() : m_stopped
[15:22:26.773] [m_nState] AutoStop State
[15:22:26.783] ---- [Flow] CT_STOP Set
[15:23:32.158] ---- [Flow] CT_START Set
[15:23:32.179] ---- [Event] AutoStop : CT_START
[15:23:32.179] [m_nState] Auto State
[15:34:28.155] ---- [Flow] CT_START Set
[15:35:14.264] ---- [Flow] CT_START Set
[15:35:15.568] ---- [Flow] CT_START Set
[15:38:28.464] ---- [Flow] CT_STOP Set
[15:38:28.486] ---- [Event] Auto : CT_STOP
[15:38:28.486] --------- [Monitor] StopTasks() : before m_stopped
[15:38:28.496] --------- [Monitor] StopTasks() : m_stopped
[15:38:28.497] [m_nState] AutoStop State
[15:38:28.524] ---- [Flow] CT_STOP Set
[15:38:28.561] ---- [Flow] CT_STOP Set
[15:38:29.371] ---- [Flow] CT_START Set
[15:38:29.393] ---- [Event] AutoStop : CT_START
[15:38:29.393] [m_nState] Auto State
[15:38:44.340] ---- [Flow] CT_START Set
[15:48:00.478] ---- [Flow] CT_STOP Set
[15:48:00.499] ---- [Event] Auto : CT_STOP
[15:48:00.499] --------- [Monitor] StopTasks() : before m_stopped
[15:48:00.568] --------- [Monitor] StopTasks() : m_stopped
[15:48:00.568] [m_nState] AutoStop State
[15:48:01.433] ---- [Flow] CT_START Set
[15:48:01.466] ---- [Event] AutoStop : CT_START
[15:48:01.466] [m_nState] Auto State
[16:10:26.459] ---- [Flow] CT_STOP Set
[16:10:26.481] ---- [Event] Auto : CT_STOP
[16:10:26.481] --------- [Monitor] StopTasks() : before m_stopped
[16:10:26.513] --------- [Monitor] StopTasks() : m_stopped
[16:10:26.513] [m_nState] AutoStop State
[16:10:26.521] ---- [Flow] CT_STOP Set
[16:10:26.552] ---- [Flow] CT_STOP Set
[16:10:26.582] ---- [Flow] CT_STOP Set
[16:26:32.456] ---- [Flow] CT_START Set
[16:26:32.479] ---- [Event] AutoStop : CT_START
[16:26:32.479] [m_nState] Auto State
[16:47:22.278] ---- [Flow] CT_STOP Set
[16:47:22.299] ---- [Event] Auto : CT_STOP
[16:47:22.299] --------- [Monitor] StopTasks() : before m_stopped
[16:47:22.424] --------- [Monitor] StopTasks() : m_stopped
[16:47:22.424] [m_nState] AutoStop State
[16:47:22.453] ---- [Flow] CT_STOP Set
[16:47:22.484] ---- [Flow] CT_STOP Set
[16:47:22.514] ---- [Flow] CT_STOP Set
[16:47:22.545] ---- [Flow] CT_STOP Set
[16:47:22.576] ---- [Flow] CT_STOP Set
[18:25:47.797] [m_nState] Init State
[18:25:47.808] ---- [Monitor] Init : m_idle
[18:25:47.829] ---- [Event] Init : CT_IDLE
[18:25:47.829] [m_nState] Idle State
[18:33:12.073] ---- [Flow] CT_START Set
[18:33:12.094] ---- [Event] Idle : CT_START
[18:33:12.094] [m_nState] Auto State
[18:33:13.961] ---- [Flow] CT_START Set
[18:44:43.173] ---- [Flow] CT_STOP Set
[18:44:43.196] ---- [Event] Auto : CT_STOP
[18:44:43.196] --------- [Monitor] StopTasks() : before m_stopped
[18:44:43.290] --------- [Monitor] StopTasks() : m_stopped
[18:44:43.290] [m_nState] AutoStop State
[18:55:31.319] [m_nState] Init State
[18:55:31.329] ---- [Monitor] Init : m_idle
[18:55:31.351] ---- [Event] Init : CT_IDLE
[18:55:31.351] [m_nState] Idle State
[18:56:08.912] ---- [Flow] CT_ABORT Set
[18:56:08.963] [m_nState] Init State
[18:56:09.049] ---- [Monitor] Init : m_idle
[18:56:09.071] ---- [Event] Init : CT_IDLE
[18:56:09.071] [m_nState] Idle State
[18:56:20.870] ---- [Flow] CT_ABORT Set
[18:56:20.920] [m_nState] Init State
[18:56:21.019] ---- [Monitor] Init : m_idle
[18:56:21.040] ---- [Event] Init : CT_IDLE
[18:56:21.040] [m_nState] Idle State
[18:56:25.502] ---- [Flow] CT_START Set
[18:56:25.524] ---- [Event] Idle : CT_START
[18:56:25.524] [m_nState] Auto State
[18:56:26.477] ---- [Flow] CT_START Set
[18:57:15.377] ---- [Flow] CT_STOP Set
[18:57:15.396] ---- [Flow] CT_STOP Set
[18:57:15.399] ---- [Event] Auto : CT_STOP
[18:57:15.399] --------- [Monitor] StopTasks() : before m_stopped
[18:57:15.430] ---- [Flow] CT_STOP Set
[18:57:15.451] --------- [Monitor] StopTasks() : m_stopped
[18:57:15.451] [m_nState] AutoStop State
[19:32:59.649] ---- [Flow] CT_ABORT Set
[19:32:59.700] [m_nState] Init State
[19:32:59.742] ---- [Monitor] Init : m_idle
[19:32:59.763] ---- [Event] Init : CT_IDLE
[19:32:59.763] [m_nState] Idle State
[19:33:02.011] ---- [Flow] CT_START Set
[19:33:02.033] ---- [Event] Idle : CT_START
[19:33:02.033] [m_nState] Auto State
[19:33:02.664] ---- [Flow] CT_START Set
[19:33:27.505] ---- [Flow] CT_STOP Set
[19:33:27.527] ---- [Event] Auto : CT_STOP
[19:33:27.527] --------- [Monitor] StopTasks() : before m_stopped
[19:33:27.662] --------- [Monitor] StopTasks() : m_stopped
[19:33:27.662] [m_nState] AutoStop State
[19:33:27.737] ---- [Flow] CT_STOP Set
[19:40:48.882] [m_nState] Init State
[19:40:48.893] ---- [Monitor] Init : m_idle
[19:40:48.914] ---- [Event] Init : CT_IDLE
[19:40:48.914] [m_nState] Idle State
[19:41:05.328] ---- [Flow] CT_START Set
[19:41:05.349] ---- [Event] Idle : CT_START
[19:41:05.349] [m_nState] Auto State
[19:41:07.035] ---- [Flow] CT_START Set
[19:52:09.181] [m_nState] Init State
[19:52:09.192] ---- [Monitor] Init : m_idle
[19:52:09.213] ---- [Event] Init : CT_IDLE
[19:52:09.213] [m_nState] Idle State
[19:52:24.440] [m_nState] Init State
[19:52:24.451] ---- [Monitor] Init : m_idle
[19:52:24.472] ---- [Event] Init : CT_IDLE
[19:52:24.472] [m_nState] Idle State
[19:53:22.030] ---- [Flow] CT_START Set
[19:53:22.048] ---- [Flow] CT_START Set
[19:53:22.051] ---- [Event] Idle : CT_START
[19:53:22.051] [m_nState] Auto State
[19:53:25.302] ---- [Flow] CT_START Set
[19:53:27.038] ---- [Flow] CT_START Set
[19:53:38.553] ---- [Flow] CT_STOP Set
[19:53:38.575] ---- [Event] Auto : CT_STOP
[19:53:38.575] --------- [Monitor] StopTasks() : before m_stopped
[19:53:38.680] --------- [Monitor] StopTasks() : m_stopped
[19:53:38.681] [m_nState] AutoStop State
[19:53:38.712] ---- [Flow] CT_STOP Set
[19:53:38.745] ---- [Flow] CT_STOP Set
[19:54:07.057] ---- [Flow] CT_START Set
[19:54:07.078] ---- [Event] AutoStop : CT_START
[19:54:07.078] [m_nState] Auto State
[19:54:22.329] ---- [Flow] CT_STOP Set
[19:54:22.351] ---- [Event] Auto : CT_STOP
[19:54:22.351] --------- [Monitor] StopTasks() : before m_stopped
[19:54:22.368] --------- [Monitor] StopTasks() : m_stopped
[19:54:22.369] [m_nState] AutoStop State
[19:54:38.922] ---- [Flow] CT_START Set
[19:54:38.944] ---- [Event] AutoStop : CT_START
[19:54:38.944] [m_nState] Auto State
[19:54:44.164] ---- [Flow] CT_START Set
[19:55:12.116] ---- [Flow] CT_START Set
[20:02:16.223] ---- [Flow] CT_START Set
[20:12:16.745] ---- [Flow] CT_START Set
[20:12:26.849] ---- [Flow] CT_START Set
[20:12:50.260] ---- [Flow] CT_START Set
[20:13:08.493] ---- [Flow] CT_START Set
[20:13:21.207] ---- [Flow] CT_STOP Set
[20:13:21.229] ---- [Event] Auto : CT_STOP
[20:13:21.229] --------- [Monitor] StopTasks() : before m_stopped
[20:13:28.398] ---- [Flow] CT_STOP Set
[20:13:35.081] ---- [Flow] CT_START Set
[20:13:35.915] ---- [Flow] CT_STOP Set
[20:13:46.654] ---- [Flow] CT_START Set
[20:13:50.136] ---- [Flow] CT_STOP Set
[20:13:50.213] ---- [Flow] CT_STOP Set
[20:13:50.246] ---- [Flow] CT_STOP Set
[20:13:50.279] ---- [Flow] CT_STOP Set
[20:13:50.313] ---- [Flow] CT_STOP Set
[20:14:08.546] ---- [Flow] CT_START Set
[20:14:14.002] ---- [Flow] CT_STOP Set
[20:14:14.823] ---- [Flow] CT_START Set
[20:14:16.097] ---- [Flow] CT_STOP Set
[20:14:16.129] ---- [Flow] CT_STOP Set
[20:14:16.167] ---- [Flow] CT_STOP Set
[20:14:16.201] ---- [Flow] CT_STOP Set
[20:14:16.234] ---- [Flow] CT_STOP Set
[20:15:08.274] ---- [Flow] CT_STOP Set
[20:16:33.816] [m_nState] Init State
[20:16:33.827] ---- [Monitor] Init : m_idle
[20:16:33.848] ---- [Event] Init : CT_IDLE
[20:16:33.848] [m_nState] Idle State
[20:16:46.422] ---- [Flow] CT_START Set
[20:16:46.444] ---- [Event] Idle : CT_START
[20:16:46.444] [m_nState] Auto State
[20:16:55.018] ---- [Flow] CT_START Set
[20:21:23.684] [m_nState] Init State
[20:21:23.695] ---- [Monitor] Init : m_idle
[20:21:23.716] ---- [Event] Init : CT_IDLE
[20:21:23.716] [m_nState] Idle State
[20:21:53.499] ---- [Flow] CT_START Set
[20:21:53.521] ---- [Event] Idle : CT_START
[20:21:53.521] [m_nState] Auto State
[20:22:00.416] ---- [Flow] CT_START Set
[20:22:25.248] ---- [Flow] CT_START Set
[20:23:08.738] ---- [Flow] CT_START Set
[20:42:21.808] ---- [Flow] CT_START Set
[21:20:59.494] ---- [Flow] CT_STOP Set
[21:20:59.515] ---- [Event] Auto : CT_STOP
[21:20:59.515] --------- [Monitor] StopTasks() : before m_stopped
[21:20:59.604] --------- [Monitor] StopTasks() : m_stopped
[21:20:59.604] [m_nState] AutoStop State
[21:22:16.022] ---- [Flow] CT_START Set
[21:22:16.043] ---- [Event] AutoStop : CT_START
[21:22:16.043] [m_nState] Auto State
[21:22:16.769] ---- [Flow] CT_START Set
[23:20:11.039] ---- [Flow] CT_STOP Set
[23:20:11.061] ---- [Event] Auto : CT_STOP
[23:20:11.061] --------- [Monitor] StopTasks() : before m_stopped
[23:20:11.077] --------- [Monitor] StopTasks() : m_stopped
[23:20:11.077] [m_nState] AutoStop State
[23:20:11.104] ---- [Flow] CT_STOP Set
[23:25:58.601] ---- [Flow] CT_START Set
[23:25:58.622] ---- [Event] AutoStop : CT_START
[23:25:58.622] [m_nState] Auto State
[23:25:59.349] ---- [Flow] CT_START Set
[23:29:57.428] ---- [Flow] CT_START Set
