[13:04:29.475] [RightTransferStation] Vacuum Error
[13:08:06.427] [RightTransferStation] Vacuum Error
[13:08:10.341] [RightTransferStation] Vacuum Error
[13:12:09.120] [LeftTransferStation] Move Z Axis Error
[13:12:12.528] [LeftTransferStation] Vacuum Error
[13:18:29.520] [RightTransferStation] Move Z Axis Error
[13:18:52.461] [RightTransferStation] Move Z Axis Error
[13:19:07.494] [RightTransferStation] Move Z Axis Error
[13:19:17.053] [RightTransferStation] Move Z Axis Error
[13:19:21.785] [RightTransferStation] Move Z Axis Error
[13:19:24.044] [RightTransferStation] Move Z Axis Error
[13:20:03.945] [RightTransferStation] Move Z Axis Error
[13:21:01.659] [RightPPStation] Load Buffer Set Exist
[13:21:55.546] [RightPPStation] Load Buffer Set Exist
[13:32:44.633] [RightPPStation] Unload Buffer Set Not Exist
[13:34:44.979] [RightPPStation] Unload Buffer Set Not Exist
[13:38:05.993] [RightPPStation] Unload Buffer Set Not Exist
[13:48:13.273] [LeftTransferStation] Set Double Place
[13:50:10.949] [LeftTransferStation] Set Double Place
[13:52:31.445] [LeftTransferStation] Set Double Place
[14:00:53.486] [LeftTransferStation] Set Double Place
[14:02:33.341] [LeftTransferStation] Set Double Place
[14:03:52.261] [RightTransferStation] Vacuum Error
[14:07:33.028] [LeftTransferStation] Set Double Place
[14:08:09.492] [MainControlStation] Left Door Open
[14:08:11.719] [MainControlStation] Left Door Open
[14:10:29.030] [LeftTransferStation] Set Double Place
[14:15:30.475] [LeftTransferStation] Set Double Place
[14:29:48.592] [RightPPStation] Unload Buffer Set Not Exist
[14:30:12.611] [RightTransferStation] Move Z Axis Error
[14:30:20.907] [RightTransferStation] Move Z Axis Error
[14:31:03.387] [RightPPStation] Unload Buffer Set Not Exist
[14:32:16.146] [LeftTransferStation] Set Double Place
[14:56:34.714] [RightPPStation] Unload Buffer Set Not Exist
[15:01:33.799] [RightPPStation] Unload Buffer Set Not Exist
[15:02:55.958] [RightPPStation] Unload Buffer Set Not Exist
[15:12:44.871] [LeftTransferStation] Vacuum Error
[15:13:29.333] [LeftTransferStation] Move Z Axis Error
[15:13:51.752] [LeftTransferStation] Move Z Axis Error
[15:14:00.827] [LeftTransferStation] Vacuum Error
[15:26:47.536] [LeftTransferStation] Vacuum Error
[15:27:33.984] [LeftTransferStation] Vacuum Error
[16:02:02.835] [RightPPStation] Unload Buffer Set Not Exist
[16:09:34.776] [RightPPStation] Unload Buffer Set Not Exist
[16:11:07.217] [MainControlStation] E-Stop Pressed
[23:00:30.774] [RightPPStation] Unload Buffer Set Not Exist
[23:36:07.910] [RightPPStation] Unload Buffer Set Not Exist
