[02:54:57.427] [LeftPPStation] Load Cylinder Up Error
[02:55:05.692] [LeftPPStation] Load Cylinder Up Error
[02:55:08.781] [LeftPPStation] Load Cylinder Vacuum Error
[04:10:09.614] [MainControlStation] Right Door Open
[04:13:56.897] [MainControlStation] Left Door Open
[04:14:07.799] [RightTransferStation] Vacuum Error
[04:14:17.145] [RightTransferStation] Vacuum Error
[04:14:27.518] [LeftTransferStation] Vacuum Error
[04:14:40.165] [RightTransferStation] Vacuum Error
[04:14:47.024] [LeftTransferStation] Vacuum Error
[04:14:49.513] [RightTransferStation] Vacuum Error
[04:14:55.643] [LeftTransferStation] Vacuum Error
[04:15:11.773] [RightTransferStation] Vacuum Error
[04:15:15.257] [LeftTransferStation] Vacuum Error
[04:15:20.183] [RightTransferStation] Vacuum Error
[04:15:23.798] [LeftTransferStation] Vacuum Error
[04:15:41.280] [RightTransferStation] Vacuum Error
[04:15:45.320] [LeftTransferStation] Vacuum Error
[04:15:50.127] [RightTransferStation] Vacuum Error
[04:15:53.697] [LeftTransferStation] Vacuum Error
[04:16:11.303] [RightTransferStation] Vacuum Error
[04:16:13.811] [LeftTransferStation] Vacuum Error
[04:16:20.354] [RightTransferStation] Vacuum Error
[04:16:23.130] [LeftTransferStation] Vacuum Error
[04:16:33.519] [LeftTransferStation] Vacuum Error
[04:16:41.530] [LeftTransferStation] Vacuum Error
[04:17:13.891] [LeftTransferStation] Vacuum Error
[04:17:22.406] [LeftTransferStation] Vacuum Error
[04:17:44.620] [LeftTransferStation] Vacuum Error
[04:17:52.906] [LeftTransferStation] Vacuum Error
[04:18:31.572] [LeftTransferStation] Vacuum Error
[04:18:39.819] [LeftTransferStation] Vacuum Error
[04:18:51.659] [RightTransferStation] Vacuum Error
[04:18:59.869] [LeftTransferStation] Vacuum Error
[04:19:08.368] [LeftTransferStation] Vacuum Error
[04:19:14.157] [RightTransferStation] Vacuum Error
[04:19:22.440] [RightTransferStation] Vacuum Error
[04:19:28.854] [LeftTransferStation] Vacuum Error
[04:19:35.586] [LeftTransferStation] Vacuum Error
[04:19:45.784] [RightTransferStation] Vacuum Error
[04:19:54.012] [RightTransferStation] Vacuum Error
[04:20:04.890] [LeftTransferStation] Vacuum Error
[04:20:15.023] [RightTransferStation] Vacuum Error
[04:20:23.687] [RightTransferStation] Vacuum Error
[04:20:26.556] [LeftTransferStation] Vacuum Error
[04:20:35.944] [LeftTransferStation] Vacuum Error
[04:20:47.225] [RightTransferStation] Vacuum Error
[04:20:56.008] [RightTransferStation] Vacuum Error
[04:21:00.245] [LeftTransferStation] Vacuum Error
[04:21:09.797] [LeftTransferStation] Vacuum Error
[04:21:53.022] [LeftTransferStation] Vacuum Error
[04:22:02.536] [LeftTransferStation] Vacuum Error
[04:22:22.788] [LeftTransferStation] Vacuum Error
[04:22:32.322] [LeftTransferStation] Vacuum Error
[04:23:48.100] [RightTransferStation] Vacuum Error
[04:23:58.091] [RightTransferStation] Vacuum Error
[04:24:22.097] [LeftTransferStation] Vacuum Error
[04:24:32.638] [LeftTransferStation] Vacuum Error
[04:25:01.847] [RightTransferStation] Vacuum Error
[04:25:10.621] [RightTransferStation] Vacuum Error
[04:26:35.601] [LeftTransferStation] Vacuum Error
[04:26:44.684] [LeftTransferStation] Vacuum Error
[04:29:07.886] [LeftTransferStation] Vacuum Error
[04:29:17.903] [LeftTransferStation] Vacuum Error
[04:32:57.040] [LeftTransferStation] Vacuum Error
[04:33:07.113] [LeftTransferStation] Vacuum Error
[04:34:42.628] [LeftTransferStation] Vacuum Error
[04:34:53.084] [LeftTransferStation] Vacuum Error
[04:35:15.706] [LeftTransferStation] Vacuum Error
[04:35:29.965] [LeftTransferStation] Vacuum Error
[04:44:23.061] [LeftTransferStation] Vacuum Error
[04:44:33.162] [LeftTransferStation] Vacuum Error
[04:44:44.783] [LeftTransferStation] Vacuum Error
[11:31:59.340] [RightTransferStation] Move Z Axis Error
[11:35:11.575] [RightTransferStation] Move Z Axis Error
[11:35:33.450] [RightTransferStation] Move Z Axis Error
[12:32:12.215] [RightTransferStation] Move Z Axis Error
[12:32:16.778] [RightTransferStation] Move Z Axis Error
[12:32:19.215] [RightTransferStation] Move Z Axis Error
[12:55:01.622] [RightTransferStation] Move Z Axis Error
[12:55:03.215] [RightTransferStation] Move Z Axis Error
[13:04:19.231] [RightTransferStation] Move Z Axis Error
[13:04:42.543] [RightTransferStation] Move Z Axis Error
[13:29:36.747] [RightTransferStation] Move Z Axis Error
[13:29:41.200] [RightTransferStation] Move Z Axis Error
[13:30:13.168] [RightTransferStation] Move Z Axis Error
[13:46:05.278] [LeftTransferStation] Move Z Axis Error
[13:48:19.325] [LeftTransferStation] Vacuum Error
[13:48:29.372] [LeftTransferStation] Vacuum Error
[14:24:31.137] [LeftTransferStation] Vacuum Error
[14:26:05.184] [LeftTransferStation] Vacuum Error
[14:26:25.997] [LeftTransferStation] Vacuum Error
[14:46:28.793] [LeftPPStation] Load Cylinder Vacuum Error
[14:51:09.184] [RightTransferStation] Move Z Axis Error
[14:51:31.059] [RightTransferStation] Move Z Axis Error
[14:52:02.637] [RightTransferStation] Move Z Axis Error
[14:52:11.997] [RightTransferStation] Move Z Axis Error
[15:05:14.747] [LeftTransferStation] Vacuum Error
[15:14:03.559] [LeftTransferStation] Vacuum Error
[15:26:37.215] [MainControlStation] Left Door Open
[15:39:08.231] [LeftTransferStation] Vacuum Error
[15:42:43.028] [RightTransferStation] Move Z Axis Error
[15:42:54.465] [RightTransferStation] Move Z Axis Error
[15:53:02.481] [RightTransferStation] Vacuum Error
[15:53:59.340] [RightTransferStation] Move Z Axis Error
[15:54:10.715] [RightTransferStation] Move Z Axis Error
[16:01:38.168] [RightPPStation] Load Cylinder Vacuum Error
[16:02:47.747] [LeftTransferStation] Vacuum Error
[16:02:53.762] [MainControlStation] Left Door Open
[16:03:09.731] [LeftTransferStation] Vacuum Error
[16:09:12.450] [RightPPStation] Move Axis Error
[16:09:23.965] [LeftPPStation] Move Axis Error
