[00:00:34.695] [RightTransferStation] Vacuum Error
[00:01:47.457] [RightTransferStation] Set Double Place
[00:04:24.982] [RightTransferStation] Set Double Place
[00:04:48.848] [RightTransferStation] Move XY Axis Error
[00:05:03.699] [RightTransferStation] Move XY Axis Error
[00:06:38.286] [LeftTransferStation] Vacuum Error
[00:06:57.704] [RightTransferStation] Move XY Axis Error
[00:07:50.660] [RightTransferStation] Vacuum Error
[00:08:32.556] [RightTransferStation] Set Double Place
[00:10:17.557] [LeftTransferStation] Vacuum Error
[00:11:31.823] [RightTransferStation] Set Double Place
[00:11:48.528] [RightTransferStation] Move XY Axis Error
[00:12:35.615] [RightTransferStation] Set Double Place
[00:13:32.198] [LeftTransferStation] Vacuum Error
[00:14:52.958] [RightTransferStation] Set Double Place
[00:15:30.194] [RightTransferStation] Move XY Axis Error
[00:15:43.618] [RightTransferStation] Move XY Axis Error
[00:15:51.151] [RightPPStation] Unload Buffer Set Not Exist
[00:17:09.204] [RightTransferStation] Move XY Axis Error
[00:17:29.455] [RightTransferStation] Move XY Axis Error
[00:22:14.487] [RightTransferStation] Set Double Place
[00:23:15.683] [RightTransferStation] Move XY Axis Error
[00:24:18.250] [RightTransferStation] Vacuum Error
[00:25:39.563] [RightTransferStation] Vacuum Error
[00:27:52.358] [RightTransferStation] Set Double Place
[00:29:46.769] [RightTransferStation] Set Double Place
[00:31:08.021] [LeftTransferStation] Vacuum Error
[00:32:26.059] [RightTransferStation] Set Double Place
[00:35:36.427] [LeftTransferStation] Vacuum Error
[00:35:43.541] [RightTransferStation] Set Double Place
[00:37:13.210] [RightTransferStation] Set Double Place
[00:38:11.071] [RightTransferStation] Move XY Axis Error
[00:38:56.297] [RightTransferStation] Move XY Axis Error
[00:39:30.359] [RightTransferStation] Move XY Axis Error
[00:41:52.422] [LeftTransferStation] Vacuum Error
[00:43:20.799] [RightTransferStation] Set Double Place
[00:45:24.264] [RightTransferStation] Set Double Place
[00:45:49.994] [RightTransferStation] Vacuum Error
[00:48:29.010] [RightTransferStation] Vacuum Error
[00:50:55.654] [RightTransferStation] Vacuum Error
[00:51:57.402] [RightTransferStation] Move XY Axis Error
[00:52:29.835] [RightTransferStation] Move XY Axis Error
[00:52:41.576] [RightTransferStation] Vacuum Error
[00:52:51.536] [RightTransferStation] Vacuum Error
[00:53:34.074] [RightTransferStation] Set Double Place
[00:55:02.551] [RightTransferStation] Vacuum Error
[00:55:39.336] [RightTransferStation] Move XY Axis Error
[00:57:22.352] [RightTransferStation] Vacuum Error
[01:01:52.822] [LeftTransferStation] Vacuum Error
[01:02:26.505] [RightTransferStation] Set Double Place
[01:04:35.710] [LeftPPStation] Unload Buffer Set Not Exist
[01:08:29.579] [LeftTransferStation] Vacuum Error
[01:09:32.944] [RightTransferStation] Vacuum Error
[01:10:18.405] [RightTransferStation] Set Double Place
[01:10:55.218] [LeftTransferStation] Vacuum Error
[01:11:45.858] [LeftTransferStation] Vacuum Error
[01:11:51.288] [RightTransferStation] Vacuum Error
[01:12:39.078] [RightTransferStation] Vacuum Error
[01:13:30.040] [RightTransferStation] Move XY Axis Error
[01:14:56.343] [RightTransferStation] Set Double Place
[01:17:06.266] [RightTransferStation] Vacuum Error
[01:19:06.011] [RightTransferStation] Set Double Place
[01:19:21.464] [RightTransferStation] Move XY Axis Error
[01:20:12.743] [RightTransferStation] Vacuum Error
[01:20:25.881] [RightTransferStation] Move XY Axis Error
[01:22:18.688] [LeftTransferStation] Vacuum Error
[01:23:30.452] [RightTransferStation] Vacuum Error
[01:26:29.407] [RightTransferStation] Set Double Place
[01:28:04.099] [RightTransferStation] Vacuum Error
[01:28:25.366] [RightTransferStation] Move XY Axis Error
[01:30:28.628] [RightTransferStation] Move XY Axis Error
[01:30:43.023] [LeftTransferStation] Vacuum Error
[01:30:49.057] [RightTransferStation] Move XY Axis Error
[01:31:44.194] [RightTransferStation] Vacuum Error
[01:33:57.389] [RightTransferStation] Set Double Place
[01:34:30.689] [RightTransferStation] Move XY Axis Error
[01:35:23.049] [RightTransferStation] Set Double Place
[01:35:58.299] [RightTransferStation] Move XY Axis Error
[01:38:29.347] [LeftTransferStation] Vacuum Error
[01:39:30.360] [RightTransferStation] Vacuum Error
[01:43:23.611] [RightTransferStation] Set Double Place
[01:45:27.832] [RightTransferStation] Set Double Place
[01:46:37.642] [RightTransferStation] Vacuum Error
[01:47:13.541] [RightTransferStation] Move XY Axis Error
[01:49:43.022] [LeftTransferStation] Vacuum Error
[01:50:46.638] [RightTransferStation] Set Double Place
[01:52:38.996] [RightTransferStation] Vacuum Error
[01:54:20.319] [RightTransferStation] Vacuum Error
[01:55:15.484] [RightTransferStation] Move XY Axis Error
[01:59:08.069] [LeftTransferStation] Vacuum Error
[02:01:52.316] [LeftTransferStation] Vacuum Error
[02:02:17.975] [RightTransferStation] Vacuum Error
[02:02:43.175] [LeftTransferStation] Vacuum Error
[02:03:44.220] [RightTransferStation] Set Double Place
[02:04:23.737] [RightTransferStation] Set Double Place
[02:05:22.482] [RightTransferStation] Set Double Place
[02:09:28.896] [RightTransferStation] Set Double Place
[02:10:14.858] [RightTransferStation] Move XY Axis Error
[02:10:44.575] [LeftPPStation] Load Cylinder Vacuum Error
[02:12:41.956] [RightTransferStation] Vacuum Error
[02:14:01.564] [RightTransferStation] Vacuum Error
[02:14:34.583] [LeftPPStation] Unload Cylinder Vacuum Error
[02:15:04.537] [LeftPPStation] Unload Cylinder Vacuum Error
[02:15:32.607] [RightTransferStation] Set Double Place
[02:16:36.586] [RightTransferStation] Vacuum Error
[02:17:32.182] [RightTransferStation] Set Double Place
[02:18:39.510] [RightTransferStation] Vacuum Error
[02:22:36.318] [RightTransferStation] Vacuum Error
[02:26:35.104] [LeftTransferStation] Vacuum Error
[02:27:29.044] [RightTransferStation] Vacuum Error
[02:35:01.005] [LeftTransferStation] Vacuum Error
[02:37:35.113] [RightTransferStation] Move XY Axis Error
[02:37:40.518] [RightTransferStation] Move XY Axis Error
[02:37:49.964] [RightTransferStation] Move XY Axis Error
[02:46:09.148] [LeftPPStation] Unload Buffer Set Not Exist
[03:03:49.330] [LeftTransferStation] Vacuum Error
[03:04:20.469] [RightTransferStation] Move XY Axis Error
[03:11:49.249] [LeftTransferStation] Vacuum Error
[03:13:17.663] [LeftTransferStation] Vacuum Error
[03:15:30.645] [LeftTransferStation] Vacuum Error
[03:19:56.526] [LeftTransferStation] Vacuum Error
[03:26:59.680] [LeftTransferStation] Vacuum Error
[03:32:38.528] [LeftTransferStation] Vacuum Error
[03:35:04.889] [LeftTransferStation] Vacuum Error
[03:35:26.575] [LeftTransferStation] Set Double Place
[03:38:35.589] [LeftTransferStation] Vacuum Error
[03:39:09.562] [RightTransferStation] Vacuum Error
[03:41:56.286] [RightTransferStation] Set Double Place
[03:45:40.647] [LeftTransferStation] Vacuum Error
[03:58:09.503] [LeftTransferStation] Vacuum Error
[03:59:17.677] [LeftPPStation] Load Cylinder Vacuum Error
[03:59:36.714] [LeftPPStation] Load Cylinder Vacuum Error
[04:01:51.324] [RightTransferStation] Move XY Axis Error
[04:08:16.648] [LeftTransferStation] Vacuum Error
[04:09:37.371] [RightTransferStation] Move XY Axis Error
[04:14:51.094] [RightTransferStation] Move XY Axis Error
[04:16:35.517] [RightTransferStation] Move XY Axis Error
[04:19:01.025] [RightTransferStation] Move XY Axis Error
[04:19:25.524] [RightTransferStation] Move XY Axis Error
[04:19:32.202] [RightPPStation] Unload Buffer Set Not Exist
