[00:00:43.491] ---- [Flow] CT_START Set
[00:00:47.677] ---- [Flow] CT_STOP Set
[00:00:47.700] ---- [Event] Auto : CT_STOP
[00:00:47.700] --------- [Monitor] StopTasks() : before m_stopped
[00:00:48.431] --------- [Monitor] StopTasks() : m_stopped
[00:00:48.431] [m_nState] AutoStop State
[00:00:49.291] ---- [Flow] CT_START Set
[00:00:49.313] ---- [Event] AutoStop : CT_START
[00:00:49.313] [m_nState] Auto State
[00:01:06.316] ---- [Flow] CT_START Set
[00:01:51.271] ---- [Flow] CT_START Set
[00:02:03.034] ---- [Flow] CT_STOP Set
[00:02:03.055] ---- [Event] Auto : CT_STOP
[00:02:03.055] --------- [Monitor] StopTasks() : before m_stopped
[00:02:03.186] --------- [Monitor] StopTasks() : m_stopped
[00:02:03.187] [m_nState] AutoStop State
[00:02:05.940] ---- [Flow] CT_START Set
[00:02:05.961] ---- [Event] AutoStop : CT_START
[00:02:05.961] [m_nState] Auto State
[00:02:06.484] ---- [Flow] CT_START Set
[00:04:34.863] ---- [Flow] CT_START Set
[00:04:54.050] ---- [Flow] CT_STOP Set
[00:04:54.072] ---- [Event] Auto : CT_STOP
[00:04:54.072] --------- [Monitor] StopTasks() : before m_stopped
[00:04:54.106] ---- [Flow] CT_STOP Set
[00:04:54.141] ---- [Flow] CT_STOP Set
[00:04:54.175] ---- [Flow] CT_STOP Set
[00:04:54.537] --------- [Monitor] StopTasks() : m_stopped
[00:04:54.537] [m_nState] AutoStop State
[00:04:54.704] ---- [Flow] CT_START Set
[00:04:54.725] ---- [Event] AutoStop : CT_START
[00:04:54.725] [m_nState] Auto State
[00:04:57.824] ---- [Flow] CT_STOP Set
[00:04:57.846] ---- [Event] Auto : CT_STOP
[00:04:57.846] --------- [Monitor] StopTasks() : before m_stopped
[00:04:57.887] --------- [Monitor] StopTasks() : m_stopped
[00:04:57.887] [m_nState] AutoStop State
[00:04:57.892] ---- [Flow] CT_STOP Set
[00:04:57.925] ---- [Flow] CT_STOP Set
[00:05:00.895] ---- [Flow] CT_START Set
[00:05:00.916] ---- [Event] AutoStop : CT_START
[00:05:00.916] [m_nState] Auto State
[00:05:01.424] ---- [Flow] CT_START Set
[00:05:06.123] ---- [Flow] CT_START Set
[00:06:49.692] ---- [Flow] CT_START Set
[00:07:01.079] ---- [Flow] CT_START Set
[00:08:05.827] ---- [Flow] CT_START Set
[00:08:35.514] ---- [Flow] CT_START Set
[00:08:42.210] ---- [Flow] CT_STOP Set
[00:08:42.232] ---- [Event] Auto : CT_STOP
[00:08:42.232] --------- [Monitor] StopTasks() : before m_stopped
[00:08:42.829] --------- [Monitor] StopTasks() : m_stopped
[00:08:42.831] [m_nState] AutoStop State
[00:08:44.764] ---- [Flow] CT_START Set
[00:08:44.786] ---- [Event] AutoStop : CT_START
[00:08:44.786] [m_nState] Auto State
[00:08:45.331] ---- [Flow] CT_START Set
[00:10:37.592] ---- [Flow] CT_START Set
[00:11:46.043] ---- [Flow] CT_START Set
[00:11:47.856] ---- [Flow] CT_START Set
[00:11:57.973] ---- [Flow] CT_STOP Set
[00:11:57.995] ---- [Event] Auto : CT_STOP
[00:11:57.995] --------- [Monitor] StopTasks() : before m_stopped
[00:11:58.276] --------- [Monitor] StopTasks() : m_stopped
[00:11:58.277] [m_nState] AutoStop State
[00:12:01.089] ---- [Flow] CT_START Set
[00:12:01.111] ---- [Event] AutoStop : CT_START
[00:12:01.111] [m_nState] Auto State
[00:12:01.590] ---- [Flow] CT_START Set
[00:12:55.059] ---- [Flow] CT_STOP Set
[00:12:55.081] ---- [Event] Auto : CT_STOP
[00:12:55.081] --------- [Monitor] StopTasks() : before m_stopped
[00:12:55.084] --------- [Monitor] StopTasks() : m_stopped
[00:12:55.084] [m_nState] AutoStop State
[00:12:55.112] ---- [Flow] CT_STOP Set
[00:12:58.122] ---- [Flow] CT_STOP Set
[00:12:58.152] ---- [Flow] CT_STOP Set
[00:12:58.184] ---- [Flow] CT_STOP Set
[00:12:58.215] ---- [Flow] CT_STOP Set
[00:13:06.528] ---- [Flow] CT_ABORT Set
[00:13:06.579] [m_nState] Init State
[00:13:06.675] ---- [Monitor] Init : m_idle
[00:13:06.697] ---- [Event] Init : CT_IDLE
[00:13:06.697] [m_nState] Idle State
[00:13:07.698] ---- [Flow] CT_START Set
[00:13:07.719] ---- [Event] Idle : CT_START
[00:13:07.719] [m_nState] Auto State
[00:13:08.591] ---- [Flow] CT_START Set
[00:13:40.088] ---- [Flow] CT_START Set
[00:15:06.980] ---- [Flow] CT_START Set
[00:15:12.814] ---- [Flow] CT_STOP Set
[00:15:12.835] ---- [Event] Auto : CT_STOP
[00:15:12.835] --------- [Monitor] StopTasks() : before m_stopped
[00:15:13.086] --------- [Monitor] StopTasks() : m_stopped
[00:15:13.086] [m_nState] AutoStop State
[00:15:15.389] ---- [Flow] CT_START Set
[00:15:15.411] ---- [Event] AutoStop : CT_START
[00:15:15.411] [m_nState] Auto State
[00:15:38.445] ---- [Flow] CT_STOP Set
[00:15:38.466] ---- [Event] Auto : CT_STOP
[00:15:38.466] --------- [Monitor] StopTasks() : before m_stopped
[00:15:38.471] --------- [Monitor] StopTasks() : m_stopped
[00:15:38.471] [m_nState] AutoStop State
[00:15:38.479] ---- [Flow] CT_STOP Set
[00:15:42.505] ---- [Flow] CT_START Set
[00:15:42.527] ---- [Event] AutoStop : CT_START
[00:15:42.527] [m_nState] Auto State
[00:15:43.097] ---- [Flow] CT_START Set
[00:15:45.503] ---- [Flow] CT_START Set
[00:15:50.945] ---- [Flow] CT_START Set
[00:15:51.273] ---- [Flow] CT_START Set
[00:15:54.856] ---- [Flow] CT_START Set
[00:17:26.572] ---- [Flow] CT_START Set
[00:17:28.696] ---- [Flow] CT_START Set
[00:22:17.872] ---- [Flow] CT_START Set
[00:22:22.520] ---- [Flow] CT_STOP Set
[00:22:22.541] ---- [Event] Auto : CT_STOP
[00:22:22.541] --------- [Monitor] StopTasks() : before m_stopped
[00:22:22.562] --------- [Monitor] StopTasks() : m_stopped
[00:22:22.562] [m_nState] AutoStop State
[00:22:25.251] ---- [Flow] CT_START Set
[00:22:25.273] ---- [Event] AutoStop : CT_START
[00:22:25.273] [m_nState] Auto State
[00:22:25.761] ---- [Flow] CT_START Set
[00:23:20.551] ---- [Flow] CT_START Set
[00:24:47.557] ---- [Flow] CT_START Set
[00:26:00.195] ---- [Flow] CT_START Set
[00:27:51.267] ---- [Flow] CT_START Set
[00:27:51.355] ---- [Flow] CT_START Set
[00:28:01.445] ---- [Flow] CT_START Set
[00:29:51.714] ---- [Flow] CT_START Set
[00:29:56.179] ---- [Flow] CT_STOP Set
[00:29:56.201] ---- [Event] Auto : CT_STOP
[00:29:56.201] --------- [Monitor] StopTasks() : before m_stopped
[00:29:57.416] --------- [Monitor] StopTasks() : m_stopped
[00:29:57.416] [m_nState] AutoStop State
[00:29:58.677] ---- [Flow] CT_START Set
[00:29:58.700] ---- [Event] AutoStop : CT_START
[00:29:58.700] [m_nState] Auto State
[00:29:59.375] ---- [Flow] CT_START Set
[00:32:08.065] ---- [Flow] CT_START Set
[00:32:09.039] ---- [Flow] CT_START Set
[00:32:28.928] ---- [Flow] CT_START Set
[00:35:40.609] ---- [Flow] CT_START Set
[00:35:44.299] ---- [Flow] CT_START Set
[00:35:52.078] ---- [Flow] CT_STOP Set
[00:35:52.099] ---- [Event] Auto : CT_STOP
[00:35:52.099] --------- [Monitor] StopTasks() : before m_stopped
[00:35:52.282] --------- [Monitor] StopTasks() : m_stopped
[00:35:52.282] [m_nState] AutoStop State
[00:36:00.022] ---- [Flow] CT_START Set
[00:36:00.043] ---- [Event] AutoStop : CT_START
[00:36:00.043] [m_nState] Auto State
[00:36:00.585] ---- [Flow] CT_START Set
[00:37:15.701] ---- [Flow] CT_START Set
[00:37:19.987] ---- [Flow] CT_STOP Set
[00:37:20.008] ---- [Event] Auto : CT_STOP
[00:37:20.008] --------- [Monitor] StopTasks() : before m_stopped
[00:37:21.471] --------- [Monitor] StopTasks() : m_stopped
[00:37:21.471] [m_nState] AutoStop State
[00:37:22.707] ---- [Flow] CT_START Set
[00:37:22.728] ---- [Event] AutoStop : CT_START
[00:37:22.728] [m_nState] Auto State
[00:37:23.139] ---- [Flow] CT_START Set
[00:38:16.950] ---- [Flow] CT_START Set
[00:39:26.803] ---- [Flow] CT_START Set
[00:39:27.285] ---- [Flow] CT_START Set
[00:41:58.331] ---- [Flow] CT_START Set
[00:43:23.374] ---- [Flow] CT_START Set
[00:43:28.076] ---- [Flow] CT_STOP Set
[00:43:28.098] ---- [Event] Auto : CT_STOP
[00:43:28.098] --------- [Monitor] StopTasks() : before m_stopped
[00:43:28.157] ---- [Flow] CT_STOP Set
[00:43:28.872] ---- [Flow] CT_START Set
[00:43:36.222] ---- [Flow] CT_START Set
[00:44:05.166] ---- [Flow] CT_STOP Set
[00:44:05.168] --------- [Monitor] StopTasks() : m_stopped
[00:44:05.168] [m_nState] AutoStop State
[00:44:05.205] ---- [Flow] CT_STOP Set
[00:44:05.250] ---- [Flow] CT_STOP Set
[00:44:05.295] ---- [Flow] CT_STOP Set
[00:44:05.334] ---- [Flow] CT_STOP Set
[00:44:06.071] ---- [Flow] CT_START Set
[00:44:06.092] ---- [Event] AutoStop : CT_START
[00:44:06.092] [m_nState] Auto State
[00:44:06.215] ---- [Flow] CT_START Set
[00:45:25.459] ---- [Flow] CT_START Set
[00:45:31.615] ---- [Flow] CT_STOP Set
[00:45:31.636] ---- [Event] Auto : CT_STOP
[00:45:31.636] --------- [Monitor] StopTasks() : before m_stopped
[00:45:32.347] --------- [Monitor] StopTasks() : m_stopped
[00:45:32.347] [m_nState] AutoStop State
[00:45:35.160] ---- [Flow] CT_START Set
[00:45:35.181] ---- [Event] AutoStop : CT_START
[00:45:35.181] [m_nState] Auto State
[00:45:35.806] ---- [Flow] CT_START Set
[00:45:56.088] ---- [Flow] CT_START Set
[00:46:24.333] ---- [Flow] CT_START Set
[00:48:50.125] ---- [Flow] CT_START Set
[00:48:52.860] ---- [Flow] CT_START Set
[00:49:00.551] ---- [Flow] CT_START Set
[00:49:05.042] ---- [Flow] CT_STOP Set
[00:49:05.065] ---- [Event] Auto : CT_STOP
[00:49:05.065] --------- [Monitor] StopTasks() : before m_stopped
[00:49:05.657] --------- [Monitor] StopTasks() : m_stopped
[00:49:05.657] [m_nState] AutoStop State
[00:49:08.327] ---- [Flow] CT_START Set
[00:49:08.348] ---- [Event] AutoStop : CT_START
[00:49:08.348] [m_nState] Auto State
[00:49:08.853] ---- [Flow] CT_START Set
[00:51:08.738] ---- [Flow] CT_START Set
[00:52:29.411] ---- [Flow] CT_START Set
[00:52:29.741] ---- [Flow] CT_START Set
[00:52:32.833] ---- [Flow] CT_START Set
[00:52:42.921] ---- [Flow] CT_START Set
[00:52:54.417] ---- [Flow] CT_START Set
[00:53:44.251] ---- [Flow] CT_START Set
[00:53:54.269] ---- [Flow] CT_START Set
[00:53:56.802] ---- [Flow] CT_STOP Set
[00:53:56.824] ---- [Event] Auto : CT_STOP
[00:53:56.824] --------- [Monitor] StopTasks() : before m_stopped
[00:53:56.877] --------- [Monitor] StopTasks() : m_stopped
[00:53:56.878] [m_nState] AutoStop State
[00:53:57.661] ---- [Flow] CT_START Set
[00:53:57.682] ---- [Event] AutoStop : CT_START
[00:53:57.682] [m_nState] Auto State
[00:54:04.377] ---- [Flow] CT_STOP Set
[00:54:04.399] ---- [Event] Auto : CT_STOP
[00:54:04.399] --------- [Monitor] StopTasks() : before m_stopped
[00:54:04.721] --------- [Monitor] StopTasks() : m_stopped
[00:54:04.721] [m_nState] AutoStop State
[00:54:08.433] ---- [Flow] CT_START Set
[00:54:08.455] ---- [Event] AutoStop : CT_START
[00:54:08.455] [m_nState] Auto State
[00:54:08.922] ---- [Flow] CT_START Set
[00:55:35.779] ---- [Flow] CT_START Set
[00:55:36.251] ---- [Flow] CT_START Set
[00:57:40.002] ---- [Flow] CT_START Set
[01:01:57.188] ---- [Flow] CT_START Set
[01:02:38.408] ---- [Flow] CT_START Set
[01:06:09.569] ---- [Flow] CT_START Set
[01:08:58.583] ---- [Flow] CT_START Set
[01:08:59.271] ---- [Flow] CT_START Set
[01:09:46.857] ---- [Flow] CT_START Set
[01:10:01.158] ---- [Flow] CT_START Set
[01:10:27.154] ---- [Flow] CT_START Set
[01:10:31.688] ---- [Flow] CT_STOP Set
[01:10:31.710] ---- [Event] Auto : CT_STOP
[01:10:31.710] --------- [Monitor] StopTasks() : before m_stopped
[01:10:32.820] --------- [Monitor] StopTasks() : m_stopped
[01:10:32.820] [m_nState] AutoStop State
[01:10:36.804] ---- [Flow] CT_START Set
[01:10:36.826] ---- [Event] AutoStop : CT_START
[01:10:36.826] [m_nState] Auto State
[01:10:37.614] ---- [Flow] CT_START Set
[01:11:00.583] ---- [Flow] CT_START Set
[01:11:48.378] ---- [Flow] CT_START Set
[01:11:58.871] ---- [Flow] CT_START Set
[01:13:28.123] ---- [Flow] CT_START Set
[01:13:29.097] ---- [Flow] CT_START Set
[01:14:58.420] ---- [Flow] CT_START Set
[01:15:03.485] ---- [Flow] CT_STOP Set
[01:15:03.506] ---- [Event] Auto : CT_STOP
[01:15:03.506] --------- [Monitor] StopTasks() : before m_stopped
[01:15:03.566] ---- [Flow] CT_STOP Set
[01:15:03.625] ---- [Flow] CT_STOP Set
[01:15:04.719] --------- [Monitor] StopTasks() : m_stopped
[01:15:04.719] [m_nState] AutoStop State
[01:15:08.020] ---- [Flow] CT_START Set
[01:15:08.041] ---- [Event] AutoStop : CT_START
[01:15:08.041] [m_nState] Auto State
[01:15:08.542] ---- [Flow] CT_START Set
[01:17:08.699] ---- [Flow] CT_START Set
[01:17:13.739] ---- [Flow] CT_START Set
[01:17:14.892] ---- [Flow] CT_STOP Set
[01:17:14.914] ---- [Event] Auto : CT_STOP
[01:17:14.914] --------- [Monitor] StopTasks() : before m_stopped
[01:17:15.738] --------- [Monitor] StopTasks() : m_stopped
[01:17:15.738] [m_nState] AutoStop State
[01:17:17.733] ---- [Flow] CT_START Set
[01:17:17.754] ---- [Event] AutoStop : CT_START
[01:17:17.754] [m_nState] Auto State
[01:17:18.479] ---- [Flow] CT_START Set
[01:19:19.490] ---- [Flow] CT_START Set
[01:19:21.199] ---- [Flow] CT_START Set
[01:19:28.041] ---- [Flow] CT_STOP Set
[01:19:28.062] ---- [Event] Auto : CT_STOP
[01:19:28.062] --------- [Monitor] StopTasks() : before m_stopped
[01:19:28.118] ---- [Flow] CT_STOP Set
[01:19:28.234] --------- [Monitor] StopTasks() : m_stopped
[01:19:28.234] [m_nState] AutoStop State
[01:19:31.482] ---- [Flow] CT_START Set
[01:19:31.504] ---- [Event] AutoStop : CT_START
[01:19:31.504] [m_nState] Auto State
[01:19:47.487] ---- [Flow] CT_START Set
[01:20:24.664] ---- [Flow] CT_START Set
[01:20:25.494] ---- [Flow] CT_START Set
[01:20:26.331] ---- [Flow] CT_START Set
[01:20:38.888] ---- [Flow] CT_START Set
[01:22:58.294] ---- [Flow] CT_START Set
[01:23:50.743] ---- [Flow] CT_START Set
[01:26:42.005] ---- [Flow] CT_START Set
[01:26:50.367] ---- [Flow] CT_STOP Set
[01:26:50.388] ---- [Event] Auto : CT_STOP
[01:26:50.388] --------- [Monitor] StopTasks() : before m_stopped
[01:26:50.432] ---- [Flow] CT_STOP Set
[01:26:50.978] --------- [Monitor] StopTasks() : m_stopped
[01:26:50.979] [m_nState] AutoStop State
[01:26:54.151] ---- [Flow] CT_START Set
[01:26:54.172] ---- [Event] AutoStop : CT_START
[01:26:54.172] [m_nState] Auto State
[01:27:12.364] ---- [Flow] CT_START Set
[01:28:23.374] ---- [Flow] CT_START Set
[01:28:27.125] ---- [Flow] CT_START Set
[01:30:45.716] ---- [Flow] CT_START Set
[01:30:46.473] ---- [Flow] CT_START Set
[01:30:47.958] ---- [Flow] CT_START Set
[01:32:11.822] ---- [Flow] CT_START Set
[01:34:23.727] ---- [Flow] CT_STOP Set
[01:34:23.749] ---- [Event] Auto : CT_STOP
[01:34:23.749] --------- [Monitor] StopTasks() : before m_stopped
[01:34:24.301] --------- [Monitor] StopTasks() : m_stopped
[01:34:24.301] [m_nState] AutoStop State
[01:34:27.884] ---- [Flow] CT_START Set
[01:34:27.906] ---- [Event] AutoStop : CT_START
[01:34:27.906] [m_nState] Auto State
[01:34:28.521] ---- [Flow] CT_START Set
[01:34:31.712] ---- [Flow] CT_START Set
[01:35:55.078] ---- [Flow] CT_START Set
[01:35:58.698] ---- [Flow] CT_START Set
[01:36:51.505] ---- [Flow] CT_START Set
[01:38:20.529] ---- [Flow] CT_START Set
[01:38:30.813] ---- [Flow] CT_START Set
[01:39:54.150] ---- [Flow] CT_START Set
[01:43:32.259] ---- [Flow] CT_START Set
[01:43:37.294] ---- [Flow] CT_STOP Set
[01:43:37.317] ---- [Event] Auto : CT_STOP
[01:43:37.317] --------- [Monitor] StopTasks() : before m_stopped
[01:43:38.026] --------- [Monitor] StopTasks() : m_stopped
[01:43:38.026] [m_nState] AutoStop State
[01:43:40.459] ---- [Flow] CT_START Set
[01:43:40.481] ---- [Event] AutoStop : CT_START
[01:43:40.481] [m_nState] Auto State
[01:43:41.287] ---- [Flow] CT_START Set
[01:45:33.836] ---- [Flow] CT_STOP Set
[01:45:33.858] ---- [Event] Auto : CT_STOP
[01:45:33.858] --------- [Monitor] StopTasks() : before m_stopped
[01:45:33.896] ---- [Flow] CT_STOP Set
[01:45:33.942] ---- [Flow] CT_STOP Set
[01:45:33.988] ---- [Flow] CT_STOP Set
[01:45:34.033] ---- [Flow] CT_STOP Set
[01:45:34.210] ---- [Flow] CT_STOP Set
[01:45:34.255] ---- [Flow] CT_STOP Set
[01:45:34.406] --------- [Monitor] StopTasks() : m_stopped
[01:45:34.406] [m_nState] AutoStop State
[01:45:40.698] ---- [Flow] CT_START Set
[01:45:40.719] ---- [Event] AutoStop : CT_START
[01:45:40.719] [m_nState] Auto State
[01:45:42.873] ---- [Flow] CT_STOP Set
[01:45:42.894] ---- [Event] Auto : CT_STOP
[01:45:42.894] --------- [Monitor] StopTasks() : before m_stopped
[01:45:43.305] --------- [Monitor] StopTasks() : m_stopped
[01:45:43.306] [m_nState] AutoStop State
[01:45:47.705] ---- [Flow] CT_START Set
[01:45:47.726] ---- [Event] AutoStop : CT_START
[01:45:47.726] [m_nState] Auto State
[01:45:48.500] ---- [Flow] CT_START Set
[01:47:10.055] ---- [Flow] CT_START Set
[01:47:10.525] ---- [Flow] CT_START Set
[01:49:46.532] ---- [Flow] CT_START Set
[01:51:01.791] ---- [Flow] CT_START Set
[01:53:00.008] ---- [Flow] CT_STOP Set
[01:53:00.030] ---- [Event] Auto : CT_STOP
[01:53:00.030] --------- [Monitor] StopTasks() : before m_stopped
[01:53:00.043] --------- [Monitor] StopTasks() : m_stopped
[01:53:00.043] [m_nState] AutoStop State
[01:53:00.058] ---- [Flow] CT_STOP Set
[01:53:02.790] ---- [Flow] CT_START Set
[01:53:02.811] ---- [Event] AutoStop : CT_START
[01:53:02.811] [m_nState] Auto State
[01:53:03.375] ---- [Flow] CT_START Set
[01:55:12.189] ---- [Flow] CT_START Set
[01:55:12.667] ---- [Flow] CT_START Set
[02:01:26.034] ---- [Flow] CT_START Set
[02:01:58.446] ---- [Flow] CT_START Set
[02:02:30.037] ---- [Flow] CT_START Set
[02:03:01.613] ---- [Flow] CT_START Set
[02:03:02.483] ---- [Flow] CT_START Set
[02:04:01.117] ---- [Flow] CT_START Set
[02:05:00.649] ---- [Flow] CT_START Set
[02:05:45.329] ---- [Flow] CT_START Set
[02:10:13.750] ---- [Flow] CT_START Set
[02:10:15.041] ---- [Flow] CT_START Set
[02:10:19.642] ---- [Flow] CT_STOP Set
[02:10:19.664] ---- [Event] Auto : CT_STOP
[02:10:19.664] --------- [Monitor] StopTasks() : before m_stopped
[02:10:20.078] --------- [Monitor] StopTasks() : m_stopped
[02:10:20.078] [m_nState] AutoStop State
[02:10:23.368] ---- [Flow] CT_START Set
[02:10:23.389] ---- [Event] AutoStop : CT_START
[02:10:23.389] [m_nState] Auto State
[02:10:24.144] ---- [Flow] CT_START Set
[02:11:00.071] ---- [Flow] CT_START Set
[02:12:49.491] ---- [Flow] CT_STOP Set
[02:12:49.512] ---- [Event] Auto : CT_STOP
[02:12:49.512] --------- [Monitor] StopTasks() : before m_stopped
[02:12:50.064] --------- [Monitor] StopTasks() : m_stopped
[02:12:50.065] [m_nState] AutoStop State
[02:12:51.672] ---- [Flow] CT_START Set
[02:12:51.694] ---- [Event] AutoStop : CT_START
[02:12:51.694] [m_nState] Auto State
[02:12:52.293] ---- [Flow] CT_START Set
[02:14:18.462] ---- [Flow] CT_STOP Set
[02:14:18.485] ---- [Event] Auto : CT_STOP
[02:14:18.485] --------- [Monitor] StopTasks() : before m_stopped
[02:14:19.601] --------- [Monitor] StopTasks() : m_stopped
[02:14:19.601] [m_nState] AutoStop State
[02:14:21.037] ---- [Flow] CT_START Set
[02:14:21.058] ---- [Event] AutoStop : CT_START
[02:14:21.058] [m_nState] Auto State
[02:14:21.662] ---- [Flow] CT_START Set
[02:15:00.255] ---- [Flow] CT_START Set
[02:15:16.052] ---- [Flow] CT_START Set
[02:16:08.830] ---- [Flow] CT_START Set
[02:16:48.657] ---- [Flow] CT_START Set
[02:17:40.972] ---- [Flow] CT_START Set
[02:18:57.767] ---- [Flow] CT_START Set
[02:20:10.090] ---- [Flow] CT_STOP Set
[02:20:10.112] ---- [Event] Auto : CT_STOP
[02:20:10.112] --------- [Monitor] StopTasks() : before m_stopped
[02:20:10.154] ---- [Flow] CT_STOP Set
[02:20:10.186] ---- [Flow] CT_STOP Set
[02:20:10.462] --------- [Monitor] StopTasks() : m_stopped
[02:20:10.462] [m_nState] AutoStop State
[02:20:10.678] ---- [Flow] CT_START Set
[02:20:10.700] ---- [Event] AutoStop : CT_START
[02:20:10.700] [m_nState] Auto State
[02:20:16.671] ---- [Flow] CT_STOP Set
[02:20:16.693] ---- [Event] Auto : CT_STOP
[02:20:16.693] --------- [Monitor] StopTasks() : before m_stopped
[02:20:16.747] ---- [Flow] CT_STOP Set
[02:20:16.988] --------- [Monitor] StopTasks() : m_stopped
[02:20:16.988] [m_nState] AutoStop State
[02:20:19.386] ---- [Flow] CT_START Set
[02:20:19.408] ---- [Event] AutoStop : CT_START
[02:20:19.408] [m_nState] Auto State
[02:20:40.374] ---- [Flow] CT_START Set
[02:21:02.085] ---- [Flow] CT_START Set
[02:26:55.449] ---- [Flow] CT_START Set
[02:27:23.607] ---- [Flow] CT_START Set
[02:27:41.261] ---- [Flow] CT_START Set
[02:35:10.234] ---- [Flow] CT_START Set
[02:37:39.029] ---- [Flow] CT_START Set
[02:37:48.304] ---- [Flow] CT_START Set
[02:37:52.613] ---- [Flow] CT_START Set
[02:46:20.441] ---- [Flow] CT_START Set
[02:46:41.739] ---- [Flow] CT_START Set
[02:55:53.684] ---- [Flow] CT_START Set
[03:03:54.657] ---- [Flow] CT_START Set
[03:04:27.948] ---- [Flow] CT_START Set
[03:11:56.949] ---- [Flow] CT_START Set
[03:13:23.931] ---- [Flow] CT_START Set
[03:15:36.987] ---- [Flow] CT_START Set
[03:19:59.646] ---- [Flow] CT_START Set
[03:27:05.499] ---- [Flow] CT_START Set
[03:32:44.237] ---- [Flow] CT_START Set
[03:34:47.824] ---- [Flow] CT_START Set
[03:35:04.427] ---- [Flow] CT_START Set
[03:35:04.565] ---- [Flow] CT_START Set
[03:35:18.506] ---- [Flow] CT_START Set
[03:35:45.345] ---- [Flow] CT_START Set
[03:35:48.274] ---- [Flow] CT_STOP Set
[03:35:48.296] ---- [Event] Auto : CT_STOP
[03:35:48.296] --------- [Monitor] StopTasks() : before m_stopped
[03:35:48.325] ---- [Flow] CT_STOP Set
[03:35:49.089] --------- [Monitor] StopTasks() : m_stopped
[03:35:49.089] [m_nState] AutoStop State
[03:35:52.556] ---- [Flow] CT_START Set
[03:35:52.578] ---- [Event] AutoStop : CT_START
[03:35:52.578] [m_nState] Auto State
[03:35:53.138] ---- [Flow] CT_START Set
[03:38:38.909] ---- [Flow] CT_START Set
[03:41:40.609] ---- [Flow] CT_START Set
[03:42:05.792] ---- [Flow] CT_STOP Set
[03:42:05.815] ---- [Event] Auto : CT_STOP
[03:42:05.815] --------- [Monitor] StopTasks() : before m_stopped
[03:42:05.853] ---- [Flow] CT_STOP Set
[03:42:05.893] ---- [Flow] CT_STOP Set
[03:42:06.717] --------- [Monitor] StopTasks() : m_stopped
[03:42:06.718] [m_nState] AutoStop State
[03:42:09.065] ---- [Flow] CT_START Set
[03:42:09.086] ---- [Event] AutoStop : CT_START
[03:42:09.086] [m_nState] Auto State
[03:42:09.499] ---- [Flow] CT_START Set
[03:45:43.671] ---- [Flow] CT_START Set
[03:58:16.201] ---- [Flow] CT_START Set
[03:59:26.142] ---- [Flow] CT_START Set
[03:59:41.588] ---- [Flow] CT_START Set
[04:01:59.033] ---- [Flow] CT_START Set
[04:08:20.008] ---- [Flow] CT_START Set
[04:09:44.690] ---- [Flow] CT_START Set
[04:19:24.843] ---- [Flow] CT_START Set
[04:19:27.500] ---- [Flow] CT_START Set
[04:19:36.659] ---- [Flow] CT_START Set
[04:19:42.563] ---- [Flow] CT_STOP Set
[04:19:42.584] ---- [Event] Auto : CT_STOP
[04:19:42.584] --------- [Monitor] StopTasks() : before m_stopped
[04:19:42.623] --------- [Monitor] StopTasks() : m_stopped
[04:19:42.623] [m_nState] AutoStop State
[04:19:42.677] ---- [Flow] CT_STOP Set
