[02:46:03.810] [LeftTransferStation] Vacuum Error
[02:56:12.176] [LeftTransferStation] Vacuum Error
[03:15:27.002] [LeftTransferStation] Set Double Place
[03:21:09.990] [LeftTransferStation] Vacuum Error
[08:02:49.243] [LeftPPStation] Load Cylinder Vacuum Error
[08:20:31.875] [LeftTransferStation] Vacuum Error
[08:21:02.041] [LeftTransferStation] Vacuum Error
[10:10:25.341] [LeftPPStation] Load Cylinder Up Error
[10:10:34.192] [LeftPPStation] Load Cylinder Up Error
[10:10:42.872] [LeftPPStation] Load Cylinder Vacuum Error
[10:46:21.379] [RightPPStation] Load Cylinder Up Error
[10:46:49.563] [RightPPStation] Load Cylinder Vacuum Error
[10:47:33.004] [LeftPPStation] Load Cylinder Up Error
[10:47:52.307] [LeftPPStation] Load Cylinder Up Error
[10:47:55.070] [LeftPPStation] Load Cylinder Vacuum Error
[11:05:24.385] [LeftPPStation] Unload Cylinder Vacuum Error
[11:12:24.935] [RightTransferStation] Vacuum Error
[11:15:24.795] [RightTransferStation] Vacuum Error
[12:28:52.175] [LeftTransferStation] Vacuum Error
[12:29:08.160] [LeftTransferStation] Vacuum Error
[12:33:04.894] [LeftTransferStation] Vacuum Error
[12:34:00.637] [RightTransferStation] Move Z Axis Error
[12:34:06.385] [RightTransferStation] Move Z Axis Error
[12:34:11.120] [RightTransferStation] Move Z Axis Error
[12:38:15.260] [RightTransferStation] Vacuum Error
[13:06:12.267] [MainControlStation] Right Door Open
[13:13:26.993] [RightTransferStation] Vacuum Error
[13:41:34.746] [LeftTransferStation] Vacuum Error
[13:47:01.171] [LeftTransferStation] Vacuum Error
[13:48:58.302] [RightTransferStation] Vacuum Error
[16:43:42.695] [LeftPPStation] Unload Cylinder Vacuum Error
[16:54:57.717] [LeftPPStation] Unload Cylinder Vacuum Error
[16:55:38.589] [RightPPStation] Unload Cylinder Vacuum Error
[16:55:57.167] [RightPPStation] Unload Cylinder Vacuum Error
[17:07:47.869] [LeftPPStation] Unload Cylinder Vacuum Error
[17:35:22.192] [LeftPPStation] Unload Cylinder Vacuum Error
[17:35:33.011] [LeftPPStation] Unload Cylinder Vacuum Error
[17:44:37.597] [LeftPPStation] Unload Cylinder Vacuum Error
[18:32:06.700] [LeftPPStation] Load Cylinder Up Error
[18:32:15.617] [LeftPPStation] Load Cylinder Up Error
[18:32:22.169] [LeftPPStation] Load Cylinder Up Error
[18:32:38.192] [LeftPPStation] Load Cylinder Vacuum Error
[18:38:52.731] [MainControlStation] Right Door Open
[19:10:58.219] [LeftPPStation] Unload Cylinder Vacuum Error
