[02:30:16.588] ---- [Flow] CT_START Set
[02:30:16.612] ---- [Event] Idle : CT_START
[02:30:16.613] [m_nState] Auto State
[02:30:18.562] ---- [Flow] CT_START Set
[02:31:11.782] ---- [Flow] CT_STOP Set
[02:31:11.804] ---- [Event] Auto : CT_STOP
[02:31:11.805] --------- [Monitor] StopTasks() : before m_stopped
[02:31:11.898] --------- [Monitor] StopTasks() : m_stopped
[02:31:11.899] [m_nState] AutoStop State
[02:37:51.336] ---- [Flow] CT_START Set
[02:37:51.359] ---- [Event] AutoStop : CT_START
[02:37:51.360] [m_nState] Auto State
[02:37:52.417] ---- [Flow] CT_START Set
[02:47:21.311] ---- [Flow] CT_START Set
[02:57:21.069] ---- [Flow] CT_START Set
[03:15:38.690] ---- [Flow] CT_START Set
[04:45:58.331] ---- [Flow] CT_STOP Set
[04:45:58.353] ---- [Event] Auto : CT_STOP
[04:45:58.354] --------- [Monitor] StopTasks() : before m_stopped
[04:45:58.460] --------- [Monitor] StopTasks() : m_stopped
[04:45:58.461] [m_nState] AutoStop State
[06:57:53.919] ---- [Flow] CT_START Set
[06:57:53.942] ---- [Event] AutoStop : CT_START
[06:57:53.943] [m_nState] Auto State
[06:57:54.602] ---- [Flow] CT_START Set
[07:00:58.359] ---- [Flow] CT_STOP Set
[07:00:58.381] ---- [Event] Auto : CT_STOP
[07:00:58.382] --------- [Monitor] StopTasks() : before m_stopped
[07:00:58.484] --------- [Monitor] StopTasks() : m_stopped
[07:00:58.485] [m_nState] AutoStop State
[07:03:35.663] ---- [Flow] CT_START Set
[07:03:35.685] ---- [Event] AutoStop : CT_START
[07:03:35.686] [m_nState] Auto State
[07:46:09.038] ---- [Flow] CT_START Set
[08:02:54.442] ---- [Flow] CT_START Set
[08:20:38.167] ---- [Flow] CT_STOP Set
[08:20:38.190] ---- [Event] Auto : CT_STOP
[08:20:38.191] --------- [Monitor] StopTasks() : before m_stopped
[08:20:38.250] --------- [Monitor] StopTasks() : m_stopped
[08:20:38.251] [m_nState] AutoStop State
[08:20:38.293] ---- [Flow] CT_STOP Set
[08:20:42.791] ---- [Flow] CT_START Set
[08:20:42.813] ---- [Event] AutoStop : CT_START
[08:20:42.816] [m_nState] Auto State
[08:20:45.445] ---- [Flow] CT_START Set
[08:21:01.574] ---- [Flow] CT_START Set
[08:21:02.965] ---- [Flow] CT_START Set
[10:10:28.613] ---- [Flow] CT_START Set
[10:10:32.793] ---- [Flow] CT_START Set
[10:10:42.199] ---- [Flow] CT_START Set
[10:10:43.880] ---- [Flow] CT_START Set
[10:46:27.676] ---- [Flow] CT_START Set
[10:46:49.112] ---- [Flow] CT_START Set
[10:46:49.330] ---- [Flow] CT_START Set
[10:47:54.940] ---- [Flow] CT_START Set
[10:47:55.091] ---- [Flow] CT_START Set
[11:33:29.534] ---- [Flow] CT_START Set
[12:29:01.115] ---- [Flow] CT_START Set
[12:29:07.798] ---- [Flow] CT_START Set
[12:29:10.346] ---- [Flow] CT_STOP Set
[12:29:10.369] ---- [Event] Auto : CT_STOP
[12:29:10.370] --------- [Monitor] StopTasks() : before m_stopped
[12:29:10.396] --------- [Monitor] StopTasks() : m_stopped
[12:29:10.397] [m_nState] AutoStop State
[12:29:10.400] ---- [Flow] CT_STOP Set
[12:30:24.952] ---- [Flow] CT_START Set
[12:30:24.974] ---- [Event] AutoStop : CT_START
[12:30:24.975] [m_nState] Auto State
[12:32:58.616] ---- [Flow] CT_START Set
[12:33:09.573] ---- [Flow] CT_START Set
[12:34:05.469] ---- [Flow] CT_START Set
[12:34:09.435] ---- [Flow] CT_STOP Set
[12:34:09.458] ---- [Event] Auto : CT_STOP
[12:34:09.458] --------- [Monitor] StopTasks() : before m_stopped
[12:34:09.460] --------- [Monitor] StopTasks() : m_stopped
[12:34:09.461] [m_nState] AutoStop State
[12:34:09.622] ---- [Flow] CT_STOP Set
[12:34:10.087] ---- [Flow] CT_START Set
[12:34:10.110] ---- [Event] AutoStop : CT_START
[12:34:10.111] [m_nState] Auto State
[12:34:11.430] ---- [Flow] CT_STOP Set
[12:34:11.453] ---- [Event] Auto : CT_STOP
[12:34:11.454] --------- [Monitor] StopTasks() : before m_stopped
[12:34:11.456] --------- [Monitor] StopTasks() : m_stopped
[12:34:11.457] [m_nState] AutoStop State
[12:34:11.879] ---- [Flow] CT_STOP Set
[12:34:26.702] ---- [Flow] CT_START Set
[12:34:26.724] ---- [Event] AutoStop : CT_START
[12:34:26.725] [m_nState] Auto State
[12:34:54.500] ---- [Flow] CT_START Set
[12:38:54.700] ---- [Flow] CT_START Set
[12:49:37.010] ---- [Flow] CT_START Set
[12:50:42.557] ---- [Flow] CT_START Set
[13:06:15.227] ---- [Flow] CT_START Set
[13:13:16.428] ---- [Flow] CT_START Set
[13:13:29.103] ---- [Flow] CT_START Set
[13:46:54.143] ---- [Flow] CT_START Set
[13:49:09.314] ---- [Flow] CT_START Set
[16:44:09.413] ---- [Flow] CT_START Set
[16:56:10.000] ---- [Flow] CT_START Set
[17:08:06.086] ---- [Flow] CT_START Set
[17:35:40.834] ---- [Flow] CT_START Set
[17:44:46.918] ---- [Flow] CT_START Set
[17:45:13.904] ---- [Flow] CT_START Set
[18:32:10.427] ---- [Flow] CT_START Set
[18:32:17.103] ---- [Flow] CT_START Set
[18:32:34.217] ---- [Flow] CT_START Set
[18:32:37.910] ---- [Flow] CT_START Set
[18:32:38.132] ---- [Flow] CT_START Set
[18:38:21.993] ---- [Flow] CT_START Set
[18:39:06.916] ---- [Flow] CT_START Set
[19:24:02.132] ---- [Flow] CT_STOP Set
[19:24:02.155] ---- [Event] Auto : CT_STOP
[19:24:02.156] --------- [Monitor] StopTasks() : before m_stopped
[19:24:02.223] --------- [Monitor] StopTasks() : m_stopped
[19:24:02.224] [m_nState] AutoStop State
[20:25:32.666] ---- [Flow] CT_START Set
[20:25:32.688] ---- [Event] AutoStop : CT_START
[20:25:32.689] [m_nState] Auto State
[20:25:33.381] ---- [Flow] CT_START Set
[20:45:25.710] ---- [Flow] CT_START Set
[20:48:54.653] ---- [Flow] CT_START Set
[21:07:32.425] ---- [Flow] CT_START Set
[21:59:20.547] ---- [Flow] CT_STOP Set
[21:59:20.570] ---- [Event] Auto : CT_STOP
[21:59:20.571] --------- [Monitor] StopTasks() : before m_stopped
[21:59:20.687] ---- [Flow] CT_STOP Set
[21:59:21.201] --------- [Monitor] StopTasks() : m_stopped
[21:59:21.202] [m_nState] AutoStop State
[22:07:37.517] ---- [Flow] CT_START Set
[22:07:37.540] ---- [Event] AutoStop : CT_START
[22:07:37.541] [m_nState] Auto State
[22:07:38.260] ---- [Flow] CT_START Set
[22:46:16.889] ---- [Flow] CT_START Set
[23:03:01.604] ---- [Flow] CT_START Set
[23:17:43.765] ---- [Flow] CT_START Set
[23:46:18.975] ---- [Flow] CT_STOP Set
[23:46:18.998] ---- [Event] Auto : CT_STOP
[23:46:18.999] --------- [Monitor] StopTasks() : before m_stopped
[23:46:19.011] --------- [Monitor] StopTasks() : m_stopped
[23:46:19.012] [m_nState] AutoStop State
[23:46:57.641] ---- [Flow] CT_START Set
[23:46:57.664] ---- [Event] AutoStop : CT_START
[23:46:57.665] [m_nState] Auto State
[23:46:58.605] ---- [Flow] CT_START Set
