[00:42:57.560] [RightPPStation] Load Cylinder Vacuum Error
[01:16:57.720] [LeftTransferStation] Set Double Place
[01:20:12.286] [RightTransferStation] Vacuum Error
[03:17:05.208] [RightPPStation] Unload Cylinder Vacuum Error
[03:18:21.760] [LeftPPStation] Load Cylinder Vacuum Error
[07:06:03.805] [LeftPPStation] Load Cylinder Vacuum Error
[07:45:37.908] [LeftTransferStation] Vacuum Error
[07:53:01.780] [LeftPPStation] Unload Buffer Set Not Exist
[07:53:40.254] [MainControlStation] Left Door Open
[08:36:20.670] [RightPPStation] Unload Cylinder Vacuum Error
[08:37:03.242] [RightPPStation] Unload Cylinder Vacuum Error
[08:39:02.401] [RightTransferStation] Vacuum Error
[08:39:13.005] [RightTransferStation] Vacuum Error
[09:13:26.831] [RightPPStation] Load Cylinder Up Error
[09:13:55.644] [RightPPStation] Load Cylinder Up Error
[09:14:35.488] [RightPPStation] Load Cylinder Up Error
[09:14:44.096] [RightPPStation] Load Cylinder Up Error
[09:14:50.793] [RightPPStation] Load Cylinder Up Error
[09:15:09.261] [RightPPStation] Load Cylinder Up Error
[09:15:16.056] [RightPPStation] Load Cylinder Up Error
[09:15:46.768] [RightPPStation] Load Cylinder Up Error
[09:16:20.697] [RightPPStation] Load Cylinder Up Error
[09:16:31.675] [RightPPStation] Load Cylinder Up Error
[09:18:10.833] [RightPPStation] Load Buffer Set Exist
[09:18:18.074] [RightPPStation] Load Buffer Set Exist
[09:19:59.222] [RightPPStation] Load Cylinder Up Error
[09:20:08.379] [RightPPStation] Load Cylinder Up Error
[09:23:08.250] [RightPPStation] Load Cylinder Up Error
[09:23:16.984] [RightPPStation] Load Cylinder Up Error
[09:23:23.881] [RightPPStation] Load Cylinder Up Error
[09:25:07.168] [RightPPStation] Move Axis Error
[09:25:14.831] [RightPPStation] Move Axis Error
[09:25:40.888] [RightPPStation] Load Cylinder Up Error
[09:25:47.561] [RightPPStation] Load Cylinder Up Error
[09:25:56.795] [RightPPStation] Load Cylinder Up Error
[09:26:04.794] [RightPPStation] Load Cylinder Up Error
[09:26:11.140] [RightPPStation] Load Cylinder Up Error
[09:26:24.436] [RightPPStation] Load Cylinder Up Error
[09:27:02.929] [RightTransferStation] Vacuum Error
[09:27:40.903] [RightPPStation] Load Cylinder Up Error
[09:27:50.638] [RightPPStation] Load Cylinder Up Error
[09:27:58.529] [RightPPStation] Load Cylinder Up Error
[09:28:41.481] [RightPPStation] Load Cylinder Up Error
[09:28:54.860] [MainControlStation] Right Door Open
[09:28:59.474] [RightPPStation] Load Cylinder Up Error
[09:31:19.855] [RightPPStation] Move Axis Error
[09:31:27.304] [RightPPStation] Move Axis Error
[09:41:34.227] [RightPPStation] Load Buffer Set Exist
[09:41:37.659] [RightPPStation] Load Buffer Set Exist
[09:41:41.013] [RightPPStation] Load Buffer Set Exist
[09:41:45.850] [RightPPStation] Load Buffer Set Exist
[09:41:53.771] [RightPPStation] Load Buffer Set Exist
[09:41:57.065] [RightPPStation] Load Buffer Set Exist
[09:42:04.332] [RightPPStation] Load Buffer Set Exist
[09:42:07.223] [RightPPStation] Load Buffer Set Exist
[09:42:08.794] [RightPPStation] Load Buffer Set Exist
[09:42:27.126] [RightPPStation] Load Cylinder Up Error
[09:42:46.512] [RightPPStation] Load Cylinder Up Error
[09:43:20.909] [RightPPStation] Load Cylinder Up Error
[11:02:47.354] [RightTransferStation] Vacuum Error
[17:37:10.583] [RightPPStation] Load Cylinder Vacuum Error
[17:39:04.212] [RightPPStation] Load Cylinder Vacuum Error
[18:00:11.888] [MainControlStation] Right Door Open
[21:30:02.350] [LeftTransferStation] Vacuum Error
[21:30:12.265] [LeftTransferStation] Vacuum Error
[21:30:26.083] [LeftTransferStation] Vacuum Error
[21:41:10.313] [RightPPStation] Load Cylinder Vacuum Error
[21:41:22.227] [LeftPPStation] Load Cylinder Up Error
[21:47:00.024] [LeftPPStation] Load Cylinder Up Error
[22:40:58.978] [RightTransferStation] Vacuum Error
[22:41:27.431] [RightTransferStation] Vacuum Error
[22:42:28.470] [RightPPStation] Load Cylinder Vacuum Error
