[00:11:45.479] [RightTransferStation] Move XY Axis Error
[00:12:02.733] [RightTransferStation] Move XY Axis Error
[01:20:24.669] [RightTransferStation] Move XY Axis Error
[01:45:03.314] [RightTransferStation] Move XY Axis Error
[01:45:20.130] [RightTransferStation] Move XY Axis Error
[01:45:24.555] [RightTransferStation] Move XY Axis Error
[01:45:50.157] [RightTransferStation] Move XY Axis Error
[01:45:53.334] [RightTransferStation] Move XY Axis Error
[01:46:13.961] [RightTransferStation] Move XY Axis Error
[02:57:38.573] [RightTransferStation] Move XY Axis Error
[03:21:59.862] [RightTransferStation] Move XY Axis Error
[03:25:15.808] [RightTransferStation] Move XY Axis Error
[03:29:38.083] [RightTransferStation] Move XY Axis Error
[06:25:33.738] [RightPPStation] Load Cylinder Vacuum Error
[07:23:23.514] [LeftTransferStation] Unload Buffer Set Exist
[08:36:23.069] [RightTransferStation] Move Z Axis Error
[08:37:39.899] [RightTransferStation] Move Z Axis Error
[09:23:57.675] [RightTransferStation] Move XY Axis Error
[10:28:03.587] [RightTransferStation] Move XY Axis Error
[10:36:10.610] [RightTransferStation] Move XY Axis Error
[10:37:43.499] [RightTransferStation] Move XY Axis Error
[10:54:24.659] [RightTransferStation] Move Z Axis Error
[10:54:29.366] [RightTransferStation] Move Z Axis Error
[10:55:13.599] [RightTransferStation] Move Z Axis Error
[10:58:47.443] [MainControlStation] Right Door Open
[11:00:29.491] [RightTransferStation] Vacuum Error
[11:01:18.424] [RightTransferStation] Move Z Axis Error
[11:01:37.532] [MainControlStation] Right Door Open
[11:03:14.763] [RightTransferStation] Move Z Axis Error
[11:03:35.612] [RightTransferStation] Move Z Axis Error
[11:03:42.979] [RightTransferStation] Vacuum Error
[11:36:12.338] [LeftPPStation] Load Cylinder Vacuum Error
[12:13:56.688] [LeftTransferStation] Vacuum Error
[12:14:07.802] [LeftTransferStation] Vacuum Error
[12:53:00.820] [RightTransferStation] Move XY Axis Error
[12:53:27.728] [RightTransferStation] Move XY Axis Error
[12:54:34.909] [RightTransferStation] Move XY Axis Error
[12:59:07.417] [RightTransferStation] Move XY Axis Error
[13:01:24.057] [RightTransferStation] Move XY Axis Error
[13:02:28.447] [RightTransferStation] Move XY Axis Error
[13:06:11.302] [RightTransferStation] Move XY Axis Error
[13:08:50.899] [RightTransferStation] Move XY Axis Error
[13:17:38.413] [RightTransferStation] Move XY Axis Error
[13:21:51.179] [RightTransferStation] Move XY Axis Error
[13:29:26.329] [RightTransferStation] Move XY Axis Error
[13:33:24.611] [RightTransferStation] Move XY Axis Error
[13:34:15.665] [RightTransferStation] Move XY Axis Error
[13:35:49.950] [RightTransferStation] Move XY Axis Error
[13:36:08.380] [RightTransferStation] Move XY Axis Error
[13:37:36.049] [RightTransferStation] Move XY Axis Error
[13:43:07.901] [RightTransferStation] Move XY Axis Error
[13:43:40.634] [RightTransferStation] Move XY Axis Error
[13:46:21.563] [RightTransferStation] Move XY Axis Error
[13:47:34.357] [RightTransferStation] Move XY Axis Error
[13:47:55.488] [RightTransferStation] Move XY Axis Error
[13:52:13.880] [RightTransferStation] Move XY Axis Error
[13:54:27.439] [RightTransferStation] Move XY Axis Error
[14:01:10.837] [RightTransferStation] Move XY Axis Error
[14:04:23.877] [RightTransferStation] Move XY Axis Error
[14:04:28.356] [RightTransferStation] Move XY Axis Error
[14:08:15.561] [RightTransferStation] Move XY Axis Error
[14:08:31.525] [RightTransferStation] Move XY Axis Error
[14:10:53.921] [RightTransferStation] Move XY Axis Error
[14:21:03.449] [RightTransferStation] Move XY Axis Error
[14:25:48.296] [RightTransferStation] Move XY Axis Error
[14:35:39.395] [RightTransferStation] Move XY Axis Error
[14:36:23.844] [RightTransferStation] Move XY Axis Error
[14:46:53.015] [RightTransferStation] Move XY Axis Error
[14:47:29.706] [RightTransferStation] Move XY Axis Error
[14:48:23.930] [RightTransferStation] Move XY Axis Error
[14:51:45.846] [RightTransferStation] Move XY Axis Error
[15:01:00.134] [RightTransferStation] Move XY Axis Error
[15:02:48.456] [RightTransferStation] Move XY Axis Error
[15:06:04.524] [RightTransferStation] Move XY Axis Error
[15:09:02.401] [RightTransferStation] Move XY Axis Error
[15:15:40.877] [RightTransferStation] Move XY Axis Error
[15:22:53.305] [RightTransferStation] Move XY Axis Error
[15:24:10.381] [RightTransferStation] Move XY Axis Error
[15:25:13.831] [RightTransferStation] Move XY Axis Error
[15:28:07.982] [RightPPStation] Load Buffer Set Exist
[15:28:34.213] [RightTransferStation] Vacuum Error
[15:33:50.541] [RightTransferStation] Move XY Axis Error
[15:37:05.692] [RightTransferStation] Move XY Axis Error
[15:42:57.582] [RightTransferStation] Move XY Axis Error
[15:50:08.606] [RightTransferStation] Move XY Axis Error
[15:58:13.831] [RightTransferStation] Move XY Axis Error
[15:59:08.405] [RightTransferStation] Move XY Axis Error
[16:09:40.983] [RightTransferStation] Move XY Axis Error
[16:15:24.962] [RightTransferStation] Move XY Axis Error
[16:21:09.153] [RightTransferStation] Move XY Axis Error
[16:29:34.335] [RightTransferStation] Move XY Axis Error
[16:31:50.248] [RightTransferStation] Vacuum Error
[16:33:20.894] [RightTransferStation] Move XY Axis Error
[16:35:04.096] [RightTransferStation] Move XY Axis Error
[16:35:45.657] [RightTransferStation] Move XY Axis Error
[16:36:39.201] [RightTransferStation] Move XY Axis Error
[16:38:43.396] [RightTransferStation] Move XY Axis Error
[16:40:49.638] [RightTransferStation] Move XY Axis Error
[16:47:06.614] [RightTransferStation] Move XY Axis Error
[17:01:58.958] [RightTransferStation] Move XY Axis Error
[17:03:02.306] [RightTransferStation] Move XY Axis Error
[17:03:39.870] [RightTransferStation] Move XY Axis Error
[17:10:57.899] [RightTransferStation] Move XY Axis Error
[17:22:15.056] [RightTransferStation] Move XY Axis Error
[17:34:47.484] [RightTransferStation] Move XY Axis Error
[17:37:29.621] [RightTransferStation] Move XY Axis Error
[17:40:31.658] [LeftTransferStation] Unload Buffer Set Exist
[17:57:25.584] [RightTransferStation] Move XY Axis Error
[17:59:40.689] [RightTransferStation] Move XY Axis Error
[17:59:44.396] [RightTransferStation] Move XY Axis Error
[17:59:49.884] [RightTransferStation] Move XY Axis Error
[18:01:39.334] [RightTransferStation] Move XY Axis Error
[18:02:55.423] [RightTransferStation] Move Z Axis Error
[18:03:02.726] [RightTransferStation] Move Z Axis Error
[18:03:05.908] [RightTransferStation] Move Z Axis Error
[18:03:07.580] [RightTransferStation] Move Z Axis Error
[18:03:13.781] [RightTransferStation] Move Z Axis Error
[18:04:27.104] [RightTransferStation] Move Z Axis Error
[18:13:30.861] [RightTransferStation] Vacuum Error
[18:13:47.532] [RightTransferStation] Vacuum Error
[18:14:13.289] [RightTransferStation] Vacuum Error
[18:14:20.452] [RightTransferStation] Vacuum Error
[18:14:34.154] [RightTransferStation] Move XY Axis Error
