[07:19:24.663] [RightTransferStation] Move XY Axis Error
[07:20:06.212] [RightTransferStation] Move XY Axis Error
[07:40:48.140] [RightTransferStation] Move XY Axis Error
[07:40:53.308] [RightTransferStation] Move XY Axis Error
[07:40:55.168] [RightTransferStation] Move XY Axis Error
[07:40:56.918] [RightTransferStation] Move XY Axis Error
[08:00:31.915] [MainControlStation] Left Door Open
[08:59:03.963] [RightTransferStation] Move XY Axis Error
[08:59:12.847] [RightTransferStation] Move XY Axis Error
[08:59:14.664] [RightTransferStation] Move XY Axis Error
[08:59:16.414] [RightTransferStation] Move XY Axis Error
[09:17:30.324] [RightTransferStation] Move XY Axis Error
[09:17:34.251] [RightTransferStation] Move XY Axis Error
[09:17:36.116] [RightTransferStation] Move XY Axis Error
[09:17:37.992] [RightTransferStation] Move XY Axis Error
[09:25:45.284] [RightTransferStation] Move XY Axis Error
[09:25:49.646] [RightTransferStation] Move XY Axis Error
[09:25:51.450] [RightTransferStation] Move XY Axis Error
[09:25:56.739] [RightTransferStation] Move XY Axis Error
[09:36:10.451] [RightTransferStation] Move XY Axis Error
[09:39:08.204] [RightTransferStation] Move XY Axis Error
[09:39:12.524] [RightTransferStation] Move XY Axis Error
[09:39:14.314] [RightTransferStation] Move XY Axis Error
[09:42:59.336] [RightTransferStation] Move XY Axis Error
[09:43:01.791] [RightTransferStation] Move XY Axis Error
[09:43:03.575] [RightTransferStation] Move XY Axis Error
[09:43:05.377] [RightTransferStation] Move XY Axis Error
[09:43:09.420] [RightTransferStation] Move XY Axis Error
[09:53:17.785] [RightTransferStation] Move XY Axis Error
[09:53:29.487] [RightTransferStation] Move XY Axis Error
[09:53:34.700] [RightTransferStation] Move XY Axis Error
[09:53:36.730] [RightTransferStation] Move XY Axis Error
[10:03:41.579] [RightTransferStation] Move XY Axis Error
[10:03:46.238] [RightTransferStation] Move XY Axis Error
[10:05:25.455] [RightTransferStation] Move XY Axis Error
[10:05:33.416] [RightTransferStation] Move XY Axis Error
[10:05:36.542] [RightTransferStation] Move XY Axis Error
[10:18:07.810] [RightTransferStation] Move XY Axis Error
[10:18:15.211] [RightTransferStation] Move XY Axis Error
[10:18:17.049] [RightTransferStation] Move XY Axis Error
[10:18:19.844] [RightTransferStation] Move XY Axis Error
[10:22:17.250] [RightTransferStation] Move XY Axis Error
[10:22:20.786] [RightTransferStation] Move XY Axis Error
[10:29:19.649] [RightTransferStation] Vacuum Error
[10:30:05.100] [RightTransferStation] Move Z Axis Error
[10:30:07.759] [RightTransferStation] Move Z Axis Error
[10:30:09.764] [RightTransferStation] Move Z Axis Error
[10:30:11.690] [RightTransferStation] Move Z Axis Error
[10:31:19.263] [RightTransferStation] Move Z Axis Error
[10:31:27.455] [RightTransferStation] Vacuum Error
[10:43:55.738] [RightTransferStation] Vacuum Error
[10:46:44.370] [RightTransferStation] Vacuum Error
[10:56:37.403] [RightTransferStation] Move XY Axis Error
[10:56:42.117] [RightTransferStation] Move XY Axis Error
[10:57:39.251] [RightTransferStation] Move XY Axis Error
[10:57:43.166] [RightTransferStation] Move XY Axis Error
[10:57:45.125] [RightTransferStation] Move XY Axis Error
[10:57:47.032] [RightTransferStation] Move XY Axis Error
[10:57:48.956] [RightTransferStation] Move XY Axis Error
[11:01:22.614] [RightTransferStation] Move XY Axis Error
[11:01:31.182] [RightTransferStation] Move XY Axis Error
[11:01:33.080] [RightTransferStation] Move XY Axis Error
[11:02:46.640] [RightTransferStation] Move XY Axis Error
[11:23:12.880] [RightTransferStation] Move XY Axis Error
[11:23:20.133] [RightTransferStation] Move XY Axis Error
[11:23:22.032] [RightTransferStation] Move XY Axis Error
[11:31:10.597] [RightTransferStation] Move XY Axis Error
[11:31:13.485] [RightTransferStation] Move XY Axis Error
[11:31:15.394] [RightTransferStation] Move XY Axis Error
[11:31:17.286] [RightTransferStation] Move XY Axis Error
[11:31:19.181] [RightTransferStation] Move XY Axis Error
[11:31:47.479] [RightTransferStation] Move XY Axis Error
[11:31:52.001] [RightTransferStation] Move XY Axis Error
[11:34:21.613] [RightTransferStation] Move XY Axis Error
[11:34:24.515] [RightTransferStation] Move XY Axis Error
[11:41:54.308] [RightTransferStation] Move XY Axis Error
[11:42:00.952] [RightTransferStation] Move XY Axis Error
[11:42:07.990] [RightTransferStation] Move XY Axis Error
[11:48:56.244] [RightTransferStation] Move XY Axis Error
[12:37:41.463] [RightTransferStation] Move XY Axis Error
[12:37:44.735] [RightTransferStation] Move XY Axis Error
[12:38:47.691] [RightTransferStation] Move XY Axis Error
[12:38:51.840] [RightTransferStation] Move XY Axis Error
[12:38:53.687] [RightTransferStation] Move XY Axis Error
[12:38:55.540] [RightTransferStation] Move XY Axis Error
[12:38:57.359] [RightTransferStation] Move XY Axis Error
[12:38:59.245] [RightTransferStation] Move XY Axis Error
[13:04:16.166] [LeftPPStation] Load Cylinder Up Error
[13:04:26.952] [LeftPPStation] Load Cylinder Up Error
[13:04:42.534] [LeftPPStation] Load Cylinder Up Error
[13:05:02.026] [LeftPPStation] Load Cylinder Vacuum Error
[13:18:49.672] [RightTransferStation] Move XY Axis Error
[13:19:05.610] [RightTransferStation] Move XY Axis Error
[13:48:55.195] [RightTransferStation] Move XY Axis Error
[13:49:09.972] [RightTransferStation] Move XY Axis Error
[13:50:11.244] [LeftTransferStation] Vacuum Error
[13:51:50.150] [RightTransferStation] Move XY Axis Error
[13:51:54.601] [RightTransferStation] Move XY Axis Error
[13:51:56.525] [RightTransferStation] Move XY Axis Error
[13:51:58.416] [RightTransferStation] Move XY Axis Error
[13:57:17.003] [RightTransferStation] Move XY Axis Error
[13:57:19.996] [RightTransferStation] Move XY Axis Error
[14:07:39.501] [RightTransferStation] Move XY Axis Error
[14:07:42.868] [RightTransferStation] Move XY Axis Error
[14:07:44.691] [RightTransferStation] Move XY Axis Error
[14:07:46.526] [RightTransferStation] Move XY Axis Error
[14:07:48.400] [RightTransferStation] Move XY Axis Error
[14:07:50.266] [RightTransferStation] Move XY Axis Error
[14:09:56.474] [RightTransferStation] Move XY Axis Error
[14:10:00.598] [RightTransferStation] Move XY Axis Error
[14:17:54.911] [RightTransferStation] Move XY Axis Error
[14:18:07.344] [RightTransferStation] Move XY Axis Error
[14:19:22.515] [RightTransferStation] Move XY Axis Error
[14:19:26.093] [RightTransferStation] Move XY Axis Error
[14:19:27.918] [RightTransferStation] Move XY Axis Error
[14:19:32.086] [RightTransferStation] Move XY Axis Error
[14:19:56.098] [RightTransferStation] Move XY Axis Error
[14:19:58.912] [RightTransferStation] Move XY Axis Error
[14:23:05.158] [RightTransferStation] Move XY Axis Error
[14:23:08.932] [RightTransferStation] Move XY Axis Error
[14:29:24.714] [RightTransferStation] Move XY Axis Error
[14:29:34.204] [RightTransferStation] Move XY Axis Error
[14:33:55.156] [RightTransferStation] Move XY Axis Error
[14:34:02.352] [RightTransferStation] Move XY Axis Error
[14:34:04.142] [RightTransferStation] Move XY Axis Error
[14:34:05.938] [RightTransferStation] Move XY Axis Error
[14:34:07.723] [RightTransferStation] Move XY Axis Error
[14:34:09.497] [RightTransferStation] Move XY Axis Error
[14:34:11.286] [RightTransferStation] Move XY Axis Error
[14:34:13.400] [RightTransferStation] Move XY Axis Error
[14:35:31.679] [RightTransferStation] Move XY Axis Error
[14:35:37.187] [RightTransferStation] Move XY Axis Error
[14:41:41.247] [RightTransferStation] Move XY Axis Error
[14:41:46.001] [RightTransferStation] Move XY Axis Error
[15:06:10.454] [LeftTransferStation] Vacuum Error
[15:13:13.486] [RightPPStation] Load Cylinder Up Error
[15:13:22.947] [RightPPStation] Load Cylinder Up Error
[15:13:28.132] [RightPPStation] Load Cylinder Up Error
[15:13:34.978] [RightPPStation] Load Cylinder Vacuum Error
[15:13:55.569] [RightPPStation] Load Cylinder Up Error
[15:14:01.288] [RightPPStation] Load Cylinder Vacuum Error
[16:39:03.000] [RightTransferStation] Move XY Axis Error
[16:39:11.347] [RightTransferStation] Move XY Axis Error
[16:39:15.771] [RightTransferStation] Move XY Axis Error
[16:50:58.467] [RightTransferStation] Move XY Axis Error
[16:51:09.761] [RightTransferStation] Move XY Axis Error
[17:07:42.450] [RightTransferStation] Move XY Axis Error
[17:07:50.670] [RightTransferStation] Move XY Axis Error
[17:07:52.965] [RightTransferStation] Move XY Axis Error
