[06:38:26.852] ---- [Flow] CT_START Set
[06:38:26.875] ---- [Event] Idle : CT_START
[06:38:26.876] [m_nState] Auto State
[06:38:28.116] ---- [Flow] CT_START Set
[07:12:37.265] ---- [Flow] CT_START Set
[07:20:05.217] ---- [Flow] CT_START Set
[07:20:05.561] ---- [Flow] CT_START Set
[07:40:52.082] ---- [Flow] CT_START Set
[07:40:52.416] ---- [Flow] CT_START Set
[07:40:53.285] ---- [Flow] CT_START Set
[07:40:53.676] ---- [Flow] CT_START Set
[07:40:54.349] ---- [Flow] CT_START Set
[07:40:55.155] ---- [Flow] CT_START Set
[07:40:55.529] ---- [Flow] CT_START Set
[07:41:00.795] ---- [Flow] CT_START Set
[08:00:37.126] ---- [Flow] CT_START Set
[08:59:11.684] ---- [Flow] CT_START Set
[08:59:12.007] ---- [Flow] CT_START Set
[08:59:13.265] ---- [Flow] CT_START Set
[08:59:13.875] ---- [Flow] CT_START Set
[08:59:14.649] ---- [Flow] CT_START Set
[08:59:14.936] ---- [Flow] CT_START Set
[08:59:15.612] ---- [Flow] CT_START Set
[09:17:33.039] ---- [Flow] CT_START Set
[09:17:33.396] ---- [Flow] CT_START Set
[09:17:34.275] ---- [Flow] CT_START Set
[09:17:34.634] ---- [Flow] CT_START Set
[09:17:35.316] ---- [Flow] CT_START Set
[09:17:36.126] ---- [Flow] CT_START Set
[09:17:36.543] ---- [Flow] CT_START Set
[09:17:37.193] ---- [Flow] CT_START Set
[09:25:48.362] ---- [Flow] CT_START Set
[09:25:48.687] ---- [Flow] CT_START Set
[09:25:49.561] ---- [Flow] CT_START Set
[09:25:49.918] ---- [Flow] CT_START Set
[09:25:50.594] ---- [Flow] CT_START Set
[09:25:57.672] ---- [Flow] CT_START Set
[09:36:12.474] ---- [Flow] CT_START Set
[09:39:11.310] ---- [Flow] CT_START Set
[09:39:11.553] ---- [Flow] CT_START Set
[09:39:12.453] ---- [Flow] CT_START Set
[09:39:12.679] ---- [Flow] CT_START Set
[09:39:13.482] ---- [Flow] CT_START Set
[09:43:00.641] ---- [Flow] CT_START Set
[09:43:00.920] ---- [Flow] CT_START Set
[09:43:01.687] ---- [Flow] CT_START Set
[09:43:01.938] ---- [Flow] CT_START Set
[09:43:02.811] ---- [Flow] CT_START Set
[09:43:03.570] ---- [Flow] CT_START Set
[09:43:03.842] ---- [Flow] CT_START Set
[09:43:04.599] ---- [Flow] CT_START Set
[09:43:12.265] ---- [Flow] CT_START Set
[09:51:33.348] ---- [Flow] CT_START Set
[09:53:23.746] ---- [Flow] CT_START Set
[09:53:33.465] ---- [Flow] CT_START Set
[09:53:35.478] ---- [Flow] CT_START Set
[09:53:35.763] ---- [Flow] CT_START Set
[09:53:36.787] ---- [Flow] CT_START Set
[10:03:44.938] ---- [Flow] CT_START Set
[10:03:45.182] ---- [Flow] CT_START Set
[10:03:46.156] ---- [Flow] CT_START Set
[10:05:32.111] ---- [Flow] CT_START Set
[10:05:32.440] ---- [Flow] CT_START Set
[10:05:36.351] ---- [Flow] CT_START Set
[10:05:36.603] ---- [Flow] CT_START Set
[10:05:36.875] ---- [Flow] CT_START Set
[10:18:14.138] ---- [Flow] CT_START Set
[10:18:16.016] ---- [Flow] CT_START Set
[10:18:16.245] ---- [Flow] CT_START Set
[10:18:16.941] ---- [Flow] CT_START Set
[10:18:17.155] ---- [Flow] CT_START Set
[10:18:19.470] ---- [Flow] CT_START Set
[10:18:19.904] ---- [Flow] CT_START Set
[10:22:19.647] ---- [Flow] CT_START Set
[10:22:20.007] ---- [Flow] CT_START Set
[10:22:20.829] ---- [Flow] CT_START Set
[10:29:22.562] ---- [Flow] CT_START Set
[10:30:06.472] ---- [Flow] CT_START Set
[10:30:06.636] ---- [Flow] CT_START Set
[10:30:07.601] ---- [Flow] CT_START Set
[10:30:07.848] ---- [Flow] CT_START Set
[10:30:08.532] ---- [Flow] CT_START Set
[10:30:08.783] ---- [Flow] CT_START Set
[10:30:09.561] ---- [Flow] CT_START Set
[10:30:09.816] ---- [Flow] CT_START Set
[10:30:10.002] ---- [Flow] CT_START Set
[10:30:11.085] ---- [Flow] CT_START Set
[10:30:11.527] ---- [Flow] CT_START Set
[10:30:31.431] ---- [Flow] CT_STOP Set
[10:30:31.454] ---- [Event] Auto : CT_STOP
[10:30:31.455] --------- [Monitor] StopTasks() : before m_stopped
[10:30:31.645] --------- [Monitor] StopTasks() : m_stopped
[10:30:31.646] [m_nState] AutoStop State
[10:31:18.952] ---- [Flow] CT_START Set
[10:31:18.974] ---- [Event] AutoStop : CT_START
[10:31:18.975] [m_nState] Auto State
[10:31:19.686] ---- [Flow] CT_START Set
[10:31:20.677] ---- [Flow] CT_START Set
[10:31:27.493] ---- [Flow] CT_START Set
[10:44:01.582] ---- [Flow] CT_STOP Set
[10:44:01.604] ---- [Event] Auto : CT_STOP
[10:44:01.605] --------- [Monitor] StopTasks() : before m_stopped
[10:44:01.657] ---- [Flow] CT_STOP Set
[10:44:01.703] ---- [Flow] CT_STOP Set
[10:44:02.232] --------- [Monitor] StopTasks() : m_stopped
[10:44:02.233] [m_nState] AutoStop State
[10:44:07.233] ---- [Flow] CT_START Set
[10:44:07.255] ---- [Event] AutoStop : CT_START
[10:44:07.256] [m_nState] Auto State
[10:44:08.176] ---- [Flow] CT_START Set
[10:48:02.028] ---- [Flow] CT_START Set
[10:56:40.934] ---- [Flow] CT_START Set
[10:56:41.244] ---- [Flow] CT_START Set
[10:56:42.050] ---- [Flow] CT_START Set
[10:57:41.906] ---- [Flow] CT_START Set
[10:57:42.778] ---- [Flow] CT_START Set
[10:57:44.991] ---- [Flow] CT_START Set
[10:57:45.347] ---- [Flow] CT_START Set
[10:57:46.166] ---- [Flow] CT_START Set
[10:57:46.973] ---- [Flow] CT_START Set
[10:57:47.322] ---- [Flow] CT_START Set
[10:57:48.076] ---- [Flow] CT_START Set
[10:57:48.821] ---- [Flow] CT_START Set
[10:57:49.079] ---- [Flow] CT_START Set
[11:01:29.963] ---- [Flow] CT_START Set
[11:01:30.238] ---- [Flow] CT_START Set
[11:01:31.032] ---- [Flow] CT_START Set
[11:01:31.351] ---- [Flow] CT_START Set
[11:01:32.223] ---- [Flow] CT_START Set
[11:02:50.510] ---- [Flow] CT_START Set
[11:23:18.921] ---- [Flow] CT_START Set
[11:23:19.176] ---- [Flow] CT_START Set
[11:23:20.529] ---- [Flow] CT_START Set
[11:23:21.144] ---- [Flow] CT_START Set
[11:31:12.205] ---- [Flow] CT_START Set
[11:31:12.549] ---- [Flow] CT_START Set
[11:31:13.390] ---- [Flow] CT_START Set
[11:31:13.683] ---- [Flow] CT_START Set
[11:31:14.541] ---- [Flow] CT_START Set
[11:31:15.332] ---- [Flow] CT_START Set
[11:31:15.615] ---- [Flow] CT_START Set
[11:31:16.467] ---- [Flow] CT_START Set
[11:31:17.159] ---- [Flow] CT_START Set
[11:31:17.503] ---- [Flow] CT_START Set
[11:31:18.699] ---- [Flow] CT_START Set
[11:31:19.019] ---- [Flow] CT_START Set
[11:31:19.248] ---- [Flow] CT_START Set
[11:31:50.714] ---- [Flow] CT_START Set
[11:31:51.051] ---- [Flow] CT_START Set
[11:31:51.852] ---- [Flow] CT_START Set
[11:34:23.358] ---- [Flow] CT_START Set
[11:34:24.000] ---- [Flow] CT_START Set
[11:34:24.450] ---- [Flow] CT_START Set
[11:41:59.853] ---- [Flow] CT_START Set
[11:42:07.624] ---- [Flow] CT_START Set
[11:42:07.962] ---- [Flow] CT_START Set
[11:42:08.290] ---- [Flow] CT_START Set
[11:48:59.852] ---- [Flow] CT_START Set
[12:37:43.540] ---- [Flow] CT_START Set
[12:37:43.820] ---- [Flow] CT_START Set
[12:37:44.723] ---- [Flow] CT_START Set
[12:37:45.024] ---- [Flow] CT_START Set
[12:38:50.641] ---- [Flow] CT_START Set
[12:38:51.024] ---- [Flow] CT_START Set
[12:38:51.825] ---- [Flow] CT_START Set
[12:38:52.182] ---- [Flow] CT_START Set
[12:38:52.857] ---- [Flow] CT_START Set
[12:38:53.666] ---- [Flow] CT_START Set
[12:38:54.052] ---- [Flow] CT_START Set
[12:38:54.713] ---- [Flow] CT_START Set
[12:38:55.558] ---- [Flow] CT_START Set
[12:38:55.875] ---- [Flow] CT_START Set
[12:38:56.569] ---- [Flow] CT_START Set
[12:38:57.909] ---- [Flow] CT_START Set
[12:38:58.399] ---- [Flow] CT_START Set
[12:38:59.236] ---- [Flow] CT_START Set
[13:00:50.129] ---- [Flow] CT_STOP Set
[13:00:50.152] ---- [Event] Auto : CT_STOP
[13:00:50.153] --------- [Monitor] StopTasks() : before m_stopped
[13:00:50.234] ---- [Flow] CT_STOP Set
[13:00:50.250] --------- [Monitor] StopTasks() : m_stopped
[13:00:50.251] [m_nState] AutoStop State
[13:00:50.268] ---- [Flow] CT_STOP Set
[13:01:15.810] ---- [Flow] CT_START Set
[13:01:15.833] ---- [Event] AutoStop : CT_START
[13:01:15.833] [m_nState] Auto State
[13:03:51.794] ---- [Flow] CT_START Set
[13:04:21.319] ---- [Flow] CT_START Set
[13:04:36.934] ---- [Flow] CT_START Set
[13:05:01.645] ---- [Flow] CT_START Set
[13:05:12.522] ---- [Flow] CT_START Set
[13:19:04.438] ---- [Flow] CT_START Set
[13:19:04.710] ---- [Flow] CT_START Set
[13:49:09.137] ---- [Flow] CT_START Set
[13:50:13.758] ---- [Flow] CT_STOP Set
[13:50:13.781] ---- [Event] Auto : CT_STOP
[13:50:13.782] --------- [Monitor] StopTasks() : before m_stopped
[13:50:13.801] --------- [Monitor] StopTasks() : m_stopped
[13:50:13.802] [m_nState] AutoStop State
[13:50:13.807] ---- [Flow] CT_STOP Set
[13:50:13.843] ---- [Flow] CT_STOP Set
[13:50:13.876] ---- [Flow] CT_STOP Set
[13:50:15.546] ---- [Flow] CT_STOP Set
[13:50:15.579] ---- [Flow] CT_STOP Set
[13:50:15.612] ---- [Flow] CT_STOP Set
[13:50:34.440] ---- [Flow] CT_START Set
[13:50:34.462] ---- [Event] AutoStop : CT_START
[13:50:34.463] [m_nState] Auto State
[13:50:35.330] ---- [Flow] CT_START Set
[13:51:53.375] ---- [Flow] CT_START Set
[13:51:53.733] ---- [Flow] CT_START Set
[13:51:54.673] ---- [Flow] CT_START Set
[13:51:55.361] ---- [Flow] CT_START Set
[13:51:55.772] ---- [Flow] CT_START Set
[13:51:56.597] ---- [Flow] CT_START Set
[13:51:57.269] ---- [Flow] CT_START Set
[13:51:57.606] ---- [Flow] CT_START Set
[13:57:18.853] ---- [Flow] CT_START Set
[13:57:19.089] ---- [Flow] CT_START Set
[13:57:19.898] ---- [Flow] CT_START Set
[14:07:41.655] ---- [Flow] CT_START Set
[14:07:41.935] ---- [Flow] CT_START Set
[14:07:43.375] ---- [Flow] CT_START Set
[14:07:43.847] ---- [Flow] CT_START Set
[14:07:44.653] ---- [Flow] CT_START Set
[14:07:44.942] ---- [Flow] CT_START Set
[14:07:45.645] ---- [Flow] CT_START Set
[14:07:46.464] ---- [Flow] CT_START Set
[14:07:46.764] ---- [Flow] CT_START Set
[14:07:47.900] ---- [Flow] CT_START Set
[14:07:48.356] ---- [Flow] CT_START Set
[14:07:48.641] ---- [Flow] CT_START Set
[14:07:49.421] ---- [Flow] CT_START Set
[14:09:59.434] ---- [Flow] CT_START Set
[14:09:59.697] ---- [Flow] CT_START Set
[14:11:02.707] ---- [Flow] CT_START Set
[14:13:06.837] ---- [Flow] CT_START Set
[14:18:06.230] ---- [Flow] CT_START Set
[14:18:09.039] ---- [Flow] CT_START Set
[14:19:24.916] ---- [Flow] CT_START Set
[14:19:25.280] ---- [Flow] CT_START Set
[14:19:26.562] ---- [Flow] CT_START Set
[14:19:27.130] ---- [Flow] CT_START Set
[14:19:27.905] ---- [Flow] CT_START Set
[14:19:28.188] ---- [Flow] CT_START Set
[14:19:33.419] ---- [Flow] CT_START Set
[14:19:57.698] ---- [Flow] CT_START Set
[14:19:58.045] ---- [Flow] CT_START Set
[14:19:58.960] ---- [Flow] CT_START Set
[14:19:59.670] ---- [Flow] CT_START Set
[14:20:39.580] ---- [Flow] CT_STOP Set
[14:20:39.602] ---- [Event] Auto : CT_STOP
[14:20:39.603] --------- [Monitor] StopTasks() : before m_stopped
[14:20:39.750] --------- [Monitor] StopTasks() : m_stopped
[14:20:39.751] [m_nState] AutoStop State
[14:20:46.813] ---- [Flow] CT_START Set
[14:20:46.835] ---- [Event] AutoStop : CT_START
[14:20:46.836] [m_nState] Auto State
[14:20:53.572] ---- [Flow] CT_START Set
[14:23:07.741] ---- [Flow] CT_START Set
[14:23:08.061] ---- [Flow] CT_START Set
[14:23:08.834] ---- [Flow] CT_START Set
[14:23:09.166] ---- [Flow] CT_START Set
[14:29:32.958] ---- [Flow] CT_START Set
[14:29:33.274] ---- [Flow] CT_START Set
[14:29:34.159] ---- [Flow] CT_START Set
[14:29:34.405] ---- [Flow] CT_START Set
[14:30:29.190] ---- [Flow] CT_STOP Set
[14:30:29.212] ---- [Event] Auto : CT_STOP
[14:30:29.213] --------- [Monitor] StopTasks() : before m_stopped
[14:30:29.264] --------- [Monitor] StopTasks() : m_stopped
[14:30:29.265] [m_nState] AutoStop State
[14:30:29.324] ---- [Flow] CT_STOP Set
[14:30:29.362] ---- [Flow] CT_STOP Set
[14:31:05.450] ---- [Flow] CT_START Set
[14:31:05.472] ---- [Event] AutoStop : CT_START
[14:31:05.473] [m_nState] Auto State
[14:31:05.854] ---- [Flow] CT_START Set
[14:34:01.110] ---- [Flow] CT_START Set
[14:34:01.479] ---- [Flow] CT_START Set
[14:34:02.340] ---- [Flow] CT_START Set
[14:34:02.606] ---- [Flow] CT_START Set
[14:34:03.307] ---- [Flow] CT_START Set
[14:34:04.607] ---- [Flow] CT_START Set
[14:34:05.165] ---- [Flow] CT_START Set
[14:34:05.940] ---- [Flow] CT_START Set
[14:34:06.751] ---- [Flow] CT_START Set
[14:34:07.699] ---- [Flow] CT_START Set
[14:34:08.029] ---- [Flow] CT_START Set
[14:34:08.746] ---- [Flow] CT_START Set
[14:34:10.375] ---- [Flow] CT_START Set
[14:34:12.221] ---- [Flow] CT_START Set
[14:34:12.544] ---- [Flow] CT_START Set
[14:34:14.639] ---- [Flow] CT_START Set
[14:35:36.046] ---- [Flow] CT_START Set
[14:35:36.413] ---- [Flow] CT_START Set
[14:35:37.172] ---- [Flow] CT_START Set
[14:35:37.451] ---- [Flow] CT_START Set
[14:41:44.796] ---- [Flow] CT_START Set
[14:41:45.052] ---- [Flow] CT_START Set
[14:41:45.968] ---- [Flow] CT_START Set
[14:41:46.245] ---- [Flow] CT_START Set
[15:07:28.659] ---- [Flow] CT_STOP Set
[15:07:28.681] ---- [Event] Auto : CT_STOP
[15:07:28.682] --------- [Monitor] StopTasks() : before m_stopped
[15:07:29.008] --------- [Monitor] StopTasks() : m_stopped
[15:07:29.009] [m_nState] AutoStop State
[15:07:37.249] ---- [Flow] CT_START Set
[15:07:37.271] ---- [Event] AutoStop : CT_START
[15:07:37.272] [m_nState] Auto State
[15:08:56.282] ---- [Flow] CT_START Set
[15:13:17.244] ---- [Flow] CT_START Set
[15:13:22.322] ---- [Flow] CT_START Set
[15:13:30.102] ---- [Flow] CT_STOP Set
[15:13:30.125] ---- [Event] Auto : CT_STOP
[15:13:30.125] --------- [Monitor] StopTasks() : before m_stopped
[15:13:31.017] --------- [Monitor] StopTasks() : m_stopped
[15:13:31.018] [m_nState] AutoStop State
[15:13:34.407] ---- [Flow] CT_START Set
[15:13:34.429] ---- [Event] AutoStop : CT_START
[15:13:34.430] [m_nState] Auto State
[15:13:37.863] ---- [Flow] CT_START Set
[15:13:39.494] ---- [Flow] CT_START Set
[15:13:55.913] ---- [Flow] CT_STOP Set
[15:13:55.935] ---- [Event] Auto : CT_STOP
[15:13:55.936] --------- [Monitor] StopTasks() : before m_stopped
[15:13:56.369] --------- [Monitor] StopTasks() : m_stopped
[15:13:56.370] [m_nState] AutoStop State
[15:14:00.276] ---- [Flow] CT_START Set
[15:14:00.298] ---- [Event] AutoStop : CT_START
[15:14:00.299] [m_nState] Auto State
[15:14:00.359] ---- [Flow] CT_START Set
[15:14:01.079] ---- [Flow] CT_START Set
[15:25:44.096] ---- [Flow] CT_STOP Set
[15:25:44.119] ---- [Event] Auto : CT_STOP
[15:25:44.120] --------- [Monitor] StopTasks() : before m_stopped
[15:25:44.730] --------- [Monitor] StopTasks() : m_stopped
[15:25:44.731] [m_nState] AutoStop State
[15:26:52.618] ---- [Flow] CT_START Set
[15:26:52.640] ---- [Event] AutoStop : CT_START
[15:26:52.641] [m_nState] Auto State
[15:27:03.074] ---- [Flow] CT_STOP Set
[15:27:03.096] ---- [Event] Auto : CT_STOP
[15:27:03.097] --------- [Monitor] StopTasks() : before m_stopped
[15:27:03.284] ---- [Flow] CT_STOP Set
[15:27:03.328] ---- [Flow] CT_STOP Set
[15:27:03.424] --------- [Monitor] StopTasks() : m_stopped
[15:27:03.425] [m_nState] AutoStop State
[15:27:06.219] ---- [Flow] CT_START Set
[15:27:06.242] ---- [Event] AutoStop : CT_START
[15:27:06.243] [m_nState] Auto State
[15:27:06.936] ---- [Flow] CT_STOP Set
[15:27:06.958] ---- [Event] Auto : CT_STOP
[15:27:06.959] --------- [Monitor] StopTasks() : before m_stopped
[15:27:07.002] ---- [Flow] CT_STOP Set
[15:27:07.045] ---- [Flow] CT_STOP Set
[15:27:07.180] --------- [Monitor] StopTasks() : m_stopped
[15:27:07.181] [m_nState] AutoStop State
[15:27:07.184] ---- [Flow] CT_STOP Set
[15:27:10.228] ---- [Flow] CT_START Set
[15:27:10.250] ---- [Event] AutoStop : CT_START
[15:27:10.251] [m_nState] Auto State
[15:27:11.112] ---- [Flow] CT_START Set
[15:42:54.885] ---- [Flow] CT_STOP Set
[15:42:54.908] ---- [Event] Auto : CT_STOP
[15:42:54.909] --------- [Monitor] StopTasks() : before m_stopped
[15:42:54.994] --------- [Monitor] StopTasks() : m_stopped
[15:42:54.995] [m_nState] AutoStop State
[15:48:02.575] ---- [Flow] CT_START Set
[15:48:02.597] ---- [Event] AutoStop : CT_START
[15:48:02.598] [m_nState] Auto State
[15:50:08.556] ---- [Flow] CT_START Set
[15:51:02.308] ---- [Flow] CT_STOP Set
[15:51:02.331] ---- [Event] Auto : CT_STOP
[15:51:02.332] --------- [Monitor] StopTasks() : before m_stopped
[15:51:02.348] --------- [Monitor] StopTasks() : m_stopped
[15:51:02.349] [m_nState] AutoStop State
[15:51:02.432] ---- [Flow] CT_STOP Set
[15:51:02.469] ---- [Flow] CT_STOP Set
[15:51:02.585] ---- [Flow] CT_STOP Set
[15:51:03.003] ---- [Flow] CT_START Set
[15:51:03.026] ---- [Event] AutoStop : CT_START
[15:51:03.027] [m_nState] Auto State
[15:51:06.612] ---- [Flow] CT_STOP Set
[15:51:06.635] ---- [Event] Auto : CT_STOP
[15:51:06.636] --------- [Monitor] StopTasks() : before m_stopped
[15:51:06.676] ---- [Flow] CT_STOP Set
[15:51:06.697] --------- [Monitor] StopTasks() : m_stopped
[15:51:06.698] [m_nState] AutoStop State
[15:51:06.719] ---- [Flow] CT_STOP Set
[15:51:07.207] ---- [Flow] CT_STOP Set
[15:51:07.249] ---- [Flow] CT_STOP Set
[15:51:07.287] ---- [Flow] CT_STOP Set
[15:51:07.324] ---- [Flow] CT_STOP Set
[15:51:07.362] ---- [Flow] CT_STOP Set
[15:51:07.394] ---- [Flow] CT_STOP Set
[15:51:07.432] ---- [Flow] CT_STOP Set
[15:51:08.220] ---- [Flow] CT_START Set
[15:51:08.243] ---- [Event] AutoStop : CT_START
[15:51:08.244] [m_nState] Auto State
[16:03:58.502] ---- [Flow] CT_START Set
[16:39:10.339] ---- [Flow] CT_START Set
[16:39:14.662] ---- [Flow] CT_START Set
[16:39:15.328] ---- [Flow] CT_START Set
[16:51:08.770] ---- [Flow] CT_START Set
[16:51:11.299] ---- [Flow] CT_START Set
[17:07:49.588] ---- [Flow] CT_START Set
[17:07:51.897] ---- [Flow] CT_START Set
[17:07:52.214] ---- [Flow] CT_START Set
[17:30:16.395] ---- [Flow] CT_STOP Set
[17:30:16.417] ---- [Event] Auto : CT_STOP
[17:30:16.418] --------- [Monitor] StopTasks() : before m_stopped
[17:30:16.429] --------- [Monitor] StopTasks() : m_stopped
[17:30:16.430] [m_nState] AutoStop State
