[00:07:51.118] [LeftPPStation] Load Cylinder Vacuum Error
[02:52:03.058] [LeftPPStation] Load Cylinder Vacuum Error
[03:27:42.381] [LeftPPStation] Load Cylinder Vacuum Error
[03:42:12.629] [RightPPStation] Load Buffer Set Exist
[03:42:37.320] [RightTransferStation] Vacuum Error
[03:52:44.046] [RightPPStation] Load Cylinder Vacuum Error
[03:54:19.078] [LeftPPStation] Load Cylinder Vacuum Error
[04:20:56.319] [RightPPStation] Load Cylinder Vacuum Error
[04:45:02.951] [LeftPPStation] Load Cylinder Up Error
[04:57:01.845] [LeftPPStation] Load Cylinder Vacuum Error
[05:36:45.013] [LeftTransferStation] Vacuum Error
[05:39:39.579] [RightPPStation] Load Cylinder Vacuum Error
[06:16:46.704] [LeftPPStation] Load Cylinder Vacuum Error
[06:17:47.401] [LeftPPStation] Load Cylinder Vacuum Error
[09:37:20.178] [RightTransferStation] Vacuum Error
[09:52:44.218] [RightTransferStation] Move XY Axis Error
[09:52:52.201] [RightTransferStation] Move XY Axis Error
[09:53:03.025] [RightTransferStation] Move XY Axis Error
[09:53:28.479] [RightTransferStation] Move XY Axis Error
[09:54:08.239] [RightTransferStation] Move XY Axis Error
[09:54:12.881] [RightTransferStation] Move XY Axis Error
[09:54:44.482] [RightTransferStation] Move XY Axis Error
[10:06:25.085] [RightTransferStation] Move XY Axis Error
[10:08:26.472] [RightTransferStation] Move XY Axis Error
[10:08:51.315] [RightTransferStation] Move XY Axis Error
[10:09:22.687] [RightTransferStation] Move XY Axis Error
[10:25:19.805] [LeftPPStation] Unload Buffer Set Not Exist
[10:35:22.066] [LeftPPStation] Unload Buffer Set Not Exist
[10:44:46.868] [LeftPPStation] Unload Buffer Set Not Exist
[10:49:14.376] [LeftPPStation] Unload Buffer Set Not Exist
[10:56:19.044] [LeftPPStation] Unload Buffer Set Not Exist
[11:17:06.486] [LeftPPStation] Unload Buffer Set Not Exist
[12:55:11.912] [RightTransferStation] Move XY Axis Error
[12:55:32.560] [RightTransferStation] Move XY Axis Error
[14:01:02.756] [LeftPPStation] Unload Cylinder Up Error
[14:04:03.120] [RightTransferStation] Move XY Axis Error
[14:04:26.005] [RightTransferStation] Move XY Axis Error
[16:04:49.658] [RightTransferStation] Move XY Axis Error
[16:04:57.942] [RightTransferStation] Move XY Axis Error
[16:05:00.632] [RightTransferStation] Move XY Axis Error
[16:05:34.294] [RightTransferStation] Move XY Axis Error
[16:28:49.363] [RightPPStation] Load Buffer Set Exist
[16:29:05.318] [RightTransferStation] Vacuum Error
[16:43:24.272] [RightTransferStation] Move XY Axis Error
[17:12:01.722] [RightTransferStation] Move XY Axis Error
[17:12:08.792] [RightTransferStation] Move XY Axis Error
[20:24:47.177] [LeftPPStation] Unload Cylinder Up Error
[20:24:57.950] [LeftPPStation] Unload Cylinder Up Error
[20:25:12.035] [LeftPPStation] Unload Cylinder Vacuum Error
[21:25:39.214] [LeftTransferStation] Vacuum Error
[21:37:51.904] [LeftTransferStation] Vacuum Error
[22:30:28.950] [LeftTransferStation] Vacuum Error
[22:44:40.931] [LeftTransferStation] Vacuum Error
[22:57:36.013] [LeftTransferStation] Vacuum Error
[23:12:20.934] [RightPPStation] Load Cylinder Up Error
[23:12:26.572] [LeftTransferStation] Vacuum Error
[23:12:41.850] [RightPPStation] Load Cylinder Down Error
[23:12:48.947] [RightPPStation] Load Cylinder Down Error
[23:52:24.746] [LeftTransferStation] Vacuum Error
