[06:55:18.738] ---- [Flow] CT_START Set
[06:55:18.761] ---- [Event] AutoStop : CT_START
[06:55:18.762] [m_nState] Auto State
[06:55:19.909] ---- [Flow] CT_START Set
[07:45:59.416] ---- [Flow] CT_START Set
[07:45:59.647] ---- [Flow] CT_START Set
[07:46:00.494] ---- [Flow] CT_START Set
[07:46:00.683] ---- [Flow] CT_START Set
[07:46:01.916] ---- [Flow] CT_START Set
[07:46:03.938] ---- [Flow] CT_START Set
[07:46:04.326] ---- [Flow] CT_START Set
[07:46:05.158] ---- [Flow] CT_START Set
[07:46:05.449] ---- [Flow] CT_START Set
[07:46:06.226] ---- [Flow] CT_START Set
[07:46:06.968] ---- [Flow] CT_START Set
[07:46:07.232] ---- [Flow] CT_START Set
[07:46:08.125] ---- [Flow] CT_START Set
[07:46:17.222] ---- [Flow] CT_START Set
[07:53:10.019] ---- [Flow] CT_START Set
[07:53:10.305] ---- [Flow] CT_START Set
[07:53:11.129] ---- [Flow] CT_START Set
[08:27:48.468] ---- [Flow] CT_START Set
[08:27:48.766] ---- [Flow] CT_START Set
[08:27:49.627] ---- [Flow] CT_START Set
[08:27:49.951] ---- [Flow] CT_START Set
[08:27:50.685] ---- [Flow] CT_START Set
[08:27:51.424] ---- [Flow] CT_START Set
[08:27:51.753] ---- [Flow] CT_START Set
[08:27:52.581] ---- [Flow] CT_START Set
[08:27:54.431] ---- [Flow] CT_START Set
[08:27:55.213] ---- [Flow] CT_START Set
[08:27:55.495] ---- [Flow] CT_START Set
[08:41:45.066] ---- [Flow] CT_START Set
[08:41:45.342] ---- [Flow] CT_START Set
[08:41:47.203] ---- [Flow] CT_START Set
[08:41:48.256] ---- [Flow] CT_START Set
[08:41:48.619] ---- [Flow] CT_START Set
[08:41:49.247] ---- [Flow] CT_START Set
[08:41:50.079] ---- [Flow] CT_START Set
[08:48:39.378] ---- [Flow] CT_START Set
[08:48:39.726] ---- [Flow] CT_START Set
[08:48:40.546] ---- [Flow] CT_START Set
[08:48:40.865] ---- [Flow] CT_START Set
[08:48:41.737] ---- [Flow] CT_START Set
[08:59:06.261] ---- [Flow] CT_START Set
[09:02:38.238] ---- [Flow] CT_START Set
[09:02:38.534] ---- [Flow] CT_START Set
[09:02:39.480] ---- [Flow] CT_START Set
[09:02:39.813] ---- [Flow] CT_START Set
[09:02:40.503] ---- [Flow] CT_START Set
[09:02:41.349] ---- [Flow] CT_START Set
[09:02:41.663] ---- [Flow] CT_START Set
[09:09:39.288] ---- [Flow] CT_START Set
[09:09:39.605] ---- [Flow] CT_START Set
[09:09:40.497] ---- [Flow] CT_START Set
[09:09:40.810] ---- [Flow] CT_START Set
[09:09:41.540] ---- [Flow] CT_START Set
[09:09:42.253] ---- [Flow] CT_START Set
[09:09:42.536] ---- [Flow] CT_START Set
[09:09:44.540] ---- [Flow] CT_START Set
[09:09:47.813] ---- [Flow] CT_START Set
[09:09:48.067] ---- [Flow] CT_START Set
[09:16:46.208] ---- [Flow] CT_START Set
[09:16:46.541] ---- [Flow] CT_START Set
[09:16:47.350] ---- [Flow] CT_START Set
[09:35:22.560] ---- [Flow] CT_START Set
[09:35:23.003] ---- [Flow] CT_START Set
[09:43:33.127] ---- [Flow] CT_START Set
[09:43:33.443] ---- [Flow] CT_START Set
[09:43:34.348] ---- [Flow] CT_START Set
[09:43:34.662] ---- [Flow] CT_START Set
[09:43:35.438] ---- [Flow] CT_START Set
[09:43:44.439] ---- [Flow] CT_START Set
[09:45:01.699] ---- [Flow] CT_START Set
[09:45:02.014] ---- [Flow] CT_START Set
[09:45:02.988] ---- [Flow] CT_START Set
[09:45:03.346] ---- [Flow] CT_START Set
[09:45:03.962] ---- [Flow] CT_START Set
[09:45:06.669] ---- [Flow] CT_START Set
[09:45:07.004] ---- [Flow] CT_START Set
[09:45:07.901] ---- [Flow] CT_START Set
[09:45:08.201] ---- [Flow] CT_START Set
[09:45:08.981] ---- [Flow] CT_START Set
[09:45:10.413] ---- [Flow] CT_START Set
[09:45:10.876] ---- [Flow] CT_START Set
[10:16:26.678] ---- [Flow] CT_START Set
[10:16:27.695] ---- [Flow] CT_START Set
[10:24:33.129] ---- [Flow] CT_START Set
[10:24:33.432] ---- [Flow] CT_START Set
[10:24:34.287] ---- [Flow] CT_START Set
[10:56:14.865] ---- [Flow] CT_START Set
[10:56:15.208] ---- [Flow] CT_START Set
[10:56:16.269] ---- [Flow] CT_START Set
[10:56:16.586] ---- [Flow] CT_START Set
[11:26:28.841] ---- [Flow] CT_START Set
[11:26:29.188] ---- [Flow] CT_START Set
[11:26:31.112] ---- [Flow] CT_START Set
[11:26:31.536] ---- [Flow] CT_START Set
[11:26:32.306] ---- [Flow] CT_START Set
[11:26:33.142] ---- [Flow] CT_START Set
[11:26:34.030] ---- [Flow] CT_START Set
[11:26:34.364] ---- [Flow] CT_START Set
[11:26:34.833] ---- [Flow] CT_START Set
[11:26:35.498] ---- [Flow] CT_START Set
[11:26:36.266] ---- [Flow] CT_START Set
[11:26:36.535] ---- [Flow] CT_START Set
[11:26:37.359] ---- [Flow] CT_START Set
[11:27:14.028] ---- [Flow] CT_START Set
[11:27:14.296] ---- [Flow] CT_START Set
[11:27:15.226] ---- [Flow] CT_START Set
[11:27:15.513] ---- [Flow] CT_START Set
[11:27:16.273] ---- [Flow] CT_START Set
[11:27:23.469] ---- [Flow] CT_START Set
[11:27:23.721] ---- [Flow] CT_START Set
[11:33:33.518] ---- [Flow] CT_START Set
[11:33:33.882] ---- [Flow] CT_START Set
[11:33:35.589] ---- [Flow] CT_START Set
[11:33:35.878] ---- [Flow] CT_START Set
[11:33:48.309] ---- [Flow] CT_START Set
[11:47:23.590] ---- [Flow] CT_STOP Set
[11:47:23.612] ---- [Event] Auto : CT_STOP
[11:47:23.613] --------- [Monitor] StopTasks() : before m_stopped
[11:47:24.785] --------- [Monitor] StopTasks() : m_stopped
[11:47:24.786] [m_nState] AutoStop State
[12:29:20.666] ---- [Flow] CT_START Set
[12:29:20.689] ---- [Event] AutoStop : CT_START
[12:29:20.690] [m_nState] Auto State
[12:29:21.850] ---- [Flow] CT_START Set
[12:40:31.620] ---- [Flow] CT_START Set
[12:40:31.941] ---- [Flow] CT_START Set
[13:41:16.771] ---- [Flow] CT_START Set
[13:41:25.561] ---- [Flow] CT_START Set
[13:41:35.456] ---- [Flow] CT_START Set
[13:41:44.474] ---- [Flow] CT_START Set
[13:48:15.070] ---- [Flow] CT_START Set
[13:48:15.392] ---- [Flow] CT_START Set
[13:48:16.318] ---- [Flow] CT_START Set
[13:48:16.646] ---- [Flow] CT_START Set
[13:48:17.363] ---- [Flow] CT_START Set
[13:52:20.805] ---- [Flow] CT_START Set
[13:52:21.230] ---- [Flow] CT_START Set
[13:52:22.580] ---- [Flow] CT_START Set
[13:52:23.083] ---- [Flow] CT_START Set
[13:52:23.949] ---- [Flow] CT_START Set
[13:52:24.258] ---- [Flow] CT_START Set
[13:56:40.872] ---- [Flow] CT_START Set
[13:56:41.186] ---- [Flow] CT_START Set
[13:56:51.443] ---- [Flow] CT_START Set
[13:56:52.620] ---- [Flow] CT_START Set
[14:10:23.251] ---- [Flow] CT_START Set
[14:10:23.585] ---- [Flow] CT_START Set
[14:10:24.471] ---- [Flow] CT_START Set
[14:10:24.752] ---- [Flow] CT_START Set
[14:10:25.718] ---- [Flow] CT_START Set
[14:10:26.452] ---- [Flow] CT_START Set
[14:10:26.890] ---- [Flow] CT_START Set
[14:10:27.566] ---- [Flow] CT_START Set
[14:10:28.399] ---- [Flow] CT_START Set
[14:10:28.792] ---- [Flow] CT_START Set
[14:15:15.708] ---- [Flow] CT_START Set
[14:23:55.089] ---- [Flow] CT_START Set
[14:23:55.369] ---- [Flow] CT_START Set
[14:23:56.271] ---- [Flow] CT_START Set
[14:23:56.649] ---- [Flow] CT_START Set
[14:23:57.352] ---- [Flow] CT_START Set
[14:23:58.265] ---- [Flow] CT_START Set
[14:28:02.500] ---- [Flow] CT_STOP Set
[14:28:02.522] ---- [Event] Auto : CT_STOP
[14:28:02.523] --------- [Monitor] StopTasks() : before m_stopped
[14:28:02.545] --------- [Monitor] StopTasks() : m_stopped
[14:28:02.546] [m_nState] AutoStop State
[14:28:02.571] ---- [Flow] CT_STOP Set
[14:28:02.609] ---- [Flow] CT_STOP Set
[14:33:16.975] ---- [Flow] CT_START Set
[14:33:16.998] ---- [Event] AutoStop : CT_START
[14:33:16.999] [m_nState] Auto State
[14:33:17.725] ---- [Flow] CT_START Set
[14:33:43.193] ---- [Flow] CT_STOP Set
[14:33:43.215] ---- [Event] Auto : CT_STOP
[14:33:43.216] --------- [Monitor] StopTasks() : before m_stopped
[14:33:43.279] ---- [Flow] CT_STOP Set
[14:33:44.664] --------- [Monitor] StopTasks() : m_stopped
[14:33:44.665] [m_nState] AutoStop State
[14:34:07.306] ---- [Flow] CT_START Set
[14:34:07.329] ---- [Event] AutoStop : CT_START
[14:34:07.330] [m_nState] Auto State
[14:34:08.119] ---- [Flow] CT_START Set
[14:36:30.767] ---- [Flow] CT_START Set
[14:36:31.141] ---- [Flow] CT_START Set
[14:36:31.840] ---- [Flow] CT_START Set
[14:36:32.144] ---- [Flow] CT_START Set
[14:36:39.664] ---- [Flow] CT_START Set
[15:56:00.652] ---- [Flow] CT_START Set
[15:56:00.909] ---- [Flow] CT_START Set
[15:56:01.873] ---- [Flow] CT_START Set
[15:56:02.791] ---- [Flow] CT_START Set
[15:56:03.067] ---- [Flow] CT_START Set
[15:56:03.913] ---- [Flow] CT_START Set
[15:56:04.285] ---- [Flow] CT_START Set
[15:56:04.968] ---- [Flow] CT_START Set
[15:56:05.791] ---- [Flow] CT_START Set
[15:56:06.196] ---- [Flow] CT_START Set
[15:56:13.514] ---- [Flow] CT_START Set
[15:56:39.186] ---- [Flow] CT_START Set
[16:08:27.187] ---- [Flow] CT_STOP Set
[16:08:27.209] ---- [Event] Auto : CT_STOP
[16:08:27.210] --------- [Monitor] StopTasks() : before m_stopped
[16:08:27.244] --------- [Monitor] StopTasks() : m_stopped
[16:08:27.246] [m_nState] AutoStop State
