[00:16:25.294] [RightTransferStation] Move XY Axis Error
[00:16:39.406] [RightTransferStation] Move XY Axis Error
[00:23:00.258] [RightTransferStation] Move XY Axis Error
[00:23:29.008] [RightTransferStation] Move XY Axis Error
[01:16:55.364] [RightTransferStation] Move XY Axis Error
[01:17:34.026] [RightTransferStation] Move XY Axis Error
[01:22:54.165] [RightTransferStation] Move XY Axis Error
[01:23:29.211] [RightTransferStation] Move XY Axis Error
[03:00:58.111] [RightTransferStation] Move XY Axis Error
[03:01:30.481] [RightTransferStation] Move XY Axis Error
[03:01:32.284] [RightTransferStation] Move XY Axis Error
[03:07:05.901] [RightTransferStation] Move XY Axis Error
[03:07:27.952] [RightTransferStation] Move XY Axis Error
[03:24:51.383] [RightTransferStation] Move XY Axis Error
[03:25:18.270] [RightTransferStation] Move XY Axis Error
[03:46:42.869] [RightTransferStation] Move XY Axis Error
[03:46:51.395] [RightTransferStation] Move XY Axis Error
[03:46:53.060] [RightTransferStation] Move XY Axis Error
[03:46:55.489] [RightTransferStation] Move XY Axis Error
[07:42:21.707] [LeftTransferStation] Vacuum Error
[07:47:41.297] [LeftTransferStation] Vacuum Error
[07:50:45.826] [RightTransferStation] Move XY Axis Error
[07:50:58.611] [RightTransferStation] Move XY Axis Error
[07:53:44.151] [RightTransferStation] Move XY Axis Error
[07:54:02.467] [RightTransferStation] Move XY Axis Error
[09:02:09.964] [RightTransferStation] Move XY Axis Error
[09:02:25.141] [RightTransferStation] Move XY Axis Error
[09:02:29.822] [RightTransferStation] Move XY Axis Error
[09:02:47.671] [RightTransferStation] Move XY Axis Error
[09:17:51.895] [RightTransferStation] Move XY Axis Error
[09:19:22.565] [RightTransferStation] Move XY Axis Error
[09:19:24.419] [RightTransferStation] Move XY Axis Error
[09:20:55.656] [RightTransferStation] Move XY Axis Error
[09:37:51.743] [LeftPPStation] Load Cylinder Vacuum Error
[09:51:24.785] [RightTransferStation] Move XY Axis Error
[09:51:44.721] [RightTransferStation] Move XY Axis Error
[09:57:25.633] [RightTransferStation] Move XY Axis Error
[09:57:51.399] [RightTransferStation] Move XY Axis Error
[10:03:59.652] [RightTransferStation] Move XY Axis Error
[10:05:09.625] [RightTransferStation] Move XY Axis Error
[10:29:11.454] [RightPPStation] Unload Buffer Set Not Exist
[10:29:13.526] [RightTransferStation] Move XY Axis Error
[10:44:45.884] [RightTransferStation] Move XY Axis Error
[10:45:01.401] [RightTransferStation] Move XY Axis Error
[10:50:32.664] [RightTransferStation] Move XY Axis Error
[10:50:46.559] [RightTransferStation] Move XY Axis Error
[10:50:53.751] [RightTransferStation] Move XY Axis Error
[10:51:23.755] [RightTransferStation] Move XY Axis Error
[10:56:04.872] [RightTransferStation] Move XY Axis Error
[10:56:25.708] [RightTransferStation] Move XY Axis Error
[11:02:51.882] [RightTransferStation] Move XY Axis Error
[11:03:03.413] [RightTransferStation] Move XY Axis Error
[11:07:16.953] [LeftPPStation] Load Cylinder Vacuum Error
[11:08:25.550] [RightTransferStation] Move XY Axis Error
[11:09:00.847] [RightTransferStation] Move XY Axis Error
[11:09:18.062] [RightTransferStation] Move XY Axis Error
[11:09:27.878] [RightTransferStation] Move XY Axis Error
[11:09:29.519] [RightTransferStation] Move XY Axis Error
[11:09:31.058] [RightTransferStation] Move XY Axis Error
[11:09:42.913] [RightTransferStation] Move XY Axis Error
[11:09:44.411] [RightTransferStation] Move XY Axis Error
[11:09:45.932] [RightTransferStation] Move XY Axis Error
[11:10:47.204] [RightTransferStation] Move XY Axis Error
[11:14:54.356] [RightPPStation] Load Cylinder Vacuum Error
[11:22:26.787] [RightTransferStation] Move XY Axis Error
[11:22:29.881] [RightTransferStation] Move XY Axis Error
[11:26:56.921] [RightTransferStation] Move XY Axis Error
[11:27:35.925] [RightTransferStation] Move XY Axis Error
[11:33:40.771] [RightTransferStation] Move XY Axis Error
[11:33:57.624] [RightTransferStation] Move XY Axis Error
[11:40:50.044] [RightTransferStation] Move XY Axis Error
[11:40:53.640] [RightTransferStation] Move XY Axis Error
[11:40:55.315] [RightTransferStation] Move XY Axis Error
[13:03:18.747] [RightTransferStation] Move XY Axis Error
[13:05:33.802] [RightTransferStation] Move XY Axis Error
[13:17:15.324] [RightTransferStation] Move XY Axis Error
[13:17:57.163] [RightTransferStation] Move XY Axis Error
[13:34:52.749] [RightTransferStation] Move XY Axis Error
[13:35:22.093] [RightTransferStation] Move XY Axis Error
[13:42:24.255] [RightTransferStation] Move XY Axis Error
[13:43:56.827] [RightTransferStation] Move XY Axis Error
[13:49:20.691] [RightTransferStation] Move XY Axis Error
[13:50:04.534] [RightTransferStation] Move XY Axis Error
[13:55:05.184] [RightTransferStation] Move XY Axis Error
[13:55:19.981] [RightTransferStation] Move XY Axis Error
[13:56:28.032] [RightTransferStation] Move XY Axis Error
[13:56:53.011] [RightTransferStation] Move XY Axis Error
[14:03:32.290] [RightTransferStation] Move XY Axis Error
[14:03:46.177] [RightTransferStation] Move XY Axis Error
[14:18:24.963] [RightTransferStation] Move XY Axis Error
[14:18:45.193] [RightTransferStation] Move XY Axis Error
[14:18:46.857] [RightTransferStation] Move XY Axis Error
[14:18:49.479] [RightTransferStation] Move XY Axis Error
[14:19:22.421] [RightTransferStation] Move XY Axis Error
[14:25:08.008] [RightTransferStation] Move XY Axis Error
[14:25:25.639] [RightTransferStation] Move XY Axis Error
[14:41:55.793] [LeftTransferStation] Vacuum Error
[14:42:08.241] [LeftTransferStation] Move Z Axis Error
[14:42:36.624] [LeftTransferStation] Move Z Axis Error
[14:43:21.491] [RightPPStation] Load Cylinder Vacuum Error
[14:44:06.691] [LeftTransferStation] Vacuum Error
[14:44:16.252] [RightTransferStation] Move XY Axis Error
[14:44:26.560] [RightTransferStation] Move XY Axis Error
[14:51:07.472] [RightTransferStation] Move XY Axis Error
[14:51:22.351] [RightTransferStation] Move XY Axis Error
[14:57:53.289] [RightTransferStation] Move XY Axis Error
[14:58:18.261] [RightTransferStation] Move XY Axis Error
[15:01:47.377] [RightTransferStation] Move XY Axis Error
[15:02:09.530] [RightTransferStation] Move XY Axis Error
[15:06:51.127] [LeftPPStation] Load Buffer Set Exist
[15:07:05.880] [LeftPPStation] Load Buffer Set Exist
[15:07:25.307] [LeftPPStation] Load Buffer Set Exist
[15:07:45.156] [LeftPPStation] Load Buffer Set Exist
[15:07:49.000] [LeftPPStation] Load Buffer Set Exist
[15:07:57.160] [LeftPPStation] Load Buffer Set Exist
[15:08:01.428] [LeftPPStation] Load Buffer Set Exist
[15:08:20.796] [LeftPPStation] Load Buffer Set Exist
[15:12:39.521] [RightTransferStation] Move XY Axis Error
[15:13:10.456] [RightTransferStation] Move XY Axis Error
[15:19:32.177] [RightTransferStation] Move XY Axis Error
[15:20:12.285] [RightTransferStation] Move XY Axis Error
[15:25:31.566] [RightTransferStation] Move XY Axis Error
[15:25:47.671] [RightTransferStation] Move XY Axis Error
[15:25:52.716] [RightTransferStation] Move XY Axis Error
[15:28:02.288] [RightTransferStation] Move XY Axis Error
[15:28:53.703] [RightTransferStation] Move XY Axis Error
[15:29:17.892] [RightTransferStation] Move XY Axis Error
[15:35:38.641] [RightTransferStation] Move XY Axis Error
[15:36:20.356] [RightTransferStation] Move XY Axis Error
[15:39:42.052] [RightTransferStation] Move XY Axis Error
[15:40:17.616] [RightTransferStation] Move XY Axis Error
[15:40:19.365] [RightTransferStation] Move XY Axis Error
[15:40:21.798] [RightTransferStation] Move XY Axis Error
[15:40:48.617] [RightTransferStation] Move XY Axis Error
[15:45:31.715] [RightTransferStation] Move XY Axis Error
[15:45:49.664] [RightTransferStation] Move XY Axis Error
