[00:53:57.070] [LeftPPStation] Load Cylinder Vacuum Error
[01:36:09.769] [LeftTransferStation] Vacuum Error
[01:36:32.234] [LeftPPStation] Load Cylinder Up Error
[01:36:41.085] [LeftPPStation] Load Cylinder Up Error
[01:37:05.196] [LeftPPStation] Load Cylinder Vacuum Error
[01:39:27.632] [LeftTransferStation] Move Z Axis Error
[01:39:35.395] [LeftTransferStation] Move Z Axis Error
[01:39:48.315] [LeftTransferStation] Move Z Axis Error
[01:40:52.098] [LeftTransferStation] Move Z Axis Error
[02:05:02.013] [LeftTransferStation] Vacuum Error
[02:14:24.683] [LeftTransferStation] Vacuum Error
[02:14:38.282] [LeftTransferStation] Vacuum Error
[04:12:59.037] [RightPPStation] Unload Cylinder Vacuum Error
[04:50:45.121] [RightPPStation] Load Cylinder Up Error
[04:50:58.314] [RightPPStation] Load Cylinder Up Error
[04:51:04.976] [RightPPStation] Load Cylinder Up Error
[04:51:15.213] [RightPPStation] Load Cylinder Up Error
[04:51:18.759] [RightPPStation] Load Cylinder Vacuum Error
[05:37:08.402] [MainControlStation] Right Door Open
[08:13:24.961] [LeftTransferStation] Vacuum Error
[08:13:32.613] [LeftTransferStation] Vacuum Error
[11:51:07.525] [RightTransferStation] Move XY Axis Error
[12:19:24.933] [MainControlStation] Right Door Open
[14:03:19.964] [RightTransferStation] Move XY Axis Error
[14:03:36.378] [RightTransferStation] Move XY Axis Error
[19:13:46.581] [RightTransferStation] Vacuum Error
[19:13:59.139] [RightTransferStation] Vacuum Error
[22:22:39.172] [LeftTransferStation] Vacuum Error
[22:24:42.488] [LeftTransferStation] Vacuum Error
