[00:55:11.559] [RightPPStation] Load Cylinder Vacuum Error
[00:56:10.772] [LeftPPStation] Load Cylinder Up Error
[00:56:19.976] [LeftPPStation] Load Cylinder Up Error
[00:56:29.078] [LeftPPStation] Load Cylinder Up Error
[00:56:40.574] [LeftPPStation] Load Cylinder Up Error
[00:56:53.183] [LeftPPStation] Load Cylinder Up Error
[00:57:07.071] [LeftPPStation] Load Cylinder Up Error
[00:57:13.947] [LeftPPStation] Load Cylinder Vacuum Error
[01:02:08.666] [LeftTransferStation] Unload Buffer Set Exist
[01:02:18.590] [LeftTransferStation] Unload Buffer Set Exist
[01:02:43.255] [LeftTransferStation] Unload Buffer Set Exist
[01:03:15.393] [LeftTransferStation] Unload Buffer Set Exist
[01:10:42.662] [LeftTransferStation] Unload Buffer Set Exist
[01:13:47.220] [RightTransferStation] Unload Buffer Set Exist
[01:14:18.235] [RightTransferStation] Unload Buffer Set Exist
[01:14:21.666] [RightTransferStation] Unload Buffer Set Exist
[01:31:34.888] [LeftPPStation] Load Cylinder Up Error
[01:31:45.960] [LeftPPStation] Load Cylinder Up Error
[01:44:31.780] [LeftTransferStation] Vacuum Error
[02:26:36.463] [RightPPStation] Load Cylinder Up Error
[02:32:30.308] [RightPPStation] Load Cylinder Up Error
[02:39:54.202] [RightPPStation] Load Cylinder Up Error
[02:40:03.852] [RightPPStation] Load Cylinder Vacuum Error
[02:40:24.092] [LeftTransferStation] Unload Buffer Set Exist
[02:40:30.414] [LeftTransferStation] Unload Buffer Set Exist
[02:40:32.908] [LeftTransferStation] Unload Buffer Set Exist
[02:40:38.250] [LeftTransferStation] Unload Buffer Set Exist
[03:02:19.498] [RightPPStation] Load Cylinder Up Error
[03:15:09.753] [LeftTransferStation] Unload Buffer Set Exist
[03:33:33.947] [LeftTransferStation] Vacuum Error
[03:33:44.320] [LeftTransferStation] Vacuum Error
[03:52:42.915] [RightTransferStation] Vacuum Error
[03:52:53.365] [RightTransferStation] Vacuum Error
[04:03:46.538] [RightPPStation] Load Cylinder Vacuum Error
[04:12:52.538] [MainControlStation] Left Door Open
[04:15:13.976] [LeftPPStation] Load Cylinder Vacuum Error
[04:29:47.898] [RightPPStation] Load Cylinder Up Error
[04:56:42.977] [RightPPStation] Load Cylinder Vacuum Error
[05:03:54.100] [RightPPStation] Load Cylinder Vacuum Error
[05:04:45.370] [LeftPPStation] Load Cylinder Vacuum Error
[05:11:54.533] [RightTransferStation] Unload Buffer Set Exist
[06:21:19.515] [LeftTransferStation] Vacuum Error
[06:21:28.927] [LeftTransferStation] Vacuum Error
[07:18:24.309] [RightTransferStation] Vacuum Error
[07:18:59.397] [RightTransferStation] Set Double Place
[07:23:05.036] [LeftTransferStation] Unload Buffer Set Exist
[07:23:16.042] [LeftTransferStation] Unload Buffer Set Exist
[07:23:17.938] [LeftTransferStation] Unload Buffer Set Exist
[07:23:20.340] [LeftTransferStation] Unload Buffer Set Exist
[07:24:26.888] [LeftTransferStation] Unload Buffer Set Exist
[07:24:32.697] [LeftTransferStation] Unload Buffer Set Exist
[07:25:41.409] [LeftTransferStation] Vacuum Error
[08:05:23.480] [LeftTransferStation] Unload Buffer Set Exist
[10:21:42.679] [LeftTransferStation] Vacuum Error
[11:26:05.391] [RightPPStation] Unload Cylinder Vacuum Error
[11:26:15.203] [RightPPStation] Unload Cylinder Vacuum Error
[12:37:39.327] [RightPPStation] Load Cylinder Up Error
[13:10:23.428] [RightPPStation] Load Cylinder Up Error
[13:12:37.103] [RightPPStation] Load Cylinder Up Error
[13:13:02.888] [RightPPStation] Load Cylinder Up Error
[13:15:16.123] [RightPPStation] Load Cylinder Up Error
[13:47:03.588] [LeftTransferStation] Vacuum Error
[13:47:12.939] [LeftTransferStation] Vacuum Error
[15:17:02.744] [RightTransferStation] Vacuum Error
[15:34:35.685] [RightTransferStation] Vacuum Error
[15:55:38.997] [RightPPStation] Load Cylinder Vacuum Error
[16:06:27.032] [RightPPStation] Load Cylinder Up Error
[16:06:36.223] [RightPPStation] Load Cylinder Up Error
[16:07:49.712] [RightPPStation] Load Cylinder Up Error
[16:15:38.775] [RightPPStation] Load Cylinder Up Error
[16:18:11.323] [RightPPStation] Load Cylinder Up Error
[16:29:55.545] [RightPPStation] Load Cylinder Up Error
[16:30:02.681] [RightPPStation] Load Cylinder Up Error
[16:54:20.440] [RightPPStation] Load Cylinder Up Error
[17:13:45.761] [RightPPStation] Load Cylinder Up Error
[17:19:32.473] [RightTransferStation] Vacuum Error
[17:19:37.071] [RightTransferStation] Vacuum Error
[17:36:02.215] [RightPPStation] Load Cylinder Up Error
[17:51:17.353] [RightPPStation] Load Cylinder Up Error
[18:08:53.826] [RightPPStation] Load Cylinder Up Error
[18:30:51.915] [RightPPStation] Load Cylinder Up Error
[18:42:25.717] [RightPPStation] Load Cylinder Up Error
[20:14:13.890] [RightPPStation] Load Cylinder Up Error
[20:28:13.652] [RightPPStation] Load Cylinder Up Error
[20:33:10.625] [RightPPStation] Load Cylinder Up Error
[20:40:52.252] [RightPPStation] Load Cylinder Up Error
[20:42:21.471] [RightPPStation] Load Cylinder Up Error
[20:48:31.133] [RightPPStation] Load Cylinder Up Error
[20:52:23.514] [RightPPStation] Load Cylinder Up Error
[20:53:10.456] [RightPPStation] Load Cylinder Up Error
[20:59:41.894] [RightPPStation] Load Cylinder Up Error
[21:01:14.490] [RightPPStation] Load Cylinder Up Error
[21:02:42.683] [RightPPStation] Load Cylinder Up Error
[21:05:58.538] [RightPPStation] Load Cylinder Up Error
