[00:31:08.731] ---- [Flow] CT_STOP Set
[00:31:08.754] ---- [Event] Auto : CT_STOP
[00:31:08.755] --------- [Monitor] StopTasks() : before m_stopped
[00:31:08.782] --------- [Monitor] StopTasks() : m_stopped
[00:31:08.783] [m_nState] AutoStop State
[00:31:08.883] ---- [Flow] CT_STOP Set
[00:31:08.903] ---- [Flow] CT_STOP Set
[00:31:08.921] ---- [Flow] CT_STOP Set
[00:31:08.947] ---- [Flow] CT_STOP Set
[00:31:08.963] ---- [Flow] CT_STOP Set
[00:31:08.985] ---- [Flow] CT_STOP Set
[00:31:09.002] ---- [Flow] CT_STOP Set
[00:31:09.039] ---- [Flow] CT_STOP Set
[00:31:09.081] ---- [Flow] CT_STOP Set
[00:31:09.117] ---- [Flow] CT_STOP Set
[00:34:03.275] ---- [Flow] CT_START Set
[00:34:03.297] ---- [Event] AutoStop : CT_START
[00:34:03.298] [m_nState] Auto State
[00:34:04.095] ---- [Flow] CT_START Set
[00:55:12.191] ---- [Flow] CT_START Set
[00:56:14.266] ---- [Flow] CT_START Set
[00:56:23.369] ---- [Flow] CT_START Set
[00:56:34.975] ---- [Flow] CT_START Set
[00:56:36.892] ---- [Flow] CT_START Set
[00:56:47.815] ---- [Flow] CT_START Set
[00:57:01.489] ---- [Flow] CT_START Set
[00:57:13.165] ---- [Flow] CT_START Set
[00:57:13.894] ---- [Flow] CT_START Set
[01:02:11.652] ---- [Flow] CT_START Set
[01:02:11.792] ---- [Flow] CT_START Set
[01:02:15.561] ---- [Flow] CT_START Set
[01:02:15.712] ---- [Flow] CT_START Set
[01:02:15.869] ---- [Flow] CT_START Set
[01:02:15.992] ---- [Flow] CT_START Set
[01:02:17.789] ---- [Flow] CT_START Set
[01:02:19.283] ---- [Flow] CT_START Set
[01:02:32.635] ---- [Flow] CT_START Set
[01:02:32.812] ---- [Flow] CT_START Set
[01:02:32.919] ---- [Flow] CT_START Set
[01:02:33.311] ---- [Flow] CT_START Set
[01:02:33.443] ---- [Flow] CT_START Set
[01:02:39.296] ---- [Flow] CT_START Set
[01:02:39.945] ---- [Flow] CT_START Set
[01:02:40.067] ---- [Flow] CT_START Set
[01:02:42.121] ---- [Flow] CT_START Set
[01:02:42.832] ---- [Flow] CT_START Set
[01:03:07.572] ---- [Flow] CT_START Set
[01:03:08.903] ---- [Flow] CT_START Set
[01:03:09.066] ---- [Flow] CT_START Set
[01:03:10.905] ---- [Flow] CT_START Set
[01:03:11.879] ---- [Flow] CT_START Set
[01:03:12.072] ---- [Flow] CT_START Set
[01:03:13.045] ---- [Flow] CT_START Set
[01:03:13.183] ---- [Flow] CT_START Set
[01:03:14.100] ---- [Flow] CT_START Set
[01:03:14.229] ---- [Flow] CT_START Set
[01:03:21.252] ---- [Flow] CT_START Set
[01:10:45.968] ---- [Flow] CT_START Set
[01:10:46.097] ---- [Flow] CT_START Set
[01:10:46.238] ---- [Flow] CT_START Set
[01:10:57.543] ---- [Flow] CT_START Set
[01:10:57.643] ---- [Flow] CT_START Set
[01:10:57.807] ---- [Flow] CT_START Set
[01:11:36.060] ---- [Flow] CT_START Set
[01:13:51.388] ---- [Flow] CT_START Set
[01:13:53.025] ---- [Flow] CT_START Set
[01:13:53.284] ---- [Flow] CT_START Set
[01:13:53.498] ---- [Flow] CT_START Set
[01:14:04.985] ---- [Flow] CT_START Set
[01:14:05.207] ---- [Flow] CT_START Set
[01:14:05.424] ---- [Flow] CT_START Set
[01:14:05.518] ---- [Flow] CT_START Set
[01:14:17.893] ---- [Flow] CT_START Set
[01:14:18.171] ---- [Flow] CT_START Set
[01:14:18.271] ---- [Flow] CT_START Set
[01:14:20.511] ---- [Flow] CT_START Set
[01:14:20.656] ---- [Flow] CT_START Set
[01:14:23.343] ---- [Flow] CT_START Set
[01:14:23.484] ---- [Flow] CT_START Set
[01:14:23.691] ---- [Flow] CT_START Set
[01:14:23.790] ---- [Flow] CT_START Set
[01:14:24.005] ---- [Flow] CT_START Set
[01:14:24.229] ---- [Flow] CT_START Set
[01:14:24.457] ---- [Flow] CT_START Set
[01:14:53.227] ---- [Flow] CT_START Set
[01:15:04.150] ---- [Flow] CT_START Set
[01:31:40.222] ---- [Flow] CT_START Set
[01:31:46.906] ---- [Flow] CT_START Set
[01:31:47.185] ---- [Flow] CT_START Set
[01:44:38.504] ---- [Flow] CT_START Set
[02:26:40.069] ---- [Flow] CT_START Set
[02:27:54.439] ---- [Flow] CT_START Set
[02:32:33.146] ---- [Flow] CT_START Set
[02:39:36.136] ---- [Flow] CT_START Set
[02:39:56.214] ---- [Flow] CT_STOP Set
[02:39:56.237] ---- [Event] Auto : CT_STOP
[02:39:56.238] --------- [Monitor] StopTasks() : before m_stopped
[02:39:56.239] --------- [Monitor] StopTasks() : m_stopped
[02:39:56.240] [m_nState] AutoStop State
[02:39:56.248] ---- [Flow] CT_STOP Set
[02:39:56.281] ---- [Flow] CT_STOP Set
[02:40:03.483] ---- [Flow] CT_START Set
[02:40:03.505] ---- [Event] AutoStop : CT_START
[02:40:03.506] [m_nState] Auto State
[02:40:03.604] ---- [Flow] CT_START Set
[02:40:13.632] ---- [Flow] CT_START Set
[02:40:27.700] ---- [Flow] CT_START Set
[02:40:28.049] ---- [Flow] CT_START Set
[02:40:28.144] ---- [Flow] CT_START Set
[02:40:28.346] ---- [Flow] CT_START Set
[02:40:28.685] ---- [Flow] CT_START Set
[02:40:28.842] ---- [Flow] CT_START Set
[02:40:29.000] ---- [Flow] CT_START Set
[02:40:29.137] ---- [Flow] CT_START Set
[02:40:29.287] ---- [Flow] CT_START Set
[02:40:30.671] ---- [Flow] CT_START Set
[02:40:31.556] ---- [Flow] CT_START Set
[02:40:31.742] ---- [Flow] CT_START Set
[02:40:31.870] ---- [Flow] CT_START Set
[02:40:32.830] ---- [Flow] CT_START Set
[02:40:33.082] ---- [Flow] CT_START Set
[02:40:34.022] ---- [Flow] CT_START Set
[02:40:34.259] ---- [Flow] CT_START Set
[02:40:34.600] ---- [Flow] CT_START Set
[02:40:36.461] ---- [Flow] CT_START Set
[02:40:36.640] ---- [Flow] CT_START Set
[02:40:36.755] ---- [Flow] CT_START Set
[02:40:36.883] ---- [Flow] CT_START Set
[02:40:36.990] ---- [Flow] CT_START Set
[02:40:37.110] ---- [Flow] CT_START Set
[02:40:37.241] ---- [Flow] CT_START Set
[02:40:56.026] ---- [Flow] CT_START Set
[03:02:24.395] ---- [Flow] CT_START Set
[03:15:15.211] ---- [Flow] CT_START Set
[03:33:37.689] ---- [Flow] CT_START Set
[03:33:46.906] ---- [Flow] CT_START Set
[03:37:07.719] ---- [Flow] CT_STOP Set
[03:37:07.742] ---- [Event] Auto : CT_STOP
[03:37:07.743] --------- [Monitor] StopTasks() : before m_stopped
[03:37:07.871] ---- [Flow] CT_STOP Set
[03:37:07.900] --------- [Monitor] StopTasks() : m_stopped
[03:37:07.901] [m_nState] AutoStop State
[03:37:07.911] ---- [Flow] CT_STOP Set
[03:37:07.937] ---- [Flow] CT_STOP Set
[03:37:07.959] ---- [Flow] CT_STOP Set
[03:37:07.975] ---- [Flow] CT_STOP Set
[03:37:08.000] ---- [Flow] CT_STOP Set
[03:37:08.045] ---- [Flow] CT_STOP Set
[03:37:08.071] ---- [Flow] CT_STOP Set
[03:37:08.089] ---- [Flow] CT_STOP Set
[03:37:08.110] ---- [Flow] CT_STOP Set
[03:37:08.146] ---- [Flow] CT_STOP Set
[03:37:24.213] ---- [Flow] CT_START Set
[03:37:24.236] ---- [Event] AutoStop : CT_START
[03:37:24.237] [m_nState] Auto State
[03:37:24.895] ---- [Flow] CT_START Set
[03:42:52.385] ---- [Flow] CT_STOP Set
[03:42:52.408] ---- [Event] Auto : CT_STOP
[03:42:52.409] --------- [Monitor] StopTasks() : before m_stopped
[03:42:52.740] --------- [Monitor] StopTasks() : m_stopped
[03:42:52.741] [m_nState] AutoStop State
[03:42:52.746] ---- [Flow] CT_STOP Set
[03:43:22.895] ---- [Flow] CT_START Set
[03:43:22.917] ---- [Event] AutoStop : CT_START
[03:43:22.918] [m_nState] Auto State
[03:43:23.773] ---- [Flow] CT_START Set
[03:52:46.733] ---- [Flow] CT_START Set
[03:58:38.416] ---- [Flow] CT_START Set
[03:59:00.634] ---- [Flow] CT_START Set
[04:03:51.677] ---- [Flow] CT_START Set
[04:12:59.091] ---- [Flow] CT_START Set
[04:13:22.618] ---- [Flow] CT_START Set
[04:15:10.352] ---- [Flow] CT_START Set
[04:15:15.191] ---- [Flow] CT_START Set
[04:15:29.342] ---- [Flow] CT_START Set
[04:29:52.110] ---- [Flow] CT_START Set
[04:54:52.968] ---- [Flow] CT_STOP Set
[04:54:52.991] ---- [Event] Auto : CT_STOP
[04:54:52.992] --------- [Monitor] StopTasks() : before m_stopped
[04:54:53.032] ---- [Flow] CT_STOP Set
[04:54:53.151] --------- [Monitor] StopTasks() : m_stopped
[04:54:53.153] [m_nState] AutoStop State
[04:55:38.172] ---- [Flow] CT_START Set
[04:55:38.195] ---- [Event] AutoStop : CT_START
[04:55:38.196] [m_nState] Auto State
[04:55:51.200] ---- [Flow] CT_START Set
[04:56:26.962] ---- [Flow] CT_START Set
[04:56:46.250] ---- [Flow] CT_START Set
[04:58:46.852] ---- [Flow] CT_STOP Set
[04:58:46.875] ---- [Event] Auto : CT_STOP
[04:58:46.875] --------- [Monitor] StopTasks() : before m_stopped
[04:58:46.935] --------- [Monitor] StopTasks() : m_stopped
[04:58:46.936] [m_nState] AutoStop State
[04:58:57.191] ---- [Flow] CT_START Set
[04:58:57.213] ---- [Event] AutoStop : CT_START
[04:58:57.214] [m_nState] Auto State
[04:58:58.406] ---- [Flow] CT_START Set
[05:12:03.825] ---- [Flow] CT_START Set
[05:15:19.677] ---- [Flow] CT_STOP Set
[05:15:19.700] ---- [Event] Auto : CT_STOP
[05:15:19.701] --------- [Monitor] StopTasks() : before m_stopped
[05:15:20.145] --------- [Monitor] StopTasks() : m_stopped
[05:15:20.146] [m_nState] AutoStop State
[05:15:22.775] ---- [Flow] CT_START Set
[05:15:22.797] ---- [Event] AutoStop : CT_START
[05:15:22.798] [m_nState] Auto State
[05:15:23.326] ---- [Flow] CT_START Set
[05:15:40.613] ---- [Flow] CT_START Set
[06:21:22.012] ---- [Flow] CT_START Set
[06:21:44.229] ---- [Flow] CT_START Set
[06:37:40.105] ---- [Flow] CT_STOP Set
[06:37:40.127] ---- [Event] Auto : CT_STOP
[06:37:40.128] --------- [Monitor] StopTasks() : before m_stopped
[06:37:40.139] --------- [Monitor] StopTasks() : m_stopped
[06:37:40.140] [m_nState] AutoStop State
[07:01:46.406] ---- [Flow] CT_START Set
[07:01:46.428] ---- [Event] AutoStop : CT_START
[07:01:46.429] [m_nState] Auto State
[07:01:47.244] ---- [Flow] CT_START Set
[07:18:28.455] ---- [Flow] CT_START Set
[07:19:20.578] ---- [Flow] CT_START Set
[07:23:09.263] ---- [Flow] CT_START Set
[07:23:10.792] ---- [Flow] CT_START Set
[07:23:11.057] ---- [Flow] CT_START Set
[07:23:11.287] ---- [Flow] CT_START Set
[07:23:11.647] ---- [Flow] CT_START Set
[07:23:14.465] ---- [Flow] CT_START Set
[07:23:14.809] ---- [Flow] CT_START Set
[07:23:15.015] ---- [Flow] CT_START Set
[07:23:16.081] ---- [Flow] CT_START Set
[07:23:16.192] ---- [Flow] CT_START Set
[07:23:16.868] ---- [Flow] CT_START Set
[07:23:18.113] ---- [Flow] CT_START Set
[07:23:18.902] ---- [Flow] CT_START Set
[07:23:19.171] ---- [Flow] CT_START Set
[07:23:28.153] ---- [Flow] CT_START Set
[07:23:28.398] ---- [Flow] CT_START Set
[07:23:28.801] ---- [Flow] CT_START Set
[07:23:28.945] ---- [Flow] CT_START Set
[07:23:29.277] ---- [Flow] CT_START Set
[07:23:29.443] ---- [Flow] CT_START Set
[07:23:29.563] ---- [Flow] CT_START Set
[07:23:41.632] ---- [Flow] CT_START Set
[07:23:41.926] ---- [Flow] CT_START Set
[07:23:42.182] ---- [Flow] CT_START Set
[07:24:25.224] ---- [Flow] CT_START Set
[07:24:25.401] ---- [Flow] CT_START Set
[07:24:25.635] ---- [Flow] CT_START Set
[07:24:25.753] ---- [Flow] CT_START Set
[07:24:26.721] ---- [Flow] CT_START Set
[07:24:26.926] ---- [Flow] CT_START Set
[07:24:27.753] ---- [Flow] CT_START Set
[07:24:32.390] ---- [Flow] CT_START Set
[07:24:32.555] ---- [Flow] CT_START Set
[07:24:34.956] ---- [Flow] CT_START Set
[07:25:28.529] ---- [Flow] CT_START Set
[07:25:48.227] ---- [Flow] CT_START Set
[08:05:29.594] ---- [Flow] CT_START Set
[10:21:51.339] ---- [Flow] CT_START Set
[11:26:12.147] ---- [Flow] CT_START Set
[11:26:32.719] ---- [Flow] CT_START Set
[12:37:43.853] ---- [Flow] CT_START Set
[13:10:27.856] ---- [Flow] CT_START Set
[13:12:41.809] ---- [Flow] CT_START Set
[13:13:06.791] ---- [Flow] CT_START Set
[13:15:20.521] ---- [Flow] CT_START Set
[13:47:05.975] ---- [Flow] CT_START Set
[13:47:24.929] ---- [Flow] CT_START Set
[13:52:54.231] ---- [Flow] CT_START Set
[15:17:13.130] ---- [Flow] CT_START Set
[15:34:46.992] ---- [Flow] CT_START Set
[15:55:44.148] ---- [Flow] CT_START Set
[16:06:30.445] ---- [Flow] CT_START Set
[16:06:39.021] ---- [Flow] CT_START Set
[16:07:53.812] ---- [Flow] CT_START Set
[16:15:59.665] ---- [Flow] CT_START Set
[16:18:15.763] ---- [Flow] CT_START Set
[16:29:57.365] ---- [Flow] CT_START Set
[16:30:03.894] ---- [Flow] CT_START Set
[16:54:21.898] ---- [Flow] CT_START Set
[17:13:47.644] ---- [Flow] CT_START Set
[17:19:33.831] ---- [Flow] CT_START Set
[17:19:55.489] ---- [Flow] CT_START Set
[17:36:03.472] ---- [Flow] CT_START Set
[17:51:20.067] ---- [Flow] CT_START Set
[18:08:56.083] ---- [Flow] CT_START Set
[18:30:54.744] ---- [Flow] CT_START Set
[18:42:27.583] ---- [Flow] CT_START Set
[19:20:26.337] ---- [Flow] CT_STOP Set
[19:20:26.360] ---- [Event] Auto : CT_STOP
[19:20:26.361] --------- [Monitor] StopTasks() : before m_stopped
[19:20:26.373] --------- [Monitor] StopTasks() : m_stopped
[19:20:26.375] [m_nState] AutoStop State
[20:06:26.207] ---- [Flow] CT_START Set
[20:06:26.229] ---- [Event] AutoStop : CT_START
[20:06:26.230] [m_nState] Auto State
[20:06:27.066] ---- [Flow] CT_START Set
[20:14:15.524] ---- [Flow] CT_START Set
[20:28:14.631] ---- [Flow] CT_START Set
[20:33:11.780] ---- [Flow] CT_START Set
[20:40:53.311] ---- [Flow] CT_START Set
[20:42:22.702] ---- [Flow] CT_START Set
[20:48:31.517] ---- [Flow] CT_START Set
[20:52:24.443] ---- [Flow] CT_START Set
[20:53:11.049] ---- [Flow] CT_START Set
[20:59:42.890] ---- [Flow] CT_START Set
[21:01:14.615] ---- [Flow] CT_START Set
[21:02:50.063] ---- [Flow] CT_START Set
[21:05:59.524] ---- [Flow] CT_START Set
[21:06:52.417] ---- [Flow] CT_STOP Set
[21:06:52.440] ---- [Event] Auto : CT_STOP
[21:06:52.441] --------- [Monitor] StopTasks() : before m_stopped
[21:06:52.532] --------- [Monitor] StopTasks() : m_stopped
[21:06:52.533] [m_nState] AutoStop State
[21:06:52.536] ---- [Flow] CT_STOP Set
[21:07:10.672] ---- [Flow] CT_START Set
[21:07:10.695] ---- [Event] AutoStop : CT_START
[21:07:10.696] [m_nState] Auto State
[21:07:10.987] ---- [Flow] CT_START Set
[23:13:00.763] ---- [Flow] CT_STOP Set
[23:13:00.787] ---- [Event] Auto : CT_STOP
[23:13:00.788] --------- [Monitor] StopTasks() : before m_stopped
[23:13:00.890] ---- [Flow] CT_STOP Set
[23:13:00.929] ---- [Flow] CT_STOP Set
[23:13:00.996] ---- [Flow] CT_STOP Set
[23:13:01.035] --------- [Monitor] StopTasks() : m_stopped
[23:13:01.036] [m_nState] AutoStop State
[23:13:01.039] ---- [Flow] CT_STOP Set
[23:13:01.055] ---- [Flow] CT_STOP Set
[23:13:01.079] ---- [Flow] CT_STOP Set
[23:13:01.098] ---- [Flow] CT_STOP Set
[23:13:01.137] ---- [Flow] CT_STOP Set
[23:13:01.175] ---- [Flow] CT_STOP Set
[23:13:01.208] ---- [Flow] CT_STOP Set
[23:13:06.955] ---- [Flow] CT_START Set
[23:13:06.977] ---- [Event] AutoStop : CT_START
[23:13:06.978] [m_nState] Auto State
[23:13:07.991] ---- [Flow] CT_START Set
