[00:15:36.037] [RightTransferStation] Move XY Axis Error
[00:16:02.026] [RightTransferStation] Move XY Axis Error
[00:16:07.763] [RightTransferStation] Move XY Axis Error
[00:16:20.845] [RightTransferStation] Move XY Axis Error
[00:16:22.485] [RightTransferStation] Move XY Axis Error
[00:16:39.318] [RightTransferStation] Move XY Axis Error
[00:20:10.565] [RightTransferStation] Move XY Axis Error
[00:20:25.720] [RightTransferStation] Move XY Axis Error
[00:26:40.753] [RightTransferStation] Move XY Axis Error
[00:26:53.535] [RightTransferStation] Move XY Axis Error
[00:26:59.252] [RightTransferStation] Move XY Axis Error
[00:27:38.461] [RightTransferStation] Move XY Axis Error
[00:27:41.162] [RightTransferStation] Move XY Axis Error
[00:27:53.287] [RightTransferStation] Move XY Axis Error
[00:50:27.589] [RightTransferStation] Move XY Axis Error
[00:51:21.494] [RightTransferStation] Move XY Axis Error
[06:42:38.288] [RightTransferStation] Move XY Axis Error
[06:43:59.434] [RightTransferStation] Move XY Axis Error
[07:53:29.484] [RightTransferStation] Move XY Axis Error
[07:53:41.363] [RightTransferStation] Move XY Axis Error
[08:57:44.223] [RightTransferStation] Move XY Axis Error
[08:59:49.947] [RightTransferStation] Move XY Axis Error
[09:00:17.070] [RightTransferStation] Move XY Axis Error
[09:06:40.851] [RightTransferStation] Vacuum Error
[09:08:14.533] [RightTransferStation] Move XY Axis Error
[09:20:39.316] [RightTransferStation] Move XY Axis Error
[09:20:52.246] [RightTransferStation] Move XY Axis Error
[09:21:44.295] [RightTransferStation] Move XY Axis Error
[09:22:04.510] [RightTransferStation] Move XY Axis Error
[09:27:39.869] [RightTransferStation] Move XY Axis Error
[09:28:25.597] [RightTransferStation] Move XY Axis Error
[09:46:48.483] [RightTransferStation] Move XY Axis Error
[09:46:50.947] [RightTransferStation] Move XY Axis Error
[10:46:44.573] [RightTransferStation] Move XY Axis Error
[10:48:03.556] [RightTransferStation] Move XY Axis Error
[11:19:23.987] [RightTransferStation] Move XY Axis Error
[11:20:15.481] [RightTransferStation] Move XY Axis Error
[13:05:20.815] [RightTransferStation] Move XY Axis Error
[13:05:32.952] [RightTransferStation] Move XY Axis Error
[13:47:52.531] [RightTransferStation] Move XY Axis Error
[13:48:06.351] [RightTransferStation] Move XY Axis Error
[13:48:15.046] [RightTransferStation] Move XY Axis Error
[13:48:43.628] [RightTransferStation] Move XY Axis Error
[15:23:42.658] [RightTransferStation] Move XY Axis Error
[15:23:59.502] [RightTransferStation] Move XY Axis Error
[15:39:01.135] [RightTransferStation] Move XY Axis Error
[15:39:23.201] [RightTransferStation] Move XY Axis Error
[15:45:08.493] [RightTransferStation] Move XY Axis Error
[15:45:38.794] [RightTransferStation] Move XY Axis Error
[15:45:41.088] [RightTransferStation] Move XY Axis Error
[15:45:52.428] [RightTransferStation] Move XY Axis Error
[15:46:02.328] [LeftPPStation] Load Cylinder Vacuum Error
[15:46:27.220] [RightTransferStation] Move XY Axis Error
[15:46:51.117] [RightTransferStation] Move XY Axis Error
[15:51:27.481] [RightTransferStation] Move XY Axis Error
[15:51:44.815] [RightTransferStation] Move XY Axis Error
[15:51:48.432] [RightTransferStation] Move XY Axis Error
[15:52:24.217] [RightTransferStation] Move XY Axis Error
[16:33:13.984] [RightTransferStation] Move XY Axis Error
[16:33:44.850] [RightTransferStation] Move XY Axis Error
[16:55:00.610] [RightTransferStation] Move XY Axis Error
[16:55:31.934] [RightTransferStation] Move XY Axis Error
[16:55:54.823] [RightTransferStation] Move XY Axis Error
[16:56:17.913] [RightTransferStation] Move XY Axis Error
[16:56:46.576] [RightTransferStation] Move XY Axis Error
[16:57:16.224] [RightTransferStation] Move XY Axis Error
[17:02:44.540] [RightTransferStation] Move XY Axis Error
[17:03:03.619] [RightTransferStation] Move XY Axis Error
[17:08:43.674] [RightTransferStation] Move XY Axis Error
[17:10:21.581] [RightTransferStation] Move XY Axis Error
[17:40:50.924] [RightTransferStation] Move XY Axis Error
[17:41:20.353] [RightTransferStation] Move XY Axis Error
[17:41:51.101] [RightPPStation] Load Cylinder Up Error
[17:42:09.845] [RightPPStation] Load Cylinder Up Error
[17:47:49.415] [LeftTransferStation] Vacuum Error
[19:08:06.086] [RightTransferStation] Move XY Axis Error
[19:21:10.850] [RightTransferStation] Move XY Axis Error
[19:23:08.567] [RightTransferStation] Move XY Axis Error
[19:23:33.534] [RightTransferStation] Move XY Axis Error
[20:22:53.714] [RightTransferStation] Move XY Axis Error
[20:23:34.787] [RightTransferStation] Move XY Axis Error
[20:48:50.404] [RightTransferStation] Move XY Axis Error
[20:49:12.996] [RightTransferStation] Move XY Axis Error
[20:51:41.196] [RightTransferStation] Move XY Axis Error
[20:52:12.322] [RightTransferStation] Move XY Axis Error
[20:58:30.853] [RightTransferStation] Move XY Axis Error
[20:59:16.153] [RightTransferStation] Move XY Axis Error
[20:59:22.911] [RightTransferStation] Move XY Axis Error
[20:59:52.898] [RightTransferStation] Move XY Axis Error
[20:59:54.908] [RightTransferStation] Move XY Axis Error
[21:00:14.611] [RightTransferStation] Move XY Axis Error
[21:08:14.391] [RightTransferStation] Move XY Axis Error
[21:08:34.608] [RightTransferStation] Move XY Axis Error
[21:08:39.394] [RightTransferStation] Move XY Axis Error
[21:08:58.647] [RightTransferStation] Move XY Axis Error
[21:09:00.196] [RightTransferStation] Move XY Axis Error
[21:09:24.689] [RightTransferStation] Move XY Axis Error
[21:11:51.811] [RightTransferStation] Move XY Axis Error
[21:12:24.456] [RightTransferStation] Move XY Axis Error
[21:12:27.985] [RightTransferStation] Move XY Axis Error
[21:13:04.573] [RightTransferStation] Move XY Axis Error
[21:25:22.462] [RightTransferStation] Move XY Axis Error
[21:25:40.562] [RightTransferStation] Move XY Axis Error
[21:25:45.365] [RightTransferStation] Move XY Axis Error
[21:27:13.910] [RightTransferStation] Move XY Axis Error
[21:27:16.678] [RightTransferStation] Move XY Axis Error
[21:27:52.305] [RightTransferStation] Move XY Axis Error
[21:33:47.228] [RightTransferStation] Move XY Axis Error
[21:34:39.544] [RightTransferStation] Move XY Axis Error
[21:39:36.783] [RightTransferStation] Move XY Axis Error
[21:40:45.874] [RightTransferStation] Move XY Axis Error
[21:40:52.979] [RightTransferStation] Move XY Axis Error
[21:41:08.005] [RightTransferStation] Move XY Axis Error
[21:41:09.634] [RightTransferStation] Move XY Axis Error
[21:41:56.522] [RightTransferStation] Move XY Axis Error
[21:54:18.158] [RightTransferStation] Move XY Axis Error
[21:54:41.626] [RightTransferStation] Move XY Axis Error
[21:58:24.446] [RightTransferStation] Move XY Axis Error
[21:58:35.876] [RightTransferStation] Move XY Axis Error
[22:08:44.780] [RightTransferStation] Move XY Axis Error
[22:08:57.287] [RightTransferStation] Move XY Axis Error
[22:13:37.488] [RightTransferStation] Move XY Axis Error
[22:13:48.087] [RightTransferStation] Move XY Axis Error
[22:19:30.513] [RightTransferStation] Move XY Axis Error
[22:19:55.958] [RightTransferStation] Move XY Axis Error
[22:20:15.598] [RightTransferStation] Move XY Axis Error
[22:20:36.532] [RightTransferStation] Move XY Axis Error
[22:20:45.744] [RightTransferStation] Move XY Axis Error
[22:30:43.921] [LeftPPStation] Load Cylinder Up Error
[22:30:46.833] [LeftPPStation] Load Cylinder Vacuum Error
[23:54:01.611] [RightTransferStation] Move XY Axis Error
[23:54:20.686] [RightTransferStation] Move XY Axis Error
[23:59:53.185] [RightTransferStation] Move XY Axis Error
