[07:48:37.655] [RightTransferStation] Move XY Axis Error
[07:49:03.180] [RightTransferStation] Move XY Axis Error
[08:04:16.106] [RightTransferStation] Move XY Axis Error
[08:04:36.243] [RightTransferStation] Move XY Axis Error
[08:21:00.568] [LeftTransferStation] Unload Buffer Set Exist
[09:18:33.411] [RightTransferStation] Move XY Axis Error
[09:19:00.895] [RightTransferStation] Move XY Axis Error
[09:57:12.576] [LeftPPStation] Load Cylinder Up Error
[09:57:18.269] [LeftPPStation] Load Cylinder Vacuum Error
[10:12:12.791] [RightTransferStation] Move XY Axis Error
[10:12:27.516] [RightTransferStation] Move XY Axis Error
[12:22:30.045] [RightTransferStation] Move XY Axis Error
[12:27:33.540] [RightTransferStation] Move XY Axis Error
[12:28:53.130] [RightTransferStation] Move XY Axis Error
[12:44:02.010] [LeftTransferStation] Unload Buffer Set Exist
[12:54:46.432] [RightTransferStation] Move XY Axis Error
[12:55:07.106] [RightTransferStation] Move XY Axis Error
[13:10:35.193] [LeftPPStation] Load Cylinder Vacuum Error
[13:23:34.245] [RightTransferStation] Move XY Axis Error
[13:23:54.298] [RightTransferStation] Move XY Axis Error
[13:30:12.127] [RightTransferStation] Move XY Axis Error
[13:31:14.245] [RightTransferStation] Move XY Axis Error
[13:36:20.789] [RightTransferStation] Move XY Axis Error
[13:36:31.118] [RightTransferStation] Move XY Axis Error
[13:36:33.011] [RightTransferStation] Move XY Axis Error
[13:45:19.269] [RightTransferStation] Move XY Axis Error
[13:45:35.310] [RightTransferStation] Move XY Axis Error
[13:49:33.878] [RightTransferStation] Move XY Axis Error
[13:49:49.355] [RightTransferStation] Move XY Axis Error
[13:56:04.135] [RightTransferStation] Move XY Axis Error
[13:56:18.422] [RightTransferStation] Move XY Axis Error
[14:08:21.350] [RightTransferStation] Move XY Axis Error
[14:08:43.545] [RightTransferStation] Move XY Axis Error
[14:09:08.603] [RightTransferStation] Move XY Axis Error
[14:09:12.810] [RightTransferStation] Move XY Axis Error
[14:14:54.321] [RightTransferStation] Move XY Axis Error
[14:15:23.166] [RightTransferStation] Move XY Axis Error
[14:15:47.221] [RightTransferStation] Move XY Axis Error
[14:15:52.439] [RightTransferStation] Move XY Axis Error
[14:33:51.025] [RightTransferStation] Move XY Axis Error
[14:34:16.370] [RightTransferStation] Move XY Axis Error
[14:45:25.362] [RightTransferStation] Move XY Axis Error
[14:45:55.415] [RightTransferStation] Move XY Axis Error
[14:53:02.949] [RightTransferStation] Move XY Axis Error
[14:53:06.526] [RightTransferStation] Move XY Axis Error
[14:53:08.434] [RightTransferStation] Move XY Axis Error
[14:56:04.236] [RightTransferStation] Move XY Axis Error
[14:56:18.634] [RightTransferStation] Move XY Axis Error
[14:58:03.112] [RightTransferStation] Move XY Axis Error
[14:58:09.252] [RightTransferStation] Move XY Axis Error
[15:01:35.496] [RightTransferStation] Move XY Axis Error
[15:01:47.720] [RightTransferStation] Move XY Axis Error
[15:03:05.019] [RightTransferStation] Move XY Axis Error
[15:03:16.916] [RightTransferStation] Move XY Axis Error
[15:12:23.034] [LeftPPStation] Load Cylinder Up Error
[15:12:30.218] [LeftPPStation] Load Cylinder Up Error
[15:12:33.452] [LeftPPStation] Load Cylinder Vacuum Error
[15:23:40.302] [RightTransferStation] Move XY Axis Error
[15:23:44.488] [RightTransferStation] Move XY Axis Error
[15:25:27.826] [LeftPPStation] Load Buffer Set Exist
[15:25:44.348] [LeftPPStation] Load Buffer Set Exist
[15:26:13.592] [LeftPPStation] Load Buffer Set Exist
[15:26:23.666] [LeftPPStation] Load Buffer Set Exist
[15:26:49.660] [LeftTransferStation] Vacuum Error
[15:28:58.346] [RightTransferStation] Move XY Axis Error
[15:29:32.916] [RightTransferStation] Move XY Axis Error
[15:30:27.057] [RightTransferStation] Move XY Axis Error
[15:30:44.163] [RightTransferStation] Move XY Axis Error
[15:41:42.183] [RightTransferStation] Move XY Axis Error
[15:41:51.054] [RightTransferStation] Move XY Axis Error
[15:41:52.973] [RightTransferStation] Move XY Axis Error
[15:42:21.941] [RightTransferStation] Move XY Axis Error
[15:42:29.654] [RightTransferStation] Move XY Axis Error
[15:42:31.554] [RightTransferStation] Move XY Axis Error
[15:42:33.498] [RightTransferStation] Move XY Axis Error
[15:42:58.721] [RightTransferStation] Move XY Axis Error
[15:43:16.359] [RightTransferStation] Move XY Axis Error
[15:49:09.528] [RightTransferStation] Move XY Axis Error
[15:49:19.452] [RightTransferStation] Move XY Axis Error
[15:49:22.519] [RightTransferStation] Move XY Axis Error
[15:49:45.537] [RightTransferStation] Move XY Axis Error
[15:49:58.570] [RightTransferStation] Move XY Axis Error
[15:50:49.767] [RightTransferStation] Move XY Axis Error
[15:55:41.490] [RightTransferStation] Move XY Axis Error
[15:55:48.097] [RightTransferStation] Move XY Axis Error
[15:56:12.158] [RightTransferStation] Move XY Axis Error
[15:56:15.277] [RightTransferStation] Move XY Axis Error
[15:56:17.180] [RightTransferStation] Move XY Axis Error
[15:56:19.095] [RightTransferStation] Move XY Axis Error
[15:56:21.021] [RightTransferStation] Move XY Axis Error
[15:56:22.948] [RightTransferStation] Move XY Axis Error
[15:56:24.911] [RightTransferStation] Move XY Axis Error
[15:56:26.858] [RightTransferStation] Move XY Axis Error
[15:56:28.838] [RightTransferStation] Move XY Axis Error
[15:56:35.851] [RightTransferStation] Move XY Axis Error
[15:57:05.629] [RightTransferStation] Move XY Axis Error
[15:58:04.853] [RightTransferStation] Move XY Axis Error
[15:58:23.535] [RightTransferStation] Move XY Axis Error
[15:58:25.471] [RightTransferStation] Move XY Axis Error
[15:58:27.355] [RightTransferStation] Move XY Axis Error
[15:58:29.266] [RightTransferStation] Move XY Axis Error
[15:58:31.132] [RightTransferStation] Move XY Axis Error
[15:58:36.901] [RightTransferStation] Move XY Axis Error
[16:04:31.540] [RightTransferStation] Move XY Axis Error
[16:04:43.594] [RightTransferStation] Move XY Axis Error
