[06:35:28.906] ---- [Flow] CT_START Set
[06:35:28.929] ---- [Event] AutoStop : CT_START
[06:35:28.930] [m_nState] Auto State
[06:35:29.627] ---- [Flow] CT_START Set
[06:45:59.317] ---- [Flow] CT_STOP Set
[06:45:59.339] ---- [Event] Auto : CT_STOP
[06:45:59.340] --------- [Monitor] StopTasks() : before m_stopped
[06:45:59.995] --------- [Monitor] StopTasks() : m_stopped
[06:45:59.996] [m_nState] AutoStop State
[06:54:11.790] ---- [Flow] CT_START Set
[06:54:11.812] ---- [Event] AutoStop : CT_START
[06:54:11.813] [m_nState] Auto State
[06:54:15.424] ---- [Flow] CT_START Set
[07:49:02.449] ---- [Flow] CT_START Set
[07:49:02.952] ---- [Flow] CT_START Set
[07:49:03.238] ---- [Flow] CT_START Set
[07:49:04.014] ---- [Flow] CT_START Set
[08:04:35.550] ---- [Flow] CT_START Set
[08:04:35.982] ---- [Flow] CT_START Set
[08:04:36.235] ---- [Flow] CT_START Set
[08:04:36.565] ---- [Flow] CT_START Set
[08:21:37.454] ---- [Flow] CT_START Set
[09:18:59.627] ---- [Flow] CT_START Set
[09:19:00.061] ---- [Flow] CT_START Set
[09:27:14.005] ---- [Flow] CT_STOP Set
[09:27:14.028] ---- [Event] Auto : CT_STOP
[09:27:14.029] --------- [Monitor] StopTasks() : before m_stopped
[09:27:14.081] ---- [Flow] CT_STOP Set
[09:27:14.119] --------- [Monitor] StopTasks() : m_stopped
[09:27:14.120] [m_nState] AutoStop State
[09:32:08.263] ---- [Flow] CT_START Set
[09:32:08.286] ---- [Event] AutoStop : CT_START
[09:32:08.287] [m_nState] Auto State
[09:32:08.692] ---- [Flow] CT_START Set
[09:57:17.049] ---- [Flow] CT_START Set
[09:57:17.330] ---- [Flow] CT_START Set
[10:12:26.805] ---- [Flow] CT_START Set
[10:12:27.297] ---- [Flow] CT_START Set
[10:12:27.541] ---- [Flow] CT_START Set
[11:37:11.240] ---- [Flow] CT_STOP Set
[11:37:11.262] ---- [Event] Auto : CT_STOP
[11:37:11.263] --------- [Monitor] StopTasks() : before m_stopped
[11:37:11.264] --------- [Monitor] StopTasks() : m_stopped
[11:37:11.265] [m_nState] AutoStop State
[12:22:07.185] ---- [Flow] CT_START Set
[12:22:07.208] ---- [Event] AutoStop : CT_START
[12:22:07.208] [m_nState] Auto State
[12:22:08.020] ---- [Flow] CT_START Set
[12:22:08.125] ---- [Flow] CT_STOP Set
[12:22:08.147] ---- [Event] Auto : CT_STOP
[12:22:08.148] --------- [Monitor] StopTasks() : before m_stopped
[12:22:08.650] --------- [Monitor] StopTasks() : m_stopped
[12:22:08.652] [m_nState] AutoStop State
[12:22:19.959] ---- [Flow] CT_START Set
[12:22:19.982] ---- [Event] AutoStop : CT_START
[12:22:19.983] [m_nState] Auto State
[12:22:20.840] ---- [Flow] CT_START Set
[12:22:59.641] ---- [Flow] CT_START Set
[12:28:51.869] ---- [Flow] CT_START Set
[12:28:52.442] ---- [Flow] CT_START Set
[12:44:51.717] ---- [Flow] CT_START Set
[12:46:02.463] ---- [Flow] CT_START Set
[12:55:05.740] ---- [Flow] CT_START Set
[12:55:06.038] ---- [Flow] CT_START Set
[13:10:50.049] ---- [Flow] CT_START Set
[13:23:53.565] ---- [Flow] CT_START Set
[13:23:53.999] ---- [Flow] CT_START Set
[13:23:54.248] ---- [Flow] CT_START Set
[13:23:54.546] ---- [Flow] CT_START Set
[13:31:13.276] ---- [Flow] CT_START Set
[13:31:13.978] ---- [Flow] CT_START Set
[13:31:14.261] ---- [Flow] CT_START Set
[13:36:30.272] ---- [Flow] CT_START Set
[13:36:30.813] ---- [Flow] CT_START Set
[13:36:31.085] ---- [Flow] CT_START Set
[13:36:31.370] ---- [Flow] CT_START Set
[13:36:32.055] ---- [Flow] CT_START Set
[13:36:32.853] ---- [Flow] CT_START Set
[13:45:34.532] ---- [Flow] CT_START Set
[13:45:35.015] ---- [Flow] CT_START Set
[13:45:35.339] ---- [Flow] CT_START Set
[13:47:32.805] ---- [Flow] CT_START Set
[13:49:48.348] ---- [Flow] CT_START Set
[13:49:49.047] ---- [Flow] CT_START Set
[13:49:49.321] ---- [Flow] CT_START Set
[13:56:17.789] ---- [Flow] CT_START Set
[13:56:18.157] ---- [Flow] CT_START Set
[13:56:18.470] ---- [Flow] CT_START Set
[13:56:18.857] ---- [Flow] CT_START Set
[14:08:43.209] ---- [Flow] CT_START Set
[14:08:43.446] ---- [Flow] CT_START Set
[14:08:43.705] ---- [Flow] CT_START Set
[14:09:11.728] ---- [Flow] CT_START Set
[14:09:12.532] ---- [Flow] CT_START Set
[14:15:22.223] ---- [Flow] CT_START Set
[14:15:22.930] ---- [Flow] CT_START Set
[14:15:23.200] ---- [Flow] CT_START Set
[14:15:52.054] ---- [Flow] CT_START Set
[14:15:52.459] ---- [Flow] CT_START Set
[14:34:14.983] ---- [Flow] CT_START Set
[14:34:15.288] ---- [Flow] CT_START Set
[14:45:54.052] ---- [Flow] CT_START Set
[14:45:54.468] ---- [Flow] CT_START Set
[14:53:06.230] ---- [Flow] CT_START Set
[14:53:06.552] ---- [Flow] CT_START Set
[14:53:06.845] ---- [Flow] CT_START Set
[14:53:07.555] ---- [Flow] CT_START Set
[14:56:18.057] ---- [Flow] CT_START Set
[14:56:18.330] ---- [Flow] CT_START Set
[14:56:18.589] ---- [Flow] CT_START Set
[14:56:18.875] ---- [Flow] CT_START Set
[14:58:08.345] ---- [Flow] CT_START Set
[14:58:08.938] ---- [Flow] CT_START Set
[15:01:46.950] ---- [Flow] CT_START Set
[15:01:47.409] ---- [Flow] CT_START Set
[15:01:47.656] ---- [Flow] CT_START Set
[15:01:47.906] ---- [Flow] CT_START Set
[15:03:16.050] ---- [Flow] CT_START Set
[15:03:16.665] ---- [Flow] CT_START Set
[15:03:16.932] ---- [Flow] CT_START Set
[15:12:24.301] ---- [Flow] CT_START Set
[15:12:32.199] ---- [Flow] CT_START Set
[15:12:32.301] ---- [Flow] CT_START Set
[15:23:43.285] ---- [Flow] CT_START Set
[15:23:43.501] ---- [Flow] CT_START Set
[15:23:44.295] ---- [Flow] CT_START Set
[15:25:43.058] ---- [Flow] CT_START Set
[15:25:43.179] ---- [Flow] CT_START Set
[15:26:09.144] ---- [Flow] CT_START Set
[15:26:09.250] ---- [Flow] CT_START Set
[15:26:09.439] ---- [Flow] CT_START Set
[15:26:09.522] ---- [Flow] CT_START Set
[15:26:09.731] ---- [Flow] CT_START Set
[15:26:09.809] ---- [Flow] CT_START Set
[15:26:10.742] ---- [Flow] CT_START Set
[15:26:10.834] ---- [Flow] CT_START Set
[15:26:10.984] ---- [Flow] CT_START Set
[15:26:11.099] ---- [Flow] CT_START Set
[15:26:11.308] ---- [Flow] CT_START Set
[15:26:11.420] ---- [Flow] CT_START Set
[15:26:11.646] ---- [Flow] CT_START Set
[15:26:11.761] ---- [Flow] CT_START Set
[15:26:12.074] ---- [Flow] CT_START Set
[15:26:12.162] ---- [Flow] CT_START Set
[15:26:12.275] ---- [Flow] CT_START Set
[15:26:12.365] ---- [Flow] CT_START Set
[15:26:13.231] ---- [Flow] CT_START Set
[15:26:13.330] ---- [Flow] CT_START Set
[15:26:13.428] ---- [Flow] CT_START Set
[15:26:13.687] ---- [Flow] CT_START Set
[15:26:14.517] ---- [Flow] CT_START Set
[15:26:14.628] ---- [Flow] CT_START Set
[15:26:14.840] ---- [Flow] CT_START Set
[15:26:15.066] ---- [Flow] CT_START Set
[15:26:22.085] ---- [Flow] CT_START Set
[15:26:22.350] ---- [Flow] CT_START Set
[15:26:22.478] ---- [Flow] CT_START Set
[15:26:22.573] ---- [Flow] CT_START Set
[15:26:23.382] ---- [Flow] CT_START Set
[15:26:23.537] ---- [Flow] CT_START Set
[15:26:23.610] ---- [Flow] CT_START Set
[15:26:23.791] ---- [Flow] CT_START Set
[15:26:28.826] ---- [Flow] CT_START Set
[15:26:52.138] ---- [Flow] CT_START Set
[15:29:32.445] ---- [Flow] CT_START Set
[15:29:32.772] ---- [Flow] CT_START Set
[15:29:33.049] ---- [Flow] CT_START Set
[15:30:42.968] ---- [Flow] CT_START Set
[15:30:43.372] ---- [Flow] CT_START Set
[15:41:50.034] ---- [Flow] CT_START Set
[15:41:50.812] ---- [Flow] CT_START Set
[15:41:51.080] ---- [Flow] CT_START Set
[15:41:51.431] ---- [Flow] CT_START Set
[15:41:52.080] ---- [Flow] CT_START Set
[15:41:52.854] ---- [Flow] CT_START Set
[15:41:53.105] ---- [Flow] CT_START Set
[15:42:28.917] ---- [Flow] CT_START Set
[15:42:29.336] ---- [Flow] CT_START Set
[15:42:29.618] ---- [Flow] CT_START Set
[15:42:29.893] ---- [Flow] CT_START Set
[15:42:30.622] ---- [Flow] CT_START Set
[15:42:31.433] ---- [Flow] CT_START Set
[15:42:31.679] ---- [Flow] CT_START Set
[15:42:32.625] ---- [Flow] CT_START Set
[15:42:33.348] ---- [Flow] CT_START Set
[15:43:15.202] ---- [Flow] CT_START Set
[15:43:15.517] ---- [Flow] CT_START Set
[15:49:19.150] ---- [Flow] CT_START Set
[15:49:19.410] ---- [Flow] CT_START Set
[15:49:19.700] ---- [Flow] CT_START Set
[15:49:22.099] ---- [Flow] CT_START Set
[15:49:22.442] ---- [Flow] CT_START Set
[15:49:22.803] ---- [Flow] CT_START Set
[15:49:58.237] ---- [Flow] CT_START Set
[15:49:58.473] ---- [Flow] CT_START Set
[15:49:58.750] ---- [Flow] CT_START Set
[15:50:57.671] ---- [Flow] CT_START Set
[15:55:47.377] ---- [Flow] CT_START Set
[15:55:47.860] ---- [Flow] CT_START Set
[15:55:48.167] ---- [Flow] CT_START Set
[15:56:14.006] ---- [Flow] CT_START Set
[15:56:14.256] ---- [Flow] CT_START Set
[15:56:15.177] ---- [Flow] CT_START Set
[15:56:15.529] ---- [Flow] CT_START Set
[15:56:16.285] ---- [Flow] CT_START Set
[15:56:17.498] ---- [Flow] CT_START Set
[15:56:18.170] ---- [Flow] CT_START Set
[15:56:19.021] ---- [Flow] CT_START Set
[15:56:19.376] ---- [Flow] CT_START Set
[15:56:20.116] ---- [Flow] CT_START Set
[15:56:20.925] ---- [Flow] CT_START Set
[15:56:21.126] ---- [Flow] CT_START Set
[15:56:22.052] ---- [Flow] CT_START Set
[15:56:22.789] ---- [Flow] CT_START Set
[15:56:23.605] ---- [Flow] CT_START Set
[15:56:24.047] ---- [Flow] CT_START Set
[15:56:25.326] ---- [Flow] CT_START Set
[15:56:25.912] ---- [Flow] CT_START Set
[15:56:26.751] ---- [Flow] CT_START Set
[15:56:28.445] ---- [Flow] CT_START Set
[15:56:28.860] ---- [Flow] CT_START Set
[15:56:34.896] ---- [Flow] CT_START Set
[15:56:35.526] ---- [Flow] CT_START Set
[15:56:35.761] ---- [Flow] CT_START Set
[15:57:15.472] ---- [Flow] CT_START Set
[15:58:22.882] ---- [Flow] CT_START Set
[15:58:23.210] ---- [Flow] CT_START Set
[15:58:23.466] ---- [Flow] CT_START Set
[15:58:23.697] ---- [Flow] CT_START Set
[15:58:24.916] ---- [Flow] CT_START Set
[15:58:25.328] ---- [Flow] CT_START Set
[15:58:26.668] ---- [Flow] CT_START Set
[15:58:27.219] ---- [Flow] CT_START Set
[15:58:27.483] ---- [Flow] CT_START Set
[15:58:28.407] ---- [Flow] CT_START Set
[15:58:29.110] ---- [Flow] CT_START Set
[15:58:29.296] ---- [Flow] CT_START Set
[15:58:29.541] ---- [Flow] CT_START Set
[15:58:36.543] ---- [Flow] CT_START Set
[15:58:36.789] ---- [Flow] CT_START Set
[15:58:36.997] ---- [Flow] CT_START Set
[15:58:37.708] ---- [Flow] CT_START Set
[16:04:42.546] ---- [Flow] CT_START Set
[16:04:43.335] ---- [Flow] CT_START Set
[16:04:43.560] ---- [Flow] CT_START Set
[16:15:45.511] ---- [Flow] CT_STOP Set
[16:15:45.535] ---- [Event] Auto : CT_STOP
[16:15:45.536] --------- [Monitor] StopTasks() : before m_stopped
[16:15:45.644] --------- [Monitor] StopTasks() : m_stopped
[16:15:45.645] [m_nState] AutoStop State
[16:20:14.182] ---- [Flow] CT_START Set
[16:20:14.205] ---- [Event] AutoStop : CT_START
[16:20:14.206] [m_nState] Auto State
[16:20:15.074] ---- [Flow] CT_START Set
[16:35:23.295] ---- [Flow] CT_STOP Set
[16:35:23.318] ---- [Event] Auto : CT_STOP
[16:35:23.319] --------- [Monitor] StopTasks() : before m_stopped
[16:35:23.372] --------- [Monitor] StopTasks() : m_stopped
[16:35:23.373] [m_nState] AutoStop State
