[01:20:03.073] [MainControlStation] Left Door Open
[01:30:10.054] [LeftPPStation] Load Cylinder Vacuum Error
[01:40:04.669] [RightTransferStation] Vacuum Error
[01:41:07.220] [RightTransferStation] Set Double Place
[01:41:51.165] [RightTransferStation] Vacuum Error
[02:24:22.108] [RightTransferStation] Vacuum Error
[09:15:04.006] [MainControlStation] Right Door Open
[09:19:51.388] [RightPPStation] Load Cylinder Vacuum Error
[09:42:01.863] [LeftPPStation] Load Buffer Set Exist
[09:42:14.606] [RightTransferStation] Vacuum Error
[09:42:52.210] [LeftTransferStation] Vacuum Error
[11:06:36.980] [LeftPPStation] Load Cylinder Vacuum Error
[11:09:01.385] [RightTransferStation] Vacuum Error
[11:09:10.907] [RightTransferStation] Vacuum Error
[11:14:15.340] [RightTransferStation] Vacuum Error
[11:19:26.766] [RightPPStation] Load Cylinder Vacuum Error
[11:30:39.383] [MainControlStation] Right Door Open
[15:34:12.241] [LeftPPStation] Load Cylinder Up Error
[16:19:33.084] [LeftPPStation] Load Cylinder Vacuum Error
[17:43:43.666] [MainControlStation] Right Door Open
[20:01:16.934] [LeftTransferStation] Vacuum Error
[20:09:18.036] [RightTransferStation] Vacuum Error
[20:11:03.699] [LeftTransferStation] Vacuum Error
[20:16:45.381] [RightTransferStation] Vacuum Error
[21:03:37.641] [LeftTransferStation] Vacuum Error
[21:04:22.582] [LeftTransferStation] Vacuum Error
