[00:13:45.783] ---- [Flow] CT_START Set
[00:13:46.801] ---- [Flow] CT_START Set
[00:13:47.151] ---- [Flow] CT_START Set
[00:13:47.949] ---- [Flow] CT_START Set
[00:13:48.291] ---- [Flow] CT_START Set
[00:13:49.476] ---- [Flow] CT_START Set
[00:13:49.806] ---- [Flow] CT_START Set
[00:53:36.640] ---- [Flow] CT_STOP Set
[00:53:36.663] ---- [Event] Auto : CT_STOP
[00:53:36.664] --------- [Monitor] StopTasks() : before m_stopped
[00:53:36.694] ---- [Flow] CT_STOP Set
[00:53:36.735] --------- [Monitor] StopTasks() : m_stopped
[00:53:36.736] [m_nState] AutoStop State
[00:53:36.744] ---- [Flow] CT_STOP Set
[00:53:36.777] ---- [Flow] CT_STOP Set
[00:53:36.809] ---- [Flow] CT_STOP Set
[00:53:36.841] ---- [Flow] CT_STOP Set
[00:53:36.874] ---- [Flow] CT_STOP Set
[00:53:38.603] ---- [Flow] CT_START Set
[00:53:38.625] ---- [Event] AutoStop : CT_START
[00:53:38.626] [m_nState] Auto State
[00:56:30.814] ---- [Flow] CT_START Set
[00:56:40.182] ---- [Flow] CT_START Set
[00:56:51.611] ---- [Flow] CT_START Set
[00:57:02.245] ---- [Flow] CT_START Set
[00:57:13.531] ---- [Flow] CT_START Set
[00:57:23.330] ---- [Flow] CT_START Set
[00:57:50.549] ---- [Flow] CT_START Set
[00:57:53.305] ---- [Flow] CT_START Set
[00:58:26.763] ---- [Flow] CT_START Set
[00:58:28.423] ---- [Flow] CT_START Set
[00:59:00.569] ---- [Flow] CT_START Set
[00:59:02.967] ---- [Flow] CT_START Set
[00:59:58.443] ---- [Flow] CT_START Set
[01:40:03.433] ---- [Flow] CT_START Set
[01:40:04.685] ---- [Flow] CT_START Set
[01:40:05.525] ---- [Flow] CT_START Set
[01:40:05.917] ---- [Flow] CT_START Set
[01:40:07.057] ---- [Flow] CT_START Set
[01:40:08.161] ---- [Flow] CT_START Set
[01:40:08.533] ---- [Flow] CT_START Set
[01:40:10.222] ---- [Flow] CT_START Set
[01:40:10.994] ---- [Flow] CT_START Set
[01:40:11.324] ---- [Flow] CT_START Set
[01:40:12.148] ---- [Flow] CT_START Set
[01:40:13.255] ---- [Flow] CT_START Set
[01:40:15.927] ---- [Flow] CT_START Set
[01:46:41.816] ---- [Flow] CT_START Set
[01:46:42.765] ---- [Flow] CT_START Set
[01:46:43.012] ---- [Flow] CT_START Set
[01:46:43.285] ---- [Flow] CT_START Set
[01:46:44.843] ---- [Flow] CT_START Set
[01:46:45.601] ---- [Flow] CT_START Set
[01:46:45.888] ---- [Flow] CT_START Set
[01:46:46.726] ---- [Flow] CT_START Set
[01:46:47.629] ---- [Flow] CT_START Set
[01:46:47.915] ---- [Flow] CT_START Set
[01:46:48.784] ---- [Flow] CT_START Set
[01:46:50.086] ---- [Flow] CT_START Set
[01:46:50.865] ---- [Flow] CT_START Set
[01:54:51.877] ---- [Flow] CT_START Set
[01:55:23.451] ---- [Flow] CT_START Set
[01:55:23.569] ---- [Flow] CT_START Set
[01:55:25.006] ---- [Flow] CT_START Set
[01:55:25.766] ---- [Flow] CT_START Set
[01:55:26.518] ---- [Flow] CT_START Set
[01:55:28.385] ---- [Flow] CT_START Set
[01:55:29.067] ---- [Flow] CT_START Set
[01:55:29.185] ---- [Flow] CT_START Set
[01:55:29.861] ---- [Flow] CT_START Set
[01:55:30.700] ---- [Flow] CT_START Set
[01:55:30.964] ---- [Flow] CT_START Set
[01:55:31.118] ---- [Flow] CT_START Set
[01:55:31.996] ---- [Flow] CT_START Set
[01:55:33.616] ---- [Flow] CT_START Set
[01:55:34.642] ---- [Flow] CT_START Set
[01:55:35.944] ---- [Flow] CT_START Set
[01:55:36.080] ---- [Flow] CT_START Set
[01:55:36.213] ---- [Flow] CT_START Set
[01:55:37.285] ---- [Flow] CT_START Set
[01:55:37.479] ---- [Flow] CT_START Set
[01:55:38.769] ---- [Flow] CT_START Set
[01:55:38.927] ---- [Flow] CT_START Set
[01:55:39.048] ---- [Flow] CT_START Set
[01:55:39.146] ---- [Flow] CT_START Set
[01:55:40.084] ---- [Flow] CT_START Set
[01:55:48.472] ---- [Flow] CT_STOP Set
[01:55:48.495] ---- [Event] Auto : CT_STOP
[01:55:48.496] --------- [Monitor] StopTasks() : before m_stopped
[01:55:48.534] ---- [Flow] CT_STOP Set
[01:55:48.550] --------- [Monitor] StopTasks() : m_stopped
[01:55:48.551] [m_nState] AutoStop State
[01:55:48.566] ---- [Flow] CT_STOP Set
[01:56:52.014] ---- [Flow] CT_START Set
[01:56:52.037] ---- [Event] AutoStop : CT_START
[01:56:52.038] [m_nState] Auto State
[01:57:11.835] ---- [Flow] CT_START Set
[02:24:40.410] ---- [Flow] CT_START Set
[02:24:41.116] ---- [Flow] CT_START Set
[02:24:41.350] ---- [Flow] CT_START Set
[02:24:41.588] ---- [Flow] CT_START Set
[03:03:19.060] ---- [Flow] CT_STOP Set
[03:03:19.083] ---- [Event] Auto : CT_STOP
[03:03:19.083] --------- [Monitor] StopTasks() : before m_stopped
[03:03:19.177] --------- [Monitor] StopTasks() : m_stopped
[03:03:19.178] [m_nState] AutoStop State
[03:04:16.103] ---- [Flow] CT_START Set
[03:04:16.125] ---- [Event] AutoStop : CT_START
[03:04:16.126] [m_nState] Auto State
[03:04:16.713] ---- [Flow] CT_START Set
[04:20:47.456] ---- [Flow] CT_STOP Set
[04:20:47.478] ---- [Event] Auto : CT_STOP
[04:20:47.479] --------- [Monitor] StopTasks() : before m_stopped
[04:20:47.521] --------- [Monitor] StopTasks() : m_stopped
[04:20:47.522] [m_nState] AutoStop State
[06:56:36.200] ---- [Flow] CT_START Set
[06:56:36.222] ---- [Event] AutoStop : CT_START
[06:56:36.223] [m_nState] Auto State
[06:56:37.345] ---- [Flow] CT_START Set
[07:21:55.641] ---- [Flow] CT_START Set
[07:22:00.375] ---- [Flow] CT_START Set
[07:22:03.975] ---- [Flow] CT_START Set
[09:30:06.695] ---- [Flow] CT_STOP Set
[09:30:06.717] ---- [Event] Auto : CT_STOP
[09:30:06.718] --------- [Monitor] StopTasks() : before m_stopped
[09:30:06.772] ---- [Flow] CT_STOP Set
[09:30:07.291] --------- [Monitor] StopTasks() : m_stopped
[09:30:07.291] [m_nState] AutoStop State
[09:33:27.732] ---- [Flow] CT_START Set
[09:33:27.754] ---- [Event] AutoStop : CT_START
[09:33:27.755] [m_nState] Auto State
[09:38:42.502] ---- [Flow] CT_START Set
[10:08:16.008] ---- [Flow] CT_STOP Set
[10:08:16.031] ---- [Event] Auto : CT_STOP
[10:08:16.032] --------- [Monitor] StopTasks() : before m_stopped
[10:08:16.111] ---- [Flow] CT_STOP Set
[10:08:16.116] --------- [Monitor] StopTasks() : m_stopped
[10:08:16.117] [m_nState] AutoStop State
[10:08:41.668] ---- [Flow] CT_START Set
[10:08:41.691] ---- [Event] AutoStop : CT_START
[10:08:41.692] [m_nState] Auto State
[10:08:42.301] ---- [Flow] CT_START Set
[10:09:04.260] ---- [Flow] CT_START Set
[10:15:02.775] ---- [Flow] CT_START Set
[10:15:03.518] ---- [Flow] CT_START Set
[10:15:04.986] ---- [Flow] CT_START Set
[10:33:11.550] ---- [Flow] CT_START Set
[10:33:14.404] ---- [Flow] CT_START Set
[10:40:40.302] ---- [Flow] CT_START Set
[10:40:42.048] ---- [Flow] CT_START Set
[10:52:11.624] ---- [Flow] CT_START Set
[10:52:13.231] ---- [Flow] CT_START Set
[11:03:08.988] ---- [Flow] CT_START Set
[11:03:11.823] ---- [Flow] CT_START Set
[11:24:20.795] ---- [Flow] CT_START Set
[11:24:23.220] ---- [Flow] CT_START Set
[11:50:01.026] ---- [Flow] CT_STOP Set
[11:50:01.048] ---- [Event] Auto : CT_STOP
[11:50:01.049] --------- [Monitor] StopTasks() : before m_stopped
[11:50:01.083] --------- [Monitor] StopTasks() : m_stopped
[11:50:01.084] [m_nState] AutoStop State
[11:50:04.214] ---- [Flow] CT_START Set
[11:50:04.237] ---- [Event] AutoStop : CT_START
[11:50:04.238] [m_nState] Auto State
[11:50:08.008] ---- [Flow] CT_STOP Set
[11:50:08.030] ---- [Event] Auto : CT_STOP
[11:50:08.031] --------- [Monitor] StopTasks() : before m_stopped
[11:50:08.713] --------- [Monitor] StopTasks() : m_stopped
[11:50:08.714] [m_nState] AutoStop State
[11:50:08.997] ---- [Flow] CT_START Set
[11:50:09.019] ---- [Event] AutoStop : CT_START
[11:50:09.020] [m_nState] Auto State
[11:50:12.296] ---- [Flow] CT_STOP Set
[11:50:12.319] ---- [Event] Auto : CT_STOP
[11:50:12.320] --------- [Monitor] StopTasks() : before m_stopped
[11:50:13.170] ---- [Flow] CT_START Set
[11:50:14.598] ---- [Flow] CT_STOP Set
[11:50:14.598] --------- [Monitor] StopTasks() : m_stopped
[11:50:14.599] [m_nState] AutoStop State
[11:58:30.063] ---- [Flow] CT_START Set
[11:58:30.085] ---- [Event] AutoStop : CT_START
[11:58:30.086] [m_nState] Auto State
[11:58:30.761] ---- [Flow] CT_START Set
[12:03:56.784] ---- [Flow] CT_STOP Set
[12:03:56.806] ---- [Event] Auto : CT_STOP
[12:03:56.807] --------- [Monitor] StopTasks() : before m_stopped
[12:03:56.900] --------- [Monitor] StopTasks() : m_stopped
[12:03:56.901] [m_nState] AutoStop State
[12:30:41.435] ---- [Flow] CT_START Set
[12:30:41.458] ---- [Event] AutoStop : CT_START
[12:30:41.458] [m_nState] Auto State
[12:30:42.240] ---- [Flow] CT_START Set
[12:42:20.939] ---- [Flow] CT_START Set
[12:42:23.125] ---- [Flow] CT_START Set
[12:50:03.236] ---- [Flow] CT_START Set
[12:50:04.362] ---- [Flow] CT_START Set
[13:29:33.530] ---- [Flow] CT_START Set
[13:29:48.585] ---- [Flow] CT_START Set
[13:29:49.301] ---- [Flow] CT_START Set
[13:29:49.752] ---- [Flow] CT_START Set
[13:50:30.359] ---- [Flow] CT_START Set
[13:50:41.545] ---- [Flow] CT_START Set
[13:53:51.082] ---- [Flow] CT_STOP Set
[13:53:51.104] ---- [Event] Auto : CT_STOP
[13:53:51.105] --------- [Monitor] StopTasks() : before m_stopped
[13:53:51.141] --------- [Monitor] StopTasks() : m_stopped
[13:53:51.142] [m_nState] AutoStop State
[13:53:54.026] ---- [Flow] CT_START Set
[13:53:54.048] ---- [Event] AutoStop : CT_START
[13:53:54.049] [m_nState] Auto State
[13:56:16.705] ---- [Flow] CT_START Set
[13:58:48.890] ---- [Flow] CT_START Set
[13:58:50.061] ---- [Flow] CT_START Set
[14:08:20.540] ---- [Flow] CT_START Set
[14:08:32.228] ---- [Flow] CT_START Set
[14:15:26.990] ---- [Flow] CT_START Set
[14:39:34.810] ---- [Flow] CT_START Set
[14:39:43.630] ---- [Flow] CT_START Set
[14:39:46.139] ---- [Flow] CT_START Set
[14:46:37.688] ---- [Flow] CT_START Set
[14:46:38.093] ---- [Flow] CT_START Set
[14:46:38.449] ---- [Flow] CT_START Set
[15:18:09.608] ---- [Flow] CT_START Set
[15:18:10.703] ---- [Flow] CT_START Set
[15:19:39.610] ---- [Flow] CT_START Set
[15:19:42.423] ---- [Flow] CT_START Set
[15:32:09.119] ---- [Flow] CT_STOP Set
[15:32:09.141] ---- [Event] Auto : CT_STOP
[15:32:09.142] --------- [Monitor] StopTasks() : before m_stopped
[15:32:09.215] --------- [Monitor] StopTasks() : m_stopped
[15:32:09.216] [m_nState] AutoStop State
[15:32:16.382] ---- [Flow] CT_START Set
[15:32:16.405] ---- [Event] AutoStop : CT_START
[15:32:16.406] [m_nState] Auto State
[15:32:17.172] ---- [Flow] CT_START Set
[16:00:27.777] ---- [Flow] CT_START Set
[16:00:28.428] ---- [Flow] CT_START Set
[16:00:29.001] ---- [Flow] CT_START Set
[16:17:10.978] ---- [Flow] CT_START Set
[16:17:12.130] ---- [Flow] CT_START Set
[17:06:16.279] ---- [Flow] CT_START Set
[17:06:16.674] ---- [Flow] CT_START Set
[17:14:24.056] ---- [Flow] CT_START Set
[17:14:24.561] ---- [Flow] CT_START Set
[17:14:26.035] ---- [Flow] CT_START Set
[17:14:27.879] ---- [Flow] CT_START Set
[17:14:35.959] ---- [Flow] CT_START Set
[17:14:36.504] ---- [Flow] CT_START Set
[17:14:36.796] ---- [Flow] CT_START Set
[17:36:47.810] ---- [Flow] CT_START Set
[17:36:48.297] ---- [Flow] CT_START Set
[17:36:48.992] ---- [Flow] CT_START Set
[17:46:52.191] ---- [Flow] CT_START Set
[17:46:54.416] ---- [Flow] CT_START Set
[18:12:20.328] ---- [Flow] CT_START Set
[18:12:23.748] ---- [Flow] CT_START Set
[18:18:25.076] ---- [Flow] CT_START Set
[18:18:32.295] ---- [Flow] CT_START Set
[18:18:33.681] ---- [Flow] CT_START Set
[18:28:59.731] ---- [Flow] CT_STOP Set
[18:28:59.753] ---- [Event] Auto : CT_STOP
[18:28:59.754] --------- [Monitor] StopTasks() : before m_stopped
[18:28:59.769] --------- [Monitor] StopTasks() : m_stopped
[18:28:59.770] [m_nState] AutoStop State
[18:43:23.015] ---- [Flow] CT_START Set
[18:43:23.039] ---- [Event] AutoStop : CT_START
[18:43:23.040] [m_nState] Auto State
[18:43:24.434] ---- [Flow] CT_START Set
[18:59:06.441] ---- [Flow] CT_START Set
[18:59:07.255] ---- [Flow] CT_START Set
[18:59:07.609] ---- [Flow] CT_START Set
[18:59:09.102] ---- [Flow] CT_START Set
[18:59:10.212] ---- [Flow] CT_START Set
[18:59:11.962] ---- [Flow] CT_START Set
[18:59:12.282] ---- [Flow] CT_START Set
[18:59:13.058] ---- [Flow] CT_START Set
[18:59:13.354] ---- [Flow] CT_START Set
[18:59:14.515] ---- [Flow] CT_START Set
[18:59:15.346] ---- [Flow] CT_START Set
[18:59:15.869] ---- [Flow] CT_START Set
[18:59:17.199] ---- [Flow] CT_START Set
[18:59:20.785] ---- [Flow] CT_START Set
[19:19:08.210] ---- [Flow] CT_START Set
[19:19:09.042] ---- [Flow] CT_START Set
[19:19:09.403] ---- [Flow] CT_START Set
[19:19:09.753] ---- [Flow] CT_START Set
[19:19:10.535] ---- [Flow] CT_START Set
[19:19:11.575] ---- [Flow] CT_START Set
[19:27:37.466] ---- [Flow] CT_START Set
[19:27:38.178] ---- [Flow] CT_START Set
[19:27:38.483] ---- [Flow] CT_START Set
[19:27:41.252] ---- [Flow] CT_START Set
[19:27:42.098] ---- [Flow] CT_START Set
[19:27:42.716] ---- [Flow] CT_START Set
[19:27:43.618] ---- [Flow] CT_START Set
[19:27:44.358] ---- [Flow] CT_START Set
[19:27:45.040] ---- [Flow] CT_START Set
[19:27:46.298] ---- [Flow] CT_START Set
[19:27:46.599] ---- [Flow] CT_START Set
[19:27:47.438] ---- [Flow] CT_START Set
[19:27:53.076] ---- [Flow] CT_START Set
[20:03:52.850] ---- [Flow] CT_START Set
[20:03:53.479] ---- [Flow] CT_START Set
[20:03:53.824] ---- [Flow] CT_START Set
[20:03:54.205] ---- [Flow] CT_START Set
[20:03:55.003] ---- [Flow] CT_START Set
[20:03:56.087] ---- [Flow] CT_START Set
[20:11:33.351] ---- [Flow] CT_START Set
[20:11:35.062] ---- [Flow] CT_START Set
[20:11:36.179] ---- [Flow] CT_START Set
[20:11:36.764] ---- [Flow] CT_START Set
[20:11:37.751] ---- [Flow] CT_START Set
[20:11:38.047] ---- [Flow] CT_START Set
[20:11:39.050] ---- [Flow] CT_START Set
[20:11:40.102] ---- [Flow] CT_START Set
[20:11:40.877] ---- [Flow] CT_START Set
[20:11:48.289] ---- [Flow] CT_START Set
[20:12:27.062] ---- [Flow] CT_START Set
[20:31:03.891] ---- [Flow] CT_START Set
[20:31:04.183] ---- [Flow] CT_START Set
[20:31:05.471] ---- [Flow] CT_START Set
[20:31:05.772] ---- [Flow] CT_START Set
[20:31:06.609] ---- [Flow] CT_START Set
[20:31:07.411] ---- [Flow] CT_START Set
[20:31:07.700] ---- [Flow] CT_START Set
[20:31:08.493] ---- [Flow] CT_START Set
[20:31:09.311] ---- [Flow] CT_START Set
[20:31:09.743] ---- [Flow] CT_START Set
[20:31:12.461] ---- [Flow] CT_START Set
[20:31:12.700] ---- [Flow] CT_START Set
[20:46:16.384] ---- [Flow] CT_STOP Set
[20:46:16.407] ---- [Event] Auto : CT_STOP
[20:46:16.408] --------- [Monitor] StopTasks() : before m_stopped
[20:46:16.673] --------- [Monitor] StopTasks() : m_stopped
[20:46:16.674] [m_nState] AutoStop State
[20:46:19.258] ---- [Flow] CT_STOP Set
[20:46:19.306] ---- [Flow] CT_STOP Set
[20:46:19.347] ---- [Flow] CT_STOP Set
[20:46:42.439] ---- [Flow] CT_START Set
[20:46:42.461] ---- [Event] AutoStop : CT_START
[20:46:42.462] [m_nState] Auto State
[20:46:43.377] ---- [Flow] CT_START Set
[20:46:46.496] ---- [Flow] CT_START Set
[20:49:18.598] ---- [Flow] CT_START Set
[20:49:19.570] ---- [Flow] CT_START Set
[20:49:19.842] ---- [Flow] CT_START Set
[20:49:21.225] ---- [Flow] CT_START Set
[20:49:21.774] ---- [Flow] CT_START Set
[21:02:25.659] ---- [Flow] CT_START Set
[21:02:26.171] ---- [Flow] CT_START Set
[21:02:28.047] ---- [Flow] CT_START Set
[21:02:30.107] ---- [Flow] CT_START Set
[21:02:30.634] ---- [Flow] CT_START Set
[21:02:31.509] ---- [Flow] CT_START Set
[21:02:31.870] ---- [Flow] CT_START Set
[21:02:32.726] ---- [Flow] CT_START Set
[21:02:33.753] ---- [Flow] CT_START Set
[21:02:34.064] ---- [Flow] CT_START Set
[21:02:35.000] ---- [Flow] CT_START Set
[21:08:51.437] ---- [Flow] CT_START Set
[21:08:52.414] ---- [Flow] CT_START Set
[21:08:52.710] ---- [Flow] CT_START Set
[21:08:52.994] ---- [Flow] CT_START Set
[21:08:53.867] ---- [Flow] CT_START Set
[21:08:55.928] ---- [Flow] CT_START Set
[21:08:56.352] ---- [Flow] CT_START Set
[21:08:57.614] ---- [Flow] CT_START Set
[21:08:57.937] ---- [Flow] CT_START Set
[21:08:58.833] ---- [Flow] CT_START Set
[21:08:59.786] ---- [Flow] CT_START Set
[21:09:00.034] ---- [Flow] CT_START Set
[21:25:29.829] ---- [Flow] CT_START Set
[21:25:30.143] ---- [Flow] CT_START Set
[21:33:08.381] ---- [Flow] CT_START Set
[21:33:09.102] ---- [Flow] CT_START Set
[21:33:09.466] ---- [Flow] CT_START Set
[21:33:09.846] ---- [Flow] CT_START Set
[21:33:11.090] ---- [Flow] CT_START Set
[21:33:11.469] ---- [Flow] CT_START Set
[21:33:11.783] ---- [Flow] CT_START Set
[21:52:05.926] ---- [Flow] CT_START Set
[21:52:06.804] ---- [Flow] CT_START Set
[21:52:07.162] ---- [Flow] CT_START Set
[21:52:09.065] ---- [Flow] CT_START Set
[21:52:09.777] ---- [Flow] CT_START Set
[22:02:00.912] ---- [Flow] CT_START Set
[22:02:01.708] ---- [Flow] CT_START Set
[22:02:02.069] ---- [Flow] CT_START Set
[22:02:02.400] ---- [Flow] CT_START Set
[22:02:03.511] ---- [Flow] CT_START Set
[22:02:04.733] ---- [Flow] CT_START Set
[22:02:05.022] ---- [Flow] CT_START Set
[22:02:06.209] ---- [Flow] CT_START Set
[22:02:07.527] ---- [Flow] CT_START Set
[22:02:07.852] ---- [Flow] CT_START Set
[22:02:08.835] ---- [Flow] CT_START Set
[22:02:10.408] ---- [Flow] CT_START Set
[22:02:11.403] ---- [Flow] CT_START Set
[23:08:46.288] ---- [Flow] CT_START Set
[23:08:47.387] ---- [Flow] CT_START Set
[23:08:47.772] ---- [Flow] CT_START Set
[23:37:39.288] ---- [Flow] CT_START Set
[23:37:40.311] ---- [Flow] CT_START Set
[23:37:40.571] ---- [Flow] CT_START Set
[23:37:41.673] ---- [Flow] CT_START Set
[23:37:42.517] ---- [Flow] CT_START Set
[23:37:42.814] ---- [Flow] CT_START Set
[23:37:43.866] ---- [Flow] CT_START Set
[23:37:45.051] ---- [Flow] CT_START Set
[23:37:45.900] ---- [Flow] CT_START Set
[23:37:51.889] ---- [Flow] CT_START Set
[23:43:45.152] ---- [Flow] CT_START Set
[23:43:45.941] ---- [Flow] CT_START Set
[23:43:47.263] ---- [Flow] CT_START Set
[23:43:47.787] ---- [Flow] CT_START Set
[23:43:48.887] ---- [Flow] CT_START Set
[23:43:49.113] ---- [Flow] CT_START Set
[23:43:50.391] ---- [Flow] CT_START Set
[23:43:51.683] ---- [Flow] CT_START Set
[23:43:52.435] ---- [Flow] CT_START Set
[23:43:53.101] ---- [Flow] CT_START Set
[23:43:54.297] ---- [Flow] CT_START Set
[23:43:54.607] ---- [Flow] CT_START Set
