[07:10:16.154] [LeftPPStation] Load Cylinder Vacuum Error
[09:48:53.600] [LeftPPStation] Unload Cylinder Vacuum Error
[10:13:02.418] [RightTransferStation] Vacuum Error
[10:21:30.283] [RightTransferStation] Vacuum Error
[10:24:45.125] [RightTransferStation] Vacuum Error
[10:24:55.650] [RightTransferStation] Vacuum Error
[10:35:29.162] [RightTransferStation] Vacuum Error
[10:47:02.492] [LeftPPStation] Unload Cylinder Vacuum Error
[10:47:13.906] [LeftTransferStation] Unload Buffer Set Exist
[10:53:27.840] [LeftPPStation] Unload Cylinder Vacuum Error
[10:56:57.638] [LeftTransferStation] Vacuum Error
[11:14:20.389] [LeftTransferStation] Vacuum Error
[11:14:31.796] [LeftTransferStation] Move Z Axis Error
[11:14:49.254] [LeftTransferStation] Move Z Axis Error
[12:28:54.591] [RightTransferStation] Move Z Axis Error
[12:40:06.428] [RightTransferStation] Vacuum Error
[12:43:37.871] [RightPPStation] Load Cylinder Vacuum Error
[12:45:17.286] [RightTransferStation] Vacuum Error
[14:09:26.978] [LeftTransferStation] Vacuum Error
[14:09:40.962] [LeftTransferStation] Move Z Axis Error
[14:09:54.656] [LeftTransferStation] Move Z Axis Error
[14:28:16.487] [RightTransferStation] Vacuum Error
[14:34:48.514] [RightTransferStation] Vacuum Error
[15:40:10.059] [LeftPPStation] Load Cylinder Vacuum Error
[16:25:37.140] [LeftPPStation] Load Cylinder Up Error
[16:28:15.617] [LeftPPStation] Load Cylinder Up Error
[16:28:36.789] [LeftPPStation] Load Cylinder Up Error
[16:28:51.286] [LeftPPStation] Load Cylinder Up Error
[16:29:58.551] [LeftPPStation] Load Cylinder Up Error
[16:30:09.409] [LeftPPStation] Load Cylinder Up Error
[16:30:14.974] [LeftPPStation] Load Cylinder Vacuum Error
[16:30:18.914] [LeftPPStation] Unload Buffer Set Not Exist
[16:52:27.888] [LeftPPStation] Load Cylinder Vacuum Error
[16:53:02.257] [RightTransferStation] Vacuum Error
[16:58:06.979] [LeftPPStation] Load Cylinder Vacuum Error
[16:58:30.176] [LeftTransferStation] Vacuum Error
[17:05:01.835] [LeftPPStation] Load Cylinder Vacuum Error
[20:09:46.601] [RightTransferStation] Vacuum Error
[20:10:00.736] [RightTransferStation] Vacuum Error
[20:13:15.271] [RightPPStation] Load Buffer Set Exist
[20:19:16.379] [RightPPStation] Load Cylinder Vacuum Error
[20:26:53.471] [RightTransferStation] Vacuum Error
[21:25:45.525] [LeftPPStation] Load Cylinder Vacuum Error
[21:38:04.703] [LeftTransferStation] Set Double Place
[21:57:38.343] [LeftTransferStation] Vacuum Error
[22:08:01.881] [RightTransferStation] Vacuum Error
[22:08:14.403] [MainControlStation] Left Door Open
[22:11:46.578] [LeftTransferStation] Vacuum Error
[22:12:02.146] [RightTransferStation] Vacuum Error
[22:12:31.982] [RightTransferStation] Vacuum Error
[22:13:07.646] [LeftTransferStation] Move Z Axis Error
[22:13:09.368] [LeftTransferStation] Move Z Axis Error
[22:13:58.991] [RightTransferStation] Move Z Axis Error
[22:14:04.306] [RightTransferStation] Move Z Axis Error
[22:14:05.962] [RightTransferStation] Move Z Axis Error
[22:14:23.697] [RightTransferStation] Move Z Axis Error
[22:18:30.411] [LeftTransferStation] Move Z Axis Error
[22:19:01.340] [LeftTransferStation] Move Z Axis Error
[22:19:26.038] [LeftTransferStation] Move Z Axis Error
[22:19:27.841] [LeftTransferStation] Move Z Axis Error
[22:22:16.283] [RightTransferStation] Vacuum Error
[22:22:24.109] [RightTransferStation] Vacuum Error
[22:50:26.632] [RightPPStation] Load Buffer Set Exist
[22:50:31.415] [RightPPStation] Load Buffer Set Exist
