[09:22:56.282] ---- [Flow] CT_START Set
[09:22:56.305] ---- [Event] AutoStop : CT_START
[09:22:56.306] [m_nState] Auto State
[09:22:57.150] ---- [Flow] CT_START Set
[09:57:20.207] ---- [Flow] CT_START Set
[09:57:24.184] ---- [Flow] CT_START Set
[09:57:29.613] ---- [Flow] CT_START Set
[10:24:18.895] ---- [Flow] CT_START Set
[11:24:39.772] ---- [Flow] CT_START Set
[11:25:38.400] ---- [Flow] CT_START Set
[11:30:54.370] ---- [Flow] CT_STOP Set
[11:30:54.392] ---- [Event] Auto : CT_STOP
[11:30:54.393] --------- [Monitor] StopTasks() : before m_stopped
[11:30:54.404] --------- [Monitor] StopTasks() : m_stopped
[11:30:54.405] [m_nState] AutoStop State
[11:39:58.234] ---- [Flow] CT_START Set
[11:39:58.256] ---- [Event] AutoStop : CT_START
[11:39:58.257] [m_nState] Auto State
[11:39:59.362] ---- [Flow] CT_START Set
[11:40:18.466] ---- [Flow] CT_START Set
[11:43:15.229] ---- [Flow] CT_START Set
[12:07:12.756] ---- [Flow] CT_STOP Set
[12:07:12.779] ---- [Event] Auto : CT_STOP
[12:07:12.780] --------- [Monitor] StopTasks() : before m_stopped
[12:07:12.782] --------- [Monitor] StopTasks() : m_stopped
[12:07:12.783] [m_nState] AutoStop State
[12:07:12.794] ---- [Flow] CT_STOP Set
[12:07:12.828] ---- [Flow] CT_STOP Set
[12:07:34.277] ---- [Flow] CT_START Set
[12:07:34.299] ---- [Event] AutoStop : CT_START
[12:07:34.300] [m_nState] Auto State
[12:07:38.213] ---- [Flow] CT_START Set
[13:02:10.982] ---- [Flow] CT_START Set
[13:03:11.398] ---- [Flow] CT_START Set
[13:03:31.813] ---- [Flow] CT_START Set
[13:04:47.099] ---- [Flow] CT_START Set
[13:05:46.644] ---- [Flow] CT_START Set
[13:24:11.007] ---- [Flow] CT_START Set
[13:24:22.512] ---- [Flow] CT_START Set
[13:25:07.731] ---- [Flow] CT_START Set
[13:33:19.800] ---- [Flow] CT_START Set
[13:33:25.257] ---- [Flow] CT_START Set
[13:36:17.545] ---- [Flow] CT_START Set
[13:42:39.226] ---- [Flow] CT_START Set
[13:45:43.774] ---- [Flow] CT_STOP Set
[13:45:43.796] ---- [Event] Auto : CT_STOP
[13:45:43.797] --------- [Monitor] StopTasks() : before m_stopped
[13:45:43.805] --------- [Monitor] StopTasks() : m_stopped
[13:45:43.806] [m_nState] AutoStop State
[14:20:26.245] ---- [Flow] CT_START Set
[14:20:26.267] ---- [Event] AutoStop : CT_START
[14:20:26.268] [m_nState] Auto State
[14:20:26.408] ---- [Flow] CT_START Set
[14:47:10.634] ---- [Flow] CT_START Set
[14:54:17.536] ---- [Flow] CT_START Set
[15:13:59.384] ---- [Flow] CT_START Set
[15:15:36.805] ---- [Flow] CT_START Set
[15:20:02.321] ---- [Flow] CT_START Set
[15:25:54.152] ---- [Flow] CT_START Set
[15:36:35.259] ---- [Flow] CT_START Set
[15:39:53.780] ---- [Flow] CT_START Set
[15:41:27.877] ---- [Flow] CT_START Set
[15:52:58.889] ---- [Flow] CT_START Set
[15:58:25.573] ---- [Flow] CT_START Set
[15:58:58.676] ---- [Flow] CT_START Set
[15:59:09.771] ---- [Flow] CT_START Set
[16:22:21.814] ---- [Flow] CT_STOP Set
[16:22:21.836] ---- [Event] Auto : CT_STOP
[16:22:21.837] --------- [Monitor] StopTasks() : before m_stopped
[16:22:21.894] --------- [Monitor] StopTasks() : m_stopped
[16:22:21.896] [m_nState] AutoStop State
[16:31:32.983] ---- [Flow] CT_START Set
[16:31:33.005] ---- [Event] AutoStop : CT_START
[16:31:33.006] [m_nState] Auto State
[16:31:33.938] ---- [Flow] CT_START Set
[16:45:13.293] ---- [Flow] CT_START Set
[17:19:22.724] ---- [Flow] CT_STOP Set
[17:19:22.747] ---- [Event] Auto : CT_STOP
[17:19:22.748] --------- [Monitor] StopTasks() : before m_stopped
[17:19:22.754] --------- [Monitor] StopTasks() : m_stopped
[17:19:22.755] [m_nState] AutoStop State
[17:19:24.999] ---- [Flow] CT_START Set
[17:19:25.021] ---- [Event] AutoStop : CT_START
[17:19:25.022] [m_nState] Auto State
[17:19:37.537] ---- [Flow] CT_START Set
[18:17:26.573] ---- [Flow] CT_START Set
[18:18:17.037] ---- [Flow] CT_START Set
[18:52:24.786] ---- [Flow] CT_START Set
[18:58:00.632] ---- [Flow] CT_START Set
[19:00:41.057] ---- [Flow] CT_STOP Set
[19:00:41.080] ---- [Event] Auto : CT_STOP
[19:00:41.081] --------- [Monitor] StopTasks() : before m_stopped
[19:00:41.106] --------- [Monitor] StopTasks() : m_stopped
[19:00:41.107] [m_nState] AutoStop State
[19:00:41.117] ---- [Flow] CT_STOP Set
[19:00:41.157] ---- [Flow] CT_STOP Set
[19:18:59.012] ---- [Flow] CT_START Set
[19:18:59.035] ---- [Event] AutoStop : CT_START
[19:18:59.036] [m_nState] Auto State
[19:21:01.206] ---- [Flow] CT_START Set
[19:33:36.358] ---- [Flow] CT_START Set
[20:38:43.219] ---- [Flow] CT_START Set
[20:39:13.538] ---- [Flow] CT_START Set
[23:20:48.452] ---- [Flow] CT_STOP Set
[23:20:48.474] ---- [Event] Auto : CT_STOP
[23:20:48.475] --------- [Monitor] StopTasks() : before m_stopped
[23:20:48.595] --------- [Monitor] StopTasks() : m_stopped
[23:20:48.596] [m_nState] AutoStop State
[23:23:15.356] ---- [Flow] CT_START Set
[23:23:15.378] ---- [Event] AutoStop : CT_START
[23:23:15.379] [m_nState] Auto State
[23:51:58.310] ---- [Flow] CT_START Set
