[09:13:51.500] ---- [Flow] CT_START Set
[15:13:49.215] ---- [Flow] CT_STOP Set
[15:13:49.237] ---- [Event] Auto : CT_STOP
[15:13:49.237] --------- [Monitor] StopTasks() : before m_stopped
[15:13:49.249] --------- [Monitor] StopTasks() : m_stopped
[15:13:49.250] [m_nState] AutoStop State
[15:13:49.257] ---- [Flow] CT_STOP Set
[15:13:49.399] ---- [Flow] CT_STOP Set
[15:13:49.431] ---- [Flow] CT_STOP Set
[15:13:49.463] ---- [Flow] CT_STOP Set
[15:13:49.496] ---- [Flow] CT_STOP Set
[15:13:49.528] ---- [Flow] CT_STOP Set
[15:13:49.560] ---- [Flow] CT_STOP Set
[15:13:50.048] ---- [Flow] CT_STOP Set
[15:13:50.080] ---- [Flow] CT_STOP Set
[15:13:50.216] ---- [Flow] CT_STOP Set
[15:16:51.961] ---- [Flow] CT_START Set
[15:16:51.983] ---- [Event] AutoStop : CT_START
[15:16:51.983] [m_nState] Auto State
[15:16:52.688] ---- [Flow] CT_START Set
[18:24:24.174] ---- [Flow] CT_START Set
