[00:43:23.526] ---- [Flow] CT_STOP Set
[00:43:23.549] ---- [Event] Auto : CT_STOP
[00:43:23.550] --------- [Monitor] StopTasks() : before m_stopped
[00:43:23.608] --------- [Monitor] StopTasks() : m_stopped
[00:43:23.609] [m_nState] AutoStop State
[00:50:42.055] ---- [Flow] CT_START Set
[00:50:42.078] ---- [Event] AutoStop : CT_START
[00:50:42.079] [m_nState] Auto State
[00:50:43.670] ---- [Flow] CT_START Set
[01:23:16.495] ---- [Flow] CT_STOP Set
[01:23:16.517] ---- [Event] Auto : CT_STOP
[01:23:16.518] --------- [Monitor] StopTasks() : before m_stopped
[01:23:17.071] --------- [Monitor] StopTasks() : m_stopped
[01:23:17.073] [m_nState] AutoStop State
[01:23:29.943] ---- [Flow] CT_START Set
[01:23:29.965] ---- [Event] AutoStop : CT_START
[01:23:29.966] [m_nState] Auto State
[01:23:30.802] ---- [Flow] CT_START Set
[01:24:38.156] ---- [Flow] CT_STOP Set
[01:24:38.178] ---- [Event] Auto : CT_STOP
[01:24:38.179] --------- [Monitor] StopTasks() : before m_stopped
[01:24:38.473] --------- [Monitor] StopTasks() : m_stopped
[01:24:38.474] [m_nState] AutoStop State
[02:07:44.514] ---- [Flow] CT_START Set
[02:07:44.537] ---- [Event] AutoStop : CT_START
[02:07:44.538] [m_nState] Auto State
[02:07:45.640] ---- [Flow] CT_START Set
[02:23:31.021] ---- [Flow] CT_STOP Set
[02:23:31.043] ---- [Event] Auto : CT_STOP
[02:23:31.044] --------- [Monitor] StopTasks() : before m_stopped
[02:23:31.114] --------- [Monitor] StopTasks() : m_stopped
[02:23:31.115] [m_nState] AutoStop State
[03:17:27.080] ---- [Flow] CT_START Set
[03:17:27.102] ---- [Event] AutoStop : CT_START
[03:17:27.103] [m_nState] Auto State
[03:17:28.051] ---- [Flow] CT_START Set
[03:18:30.843] ---- [Flow] CT_STOP Set
[03:18:30.866] ---- [Event] Auto : CT_STOP
[03:18:30.867] --------- [Monitor] StopTasks() : before m_stopped
[03:18:30.887] --------- [Monitor] StopTasks() : m_stopped
[03:18:30.889] [m_nState] AutoStop State
[07:02:38.885] ---- [Flow] CT_START Set
[07:02:38.908] ---- [Event] AutoStop : CT_START
[07:02:38.909] [m_nState] Auto State
[07:02:39.788] ---- [Flow] CT_START Set
[07:08:31.032] ---- [Flow] CT_STOP Set
[07:08:31.054] ---- [Event] Auto : CT_STOP
[07:08:31.055] --------- [Monitor] StopTasks() : before m_stopped
[07:08:31.115] --------- [Monitor] StopTasks() : m_stopped
[07:08:31.116] [m_nState] AutoStop State
[07:22:02.241] ---- [Flow] CT_START Set
[07:22:02.263] ---- [Event] AutoStop : CT_START
[07:22:02.264] [m_nState] Auto State
[07:22:03.438] ---- [Flow] CT_START Set
[09:29:28.951] ---- [Flow] CT_STOP Set
[09:29:28.973] ---- [Event] Auto : CT_STOP
[09:29:28.974] --------- [Monitor] StopTasks() : before m_stopped
[09:29:29.006] --------- [Monitor] StopTasks() : m_stopped
[09:29:29.008] [m_nState] AutoStop State
[09:39:04.234] ---- [Flow] CT_START Set
[09:39:04.256] ---- [Event] AutoStop : CT_START
[09:39:04.257] [m_nState] Auto State
[09:39:06.530] ---- [Flow] CT_START Set
[09:41:11.525] ---- [Flow] CT_START Set
[10:18:10.566] ---- [Flow] CT_START Set
[10:18:16.547] ---- [Flow] CT_START Set
[10:18:37.425] ---- [Flow] CT_START Set
[11:14:18.605] ---- [Flow] CT_START Set
[11:14:21.588] ---- [Flow] CT_START Set
[11:17:50.347] ---- [Flow] CT_START Set
[11:17:59.104] ---- [Flow] CT_START Set
[11:34:31.809] ---- [Flow] CT_START Set
[11:39:46.106] ---- [Flow] CT_START Set
[11:55:02.885] ---- [Flow] CT_STOP Set
[11:55:02.908] ---- [Event] Auto : CT_STOP
[11:55:02.909] --------- [Monitor] StopTasks() : before m_stopped
[11:55:02.976] --------- [Monitor] StopTasks() : m_stopped
[11:55:02.977] [m_nState] AutoStop State
[12:28:31.588] ---- [Flow] CT_START Set
[12:28:31.611] ---- [Event] AutoStop : CT_START
[12:28:31.612] [m_nState] Auto State
[12:28:33.292] ---- [Flow] CT_START Set
[12:35:12.148] ---- [Flow] CT_START Set
[12:41:37.416] ---- [Flow] CT_START Set
[13:08:43.871] ---- [Flow] CT_START Set
[13:09:04.339] ---- [Flow] CT_START Set
[13:11:36.159] ---- [Flow] CT_START Set
[13:11:43.292] ---- [Flow] CT_START Set
[13:11:51.483] ---- [Flow] CT_START Set
[13:12:01.253] ---- [Flow] CT_START Set
[13:12:01.616] ---- [Flow] CT_START Set
[13:22:44.277] ---- [Flow] CT_STOP Set
[13:22:44.299] ---- [Event] Auto : CT_STOP
[13:22:44.300] --------- [Monitor] StopTasks() : before m_stopped
[13:22:44.405] --------- [Monitor] StopTasks() : m_stopped
[13:22:44.406] [m_nState] AutoStop State
[13:22:44.820] ---- [Flow] CT_STOP Set
[13:22:44.895] ---- [Flow] CT_STOP Set
[13:22:44.933] ---- [Flow] CT_STOP Set
[13:22:44.998] ---- [Flow] CT_STOP Set
[13:22:47.933] ---- [Flow] CT_START Set
[13:22:47.956] ---- [Event] AutoStop : CT_START
[13:22:47.957] [m_nState] Auto State
[13:22:52.954] ---- [Flow] CT_STOP Set
[13:22:52.976] ---- [Event] Auto : CT_STOP
[13:22:52.977] --------- [Monitor] StopTasks() : before m_stopped
[13:22:53.205] --------- [Monitor] StopTasks() : m_stopped
[13:22:53.206] [m_nState] AutoStop State
[13:22:53.624] ---- [Flow] CT_STOP Set
[13:22:53.774] ---- [Flow] CT_STOP Set
[13:23:06.910] ---- [Flow] CT_START Set
[13:23:06.932] ---- [Event] AutoStop : CT_START
[13:23:06.933] [m_nState] Auto State
[13:23:07.675] ---- [Flow] CT_START Set
[13:27:08.684] ---- [Flow] CT_START Set
[13:35:17.686] ---- [Flow] CT_START Set
[14:07:41.017] ---- [Flow] CT_STOP Set
[14:07:41.040] ---- [Event] Auto : CT_STOP
[14:07:41.041] --------- [Monitor] StopTasks() : before m_stopped
[14:07:41.406] --------- [Monitor] StopTasks() : m_stopped
[14:07:41.407] [m_nState] AutoStop State
[14:07:49.467] ---- [Flow] CT_START Set
[14:07:49.490] ---- [Event] AutoStop : CT_START
[14:07:49.491] [m_nState] Auto State
[14:07:50.111] ---- [Flow] CT_START Set
[14:30:21.333] ---- [Flow] CT_STOP Set
[14:30:21.355] ---- [Event] Auto : CT_STOP
[14:30:21.356] --------- [Monitor] StopTasks() : before m_stopped
[14:30:21.517] ---- [Flow] CT_STOP Set
[14:30:21.664] ---- [Flow] CT_STOP Set
[14:30:21.743] ---- [Flow] CT_STOP Set
[14:30:21.800] ---- [Flow] CT_STOP Set
[14:30:22.517] --------- [Monitor] StopTasks() : m_stopped
[14:30:22.518] [m_nState] AutoStop State
[14:39:00.254] ---- [Flow] CT_START Set
[14:39:00.277] ---- [Event] AutoStop : CT_START
[14:39:00.278] [m_nState] Auto State
[14:39:00.422] ---- [Flow] CT_START Set
[14:55:25.253] ---- [Flow] CT_START Set
[15:13:12.062] ---- [Flow] CT_START Set
[16:09:31.169] ---- [Flow] CT_STOP Set
[16:09:31.192] ---- [Event] Auto : CT_STOP
[16:09:31.193] --------- [Monitor] StopTasks() : before m_stopped
[16:09:31.216] ---- [Flow] CT_STOP Set
[16:09:31.259] --------- [Monitor] StopTasks() : m_stopped
[16:09:31.260] [m_nState] AutoStop State
[16:09:31.364] ---- [Flow] CT_STOP Set
[16:19:07.615] ---- [Flow] CT_START Set
[16:19:07.637] ---- [Event] AutoStop : CT_START
[16:19:07.638] [m_nState] Auto State
[16:19:08.434] ---- [Flow] CT_START Set
[16:25:40.315] ---- [Flow] CT_START Set
[16:33:56.842] ---- [Flow] CT_START Set
[17:24:44.961] ---- [Flow] CT_START Set
[18:17:34.063] ---- [Flow] CT_STOP Set
[18:17:34.085] ---- [Event] Auto : CT_STOP
[18:17:34.086] --------- [Monitor] StopTasks() : before m_stopped
[18:17:34.091] --------- [Monitor] StopTasks() : m_stopped
[18:17:34.092] [m_nState] AutoStop State
[18:17:34.201] ---- [Flow] CT_STOP Set
[18:17:34.249] ---- [Flow] CT_STOP Set
[18:17:34.438] ---- [Flow] CT_STOP Set
