[08:51:25.593] ---- [Flow] CT_START Set
[08:51:25.615] ---- [Event] AutoStop : CT_START
[08:51:25.616] [m_nState] Auto State
[08:51:26.581] ---- [Flow] CT_START Set
[09:00:58.296] ---- [Flow] CT_STOP Set
[09:00:58.318] ---- [Event] Auto : CT_STOP
[09:00:58.319] --------- [Monitor] StopTasks() : before m_stopped
[09:00:58.376] --------- [Monitor] StopTasks() : m_stopped
[09:00:58.377] [m_nState] AutoStop State
[09:01:04.786] ---- [Flow] CT_START Set
[09:01:04.809] ---- [Event] AutoStop : CT_START
[09:01:04.810] [m_nState] Auto State
[09:01:05.794] ---- [Flow] CT_START Set
[11:25:53.248] ---- [Flow] CT_START Set
[11:56:28.268] ---- [Flow] CT_START Set
[12:20:06.211] ---- [Flow] CT_START Set
[12:20:15.256] ---- [Flow] CT_START Set
[12:20:39.599] ---- [Flow] CT_START Set
[13:07:10.118] ---- [Flow] CT_START Set
[13:07:30.719] ---- [Flow] CT_START Set
[13:07:30.836] ---- [Flow] CT_START Set
[13:07:33.657] ---- [Flow] CT_START Set
[13:07:58.775] ---- [Flow] CT_START Set
[13:08:15.879] ---- [Flow] CT_START Set
[13:08:31.798] ---- [Flow] CT_START Set
[13:09:00.449] ---- [Flow] CT_START Set
[13:09:44.911] ---- [Flow] CT_START Set
[13:10:08.024] ---- [Flow] CT_START Set
[13:10:13.005] ---- [Flow] CT_STOP Set
[13:10:13.027] ---- [Event] Auto : CT_STOP
[13:10:13.028] --------- [Monitor] StopTasks() : before m_stopped
[13:10:13.046] ---- [Flow] CT_STOP Set
[13:10:13.085] ---- [Flow] CT_STOP Set
[13:10:13.124] ---- [Flow] CT_STOP Set
[13:10:13.164] ---- [Flow] CT_STOP Set
[13:10:13.202] ---- [Flow] CT_STOP Set
[13:10:13.242] ---- [Flow] CT_STOP Set
[13:10:13.281] ---- [Flow] CT_STOP Set
[13:10:13.319] ---- [Flow] CT_STOP Set
[13:10:13.336] --------- [Monitor] StopTasks() : m_stopped
[13:10:13.337] [m_nState] AutoStop State
[13:10:13.352] ---- [Flow] CT_STOP Set
[13:10:36.178] ---- [Flow] CT_START Set
[13:10:36.200] ---- [Event] AutoStop : CT_START
[13:10:36.201] [m_nState] Auto State
[13:10:52.323] ---- [Flow] CT_START Set
[13:46:54.336] ---- [Flow] CT_STOP Set
[13:46:54.359] ---- [Event] Auto : CT_STOP
[13:46:54.359] --------- [Monitor] StopTasks() : before m_stopped
[13:46:54.411] --------- [Monitor] StopTasks() : m_stopped
[13:46:54.412] [m_nState] AutoStop State
[13:49:12.316] [m_nState] Init State
[13:49:12.327] ---- [Monitor] Init : m_idle
[13:49:12.350] ---- [Event] Init : CT_IDLE
[13:49:12.351] [m_nState] Idle State
[13:49:27.110] [m_nState] Init State
[13:49:27.122] ---- [Monitor] Init : m_idle
[13:49:27.145] ---- [Event] Init : CT_IDLE
[13:49:27.146] [m_nState] Idle State
[13:49:39.729] ---- [Flow] CT_START Set
[13:49:39.751] ---- [Event] Idle : CT_START
[13:49:39.752] [m_nState] Auto State
[13:49:40.811] ---- [Flow] CT_START Set
[13:54:07.923] ---- [Flow] CT_STOP Set
[13:54:07.945] ---- [Event] Auto : CT_STOP
[13:54:07.946] --------- [Monitor] StopTasks() : before m_stopped
[13:54:07.973] --------- [Monitor] StopTasks() : m_stopped
[13:54:07.974] [m_nState] AutoStop State
[13:54:07.982] ---- [Flow] CT_STOP Set
[13:54:08.019] ---- [Flow] CT_STOP Set
[14:27:39.776] ---- [Flow] CT_START Set
[14:27:39.799] ---- [Event] AutoStop : CT_START
[14:27:39.800] [m_nState] Auto State
[14:27:41.825] ---- [Flow] CT_START Set
[15:16:40.730] ---- [Flow] CT_START Set
[15:16:50.681] ---- [Flow] CT_START Set
[16:18:28.972] ---- [Flow] CT_START Set
[16:18:36.821] ---- [Flow] CT_START Set
[16:18:37.960] ---- [Flow] CT_START Set
[16:18:53.623] ---- [Flow] CT_START Set
[16:19:09.724] ---- [Flow] CT_START Set
[16:19:23.158] ---- [Flow] CT_START Set
[16:19:31.461] ---- [Flow] CT_START Set
[16:20:11.703] ---- [Flow] CT_START Set
[16:20:23.849] ---- [Flow] CT_START Set
[16:20:28.917] ---- [Flow] CT_START Set
[16:20:48.339] ---- [Flow] CT_START Set
[16:21:19.467] ---- [Flow] CT_START Set
[16:21:26.148] ---- [Flow] CT_START Set
[16:21:46.067] ---- [Flow] CT_STOP Set
[16:21:46.089] ---- [Event] Auto : CT_STOP
[16:21:46.090] --------- [Monitor] StopTasks() : before m_stopped
[16:21:46.230] --------- [Monitor] StopTasks() : m_stopped
[16:21:46.231] [m_nState] AutoStop State
[16:30:40.786] ---- [Flow] CT_START Set
[16:30:40.809] ---- [Event] AutoStop : CT_START
[16:30:40.810] [m_nState] Auto State
[16:30:46.104] ---- [Flow] CT_START Set
[16:31:15.551] ---- [Flow] CT_START Set
[17:52:40.209] ---- [Flow] CT_START Set
[17:52:53.359] ---- [Flow] CT_START Set
[17:53:16.025] ---- [Flow] CT_START Set
[17:53:27.684] ---- [Flow] CT_START Set
[17:53:29.657] ---- [Flow] CT_START Set
[17:53:56.568] ---- [Flow] CT_START Set
[17:53:58.395] ---- [Flow] CT_START Set
[18:58:21.023] ---- [Flow] CT_START Set
[18:58:46.905] ---- [Flow] CT_START Set
[18:58:54.757] ---- [Flow] CT_START Set
[18:58:57.710] ---- [Flow] CT_START Set
[18:59:00.521] ---- [Flow] CT_START Set
[18:59:23.289] ---- [Flow] CT_START Set
[18:59:24.983] ---- [Flow] CT_START Set
[18:59:35.058] ---- [Flow] CT_START Set
[18:59:35.171] ---- [Flow] CT_START Set
[18:59:39.057] ---- [Flow] CT_START Set
[19:00:47.741] ---- [Flow] CT_STOP Set
[19:00:47.764] ---- [Event] Auto : CT_STOP
[19:00:47.765] --------- [Monitor] StopTasks() : before m_stopped
[19:00:48.216] --------- [Monitor] StopTasks() : m_stopped
[19:00:48.217] [m_nState] AutoStop State
[19:00:50.172] ---- [Flow] CT_STOP Set
[19:00:50.869] ---- [Flow] CT_START Set
[19:00:50.892] ---- [Event] AutoStop : CT_START
[19:00:50.893] [m_nState] Auto State
[19:00:51.239] ---- [Flow] CT_START Set
[19:01:00.484] ---- [Flow] CT_STOP Set
[19:01:00.507] ---- [Event] Auto : CT_STOP
[19:01:00.508] --------- [Monitor] StopTasks() : before m_stopped
[19:01:00.557] ---- [Flow] CT_STOP Set
[19:01:02.826] --------- [Monitor] StopTasks() : m_stopped
[19:01:02.827] [m_nState] AutoStop State
[19:01:12.370] ---- [Flow] CT_START Set
[19:01:12.393] ---- [Event] AutoStop : CT_START
[19:01:12.394] [m_nState] Auto State
[19:01:19.904] ---- [Flow] CT_STOP Set
[19:01:19.927] ---- [Event] Auto : CT_STOP
[19:01:19.928] --------- [Monitor] StopTasks() : before m_stopped
[19:01:19.963] ---- [Flow] CT_STOP Set
[19:01:19.971] --------- [Monitor] StopTasks() : m_stopped
[19:01:19.973] [m_nState] AutoStop State
[19:01:20.005] ---- [Flow] CT_STOP Set
[19:20:32.379] ---- [Flow] CT_START Set
[19:20:32.401] ---- [Event] AutoStop : CT_START
[19:20:32.402] [m_nState] Auto State
[19:20:32.414] ---- [Flow] CT_START Set
[19:20:33.005] ---- [Flow] CT_START Set
[20:11:48.092] ---- [Flow] CT_START Set
[20:11:54.400] ---- [Flow] CT_START Set
[20:12:28.363] ---- [Flow] CT_START Set
[20:12:49.450] ---- [Flow] CT_START Set
[20:23:11.265] ---- [Flow] CT_START Set
[20:30:17.047] ---- [Flow] CT_STOP Set
[20:30:17.069] ---- [Event] Auto : CT_STOP
[20:30:17.070] --------- [Monitor] StopTasks() : before m_stopped
[20:30:17.150] --------- [Monitor] StopTasks() : m_stopped
[20:30:17.151] [m_nState] AutoStop State
[20:31:32.732] ---- [Flow] CT_START Set
[20:31:32.754] ---- [Event] AutoStop : CT_START
[20:31:32.755] [m_nState] Auto State
[20:47:54.473] ---- [Flow] CT_STOP Set
[20:47:54.495] ---- [Event] Auto : CT_STOP
[20:47:54.496] --------- [Monitor] StopTasks() : before m_stopped
[20:47:54.569] --------- [Monitor] StopTasks() : m_stopped
[20:47:54.570] [m_nState] AutoStop State
