[00:07:22.391] ---- [Flow] CT_START Set
[00:07:22.734] ---- [Flow] CT_START Set
[00:14:29.844] ---- [Flow] CT_START Set
[00:14:30.118] ---- [Flow] CT_START Set
[00:14:30.379] ---- [Flow] CT_START Set
[00:19:22.276] ---- [Flow] CT_START Set
[00:19:22.834] ---- [Flow] CT_START Set
[00:19:23.128] ---- [Flow] CT_START Set
[00:26:01.802] ---- [Flow] CT_START Set
[00:26:02.067] ---- [Flow] CT_START Set
[00:27:44.327] ---- [Flow] CT_START Set
[00:27:44.665] ---- [Flow] CT_START Set
[00:28:10.271] ---- [Flow] CT_STOP Set
[00:28:10.293] ---- [Event] Auto : CT_STOP
[00:28:10.294] --------- [Monitor] StopTasks() : before m_stopped
[00:28:10.353] ---- [Flow] CT_STOP Set
[00:28:10.398] ---- [Flow] CT_STOP Set
[00:28:11.125] --------- [Monitor] StopTasks() : m_stopped
[00:28:11.125] [m_nState] AutoStop State
[00:28:11.663] ---- [Flow] CT_STOP Set
[00:28:11.699] ---- [Flow] CT_STOP Set
[00:28:11.733] ---- [Flow] CT_STOP Set
[00:28:11.765] ---- [Flow] CT_STOP Set
[00:28:18.117] ---- [Flow] CT_START Set
[00:28:18.139] ---- [Event] AutoStop : CT_START
[00:28:18.140] [m_nState] Auto State
[00:28:23.612] ---- [Flow] CT_STOP Set
[00:28:23.634] ---- [Event] Auto : CT_STOP
[00:28:23.635] --------- [Monitor] StopTasks() : before m_stopped
[00:28:23.850] --------- [Monitor] StopTasks() : m_stopped
[00:28:23.851] [m_nState] AutoStop State
[00:37:42.028] ---- [Flow] CT_START Set
[00:37:42.050] ---- [Event] AutoStop : CT_START
[00:37:42.051] [m_nState] Auto State
[00:37:44.903] ---- [Flow] CT_START Set
[00:39:21.662] ---- [Flow] CT_START Set
[00:39:21.938] ---- [Flow] CT_START Set
[00:39:22.659] ---- [Flow] CT_START Set
[00:40:32.572] ---- [Flow] CT_START Set
[00:40:32.926] ---- [Flow] CT_START Set
[00:40:34.748] ---- [Flow] CT_START Set
[00:41:09.033] ---- [Flow] CT_START Set
[00:41:09.348] ---- [Flow] CT_START Set
[00:41:09.708] ---- [Flow] CT_START Set
[00:41:50.769] ---- [Flow] CT_START Set
[00:41:51.426] ---- [Flow] CT_START Set
[00:41:51.700] ---- [Flow] CT_START Set
[00:44:57.340] ---- [Flow] CT_START Set
[00:49:15.861] ---- [Flow] CT_START Set
[00:49:16.128] ---- [Flow] CT_START Set
[00:50:01.107] ---- [Flow] CT_START Set
[00:50:01.791] ---- [Flow] CT_START Set
[00:50:02.087] ---- [Flow] CT_START Set
[00:54:13.437] ---- [Flow] CT_START Set
[00:54:13.950] ---- [Flow] CT_START Set
[00:54:14.212] ---- [Flow] CT_START Set
[00:55:34.255] ---- [Flow] CT_START Set
[00:55:34.573] ---- [Flow] CT_START Set
[00:55:34.854] ---- [Flow] CT_START Set
[00:57:02.868] ---- [Flow] CT_START Set
[00:57:03.218] ---- [Flow] CT_START Set
[01:00:13.465] ---- [Flow] CT_START Set
[01:00:13.805] ---- [Flow] CT_START Set
[01:13:01.751] ---- [Flow] CT_START Set
[01:13:02.101] ---- [Flow] CT_START Set
[01:14:43.971] ---- [Flow] CT_START Set
[01:14:44.209] ---- [Flow] CT_START Set
[01:15:19.299] ---- [Flow] CT_START Set
[01:15:19.860] ---- [Flow] CT_START Set
[01:15:21.084] ---- [Flow] CT_START Set
[01:15:21.522] ---- [Flow] CT_START Set
[01:15:22.370] ---- [Flow] CT_START Set
[01:15:23.035] ---- [Flow] CT_START Set
[01:15:23.415] ---- [Flow] CT_START Set
[01:18:44.252] ---- [Flow] CT_START Set
[01:18:44.479] ---- [Flow] CT_START Set
[01:19:43.903] ---- [Flow] CT_START Set
[01:19:44.221] ---- [Flow] CT_START Set
[01:26:29.129] ---- [Flow] CT_START Set
[01:26:29.476] ---- [Flow] CT_START Set
[01:26:29.750] ---- [Flow] CT_START Set
[01:26:30.028] ---- [Flow] CT_START Set
[01:27:53.305] ---- [Flow] CT_START Set
[01:27:53.592] ---- [Flow] CT_START Set
[01:29:11.830] ---- [Flow] CT_START Set
[01:29:12.166] ---- [Flow] CT_START Set
[01:30:31.272] ---- [Flow] CT_START Set
[01:30:31.570] ---- [Flow] CT_START Set
[01:30:32.447] ---- [Flow] CT_START Set
[01:30:32.750] ---- [Flow] CT_START Set
[01:33:19.645] ---- [Flow] CT_START Set
[01:33:19.912] ---- [Flow] CT_START Set
[01:35:49.278] ---- [Flow] CT_START Set
[01:35:49.636] ---- [Flow] CT_START Set
[01:43:19.273] ---- [Flow] CT_START Set
[01:43:19.632] ---- [Flow] CT_START Set
[01:43:21.408] ---- [Flow] CT_START Set
[01:48:24.834] ---- [Flow] CT_START Set
[01:48:25.333] ---- [Flow] CT_START Set
[01:48:25.593] ---- [Flow] CT_START Set
[01:48:25.859] ---- [Flow] CT_START Set
[01:53:18.609] ---- [Flow] CT_START Set
[01:56:24.128] ---- [Flow] CT_START Set
[01:56:24.773] ---- [Flow] CT_START Set
[01:56:25.047] ---- [Flow] CT_START Set
[02:04:39.121] ---- [Flow] CT_START Set
[02:04:39.495] ---- [Flow] CT_START Set
[02:04:39.790] ---- [Flow] CT_START Set
[02:05:09.542] ---- [Flow] CT_START Set
[02:05:09.907] ---- [Flow] CT_START Set
[02:05:10.249] ---- [Flow] CT_START Set
[02:05:11.558] ---- [Flow] CT_START Set
[02:05:11.921] ---- [Flow] CT_START Set
[02:07:20.713] ---- [Flow] CT_START Set
[02:07:21.310] ---- [Flow] CT_START Set
[02:07:21.577] ---- [Flow] CT_START Set
[02:16:40.156] ---- [Flow] CT_START Set
[02:16:40.423] ---- [Flow] CT_START Set
[02:19:33.167] ---- [Flow] CT_START Set
[02:19:33.514] ---- [Flow] CT_START Set
[02:27:43.477] ---- [Flow] CT_START Set
[02:27:44.218] ---- [Flow] CT_START Set
[02:27:44.462] ---- [Flow] CT_START Set
[02:27:46.728] ---- [Flow] CT_START Set
[02:27:47.401] ---- [Flow] CT_START Set
[02:27:53.616] ---- [Flow] CT_START Set
[02:27:54.259] ---- [Flow] CT_START Set
[02:28:38.950] ---- [Flow] CT_STOP Set
[02:28:38.972] ---- [Event] Auto : CT_STOP
[02:28:38.973] --------- [Monitor] StopTasks() : before m_stopped
[02:28:39.007] ---- [Flow] CT_STOP Set
[02:28:39.055] ---- [Flow] CT_STOP Set
[02:28:39.100] ---- [Flow] CT_STOP Set
[02:28:39.536] --------- [Monitor] StopTasks() : m_stopped
[02:28:39.538] [m_nState] AutoStop State
[02:57:43.762] ---- [Flow] CT_START Set
[02:57:43.785] ---- [Event] AutoStop : CT_START
[02:57:43.786] [m_nState] Auto State
[02:57:44.789] ---- [Flow] CT_START Set
[03:03:17.750] ---- [Flow] CT_START Set
[03:03:18.113] ---- [Flow] CT_START Set
[03:03:18.393] ---- [Flow] CT_START Set
[03:04:22.912] ---- [Flow] CT_START Set
[03:04:23.185] ---- [Flow] CT_START Set
[03:15:31.248] ---- [Flow] CT_START Set
[03:15:31.569] ---- [Flow] CT_START Set
[03:19:30.684] ---- [Flow] CT_START Set
[03:19:31.267] ---- [Flow] CT_START Set
[03:19:31.551] ---- [Flow] CT_START Set
[03:21:49.170] ---- [Flow] CT_START Set
[03:21:49.419] ---- [Flow] CT_START Set
[03:25:44.438] ---- [Flow] CT_START Set
[03:33:31.318] ---- [Flow] CT_START Set
[03:33:32.085] ---- [Flow] CT_START Set
[03:33:32.343] ---- [Flow] CT_START Set
[03:36:27.739] ---- [Flow] CT_START Set
[03:36:28.064] ---- [Flow] CT_START Set
[03:38:06.993] ---- [Flow] CT_START Set
[03:38:07.334] ---- [Flow] CT_START Set
[03:49:31.943] ---- [Flow] CT_START Set
[03:49:32.308] ---- [Flow] CT_START Set
[03:58:57.730] ---- [Flow] CT_STOP Set
[03:58:57.752] ---- [Event] Auto : CT_STOP
[03:58:57.753] --------- [Monitor] StopTasks() : before m_stopped
[03:58:57.784] --------- [Monitor] StopTasks() : m_stopped
[03:58:57.786] [m_nState] AutoStop State
[03:58:57.887] ---- [Flow] CT_STOP Set
[03:58:57.927] ---- [Flow] CT_STOP Set
[06:44:22.015] ---- [Flow] CT_START Set
[06:44:22.039] ---- [Event] AutoStop : CT_START
[06:44:22.040] [m_nState] Auto State
[06:44:23.103] ---- [Flow] CT_START Set
[06:48:31.562] ---- [Flow] CT_START Set
[06:48:31.843] ---- [Flow] CT_START Set
[06:57:51.773] ---- [Flow] CT_START Set
[06:57:52.133] ---- [Flow] CT_START Set
[06:57:53.056] ---- [Flow] CT_START Set
[06:57:53.410] ---- [Flow] CT_START Set
[06:57:54.190] ---- [Flow] CT_START Set
[06:58:02.203] ---- [Flow] CT_START Set
[07:05:06.671] ---- [Flow] CT_START Set
[07:05:06.956] ---- [Flow] CT_START Set
[07:05:08.380] ---- [Flow] CT_START Set
[07:05:09.513] ---- [Flow] CT_START Set
[07:05:09.883] ---- [Flow] CT_START Set
[07:05:10.737] ---- [Flow] CT_START Set
[07:05:11.073] ---- [Flow] CT_START Set
[07:05:11.940] ---- [Flow] CT_START Set
[07:05:12.265] ---- [Flow] CT_START Set
[07:05:13.084] ---- [Flow] CT_START Set
[07:07:34.860] ---- [Flow] CT_START Set
[07:07:35.158] ---- [Flow] CT_START Set
[07:07:36.087] ---- [Flow] CT_START Set
[07:07:36.426] ---- [Flow] CT_START Set
[07:07:37.208] ---- [Flow] CT_START Set
[07:07:37.982] ---- [Flow] CT_START Set
[07:07:38.311] ---- [Flow] CT_START Set
[07:08:32.939] ---- [Flow] CT_START Set
[07:08:33.264] ---- [Flow] CT_START Set
[07:10:43.580] ---- [Flow] CT_START Set
[07:10:43.832] ---- [Flow] CT_START Set
[07:10:44.770] ---- [Flow] CT_START Set
[07:14:12.125] ---- [Flow] CT_START Set
[07:14:12.405] ---- [Flow] CT_START Set
[07:14:13.721] ---- [Flow] CT_START Set
[07:14:14.489] ---- [Flow] CT_START Set
[07:14:16.168] ---- [Flow] CT_START Set
[07:14:17.094] ---- [Flow] CT_START Set
[07:14:17.372] ---- [Flow] CT_START Set
[07:14:18.059] ---- [Flow] CT_START Set
[07:14:18.314] ---- [Flow] CT_START Set
[07:14:19.138] ---- [Flow] CT_START Set
[07:14:19.938] ---- [Flow] CT_START Set
[07:14:20.374] ---- [Flow] CT_START Set
[07:15:34.338] ---- [Flow] CT_START Set
[07:15:34.618] ---- [Flow] CT_START Set
[07:15:35.474] ---- [Flow] CT_START Set
[07:15:35.818] ---- [Flow] CT_START Set
[07:15:36.615] ---- [Flow] CT_START Set
[07:15:37.460] ---- [Flow] CT_START Set
[07:15:37.737] ---- [Flow] CT_START Set
[07:15:38.598] ---- [Flow] CT_START Set
[07:15:39.537] ---- [Flow] CT_START Set
[07:15:39.856] ---- [Flow] CT_START Set
[07:15:41.511] ---- [Flow] CT_START Set
[07:15:41.770] ---- [Flow] CT_START Set
[07:15:47.160] ---- [Flow] CT_START Set
[07:17:02.472] ---- [Flow] CT_START Set
[07:17:02.757] ---- [Flow] CT_START Set
[07:20:12.278] ---- [Flow] CT_START Set
[07:20:12.505] ---- [Flow] CT_START Set
[07:20:13.403] ---- [Flow] CT_START Set
[07:20:13.683] ---- [Flow] CT_START Set
[07:20:14.387] ---- [Flow] CT_START Set
[07:20:14.639] ---- [Flow] CT_START Set
[07:20:15.602] ---- [Flow] CT_START Set
[07:20:15.891] ---- [Flow] CT_START Set
[07:20:44.379] ---- [Flow] CT_START Set
[07:20:45.162] ---- [Flow] CT_START Set
[07:20:45.413] ---- [Flow] CT_START Set
[07:20:45.696] ---- [Flow] CT_START Set
[07:20:52.625] ---- [Flow] CT_START Set
[07:20:52.973] ---- [Flow] CT_START Set
[07:20:53.833] ---- [Flow] CT_START Set
[07:20:54.189] ---- [Flow] CT_START Set
[07:21:00.953] ---- [Flow] CT_START Set
[07:21:59.846] ---- [Flow] CT_START Set
[07:22:00.225] ---- [Flow] CT_START Set
[07:22:01.145] ---- [Flow] CT_START Set
[07:22:01.428] ---- [Flow] CT_START Set
[07:22:02.266] ---- [Flow] CT_START Set
[07:22:03.026] ---- [Flow] CT_START Set
[07:22:03.324] ---- [Flow] CT_START Set
[07:22:04.176] ---- [Flow] CT_START Set
[07:22:05.071] ---- [Flow] CT_START Set
[07:22:05.353] ---- [Flow] CT_START Set
[07:22:06.150] ---- [Flow] CT_START Set
[07:22:07.033] ---- [Flow] CT_START Set
[07:22:07.299] ---- [Flow] CT_START Set
[07:22:08.129] ---- [Flow] CT_START Set
[07:22:47.505] ---- [Flow] CT_START Set
[07:22:47.852] ---- [Flow] CT_START Set
[07:22:48.776] ---- [Flow] CT_START Set
[07:22:49.121] ---- [Flow] CT_START Set
[07:22:49.854] ---- [Flow] CT_START Set
[07:22:50.685] ---- [Flow] CT_START Set
[07:22:51.028] ---- [Flow] CT_START Set
[07:24:38.241] ---- [Flow] CT_START Set
[07:24:38.873] ---- [Flow] CT_START Set
[07:24:39.401] ---- [Flow] CT_START Set
[07:24:39.759] ---- [Flow] CT_START Set
[07:24:40.567] ---- [Flow] CT_START Set
[07:24:41.409] ---- [Flow] CT_START Set
[07:24:41.660] ---- [Flow] CT_START Set
[07:24:42.541] ---- [Flow] CT_START Set
[07:24:43.438] ---- [Flow] CT_START Set
[07:26:07.605] ---- [Flow] CT_START Set
[07:26:07.840] ---- [Flow] CT_START Set
[07:26:08.745] ---- [Flow] CT_START Set
[07:26:09.059] ---- [Flow] CT_START Set
[07:26:09.951] ---- [Flow] CT_START Set
[07:26:10.771] ---- [Flow] CT_START Set
[07:26:11.087] ---- [Flow] CT_START Set
[07:29:00.087] ---- [Flow] CT_START Set
[07:29:00.365] ---- [Flow] CT_START Set
[07:35:34.958] ---- [Flow] CT_START Set
[07:35:35.327] ---- [Flow] CT_START Set
[07:44:38.174] ---- [Flow] CT_START Set
[07:44:38.505] ---- [Flow] CT_START Set
[07:44:39.918] ---- [Flow] CT_START Set
[07:44:40.504] ---- [Flow] CT_START Set
[07:44:41.315] ---- [Flow] CT_START Set
[07:44:41.567] ---- [Flow] CT_START Set
[07:44:42.369] ---- [Flow] CT_START Set
[07:44:48.583] ---- [Flow] CT_START Set
[07:44:48.933] ---- [Flow] CT_START Set
[07:52:07.496] ---- [Flow] CT_START Set
[07:52:07.750] ---- [Flow] CT_START Set
[07:52:08.706] ---- [Flow] CT_START Set
[07:52:08.982] ---- [Flow] CT_START Set
[07:59:08.148] ---- [Flow] CT_START Set
[07:59:15.126] ---- [Flow] CT_START Set
[07:59:15.474] ---- [Flow] CT_START Set
[07:59:24.243] ---- [Flow] CT_START Set
[07:59:24.546] ---- [Flow] CT_START Set
[07:59:27.585] ---- [Flow] CT_START Set
[07:59:27.949] ---- [Flow] CT_START Set
[07:59:31.061] ---- [Flow] CT_START Set
[07:59:31.318] ---- [Flow] CT_START Set
[07:59:35.025] ---- [Flow] CT_START Set
[08:04:23.886] ---- [Flow] CT_START Set
[08:07:39.640] ---- [Flow] CT_START Set
[08:07:42.369] ---- [Flow] CT_START Set
[08:07:42.728] ---- [Flow] CT_START Set
[09:29:43.145] ---- [Flow] CT_STOP Set
[09:29:43.168] ---- [Event] Auto : CT_STOP
[09:29:43.169] --------- [Monitor] StopTasks() : before m_stopped
[09:29:43.211] --------- [Monitor] StopTasks() : m_stopped
[09:29:43.212] [m_nState] AutoStop State
[09:39:54.581] ---- [Flow] CT_START Set
[09:39:54.603] ---- [Event] AutoStop : CT_START
[09:39:54.604] [m_nState] Auto State
[09:39:55.328] ---- [Flow] CT_START Set
[10:42:55.384] ---- [Flow] CT_START Set
[10:42:58.187] ---- [Flow] CT_START Set
[10:42:59.043] ---- [Flow] CT_START Set
[10:43:02.303] ---- [Flow] CT_START Set
[10:43:02.672] ---- [Flow] CT_START Set
[10:43:03.560] ---- [Flow] CT_START Set
[10:43:05.575] ---- [Flow] CT_START Set
[10:43:05.928] ---- [Flow] CT_START Set
[10:43:06.739] ---- [Flow] CT_START Set
[10:43:08.176] ---- [Flow] CT_START Set
[10:43:08.608] ---- [Flow] CT_START Set
[10:43:10.868] ---- [Flow] CT_START Set
[10:43:12.824] ---- [Flow] CT_START Set
[10:43:13.196] ---- [Flow] CT_START Set
[10:43:14.165] ---- [Flow] CT_START Set
[10:43:16.326] ---- [Flow] CT_START Set
[10:43:17.268] ---- [Flow] CT_START Set
[10:43:18.654] ---- [Flow] CT_START Set
[10:43:19.352] ---- [Flow] CT_START Set
[10:43:20.048] ---- [Flow] CT_START Set
[10:43:21.480] ---- [Flow] CT_START Set
[10:43:31.991] ---- [Flow] CT_START Set
[11:05:31.921] ---- [Flow] CT_START Set
[11:05:35.375] ---- [Flow] CT_START Set
[11:06:51.203] ---- [Flow] CT_START Set
[11:06:58.502] ---- [Flow] CT_START Set
[11:07:05.161] ---- [Flow] CT_START Set
[11:07:57.862] ---- [Flow] CT_START Set
[11:08:20.833] ---- [Flow] CT_START Set
[11:08:21.136] ---- [Flow] CT_START Set
[11:15:17.736] ---- [Flow] CT_START Set
[11:15:22.765] ---- [Flow] CT_START Set
[11:34:54.602] ---- [Flow] CT_START Set
[11:34:55.015] ---- [Flow] CT_START Set
[11:36:54.880] ---- [Flow] CT_START Set
[11:36:55.214] ---- [Flow] CT_START Set
[11:36:56.018] ---- [Flow] CT_START Set
[11:36:56.301] ---- [Flow] CT_START Set
[11:36:57.640] ---- [Flow] CT_START Set
[11:36:58.000] ---- [Flow] CT_START Set
[11:36:58.284] ---- [Flow] CT_START Set
[11:36:59.828] ---- [Flow] CT_START Set
[11:37:01.534] ---- [Flow] CT_START Set
[11:37:02.461] ---- [Flow] CT_START Set
[11:37:02.731] ---- [Flow] CT_START Set
[11:44:52.113] ---- [Flow] CT_START Set
[11:55:01.011] ---- [Flow] CT_START Set
[11:55:04.595] ---- [Flow] CT_START Set
[11:55:04.910] ---- [Flow] CT_START Set
[11:55:08.249] ---- [Flow] CT_START Set
[11:55:08.595] ---- [Flow] CT_START Set
[12:03:33.938] ---- [Flow] CT_START Set
[12:03:38.755] ---- [Flow] CT_START Set
[12:03:39.664] ---- [Flow] CT_START Set
[12:03:40.742] ---- [Flow] CT_START Set
[12:12:14.374] ---- [Flow] CT_START Set
[12:12:14.747] ---- [Flow] CT_START Set
[12:12:18.598] ---- [Flow] CT_START Set
[12:12:26.245] ---- [Flow] CT_START Set
[12:25:01.558] ---- [Flow] CT_START Set
[12:25:09.214] ---- [Flow] CT_START Set
[12:25:19.008] ---- [Flow] CT_START Set
[12:25:19.306] ---- [Flow] CT_START Set
[12:25:25.094] ---- [Flow] CT_START Set
[12:25:25.423] ---- [Flow] CT_START Set
[12:25:27.463] ---- [Flow] CT_START Set
[12:25:32.937] ---- [Flow] CT_START Set
[12:25:33.324] ---- [Flow] CT_START Set
[12:25:35.227] ---- [Flow] CT_START Set
[12:25:35.511] ---- [Flow] CT_START Set
[12:25:39.189] ---- [Flow] CT_START Set
[12:25:49.013] ---- [Flow] CT_START Set
[12:38:07.635] ---- [Flow] CT_START Set
[12:38:07.987] ---- [Flow] CT_START Set
[12:38:09.287] ---- [Flow] CT_START Set
[12:38:09.895] ---- [Flow] CT_START Set
[12:47:41.942] ---- [Flow] CT_START Set
[12:47:42.720] ---- [Flow] CT_START Set
[12:51:17.570] ---- [Flow] CT_START Set
[12:51:17.892] ---- [Flow] CT_START Set
[12:51:18.860] ---- [Flow] CT_START Set
[12:51:19.214] ---- [Flow] CT_START Set
[12:51:19.954] ---- [Flow] CT_START Set
[12:56:05.734] ---- [Flow] CT_START Set
[12:56:06.014] ---- [Flow] CT_START Set
[12:56:07.002] ---- [Flow] CT_START Set
[12:56:07.320] ---- [Flow] CT_START Set
[12:59:55.030] ---- [Flow] CT_START Set
[13:07:39.716] ---- [Flow] CT_START Set
[13:07:40.072] ---- [Flow] CT_START Set
[13:07:40.846] ---- [Flow] CT_START Set
[13:17:27.371] ---- [Flow] CT_START Set
[13:26:32.580] ---- [Flow] CT_START Set
[13:26:32.828] ---- [Flow] CT_START Set
[13:26:33.696] ---- [Flow] CT_START Set
[13:26:33.942] ---- [Flow] CT_START Set
[13:26:34.624] ---- [Flow] CT_START Set
[13:26:34.854] ---- [Flow] CT_START Set
[13:26:35.850] ---- [Flow] CT_START Set
[13:26:36.127] ---- [Flow] CT_START Set
[13:26:37.010] ---- [Flow] CT_START Set
[13:26:37.686] ---- [Flow] CT_START Set
[13:26:37.940] ---- [Flow] CT_START Set
[13:26:38.227] ---- [Flow] CT_START Set
[13:26:38.850] ---- [Flow] CT_START Set
[13:26:41.066] ---- [Flow] CT_START Set
[13:27:01.227] ---- [Flow] CT_START Set
[13:36:06.911] ---- [Flow] CT_START Set
[13:45:57.828] ---- [Flow] CT_START Set
[13:45:58.178] ---- [Flow] CT_START Set
[13:45:58.997] ---- [Flow] CT_START Set
[13:55:53.888] ---- [Flow] CT_START Set
[14:08:13.885] ---- [Flow] CT_START Set
[14:08:14.269] ---- [Flow] CT_START Set
[14:08:18.925] ---- [Flow] CT_START Set
[14:08:19.171] ---- [Flow] CT_START Set
[14:08:41.530] ---- [Flow] CT_START Set
[14:08:41.880] ---- [Flow] CT_START Set
[14:24:18.543] ---- [Flow] CT_START Set
[14:24:18.822] ---- [Flow] CT_START Set
[14:24:19.646] ---- [Flow] CT_START Set
[14:24:19.823] ---- [Flow] CT_START Set
[14:24:20.093] ---- [Flow] CT_START Set
[14:24:20.812] ---- [Flow] CT_START Set
[14:24:21.626] ---- [Flow] CT_START Set
[14:24:21.857] ---- [Flow] CT_START Set
[14:24:22.108] ---- [Flow] CT_START Set
[14:24:22.833] ---- [Flow] CT_START Set
[14:24:23.549] ---- [Flow] CT_START Set
[14:24:24.125] ---- [Flow] CT_START Set
[14:24:24.743] ---- [Flow] CT_START Set
[14:24:25.504] ---- [Flow] CT_START Set
[14:24:25.748] ---- [Flow] CT_START Set
[14:24:28.431] ---- [Flow] CT_START Set
[14:28:18.034] ---- [Flow] CT_STOP Set
[14:28:18.056] ---- [Event] Auto : CT_STOP
[14:28:18.057] --------- [Monitor] StopTasks() : before m_stopped
[14:28:18.093] ---- [Flow] CT_STOP Set
[14:28:18.101] --------- [Monitor] StopTasks() : m_stopped
[14:28:18.103] [m_nState] AutoStop State
[14:28:18.133] ---- [Flow] CT_STOP Set
[14:28:18.176] ---- [Flow] CT_STOP Set
[14:36:18.146] ---- [Flow] CT_START Set
[14:36:18.168] ---- [Event] AutoStop : CT_START
[14:36:18.169] [m_nState] Auto State
[14:36:19.002] ---- [Flow] CT_START Set
[14:49:35.565] ---- [Flow] CT_START Set
[14:49:35.841] ---- [Flow] CT_START Set
[14:49:38.083] ---- [Flow] CT_START Set
[14:55:58.211] ---- [Flow] CT_START Set
[14:58:46.018] ---- [Flow] CT_START Set
[14:58:46.285] ---- [Flow] CT_START Set
[14:58:47.367] ---- [Flow] CT_START Set
[14:58:47.659] ---- [Flow] CT_START Set
[14:58:48.476] ---- [Flow] CT_START Set
[14:58:56.119] ---- [Flow] CT_START Set
[14:58:57.624] ---- [Flow] CT_START Set
[14:58:58.769] ---- [Flow] CT_START Set
[14:58:59.607] ---- [Flow] CT_START Set
[14:59:00.641] ---- [Flow] CT_START Set
[14:59:00.896] ---- [Flow] CT_START Set
[14:59:01.868] ---- [Flow] CT_START Set
[14:59:02.681] ---- [Flow] CT_START Set
[14:59:02.934] ---- [Flow] CT_START Set
[14:59:03.649] ---- [Flow] CT_START Set
[14:59:10.251] ---- [Flow] CT_START Set
[15:04:15.932] ---- [Flow] CT_START Set
[15:04:16.213] ---- [Flow] CT_START Set
[15:10:05.521] ---- [Flow] CT_START Set
[15:10:05.854] ---- [Flow] CT_START Set
[15:10:06.752] ---- [Flow] CT_START Set
[15:10:07.065] ---- [Flow] CT_START Set
[15:10:13.650] ---- [Flow] CT_START Set
[15:11:14.846] ---- [Flow] CT_START Set
[15:18:45.195] ---- [Flow] CT_START Set
[15:18:45.486] ---- [Flow] CT_START Set
[15:18:46.437] ---- [Flow] CT_START Set
[15:18:46.744] ---- [Flow] CT_START Set
[15:18:47.561] ---- [Flow] CT_START Set
[15:18:48.300] ---- [Flow] CT_START Set
[15:18:48.563] ---- [Flow] CT_START Set
[15:18:49.425] ---- [Flow] CT_START Set
[15:18:56.998] ---- [Flow] CT_START Set
[15:29:43.917] ---- [Flow] CT_START Set
[15:29:44.178] ---- [Flow] CT_START Set
[15:29:44.991] ---- [Flow] CT_START Set
[15:29:45.227] ---- [Flow] CT_START Set
[15:29:45.480] ---- [Flow] CT_START Set
[15:29:46.166] ---- [Flow] CT_START Set
[15:29:46.996] ---- [Flow] CT_START Set
[15:30:10.043] ---- [Flow] CT_START Set
[15:30:10.350] ---- [Flow] CT_START Set
[15:33:35.832] ---- [Flow] CT_START Set
[15:33:36.161] ---- [Flow] CT_START Set
[15:38:46.038] ---- [Flow] CT_START Set
[15:38:46.350] ---- [Flow] CT_START Set
[15:38:47.275] ---- [Flow] CT_START Set
[15:38:47.598] ---- [Flow] CT_START Set
[15:38:48.363] ---- [Flow] CT_START Set
[15:38:49.135] ---- [Flow] CT_START Set
[15:38:49.377] ---- [Flow] CT_START Set
[15:38:50.175] ---- [Flow] CT_START Set
[15:38:50.973] ---- [Flow] CT_START Set
[15:38:51.513] ---- [Flow] CT_START Set
[15:38:52.093] ---- [Flow] CT_START Set
[15:38:53.438] ---- [Flow] CT_START Set
[15:38:54.022] ---- [Flow] CT_START Set
[15:38:56.333] ---- [Flow] CT_START Set
[15:38:58.094] ---- [Flow] CT_START Set
[15:38:58.398] ---- [Flow] CT_START Set
[15:38:59.454] ---- [Flow] CT_START Set
[15:38:59.782] ---- [Flow] CT_START Set
[15:49:27.741] ---- [Flow] CT_START Set
[15:49:28.059] ---- [Flow] CT_START Set
[15:49:28.946] ---- [Flow] CT_START Set
[15:49:29.309] ---- [Flow] CT_START Set
[15:49:30.137] ---- [Flow] CT_START Set
[15:49:30.867] ---- [Flow] CT_START Set
[15:49:31.108] ---- [Flow] CT_START Set
[15:49:31.918] ---- [Flow] CT_START Set
[15:49:33.028] ---- [Flow] CT_START Set
[15:49:33.753] ---- [Flow] CT_START Set
[15:50:14.148] ---- [Flow] CT_START Set
[15:50:14.436] ---- [Flow] CT_START Set
[15:50:15.343] ---- [Flow] CT_START Set
[15:57:01.231] ---- [Flow] CT_START Set
[15:57:01.520] ---- [Flow] CT_START Set
[15:57:02.529] ---- [Flow] CT_START Set
[15:57:02.878] ---- [Flow] CT_START Set
[15:57:03.647] ---- [Flow] CT_START Set
[15:57:04.545] ---- [Flow] CT_START Set
[15:57:09.692] ---- [Flow] CT_START Set
[15:57:10.208] ---- [Flow] CT_START Set
[15:57:11.181] ---- [Flow] CT_START Set
[15:57:12.166] ---- [Flow] CT_START Set
[15:57:12.485] ---- [Flow] CT_START Set
[15:57:13.357] ---- [Flow] CT_START Set
[15:57:14.723] ---- [Flow] CT_START Set
[15:57:15.122] ---- [Flow] CT_START Set
[15:57:15.470] ---- [Flow] CT_START Set
[15:57:16.417] ---- [Flow] CT_START Set
[15:57:16.725] ---- [Flow] CT_START Set
[15:57:17.547] ---- [Flow] CT_START Set
[15:57:18.341] ---- [Flow] CT_START Set
[15:57:19.024] ---- [Flow] CT_START Set
[15:57:19.552] ---- [Flow] CT_START Set
[15:57:20.324] ---- [Flow] CT_START Set
[15:57:24.545] ---- [Flow] CT_START Set
[15:57:25.761] ---- [Flow] CT_START Set
[15:59:43.199] ---- [Flow] CT_START Set
[16:08:23.383] ---- [Flow] CT_START Set
[16:08:23.885] ---- [Flow] CT_START Set
[16:08:25.795] ---- [Flow] CT_START Set
[16:08:26.616] ---- [Flow] CT_START Set
[16:08:26.875] ---- [Flow] CT_START Set
[16:08:35.371] ---- [Flow] CT_STOP Set
[16:08:35.393] ---- [Event] Auto : CT_STOP
[16:08:35.394] --------- [Monitor] StopTasks() : before m_stopped
[16:08:35.536] --------- [Monitor] StopTasks() : m_stopped
[16:08:35.537] [m_nState] AutoStop State
[16:10:15.494] ---- [Flow] CT_START Set
[16:10:15.516] ---- [Event] AutoStop : CT_START
[16:10:15.517] [m_nState] Auto State
[16:10:16.015] ---- [Flow] CT_START Set
[16:11:15.768] ---- [Flow] CT_START Set
[16:11:17.973] ---- [Flow] CT_START Set
[16:11:26.838] ---- [Flow] CT_START Set
[16:11:27.147] ---- [Flow] CT_START Set
[16:25:50.631] ---- [Flow] CT_START Set
[16:25:50.890] ---- [Flow] CT_START Set
[16:25:51.764] ---- [Flow] CT_START Set
[16:34:23.324] ---- [Flow] CT_START Set
[16:34:23.602] ---- [Flow] CT_START Set
[16:34:24.448] ---- [Flow] CT_START Set
[16:34:32.970] ---- [Flow] CT_START Set
[16:34:35.420] ---- [Flow] CT_START Set
[16:51:36.710] ---- [Flow] CT_START Set
[16:51:37.049] ---- [Flow] CT_START Set
[16:51:37.877] ---- [Flow] CT_START Set
[16:51:38.577] ---- [Flow] CT_START Set
[16:51:38.918] ---- [Flow] CT_START Set
[16:51:39.785] ---- [Flow] CT_START Set
[16:51:40.474] ---- [Flow] CT_START Set
[16:55:31.237] ---- [Flow] CT_START Set
[16:55:31.608] ---- [Flow] CT_START Set
[16:55:37.694] ---- [Flow] CT_START Set
[16:55:38.157] ---- [Flow] CT_START Set
[16:55:38.431] ---- [Flow] CT_START Set
[16:55:38.716] ---- [Flow] CT_START Set
[16:55:40.245] ---- [Flow] CT_START Set
[16:55:41.439] ---- [Flow] CT_START Set
[16:55:41.791] ---- [Flow] CT_START Set
[16:55:42.625] ---- [Flow] CT_START Set
[16:55:42.962] ---- [Flow] CT_START Set
[16:55:43.655] ---- [Flow] CT_START Set
[16:55:44.480] ---- [Flow] CT_START Set
[16:55:53.913] ---- [Flow] CT_START Set
[16:55:56.778] ---- [Flow] CT_START Set
[17:03:44.286] ---- [Flow] CT_START Set
[17:03:44.628] ---- [Flow] CT_START Set
[17:03:45.477] ---- [Flow] CT_START Set
[17:03:46.180] ---- [Flow] CT_START Set
[17:03:46.527] ---- [Flow] CT_START Set
[17:37:59.714] ---- [Flow] CT_START Set
[17:38:01.409] ---- [Flow] CT_START Set
[17:43:11.850] ---- [Flow] CT_START Set
[17:43:12.109] ---- [Flow] CT_START Set
[17:43:12.906] ---- [Flow] CT_START Set
[17:43:13.174] ---- [Flow] CT_START Set
[17:51:56.790] ---- [Flow] CT_START Set
[17:51:57.071] ---- [Flow] CT_START Set
[17:52:34.296] ---- [Flow] CT_START Set
[17:52:34.634] ---- [Flow] CT_START Set
[17:52:36.862] ---- [Flow] CT_START Set
[17:52:37.205] ---- [Flow] CT_START Set
[17:52:40.114] ---- [Flow] CT_START Set
[17:52:40.583] ---- [Flow] CT_START Set
[17:52:43.600] ---- [Flow] CT_START Set
[17:52:43.922] ---- [Flow] CT_START Set
[18:01:16.735] ---- [Flow] CT_START Set
[18:01:17.085] ---- [Flow] CT_START Set
[18:01:17.966] ---- [Flow] CT_START Set
[18:01:20.102] ---- [Flow] CT_START Set
[18:01:20.447] ---- [Flow] CT_START Set
[18:01:21.188] ---- [Flow] CT_START Set
[18:01:21.493] ---- [Flow] CT_START Set
[18:01:22.208] ---- [Flow] CT_START Set
[18:01:23.005] ---- [Flow] CT_START Set
[18:06:21.995] ---- [Flow] CT_START Set
[18:06:23.263] ---- [Flow] CT_START Set
[18:06:24.102] ---- [Flow] CT_START Set
[18:06:25.351] ---- [Flow] CT_START Set
[18:06:25.999] ---- [Flow] CT_START Set
[18:06:27.650] ---- [Flow] CT_START Set
[18:06:27.989] ---- [Flow] CT_START Set
[18:06:28.848] ---- [Flow] CT_START Set
[18:06:31.301] ---- [Flow] CT_START Set
[18:06:31.647] ---- [Flow] CT_START Set
[18:09:17.885] ---- [Flow] CT_START Set
[18:09:18.194] ---- [Flow] CT_START Set
[18:09:20.037] ---- [Flow] CT_START Set
[18:09:22.212] ---- [Flow] CT_START Set
[18:09:22.638] ---- [Flow] CT_START Set
[18:09:24.266] ---- [Flow] CT_START Set
[18:09:24.515] ---- [Flow] CT_START Set
[18:09:25.396] ---- [Flow] CT_START Set
[18:09:25.635] ---- [Flow] CT_START Set
[18:15:55.369] ---- [Flow] CT_START Set
[18:15:55.738] ---- [Flow] CT_START Set
[18:15:56.610] ---- [Flow] CT_START Set
[18:15:58.743] ---- [Flow] CT_START Set
[18:22:02.530] ---- [Monitor] Auto : m_error
[18:22:02.552] ---- [Event] Auto : CT_ERROR
[18:22:02.553] --------- [Monitor] StopTasks() : before m_stopped
[18:22:03.145] --------- [Monitor] StopTasks() : m_stopped
[18:22:03.160] [m_nState] Error State
[18:22:03.453] ---- [Flow] CT_ABORT Set
[18:22:03.504] [m_nState] Init State
[18:22:03.563] ---- [Monitor] Init : m_idle
[18:22:03.585] ---- [Event] Init : CT_IDLE
[18:22:03.586] [m_nState] Idle State
[19:17:04.817] ---- [Flow] CT_START Set
[19:17:04.840] ---- [Event] Idle : CT_START
[19:17:04.841] [m_nState] Auto State
[19:17:11.925] ---- [Flow] CT_START Set
[19:33:14.192] ---- [Flow] CT_START Set
[19:33:14.517] ---- [Flow] CT_START Set
[19:37:08.820] ---- [Flow] CT_START Set
[19:37:09.062] ---- [Flow] CT_START Set
[19:42:25.411] ---- [Flow] CT_START Set
[19:42:25.897] ---- [Flow] CT_START Set
[19:42:26.181] ---- [Flow] CT_START Set
[19:42:26.500] ---- [Flow] CT_START Set
[19:49:40.465] ---- [Flow] CT_START Set
[19:49:40.688] ---- [Flow] CT_START Set
[19:52:59.945] ---- [Flow] CT_START Set
[19:53:00.237] ---- [Flow] CT_START Set
[19:54:04.939] ---- [Flow] CT_START Set
[19:55:35.480] ---- [Flow] CT_START Set
[19:55:35.781] ---- [Flow] CT_START Set
[19:55:36.152] ---- [Flow] CT_START Set
[20:01:27.666] ---- [Flow] CT_START Set
[20:01:28.021] ---- [Flow] CT_START Set
[20:02:09.542] ---- [Flow] CT_START Set
[20:02:09.896] ---- [Flow] CT_START Set
[20:13:50.266] ---- [Flow] CT_START Set
[20:13:50.525] ---- [Flow] CT_START Set
[20:13:51.506] ---- [Flow] CT_START Set
[20:13:51.874] ---- [Flow] CT_START Set
[20:18:01.788] ---- [Flow] CT_START Set
[20:18:02.069] ---- [Flow] CT_START Set
[20:19:08.694] ---- [Flow] CT_START Set
[20:19:14.814] ---- [Flow] CT_START Set
[20:28:26.314] ---- [Flow] CT_START Set
[20:28:26.594] ---- [Flow] CT_START Set
[20:28:34.079] ---- [Flow] CT_START Set
[20:28:34.412] ---- [Flow] CT_START Set
[20:29:35.908] ---- [Flow] CT_START Set
[20:29:36.556] ---- [Flow] CT_START Set
[20:29:36.878] ---- [Flow] CT_START Set
[20:39:36.595] ---- [Flow] CT_START Set
[20:39:36.938] ---- [Flow] CT_START Set
[20:57:51.645] ---- [Flow] CT_START Set
[20:57:51.999] ---- [Flow] CT_START Set
[20:57:52.329] ---- [Flow] CT_START Set
[20:57:52.684] ---- [Flow] CT_START Set
[21:01:23.991] ---- [Flow] CT_START Set
[21:04:31.606] ---- [Flow] CT_START Set
[21:04:32.184] ---- [Flow] CT_START Set
[21:04:32.445] ---- [Flow] CT_START Set
[21:09:28.861] ---- [Flow] CT_START Set
[21:09:29.116] ---- [Flow] CT_START Set
[21:20:57.970] ---- [Flow] CT_START Set
[21:20:58.318] ---- [Flow] CT_START Set
[21:20:58.585] ---- [Flow] CT_START Set
[21:20:58.932] ---- [Flow] CT_START Set
[21:30:08.766] ---- [Flow] CT_START Set
[21:30:09.109] ---- [Flow] CT_START Set
[21:34:04.497] ---- [Flow] CT_START Set
[21:34:04.828] ---- [Flow] CT_START Set
[21:39:53.658] ---- [Flow] CT_START Set
[21:39:54.290] ---- [Flow] CT_START Set
[21:39:54.558] ---- [Flow] CT_START Set
[21:41:32.178] ---- [Flow] CT_START Set
[21:41:32.426] ---- [Flow] CT_START Set
[21:51:52.548] ---- [Flow] CT_START Set
[21:51:52.814] ---- [Flow] CT_START Set
[21:58:03.333] ---- [Flow] CT_STOP Set
[21:58:03.356] ---- [Event] Auto : CT_STOP
[21:58:03.357] --------- [Monitor] StopTasks() : before m_stopped
[21:58:03.410] ---- [Flow] CT_STOP Set
[21:58:03.454] ---- [Flow] CT_STOP Set
[21:58:03.499] ---- [Flow] CT_STOP Set
[21:58:04.034] --------- [Monitor] StopTasks() : m_stopped
[21:58:04.035] [m_nState] AutoStop State
[22:06:25.225] ---- [Flow] CT_START Set
[22:06:25.248] ---- [Event] AutoStop : CT_START
[22:06:25.249] [m_nState] Auto State
[22:06:26.264] ---- [Flow] CT_START Set
[22:09:48.340] ---- [Flow] CT_START Set
[22:09:48.699] ---- [Flow] CT_START Set
[22:10:09.221] ---- [Flow] CT_START Set
[22:10:09.567] ---- [Flow] CT_START Set
[22:15:08.658] ---- [Flow] CT_START Set
[22:15:08.928] ---- [Flow] CT_START Set
[22:15:09.757] ---- [Flow] CT_START Set
[22:15:10.035] ---- [Flow] CT_START Set
[22:26:35.461] ---- [Flow] CT_START Set
[22:26:35.771] ---- [Flow] CT_START Set
[22:29:08.851] ---- [Flow] CT_START Set
[22:29:09.670] ---- [Flow] CT_START Set
[22:29:10.112] ---- [Flow] CT_START Set
[22:30:00.998] ---- [Flow] CT_START Set
[22:30:01.295] ---- [Flow] CT_START Set
[22:35:02.135] ---- [Flow] CT_START Set
[22:35:02.369] ---- [Flow] CT_START Set
[22:36:33.028] ---- [Flow] CT_START Set
[22:36:33.321] ---- [Flow] CT_START Set
[22:44:57.874] ---- [Flow] CT_START Set
[22:44:58.227] ---- [Flow] CT_START Set
[22:46:57.921] ---- [Flow] CT_START Set
[22:46:58.232] ---- [Flow] CT_START Set
[22:46:59.089] ---- [Flow] CT_START Set
[22:46:59.324] ---- [Flow] CT_START Set
[22:47:00.295] ---- [Flow] CT_START Set
[22:47:01.116] ---- [Flow] CT_START Set
[22:47:01.406] ---- [Flow] CT_START Set
[22:47:02.166] ---- [Flow] CT_START Set
[22:48:28.623] ---- [Flow] CT_START Set
[22:48:28.891] ---- [Flow] CT_START Set
[22:57:20.494] ---- [Flow] CT_START Set
[22:57:20.788] ---- [Flow] CT_START Set
[22:59:55.536] ---- [Flow] CT_START Set
[22:59:55.824] ---- [Flow] CT_START Set
[23:02:48.652] ---- [Flow] CT_START Set
[23:02:49.190] ---- [Flow] CT_START Set
[23:02:49.465] ---- [Flow] CT_START Set
[23:02:49.705] ---- [Flow] CT_START Set
[23:04:08.282] ---- [Flow] CT_START Set
[23:04:08.547] ---- [Flow] CT_START Set
[23:06:06.146] ---- [Flow] CT_START Set
[23:06:06.458] ---- [Flow] CT_START Set
[23:10:31.674] ---- [Flow] CT_START Set
[23:10:31.962] ---- [Flow] CT_START Set
[23:10:47.677] ---- [Flow] CT_STOP Set
[23:10:47.700] ---- [Event] Auto : CT_STOP
[23:10:47.701] --------- [Monitor] StopTasks() : before m_stopped
[23:10:47.756] --------- [Monitor] StopTasks() : m_stopped
[23:10:47.757] [m_nState] AutoStop State
[23:10:47.785] ---- [Flow] CT_STOP Set
[23:10:47.828] ---- [Flow] CT_STOP Set
[23:10:47.863] ---- [Flow] CT_STOP Set
[23:10:53.663] ---- [Flow] CT_START Set
[23:10:53.685] ---- [Event] AutoStop : CT_START
[23:10:53.686] [m_nState] Auto State
[23:10:54.706] ---- [Flow] CT_START Set
[23:11:50.325] ---- [Flow] CT_START Set
[23:11:50.675] ---- [Flow] CT_START Set
[23:13:12.200] ---- [Flow] CT_START Set
[23:13:12.499] ---- [Flow] CT_START Set
[23:13:13.994] ---- [Flow] CT_START Set
[23:13:42.958] ---- [Flow] CT_START Set
[23:13:43.307] ---- [Flow] CT_START Set
[23:22:36.110] ---- [Flow] CT_START Set
[23:22:36.443] ---- [Flow] CT_START Set
[23:24:14.114] ---- [Flow] CT_START Set
[23:24:14.370] ---- [Flow] CT_START Set
[23:26:35.395] ---- [Flow] CT_STOP Set
[23:26:35.417] ---- [Event] Auto : CT_STOP
[23:26:35.418] --------- [Monitor] StopTasks() : before m_stopped
[23:26:35.449] --------- [Monitor] StopTasks() : m_stopped
[23:26:35.450] [m_nState] AutoStop State
[23:26:37.722] ---- [Flow] CT_START Set
[23:26:37.746] ---- [Event] AutoStop : CT_START
[23:26:37.747] [m_nState] Auto State
[23:26:39.148] ---- [Flow] CT_STOP Set
[23:26:39.171] ---- [Event] Auto : CT_STOP
[23:26:39.172] --------- [Monitor] StopTasks() : before m_stopped
[23:26:39.214] ---- [Flow] CT_STOP Set
[23:26:39.256] ---- [Flow] CT_STOP Set
[23:26:39.524] --------- [Monitor] StopTasks() : m_stopped
[23:26:39.525] [m_nState] AutoStop State
[23:26:59.237] ---- [Flow] CT_START Set
[23:26:59.259] ---- [Event] AutoStop : CT_START
[23:26:59.260] [m_nState] Auto State
[23:27:01.430] ---- [Flow] CT_START Set
[23:30:51.290] ---- [Flow] CT_START Set
[23:30:51.583] ---- [Flow] CT_START Set
[23:33:21.150] ---- [Flow] CT_START Set
[23:33:21.426] ---- [Flow] CT_START Set
[23:33:25.324] ---- [Flow] CT_START Set
[23:33:25.538] ---- [Flow] CT_START Set
[23:33:32.658] ---- [Flow] CT_START Set
[23:33:32.976] ---- [Flow] CT_START Set
[23:33:33.879] ---- [Flow] CT_START Set
[23:33:47.921] ---- [Flow] CT_START Set
[23:33:48.126] ---- [Flow] CT_START Set
[23:34:58.328] ---- [Flow] CT_START Set
[23:34:58.600] ---- [Flow] CT_START Set
[23:37:29.920] ---- [Flow] CT_START Set
[23:37:30.171] ---- [Flow] CT_START Set
[23:40:02.847] ---- [Flow] CT_START Set
[23:40:03.207] ---- [Flow] CT_START Set
[23:42:31.780] ---- [Flow] CT_STOP Set
[23:42:31.803] ---- [Event] Auto : CT_STOP
[23:42:31.804] --------- [Monitor] StopTasks() : before m_stopped
[23:42:31.850] ---- [Flow] CT_STOP Set
[23:42:31.912] ---- [Flow] CT_STOP Set
[23:42:32.409] --------- [Monitor] StopTasks() : m_stopped
[23:42:32.410] [m_nState] AutoStop State
[23:44:11.327] ---- [Flow] CT_START Set
[23:44:11.349] ---- [Event] AutoStop : CT_START
[23:44:11.350] [m_nState] Auto State
[23:44:12.049] ---- [Flow] CT_START Set
[23:44:34.413] ---- [Flow] CT_START Set
[23:44:34.667] ---- [Flow] CT_START Set
[23:45:50.705] ---- [Flow] CT_START Set
[23:45:50.964] ---- [Flow] CT_START Set
[23:51:07.753] ---- [Flow] CT_START Set
[23:51:08.080] ---- [Flow] CT_START Set
[23:55:21.271] ---- [Flow] CT_START Set
[23:55:21.609] ---- [Flow] CT_START Set
[23:55:41.322] ---- [Flow] CT_START Set
[23:55:41.664] ---- [Flow] CT_START Set
[23:55:42.555] ---- [Flow] CT_START Set
[23:55:42.919] ---- [Flow] CT_START Set
[23:55:53.430] ---- [Flow] CT_START Set
[23:56:01.958] ---- [Flow] CT_START Set
[23:56:02.275] ---- [Flow] CT_START Set
[23:56:03.117] ---- [Flow] CT_START Set
[23:56:03.470] ---- [Flow] CT_START Set
[23:56:04.181] ---- [Flow] CT_START Set
[23:56:04.985] ---- [Flow] CT_START Set
[23:56:05.265] ---- [Flow] CT_START Set
[23:56:06.002] ---- [Flow] CT_START Set
[23:56:06.774] ---- [Flow] CT_START Set
[23:56:07.098] ---- [Flow] CT_START Set
