[00:24:44.613] [MainControlStation] Right Door Open
[00:35:43.512] [RightTransferStation] Vacuum Error
[00:35:54.217] [RightTransferStation] Vacuum Error
[01:12:25.255] [RightPPStation] Load Buffer Set Exist
[01:12:45.673] [RightTransferStation] Vacuum Error
[02:11:10.598] [RightTransferStation] Vacuum Error
[07:11:05.694] [LeftTransferStation] Vacuum Error
[07:11:46.538] [LeftTransferStation] Vacuum Error
[09:29:55.947] [LeftPPStation] Load Cylinder Vacuum Error
[13:02:32.319] [RightTransferStation] Move XY Axis Error
[13:02:35.935] [RightTransferStation] Move XY Axis Error
[15:43:36.325] [LeftTransferStation] Vacuum Error
[16:23:55.337] [LeftPPStation] Load Cylinder Vacuum Error
[16:31:25.726] [LeftPPStation] Load Cylinder Vacuum Error
[17:08:48.403] [LeftPPStation] Load Cylinder Vacuum Error
[17:14:18.641] [RightPPStation] Load Cylinder Vacuum Error
[17:23:11.334] [LeftPPStation] Load Cylinder Up Error
[17:28:59.836] [RightPPStation] Load Cylinder Vacuum Error
[18:09:30.054] [RightPPStation] Load Buffer Set Exist
[18:09:32.027] [RightPPStation] Load Buffer Set Exist
[18:33:18.863] [LeftPPStation] Load Cylinder Vacuum Error
[22:28:54.320] [RightTransferStation] Move XY Axis Error
[22:29:14.487] [RightTransferStation] Move XY Axis Error
[22:29:37.605] [RightTransferStation] Move XY Axis Error
[22:30:36.028] [RightTransferStation] Move XY Axis Error
