[00:53:18.105] ---- [Flow] CT_START Set
[03:22:42.207] ---- [Flow] CT_START Set
[03:22:42.984] ---- [Flow] CT_START Set
[03:28:30.377] ---- [Flow] CT_START Set
[03:28:30.551] ---- [Flow] CT_START Set
[03:49:07.829] ---- [Flow] CT_START Set
[03:49:12.693] ---- [Flow] CT_START Set
[03:49:13.014] ---- [Flow] CT_START Set
[03:50:02.560] ---- [Flow] CT_START Set
[04:34:33.802] ---- [Flow] CT_START Set
[05:01:24.385] ---- [Flow] CT_STOP Set
[05:01:24.408] ---- [Event] Auto : CT_STOP
[05:01:24.409] --------- [Monitor] StopTasks() : before m_stopped
[05:01:24.809] --------- [Monitor] StopTasks() : m_stopped
[05:01:24.810] [m_nState] AutoStop State
[05:05:45.995] ---- [Flow] CT_START Set
[05:05:46.017] ---- [Event] AutoStop : CT_START
[05:05:46.018] [m_nState] Auto State
[05:08:43.100] ---- [Flow] CT_START Set
[05:39:05.954] ---- [Flow] CT_START Set
[05:39:10.883] ---- [Flow] CT_START Set
[05:40:52.629] ---- [Flow] CT_START Set
[06:28:40.886] ---- [Flow] CT_STOP Set
[06:28:40.909] ---- [Event] Auto : CT_STOP
[06:28:40.910] --------- [Monitor] StopTasks() : before m_stopped
[06:28:40.913] --------- [Monitor] StopTasks() : m_stopped
[06:28:40.914] [m_nState] AutoStop State
[06:47:09.088] ---- [Flow] CT_START Set
[06:47:09.111] ---- [Event] AutoStop : CT_START
[06:47:09.112] [m_nState] Auto State
[06:47:09.828] ---- [Flow] CT_START Set
[07:33:54.855] ---- [Flow] CT_START Set
[07:35:32.676] ---- [Flow] CT_START Set
[07:44:09.177] ---- [Flow] CT_START Set
[07:46:08.754] ---- [Flow] CT_START Set
[07:48:43.406] ---- [Flow] CT_START Set
[07:52:52.123] ---- [Flow] CT_START Set
[07:53:54.102] ---- [Flow] CT_START Set
[07:54:11.653] ---- [Flow] CT_START Set
[07:55:06.427] ---- [Flow] CT_START Set
[07:56:00.638] ---- [Flow] CT_START Set
[07:56:41.432] ---- [Flow] CT_START Set
[07:56:41.698] ---- [Flow] CT_START Set
[08:07:27.069] ---- [Flow] CT_START Set
[08:08:37.893] ---- [Flow] CT_START Set
[08:09:28.318] ---- [Flow] CT_START Set
[08:12:44.154] ---- [Flow] CT_START Set
[08:35:12.353] ---- [Flow] CT_START Set
[09:29:45.734] ---- [Flow] CT_STOP Set
[09:29:45.756] ---- [Event] Auto : CT_STOP
[09:29:45.757] --------- [Monitor] StopTasks() : before m_stopped
[09:29:45.819] ---- [Flow] CT_STOP Set
[09:29:45.880] ---- [Flow] CT_STOP Set
[09:29:45.930] ---- [Flow] CT_STOP Set
[09:29:46.079] --------- [Monitor] StopTasks() : m_stopped
[09:29:46.080] [m_nState] AutoStop State
[09:38:53.050] ---- [Flow] CT_START Set
[09:38:53.073] ---- [Event] AutoStop : CT_START
[09:38:53.074] [m_nState] Auto State
[09:38:53.790] ---- [Flow] CT_START Set
[09:38:59.482] ---- [Flow] CT_START Set
[09:39:12.857] ---- [Flow] CT_START Set
[09:40:34.989] ---- [Flow] CT_START Set
[09:48:33.586] ---- [Flow] CT_START Set
[09:55:13.454] ---- [Flow] CT_START Set
[10:29:45.018] ---- [Flow] CT_START Set
[10:34:25.191] ---- [Flow] CT_START Set
[10:37:17.777] ---- [Flow] CT_START Set
[10:39:21.415] ---- [Flow] CT_STOP Set
[10:39:21.437] ---- [Event] Auto : CT_STOP
[10:39:21.438] --------- [Monitor] StopTasks() : before m_stopped
[10:39:22.190] --------- [Monitor] StopTasks() : m_stopped
[10:39:22.191] [m_nState] AutoStop State
[10:39:26.181] ---- [Flow] CT_START Set
[10:39:26.204] ---- [Event] AutoStop : CT_START
[10:39:26.205] [m_nState] Auto State
[10:39:27.115] ---- [Flow] CT_START Set
[10:39:53.404] ---- [Flow] CT_START Set
[11:39:17.430] ---- [Flow] CT_STOP Set
[11:39:17.453] ---- [Event] Auto : CT_STOP
[11:39:17.454] --------- [Monitor] StopTasks() : before m_stopped
[11:39:17.469] --------- [Monitor] StopTasks() : m_stopped
[11:39:17.470] [m_nState] AutoStop State
[12:28:52.760] ---- [Flow] CT_START Set
[12:28:52.783] ---- [Event] AutoStop : CT_START
[12:28:52.784] [m_nState] Auto State
[12:28:54.026] ---- [Flow] CT_START Set
[12:37:35.057] ---- [Flow] CT_START Set
[12:56:27.499] ---- [Flow] CT_START Set
[13:16:09.458] ---- [Flow] CT_STOP Set
[13:16:09.480] ---- [Event] Auto : CT_STOP
[13:16:09.481] --------- [Monitor] StopTasks() : before m_stopped
[13:16:09.659] --------- [Monitor] StopTasks() : m_stopped
[13:16:09.660] [m_nState] AutoStop State
[13:16:25.373] ---- [Flow] CT_START Set
[13:16:25.395] ---- [Event] AutoStop : CT_START
[13:16:25.396] [m_nState] Auto State
[13:16:26.886] ---- [Flow] CT_START Set
[13:18:47.592] ---- [Flow] CT_START Set
[13:36:51.333] ---- [Flow] CT_START Set
[13:43:09.302] ---- [Flow] CT_START Set
[13:47:22.189] ---- [Flow] CT_START Set
[14:24:11.434] ---- [Flow] CT_STOP Set
[14:24:11.457] ---- [Event] Auto : CT_STOP
[14:24:11.458] --------- [Monitor] StopTasks() : before m_stopped
[14:24:11.504] --------- [Monitor] StopTasks() : m_stopped
[14:24:11.505] [m_nState] AutoStop State
[14:24:18.352] ---- [Flow] CT_START Set
[14:24:18.375] ---- [Event] AutoStop : CT_START
[14:24:18.375] [m_nState] Auto State
[14:25:56.534] ---- [Flow] CT_START Set
[14:29:26.103] ---- [Flow] CT_STOP Set
[14:29:26.125] ---- [Event] Auto : CT_STOP
[14:29:26.126] --------- [Monitor] StopTasks() : before m_stopped
[14:29:26.171] --------- [Monitor] StopTasks() : m_stopped
[14:29:26.172] [m_nState] AutoStop State
[14:38:53.979] ---- [Flow] CT_START Set
[14:38:54.001] ---- [Event] AutoStop : CT_START
[14:38:54.002] [m_nState] Auto State
[14:38:54.652] ---- [Flow] CT_START Set
[14:41:33.686] ---- [Flow] CT_STOP Set
[14:41:33.708] ---- [Event] Auto : CT_STOP
[14:41:33.709] --------- [Monitor] StopTasks() : before m_stopped
[14:41:33.710] --------- [Monitor] StopTasks() : m_stopped
[14:41:33.711] [m_nState] AutoStop State
[14:41:33.740] ---- [Flow] CT_STOP Set
[14:42:04.092] ---- [Flow] CT_START Set
[14:42:04.115] ---- [Event] AutoStop : CT_START
[14:42:04.116] [m_nState] Auto State
[14:42:05.478] ---- [Flow] CT_START Set
[15:02:24.440] ---- [Flow] CT_START Set
[15:14:00.106] ---- [Flow] CT_STOP Set
[15:14:00.128] ---- [Event] Auto : CT_STOP
[15:14:00.129] --------- [Monitor] StopTasks() : before m_stopped
[15:14:00.160] --------- [Monitor] StopTasks() : m_stopped
[15:14:00.161] [m_nState] AutoStop State
[15:52:32.778] ---- [Flow] CT_START Set
[15:52:32.800] ---- [Event] AutoStop : CT_START
[15:52:32.801] [m_nState] Auto State
[16:03:26.204] ---- [Flow] CT_STOP Set
[16:03:26.226] ---- [Event] Auto : CT_STOP
[16:03:26.227] --------- [Monitor] StopTasks() : before m_stopped
[16:03:26.242] --------- [Monitor] StopTasks() : m_stopped
[16:03:26.243] [m_nState] AutoStop State
