[00:02:30.742] ---- [Flow] CT_STOP Set
[00:02:30.763] ---- [Event] Auto : CT_STOP
[00:02:30.763] --------- [Monitor] StopTasks() : before m_stopped
[00:02:30.765] --------- [Monitor] StopTasks() : m_stopped
[00:02:30.765] [m_nState] AutoStop State
[00:05:11.500] ---- [Flow] CT_START Set
[00:05:11.521] ---- [Event] AutoStop : CT_START
[00:05:11.521] [m_nState] Auto State
[00:05:12.800] ---- [Flow] CT_START Set
[00:42:10.099] ---- [Flow] CT_START Set
[00:42:49.425] ---- [Flow] CT_START Set
[00:42:51.908] ---- [Flow] CT_START Set
[00:56:11.635] ---- [Flow] CT_START Set
[01:15:21.437] ---- [Flow] CT_START Set
[01:38:20.517] ---- [Flow] CT_START Set
[01:39:06.126] ---- [Flow] CT_START Set
[01:39:14.976] ---- [Flow] CT_START Set
[01:40:18.995] ---- [Flow] CT_START Set
[01:54:25.871] ---- [Flow] CT_STOP Set
[01:54:25.892] ---- [Event] Auto : CT_STOP
[01:54:25.892] --------- [Monitor] StopTasks() : before m_stopped
[01:54:25.906] --------- [Monitor] StopTasks() : m_stopped
[01:54:25.906] [m_nState] AutoStop State
[01:54:31.199] ---- [Flow] CT_START Set
[01:54:31.220] ---- [Event] AutoStop : CT_START
[01:54:31.220] [m_nState] Auto State
[01:54:32.033] ---- [Flow] CT_START Set
[01:54:40.179] ---- [Flow] CT_START Set
[02:27:01.118] ---- [Flow] CT_START Set
[02:31:30.849] ---- [Flow] CT_STOP Set
[02:31:30.871] ---- [Event] Auto : CT_STOP
[02:31:30.871] --------- [Monitor] StopTasks() : before m_stopped
[02:31:31.072] --------- [Monitor] StopTasks() : m_stopped
[02:31:31.072] [m_nState] AutoStop State
[02:40:13.932] ---- [Flow] CT_START Set
[02:40:13.954] ---- [Event] AutoStop : CT_START
[02:40:13.954] [m_nState] Auto State
[02:40:14.843] ---- [Flow] CT_START Set
[02:41:43.471] ---- [Flow] CT_START Set
[02:42:30.543] ---- [Flow] CT_START Set
[03:00:36.280] ---- [Flow] CT_STOP Set
[03:00:36.302] ---- [Event] Auto : CT_STOP
[03:00:36.302] --------- [Monitor] StopTasks() : before m_stopped
[03:00:36.636] --------- [Monitor] StopTasks() : m_stopped
[03:00:36.636] [m_nState] AutoStop State
[03:00:44.511] ---- [Flow] CT_START Set
[03:00:44.532] ---- [Event] AutoStop : CT_START
[03:00:44.532] [m_nState] Auto State
[03:00:45.266] ---- [Flow] CT_START Set
[03:00:54.788] ---- [Flow] CT_START Set
[03:06:31.954] ---- [Flow] CT_STOP Set
[03:06:31.975] ---- [Event] Auto : CT_STOP
[03:06:31.975] --------- [Monitor] StopTasks() : before m_stopped
[03:06:31.984] --------- [Monitor] StopTasks() : m_stopped
[03:06:31.984] [m_nState] AutoStop State
[03:06:36.878] ---- [Flow] CT_START Set
[03:06:36.899] ---- [Event] AutoStop : CT_START
[03:06:36.899] [m_nState] Auto State
[03:06:37.628] ---- [Flow] CT_START Set
[03:06:51.771] ---- [Flow] CT_START Set
[03:07:07.833] ---- [Flow] CT_START Set
[03:09:47.636] ---- [Flow] CT_START Set
[03:15:46.067] ---- [Flow] CT_STOP Set
[03:15:46.089] ---- [Event] Auto : CT_STOP
[03:15:46.089] --------- [Monitor] StopTasks() : before m_stopped
[03:15:46.444] ---- [Flow] CT_STOP Set
[03:15:46.452] --------- [Monitor] StopTasks() : m_stopped
[03:15:46.453] [m_nState] AutoStop State
[03:15:52.911] ---- [Flow] CT_START Set
[03:15:52.932] ---- [Event] AutoStop : CT_START
[03:15:52.932] [m_nState] Auto State
[03:15:53.079] ---- [Flow] CT_START Set
[03:40:31.971] ---- [Flow] CT_STOP Set
[03:40:31.993] ---- [Event] Auto : CT_STOP
[03:40:31.993] --------- [Monitor] StopTasks() : before m_stopped
[03:40:32.024] --------- [Monitor] StopTasks() : m_stopped
[03:40:32.024] [m_nState] AutoStop State
[03:40:42.016] ---- [Flow] CT_START Set
[03:40:42.038] ---- [Event] AutoStop : CT_START
[03:40:42.038] [m_nState] Auto State
[03:41:21.745] ---- [Flow] CT_START Set
[05:43:30.210] ---- [Flow] CT_START Set
[06:10:38.220] ---- [Flow] CT_START Set
[06:10:50.752] ---- [Flow] CT_START Set
[06:19:10.704] ---- [Flow] CT_STOP Set
[06:19:10.725] ---- [Event] Auto : CT_STOP
[06:19:10.725] --------- [Monitor] StopTasks() : before m_stopped
[06:19:11.034] --------- [Monitor] StopTasks() : m_stopped
[06:19:11.034] [m_nState] AutoStop State
[06:19:14.166] ---- [Flow] CT_START Set
[06:19:14.187] ---- [Event] AutoStop : CT_START
[06:19:14.187] [m_nState] Auto State
[06:23:38.461] ---- [Flow] CT_START Set
[06:23:45.762] ---- [Flow] CT_START Set
[09:37:19.089] ---- [Flow] CT_START Set
[09:42:10.750] ---- [Flow] CT_START Set
[09:44:41.054] ---- [Flow] CT_START Set
[09:45:31.486] ---- [Flow] CT_START Set
[09:45:41.781] ---- [Flow] CT_START Set
[09:46:18.083] ---- [Flow] CT_START Set
[12:13:58.584] ---- [Flow] CT_START Set
[12:14:23.802] ---- [Flow] CT_START Set
[13:02:04.107] ---- [Flow] CT_START Set
[13:02:44.982] ---- [Flow] CT_START Set
[13:03:34.870] ---- [Flow] CT_START Set
[13:12:24.712] ---- [Flow] CT_START Set
[13:21:56.469] ---- [Flow] CT_START Set
[13:28:44.121] ---- [Flow] CT_START Set
[14:18:27.817] ---- [Flow] CT_START Set
[14:36:35.242] ---- [Flow] CT_START Set
[15:11:18.464] ---- [Flow] CT_START Set
[15:12:29.497] ---- [Flow] CT_START Set
[15:19:50.454] ---- [Flow] CT_START Set
[15:35:09.796] ---- [Flow] CT_START Set
[15:40:51.180] ---- [Flow] CT_START Set
[15:47:07.668] ---- [Flow] CT_START Set
[15:47:17.213] ---- [Flow] CT_START Set
[15:47:46.163] ---- [Flow] CT_START Set
[15:47:58.257] ---- [Flow] CT_START Set
[15:48:16.992] ---- [Flow] CT_START Set
[15:53:12.190] ---- [Flow] CT_START Set
[15:53:18.864] ---- [Flow] CT_START Set
[15:56:05.428] ---- [Flow] CT_START Set
[16:02:28.023] ---- [Flow] CT_START Set
[16:12:04.803] ---- [Flow] CT_START Set
[16:12:20.703] ---- [Flow] CT_START Set
[16:21:41.034] ---- [Flow] CT_STOP Set
[16:21:41.056] ---- [Event] Auto : CT_STOP
[16:21:41.056] --------- [Monitor] StopTasks() : before m_stopped
[16:21:41.110] --------- [Monitor] StopTasks() : m_stopped
[16:21:41.111] [m_nState] AutoStop State
[16:21:43.622] ---- [Flow] CT_START Set
[16:21:43.643] ---- [Event] AutoStop : CT_START
[16:21:43.643] [m_nState] Auto State
[16:21:48.834] ---- [Flow] CT_STOP Set
[16:21:48.855] ---- [Event] Auto : CT_STOP
[16:21:48.855] --------- [Monitor] StopTasks() : before m_stopped
[16:21:48.910] ---- [Flow] CT_STOP Set
[16:21:49.370] --------- [Monitor] StopTasks() : m_stopped
[16:21:49.370] [m_nState] AutoStop State
[16:31:29.644] ---- [Flow] CT_START Set
[16:31:29.666] ---- [Event] AutoStop : CT_START
[16:31:29.666] [m_nState] Auto State
[16:31:29.881] ---- [Flow] CT_START Set
[16:41:41.237] ---- [Flow] CT_START Set
[16:43:57.641] ---- [Flow] CT_START Set
[16:45:52.522] ---- [Flow] CT_START Set
[16:45:55.650] ---- [Flow] CT_START Set
[16:47:13.530] ---- [Flow] CT_START Set
[16:50:12.866] ---- [Flow] CT_START Set
[16:59:36.740] ---- [Flow] CT_START Set
[17:33:49.439] ---- [Flow] CT_START Set
[18:00:00.345] ---- [Flow] CT_STOP Set
[18:00:00.367] ---- [Event] Auto : CT_STOP
[18:00:00.367] --------- [Monitor] StopTasks() : before m_stopped
[18:00:00.421] --------- [Monitor] StopTasks() : m_stopped
[18:00:00.422] [m_nState] AutoStop State
[18:02:03.984] ---- [Flow] CT_START Set
[18:02:04.006] ---- [Event] AutoStop : CT_START
[18:02:04.006] [m_nState] Auto State
[18:02:04.733] ---- [Flow] CT_START Set
[18:45:34.763] ---- [Flow] CT_START Set
[18:45:43.180] ---- [Flow] CT_START Set
[18:45:44.410] ---- [Flow] CT_START Set
[18:46:48.345] ---- [Flow] CT_START Set
[19:00:58.319] ---- [Flow] CT_STOP Set
[19:00:58.341] ---- [Event] Auto : CT_STOP
[19:00:58.341] --------- [Monitor] StopTasks() : before m_stopped
[19:00:58.383] --------- [Monitor] StopTasks() : m_stopped
[19:00:58.383] [m_nState] AutoStop State
[19:20:29.062] ---- [Flow] CT_START Set
[19:20:29.084] ---- [Event] AutoStop : CT_START
[19:20:29.084] [m_nState] Auto State
[19:20:29.936] ---- [Flow] CT_START Set
[20:14:28.096] ---- [Flow] CT_START Set
[20:18:14.360] ---- [Flow] CT_START Set
[20:32:28.558] ---- [Flow] CT_START Set
[20:32:28.698] ---- [Flow] CT_START Set
[20:32:28.781] ---- [Flow] CT_START Set
[20:32:28.845] ---- [Flow] CT_START Set
[20:32:31.063] ---- [Flow] CT_START Set
[20:32:31.201] ---- [Flow] CT_START Set
[20:32:31.303] ---- [Flow] CT_START Set
[20:32:49.242] ---- [Flow] CT_START Set
[20:33:09.153] ---- [Flow] CT_START Set
[20:39:14.695] ---- [Flow] CT_START Set
[21:18:42.191] ---- [Flow] CT_STOP Set
[21:18:42.213] ---- [Event] Auto : CT_STOP
[21:18:42.213] --------- [Monitor] StopTasks() : before m_stopped
[21:18:42.302] --------- [Monitor] StopTasks() : m_stopped
[21:18:42.302] [m_nState] AutoStop State
[21:19:08.930] ---- [Flow] CT_START Set
[21:19:08.952] ---- [Event] AutoStop : CT_START
[21:19:08.952] [m_nState] Auto State
[21:19:49.322] ---- [Flow] CT_START Set
[21:25:58.902] ---- [Flow] CT_STOP Set
[21:25:58.924] ---- [Event] Auto : CT_STOP
[21:25:58.924] --------- [Monitor] StopTasks() : before m_stopped
[21:25:58.952] --------- [Monitor] StopTasks() : m_stopped
[21:25:58.953] [m_nState] AutoStop State
[21:29:00.821] ---- [Flow] CT_START Set
[21:29:00.843] ---- [Event] AutoStop : CT_START
[21:29:00.843] [m_nState] Auto State
[21:29:02.076] ---- [Flow] CT_START Set
[23:56:35.820] ---- [Flow] CT_STOP Set
[23:56:35.842] ---- [Event] Auto : CT_STOP
[23:56:35.842] --------- [Monitor] StopTasks() : before m_stopped
[23:56:35.846] --------- [Monitor] StopTasks() : m_stopped
[23:56:35.846] [m_nState] AutoStop State
[23:56:36.086] ---- [Flow] CT_STOP Set
[23:56:36.125] ---- [Flow] CT_STOP Set
[23:57:00.334] ---- [Flow] CT_START Set
[23:57:00.355] ---- [Event] AutoStop : CT_START
[23:57:00.355] [m_nState] Auto State
[23:57:01.301] ---- [Flow] CT_START Set
[23:57:12.026] ---- [Flow] CT_START Set
