[00:26:05.285] ---- [Flow] CT_START Set
[00:26:34.879] ---- [Flow] CT_START Set
[00:27:53.018] ---- [Flow] CT_START Set
[00:29:33.579] ---- [Flow] CT_START Set
[00:29:44.321] ---- [Flow] CT_START Set
[00:30:37.625] ---- [Flow] CT_START Set
[01:04:30.343] ---- [Flow] CT_STOP Set
[01:04:30.366] ---- [Event] Auto : CT_STOP
[01:04:30.367] --------- [Monitor] StopTasks() : before m_stopped
[01:04:30.400] ---- [Flow] CT_STOP Set
[01:04:30.404] --------- [Monitor] StopTasks() : m_stopped
[01:04:30.405] [m_nState] AutoStop State
[01:04:30.500] ---- [Flow] CT_STOP Set
[01:04:43.922] ---- [Flow] CT_START Set
[01:04:43.945] ---- [Event] AutoStop : CT_START
[01:04:43.946] [m_nState] Auto State
[01:04:43.998] ---- [Flow] CT_START Set
[01:19:07.532] ---- [Flow] CT_START Set
[01:21:20.355] ---- [Flow] CT_START Set
[01:23:14.435] ---- [Flow] CT_START Set
[01:29:22.883] ---- [Flow] CT_START Set
[01:33:55.605] ---- [Flow] CT_START Set
[01:45:17.310] ---- [Flow] CT_STOP Set
[01:45:17.333] ---- [Event] Auto : CT_STOP
[01:45:17.334] --------- [Monitor] StopTasks() : before m_stopped
[01:45:17.435] --------- [Monitor] StopTasks() : m_stopped
[01:45:17.436] [m_nState] AutoStop State
[02:09:38.075] ---- [Flow] CT_START Set
[02:09:38.097] ---- [Event] AutoStop : CT_START
[02:09:38.098] [m_nState] Auto State
[02:10:45.756] ---- [Flow] CT_START Set
[02:12:30.958] ---- [Flow] CT_START Set
[02:13:18.736] ---- [Flow] CT_START Set
[02:16:11.904] ---- [Flow] CT_START Set
[02:21:59.380] ---- [Flow] CT_START Set
[02:22:23.399] ---- [Flow] CT_START Set
[02:22:25.879] ---- [Flow] CT_START Set
[02:28:41.656] ---- [Flow] CT_START Set
[02:33:16.861] ---- [Flow] CT_START Set
[02:38:24.358] ---- [Flow] CT_START Set
[02:40:40.198] ---- [Flow] CT_START Set
[02:52:28.886] ---- [Flow] CT_START Set
[02:54:29.566] ---- [Flow] CT_START Set
[03:01:58.957] ---- [Flow] CT_START Set
[03:02:00.500] ---- [Flow] CT_START Set
[03:09:23.064] ---- [Flow] CT_START Set
[03:10:05.293] ---- [Flow] CT_START Set
[03:11:47.450] ---- [Flow] CT_START Set
[03:12:36.825] ---- [Flow] CT_START Set
[03:13:51.510] ---- [Flow] CT_START Set
[03:14:43.799] ---- [Flow] CT_START Set
[03:15:56.639] ---- [Flow] CT_START Set
[03:16:12.796] ---- [Flow] CT_START Set
[03:19:57.799] ---- [Flow] CT_START Set
[03:22:39.963] ---- [Flow] CT_START Set
[03:22:47.535] ---- [Flow] CT_START Set
[03:22:55.431] ---- [Flow] CT_START Set
[03:25:20.206] ---- [Flow] CT_START Set
[03:37:07.206] ---- [Flow] CT_START Set
[03:54:11.621] ---- [Flow] CT_START Set
[04:08:04.332] ---- [Flow] CT_START Set
[04:14:59.775] ---- [Flow] CT_START Set
[04:28:49.903] ---- [Flow] CT_START Set
[04:43:17.975] ---- [Flow] CT_START Set
[04:52:12.604] ---- [Flow] CT_START Set
[04:56:46.005] ---- [Flow] CT_START Set
[05:10:41.081] ---- [Flow] CT_START Set
[05:18:59.041] ---- [Flow] CT_START Set
[05:39:51.055] ---- [Flow] CT_START Set
[05:57:45.157] ---- [Flow] CT_STOP Set
[05:57:45.179] ---- [Event] Auto : CT_STOP
[05:57:45.180] --------- [Monitor] StopTasks() : before m_stopped
[05:57:45.222] --------- [Monitor] StopTasks() : m_stopped
[05:57:45.223] [m_nState] AutoStop State
[07:00:26.108] ---- [Flow] CT_START Set
[07:00:26.130] ---- [Event] AutoStop : CT_START
[07:00:26.131] [m_nState] Auto State
[07:00:27.202] ---- [Flow] CT_START Set
[07:13:31.647] ---- [Flow] CT_START Set
[07:13:53.524] ---- [Flow] CT_START Set
[07:21:31.387] ---- [Flow] CT_START Set
[07:21:47.826] ---- [Flow] CT_START Set
[07:27:37.190] ---- [Flow] CT_START Set
[07:33:57.001] ---- [Flow] CT_START Set
[07:34:11.825] ---- [Flow] CT_START Set
[07:37:22.506] ---- [Flow] CT_START Set
[09:29:22.522] ---- [Flow] CT_STOP Set
[09:29:22.544] ---- [Event] Auto : CT_STOP
[09:29:22.545] --------- [Monitor] StopTasks() : before m_stopped
[09:29:22.571] --------- [Monitor] StopTasks() : m_stopped
[09:29:22.572] [m_nState] AutoStop State
[09:29:22.649] ---- [Flow] CT_STOP Set
[09:29:22.694] ---- [Flow] CT_STOP Set
[09:29:22.726] ---- [Flow] CT_STOP Set
[09:29:24.608] ---- [Flow] CT_START Set
[09:29:24.630] ---- [Event] AutoStop : CT_START
[09:29:24.631] [m_nState] Auto State
[09:29:26.637] ---- [Flow] CT_START Set
[09:29:29.346] ---- [Flow] CT_START Set
[09:29:36.888] ---- [Flow] CT_STOP Set
[09:29:36.912] ---- [Event] Auto : CT_STOP
[09:29:36.913] --------- [Monitor] StopTasks() : before m_stopped
[09:29:37.574] --------- [Monitor] StopTasks() : m_stopped
[09:29:37.575] [m_nState] AutoStop State
[09:38:54.137] ---- [Flow] CT_START Set
[09:38:54.160] ---- [Event] AutoStop : CT_START
[09:38:54.161] [m_nState] Auto State
[09:38:54.830] ---- [Flow] CT_START Set
[10:02:12.001] ---- [Flow] CT_START Set
[10:02:39.276] ---- [Flow] CT_START Set
[10:51:01.166] ---- [Flow] CT_START Set
[10:51:13.345] ---- [Flow] CT_START Set
[11:43:55.405] ---- [Flow] CT_START Set
[11:49:19.478] ---- [Flow] CT_STOP Set
[11:49:19.500] ---- [Event] Auto : CT_STOP
[11:49:19.501] --------- [Monitor] StopTasks() : before m_stopped
[11:49:19.541] --------- [Monitor] StopTasks() : m_stopped
[11:49:19.542] [m_nState] AutoStop State
[12:33:04.994] ---- [Flow] CT_START Set
[12:33:05.017] ---- [Event] AutoStop : CT_START
[12:33:05.018] [m_nState] Auto State
[12:33:08.795] ---- [Flow] CT_START Set
[13:12:09.257] ---- [Flow] CT_START Set
[13:15:44.095] ---- [Flow] CT_START Set
[13:32:47.479] ---- [Flow] CT_START Set
[14:29:48.068] ---- [Flow] CT_STOP Set
[14:29:48.090] ---- [Event] Auto : CT_STOP
[14:29:48.091] --------- [Monitor] StopTasks() : before m_stopped
[14:29:48.155] --------- [Monitor] StopTasks() : m_stopped
[14:29:48.156] [m_nState] AutoStop State
[14:29:48.259] ---- [Flow] CT_STOP Set
[14:30:23.277] ---- [Flow] CT_START Set
[14:30:23.299] ---- [Event] AutoStop : CT_START
[14:30:23.300] [m_nState] Auto State
[14:30:42.492] ---- [Flow] CT_STOP Set
[14:30:42.514] ---- [Event] Auto : CT_STOP
[14:30:42.515] --------- [Monitor] StopTasks() : before m_stopped
[14:30:42.530] --------- [Monitor] StopTasks() : m_stopped
[14:30:42.532] [m_nState] AutoStop State
[14:38:46.020] ---- [Flow] CT_START Set
[14:38:46.042] ---- [Event] AutoStop : CT_START
[14:38:46.043] [m_nState] Auto State
[14:38:46.615] ---- [Flow] CT_START Set
[14:47:49.934] ---- [Flow] CT_START Set
[14:48:08.750] ---- [Flow] CT_START Set
[14:55:06.226] ---- [Flow] CT_START Set
[15:05:45.344] ---- [Flow] CT_START Set
[15:44:01.022] ---- [Flow] CT_START Set
[16:09:03.083] ---- [Flow] CT_STOP Set
[16:09:03.106] ---- [Event] Auto : CT_STOP
[16:09:03.107] --------- [Monitor] StopTasks() : before m_stopped
[16:09:03.190] --------- [Monitor] StopTasks() : m_stopped
[16:09:03.191] [m_nState] AutoStop State
[16:20:11.743] ---- [Flow] CT_START Set
[16:20:11.765] ---- [Event] AutoStop : CT_START
[16:20:11.766] [m_nState] Auto State
[16:20:12.346] ---- [Flow] CT_START Set
[17:12:28.957] ---- [Flow] CT_START Set
[17:12:50.172] ---- [Flow] CT_START Set
[17:15:48.211] ---- [Flow] CT_START Set
[17:31:03.502] ---- [Flow] CT_STOP Set
[17:31:03.525] ---- [Event] Auto : CT_STOP
[17:31:03.526] --------- [Monitor] StopTasks() : before m_stopped
[17:31:03.559] --------- [Monitor] StopTasks() : m_stopped
[17:31:03.560] [m_nState] AutoStop State
[22:16:56.911] ---- [Flow] CT_START Set
[22:16:56.933] ---- [Event] AutoStop : CT_START
[22:16:56.934] [m_nState] Auto State
[22:17:18.262] ---- [Flow] CT_START Set
[22:17:45.061] ---- [Flow] CT_STOP Set
[22:17:45.083] ---- [Event] Auto : CT_STOP
[22:17:45.084] --------- [Monitor] StopTasks() : before m_stopped
[22:17:46.442] --------- [Monitor] StopTasks() : m_stopped
[22:17:46.443] [m_nState] AutoStop State
[22:17:57.577] ---- [Flow] CT_START Set
[22:17:57.599] ---- [Event] AutoStop : CT_START
[22:17:57.600] [m_nState] Auto State
[22:18:15.036] ---- [Flow] CT_STOP Set
[22:18:15.058] ---- [Event] Auto : CT_STOP
[22:18:15.059] --------- [Monitor] StopTasks() : before m_stopped
[22:18:15.060] --------- [Monitor] StopTasks() : m_stopped
[22:18:15.061] [m_nState] AutoStop State
[22:18:15.130] ---- [Flow] CT_STOP Set
[22:20:51.977] ---- [Flow] CT_START Set
[22:20:52.000] ---- [Event] AutoStop : CT_START
[22:20:52.000] [m_nState] Auto State
[22:21:04.708] ---- [Flow] CT_START Set
[22:21:18.077] ---- [Flow] CT_START Set
[22:21:29.500] ---- [Flow] CT_STOP Set
[22:21:29.523] ---- [Event] Auto : CT_STOP
[22:21:29.524] --------- [Monitor] StopTasks() : before m_stopped
[22:21:29.702] ---- [Flow] CT_STOP Set
[22:21:29.748] ---- [Flow] CT_STOP Set
[22:21:32.106] --------- [Monitor] StopTasks() : m_stopped
[22:21:32.108] [m_nState] AutoStop State
[22:21:33.235] ---- [Flow] CT_START Set
[22:21:33.257] ---- [Event] AutoStop : CT_START
[22:21:33.258] [m_nState] Auto State
[22:21:39.565] ---- [Flow] CT_START Set
[22:21:41.004] ---- [Flow] CT_STOP Set
[22:21:41.027] ---- [Event] Auto : CT_STOP
[22:21:41.028] --------- [Monitor] StopTasks() : before m_stopped
[22:21:41.155] ---- [Flow] CT_STOP Set
[22:21:44.682] --------- [Monitor] StopTasks() : m_stopped
[22:21:44.683] [m_nState] AutoStop State
[22:21:52.216] ---- [Flow] CT_START Set
[22:21:52.239] ---- [Event] AutoStop : CT_START
[22:21:52.240] [m_nState] Auto State
[22:22:08.086] ---- [Flow] CT_START Set
[22:22:09.074] ---- [Flow] CT_STOP Set
[22:22:09.096] ---- [Event] Auto : CT_STOP
[22:22:09.097] --------- [Monitor] StopTasks() : before m_stopped
[22:22:12.877] --------- [Monitor] StopTasks() : m_stopped
[22:22:12.878] [m_nState] AutoStop State
[22:22:19.452] ---- [Flow] CT_START Set
[22:22:19.474] ---- [Event] AutoStop : CT_START
[22:22:19.475] [m_nState] Auto State
[22:22:31.419] ---- [Flow] CT_STOP Set
[22:22:31.442] ---- [Event] Auto : CT_STOP
[22:22:31.443] --------- [Monitor] StopTasks() : before m_stopped
[22:22:31.444] --------- [Monitor] StopTasks() : m_stopped
[22:22:31.445] [m_nState] AutoStop State
[22:22:31.558] ---- [Flow] CT_STOP Set
[22:22:41.758] ---- [Flow] CT_START Set
[22:22:41.781] ---- [Event] AutoStop : CT_START
[22:22:41.782] [m_nState] Auto State
[22:22:48.971] ---- [Flow] CT_START Set
[22:23:03.218] ---- [Flow] CT_STOP Set
[22:23:03.241] ---- [Event] Auto : CT_STOP
[22:23:03.242] --------- [Monitor] StopTasks() : before m_stopped
[22:23:03.289] ---- [Flow] CT_STOP Set
[22:23:04.275] --------- [Monitor] StopTasks() : m_stopped
[22:23:04.277] [m_nState] AutoStop State
[22:23:30.287] ---- [Flow] CT_START Set
[22:23:30.309] ---- [Event] AutoStop : CT_START
[22:23:30.310] [m_nState] Auto State
[22:23:37.311] ---- [Flow] CT_START Set
[22:23:46.160] ---- [Flow] CT_STOP Set
[22:23:46.182] ---- [Event] Auto : CT_STOP
[22:23:46.183] --------- [Monitor] StopTasks() : before m_stopped
[22:23:46.184] --------- [Monitor] StopTasks() : m_stopped
[22:23:46.186] [m_nState] AutoStop State
[22:23:46.194] ---- [Flow] CT_STOP Set
[22:23:51.124] ---- [Flow] CT_START Set
[22:23:51.146] ---- [Event] AutoStop : CT_START
[22:23:51.147] [m_nState] Auto State
[22:24:02.991] ---- [Flow] CT_STOP Set
[22:24:03.013] ---- [Event] Auto : CT_STOP
[22:24:03.014] --------- [Monitor] StopTasks() : before m_stopped
[22:24:03.543] --------- [Monitor] StopTasks() : m_stopped
[22:24:03.545] [m_nState] AutoStop State
[22:24:06.021] ---- [Flow] CT_START Set
[22:24:06.043] ---- [Event] AutoStop : CT_START
[22:24:06.044] [m_nState] Auto State
[22:24:08.666] ---- [Flow] CT_STOP Set
[22:24:08.688] ---- [Event] Auto : CT_STOP
[22:24:08.689] --------- [Monitor] StopTasks() : before m_stopped
[22:24:08.711] --------- [Monitor] StopTasks() : m_stopped
[22:24:08.712] [m_nState] AutoStop State
[22:24:08.766] ---- [Flow] CT_STOP Set
