[05:53:01.606] [RightPPStation] Load Cylinder Vacuum Error
[05:55:25.899] [RightTransferStation] Vacuum Error
[05:59:12.187] [RightTransferStation] Vacuum Error
[06:06:51.296] [LeftPPStation] Move Axis Error
[06:07:20.708] [LeftPPStation] Move Axis Error
[06:08:33.199] [RightTransferStation] Vacuum Error
[06:16:53.516] [RightTransferStation] Move Z Axis Error
[06:16:58.327] [RightTransferStation] Move Z Axis Error
[06:17:02.499] [RightTransferStation] Move Z Axis Error
[06:17:15.980] [RightTransferStation] Move Z Axis Error
[07:31:05.232] [LeftTransferStation] Vacuum Error
[08:32:08.453] [RightTransferStation] Vacuum Error
[08:36:02.205] [RightPPStation] Unload Buffer Set Not Exist
[09:14:19.811] [MainControlStation] Left Door Open
[09:41:54.152] [MainControlStation] Right Door Open
[09:42:01.146] [RightPPStation] Unload Buffer Set Not Exist
[10:16:18.083] [RightTransferStation] Move XY Axis Error
[10:17:18.409] [RightTransferStation] Move XY Axis Error
[10:48:34.238] [LeftPPStation] Load Cylinder Vacuum Error
[11:04:28.194] [RightTransferStation] Move XY Axis Error
[11:04:41.879] [RightTransferStation] Move XY Axis Error
[11:04:44.539] [RightTransferStation] Move XY Axis Error
[11:19:08.982] [RightTransferStation] Move XY Axis Error
[11:22:17.847] [RightTransferStation] Move XY Axis Error
[11:34:34.889] [RightTransferStation] Move XY Axis Error
[11:36:55.022] [RightTransferStation] Move XY Axis Error
[12:37:45.809] [RightTransferStation] Move XY Axis Error
[12:42:49.398] [RightTransferStation] Move XY Axis Error
[12:46:02.773] [RightTransferStation] Vacuum Error
[13:00:43.954] [LeftPPStation] Unload Cylinder Vacuum Error
[13:33:56.278] [LeftPPStation] Unload Cylinder Vacuum Error
[13:39:37.444] [LeftPPStation] Unload Cylinder Vacuum Error
[13:43:48.150] [RightTransferStation] Vacuum Error
[13:47:05.501] [RightTransferStation] Vacuum Error
[13:49:12.168] [LeftPPStation] Unload Cylinder Vacuum Error
[14:13:41.333] [RightTransferStation] Move XY Axis Error
[14:13:53.352] [RightTransferStation] Move XY Axis Error
[14:13:56.400] [RightTransferStation] Move XY Axis Error
[16:33:20.316] [RightTransferStation] Move XY Axis Error
[16:33:33.718] [RightTransferStation] Move XY Axis Error
[17:51:16.725] [LeftTransferStation] Vacuum Error
[18:06:53.287] [RightTransferStation] Move XY Axis Error
[18:07:06.663] [RightTransferStation] Move XY Axis Error
[18:07:19.511] [MainControlStation] Right Door Open
[18:41:30.938] [RightTransferStation] Move Z Axis Error
[18:42:09.641] [RightTransferStation] Move Z Axis Error
[18:57:05.556] [LeftPPStation] Unload Cylinder Vacuum Error
[19:51:52.244] [RightTransferStation] Vacuum Error
[20:08:51.459] [RightPPStation] Load Cylinder Vacuum Error
[20:12:00.569] [RightTransferStation] Vacuum Error
[20:12:45.387] [RightTransferStation] Vacuum Error
[20:13:54.119] [RightPPStation] Load Cylinder Vacuum Error
[20:15:53.336] [RightPPStation] Load Cylinder Vacuum Error
[20:16:13.184] [RightPPStation] Load Cylinder Vacuum Error
[20:28:23.163] [RightPPStation] Load Cylinder Vacuum Error
[20:30:56.605] [LeftPPStation] Load Cylinder Vacuum Error
[20:31:18.956] [RightPPStation] Load Cylinder Vacuum Error
[20:33:24.700] [LeftPPStation] Unload Cylinder Vacuum Error
[20:41:14.426] [LeftTransferStation] Vacuum Error
[20:42:29.278] [RightPPStation] Unload Cylinder Vacuum Error
[20:42:50.913] [RightPPStation] Unload Cylinder Vacuum Error
[20:49:28.355] [RightPPStation] Unload Cylinder Vacuum Error
[20:52:32.150] [RightPPStation] Unload Cylinder Vacuum Error
[20:52:47.111] [RightPPStation] Unload Cylinder Vacuum Error
[20:59:03.169] [LeftTransferStation] Vacuum Error
[20:59:07.348] [LeftTransferStation] Vacuum Error
[21:06:02.742] [LeftPPStation] Unload Cylinder Vacuum Error
[21:10:38.614] [RightPPStation] Unload Cylinder Vacuum Error
[21:12:40.420] [RightTransferStation] Vacuum Error
[21:12:57.455] [RightTransferStation] Vacuum Error
[21:13:37.846] [RightPPStation] Unload Cylinder Vacuum Error
[21:16:03.138] [RightPPStation] Load Cylinder Vacuum Error
[21:16:39.770] [LeftTransferStation] Vacuum Error
[21:35:36.249] [RightPPStation] Unload Cylinder Vacuum Error
[21:36:05.711] [RightPPStation] Unload Cylinder Vacuum Error
[21:36:11.183] [RightPPStation] Unload Cylinder Vacuum Error
[21:38:16.038] [RightTransferStation] Vacuum Error
[22:15:59.220] [RightTransferStation] Vacuum Error
[22:16:25.131] [RightTransferStation] Vacuum Error
[22:27:21.877] [RightPPStation] Unload Cylinder Vacuum Error
[22:38:35.270] [RightTransferStation] Vacuum Error
[22:59:42.477] [RightTransferStation] Vacuum Error
[23:05:14.957] [RightTransferStation] Vacuum Error
[23:05:38.038] [RightTransferStation] Move Z Axis Error
[23:06:02.022] [RightTransferStation] Move Z Axis Error
[23:08:41.859] [RightTransferStation] Vacuum Error
[23:09:01.367] [RightPPStation] Load Cylinder Vacuum Error
[23:10:37.676] [RightTransferStation] Vacuum Error
[23:11:14.288] [RightTransferStation] Vacuum Error
[23:11:59.804] [LeftTransferStation] Vacuum Error
[23:12:33.193] [LeftTransferStation] Vacuum Error
[23:12:49.732] [RightTransferStation] Vacuum Error
[23:12:54.745] [LeftPPStation] Load Cylinder Vacuum Error
[23:13:04.325] [LeftPPStation] Load Cylinder Vacuum Error
[23:13:35.118] [LeftPPStation] Load Cylinder Vacuum Error
[23:13:51.167] [LeftPPStation] Load Cylinder Vacuum Error
[23:13:59.851] [LeftPPStation] Load Cylinder Vacuum Error
[23:14:05.180] [LeftPPStation] Load Cylinder Vacuum Error
[23:15:07.595] [LeftPPStation] Unload Buffer Set Not Exist
[23:16:48.591] [RightTransferStation] Move Z Axis Error
