[06:50:57.897] [LeftTransferStation] Vacuum Error
[07:46:24.375] [LeftPPStation] Load Cylinder Vacuum Error
[09:02:52.736] [RightTransferStation] Vacuum Error
[11:08:26.553] [RightPPStation] Load Cylinder Vacuum Error
[13:04:44.745] [RightPPStation] Load Cylinder Vacuum Error
[13:16:55.275] [LeftPPStation] Load Cylinder Vacuum Error
[13:42:06.491] [RightPPStation] Load Cylinder Vacuum Error
[14:47:35.116] [LeftTransferStation] Vacuum Error
[15:35:53.458] [RightPPStation] Unload Buffer Set Not Exist
[15:37:53.212] [MainControlStation] Left Door Open
[15:39:56.571] [MainControlStation] Left Door Open
[16:18:37.584] [LeftPPStation] Load Cylinder Vacuum Error
[16:59:42.982] [LeftPPStation] Load Cylinder Vacuum Error
[18:45:01.821] [RightTransferStation] Vacuum Error
[18:45:11.636] [RightTransferStation] Vacuum Error
[19:34:45.708] [LeftPPStation] Load Cylinder Vacuum Error
[20:27:02.294] [LeftPPStation] Load Cylinder Vacuum Error
[20:44:11.328] [LeftTransferStation] Vacuum Error
[20:47:48.540] [RightTransferStation] Vacuum Error
[21:44:56.924] [RightTransferStation] Vacuum Error
[21:51:05.864] [RightTransferStation] Vacuum Error
[21:51:16.604] [LeftTransferStation] Vacuum Error
[23:48:26.137] [LeftPPStation] Unload Cylinder Vacuum Error
