[06:42:27.505] ---- [Flow] CT_START Set
[06:42:27.527] ---- [Event] AutoStop : CT_START
[06:42:27.527] [m_nState] Auto State
[06:42:29.797] ---- [Flow] CT_START Set
[06:44:31.734] ---- [Flow] CT_STOP Set
[06:44:31.755] ---- [Event] Auto : CT_STOP
[06:44:31.755] --------- [Monitor] StopTasks() : before m_stopped
[06:44:31.831] ---- [Flow] CT_STOP Set
[06:44:32.245] --------- [Monitor] StopTasks() : m_stopped
[06:44:32.245] [m_nState] AutoStop State
[06:50:55.305] ---- [Flow] CT_START Set
[06:50:55.327] ---- [Event] AutoStop : CT_START
[06:50:55.327] [m_nState] Auto State
[06:51:15.155] ---- [Flow] CT_START Set
[06:51:16.093] ---- [Flow] CT_START Set
[07:46:30.258] ---- [Flow] CT_START Set
[09:03:08.584] ---- [Flow] CT_START Set
[09:30:34.252] ---- [Flow] CT_STOP Set
[09:30:34.275] ---- [Event] Auto : CT_STOP
[09:30:34.275] --------- [Monitor] StopTasks() : before m_stopped
[09:30:34.299] --------- [Monitor] StopTasks() : m_stopped
[09:30:34.299] [m_nState] AutoStop State
[09:30:34.310] ---- [Flow] CT_STOP Set
[09:30:34.346] ---- [Flow] CT_STOP Set
[09:30:34.389] ---- [Flow] CT_STOP Set
[09:30:34.426] ---- [Flow] CT_STOP Set
[09:39:53.261] ---- [Flow] CT_START Set
[09:39:53.283] ---- [Event] AutoStop : CT_START
[09:39:53.283] [m_nState] Auto State
[09:39:54.330] ---- [Flow] CT_START Set
[09:54:28.359] ---- [Flow] CT_START Set
[09:54:43.441] ---- [Flow] CT_START Set
[11:08:30.269] ---- [Flow] CT_START Set
[11:40:19.035] ---- [Flow] CT_STOP Set
[11:40:19.056] ---- [Event] Auto : CT_STOP
[11:40:19.056] --------- [Monitor] StopTasks() : before m_stopped
[11:40:19.742] --------- [Monitor] StopTasks() : m_stopped
[11:40:19.742] [m_nState] AutoStop State
[12:19:52.802] ---- [Flow] CT_START Set
[12:19:52.825] ---- [Event] AutoStop : CT_START
[12:19:52.825] [m_nState] Auto State
[12:19:53.441] ---- [Flow] CT_START Set
[12:35:11.591] ---- [Flow] CT_START Set
[13:04:49.131] ---- [Flow] CT_START Set
[13:16:57.425] ---- [Flow] CT_START Set
[13:42:29.069] ---- [Flow] CT_START Set
[14:20:34.696] ---- [Flow] CT_STOP Set
[14:20:34.718] ---- [Event] Auto : CT_STOP
[14:20:34.718] --------- [Monitor] StopTasks() : before m_stopped
[14:20:34.795] --------- [Monitor] StopTasks() : m_stopped
[14:20:34.795] [m_nState] AutoStop State
[14:29:46.923] ---- [Flow] CT_START Set
[14:29:46.945] ---- [Event] AutoStop : CT_START
[14:29:46.945] [m_nState] Auto State
[14:29:47.214] ---- [Flow] CT_START Set
[14:47:45.685] ---- [Flow] CT_START Set
[15:00:53.111] ---- [Flow] CT_START Set
[15:24:54.635] ---- [Flow] CT_START Set
[15:25:11.162] ---- [Flow] CT_START Set
[15:26:19.988] ---- [Flow] CT_START Set
[15:33:19.047] ---- [Flow] CT_START Set
[15:35:50.027] ---- [Flow] CT_START Set
[15:35:57.822] ---- [Flow] CT_START Set
[15:38:00.148] ---- [Flow] CT_START Set
[15:39:54.662] ---- [Flow] CT_START Set
[15:40:57.968] ---- [Flow] CT_START Set
[15:46:49.173] ---- [Flow] CT_STOP Set
[15:46:49.196] ---- [Event] Auto : CT_STOP
[15:46:49.196] --------- [Monitor] StopTasks() : before m_stopped
[15:46:49.258] --------- [Monitor] StopTasks() : m_stopped
[15:46:49.258] [m_nState] AutoStop State
[15:46:51.278] ---- [Flow] CT_START Set
[15:46:51.299] ---- [Event] AutoStop : CT_START
[15:46:51.299] [m_nState] Auto State
[15:47:59.636] ---- [Flow] CT_START Set
[15:58:21.114] ---- [Flow] CT_START Set
[16:00:02.149] ---- [Flow] CT_STOP Set
[16:00:02.170] ---- [Event] Auto : CT_STOP
[16:00:02.170] --------- [Monitor] StopTasks() : before m_stopped
[16:00:02.184] --------- [Monitor] StopTasks() : m_stopped
[16:00:02.184] [m_nState] AutoStop State
[16:06:14.199] ---- [Flow] CT_START Set
[16:06:14.220] ---- [Event] AutoStop : CT_START
[16:06:14.220] [m_nState] Auto State
[16:06:15.039] ---- [Flow] CT_START Set
[16:18:42.623] ---- [Flow] CT_START Set
[16:59:56.535] ---- [Flow] CT_START Set
[17:18:21.777] ---- [Flow] CT_START Set
[17:54:24.634] ---- [Flow] CT_STOP Set
[17:54:24.656] ---- [Event] Auto : CT_STOP
[17:54:24.656] --------- [Monitor] StopTasks() : before m_stopped
[17:54:24.717] --------- [Monitor] StopTasks() : m_stopped
[17:54:24.717] [m_nState] AutoStop State
[18:39:43.933] ---- [Flow] CT_START Set
[18:39:43.954] ---- [Event] AutoStop : CT_START
[18:39:43.954] [m_nState] Auto State
[18:39:50.496] ---- [Flow] CT_START Set
[18:45:08.376] ---- [Flow] CT_START Set
[18:45:31.131] ---- [Flow] CT_START Set
[18:48:09.624] ---- [Flow] CT_STOP Set
[18:48:09.646] ---- [Event] Auto : CT_STOP
[18:48:09.646] --------- [Monitor] StopTasks() : before m_stopped
[18:48:09.696] ---- [Flow] CT_STOP Set
[18:48:09.745] ---- [Flow] CT_STOP Set
[18:48:10.181] --------- [Monitor] StopTasks() : m_stopped
[18:48:10.181] [m_nState] AutoStop State
[18:56:05.245] ---- [Flow] CT_START Set
[18:56:05.267] ---- [Event] AutoStop : CT_START
[18:56:05.267] [m_nState] Auto State
[18:56:06.074] ---- [Flow] CT_START Set
[19:34:52.519] ---- [Flow] CT_START Set
[20:27:05.707] ---- [Flow] CT_START Set
[20:44:21.703] ---- [Flow] CT_START Set
[20:48:00.399] ---- [Flow] CT_START Set
[21:20:14.297] ---- [Flow] CT_STOP Set
[21:20:14.319] ---- [Event] Auto : CT_STOP
[21:20:14.319] --------- [Monitor] StopTasks() : before m_stopped
[21:20:14.869] --------- [Monitor] StopTasks() : m_stopped
[21:20:14.869] [m_nState] AutoStop State
[21:20:29.990] ---- [Flow] CT_START Set
[21:20:30.011] ---- [Event] AutoStop : CT_START
[21:20:30.011] [m_nState] Auto State
[21:20:30.650] ---- [Flow] CT_START Set
[21:21:29.539] ---- [Flow] CT_STOP Set
[21:21:29.561] ---- [Event] Auto : CT_STOP
[21:21:29.561] --------- [Monitor] StopTasks() : before m_stopped
[21:21:29.610] --------- [Monitor] StopTasks() : m_stopped
[21:21:29.610] [m_nState] AutoStop State
[21:28:14.933] ---- [Flow] CT_START Set
[21:28:14.954] ---- [Event] AutoStop : CT_START
[21:28:14.954] [m_nState] Auto State
[21:28:18.655] ---- [Flow] CT_START Set
[21:45:07.278] ---- [Flow] CT_START Set
[21:51:11.339] ---- [Flow] CT_START Set
[21:51:18.496] ---- [Flow] CT_START Set
[22:17:29.238] ---- [Flow] CT_START Set
[22:24:03.107] ---- [Flow] CT_START Set
[22:24:32.691] ---- [Flow] CT_START Set
[22:26:40.864] ---- [Flow] CT_START Set
[23:20:15.392] ---- [Flow] CT_STOP Set
[23:20:15.413] ---- [Event] Auto : CT_STOP
[23:20:15.413] --------- [Monitor] StopTasks() : before m_stopped
[23:20:15.462] ---- [Flow] CT_STOP Set
[23:20:15.516] ---- [Flow] CT_STOP Set
[23:20:15.587] --------- [Monitor] StopTasks() : m_stopped
[23:20:15.588] [m_nState] AutoStop State
[23:29:16.637] ---- [Flow] CT_START Set
[23:29:16.659] ---- [Event] AutoStop : CT_START
[23:29:16.659] [m_nState] Auto State
[23:29:19.516] ---- [Flow] CT_START Set
[23:48:33.759] ---- [Flow] CT_START Set
