[00:53:11.885] [LeftPPStation] Unload Cylinder Up Error
[00:55:44.563] [LeftPPStation] Unload Cylinder Up Error
[00:56:17.203] [LeftPPStation] Unload Cylinder Up Error
[00:58:05.230] [LeftPPStation] Unload Cylinder Up Error
[06:50:40.018] [LeftTransferStation] Move XY Axis Error
[07:43:30.226] [RightTransferStation] Move XY Axis Error
[07:43:55.987] [RightTransferStation] Move XY Axis Error
[08:33:39.486] [LeftPPStation] Unload Cylinder Vacuum Error
[08:33:56.194] [LeftPPStation] Unload Cylinder Vacuum Error
[08:34:30.590] [LeftPPStation] Unload Cylinder Vacuum Error
[08:35:08.117] [LeftPPStation] Unload Cylinder Vacuum Error
[08:35:38.400] [LeftPPStation] Unload Cylinder Vacuum Error
[08:36:05.096] [RightTransferStation] Move XY Axis Error
[08:37:50.620] [LeftPPStation] Unload Cylinder Vacuum Error
[08:38:16.420] [LeftPPStation] Unload Cylinder Vacuum Error
[08:38:45.094] [LeftPPStation] Unload Buffer Set Not Exist
[08:39:06.564] [LeftPPStation] Unload Cylinder Vacuum Error
[08:39:30.129] [LeftPPStation] Unload Cylinder Vacuum Error
[08:39:36.601] [LeftPPStation] Unload Cylinder Vacuum Error
[08:45:27.479] [LeftPPStation] Unload Cylinder Vacuum Error
[08:46:07.777] [LeftPPStation] Unload Buffer Set Not Exist
[08:46:30.270] [LeftPPStation] Unload Cylinder Vacuum Error
[08:46:55.335] [LeftPPStation] Unload Cylinder Vacuum Error
[12:34:46.090] [LeftPPStation] Load Cylinder Vacuum Error
[12:46:52.526] [RightTransferStation] Vacuum Error
[13:55:46.686] [LeftPPStation] Load Cylinder Vacuum Error
[14:14:02.003] [LeftPPStation] Unload Cylinder Vacuum Error
[14:16:54.276] [LeftPPStation] Unload Cylinder Vacuum Error
[14:19:04.382] [LeftPPStation] Unload Cylinder Vacuum Error
[14:28:22.364] [LeftPPStation] Load Cylinder Vacuum Error
[14:31:52.731] [LeftTransferStation] Vacuum Error
[14:40:51.229] [LeftTransferStation] Vacuum Error
[14:41:10.374] [LeftTransferStation] Vacuum Error
[14:52:22.402] [RightTransferStation] Move XY Axis Error
[14:52:48.204] [RightTransferStation] Move XY Axis Error
[16:02:43.782] [LeftTransferStation] Vacuum Error
[22:57:29.998] [RightTransferStation] Move XY Axis Error
[22:57:46.308] [RightTransferStation] Move XY Axis Error
[23:59:29.650] [LeftTransferStation] Vacuum Error
[23:59:36.206] [LeftTransferStation] Vacuum Error
