[04:28:27.530] [RightPPStation] Load Cylinder Up Error
[04:28:35.068] [RightPPStation] Load Cylinder Up Error
[04:28:40.399] [RightPPStation] Load Cylinder Up Error
[04:28:46.457] [RightPPStation] Load Cylinder Vacuum Error
[04:55:39.780] [RightPPStation] Load Cylinder Vacuum Error
[04:55:49.301] [RightPPStation] Load Cylinder Down Error
[04:56:08.503] [RightPPStation] Load Cylinder Down Error
[07:44:55.357] [RightTransferStation] Move XY Axis Error
[08:01:26.253] [LeftTransferStation] Vacuum Error
[08:28:56.547] [LeftPPStation] Load Cylinder Up Error
[08:31:19.956] [RightPPStation] Load Buffer Set Exist
[08:31:24.068] [RightPPStation] Load Buffer Set Exist
[08:31:26.314] [RightPPStation] Load Buffer Set Exist
[08:31:47.208] [RightTransferStation] Vacuum Error
[08:36:51.681] [LeftTransferStation] Vacuum Error
[09:32:10.745] [RightPPStation] Load Cylinder Vacuum Error
[09:50:20.119] [RightTransferStation] Move Z Axis Error
[12:13:13.320] [LeftTransferStation] Vacuum Error
[13:05:46.186] [RightPPStation] Load Buffer Set Exist
[13:06:06.037] [RightTransferStation] Vacuum Error
[13:43:08.481] [LeftPPStation] Load Cylinder Vacuum Error
[14:30:00.257] [MainControlStation] Left Door Open
[14:41:08.864] [LeftPPStation] Load Cylinder Up Error
[14:41:18.556] [LeftPPStation] Load Cylinder Up Error
[15:02:09.643] [RightPPStation] Load Cylinder Vacuum Error
[15:02:39.641] [RightPPStation] Load Cylinder Down Error
[15:02:46.512] [RightPPStation] Load Cylinder Down Error
[15:02:52.258] [RightPPStation] Load Cylinder Down Error
[15:02:59.660] [RightPPStation] Load Cylinder Down Error
[16:36:58.314] [RightPPStation] Load Buffer Set Exist
[16:37:19.770] [RightTransferStation] Vacuum Error
[16:41:36.525] [MainControlStation] Right Door Open
[16:55:49.297] [LeftTransferStation] Vacuum Error
[17:26:10.624] [RightPPStation] Load Buffer Set Exist
[17:26:28.563] [RightTransferStation] Vacuum Error
[17:27:04.638] [RightTransferStation] Move Z Axis Error
[17:27:20.051] [RightTransferStation] Move Z Axis Error
[17:36:24.255] [MainControlStation] Right Door Open
[17:37:19.718] [RightTransferStation] Vacuum Error
[17:37:29.972] [RightTransferStation] Vacuum Error
[18:08:05.163] [LeftTransferStation] Vacuum Error
[18:58:53.473] [LeftPPStation] Unload Buffer Set Not Exist
[19:12:59.428] [LeftTransferStation] Vacuum Error
[19:13:42.054] [MainControlStation] Right Door Open
[21:58:05.878] [LeftTransferStation] Vacuum Error
[21:58:38.483] [LeftTransferStation] Vacuum Error
[21:59:54.462] [RightTransferStation] Vacuum Error
[22:01:14.870] [RightTransferStation] Vacuum Error
