[13:37:25.713] [RightTransferStation] Vacuum Error
[13:38:32.832] [RightPPStation] Unload Buffer Set Not Exist
[13:38:44.844] [MainControlStation] Right Door Open
[13:39:12.529] [RightPPStation] Unload Buffer Set Not Exist
[13:40:30.151] [LeftPPStation] Unload Cylinder Vacuum Error
[13:43:04.200] [RightPPStation] Unload Buffer Set Not Exist
[13:44:29.334] [LeftPPStation] Unload Cylinder Vacuum Error
[13:47:12.364] [RightTransferStation] Vacuum Error
[13:47:25.701] [RightTransferStation] Vacuum Error
[13:47:51.409] [LeftPPStation] Unload Cylinder Vacuum Error
[13:48:27.805] [RightTransferStation] Vacuum Error
[14:01:45.107] [RightTransferStation] Vacuum Error
[14:02:47.612] [LeftTransferStation] Move XY Axis Error
[14:03:19.001] [LeftPPStation] Unload Buffer Set Not Exist
[14:06:15.836] [LeftPPStation] Unload Cylinder Vacuum Error
[14:12:46.806] [LeftTransferStation] Vacuum Error
[14:17:03.652] [LeftPPStation] Unload Cylinder Vacuum Error
[14:18:40.229] [RightPPStation] Move Axis Error
[14:18:59.473] [LeftTransferStation] Vacuum Error
[14:19:46.170] [LeftTransferStation] Vacuum Error
[14:26:34.566] [RightTransferStation] Move XY Axis Error
[14:26:41.497] [RightTransferStation] Move XY Axis Error
[14:32:22.818] [MainControlStation] Left Door Open
[14:32:39.263] [LeftTransferStation] Unload Buffer Set Exist
[14:33:37.398] [MainControlStation] Left Door Open
[14:34:42.230] [MainControlStation] Left Door Open
[14:35:19.937] [LeftTransferStation] Vacuum Error
[14:35:43.052] [LeftTransferStation] Vacuum Error
[14:36:14.135] [RightTransferStation] Move XY Axis Error
[14:36:47.196] [LeftTransferStation] Vacuum Error
[14:37:26.638] [RightTransferStation] Move XY Axis Error
[14:37:28.265] [RightTransferStation] Move XY Axis Error
[14:38:15.603] [RightTransferStation] Move XY Axis Error
[14:43:31.386] [LeftPPStation] Unload Cylinder Vacuum Error
[14:43:44.358] [LeftPPStation] Unload Cylinder Vacuum Error
[14:44:13.742] [LeftTransferStation] Vacuum Error
[14:44:25.307] [LeftTransferStation] Vacuum Error
[14:44:55.046] [MainControlStation] Left Door Open
[14:47:02.061] [LeftPPStation] Unload Cylinder Vacuum Error
[14:47:13.048] [LeftPPStation] Unload Cylinder Vacuum Error
[14:47:39.439] [LeftPPStation] Unload Cylinder Vacuum Error
[14:47:54.648] [RightTransferStation] Move XY Axis Error
[14:48:41.329] [RightTransferStation] Move XY Axis Error
[14:49:07.599] [LeftPPStation] Unload Cylinder Vacuum Error
[14:49:13.847] [LeftPPStation] Unload Cylinder Vacuum Error
[14:49:20.338] [LeftPPStation] Unload Cylinder Vacuum Error
[14:50:01.520] [LeftTransferStation] Vacuum Error
[14:50:18.798] [LeftTransferStation] Vacuum Error
[14:51:52.509] [LeftPPStation] Unload Cylinder Vacuum Error
[14:54:37.660] [LeftPPStation] Unload Cylinder Vacuum Error
[14:56:07.444] [LeftPPStation] Unload Cylinder Vacuum Error
[15:08:46.102] [RightTransferStation] Move XY Axis Error
[15:24:10.171] [RightTransferStation] Move Z Axis Error
[15:24:29.958] [RightTransferStation] Move Z Axis Error
[15:24:38.785] [RightPPStation] Move Axis Error
[15:24:55.777] [MainControlStation] Right Door Open
[15:24:58.180] [MainControlStation] Right Door Open
[15:25:00.672] [RightPPStation] Move Axis Error
[15:30:10.660] [RightTransferStation] Move XY Axis Error
[15:30:24.201] [RightTransferStation] Move XY Axis Error
[15:35:06.509] [LeftPPStation] Unload Cylinder Vacuum Error
[15:43:20.862] [RightTransferStation] Move XY Axis Error
[15:47:59.223] [LeftPPStation] Unload Cylinder Vacuum Error
[20:08:14.086] [LeftTransferStation] Set Double Place
[20:11:56.903] [RightTransferStation] Move XY Axis Error
[20:12:09.237] [RightTransferStation] Move XY Axis Error
[20:13:48.128] [RightTransferStation] Move XY Axis Error
[20:13:54.183] [RightTransferStation] Move XY Axis Error
[20:13:57.095] [RightTransferStation] Move XY Axis Error
[20:14:02.941] [RightTransferStation] Move XY Axis Error
[20:14:45.083] [RightTransferStation] Move XY Axis Error
[20:14:59.829] [RightTransferStation] Move XY Axis Error
[20:19:26.431] [RightTransferStation] Move XY Axis Error
[20:19:43.308] [RightTransferStation] Move XY Axis Error
[20:35:15.252] [RightTransferStation] Move XY Axis Error
[20:35:29.669] [RightTransferStation] Move XY Axis Error
[20:43:15.562] [RightTransferStation] Move XY Axis Error
[20:43:32.079] [RightTransferStation] Move XY Axis Error
[20:43:49.437] [RightTransferStation] Move XY Axis Error
[20:44:05.988] [RightTransferStation] Move XY Axis Error
[20:44:31.098] [RightTransferStation] Move XY Axis Error
[20:44:53.994] [RightTransferStation] Move XY Axis Error
[20:48:02.464] [RightTransferStation] Move XY Axis Error
[20:48:20.436] [RightTransferStation] Move XY Axis Error
[20:51:54.446] [LeftPPStation] Unload Cylinder Vacuum Error
[20:52:11.403] [LeftTransferStation] Set Double Place
[20:57:44.381] [RightTransferStation] Move XY Axis Error
[20:58:00.537] [RightTransferStation] Move XY Axis Error
[20:58:23.164] [LeftPPStation] Unload Cylinder Vacuum Error
[20:58:31.940] [LeftPPStation] Unload Cylinder Vacuum Error
[20:58:41.310] [LeftPPStation] Unload Cylinder Vacuum Error
[20:59:11.433] [RightTransferStation] Move XY Axis Error
[20:59:32.433] [RightTransferStation] Move XY Axis Error
[21:04:23.675] [RightTransferStation] Move XY Axis Error
[21:04:42.863] [RightTransferStation] Move XY Axis Error
[21:05:19.491] [LeftTransferStation] Set Double Place
[21:12:55.030] [RightTransferStation] Move XY Axis Error
[21:13:13.423] [RightTransferStation] Move XY Axis Error
[21:16:48.081] [RightTransferStation] Move XY Axis Error
[21:17:04.399] [RightTransferStation] Move XY Axis Error
[21:20:01.308] [RightTransferStation] Move XY Axis Error
[21:20:16.912] [RightTransferStation] Move XY Axis Error
[21:20:56.862] [RightTransferStation] Move XY Axis Error
[21:21:01.664] [RightTransferStation] Move XY Axis Error
[21:21:09.772] [LeftPPStation] Unload Cylinder Vacuum Error
[21:21:18.558] [LeftPPStation] Unload Cylinder Vacuum Error
[21:21:28.622] [LeftPPStation] Unload Cylinder Vacuum Error
[21:21:35.538] [RightTransferStation] Move XY Axis Error
[21:21:46.858] [LeftPPStation] Unload Cylinder Vacuum Error
[21:22:19.297] [RightTransferStation] Move XY Axis Error
[21:26:34.376] [RightTransferStation] Move XY Axis Error
[21:26:54.905] [RightTransferStation] Move XY Axis Error
[21:32:00.704] [RightTransferStation] Move XY Axis Error
[21:32:17.985] [RightTransferStation] Move XY Axis Error
[21:33:56.215] [RightTransferStation] Move XY Axis Error
[21:34:13.681] [RightTransferStation] Move XY Axis Error
[21:35:19.159] [RightTransferStation] Move XY Axis Error
[21:35:40.037] [RightTransferStation] Move XY Axis Error
[21:42:27.923] [RightTransferStation] Move XY Axis Error
[21:42:43.937] [RightTransferStation] Move XY Axis Error
[21:43:52.163] [RightTransferStation] Move XY Axis Error
[21:44:11.497] [RightTransferStation] Move XY Axis Error
[21:44:43.682] [RightTransferStation] Move XY Axis Error
[21:45:01.101] [RightTransferStation] Move XY Axis Error
[21:51:53.097] [RightTransferStation] Move XY Axis Error
[21:52:09.714] [RightTransferStation] Move XY Axis Error
[21:52:50.976] [LeftPPStation] Unload Cylinder Vacuum Error
[21:52:55.133] [RightTransferStation] Move XY Axis Error
[21:52:59.986] [LeftPPStation] Unload Cylinder Vacuum Error
[21:53:07.275] [LeftPPStation] Unload Cylinder Vacuum Error
[21:53:12.566] [RightTransferStation] Move XY Axis Error
[21:53:16.246] [LeftPPStation] Unload Cylinder Vacuum Error
[21:53:26.339] [LeftPPStation] Unload Cylinder Vacuum Error
[21:53:33.660] [LeftPPStation] Unload Cylinder Vacuum Error
[21:53:41.965] [LeftPPStation] Unload Cylinder Vacuum Error
[21:53:53.723] [LeftPPStation] Unload Cylinder Vacuum Error
[21:54:04.771] [LeftPPStation] Unload Cylinder Vacuum Error
[21:54:13.843] [LeftPPStation] Unload Cylinder Vacuum Error
[21:54:22.291] [LeftPPStation] Unload Cylinder Vacuum Error
[21:59:25.134] [LeftPPStation] Unload Cylinder Vacuum Error
[21:59:34.810] [LeftPPStation] Unload Cylinder Vacuum Error
[22:00:53.470] [RightTransferStation] Move Z Axis Error
[22:07:07.645] [RightTransferStation] Move XY Axis Error
[22:07:11.154] [RightTransferStation] Move XY Axis Error
[22:07:22.229] [RightTransferStation] Move XY Axis Error
[22:07:26.098] [RightTransferStation] Move XY Axis Error
[22:07:51.482] [RightTransferStation] Move XY Axis Error
[22:08:05.988] [RightTransferStation] Move XY Axis Error
[22:08:29.014] [LeftPPStation] Unload Cylinder Vacuum Error
[22:13:55.107] [RightTransferStation] Move XY Axis Error
[22:14:10.101] [RightTransferStation] Move XY Axis Error
[22:18:13.896] [RightTransferStation] Move XY Axis Error
[22:18:30.183] [RightTransferStation] Move XY Axis Error
[22:24:50.478] [LeftPPStation] Unload Cylinder Vacuum Error
[22:29:58.884] [RightTransferStation] Move XY Axis Error
[22:30:13.282] [RightTransferStation] Move XY Axis Error
[22:36:02.526] [RightTransferStation] Move XY Axis Error
[22:36:25.387] [RightTransferStation] Move XY Axis Error
[22:47:25.544] [RightTransferStation] Move XY Axis Error
[22:47:39.897] [RightTransferStation] Move XY Axis Error
[22:52:18.213] [LeftPPStation] Unload Cylinder Vacuum Error
[22:58:45.505] [LeftPPStation] Unload Cylinder Vacuum Error
[22:59:43.694] [RightTransferStation] Move XY Axis Error
[23:00:00.974] [RightTransferStation] Move XY Axis Error
[23:04:53.172] [LeftPPStation] Unload Cylinder Vacuum Error
[23:10:43.625] [RightTransferStation] Move XY Axis Error
[23:11:00.643] [RightTransferStation] Move XY Axis Error
[23:11:53.141] [LeftPPStation] Unload Cylinder Vacuum Error
[23:14:48.378] [RightTransferStation] Move XY Axis Error
[23:15:16.086] [RightTransferStation] Move XY Axis Error
[23:19:14.433] [LeftPPStation] Unload Cylinder Vacuum Error
[23:38:01.538] [RightTransferStation] Move XY Axis Error
[23:38:16.336] [RightTransferStation] Move XY Axis Error
[23:47:09.081] [RightTransferStation] Move XY Axis Error
[23:47:24.029] [RightTransferStation] Move XY Axis Error
[23:53:33.718] [RightTransferStation] Move XY Axis Error
[23:53:51.217] [RightTransferStation] Move XY Axis Error
[23:54:18.541] [RightTransferStation] Move XY Axis Error
[23:54:33.599] [RightTransferStation] Move XY Axis Error
