[06:57:11.038] ---- [Flow] CT_START Set
[06:57:11.061] ---- [Event] AutoStop : CT_START
[06:57:11.062] [m_nState] Auto State
[06:57:12.194] ---- [Flow] CT_START Set
[09:31:13.646] ---- [Flow] CT_STOP Set
[09:31:13.668] ---- [Event] Auto : CT_STOP
[09:31:13.669] --------- [Monitor] StopTasks() : before m_stopped
[09:31:13.688] --------- [Monitor] StopTasks() : m_stopped
[09:31:13.689] [m_nState] AutoStop State
[09:40:28.480] ---- [Flow] CT_START Set
[09:40:28.502] ---- [Event] AutoStop : CT_START
[09:40:28.503] [m_nState] Auto State
[09:40:29.753] ---- [Flow] CT_START Set
[11:46:35.594] ---- [Flow] CT_STOP Set
[11:46:35.617] ---- [Event] Auto : CT_STOP
[11:46:35.618] --------- [Monitor] StopTasks() : before m_stopped
[11:46:35.740] --------- [Monitor] StopTasks() : m_stopped
[11:46:35.741] [m_nState] AutoStop State
[12:24:51.686] ---- [Flow] CT_START Set
[12:24:51.708] ---- [Event] AutoStop : CT_START
[12:24:51.709] [m_nState] Auto State
[12:24:52.993] ---- [Flow] CT_START Set
[12:39:42.986] ---- [Flow] CT_START Set
[12:40:01.596] ---- [Flow] CT_START Set
[14:16:50.743] ---- [Flow] CT_START Set
[14:17:04.774] ---- [Flow] CT_START Set
[14:21:08.623] ---- [Flow] CT_START Set
[14:21:11.426] ---- [Flow] CT_STOP Set
[14:21:11.449] ---- [Event] Auto : CT_STOP
[14:21:11.450] --------- [Monitor] StopTasks() : before m_stopped
[14:21:11.489] --------- [Monitor] StopTasks() : m_stopped
[14:21:11.490] [m_nState] AutoStop State
[14:21:22.384] ---- [Flow] CT_START Set
[14:21:22.407] ---- [Event] AutoStop : CT_START
[14:21:22.408] [m_nState] Auto State
[14:21:23.056] ---- [Flow] CT_START Set
[14:27:02.555] ---- [Flow] CT_STOP Set
[14:27:02.578] ---- [Event] Auto : CT_STOP
[14:27:02.579] --------- [Monitor] StopTasks() : before m_stopped
[14:27:02.686] --------- [Monitor] StopTasks() : m_stopped
[14:27:02.687] [m_nState] AutoStop State
[14:30:20.286] ---- [Flow] CT_START Set
[14:30:20.308] ---- [Event] AutoStop : CT_START
[14:30:20.309] [m_nState] Auto State
[14:30:21.585] ---- [Flow] CT_START Set
[15:31:33.831] ---- [Flow] CT_STOP Set
[15:31:33.853] ---- [Event] Auto : CT_STOP
[15:31:33.854] --------- [Monitor] StopTasks() : before m_stopped
[15:31:33.944] --------- [Monitor] StopTasks() : m_stopped
[15:31:33.945] [m_nState] AutoStop State
[16:07:02.754] ---- [Flow] CT_START Set
[16:07:02.777] ---- [Event] AutoStop : CT_START
[16:07:02.778] [m_nState] Auto State
[16:24:21.461] ---- [Flow] CT_START Set
[16:32:34.009] ---- [Flow] CT_STOP Set
[16:32:34.032] ---- [Event] Auto : CT_STOP
[16:32:34.033] --------- [Monitor] StopTasks() : before m_stopped
[16:32:34.468] --------- [Monitor] StopTasks() : m_stopped
[16:32:34.469] [m_nState] AutoStop State
[16:32:41.917] ---- [Flow] CT_START Set
[16:32:41.940] ---- [Event] AutoStop : CT_START
[16:32:41.941] [m_nState] Auto State
[16:32:42.994] ---- [Flow] CT_START Set
[16:53:24.019] ---- [Flow] CT_STOP Set
[16:53:24.041] ---- [Event] Auto : CT_STOP
[16:53:24.042] --------- [Monitor] StopTasks() : before m_stopped
[16:53:24.107] --------- [Monitor] StopTasks() : m_stopped
[16:53:24.108] [m_nState] AutoStop State
