[11:56:33.303] ---- [Flow] CT_START Set
[11:56:33.326] ---- [Event] AutoStop : CT_START
[11:56:33.326] [m_nState] Auto State
[11:56:33.916] ---- [Flow] CT_START Set
[13:48:35.307] ---- [Flow] CT_STOP Set
[13:48:35.329] ---- [Event] Auto : CT_STOP
[13:48:35.329] --------- [Monitor] StopTasks() : before m_stopped
[13:48:35.355] ---- [Flow] CT_STOP Set
[13:48:35.399] ---- [Flow] CT_STOP Set
[13:48:35.442] ---- [Flow] CT_STOP Set
[13:48:35.488] ---- [Flow] CT_STOP Set
[13:48:35.532] ---- [Flow] CT_STOP Set
[13:48:36.307] --------- [Monitor] StopTasks() : m_stopped
[13:48:36.308] [m_nState] AutoStop State
[13:48:51.757] ---- [Flow] CT_STOP Set
[13:48:52.612] ---- [Flow] CT_STOP Set
[13:48:52.766] ---- [Flow] CT_STOP Set
[13:48:52.800] ---- [Flow] CT_STOP Set
[13:48:52.832] ---- [Flow] CT_STOP Set
[15:34:09.096] ---- [Flow] CT_START Set
[15:34:09.118] ---- [Event] AutoStop : CT_START
[15:34:09.118] [m_nState] Auto State
[15:34:10.304] ---- [Flow] CT_START Set
[15:42:01.189] ---- [Flow] CT_STOP Set
[15:42:01.211] ---- [Event] Auto : CT_STOP
[15:42:01.211] --------- [Monitor] StopTasks() : before m_stopped
[15:42:01.475] --------- [Monitor] StopTasks() : m_stopped
[15:42:01.476] [m_nState] AutoStop State
[15:42:05.592] ---- [Flow] CT_ABORT Set
[15:42:05.644] [m_nState] Init State
[15:42:05.701] ---- [Monitor] Init : m_idle
[15:42:05.722] ---- [Event] Init : CT_IDLE
[15:42:05.722] [m_nState] Idle State
[15:46:23.424] ---- [Flow] CT_START Set
[15:46:23.445] ---- [Event] Idle : CT_START
[15:46:23.445] [m_nState] Auto State
[15:46:24.384] ---- [Flow] CT_START Set
[15:46:29.433] ---- [Flow] CT_STOP Set
[15:46:29.456] ---- [Event] Auto : CT_STOP
[15:46:29.456] --------- [Monitor] StopTasks() : before m_stopped
[15:46:29.539] --------- [Monitor] StopTasks() : m_stopped
[15:46:29.540] [m_nState] AutoStop State
[15:46:36.238] ---- [Flow] CT_START Set
[15:46:36.259] ---- [Event] AutoStop : CT_START
[15:46:36.259] [m_nState] Auto State
[15:46:36.280] ---- [Flow] CT_START Set
[15:46:37.661] ---- [Flow] CT_START Set
[15:46:56.893] ---- [Flow] CT_STOP Set
[15:46:56.915] ---- [Event] Auto : CT_STOP
[15:46:56.915] --------- [Monitor] StopTasks() : before m_stopped
[15:46:56.944] --------- [Monitor] StopTasks() : m_stopped
[15:46:56.944] [m_nState] AutoStop State
[15:46:56.952] ---- [Flow] CT_STOP Set
[15:46:56.984] ---- [Flow] CT_STOP Set
[15:46:57.022] ---- [Flow] CT_STOP Set
[15:46:57.960] ---- [Flow] CT_START Set
[15:46:57.981] ---- [Event] AutoStop : CT_START
[15:46:57.981] [m_nState] Auto State
[15:46:59.319] ---- [Flow] CT_START Set
[16:01:31.757] ---- [Flow] CT_STOP Set
[16:01:31.778] ---- [Event] Auto : CT_STOP
[16:01:31.778] --------- [Monitor] StopTasks() : before m_stopped
[16:01:31.855] --------- [Monitor] StopTasks() : m_stopped
[16:01:31.855] [m_nState] AutoStop State
[16:42:20.575] ---- [Flow] CT_START Set
[16:42:20.596] ---- [Event] AutoStop : CT_START
[16:42:20.596] [m_nState] Auto State
[16:42:21.550] ---- [Flow] CT_START Set
[16:46:31.782] ---- [Flow] CT_STOP Set
[16:46:31.803] ---- [Event] Auto : CT_STOP
[16:46:31.803] --------- [Monitor] StopTasks() : before m_stopped
[16:46:31.927] --------- [Monitor] StopTasks() : m_stopped
[16:46:31.927] [m_nState] AutoStop State
[16:50:26.034] ---- [Flow] CT_START Set
[16:50:26.055] ---- [Event] AutoStop : CT_START
[16:50:26.055] [m_nState] Auto State
[16:50:26.682] ---- [Flow] CT_START Set
[17:20:24.790] ---- [Flow] CT_START Set
[17:33:32.568] ---- [Flow] CT_START Set
[18:00:19.254] ---- [Flow] CT_STOP Set
[18:00:19.275] ---- [Event] Auto : CT_STOP
[18:00:19.275] --------- [Monitor] StopTasks() : before m_stopped
[18:00:19.364] --------- [Monitor] StopTasks() : m_stopped
[18:00:19.365] [m_nState] AutoStop State
[18:05:21.590] ---- [Flow] CT_START Set
[18:05:21.611] ---- [Event] AutoStop : CT_START
[18:05:21.611] [m_nState] Auto State
[18:05:22.447] ---- [Flow] CT_START Set
[18:08:18.592] ---- [Flow] CT_STOP Set
[18:08:18.613] ---- [Event] Auto : CT_STOP
[18:08:18.613] --------- [Monitor] StopTasks() : before m_stopped
[18:08:18.632] --------- [Monitor] StopTasks() : m_stopped
[18:08:18.633] [m_nState] AutoStop State
[18:08:18.670] ---- [Flow] CT_STOP Set
[18:08:18.702] ---- [Flow] CT_STOP Set
[20:48:08.253] ---- [Flow] CT_START Set
[20:48:08.274] ---- [Event] AutoStop : CT_START
[20:48:08.274] [m_nState] Auto State
[20:48:08.948] ---- [Flow] CT_START Set
[21:00:54.403] ---- [Flow] CT_START Set
[21:01:54.947] ---- [Flow] CT_START Set
[21:02:33.938] ---- [Flow] CT_START Set
[21:02:35.645] ---- [Flow] CT_START Set
[21:02:45.801] ---- [Flow] CT_START Set
[21:16:07.357] ---- [Flow] CT_START Set
[21:16:08.902] ---- [Flow] CT_START Set
[21:27:06.898] ---- [Flow] CT_START Set
[21:34:27.902] ---- [Flow] CT_START Set
[21:40:29.673] ---- [Flow] CT_START Set
[21:40:46.541] ---- [Flow] CT_STOP Set
[21:40:46.562] ---- [Event] Auto : CT_STOP
[21:40:46.562] --------- [Monitor] StopTasks() : before m_stopped
[21:40:46.580] --------- [Monitor] StopTasks() : m_stopped
[21:40:46.581] [m_nState] AutoStop State
[21:40:46.594] ---- [Flow] CT_STOP Set
[21:40:46.629] ---- [Flow] CT_STOP Set
[21:40:46.661] ---- [Flow] CT_STOP Set
[21:40:51.527] ---- [Flow] CT_START Set
[21:40:51.549] ---- [Event] AutoStop : CT_START
[21:40:51.549] [m_nState] Auto State
[21:50:35.898] ---- [Flow] CT_START Set
[23:13:12.221] ---- [Flow] CT_START Set
[23:13:58.232] ---- [Flow] CT_STOP Set
[23:13:58.254] ---- [Event] Auto : CT_STOP
[23:13:58.254] --------- [Monitor] StopTasks() : before m_stopped
[23:13:58.290] --------- [Monitor] StopTasks() : m_stopped
[23:13:58.290] [m_nState] AutoStop State
[23:14:05.638] ---- [Flow] CT_START Set
[23:14:05.660] ---- [Event] AutoStop : CT_START
[23:14:05.660] [m_nState] Auto State
[23:14:06.520] ---- [Flow] CT_START Set
[23:30:24.888] ---- [Flow] CT_START Set
[23:58:15.375] ---- [Flow] CT_START Set
