[13:09:32.575] [LeftPPStation] Unload Buffer Set Not Exist
[13:10:43.373] [LeftTransferStation] Move XY Axis Error
[13:11:01.784] [LeftPPStation] Unload Buffer Set Not Exist
[13:11:52.998] [LeftTransferStation] Unload Buffer Set Exist
[13:12:33.655] [LeftPPStation] Unload Buffer Set Not Exist
[13:51:08.173] [MainControlStation] Right Door Open
[13:52:54.002] [MainControlStation] Right Door Open
[13:56:27.215] [MainControlStation] Right Door Open
[13:57:44.585] [MainControlStation] Right Door Open
[14:07:26.925] [MainControlStation] Right Door Open
[14:08:44.940] [MainControlStation] Right Door Open
[14:24:17.474] [MainControlStation] Right Door Open
[14:26:28.210] [RightPPStation] Load Buffer Set Exist
[14:42:25.010] [MainControlStation] Right Door Open
[14:48:11.211] [MainControlStation] Right Door Open
[14:55:45.302] [MainControlStation] Right Door Open
[14:57:34.114] [MainControlStation] Right Door Open
[15:10:14.198] [RightPPStation] Load Buffer Set Exist
[15:10:33.310] [RightTransferStation] Vacuum Error
[16:07:24.626] [MainControlStation] Right Door Open
[16:09:45.983] [MainControlStation] Right Door Open
