[08:28:17.816] [RightTransferStation] Vacuum Error
[11:32:12.180] [MainControlStation] Right Door Open
[11:52:54.760] [RightTransferStation] Vacuum Error
[12:27:36.057] [MainControlStation] Right Door Open
[12:27:40.554] [MainControlStation] Right Door Open
[12:54:31.045] [RightTransferStation] Vacuum Error
[13:02:30.827] [RightTransferStation] Vacuum Error
[13:06:18.444] [LeftTransferStation] Vacuum Error
[13:14:01.826] [RightTransferStation] Vacuum Error
[13:32:48.877] [RightTransferStation] Vacuum Error
[13:42:59.410] [RightTransferStation] Vacuum Error
[13:54:56.202] [RightTransferStation] Vacuum Error
[13:56:38.367] [LeftPPStation] Load Cylinder Up Error
[13:56:58.782] [LeftPPStation] Load Cylinder Vacuum Error
[14:05:50.087] [RightTransferStation] Vacuum Error
[14:24:19.420] [RightTransferStation] Vacuum Error
[14:39:25.414] [RightTransferStation] Vacuum Error
[14:48:32.224] [RightTransferStation] Vacuum Error
[14:58:39.916] [RightTransferStation] Vacuum Error
[15:06:55.509] [LeftTransferStation] Vacuum Error
[15:07:03.717] [LeftTransferStation] Vacuum Error
[15:15:09.013] [RightTransferStation] Vacuum Error
[15:24:43.772] [RightTransferStation] Vacuum Error
[15:42:50.646] [RightTransferStation] Vacuum Error
[16:04:20.776] [RightTransferStation] Vacuum Error
[16:18:41.114] [RightTransferStation] Vacuum Error
[16:20:06.309] [MainControlStation] Right Door Open
