[01:12:04.069] ---- [Flow] CT_START Set
[01:12:04.093] ---- [Event] Idle : CT_START
[01:12:04.094] [m_nState] Auto State
[01:12:06.626] ---- [Flow] CT_START Set
[01:12:10.633] ---- [Flow] CT_STOP Set
[01:12:10.655] ---- [Event] Auto : CT_STOP
[01:12:10.656] --------- [Monitor] StopTasks() : before m_stopped
[01:12:10.677] --------- [Monitor] StopTasks() : m_stopped
[01:12:10.678] [m_nState] AutoStop State
[01:15:26.635] ---- [Flow] CT_START Set
[01:15:26.657] ---- [Event] AutoStop : CT_START
[01:15:26.658] [m_nState] Auto State
[01:15:27.489] ---- [Flow] CT_START Set
[01:18:41.021] ---- [Flow] CT_STOP Set
[01:18:41.043] ---- [Event] Auto : CT_STOP
[01:18:41.044] --------- [Monitor] StopTasks() : before m_stopped
[01:18:41.127] --------- [Monitor] StopTasks() : m_stopped
[01:18:41.128] [m_nState] AutoStop State
[01:25:02.500] ---- [Flow] CT_START Set
[01:25:02.523] ---- [Event] AutoStop : CT_START
[01:25:02.523] [m_nState] Auto State
[01:25:03.165] ---- [Flow] CT_START Set
[01:33:41.039] ---- [Flow] CT_STOP Set
[01:33:41.062] ---- [Event] Auto : CT_STOP
[01:33:41.063] --------- [Monitor] StopTasks() : before m_stopped
[01:33:41.110] --------- [Monitor] StopTasks() : m_stopped
[01:33:41.111] [m_nState] AutoStop State
[01:35:27.641] ---- [Flow] CT_START Set
[01:35:27.663] ---- [Event] AutoStop : CT_START
[01:35:27.664] [m_nState] Auto State
[01:35:28.689] ---- [Flow] CT_START Set
[01:48:41.051] ---- [Flow] CT_STOP Set
[01:48:41.073] ---- [Event] Auto : CT_STOP
[01:48:41.074] --------- [Monitor] StopTasks() : before m_stopped
[01:48:41.139] --------- [Monitor] StopTasks() : m_stopped
[01:48:41.140] [m_nState] AutoStop State
[01:49:12.448] ---- [Flow] CT_START Set
[01:49:12.471] ---- [Event] AutoStop : CT_START
[01:49:12.472] [m_nState] Auto State
[01:49:13.004] ---- [Flow] CT_START Set
[02:21:02.411] ---- [Flow] CT_STOP Set
[02:21:02.434] ---- [Event] Auto : CT_STOP
[02:21:02.435] --------- [Monitor] StopTasks() : before m_stopped
[02:21:02.501] --------- [Monitor] StopTasks() : m_stopped
[02:21:02.502] [m_nState] AutoStop State
[02:30:12.996] ---- [Flow] CT_START Set
[02:30:13.018] ---- [Event] AutoStop : CT_START
[02:30:13.019] [m_nState] Auto State
[02:30:14.321] ---- [Flow] CT_START Set
[03:32:20.168] ---- [Flow] CT_START Set
[03:44:19.347] ---- [Flow] CT_STOP Set
[03:44:19.369] ---- [Event] Auto : CT_STOP
[03:44:19.370] --------- [Monitor] StopTasks() : before m_stopped
[03:44:19.441] --------- [Monitor] StopTasks() : m_stopped
[03:44:19.442] [m_nState] AutoStop State
[08:54:43.949] ---- [Flow] CT_START Set
[08:54:43.972] ---- [Event] AutoStop : CT_START
[08:54:43.973] [m_nState] Auto State
[08:54:44.813] ---- [Flow] CT_START Set
[10:51:02.815] ---- [Flow] CT_START Set
[10:51:30.089] ---- [Flow] CT_START Set
[10:51:36.350] ---- [Flow] CT_START Set
[10:55:12.388] ---- [Flow] CT_STOP Set
[10:55:12.409] ---- [Event] Auto : CT_STOP
[10:55:12.410] --------- [Monitor] StopTasks() : before m_stopped
[10:55:12.535] ---- [Flow] CT_STOP Set
[10:55:13.353] --------- [Monitor] StopTasks() : m_stopped
[10:55:13.354] [m_nState] AutoStop State
[10:55:21.987] ---- [Flow] CT_START Set
[10:55:22.010] ---- [Event] AutoStop : CT_START
[10:55:22.011] [m_nState] Auto State
[10:55:44.381] ---- [Flow] CT_START Set
[11:30:42.996] ---- [Flow] CT_STOP Set
[11:30:43.019] ---- [Event] Auto : CT_STOP
[11:30:43.020] --------- [Monitor] StopTasks() : before m_stopped
[11:30:43.252] --------- [Monitor] StopTasks() : m_stopped
[11:30:43.253] [m_nState] AutoStop State
[11:38:43.610] ---- [Flow] CT_START Set
[11:38:43.633] ---- [Event] AutoStop : CT_START
[11:38:43.634] [m_nState] Auto State
[11:38:44.302] ---- [Flow] CT_START Set
[13:45:43.091] ---- [Flow] CT_STOP Set
[13:45:43.113] ---- [Event] Auto : CT_STOP
[13:45:43.114] --------- [Monitor] StopTasks() : before m_stopped
[13:45:43.170] ---- [Flow] CT_STOP Set
[13:45:43.216] ---- [Flow] CT_STOP Set
[13:45:43.237] --------- [Monitor] StopTasks() : m_stopped
[13:45:43.238] [m_nState] AutoStop State
[14:25:51.897] ---- [Flow] CT_START Set
[14:25:51.919] ---- [Event] AutoStop : CT_START
[14:25:51.920] [m_nState] Auto State
[14:36:35.611] ---- [Flow] CT_START Set
[16:20:54.955] ---- [Flow] CT_STOP Set
[16:20:54.978] ---- [Event] Auto : CT_STOP
[16:20:54.979] --------- [Monitor] StopTasks() : before m_stopped
[16:20:55.015] ---- [Flow] CT_STOP Set
[16:20:55.066] ---- [Flow] CT_STOP Set
[16:20:55.332] --------- [Monitor] StopTasks() : m_stopped
[16:20:55.333] [m_nState] AutoStop State
[16:29:36.588] ---- [Flow] CT_START Set
[16:29:36.610] ---- [Event] AutoStop : CT_START
[16:29:36.611] [m_nState] Auto State
[16:29:37.464] ---- [Flow] CT_START Set
[17:58:14.852] ---- [Flow] CT_STOP Set
[17:58:14.874] ---- [Event] Auto : CT_STOP
[17:58:14.875] --------- [Monitor] StopTasks() : before m_stopped
[17:58:14.907] --------- [Monitor] StopTasks() : m_stopped
[17:58:14.908] [m_nState] AutoStop State
[18:13:36.845] ---- [Flow] CT_START Set
[18:13:36.867] ---- [Event] AutoStop : CT_START
[18:13:36.868] [m_nState] Auto State
[18:28:46.069] ---- [Flow] CT_STOP Set
[18:28:46.092] ---- [Event] Auto : CT_STOP
[18:28:46.093] --------- [Monitor] StopTasks() : before m_stopped
[18:28:46.159] --------- [Monitor] StopTasks() : m_stopped
[18:28:46.160] [m_nState] AutoStop State
[21:40:22.862] ---- [Flow] CT_START Set
[21:40:22.885] ---- [Event] AutoStop : CT_START
[21:40:22.886] [m_nState] Auto State
[21:40:28.423] ---- [Flow] CT_STOP Set
[21:40:28.445] ---- [Event] Auto : CT_STOP
[21:40:28.446] --------- [Monitor] StopTasks() : before m_stopped
[21:40:28.513] --------- [Monitor] StopTasks() : m_stopped
[21:40:28.514] [m_nState] AutoStop State
[21:56:18.850] ---- [Flow] CT_START Set
[21:56:18.872] ---- [Event] AutoStop : CT_START
[21:56:18.873] [m_nState] Auto State
[21:56:20.481] ---- [Flow] CT_START Set
