[00:04:45.765] [RightTransferStation] Move XY Axis Error
[00:05:08.854] [RightTransferStation] Move XY Axis Error
[00:09:30.134] [RightTransferStation] Move XY Axis Error
[00:09:43.665] [RightTransferStation] Move XY Axis Error
[01:05:15.206] [LeftTransferStation] Move XY Axis Error
[02:27:15.541] [RightTransferStation] Vacuum Error
[02:44:10.785] [LeftPPStation] Load Cylinder Vacuum Error
[02:46:24.013] [RightTransferStation] Vacuum Error
[03:00:54.676] [LeftPPStation] Load Cylinder Vacuum Error
[03:56:52.464] [RightTransferStation] Move XY Axis Error
[03:57:50.466] [RightTransferStation] Move XY Axis Error
[04:09:03.942] [RightTransferStation] Move XY Axis Error
[04:09:09.063] [RightTransferStation] Move XY Axis Error
[04:09:16.583] [RightTransferStation] Move XY Axis Error
[04:09:23.136] [RightTransferStation] Move XY Axis Error
[04:31:26.523] [MainControlStation] Right Door Open
[04:57:45.396] [MainControlStation] Right Door Open
[04:58:08.530] [RightTransferStation] Vacuum Error
[05:04:01.011] [LeftTransferStation] Vacuum Error
[05:19:59.758] [LeftTransferStation] Vacuum Error
[05:20:17.206] [LeftTransferStation] Vacuum Error
[09:46:48.849] [RightPPStation] Load Cylinder Vacuum Error
[10:08:14.538] [LeftPPStation] Load Cylinder Vacuum Error
[10:12:43.833] [LeftPPStation] Load Cylinder Vacuum Error
[10:13:08.080] [LeftTransferStation] Vacuum Error
[10:47:30.476] [RightTransferStation] Move XY Axis Error
[10:47:37.579] [RightTransferStation] Move XY Axis Error
[10:47:48.450] [RightTransferStation] Move XY Axis Error
[12:40:20.162] [RightTransferStation] Move XY Axis Error
[12:40:27.191] [RightTransferStation] Move XY Axis Error
[12:40:32.158] [RightTransferStation] Move XY Axis Error
[12:40:38.865] [RightTransferStation] Move XY Axis Error
[13:29:57.333] [RightTransferStation] Move XY Axis Error
[13:30:07.506] [RightTransferStation] Move XY Axis Error
[13:30:13.654] [RightTransferStation] Move XY Axis Error
[15:04:31.335] [RightPPStation] Unload Cylinder Vacuum Error
[15:05:19.978] [RightPPStation] Unload Cylinder Vacuum Error
[15:05:35.389] [MainControlStation] Right Door Open
[15:06:43.988] [RightPPStation] Unload Cylinder Vacuum Error
[16:50:29.605] [RightTransferStation] Move XY Axis Error
[17:29:36.771] [RightPPStation] Load Cylinder Up Error
[17:29:46.980] [RightPPStation] Load Cylinder Up Error
[17:30:05.844] [RightPPStation] Load Cylinder Up Error
[17:30:25.917] [RightPPStation] Load Cylinder Up Error
[17:30:46.583] [RightPPStation] Load Cylinder Up Error
[17:32:20.267] [RightPPStation] Load Cylinder Vacuum Error
[17:52:01.867] [RightPPStation] Load Cylinder Up Error
[17:52:12.861] [RightPPStation] Load Cylinder Up Error
[17:52:14.836] [RightPPStation] Load Cylinder Vacuum Error
[18:01:48.008] [RightPPStation] Load Buffer Set Exist
[18:02:09.199] [RightPPStation] Load Buffer Set Exist
[18:02:12.943] [RightPPStation] Load Buffer Set Exist
[18:02:28.447] [RightTransferStation] Vacuum Error
[18:06:34.728] [LeftPPStation] Load Cylinder Vacuum Error
[18:42:02.031] [RightTransferStation] Move XY Axis Error
[18:47:34.655] [RightTransferStation] Move XY Axis Error
[18:58:16.625] [MainControlStation] Right Door Open
[18:59:19.205] [LeftTransferStation] Vacuum Error
[18:59:39.942] [LeftTransferStation] Vacuum Error
[19:04:22.122] [RightTransferStation] Vacuum Error
[19:16:02.244] [RightTransferStation] Vacuum Error
[19:16:40.963] [MainControlStation] Left Door Open
[20:36:44.415] [LeftTransferStation] Vacuum Error
[21:47:06.040] [RightTransferStation] Vacuum Error
[23:15:21.827] [RightTransferStation] Move XY Axis Error
[23:15:35.292] [RightTransferStation] Move XY Axis Error
[23:15:43.603] [RightTransferStation] Move XY Axis Error
[23:38:47.607] [RightTransferStation] Vacuum Error
