[01:05:34.161] [RightTransferStation] Vacuum Error
[02:43:40.633] [RightPPStation] Load Cylinder Vacuum Error
[02:56:18.905] [LeftTransferStation] Vacuum Error
[02:56:32.150] [LeftTransferStation] Vacuum Error
[03:34:21.240] [LeftTransferStation] Vacuum Error
[03:53:30.864] [RightTransferStation] Vacuum Error
[04:28:53.757] [RightTransferStation] Move XY Axis Error
[15:03:49.529] [RightPPStation] Load Cylinder Vacuum Error
[15:06:17.300] [RightTransferStation] Vacuum Error
[16:40:03.879] [RightTransferStation] Vacuum Error
[16:49:59.746] [RightTransferStation] Vacuum Error
[16:52:03.900] [RightTransferStation] Vacuum Error
[16:55:55.829] [LeftTransferStation] Vacuum Error
[16:57:43.635] [LeftTransferStation] Vacuum Error
[17:10:42.608] [LeftPPStation] Load Cylinder Up Error
[17:10:48.778] [LeftPPStation] Load Cylinder Up Error
[17:10:55.266] [LeftPPStation] Load Cylinder Up Error
[17:10:57.103] [LeftPPStation] Load Cylinder Vacuum Error
[17:11:16.162] [RightPPStation] Load Cylinder Up Error
[17:11:19.924] [RightPPStation] Load Cylinder Vacuum Error
