[08:14:08.232] [LeftPPStation] Unload Cylinder Vacuum Error
[09:15:37.904] [RightPPStation] Load Cylinder Vacuum Error
[09:30:02.384] [LeftPPStation] Load Cylinder Vacuum Error
[09:47:16.705] [RightPPStation] Unload Cylinder Vacuum Error
[09:55:05.249] [LeftPPStation] Unload Cylinder Vacuum Error
[10:03:07.292] [MainControlStation] Right Door Open
[10:06:04.582] [RightPPStation] Unload Cylinder Vacuum Error
[10:59:24.370] [RightPPStation] Unload Cylinder Vacuum Error
[11:00:36.218] [RightPPStation] Unload Cylinder Vacuum Error
[11:56:41.162] [RightTransferStation] Vacuum Error
[13:11:09.960] [MainControlStation] Right Door Open
[13:11:56.973] [RightPPStation] Load Cylinder Vacuum Error
[13:28:21.770] [RightTransferStation] Vacuum Error
[13:28:31.179] [RightTransferStation] Vacuum Error
[13:37:10.737] [RightPPStation] Unload Cylinder Vacuum Error
[13:37:47.854] [LeftTransferStation] Vacuum Error
[13:38:44.596] [LeftTransferStation] Vacuum Error
[13:51:35.050] [LeftPPStation] Unload Cylinder Vacuum Error
[13:58:44.989] [LeftPPStation] Unload Cylinder Vacuum Error
[14:01:47.561] [RightTransferStation] Vacuum Error
[14:16:50.622] [LeftPPStation] Unload Cylinder Vacuum Error
[14:17:00.535] [MainControlStation] Right Door Open
[14:17:19.591] [RightPPStation] Load Cylinder Up Error
[14:17:29.406] [LeftPPStation] Unload Cylinder Vacuum Error
[14:17:34.554] [RightPPStation] Load Cylinder Up Error
[14:17:43.958] [RightPPStation] Load Cylinder Up Error
[14:18:18.359] [RightPPStation] Load Cylinder Up Error
[14:18:25.749] [RightPPStation] Load Cylinder Vacuum Error
[14:18:30.363] [RightPPStation] Unload Buffer Set Not Exist
[14:57:11.705] [LeftPPStation] Unload Cylinder Vacuum Error
[15:13:17.251] [RightPPStation] Load Buffer Set Exist
[15:14:05.382] [RightTransferStation] Vacuum Error
[15:18:39.035] [LeftTransferStation] Set Double Place
[15:23:07.032] [RightPPStation] Load Cylinder Vacuum Error
[15:23:18.917] [RightPPStation] Load Cylinder Vacuum Error
[15:34:17.077] [RightTransferStation] Move XY Axis Error
[15:34:22.487] [RightTransferStation] Move XY Axis Error
[15:34:28.479] [RightTransferStation] Move XY Axis Error
[15:34:32.270] [RightTransferStation] Move XY Axis Error
[15:34:35.107] [RightTransferStation] Move XY Axis Error
[16:24:43.563] [LeftTransferStation] Vacuum Error
[16:41:52.194] [RightTransferStation] Move XY Axis Error
[16:41:58.671] [RightTransferStation] Move XY Axis Error
[16:42:00.610] [RightTransferStation] Move XY Axis Error
[16:42:02.438] [RightTransferStation] Move XY Axis Error
[16:42:13.241] [RightTransferStation] Move XY Axis Error
[16:42:49.690] [RightTransferStation] Move XY Axis Error
[16:42:55.690] [RightTransferStation] Move XY Axis Error
[16:42:58.566] [RightTransferStation] Move XY Axis Error
[16:45:24.248] [RightTransferStation] Move XY Axis Error
[16:45:40.891] [RightPPStation] Unload Buffer Set Not Exist
[16:55:37.958] [LeftTransferStation] Vacuum Error
[16:55:49.841] [LeftTransferStation] Vacuum Error
[16:58:06.959] [LeftTransferStation] Vacuum Error
[17:28:19.805] [RightTransferStation] Move XY Axis Error
[17:28:39.456] [RightTransferStation] Move XY Axis Error
[17:30:46.460] [RightTransferStation] Move XY Axis Error
[17:31:02.121] [RightTransferStation] Move XY Axis Error
[17:31:17.714] [RightTransferStation] Move XY Axis Error
[17:31:23.819] [RightTransferStation] Move XY Axis Error
[17:31:38.823] [RightTransferStation] Move XY Axis Error
[17:32:10.421] [RightTransferStation] Move XY Axis Error
[17:32:21.324] [RightTransferStation] Move XY Axis Error
[17:32:32.162] [RightTransferStation] Move XY Axis Error
[20:04:19.781] [RightTransferStation] Move XY Axis Error
[20:04:38.942] [RightTransferStation] Vacuum Error
[20:04:45.208] [RightTransferStation] Vacuum Error
[20:05:03.841] [RightTransferStation] Vacuum Error
[20:05:12.500] [RightTransferStation] Vacuum Error
[20:05:20.574] [RightTransferStation] Vacuum Error
[20:07:00.473] [RightTransferStation] Vacuum Error
[20:12:26.080] [RightTransferStation] Vacuum Error
[20:12:34.557] [RightTransferStation] Vacuum Error
[20:12:54.039] [RightTransferStation] Vacuum Error
[20:13:00.844] [RightTransferStation] Vacuum Error
[20:13:09.732] [RightTransferStation] Vacuum Error
[20:13:22.756] [RightTransferStation] Vacuum Error
[20:16:36.517] [RightTransferStation] Vacuum Error
[20:16:46.289] [RightTransferStation] Vacuum Error
[22:37:28.811] [LeftPPStation] Unload Cylinder Vacuum Error
