[04:19:28.270] [MainControlStation] Right Door Open
[07:20:03.308] [LeftTransferStation] Move XY Axis Error
[07:20:25.249] [MainControlStation] Left Door Open
[07:23:19.823] [RightTransferStation] Move Z Axis Error
[07:23:29.581] [LeftTransferStation] Move XY Axis Error
[07:23:31.396] [LeftTransferStation] Move XY Axis Error
[07:26:51.545] [RightTransferStation] Move Z Axis Error
[07:28:42.513] [RightTransferStation] Vacuum Error
[07:29:07.676] [RightTransferStation] Move Z Axis Error
[07:29:13.150] [RightTransferStation] Move Z Axis Error
[07:47:46.809] [LeftTransferStation] Vacuum Error
[07:48:05.232] [LeftTransferStation] Set Double Place
[07:56:41.460] [LeftTransferStation] Move Z Axis Error
[07:57:24.957] [LeftTransferStation] Move Z Axis Error
[07:57:27.041] [LeftTransferStation] Move Z Axis Error
[08:12:07.076] [RightTransferStation] Move XY Axis Error
[08:12:10.869] [RightPPStation] Unload Buffer Set Not Exist
[08:18:47.961] [RightTransferStation] Vacuum Error
[08:19:21.016] [LeftPPStation] Unload Cylinder Vacuum Error
[08:24:50.664] [RightTransferStation] Move Z Axis Error
[08:25:31.655] [LeftPPStation] Unload Cylinder Vacuum Error
[08:31:44.723] [RightTransferStation] Move XY Axis Error
[08:31:48.560] [RightTransferStation] Move XY Axis Error
[08:38:24.219] [RightTransferStation] Move XY Axis Error
[08:38:33.788] [RightTransferStation] Move XY Axis Error
[08:38:35.672] [RightTransferStation] Move XY Axis Error
[08:38:38.149] [RightTransferStation] Move XY Axis Error
[08:40:12.186] [RightTransferStation] Move XY Axis Error
[08:40:15.759] [RightTransferStation] Move XY Axis Error
[08:40:17.603] [RightTransferStation] Move XY Axis Error
[08:40:19.442] [RightTransferStation] Move XY Axis Error
[08:48:06.820] [RightTransferStation] Move XY Axis Error
[08:54:03.197] [RightTransferStation] Move Z Axis Error
[08:54:17.388] [RightTransferStation] Move Z Axis Error
[09:10:05.495] [RightTransferStation] Move XY Axis Error
[09:10:11.693] [RightTransferStation] Move XY Axis Error
[09:10:13.523] [RightTransferStation] Move XY Axis Error
[09:10:15.396] [RightTransferStation] Move XY Axis Error
[09:17:04.033] [RightTransferStation] Move XY Axis Error
[09:17:07.344] [RightTransferStation] Move XY Axis Error
[09:17:09.285] [RightTransferStation] Move XY Axis Error
[09:17:11.159] [RightTransferStation] Move XY Axis Error
[09:17:13.228] [RightTransferStation] Move XY Axis Error
[09:17:15.137] [RightTransferStation] Move XY Axis Error
[09:17:16.989] [RightTransferStation] Move XY Axis Error
[09:24:20.209] [RightTransferStation] Move XY Axis Error
[09:24:24.242] [RightTransferStation] Move XY Axis Error
[09:42:43.680] [RightTransferStation] Move XY Axis Error
[09:42:49.462] [RightTransferStation] Move XY Axis Error
[10:08:41.967] [RightTransferStation] Move XY Axis Error
[10:08:53.063] [RightTransferStation] Move XY Axis Error
[10:08:54.793] [RightTransferStation] Move XY Axis Error
[10:09:11.972] [LeftPPStation] Unload Cylinder Vacuum Error
[10:15:22.931] [LeftTransferStation] Vacuum Error
[10:22:35.534] [RightTransferStation] Move XY Axis Error
[10:22:40.761] [RightTransferStation] Move XY Axis Error
[10:22:42.679] [RightTransferStation] Move XY Axis Error
[10:46:21.761] [RightTransferStation] Move XY Axis Error
[10:46:26.711] [RightTransferStation] Move XY Axis Error
[11:17:19.371] [RightTransferStation] Move XY Axis Error
[11:17:21.705] [RightTransferStation] Move XY Axis Error
[11:17:23.346] [RightTransferStation] Move XY Axis Error
[11:17:26.160] [RightTransferStation] Move XY Axis Error
[11:17:30.218] [RightTransferStation] Move XY Axis Error
[11:17:31.860] [RightTransferStation] Move XY Axis Error
[11:19:12.729] [RightTransferStation] Move XY Axis Error
[11:19:15.564] [RightTransferStation] Move XY Axis Error
[11:19:52.601] [RightTransferStation] Move XY Axis Error
[11:51:38.300] [LeftPPStation] Load Cylinder Vacuum Error
[11:58:48.026] [MainControlStation] Right Door Open
[12:10:51.185] [MainControlStation] Right Door Open
[12:25:19.429] [RightTransferStation] Move XY Axis Error
[12:25:26.416] [RightTransferStation] Move XY Axis Error
[12:35:34.495] [RightTransferStation] Move XY Axis Error
[12:35:39.334] [RightTransferStation] Move XY Axis Error
[12:35:41.043] [RightTransferStation] Move XY Axis Error
[12:35:43.037] [RightTransferStation] Move XY Axis Error
[12:35:45.235] [RightTransferStation] Move XY Axis Error
[12:35:47.135] [RightTransferStation] Move XY Axis Error
[12:45:59.181] [RightTransferStation] Move Z Axis Error
[12:46:04.446] [RightTransferStation] Move Z Axis Error
[12:46:10.411] [RightTransferStation] Move Z Axis Error
[12:46:31.568] [RightTransferStation] Move Z Axis Error
[13:02:22.271] [LeftPPStation] Unload Cylinder Vacuum Error
[13:20:18.120] [LeftTransferStation] Vacuum Error
[13:23:49.477] [RightTransferStation] Move XY Axis Error
[13:23:53.856] [RightTransferStation] Move XY Axis Error
[13:23:55.771] [RightTransferStation] Move XY Axis Error
[13:23:57.900] [RightTransferStation] Move XY Axis Error
[13:24:00.177] [RightTransferStation] Move XY Axis Error
[13:24:02.673] [RightTransferStation] Move XY Axis Error
[13:28:01.562] [RightTransferStation] Move XY Axis Error
[13:28:09.616] [RightTransferStation] Move XY Axis Error
[13:28:11.482] [RightTransferStation] Move XY Axis Error
[13:45:43.051] [RightPPStation] Load Cylinder Vacuum Error
[13:45:53.812] [RightTransferStation] Move Z Axis Error
[13:47:05.481] [LeftPPStation] Load Cylinder Vacuum Error
[13:50:20.802] [RightPPStation] Load Cylinder Vacuum Error
[13:52:23.858] [RightTransferStation] Move XY Axis Error
[13:59:10.179] [RightTransferStation] Move XY Axis Error
[13:59:14.899] [RightTransferStation] Move XY Axis Error
[13:59:16.890] [RightTransferStation] Move XY Axis Error
[13:59:18.768] [RightTransferStation] Move XY Axis Error
[13:59:20.922] [RightTransferStation] Move XY Axis Error
[13:59:23.729] [RightTransferStation] Move XY Axis Error
[14:00:06.572] [RightTransferStation] Move Z Axis Error
[14:10:07.993] [RightTransferStation] Move XY Axis Error
[14:10:15.959] [RightTransferStation] Move XY Axis Error
[14:10:18.490] [RightTransferStation] Move XY Axis Error
[14:10:20.725] [RightTransferStation] Move XY Axis Error
[14:12:53.080] [RightTransferStation] Move XY Axis Error
[14:12:57.594] [RightTransferStation] Move XY Axis Error
[14:12:59.460] [RightTransferStation] Move XY Axis Error
[14:13:02.332] [RightTransferStation] Move XY Axis Error
[14:13:04.102] [RightTransferStation] Move XY Axis Error
[14:13:05.899] [RightTransferStation] Move XY Axis Error
[14:13:07.793] [RightTransferStation] Move XY Axis Error
[14:26:52.245] [RightTransferStation] Move XY Axis Error
[14:26:56.490] [RightTransferStation] Move XY Axis Error
[14:26:58.179] [RightTransferStation] Move XY Axis Error
[14:27:02.757] [RightTransferStation] Move XY Axis Error
[14:27:04.579] [RightTransferStation] Move XY Axis Error
[14:27:06.629] [RightTransferStation] Move XY Axis Error
[14:28:17.108] [RightTransferStation] Move XY Axis Error
[14:28:21.036] [RightTransferStation] Move XY Axis Error
[14:28:23.123] [RightTransferStation] Move XY Axis Error
[14:39:47.171] [RightTransferStation] Vacuum Error
[14:39:58.486] [RightTransferStation] Vacuum Error
[14:41:05.879] [RightTransferStation] Vacuum Error
[14:41:15.281] [RightTransferStation] Vacuum Error
[14:42:01.991] [RightTransferStation] Vacuum Error
[14:43:30.298] [RightTransferStation] Vacuum Error
[14:43:32.035] [RightTransferStation] Move XY Axis Error
[14:43:50.736] [RightTransferStation] Vacuum Error
[14:44:01.657] [RightTransferStation] Vacuum Error
[14:44:42.122] [RightTransferStation] Move XY Axis Error
[14:45:01.509] [RightTransferStation] Vacuum Error
[14:45:11.715] [RightTransferStation] Vacuum Error
[15:03:14.809] [RightTransferStation] Move Z Axis Error
[15:03:24.387] [RightTransferStation] Move Z Axis Error
[15:21:57.503] [RightPPStation] Load Cylinder Vacuum Error
[15:39:04.661] [LeftTransferStation] Set Double Place
[15:49:28.754] [RightPPStation] Load Cylinder Vacuum Error
[15:50:41.627] [RightTransferStation] Move XY Axis Error
[15:50:44.594] [RightTransferStation] Move XY Axis Error
[15:50:46.315] [RightTransferStation] Move XY Axis Error
[15:56:21.718] [RightTransferStation] Move Z Axis Error
[15:56:29.616] [RightTransferStation] Move Z Axis Error
[16:05:08.894] [RightTransferStation] Move XY Axis Error
[16:05:13.334] [RightTransferStation] Move XY Axis Error
[16:10:28.605] [RightTransferStation] Move XY Axis Error
[16:10:32.743] [RightTransferStation] Move XY Axis Error
[16:10:34.932] [RightTransferStation] Move XY Axis Error
[16:10:36.746] [RightTransferStation] Move XY Axis Error
[16:10:38.617] [RightTransferStation] Move XY Axis Error
[16:10:40.995] [RightTransferStation] Move XY Axis Error
[16:10:42.754] [RightTransferStation] Move XY Axis Error
[16:10:44.585] [RightTransferStation] Move XY Axis Error
[16:11:12.161] [RightTransferStation] Move XY Axis Error
[16:11:14.617] [RightTransferStation] Move XY Axis Error
[16:11:16.385] [RightTransferStation] Move XY Axis Error
[16:22:49.279] [MainControlStation] Left Door Open
[16:30:16.393] [RightTransferStation] Move Z Axis Error
[16:30:42.661] [RightTransferStation] Move Z Axis Error
[16:39:39.998] [RightTransferStation] Move XY Axis Error
[16:40:39.954] [RightTransferStation] Move XY Axis Error
[16:40:44.532] [RightTransferStation] Move XY Axis Error
[16:40:47.552] [RightTransferStation] Move XY Axis Error
[16:40:49.261] [RightTransferStation] Move XY Axis Error
[16:42:43.461] [RightTransferStation] Move Z Axis Error
[16:42:55.455] [RightTransferStation] Move Z Axis Error
[16:51:36.027] [RightTransferStation] Move Z Axis Error
[16:52:06.198] [RightTransferStation] Move Z Axis Error
[17:11:56.080] [RightTransferStation] Move XY Axis Error
[17:12:08.199] [RightTransferStation] Move XY Axis Error
[17:18:10.581] [RightTransferStation] Move XY Axis Error
[17:19:03.372] [RightTransferStation] Move XY Axis Error
[17:23:33.337] [MainControlStation] Right Door Open
[17:24:30.905] [LeftTransferStation] Move Z Axis Error
[17:25:09.718] [LeftTransferStation] Move Z Axis Error
[17:25:12.238] [LeftTransferStation] Move Z Axis Error
[17:33:08.802] [RightTransferStation] Move Z Axis Error
[17:34:05.927] [RightTransferStation] Move Z Axis Error
[17:39:05.005] [LeftTransferStation] Set Double Place
[17:39:44.764] [RightTransferStation] Move XY Axis Error
[17:40:06.437] [RightTransferStation] Move XY Axis Error
