[06:47:06.560] [MainControlStation] Right Door Open
[07:40:14.065] [RightPPStation] Unload Cylinder Vacuum Error
[07:40:41.112] [RightPPStation] Unload Cylinder Vacuum Error
[07:46:49.819] [LeftTransferStation] Vacuum Error
[07:47:34.525] [LeftTransferStation] Vacuum Error
[07:48:08.017] [LeftTransferStation] Vacuum Error
[08:13:06.961] [MainControlStation] Right Door Open
[08:13:19.887] [MainControlStation] Right Door Open
[08:29:37.466] [MainControlStation] Right Door Open
[08:46:22.961] [RightTransferStation] Move XY Axis Error
[08:46:33.943] [RightTransferStation] Move XY Axis Error
[08:46:37.756] [RightTransferStation] Move XY Axis Error
[08:46:43.709] [RightTransferStation] Move XY Axis Error
[08:47:44.839] [RightTransferStation] Vacuum Error
[09:25:33.082] [RightTransferStation] Move XY Axis Error
[09:25:52.597] [RightTransferStation] Move XY Axis Error
[09:30:20.916] [RightPPStation] Load Cylinder Vacuum Error
[10:12:05.578] [LeftTransferStation] Vacuum Error
[10:12:21.218] [LeftTransferStation] Vacuum Error
[10:13:28.058] [RightTransferStation] Vacuum Error
[10:25:40.316] [RightTransferStation] Move XY Axis Error
[10:25:58.709] [RightTransferStation] Move XY Axis Error
[10:30:01.538] [RightTransferStation] Move XY Axis Error
[10:30:17.990] [RightTransferStation] Move XY Axis Error
[10:50:35.338] [RightTransferStation] Move XY Axis Error
[10:52:31.953] [RightTransferStation] Move XY Axis Error
[10:56:13.591] [RightTransferStation] Vacuum Error
[11:06:44.643] [RightPPStation] Load Buffer Set Exist
[11:07:04.662] [RightPPStation] Load Buffer Set Exist
[11:07:09.313] [RightPPStation] Load Buffer Set Exist
[11:07:37.212] [RightTransferStation] Vacuum Error
[11:23:46.619] [LeftTransferStation] Vacuum Error
[12:31:22.063] [RightTransferStation] Move XY Axis Error
[12:31:39.631] [RightTransferStation] Move XY Axis Error
[12:39:08.929] [LeftTransferStation] Vacuum Error
[12:55:45.083] [RightTransferStation] Vacuum Error
[12:56:57.280] [RightPPStation] Load Cylinder Vacuum Error
[13:44:28.696] [LeftTransferStation] Vacuum Error
[13:48:25.406] [LeftTransferStation] Vacuum Error
[14:03:39.520] [MainControlStation] Right Door Open
[14:06:35.241] [MainControlStation] Right Door Open
[14:19:49.026] [RightTransferStation] Move XY Axis Error
[14:22:17.595] [RightTransferStation] Move XY Axis Error
[14:31:32.873] [RightTransferStation] Move XY Axis Error
[14:31:51.156] [RightTransferStation] Move XY Axis Error
[14:47:39.013] [RightTransferStation] Vacuum Error
[14:48:12.640] [RightTransferStation] Vacuum Error
[17:17:55.167] [RightPPStation] Unload Cylinder Vacuum Error
[17:31:30.138] [RightTransferStation] Move XY Axis Error
[17:31:56.899] [RightTransferStation] Move XY Axis Error
[17:34:33.083] [LeftTransferStation] Vacuum Error
[17:35:07.229] [LeftTransferStation] Vacuum Error
[17:38:51.380] [RightTransferStation] Move XY Axis Error
[17:39:06.670] [RightTransferStation] Move XY Axis Error
[17:47:38.884] [LeftTransferStation] Vacuum Error
[17:47:54.512] [LeftTransferStation] Vacuum Error
[17:48:19.919] [LeftTransferStation] Set Double Place
[18:04:02.443] [RightTransferStation] Move XY Axis Error
[18:04:17.825] [RightTransferStation] Move XY Axis Error
[18:04:24.826] [LeftTransferStation] Vacuum Error
[18:12:14.108] [RightTransferStation] Move XY Axis Error
[18:12:18.574] [RightTransferStation] Move XY Axis Error
[18:16:46.577] [RightPPStation] Unload Cylinder Vacuum Error
[18:18:18.003] [RightTransferStation] Move XY Axis Error
[18:18:43.840] [RightTransferStation] Move XY Axis Error
[18:19:44.439] [RightTransferStation] Move XY Axis Error
[18:19:52.676] [RightTransferStation] Move XY Axis Error
[18:19:54.600] [RightTransferStation] Move XY Axis Error
[18:19:56.552] [RightTransferStation] Move XY Axis Error
[18:30:29.796] [RightTransferStation] Move XY Axis Error
[20:06:35.420] [RightTransferStation] Move XY Axis Error
[20:49:31.864] [RightTransferStation] Move XY Axis Error
[20:49:41.621] [RightTransferStation] Move XY Axis Error
[20:49:43.350] [RightTransferStation] Move XY Axis Error
[20:49:45.980] [RightTransferStation] Move XY Axis Error
[22:09:39.600] [RightTransferStation] Move XY Axis Error
[22:09:44.868] [RightTransferStation] Move XY Axis Error
[22:09:57.759] [RightTransferStation] Move XY Axis Error
[23:01:51.250] [RightTransferStation] Move XY Axis Error
[23:02:56.459] [RightTransferStation] Move XY Axis Error
[23:04:06.224] [RightTransferStation] Vacuum Error
[23:38:52.503] [MainControlStation] Right Door Open
