[00:30:17.459] ---- [Flow] CT_STOP Set
[00:30:17.480] ---- [Event] Auto : CT_STOP
[00:30:17.480] --------- [Monitor] StopTasks() : before m_stopped
[00:30:17.514] --------- [Monitor] StopTasks() : m_stopped
[00:30:17.515] [m_nState] AutoStop State
[00:45:41.222] ---- [Flow] CT_START Set
[00:45:41.243] ---- [Event] AutoStop : CT_START
[00:45:41.243] [m_nState] Auto State
[00:45:43.396] ---- [Flow] CT_START Set
[01:18:31.302] ---- [Flow] CT_START Set
[01:19:50.317] ---- [Flow] CT_START Set
[01:20:05.315] ---- [Flow] CT_START Set
[01:26:06.581] ---- [Flow] CT_START Set
[01:28:04.740] ---- [Flow] CT_START Set
[01:29:21.082] ---- [Flow] CT_START Set
[01:44:23.463] ---- [Flow] CT_STOP Set
[01:44:23.484] ---- [Event] Auto : CT_STOP
[01:44:23.484] --------- [Monitor] StopTasks() : before m_stopped
[01:44:23.571] --------- [Monitor] StopTasks() : m_stopped
[01:44:23.571] [m_nState] AutoStop State
[02:04:33.450] ---- [Flow] CT_START Set
[02:04:33.472] ---- [Event] AutoStop : CT_START
[02:04:33.472] [m_nState] Auto State
[02:04:34.444] ---- [Flow] CT_START Set
[02:06:30.929] ---- [Flow] CT_START Set
[02:06:45.638] ---- [Flow] CT_START Set
[02:19:40.689] ---- [Flow] CT_START Set
[02:20:22.942] ---- [Flow] CT_START Set
[02:21:20.105] ---- [Flow] CT_START Set
[02:22:44.270] ---- [Flow] CT_START Set
[02:31:54.763] ---- [Flow] CT_START Set
[02:38:03.047] ---- [Flow] CT_START Set
[02:42:08.321] ---- [Flow] CT_START Set
[02:43:09.904] ---- [Flow] CT_START Set
[02:43:52.909] ---- [Flow] CT_START Set
[02:49:25.797] ---- [Flow] CT_START Set
[02:49:31.619] ---- [Flow] CT_START Set
[02:49:44.869] ---- [Flow] CT_START Set
[03:00:34.531] ---- [Flow] CT_START Set
[03:12:13.361] ---- [Flow] CT_START Set
[03:21:35.801] ---- [Flow] CT_START Set
[03:22:03.114] ---- [Flow] CT_START Set
[03:22:13.728] ---- [Flow] CT_START Set
[03:25:15.897] ---- [Flow] CT_START Set
[03:25:22.809] ---- [Flow] CT_START Set
[03:41:07.053] ---- [Flow] CT_STOP Set
[03:41:07.074] ---- [Event] Auto : CT_STOP
[03:41:07.074] --------- [Monitor] StopTasks() : before m_stopped
[03:41:07.137] --------- [Monitor] StopTasks() : m_stopped
[03:41:07.137] [m_nState] AutoStop State
