[07:11:35.327] [MainControlStation] Left Door Open
[09:28:39.018] [RightTransferStation] Move XY Axis Error
[09:32:32.989] [RightTransferStation] Move XY Axis Error
[09:49:09.109] [RightTransferStation] Move XY Axis Error
[10:06:55.875] [RightTransferStation] Move XY Axis Error
[10:40:34.229] [RightTransferStation] Move XY Axis Error
[10:40:49.059] [RightTransferStation] Move XY Axis Error
[11:00:54.544] [RightTransferStation] Move XY Axis Error
[11:02:10.364] [RightTransferStation] Move XY Axis Error
[11:10:11.364] [RightTransferStation] Move XY Axis Error
[11:13:37.145] [RightTransferStation] Move XY Axis Error
[11:33:43.985] [RightTransferStation] Move XY Axis Error
[11:33:58.968] [RightTransferStation] Move XY Axis Error
[11:43:45.238] [MainControlStation] Left Door Open
[11:45:01.213] [MainControlStation] Left Door Open
[11:45:11.147] [MainControlStation] Left Door Open
[12:09:04.646] [LeftTransferStation] Vacuum Error
[12:10:45.205] [RightTransferStation] Move XY Axis Error
[12:10:52.708] [RightTransferStation] Move XY Axis Error
[12:11:08.413] [RightTransferStation] Move XY Axis Error
[12:11:20.298] [LeftTransferStation] Vacuum Error
[12:19:03.931] [RightTransferStation] Move XY Axis Error
[12:19:08.633] [RightTransferStation] Move XY Axis Error
[12:19:11.157] [RightTransferStation] Move XY Axis Error
[12:19:16.330] [RightTransferStation] Move XY Axis Error
[12:26:45.585] [MainControlStation] Right Door Open
[12:26:54.498] [MainControlStation] Right Door Open
[12:37:30.838] [RightTransferStation] Move XY Axis Error
[12:37:45.758] [RightTransferStation] Move XY Axis Error
[12:39:07.035] [LeftTransferStation] Vacuum Error
[12:39:18.987] [LeftTransferStation] Vacuum Error
[12:51:53.824] [RightTransferStation] Move XY Axis Error
[12:52:05.966] [RightTransferStation] Move XY Axis Error
[13:08:59.603] [RightTransferStation] Move XY Axis Error
[13:09:11.800] [RightTransferStation] Move XY Axis Error
[13:09:44.001] [LeftTransferStation] Vacuum Error
[13:18:43.935] [RightTransferStation] Move XY Axis Error
[13:18:58.236] [RightTransferStation] Move XY Axis Error
[13:39:00.832] [RightTransferStation] Move XY Axis Error
[13:50:02.288] [RightTransferStation] Move XY Axis Error
[13:55:20.549] [RightTransferStation] Move XY Axis Error
[13:55:24.552] [RightTransferStation] Move XY Axis Error
[13:55:36.736] [RightTransferStation] Move XY Axis Error
[14:03:17.362] [RightTransferStation] Move XY Axis Error
[14:03:51.867] [RightTransferStation] Move XY Axis Error
[14:22:04.949] [RightTransferStation] Move XY Axis Error
[14:25:41.784] [RightTransferStation] Move XY Axis Error
[14:30:16.250] [RightTransferStation] Move XY Axis Error
[14:30:34.910] [RightTransferStation] Move XY Axis Error
[14:41:19.071] [RightTransferStation] Move XY Axis Error
[14:41:55.599] [RightTransferStation] Move XY Axis Error
[14:50:57.424] [RightTransferStation] Move XY Axis Error
[14:55:13.385] [RightTransferStation] Move XY Axis Error
[15:01:58.150] [RightTransferStation] Move XY Axis Error
[15:02:11.076] [RightTransferStation] Move XY Axis Error
[15:10:16.782] [RightTransferStation] Move XY Axis Error
[15:10:30.246] [RightTransferStation] Move XY Axis Error
[15:31:21.276] [RightTransferStation] Move XY Axis Error
[15:31:36.757] [RightTransferStation] Move XY Axis Error
[16:01:04.790] [RightTransferStation] Move XY Axis Error
[16:19:21.474] [RightTransferStation] Move XY Axis Error
[16:39:06.323] [MainControlStation] Left Door Open
[17:57:39.799] [RightTransferStation] Move XY Axis Error
[17:58:17.919] [RightTransferStation] Move XY Axis Error
[20:05:43.833] [RightTransferStation] Move XY Axis Error
[20:06:00.310] [RightTransferStation] Move XY Axis Error
[20:06:02.938] [RightTransferStation] Move XY Axis Error
[20:06:06.269] [RightTransferStation] Move XY Axis Error
[20:06:23.666] [RightTransferStation] Move XY Axis Error
[20:06:28.658] [RightTransferStation] Move XY Axis Error
[20:06:35.695] [RightTransferStation] Move XY Axis Error
[20:06:40.457] [RightTransferStation] Move XY Axis Error
[20:06:59.218] [RightTransferStation] Move XY Axis Error
[20:07:44.467] [RightTransferStation] Move XY Axis Error
[20:17:42.257] [MainControlStation] Right Door Open
[20:28:20.774] [RightTransferStation] Vacuum Error
[20:51:46.317] [MainControlStation] Left Door Open
[21:03:03.802] [RightPPStation] Load Cylinder Up Error
[21:03:09.805] [RightPPStation] Load Cylinder Vacuum Error
[21:04:52.418] [RightTransferStation] Move XY Axis Error
[21:25:00.330] [RightTransferStation] Move XY Axis Error
[21:25:14.642] [RightTransferStation] Move XY Axis Error
[22:35:31.854] [RightTransferStation] Move XY Axis Error
[22:35:55.536] [RightTransferStation] Move XY Axis Error
[22:39:51.752] [RightTransferStation] Vacuum Error
[22:40:00.823] [RightTransferStation] Vacuum Error
[23:09:07.555] [RightTransferStation] Vacuum Error
[23:12:11.198] [RightTransferStation] Move XY Axis Error
[23:12:34.150] [RightTransferStation] Move XY Axis Error
