[01:11:50.905] ---- [Flow] CT_STOP Set
[01:11:50.926] ---- [Event] Auto : CT_STOP
[01:11:50.926] --------- [Monitor] StopTasks() : before m_stopped
[01:11:50.974] --------- [Monitor] StopTasks() : m_stopped
[01:11:50.974] [m_nState] AutoStop State
[01:11:50.990] ---- [Flow] CT_STOP Set
[01:11:51.021] ---- [Flow] CT_STOP Set
[01:11:51.060] ---- [Flow] CT_STOP Set
[01:11:51.098] ---- [Flow] CT_STOP Set
[01:11:51.139] ---- [Flow] CT_STOP Set
[01:11:51.174] ---- [Flow] CT_STOP Set
[01:19:00.288] ---- [Flow] CT_START Set
[01:19:00.309] ---- [Event] AutoStop : CT_START
[01:19:00.309] [m_nState] Auto State
[01:19:01.076] ---- [Flow] CT_START Set
[01:45:00.523] ---- [Flow] CT_STOP Set
[01:45:00.544] ---- [Event] Auto : CT_STOP
[01:45:00.544] --------- [Monitor] StopTasks() : before m_stopped
[01:45:00.627] --------- [Monitor] StopTasks() : m_stopped
[01:45:00.627] [m_nState] AutoStop State
[01:45:22.096] ---- [Flow] CT_START Set
[01:45:22.118] ---- [Event] AutoStop : CT_START
[01:45:22.118] [m_nState] Auto State
[01:45:23.287] ---- [Flow] CT_START Set
[01:55:02.592] ---- [Flow] CT_STOP Set
[01:55:02.614] ---- [Event] Auto : CT_STOP
[01:55:02.614] --------- [Monitor] StopTasks() : before m_stopped
[01:55:02.652] --------- [Monitor] StopTasks() : m_stopped
[01:55:02.652] [m_nState] AutoStop State
[01:55:18.311] ---- [Flow] CT_START Set
[01:55:18.333] ---- [Event] AutoStop : CT_START
[01:55:18.333] [m_nState] Auto State
[02:30:47.126] ---- [Flow] CT_STOP Set
[02:30:47.149] ---- [Event] Auto : CT_STOP
[02:30:47.149] --------- [Monitor] StopTasks() : before m_stopped
[02:30:47.197] --------- [Monitor] StopTasks() : m_stopped
[02:30:47.197] [m_nState] AutoStop State
[03:40:45.677] ---- [Flow] CT_START Set
[03:40:45.700] ---- [Event] AutoStop : CT_START
[03:40:45.700] [m_nState] Auto State
[03:46:34.862] ---- [Flow] CT_START Set
[05:31:33.638] ---- [Flow] CT_STOP Set
[05:31:33.660] ---- [Event] Auto : CT_STOP
[05:31:33.660] --------- [Monitor] StopTasks() : before m_stopped
[05:31:33.669] --------- [Monitor] StopTasks() : m_stopped
[05:31:33.670] [m_nState] AutoStop State
[05:31:33.693] ---- [Flow] CT_STOP Set
[05:31:33.726] ---- [Flow] CT_STOP Set
[07:00:46.385] ---- [Flow] CT_START Set
[07:00:46.407] ---- [Event] AutoStop : CT_START
[07:00:46.407] [m_nState] Auto State
[07:00:47.554] ---- [Flow] CT_START Set
[07:16:28.293] ---- [Flow] CT_START Set
[07:45:21.814] ---- [Flow] CT_START Set
[07:45:39.486] ---- [Flow] CT_START Set
[07:46:21.896] ---- [Flow] CT_START Set
[07:48:08.786] ---- [Flow] CT_START Set
[07:48:55.722] ---- [Flow] CT_START Set
[09:32:31.963] ---- [Flow] CT_START Set
[09:32:33.945] ---- [Flow] CT_START Set
[10:06:55.316] ---- [Flow] CT_START Set
[10:06:56.694] ---- [Flow] CT_START Set
[10:40:48.207] ---- [Flow] CT_START Set
[10:40:49.282] ---- [Flow] CT_START Set
[11:02:09.215] ---- [Flow] CT_START Set
[11:02:09.496] ---- [Flow] CT_START Set
[11:13:36.378] ---- [Flow] CT_START Set
[11:14:02.934] ---- [Flow] CT_START Set
[11:33:58.614] ---- [Flow] CT_START Set
[11:34:01.957] ---- [Flow] CT_START Set
[11:43:34.325] ---- [Flow] CT_STOP Set
[11:43:34.346] ---- [Event] Auto : CT_STOP
[11:43:34.346] --------- [Monitor] StopTasks() : before m_stopped
[11:43:34.408] --------- [Monitor] StopTasks() : m_stopped
[11:43:34.409] [m_nState] AutoStop State
[11:43:44.965] ---- [Flow] CT_START Set
[11:43:44.987] ---- [Event] AutoStop : CT_START
[11:43:44.987] [m_nState] Auto State
[11:43:45.061] ---- [Flow] CT_START Set
[11:43:45.102] ---- [Flow] CT_START Set
[11:43:51.454] ---- [Flow] CT_STOP Set
[11:43:51.475] ---- [Event] Auto : CT_STOP
[11:43:51.475] --------- [Monitor] StopTasks() : before m_stopped
[11:43:51.479] --------- [Monitor] StopTasks() : m_stopped
[11:43:51.479] [m_nState] AutoStop State
[11:43:51.502] ---- [Flow] CT_STOP Set
[11:44:02.244] ---- [Flow] CT_START Set
[11:44:02.265] ---- [Event] AutoStop : CT_START
[11:44:02.265] [m_nState] Auto State
[11:44:08.174] ---- [Flow] CT_START Set
[11:45:06.753] ---- [Flow] CT_STOP Set
[11:45:06.775] ---- [Event] Auto : CT_STOP
[11:45:06.775] --------- [Monitor] StopTasks() : before m_stopped
[11:45:06.824] ---- [Flow] CT_STOP Set
[11:45:06.870] ---- [Flow] CT_STOP Set
[11:45:06.905] ---- [Flow] CT_STOP Set
[11:45:07.291] --------- [Monitor] StopTasks() : m_stopped
[11:45:07.291] [m_nState] AutoStop State
[11:45:08.981] ---- [Flow] CT_START Set
[11:45:09.002] ---- [Event] AutoStop : CT_START
[11:45:09.002] [m_nState] Auto State
[11:45:10.186] ---- [Flow] CT_START Set
[11:45:10.278] ---- [Flow] CT_START Set
[11:45:26.085] ---- [Flow] CT_START Set
[11:47:42.925] ---- [Flow] CT_START Set
[11:48:00.224] ---- [Flow] CT_START Set
[11:48:23.146] ---- [Flow] CT_START Set
[12:05:02.911] ---- [Flow] CT_START Set
[12:10:52.150] ---- [Flow] CT_START Set
[12:11:07.425] ---- [Flow] CT_START Set
[12:11:07.713] ---- [Flow] CT_START Set
[12:11:08.479] ---- [Flow] CT_START Set
[12:13:16.362] ---- [Flow] CT_START Set
[12:19:07.568] ---- [Flow] CT_START Set
[12:19:10.158] ---- [Flow] CT_START Set
[12:19:15.487] ---- [Flow] CT_START Set
[12:19:17.619] ---- [Flow] CT_START Set
[12:26:53.618] ---- [Flow] CT_START Set
[12:27:13.468] ---- [Flow] CT_START Set
[12:37:44.584] ---- [Flow] CT_START Set
[12:37:45.116] ---- [Flow] CT_START Set
[12:38:44.195] ---- [Flow] CT_START Set
[12:39:11.437] ---- [Flow] CT_START Set
[12:39:21.034] ---- [Flow] CT_START Set
[12:52:05.273] ---- [Flow] CT_START Set
[12:52:05.740] ---- [Flow] CT_START Set
[12:52:08.140] ---- [Flow] CT_START Set
[13:09:10.516] ---- [Flow] CT_START Set
[13:09:10.837] ---- [Flow] CT_START Set
[13:10:09.208] ---- [Flow] CT_START Set
[13:18:57.841] ---- [Flow] CT_START Set
[13:18:58.180] ---- [Flow] CT_START Set
[13:19:00.108] ---- [Flow] CT_START Set
[13:50:01.858] ---- [Flow] CT_START Set
[13:50:03.500] ---- [Flow] CT_START Set
[13:55:23.479] ---- [Flow] CT_START Set
[13:55:35.567] ---- [Flow] CT_START Set
[13:55:36.135] ---- [Flow] CT_START Set
[14:03:51.183] ---- [Flow] CT_START Set
[14:03:52.571] ---- [Flow] CT_START Set
[14:21:49.163] ---- [Flow] CT_START Set
[14:25:41.012] ---- [Flow] CT_START Set
[14:25:42.785] ---- [Flow] CT_START Set
[14:28:01.989] ---- [Flow] CT_START Set
[14:30:34.564] ---- [Flow] CT_START Set
[14:30:37.669] ---- [Flow] CT_START Set
[14:30:39.914] ---- [Flow] CT_START Set
[14:34:26.029] ---- [Flow] CT_START Set
[14:35:13.161] ---- [Flow] CT_START Set
[14:35:35.738] ---- [Flow] CT_START Set
[14:38:24.487] ---- [Flow] CT_START Set
[14:41:54.798] ---- [Flow] CT_START Set
[14:41:56.925] ---- [Flow] CT_START Set
[14:55:12.233] ---- [Flow] CT_START Set
[14:55:16.257] ---- [Flow] CT_START Set
[15:02:10.700] ---- [Flow] CT_START Set
[15:02:11.202] ---- [Flow] CT_START Set
[15:02:11.882] ---- [Flow] CT_START Set
[15:10:29.899] ---- [Flow] CT_START Set
[15:10:30.310] ---- [Flow] CT_START Set
[15:10:31.479] ---- [Flow] CT_START Set
[15:31:36.246] ---- [Flow] CT_START Set
[15:31:36.787] ---- [Flow] CT_START Set
[15:31:39.099] ---- [Flow] CT_START Set
[16:09:54.790] ---- [Flow] CT_STOP Set
[16:09:54.811] ---- [Event] Auto : CT_STOP
[16:09:54.811] --------- [Monitor] StopTasks() : before m_stopped
[16:09:54.828] --------- [Monitor] StopTasks() : m_stopped
[16:09:54.832] [m_nState] AutoStop State
[16:19:20.958] ---- [Flow] CT_START Set
[16:19:20.979] ---- [Event] AutoStop : CT_START
[16:19:20.979] [m_nState] Auto State
[16:19:21.740] ---- [Flow] CT_START Set
[16:19:22.997] ---- [Flow] CT_START Set
[16:39:22.601] ---- [Flow] CT_START Set
[16:40:03.131] ---- [Flow] CT_STOP Set
[16:40:03.153] ---- [Event] Auto : CT_STOP
[16:40:03.153] --------- [Monitor] StopTasks() : before m_stopped
[16:40:03.209] --------- [Monitor] StopTasks() : m_stopped
[16:40:03.210] [m_nState] AutoStop State
[16:44:22.289] ---- [Flow] CT_START Set
[16:44:22.310] ---- [Event] AutoStop : CT_START
[16:44:22.310] [m_nState] Auto State
[17:08:25.983] ---- [Flow] CT_START Set
[17:58:17.035] ---- [Flow] CT_START Set
[17:58:17.695] ---- [Flow] CT_START Set
[17:58:20.303] ---- [Flow] CT_START Set
[18:20:00.229] ---- [Flow] CT_STOP Set
[18:20:00.251] ---- [Event] Auto : CT_STOP
[18:20:00.251] --------- [Monitor] StopTasks() : before m_stopped
[18:20:00.260] --------- [Monitor] StopTasks() : m_stopped
[18:20:00.260] [m_nState] AutoStop State
[18:20:03.427] ---- [Flow] CT_START Set
[18:20:03.449] ---- [Event] AutoStop : CT_START
[18:20:03.449] [m_nState] Auto State
[18:20:37.369] ---- [Flow] CT_STOP Set
[18:20:37.391] ---- [Event] Auto : CT_STOP
[18:20:37.391] --------- [Monitor] StopTasks() : before m_stopped
[18:20:37.446] --------- [Monitor] StopTasks() : m_stopped
[18:20:37.446] [m_nState] AutoStop State
[19:23:32.989] ---- [Flow] CT_START Set
[19:23:33.010] ---- [Event] AutoStop : CT_START
[19:23:33.010] [m_nState] Auto State
[19:23:33.785] ---- [Flow] CT_START Set
[19:36:20.246] ---- [Flow] CT_STOP Set
[19:36:20.267] ---- [Event] Auto : CT_STOP
[19:36:20.267] --------- [Monitor] StopTasks() : before m_stopped
[19:36:20.309] ---- [Flow] CT_STOP Set
[19:36:20.339] ---- [Flow] CT_STOP Set
[19:36:20.914] --------- [Monitor] StopTasks() : m_stopped
[19:36:20.914] [m_nState] AutoStop State
[19:36:27.560] ---- [Flow] CT_START Set
[19:36:27.582] ---- [Event] AutoStop : CT_START
[19:36:27.582] [m_nState] Auto State
[19:36:28.152] ---- [Flow] CT_START Set
[20:05:59.369] ---- [Flow] CT_START Set
[20:05:59.673] ---- [Flow] CT_START Set
[20:06:00.489] ---- [Flow] CT_START Set
[20:06:05.298] ---- [Flow] CT_START Set
[20:06:05.645] ---- [Flow] CT_START Set
[20:06:22.711] ---- [Flow] CT_START Set
[20:06:27.772] ---- [Flow] CT_START Set
[20:06:34.988] ---- [Flow] CT_START Set
[20:06:39.731] ---- [Flow] CT_START Set
[20:06:58.477] ---- [Flow] CT_START Set
[20:07:43.439] ---- [Flow] CT_START Set
[20:07:44.604] ---- [Flow] CT_START Set
[20:25:05.651] ---- [Flow] CT_STOP Set
[20:25:05.672] ---- [Event] Auto : CT_STOP
[20:25:05.672] --------- [Monitor] StopTasks() : before m_stopped
[20:25:05.672] --------- [Monitor] StopTasks() : m_stopped
[20:25:05.672] [m_nState] AutoStop State
[20:28:09.801] ---- [Flow] CT_START Set
[20:28:09.823] ---- [Event] AutoStop : CT_START
[20:28:09.823] [m_nState] Auto State
[20:28:10.738] ---- [Flow] CT_START Set
[20:48:57.972] ---- [Flow] CT_START Set
[20:49:00.794] ---- [Flow] CT_START Set
[20:51:38.646] ---- [Flow] CT_START Set
[20:52:47.635] ---- [Flow] CT_START Set
[21:03:08.959] ---- [Flow] CT_START Set
[21:03:09.021] ---- [Flow] CT_START Set
[21:04:57.343] ---- [Flow] CT_START Set
[21:25:13.060] ---- [Flow] CT_START Set
[21:25:13.368] ---- [Flow] CT_START Set
[21:55:29.299] ---- [Flow] CT_STOP Set
[21:55:29.322] ---- [Event] Auto : CT_STOP
[21:55:29.322] --------- [Monitor] StopTasks() : before m_stopped
[21:55:29.561] --------- [Monitor] StopTasks() : m_stopped
[21:55:29.561] [m_nState] AutoStop State
[21:55:36.278] ---- [Flow] CT_START Set
[21:55:36.299] ---- [Event] AutoStop : CT_START
[21:55:36.299] [m_nState] Auto State
[21:55:36.757] ---- [Flow] CT_START Set
[22:00:31.985] ---- [Flow] CT_STOP Set
[22:00:32.006] ---- [Event] Auto : CT_STOP
[22:00:32.006] --------- [Monitor] StopTasks() : before m_stopped
[22:00:32.067] ---- [Flow] CT_STOP Set
[22:00:32.131] ---- [Flow] CT_STOP Set
[22:00:33.119] --------- [Monitor] StopTasks() : m_stopped
[22:00:33.119] [m_nState] AutoStop State
[22:00:42.647] ---- [Flow] CT_START Set
[22:00:42.668] ---- [Event] AutoStop : CT_START
[22:00:42.668] [m_nState] Auto State
[22:00:43.480] ---- [Flow] CT_STOP Set
[22:00:43.501] ---- [Event] Auto : CT_STOP
[22:00:43.501] --------- [Monitor] StopTasks() : before m_stopped
[22:00:43.811] --------- [Monitor] StopTasks() : m_stopped
[22:00:43.812] [m_nState] AutoStop State
[22:01:33.530] ---- [Flow] CT_START Set
[22:01:33.551] ---- [Event] AutoStop : CT_START
[22:01:33.551] [m_nState] Auto State
[22:01:34.176] ---- [Flow] CT_START Set
[22:35:53.685] ---- [Flow] CT_START Set
[22:35:54.274] ---- [Flow] CT_START Set
[22:39:31.919] ---- [Flow] CT_START Set
[22:39:52.938] ---- [Flow] CT_START Set
[22:40:02.380] ---- [Flow] CT_START Set
[23:08:57.229] ---- [Flow] CT_START Set
[23:09:17.111] ---- [Flow] CT_START Set
[23:12:33.014] ---- [Flow] CT_START Set
[23:12:33.443] ---- [Flow] CT_START Set
