[00:05:25.530] ---- [Flow] CT_START Set
[00:05:25.878] ---- [Flow] CT_START Set
[00:24:47.096] ---- [Flow] CT_START Set
[00:29:53.427] ---- [Flow] CT_STOP Set
[00:29:53.449] ---- [Event] Auto : CT_STOP
[00:29:53.449] --------- [Monitor] StopTasks() : before m_stopped
[00:29:53.607] --------- [Monitor] StopTasks() : m_stopped
[00:29:53.607] [m_nState] AutoStop State
[00:39:41.386] ---- [Flow] CT_START Set
[00:39:41.408] ---- [Event] AutoStop : CT_START
[00:39:41.408] [m_nState] Auto State
[00:39:41.993] ---- [Flow] CT_START Set
[00:39:43.282] ---- [Flow] CT_START Set
[00:44:19.780] ---- [Flow] CT_START Set
[00:44:20.113] ---- [Flow] CT_START Set
[00:44:20.726] ---- [Flow] CT_START Set
[00:59:40.223] ---- [Flow] CT_START Set
[00:59:45.809] ---- [Flow] CT_START Set
[01:17:12.731] ---- [Flow] CT_START Set
[01:17:25.118] ---- [Flow] CT_START Set
[01:17:34.549] ---- [Flow] CT_START Set
[01:17:41.220] ---- [Flow] CT_START Set
[01:18:40.362] ---- [Flow] CT_START Set
[01:18:43.428] ---- [Flow] CT_START Set
[01:19:33.017] ---- [Flow] CT_START Set
[01:31:38.949] ---- [Flow] CT_START Set
[01:31:39.250] ---- [Flow] CT_START Set
[01:31:42.134] ---- [Flow] CT_START Set
[01:38:35.527] ---- [Flow] CT_START Set
[01:38:36.189] ---- [Flow] CT_START Set
[01:38:42.472] ---- [Flow] CT_START Set
[01:45:55.179] ---- [Flow] CT_START Set
[01:45:59.443] ---- [Flow] CT_START Set
[02:08:30.514] ---- [Flow] CT_STOP Set
[02:08:30.536] ---- [Event] Auto : CT_STOP
[02:08:30.536] --------- [Monitor] StopTasks() : before m_stopped
[02:08:30.584] --------- [Monitor] StopTasks() : m_stopped
[02:08:30.585] [m_nState] AutoStop State
[02:08:30.782] ---- [Flow] CT_STOP Set
[02:08:30.819] ---- [Flow] CT_STOP Set
[02:08:30.852] ---- [Flow] CT_STOP Set
[02:08:30.885] ---- [Flow] CT_STOP Set
[02:08:30.917] ---- [Flow] CT_STOP Set
[02:14:28.583] ---- [Flow] CT_START Set
[02:14:28.605] ---- [Event] AutoStop : CT_START
[02:14:28.605] [m_nState] Auto State
[02:30:05.700] ---- [Flow] CT_STOP Set
[02:30:05.722] ---- [Event] Auto : CT_STOP
[02:30:05.722] --------- [Monitor] StopTasks() : before m_stopped
[02:30:05.728] --------- [Monitor] StopTasks() : m_stopped
[02:30:05.728] [m_nState] AutoStop State
[03:24:19.273] ---- [Flow] CT_ABORT Set
[03:24:19.324] [m_nState] Init State
[03:24:19.383] ---- [Monitor] Init : m_idle
[03:24:19.405] ---- [Event] Init : CT_IDLE
[03:24:19.405] [m_nState] Idle State
[05:21:59.877] ---- [Flow] CT_STOP Set
[05:21:59.915] ---- [Flow] CT_STOP Set
[05:21:59.953] ---- [Flow] CT_STOP Set
[05:21:59.990] ---- [Flow] CT_STOP Set
[05:22:00.899] ---- [Flow] CT_STOP Set
[05:22:00.987] ---- [Flow] CT_STOP Set
[06:59:48.889] ---- [Flow] CT_START Set
[06:59:48.911] ---- [Event] Idle : CT_START
[06:59:48.911] [m_nState] Auto State
[06:59:49.641] ---- [Flow] CT_START Set
[07:10:29.626] ---- [Flow] CT_START Set
[07:11:39.092] ---- [Flow] CT_START Set
[07:11:50.415] ---- [Flow] CT_START Set
[07:12:08.660] ---- [Flow] CT_STOP Set
[07:12:08.681] ---- [Event] Auto : CT_STOP
[07:12:08.681] --------- [Monitor] StopTasks() : before m_stopped
[07:12:08.684] --------- [Monitor] StopTasks() : m_stopped
[07:12:08.684] [m_nState] AutoStop State
[07:12:08.697] ---- [Flow] CT_STOP Set
[07:12:08.728] ---- [Flow] CT_STOP Set
[07:12:08.759] ---- [Flow] CT_STOP Set
[07:12:08.791] ---- [Flow] CT_STOP Set
[07:12:08.823] ---- [Flow] CT_STOP Set
[07:12:08.854] ---- [Flow] CT_STOP Set
[07:12:27.507] ---- [Flow] CT_START Set
[07:12:27.529] ---- [Event] AutoStop : CT_START
[07:12:27.529] [m_nState] Auto State
[07:12:33.946] ---- [Flow] CT_START Set
[07:12:48.286] ---- [Flow] CT_STOP Set
[07:12:48.307] ---- [Event] Auto : CT_STOP
[07:12:48.307] --------- [Monitor] StopTasks() : before m_stopped
[07:12:48.325] --------- [Monitor] StopTasks() : m_stopped
[07:12:48.325] [m_nState] AutoStop State
[07:12:48.335] ---- [Flow] CT_STOP Set
[07:12:59.728] ---- [Flow] CT_START Set
[07:12:59.750] ---- [Event] AutoStop : CT_START
[07:12:59.750] [m_nState] Auto State
[07:13:08.525] ---- [Flow] CT_STOP Set
[07:13:08.547] ---- [Event] Auto : CT_STOP
[07:13:08.547] --------- [Monitor] StopTasks() : before m_stopped
[07:13:08.547] --------- [Monitor] StopTasks() : m_stopped
[07:13:08.547] [m_nState] AutoStop State
[07:13:08.558] ---- [Flow] CT_STOP Set
[07:13:08.590] ---- [Flow] CT_STOP Set
[07:13:51.367] ---- [Flow] CT_START Set
[07:13:51.388] ---- [Event] AutoStop : CT_START
[07:13:51.388] [m_nState] Auto State
[07:13:54.226] ---- [Flow] CT_START Set
[07:14:17.767] ---- [Flow] CT_START Set
[07:15:23.756] ---- [Flow] CT_STOP Set
[07:15:23.778] ---- [Event] Auto : CT_STOP
[07:15:23.778] --------- [Monitor] StopTasks() : before m_stopped
[07:15:23.933] ---- [Flow] CT_STOP Set
[07:15:23.973] ---- [Flow] CT_STOP Set
[07:15:24.010] --------- [Monitor] StopTasks() : m_stopped
[07:15:24.010] [m_nState] AutoStop State
[07:15:53.749] ---- [Flow] CT_START Set
[07:15:53.770] ---- [Event] AutoStop : CT_START
[07:15:53.770] [m_nState] Auto State
[07:16:27.959] ---- [Flow] CT_START Set
[07:16:37.916] ---- [Flow] CT_STOP Set
[07:16:37.937] ---- [Event] Auto : CT_STOP
[07:16:37.937] --------- [Monitor] StopTasks() : before m_stopped
[07:16:38.108] --------- [Monitor] StopTasks() : m_stopped
[07:16:38.108] [m_nState] AutoStop State
[07:16:44.350] ---- [Flow] CT_START Set
[07:16:44.372] ---- [Event] AutoStop : CT_START
[07:16:44.372] [m_nState] Auto State
[07:16:45.045] ---- [Flow] CT_START Set
[07:16:54.896] ---- [Flow] CT_STOP Set
[07:16:54.918] ---- [Event] Auto : CT_STOP
[07:16:54.918] --------- [Monitor] StopTasks() : before m_stopped
[07:16:55.354] --------- [Monitor] StopTasks() : m_stopped
[07:16:55.354] [m_nState] AutoStop State
[07:16:55.571] ---- [Flow] CT_STOP Set
[07:16:58.082] ---- [Flow] CT_STOP Set
[07:16:58.113] ---- [Flow] CT_STOP Set
[07:16:58.145] ---- [Flow] CT_STOP Set
[07:16:58.178] ---- [Flow] CT_STOP Set
[07:16:58.210] ---- [Flow] CT_STOP Set
[07:17:12.162] ---- [Flow] CT_START Set
[07:17:12.183] ---- [Event] AutoStop : CT_START
[07:17:12.183] [m_nState] Auto State
[07:17:20.392] ---- [Flow] CT_START Set
[07:17:32.781] ---- [Flow] CT_START Set
[07:18:02.655] ---- [Flow] CT_START Set
[07:18:02.738] ---- [Flow] CT_START Set
[07:18:02.823] ---- [Flow] CT_START Set
[07:18:39.875] ---- [Flow] CT_STOP Set
[07:18:39.896] ---- [Event] Auto : CT_STOP
[07:18:39.896] --------- [Monitor] StopTasks() : before m_stopped
[07:18:39.896] --------- [Monitor] StopTasks() : m_stopped
[07:18:39.896] [m_nState] AutoStop State
[07:19:04.259] ---- [Flow] CT_START Set
[07:19:04.281] ---- [Event] AutoStop : CT_START
[07:19:04.281] [m_nState] Auto State
[07:19:05.317] ---- [Flow] CT_START Set
[07:19:11.536] ---- [Flow] CT_START Set
[07:19:45.181] ---- [Flow] CT_START Set
[07:19:45.292] ---- [Flow] CT_START Set
[07:19:45.375] ---- [Flow] CT_START Set
[07:20:05.778] ---- [Flow] CT_STOP Set
[07:20:05.799] ---- [Event] Auto : CT_STOP
[07:20:05.799] --------- [Monitor] StopTasks() : before m_stopped
[07:20:06.044] --------- [Monitor] StopTasks() : m_stopped
[07:20:06.044] [m_nState] AutoStop State
[07:20:36.115] ---- [Flow] CT_START Set
[07:20:36.136] ---- [Event] AutoStop : CT_START
[07:20:36.136] [m_nState] Auto State
[07:20:37.862] ---- [Flow] CT_STOP Set
[07:20:37.883] ---- [Event] Auto : CT_STOP
[07:20:37.883] --------- [Monitor] StopTasks() : before m_stopped
[07:20:37.886] --------- [Monitor] StopTasks() : m_stopped
[07:20:37.887] [m_nState] AutoStop State
[07:20:37.899] ---- [Flow] CT_STOP Set
[07:20:39.116] ---- [Flow] CT_START Set
[07:20:39.137] ---- [Event] AutoStop : CT_START
[07:20:39.137] [m_nState] Auto State
[07:20:39.158] ---- [Flow] CT_START Set
[07:20:40.668] ---- [Flow] CT_STOP Set
[07:20:40.691] ---- [Event] Auto : CT_STOP
[07:20:40.691] --------- [Monitor] StopTasks() : before m_stopped
[07:20:40.698] --------- [Monitor] StopTasks() : m_stopped
[07:20:40.699] [m_nState] AutoStop State
[07:20:40.707] ---- [Flow] CT_STOP Set
[07:20:40.738] ---- [Flow] CT_STOP Set
[07:20:40.769] ---- [Flow] CT_STOP Set
[07:20:42.877] ---- [Flow] CT_START Set
[07:20:42.899] ---- [Event] AutoStop : CT_START
[07:20:42.899] [m_nState] Auto State
[07:20:44.186] ---- [Flow] CT_STOP Set
[07:20:44.208] ---- [Event] Auto : CT_STOP
[07:20:44.208] --------- [Monitor] StopTasks() : before m_stopped
[07:20:44.219] --------- [Monitor] StopTasks() : m_stopped
[07:20:44.219] [m_nState] AutoStop State
[07:20:44.231] ---- [Flow] CT_STOP Set
[07:20:44.265] ---- [Flow] CT_STOP Set
[07:20:45.439] ---- [Flow] CT_START Set
[07:20:45.460] ---- [Event] AutoStop : CT_START
[07:20:45.460] [m_nState] Auto State
[07:20:45.668] ---- [Flow] CT_START Set
[07:20:51.334] ---- [Flow] CT_START Set
[07:20:51.420] ---- [Flow] CT_START Set
[07:21:07.597] ---- [Flow] CT_START Set
[07:21:08.025] ---- [Flow] CT_START Set
[07:21:08.132] ---- [Flow] CT_START Set
[07:21:17.746] ---- [Flow] CT_START Set
[07:21:27.535] ---- [Flow] CT_START Set
[07:22:11.589] ---- [Flow] CT_START Set
[07:24:04.714] ---- [Flow] CT_STOP Set
[07:24:04.736] ---- [Event] Auto : CT_STOP
[07:24:04.736] --------- [Monitor] StopTasks() : before m_stopped
[07:24:04.801] --------- [Monitor] StopTasks() : m_stopped
[07:24:04.802] [m_nState] AutoStop State
[07:26:01.559] ---- [Flow] CT_START Set
[07:26:01.581] ---- [Event] AutoStop : CT_START
[07:26:01.581] [m_nState] Auto State
[07:27:14.416] ---- [Flow] CT_START Set
[07:34:43.268] ---- [Flow] CT_START Set
[07:35:09.490] ---- [Flow] CT_START Set
[07:36:58.686] ---- [Flow] CT_START Set
[07:37:39.927] ---- [Flow] CT_START Set
[07:38:41.434] ---- [Flow] CT_START Set
[07:39:55.889] ---- [Flow] CT_START Set
[07:40:58.487] ---- [Flow] CT_STOP Set
[07:40:58.508] ---- [Event] Auto : CT_STOP
[07:40:58.508] --------- [Monitor] StopTasks() : before m_stopped
[07:40:58.508] --------- [Monitor] StopTasks() : m_stopped
[07:40:58.508] [m_nState] AutoStop State
[07:40:58.520] ---- [Flow] CT_STOP Set
[07:41:05.042] ---- [Flow] CT_START Set
[07:41:05.064] ---- [Event] AutoStop : CT_START
[07:41:05.064] [m_nState] Auto State
[07:42:38.628] ---- [Flow] CT_START Set
[07:43:56.800] ---- [Flow] CT_START Set
[07:44:31.059] ---- [Flow] CT_START Set
[07:47:21.009] ---- [Flow] CT_START Set
[07:47:43.322] ---- [Flow] CT_START Set
[07:48:32.089] ---- [Flow] CT_START Set
[07:50:35.948] ---- [Flow] CT_START Set
[07:57:39.213] ---- [Flow] CT_START Set
[07:57:40.808] ---- [Flow] CT_START Set
[07:58:40.192] ---- [Flow] CT_START Set
[07:59:08.190] ---- [Flow] CT_START Set
[08:02:44.407] ---- [Flow] CT_START Set
[08:03:23.679] ---- [Flow] CT_START Set
[08:06:15.609] ---- [Flow] CT_START Set
[08:11:48.482] ---- [Flow] CT_START Set
[08:11:49.091] ---- [Flow] CT_START Set
[08:11:49.397] ---- [Flow] CT_START Set
[08:11:50.236] ---- [Flow] CT_START Set
[08:11:51.112] ---- [Flow] CT_START Set
[08:11:52.050] ---- [Flow] CT_START Set
[08:11:52.875] ---- [Flow] CT_START Set
[08:11:53.559] ---- [Flow] CT_START Set
[08:11:53.900] ---- [Flow] CT_START Set
[08:11:54.709] ---- [Flow] CT_START Set
[08:15:10.862] ---- [Flow] CT_START Set
[08:16:02.760] ---- [Flow] CT_START Set
[08:16:02.895] ---- [Flow] CT_START Set
[08:17:48.329] ---- [Flow] CT_START Set
[08:17:48.419] ---- [Flow] CT_START Set
[08:24:51.582] ---- [Flow] CT_START Set
[08:24:53.299] ---- [Flow] CT_START Set
[08:26:34.626] ---- [Flow] CT_START Set
[08:28:35.000] ---- [Flow] CT_START Set
[08:28:36.730] ---- [Flow] CT_START Set
[08:31:34.527] ---- [Flow] CT_START Set
[08:33:57.132] ---- [Flow] CT_START Set
[08:34:00.124] ---- [Flow] CT_START Set
[08:34:30.186] ---- [Flow] CT_START Set
[08:38:05.333] ---- [Flow] CT_STOP Set
[08:38:05.355] ---- [Event] Auto : CT_STOP
[08:38:05.355] --------- [Monitor] StopTasks() : before m_stopped
[08:38:05.375] --------- [Monitor] StopTasks() : m_stopped
[08:38:05.375] [m_nState] AutoStop State
[08:39:14.693] ---- [Flow] CT_START Set
[08:39:14.714] ---- [Event] AutoStop : CT_START
[08:39:14.714] [m_nState] Auto State
[08:39:24.340] ---- [Flow] CT_START Set
[08:39:30.706] ---- [Flow] CT_START Set
[08:39:51.674] ---- [Flow] CT_START Set
[08:53:06.596] ---- [Flow] CT_START Set
[08:54:11.844] ---- [Flow] CT_START Set
[08:56:51.525] ---- [Flow] CT_START Set
[08:56:54.221] ---- [Flow] CT_START Set
[08:57:53.258] ---- [Flow] CT_START Set
[08:58:24.015] ---- [Flow] CT_START Set
[09:04:44.210] ---- [Flow] CT_START Set
[09:05:15.254] ---- [Flow] CT_START Set
[09:05:22.571] ---- [Flow] CT_START Set
[09:13:59.269] ---- [Flow] CT_START Set
[09:20:11.590] ---- [Flow] CT_START Set
[09:21:09.268] ---- [Flow] CT_START Set
[09:21:24.999] ---- [Flow] CT_START Set
[09:30:09.798] ---- [Flow] CT_STOP Set
[09:30:09.820] ---- [Event] Auto : CT_STOP
[09:30:09.820] --------- [Monitor] StopTasks() : before m_stopped
[09:30:11.147] --------- [Monitor] StopTasks() : m_stopped
[09:30:11.147] [m_nState] AutoStop State
[09:40:46.236] ---- [Flow] CT_START Set
[09:40:46.257] ---- [Event] AutoStop : CT_START
[09:40:46.257] [m_nState] Auto State
[09:40:47.068] ---- [Flow] CT_START Set
[09:41:57.764] ---- [Flow] CT_STOP Set
[09:41:57.786] ---- [Event] Auto : CT_STOP
[09:41:57.786] --------- [Monitor] StopTasks() : before m_stopped
[09:41:57.798] --------- [Monitor] StopTasks() : m_stopped
[09:41:57.799] [m_nState] AutoStop State
[09:41:57.821] ---- [Flow] CT_STOP Set
[09:50:20.185] ---- [Flow] CT_START Set
[09:50:20.208] ---- [Event] AutoStop : CT_START
[09:50:20.208] [m_nState] Auto State
[09:50:21.248] ---- [Flow] CT_START Set
[09:58:33.156] ---- [Flow] CT_START Set
[10:05:21.841] ---- [Flow] CT_STOP Set
[10:05:21.864] ---- [Event] Auto : CT_STOP
[10:05:21.864] --------- [Monitor] StopTasks() : before m_stopped
[10:05:21.875] --------- [Monitor] StopTasks() : m_stopped
[10:05:21.875] [m_nState] AutoStop State
[10:05:21.906] ---- [Flow] CT_STOP Set
[10:05:29.079] ---- [Flow] CT_START Set
[10:05:29.100] ---- [Event] AutoStop : CT_START
[10:05:29.100] [m_nState] Auto State
[10:05:31.161] ---- [Flow] CT_START Set
[10:20:47.166] ---- [Flow] CT_START Set
[10:20:49.710] ---- [Flow] CT_START Set
[10:30:41.125] ---- [Flow] CT_START Set
[10:30:44.192] ---- [Flow] CT_START Set
[10:35:47.905] ---- [Flow] CT_START Set
[10:41:28.080] ---- [Flow] CT_START Set
[10:41:30.288] ---- [Flow] CT_START Set
[10:41:36.730] ---- [Flow] CT_START Set
[10:42:03.250] ---- [Flow] CT_START Set
[10:46:34.204] ---- [Flow] CT_START Set
[10:46:36.375] ---- [Flow] CT_START Set
[10:58:26.788] ---- [Flow] CT_START Set
[10:58:28.492] ---- [Flow] CT_START Set
[11:07:42.084] ---- [Flow] CT_START Set
[11:08:16.893] ---- [Flow] CT_START Set
[11:09:43.541] ---- [Flow] CT_START Set
[11:14:36.708] ---- [Flow] CT_START Set
[11:17:31.907] ---- [Flow] CT_START Set
[11:24:44.214] ---- [Flow] CT_START Set
[11:25:01.681] ---- [Flow] CT_START Set
[11:26:06.007] ---- [Flow] CT_START Set
[11:36:35.442] ---- [Flow] CT_START Set
[11:36:43.379] ---- [Flow] CT_START Set
[11:36:46.566] ---- [Flow] CT_START Set
[11:46:47.223] ---- [Flow] CT_START Set
[11:47:13.516] ---- [Flow] CT_START Set
[11:49:55.649] ---- [Flow] CT_STOP Set
[11:49:55.670] ---- [Event] Auto : CT_STOP
[11:49:55.670] --------- [Monitor] StopTasks() : before m_stopped
[11:49:55.684] --------- [Monitor] StopTasks() : m_stopped
[11:49:55.685] [m_nState] AutoStop State
[11:49:55.707] ---- [Flow] CT_STOP Set
[12:34:57.558] ---- [Flow] CT_START Set
[12:34:57.580] ---- [Event] AutoStop : CT_START
[12:34:57.580] [m_nState] Auto State
[12:34:58.295] ---- [Flow] CT_START Set
[12:48:02.734] ---- [Flow] CT_START Set
[12:48:03.740] ---- [Flow] CT_START Set
[12:59:33.510] ---- [Flow] CT_START Set
[12:59:36.204] ---- [Flow] CT_START Set
[13:02:34.915] ---- [Flow] CT_START Set
[13:02:44.178] ---- [Flow] CT_START Set
[13:03:05.146] ---- [Flow] CT_START Set
[13:06:55.441] ---- [Flow] CT_START Set
[13:07:23.217] ---- [Flow] CT_START Set
[13:09:57.343] ---- [Flow] CT_START Set
[13:10:00.466] ---- [Flow] CT_START Set
[13:16:06.471] ---- [Flow] CT_START Set
[13:16:09.384] ---- [Flow] CT_START Set
[13:23:47.478] ---- [Flow] CT_START Set
[13:23:48.881] ---- [Flow] CT_START Set
[13:25:13.714] ---- [Flow] CT_START Set
[13:26:30.809] ---- [Flow] CT_START Set
[13:26:49.224] ---- [Flow] CT_START Set
[13:28:39.892] ---- [Flow] CT_START Set
[13:29:11.916] ---- [Flow] CT_START Set
[13:29:39.706] ---- [Flow] CT_START Set
[13:43:58.505] ---- [Flow] CT_START Set
[13:44:01.596] ---- [Flow] CT_START Set
[13:50:32.806] ---- [Flow] CT_START Set
[13:50:52.745] ---- [Flow] CT_START Set
[13:51:19.907] ---- [Flow] CT_START Set
[13:51:39.915] ---- [Flow] CT_START Set
[13:52:22.197] ---- [Flow] CT_START Set
[13:52:34.442] ---- [Flow] CT_START Set
[13:52:48.966] ---- [Flow] CT_START Set
[13:53:18.385] ---- [Flow] CT_START Set
[13:59:35.108] ---- [Flow] CT_START Set
[13:59:51.127] ---- [Flow] CT_START Set
[14:00:06.989] ---- [Flow] CT_START Set
[14:07:16.164] ---- [Flow] CT_START Set
[14:07:19.149] ---- [Flow] CT_START Set
[14:07:53.842] ---- [Flow] CT_START Set
[14:08:16.157] ---- [Flow] CT_START Set
[14:14:58.441] ---- [Flow] CT_START Set
[14:15:00.056] ---- [Flow] CT_START Set
[14:15:01.832] ---- [Flow] CT_START Set
[14:15:17.802] ---- [Flow] CT_START Set
[14:15:19.922] ---- [Flow] CT_START Set
[14:17:32.655] ---- [Flow] CT_START Set
[14:17:36.438] ---- [Flow] CT_START Set
[14:17:36.763] ---- [Flow] CT_START Set
[14:17:38.160] ---- [Flow] CT_START Set
[14:17:38.730] ---- [Flow] CT_START Set
[14:17:39.374] ---- [Flow] CT_START Set
[14:19:29.253] ---- [Flow] CT_START Set
[14:19:57.498] ---- [Flow] CT_START Set
[14:21:32.364] ---- [Flow] CT_START Set
[14:21:34.797] ---- [Flow] CT_START Set
[14:25:01.970] ---- [Flow] CT_START Set
[14:25:13.802] ---- [Flow] CT_START Set
[14:26:30.037] ---- [Flow] CT_START Set
[14:29:34.663] ---- [Flow] CT_START Set
[14:29:36.835] ---- [Flow] CT_START Set
[14:29:52.787] ---- [Flow] CT_STOP Set
[14:29:52.808] ---- [Event] Auto : CT_STOP
[14:29:52.808] --------- [Monitor] StopTasks() : before m_stopped
[14:29:52.831] --------- [Monitor] StopTasks() : m_stopped
[14:29:52.832] [m_nState] AutoStop State
[14:38:52.426] ---- [Flow] CT_START Set
[14:38:52.448] ---- [Event] AutoStop : CT_START
[14:38:52.448] [m_nState] Auto State
[14:38:53.879] ---- [Flow] CT_START Set
[14:38:56.130] ---- [Flow] CT_START Set
[14:39:54.787] ---- [Flow] CT_START Set
[14:55:45.544] ---- [Flow] CT_START Set
[14:55:47.916] ---- [Flow] CT_START Set
[14:58:47.751] ---- [Flow] CT_START Set
[14:58:49.441] ---- [Flow] CT_START Set
[15:05:22.185] ---- [Flow] CT_START Set
[15:05:23.974] ---- [Flow] CT_START Set
[15:15:10.891] ---- [Flow] CT_START Set
[15:15:37.233] ---- [Flow] CT_START Set
[15:21:12.453] ---- [Flow] CT_START Set
[15:21:16.765] ---- [Flow] CT_START Set
[15:30:01.894] ---- [Flow] CT_START Set
[15:32:46.752] ---- [Flow] CT_START Set
[15:32:48.306] ---- [Flow] CT_START Set
[15:34:05.174] ---- [Flow] CT_START Set
[15:34:07.691] ---- [Flow] CT_START Set
[15:41:45.963] ---- [Flow] CT_START Set
[15:46:24.502] ---- [Flow] CT_START Set
[15:46:43.402] ---- [Flow] CT_STOP Set
[15:46:43.423] ---- [Event] Auto : CT_STOP
[15:46:43.423] --------- [Monitor] StopTasks() : before m_stopped
[15:46:43.490] ---- [Flow] CT_STOP Set
[15:46:43.892] --------- [Monitor] StopTasks() : m_stopped
[15:46:43.892] [m_nState] AutoStop State
[15:48:25.222] ---- [Flow] CT_START Set
[15:48:25.244] ---- [Event] AutoStop : CT_START
[15:48:25.244] [m_nState] Auto State
[15:48:25.939] ---- [Flow] CT_START Set
[15:49:24.173] ---- [Flow] CT_START Set
[15:49:34.041] ---- [Flow] CT_START Set
[15:50:15.265] ---- [Flow] CT_START Set
[15:52:47.311] ---- [Flow] CT_START Set
[15:55:03.396] ---- [Flow] CT_STOP Set
[15:55:03.418] ---- [Event] Auto : CT_STOP
[15:55:03.418] --------- [Monitor] StopTasks() : before m_stopped
[15:55:03.419] --------- [Monitor] StopTasks() : m_stopped
[15:55:03.419] [m_nState] AutoStop State
[15:55:03.431] ---- [Flow] CT_STOP Set
[15:55:03.462] ---- [Flow] CT_STOP Set
[15:55:03.494] ---- [Flow] CT_STOP Set
[15:55:03.525] ---- [Flow] CT_STOP Set
[15:55:03.557] ---- [Flow] CT_STOP Set
[15:55:03.629] ---- [Flow] CT_STOP Set
[15:55:03.661] ---- [Flow] CT_STOP Set
[15:55:03.692] ---- [Flow] CT_STOP Set
[15:55:03.723] ---- [Flow] CT_STOP Set
[15:55:03.754] ---- [Flow] CT_STOP Set
[15:55:03.786] ---- [Flow] CT_STOP Set
[15:55:03.970] ---- [Flow] CT_STOP Set
[15:55:04.001] ---- [Flow] CT_STOP Set
[15:55:04.034] ---- [Flow] CT_STOP Set
[15:55:04.065] ---- [Flow] CT_STOP Set
[15:55:04.096] ---- [Flow] CT_STOP Set
[15:55:04.127] ---- [Flow] CT_STOP Set
[15:55:04.352] ---- [Flow] CT_STOP Set
[15:55:04.383] ---- [Flow] CT_STOP Set
[15:55:04.416] ---- [Flow] CT_STOP Set
[15:55:04.447] ---- [Flow] CT_STOP Set
[15:55:04.478] ---- [Flow] CT_STOP Set
[15:55:04.509] ---- [Flow] CT_STOP Set
[15:55:04.812] ---- [Flow] CT_STOP Set
[15:55:04.843] ---- [Flow] CT_STOP Set
[15:55:04.875] ---- [Flow] CT_STOP Set
[15:55:04.906] ---- [Flow] CT_STOP Set
[15:55:04.939] ---- [Flow] CT_STOP Set
[15:55:05.122] ---- [Flow] CT_STOP Set
[15:55:05.153] ---- [Flow] CT_STOP Set
[15:55:05.184] ---- [Flow] CT_STOP Set
[15:55:05.215] ---- [Flow] CT_STOP Set
[15:55:05.247] ---- [Flow] CT_STOP Set
[15:55:05.278] ---- [Flow] CT_STOP Set
[15:55:09.253] ---- [Flow] CT_STOP Set
[15:55:09.289] ---- [Flow] CT_STOP Set
[15:55:10.401] ---- [Flow] CT_START Set
[15:55:10.422] ---- [Event] AutoStop : CT_START
[15:55:10.422] [m_nState] Auto State
[15:55:19.979] ---- [Flow] CT_STOP Set
[15:55:20.000] ---- [Event] Auto : CT_STOP
[15:55:20.000] --------- [Monitor] StopTasks() : before m_stopped
[15:55:20.012] --------- [Monitor] StopTasks() : m_stopped
[15:55:20.012] [m_nState] AutoStop State
[15:55:20.022] ---- [Flow] CT_STOP Set
[15:55:20.054] ---- [Flow] CT_STOP Set
[15:55:20.708] ---- [Flow] CT_STOP Set
[15:55:20.745] ---- [Flow] CT_STOP Set
[15:55:20.779] ---- [Flow] CT_STOP Set
[15:55:20.811] ---- [Flow] CT_STOP Set
[15:55:25.866] ---- [Flow] CT_START Set
[15:55:25.887] ---- [Event] AutoStop : CT_START
[15:55:25.887] [m_nState] Auto State
[15:55:34.713] ---- [Flow] CT_STOP Set
[15:55:34.735] ---- [Event] Auto : CT_STOP
[15:55:34.735] --------- [Monitor] StopTasks() : before m_stopped
[15:55:34.735] --------- [Monitor] StopTasks() : m_stopped
[15:55:34.735] [m_nState] AutoStop State
[15:55:34.805] ---- [Flow] CT_STOP Set
[15:55:35.457] ---- [Flow] CT_START Set
[15:55:35.478] ---- [Event] AutoStop : CT_START
[15:55:35.478] [m_nState] Auto State
[15:55:38.543] ---- [Flow] CT_START Set
[15:58:29.263] ---- [Flow] CT_START Set
[15:58:39.218] ---- [Flow] CT_START Set
[15:58:41.389] ---- [Flow] CT_START Set
[15:59:39.145] ---- [Flow] CT_START Set
[15:59:51.054] ---- [Flow] CT_START Set
[16:00:42.413] ---- [Flow] CT_START Set
[16:02:17.264] ---- [Flow] CT_START Set
[16:02:36.761] ---- [Flow] CT_START Set
[16:02:46.587] ---- [Flow] CT_START Set
[16:03:05.454] ---- [Flow] CT_START Set
[16:03:32.168] ---- [Flow] CT_START Set
[16:05:48.865] ---- [Flow] CT_START Set
[16:05:58.542] ---- [Flow] CT_START Set
[16:06:27.948] ---- [Flow] CT_START Set
[16:06:28.410] ---- [Flow] CT_START Set
[16:06:28.693] ---- [Flow] CT_START Set
[16:06:29.419] ---- [Flow] CT_START Set
[16:06:30.285] ---- [Flow] CT_START Set
[16:06:30.565] ---- [Flow] CT_START Set
[16:06:31.818] ---- [Flow] CT_START Set
[16:06:32.622] ---- [Flow] CT_START Set
[16:06:33.198] ---- [Flow] CT_START Set
[16:06:33.925] ---- [Flow] CT_START Set
[16:06:34.241] ---- [Flow] CT_START Set
[16:06:35.613] ---- [Flow] CT_START Set
[16:06:36.500] ---- [Flow] CT_START Set
[16:06:36.971] ---- [Flow] CT_START Set
[16:06:37.792] ---- [Flow] CT_START Set
[16:06:38.110] ---- [Flow] CT_START Set
[16:06:38.811] ---- [Flow] CT_START Set
[16:06:39.679] ---- [Flow] CT_START Set
[16:06:40.004] ---- [Flow] CT_START Set
[16:06:42.108] ---- [Flow] CT_START Set
[16:06:42.623] ---- [Flow] CT_START Set
[16:06:42.960] ---- [Flow] CT_START Set
[16:06:43.718] ---- [Flow] CT_START Set
[16:06:44.476] ---- [Flow] CT_START Set
[16:06:46.216] ---- [Flow] CT_START Set
[16:06:46.500] ---- [Flow] CT_START Set
[16:06:46.853] ---- [Flow] CT_START Set
[16:06:47.910] ---- [Flow] CT_START Set
[16:14:14.946] ---- [Flow] CT_START Set
[16:14:15.230] ---- [Flow] CT_START Set
[16:14:16.160] ---- [Flow] CT_START Set
[16:14:16.844] ---- [Flow] CT_START Set
[16:14:17.595] ---- [Flow] CT_START Set
[16:14:17.906] ---- [Flow] CT_START Set
[16:14:18.683] ---- [Flow] CT_START Set
[16:14:19.020] ---- [Flow] CT_START Set
[16:14:19.739] ---- [Flow] CT_START Set
[16:14:20.480] ---- [Flow] CT_START Set
[16:14:20.767] ---- [Flow] CT_START Set
[16:14:21.537] ---- [Flow] CT_START Set
[16:14:22.850] ---- [Flow] CT_START Set
[16:14:23.906] ---- [Flow] CT_START Set
[16:14:24.667] ---- [Flow] CT_START Set
[16:14:25.333] ---- [Flow] CT_START Set
[16:14:26.025] ---- [Flow] CT_START Set
[16:14:26.371] ---- [Flow] CT_START Set
[16:14:27.083] ---- [Flow] CT_START Set
[16:14:27.892] ---- [Flow] CT_START Set
[16:14:28.675] ---- [Flow] CT_START Set
[16:14:29.466] ---- [Flow] CT_START Set
[16:14:29.800] ---- [Flow] CT_START Set
[16:14:30.087] ---- [Flow] CT_START Set
[16:14:30.827] ---- [Flow] CT_START Set
[16:14:33.044] ---- [Flow] CT_START Set
[16:14:33.862] ---- [Flow] CT_START Set
[16:14:34.402] ---- [Flow] CT_START Set
[16:14:35.099] ---- [Flow] CT_START Set
[16:14:35.410] ---- [Flow] CT_START Set
[16:14:36.126] ---- [Flow] CT_START Set
[16:14:36.865] ---- [Flow] CT_START Set
[16:14:37.170] ---- [Flow] CT_START Set
[16:14:37.921] ---- [Flow] CT_START Set
[16:14:38.625] ---- [Flow] CT_START Set
[16:14:39.428] ---- [Flow] CT_START Set
[16:14:40.853] ---- [Flow] CT_START Set
[16:14:41.446] ---- [Flow] CT_START Set
[16:14:42.147] ---- [Flow] CT_START Set
[16:14:42.455] ---- [Flow] CT_START Set
[16:14:43.705] ---- [Flow] CT_START Set
[16:14:44.000] ---- [Flow] CT_START Set
[16:14:44.297] ---- [Flow] CT_START Set
[16:14:45.575] ---- [Flow] CT_START Set
[16:14:45.867] ---- [Flow] CT_START Set
[16:14:46.185] ---- [Flow] CT_START Set
[16:14:47.333] ---- [Flow] CT_START Set
[16:14:47.666] ---- [Flow] CT_START Set
[16:14:47.939] ---- [Flow] CT_START Set
[16:16:32.108] ---- [Flow] CT_START Set
[16:21:43.055] ---- [Flow] CT_START Set
[16:21:43.862] ---- [Flow] CT_START Set
[16:21:44.143] ---- [Flow] CT_START Set
[16:21:44.925] ---- [Flow] CT_START Set
[16:21:46.166] ---- [Flow] CT_START Set
[16:21:46.826] ---- [Flow] CT_START Set
[16:21:47.987] ---- [Flow] CT_START Set
[16:21:48.576] ---- [Flow] CT_START Set
[16:21:49.413] ---- [Flow] CT_START Set
[16:21:49.736] ---- [Flow] CT_START Set
[16:21:50.398] ---- [Flow] CT_START Set
[16:21:52.505] ---- [Flow] CT_START Set
[16:21:53.031] ---- [Flow] CT_START Set
[16:21:53.789] ---- [Flow] CT_START Set
[16:21:55.252] ---- [Flow] CT_START Set
[16:21:55.896] ---- [Flow] CT_START Set
[16:21:56.643] ---- [Flow] CT_START Set
[16:21:56.968] ---- [Flow] CT_START Set
[16:21:57.601] ---- [Flow] CT_START Set
[16:21:58.359] ---- [Flow] CT_START Set
[16:21:58.609] ---- [Flow] CT_START Set
[16:22:00.416] ---- [Flow] CT_START Set
[16:22:01.159] ---- [Flow] CT_START Set
[16:22:01.952] ---- [Flow] CT_START Set
[16:22:02.283] ---- [Flow] CT_START Set
[16:22:03.040] ---- [Flow] CT_START Set
[16:22:03.335] ---- [Flow] CT_START Set
[16:22:04.083] ---- [Flow] CT_START Set
[16:22:04.772] ---- [Flow] CT_START Set
[16:22:05.061] ---- [Flow] CT_START Set
[16:22:05.870] ---- [Flow] CT_START Set
[16:22:06.620] ---- [Flow] CT_START Set
[16:22:07.405] ---- [Flow] CT_START Set
[16:22:08.324] ---- [Flow] CT_START Set
[16:22:12.743] ---- [Flow] CT_START Set
[16:23:55.188] ---- [Flow] CT_START Set
[16:23:55.518] ---- [Flow] CT_START Set
[16:23:56.306] ---- [Flow] CT_START Set
[16:23:56.946] ---- [Flow] CT_START Set
[16:23:57.144] ---- [Flow] CT_START Set
[16:23:57.361] ---- [Flow] CT_START Set
[16:23:57.584] ---- [Flow] CT_START Set
[16:24:38.608] ---- [Flow] CT_START Set
[16:27:31.577] ---- [Flow] CT_START Set
[16:28:55.827] ---- [Flow] CT_START Set
[16:31:14.108] ---- [Flow] CT_START Set
[16:51:09.021] ---- [Flow] CT_START Set
[16:51:54.183] ---- [Flow] CT_START Set
[16:53:52.472] ---- [Flow] CT_START Set
[16:54:07.387] ---- [Flow] CT_START Set
[16:54:17.138] ---- [Flow] CT_START Set
[16:54:29.042] ---- [Flow] CT_START Set
[16:58:49.191] ---- [Flow] CT_START Set
[16:58:49.554] ---- [Flow] CT_START Set
[16:58:50.784] ---- [Flow] CT_START Set
[16:58:51.429] ---- [Flow] CT_START Set
[16:58:51.718] ---- [Flow] CT_START Set
[16:58:52.499] ---- [Flow] CT_START Set
[16:58:53.109] ---- [Flow] CT_START Set
[17:05:59.083] ---- [Flow] CT_START Set
[17:05:59.987] ---- [Flow] CT_START Set
[17:06:00.724] ---- [Flow] CT_START Set
[17:06:01.063] ---- [Flow] CT_START Set
[17:06:01.866] ---- [Flow] CT_START Set
[17:06:02.666] ---- [Flow] CT_START Set
[17:06:03.018] ---- [Flow] CT_START Set
[17:06:03.868] ---- [Flow] CT_START Set
[17:06:04.186] ---- [Flow] CT_START Set
[17:06:04.960] ---- [Flow] CT_START Set
[17:06:06.141] ---- [Flow] CT_START Set
[17:06:06.722] ---- [Flow] CT_START Set
[17:06:07.519] ---- [Flow] CT_START Set
[17:06:07.867] ---- [Flow] CT_START Set
[17:06:09.109] ---- [Flow] CT_START Set
[17:06:09.459] ---- [Flow] CT_START Set
[17:06:09.795] ---- [Flow] CT_START Set
[17:06:11.012] ---- [Flow] CT_START Set
[17:06:11.812] ---- [Flow] CT_START Set
[17:06:12.404] ---- [Flow] CT_START Set
[17:06:13.227] ---- [Flow] CT_START Set
[17:06:13.503] ---- [Flow] CT_START Set
[17:06:14.208] ---- [Flow] CT_START Set
[17:06:14.970] ---- [Flow] CT_START Set
[17:06:17.272] ---- [Flow] CT_START Set
[17:06:18.102] ---- [Flow] CT_START Set
[17:06:18.434] ---- [Flow] CT_START Set
[17:06:19.089] ---- [Flow] CT_START Set
[17:06:19.808] ---- [Flow] CT_START Set
[17:06:20.058] ---- [Flow] CT_START Set
[17:06:20.885] ---- [Flow] CT_START Set
[17:06:21.943] ---- [Flow] CT_START Set
[17:06:23.487] ---- [Flow] CT_START Set
[17:06:23.731] ---- [Flow] CT_START Set
[17:06:24.584] ---- [Flow] CT_START Set
[17:06:25.746] ---- [Flow] CT_START Set
[17:06:26.427] ---- [Flow] CT_START Set
[17:06:27.172] ---- [Flow] CT_START Set
[17:06:27.878] ---- [Flow] CT_START Set
[17:13:05.754] ---- [Flow] CT_START Set
[17:13:21.162] ---- [Flow] CT_START Set
[17:13:21.464] ---- [Flow] CT_START Set
[17:13:21.686] ---- [Flow] CT_START Set
[17:13:21.908] ---- [Flow] CT_START Set
[17:13:22.541] ---- [Flow] CT_START Set
[17:13:23.372] ---- [Flow] CT_START Set
[17:13:23.548] ---- [Flow] CT_START Set
[17:13:24.268] ---- [Flow] CT_START Set
[17:13:24.457] ---- [Flow] CT_START Set
[17:13:25.299] ---- [Flow] CT_START Set
[17:13:25.556] ---- [Flow] CT_START Set
[17:13:26.253] ---- [Flow] CT_START Set
[17:13:26.505] ---- [Flow] CT_START Set
[17:13:27.807] ---- [Flow] CT_START Set
[17:13:28.411] ---- [Flow] CT_START Set
[17:13:29.195] ---- [Flow] CT_START Set
[17:13:29.421] ---- [Flow] CT_START Set
[17:13:30.293] ---- [Flow] CT_START Set
[17:13:31.133] ---- [Flow] CT_START Set
[17:13:31.318] ---- [Flow] CT_START Set
[17:13:32.180] ---- [Flow] CT_START Set
[17:13:32.994] ---- [Flow] CT_START Set
[17:13:33.175] ---- [Flow] CT_START Set
[17:13:34.480] ---- [Flow] CT_START Set
[17:13:34.873] ---- [Flow] CT_START Set
[17:13:35.063] ---- [Flow] CT_START Set
[17:13:35.931] ---- [Flow] CT_START Set
[17:13:36.743] ---- [Flow] CT_START Set
[17:13:36.997] ---- [Flow] CT_START Set
[17:13:37.821] ---- [Flow] CT_START Set
[17:13:38.616] ---- [Flow] CT_START Set
[17:13:38.871] ---- [Flow] CT_START Set
[17:13:39.672] ---- [Flow] CT_START Set
[17:13:40.421] ---- [Flow] CT_START Set
[17:13:41.125] ---- [Flow] CT_START Set
[17:13:41.545] ---- [Flow] CT_START Set
[17:13:42.338] ---- [Flow] CT_START Set
[17:13:42.527] ---- [Flow] CT_START Set
[17:13:43.405] ---- [Flow] CT_START Set
[17:13:44.217] ---- [Flow] CT_START Set
[17:13:44.399] ---- [Flow] CT_START Set
[17:13:45.286] ---- [Flow] CT_START Set
[17:13:45.937] ---- [Flow] CT_START Set
[17:13:46.110] ---- [Flow] CT_START Set
[17:13:46.258] ---- [Flow] CT_START Set
[17:13:47.476] ---- [Flow] CT_START Set
[17:13:47.808] ---- [Flow] CT_START Set
[17:13:48.031] ---- [Flow] CT_START Set
[17:13:48.253] ---- [Flow] CT_START Set
[17:13:48.874] ---- [Flow] CT_START Set
[17:13:49.716] ---- [Flow] CT_START Set
[17:13:49.882] ---- [Flow] CT_START Set
[17:13:50.134] ---- [Flow] CT_START Set
[17:13:50.737] ---- [Flow] CT_START Set
[17:13:51.615] ---- [Flow] CT_START Set
[17:13:51.813] ---- [Flow] CT_START Set
[17:13:52.598] ---- [Flow] CT_START Set
[17:13:53.424] ---- [Flow] CT_START Set
[17:13:54.079] ---- [Flow] CT_START Set
[17:13:54.542] ---- [Flow] CT_START Set
[17:13:55.396] ---- [Flow] CT_START Set
[17:13:55.652] ---- [Flow] CT_START Set
[17:13:56.464] ---- [Flow] CT_START Set
[17:13:57.269] ---- [Flow] CT_START Set
[17:13:57.504] ---- [Flow] CT_START Set
[17:13:58.377] ---- [Flow] CT_START Set
[17:13:59.188] ---- [Flow] CT_START Set
[17:13:59.380] ---- [Flow] CT_START Set
[17:14:00.713] ---- [Flow] CT_START Set
[17:14:01.094] ---- [Flow] CT_START Set
[17:14:01.330] ---- [Flow] CT_START Set
[17:14:02.171] ---- [Flow] CT_START Set
[17:14:02.974] ---- [Flow] CT_START Set
[17:14:03.238] ---- [Flow] CT_START Set
[17:14:04.049] ---- [Flow] CT_START Set
[17:14:04.857] ---- [Flow] CT_START Set
[17:14:05.120] ---- [Flow] CT_START Set
[17:14:05.921] ---- [Flow] CT_START Set
[17:14:07.220] ---- [Flow] CT_START Set
[17:14:07.817] ---- [Flow] CT_START Set
[17:14:08.623] ---- [Flow] CT_START Set
[17:14:08.825] ---- [Flow] CT_START Set
[17:14:09.700] ---- [Flow] CT_START Set
[17:14:10.467] ---- [Flow] CT_START Set
[17:14:10.737] ---- [Flow] CT_START Set
[17:14:11.415] ---- [Flow] CT_START Set
[17:14:11.605] ---- [Flow] CT_START Set
[17:14:12.493] ---- [Flow] CT_START Set
[17:14:12.744] ---- [Flow] CT_START Set
[17:14:13.995] ---- [Flow] CT_START Set
[17:14:14.308] ---- [Flow] CT_START Set
[17:14:14.483] ---- [Flow] CT_START Set
[17:14:14.694] ---- [Flow] CT_START Set
[17:14:15.369] ---- [Flow] CT_START Set
[17:14:16.137] ---- [Flow] CT_START Set
[17:14:16.294] ---- [Flow] CT_START Set
[17:14:16.518] ---- [Flow] CT_START Set
[17:14:17.213] ---- [Flow] CT_START Set
[17:14:18.007] ---- [Flow] CT_START Set
[17:14:18.176] ---- [Flow] CT_START Set
[17:14:18.409] ---- [Flow] CT_START Set
[17:14:19.079] ---- [Flow] CT_START Set
[17:14:19.897] ---- [Flow] CT_START Set
[17:14:20.603] ---- [Flow] CT_START Set
[17:14:20.958] ---- [Flow] CT_START Set
[17:14:21.748] ---- [Flow] CT_START Set
[17:14:21.974] ---- [Flow] CT_START Set
[17:14:22.208] ---- [Flow] CT_START Set
[17:14:22.877] ---- [Flow] CT_START Set
[17:14:23.712] ---- [Flow] CT_START Set
[17:14:23.958] ---- [Flow] CT_START Set
[17:14:24.781] ---- [Flow] CT_START Set
[17:14:25.590] ---- [Flow] CT_START Set
[17:14:25.816] ---- [Flow] CT_START Set
[17:14:26.501] ---- [Flow] CT_START Set
[17:14:27.143] ---- [Flow] CT_START Set
[17:14:27.628] ---- [Flow] CT_START Set
[17:14:27.810] ---- [Flow] CT_START Set
[17:14:28.672] ---- [Flow] CT_START Set
[17:14:29.496] ---- [Flow] CT_START Set
[17:14:29.751] ---- [Flow] CT_START Set
[17:14:30.547] ---- [Flow] CT_START Set
[17:14:31.365] ---- [Flow] CT_START Set
[17:14:31.551] ---- [Flow] CT_START Set
[17:14:32.422] ---- [Flow] CT_START Set
[17:14:33.145] ---- [Flow] CT_START Set
[17:14:33.828] ---- [Flow] CT_START Set
[17:14:34.281] ---- [Flow] CT_START Set
[17:14:35.066] ---- [Flow] CT_START Set
[17:14:35.290] ---- [Flow] CT_START Set
[17:14:36.133] ---- [Flow] CT_START Set
[17:14:36.970] ---- [Flow] CT_START Set
[17:14:37.165] ---- [Flow] CT_START Set
[17:14:38.038] ---- [Flow] CT_START Set
[17:14:38.738] ---- [Flow] CT_START Set
[17:14:38.927] ---- [Flow] CT_START Set
[17:14:39.120] ---- [Flow] CT_START Set
[17:14:40.293] ---- [Flow] CT_START Set
[17:14:40.623] ---- [Flow] CT_START Set
[17:14:40.792] ---- [Flow] CT_START Set
[17:14:41.028] ---- [Flow] CT_START Set
[17:14:41.653] ---- [Flow] CT_START Set
[17:14:42.458] ---- [Flow] CT_START Set
[17:14:42.624] ---- [Flow] CT_START Set
[17:14:42.833] ---- [Flow] CT_START Set
[17:14:43.459] ---- [Flow] CT_START Set
[17:14:44.219] ---- [Flow] CT_START Set
[17:14:44.402] ---- [Flow] CT_START Set
[17:14:44.637] ---- [Flow] CT_START Set
[17:14:45.345] ---- [Flow] CT_START Set
[17:14:46.140] ---- [Flow] CT_START Set
[17:14:46.300] ---- [Flow] CT_START Set
[17:14:46.537] ---- [Flow] CT_START Set
[17:14:47.665] ---- [Flow] CT_START Set
[17:14:48.007] ---- [Flow] CT_START Set
[17:14:48.249] ---- [Flow] CT_START Set
[17:14:49.092] ---- [Flow] CT_START Set
[17:14:49.937] ---- [Flow] CT_START Set
[17:14:50.198] ---- [Flow] CT_START Set
[17:14:50.973] ---- [Flow] CT_START Set
[17:14:51.793] ---- [Flow] CT_START Set
[17:14:52.017] ---- [Flow] CT_START Set
[17:14:52.794] ---- [Flow] CT_START Set
[17:14:53.568] ---- [Flow] CT_START Set
[17:14:54.221] ---- [Flow] CT_START Set
[17:14:54.691] ---- [Flow] CT_START Set
[17:14:55.460] ---- [Flow] CT_START Set
[17:14:55.696] ---- [Flow] CT_START Set
[17:14:56.367] ---- [Flow] CT_START Set
[17:14:56.586] ---- [Flow] CT_START Set
[17:14:57.375] ---- [Flow] CT_START Set
[17:14:57.643] ---- [Flow] CT_START Set
[17:14:58.298] ---- [Flow] CT_START Set
[17:14:58.544] ---- [Flow] CT_START Set
[17:14:59.396] ---- [Flow] CT_START Set
[17:14:59.573] ---- [Flow] CT_START Set
[17:15:00.890] ---- [Flow] CT_START Set
[17:15:01.278] ---- [Flow] CT_START Set
[17:15:01.467] ---- [Flow] CT_START Set
[17:15:02.319] ---- [Flow] CT_START Set
[17:15:03.141] ---- [Flow] CT_START Set
[17:15:03.381] ---- [Flow] CT_START Set
[17:15:04.205] ---- [Flow] CT_START Set
[17:15:04.925] ---- [Flow] CT_START Set
[17:15:05.157] ---- [Flow] CT_START Set
[17:15:05.875] ---- [Flow] CT_START Set
[17:15:06.052] ---- [Flow] CT_START Set
[17:15:07.423] ---- [Flow] CT_START Set
[17:15:07.956] ---- [Flow] CT_START Set
[17:15:08.750] ---- [Flow] CT_START Set
[17:15:09.018] ---- [Flow] CT_START Set
[17:15:09.693] ---- [Flow] CT_START Set
[17:15:09.859] ---- [Flow] CT_START Set
[17:15:10.683] ---- [Flow] CT_START Set
[17:15:10.845] ---- [Flow] CT_START Set
[17:15:11.069] ---- [Flow] CT_START Set
[17:15:11.737] ---- [Flow] CT_START Set
[17:15:12.510] ---- [Flow] CT_START Set
[17:15:12.668] ---- [Flow] CT_START Set
[17:15:12.808] ---- [Flow] CT_START Set
[17:15:14.059] ---- [Flow] CT_START Set
[17:15:14.344] ---- [Flow] CT_START Set
[17:15:14.513] ---- [Flow] CT_START Set
[17:15:14.736] ---- [Flow] CT_START Set
[17:15:15.438] ---- [Flow] CT_START Set
[17:15:16.267] ---- [Flow] CT_START Set
[17:15:16.522] ---- [Flow] CT_START Set
[17:15:17.306] ---- [Flow] CT_START Set
[17:15:18.068] ---- [Flow] CT_START Set
[17:15:18.283] ---- [Flow] CT_START Set
[17:15:19.160] ---- [Flow] CT_START Set
[17:15:20.442] ---- [Flow] CT_START Set
[17:15:21.037] ---- [Flow] CT_START Set
[17:15:21.586] ---- [Flow] CT_START Set
[17:15:21.662] ---- [Flow] CT_START Set
[17:15:21.738] ---- [Flow] CT_START Set
[17:15:21.823] ---- [Flow] CT_START Set
[17:15:21.886] ---- [Flow] CT_START Set
[17:15:21.969] ---- [Flow] CT_START Set
[17:15:22.665] ---- [Flow] CT_START Set
[17:15:22.752] ---- [Flow] CT_START Set
[17:15:23.471] ---- [Flow] CT_START Set
[17:15:23.653] ---- [Flow] CT_START Set
[17:15:23.907] ---- [Flow] CT_START Set
[17:15:24.717] ---- [Flow] CT_START Set
[17:15:25.482] ---- [Flow] CT_START Set
[17:15:25.665] ---- [Flow] CT_START Set
[17:15:26.481] ---- [Flow] CT_START Set
[17:15:27.781] ---- [Flow] CT_START Set
[17:15:28.421] ---- [Flow] CT_START Set
[17:15:29.208] ---- [Flow] CT_START Set
[17:15:29.379] ---- [Flow] CT_START Set
[17:15:30.095] ---- [Flow] CT_START Set
[17:15:30.309] ---- [Flow] CT_START Set
[17:15:31.176] ---- [Flow] CT_START Set
[17:15:31.367] ---- [Flow] CT_START Set
[17:15:32.173] ---- [Flow] CT_START Set
[17:15:32.941] ---- [Flow] CT_START Set
[17:15:33.131] ---- [Flow] CT_START Set
[17:15:33.340] ---- [Flow] CT_START Set
[17:15:34.474] ---- [Flow] CT_START Set
[17:15:34.880] ---- [Flow] CT_START Set
[17:15:35.059] ---- [Flow] CT_START Set
[17:15:35.772] ---- [Flow] CT_START Set
[17:15:36.021] ---- [Flow] CT_START Set
[17:15:36.713] ---- [Flow] CT_START Set
[17:15:36.933] ---- [Flow] CT_START Set
[17:15:37.164] ---- [Flow] CT_START Set
[17:15:37.795] ---- [Flow] CT_START Set
[17:15:38.605] ---- [Flow] CT_START Set
[17:15:38.762] ---- [Flow] CT_START Set
[17:15:38.980] ---- [Flow] CT_START Set
[17:15:39.612] ---- [Flow] CT_START Set
[17:15:40.354] ---- [Flow] CT_START Set
[17:15:41.000] ---- [Flow] CT_START Set
[17:15:41.498] ---- [Flow] CT_START Set
[17:15:42.264] ---- [Flow] CT_START Set
[17:15:42.489] ---- [Flow] CT_START Set
[17:15:43.271] ---- [Flow] CT_START Set
[17:15:44.066] ---- [Flow] CT_START Set
[17:15:44.304] ---- [Flow] CT_START Set
[17:15:45.149] ---- [Flow] CT_START Set
[17:15:45.953] ---- [Flow] CT_START Set
[17:15:46.189] ---- [Flow] CT_START Set
[17:15:46.969] ---- [Flow] CT_START Set
[17:15:48.231] ---- [Flow] CT_START Set
[17:15:48.875] ---- [Flow] CT_START Set
[17:15:49.650] ---- [Flow] CT_START Set
[17:15:49.843] ---- [Flow] CT_START Set
[17:15:50.697] ---- [Flow] CT_START Set
[17:15:51.472] ---- [Flow] CT_START Set
[17:15:51.684] ---- [Flow] CT_START Set
[17:15:52.525] ---- [Flow] CT_START Set
[17:15:53.260] ---- [Flow] CT_START Set
[17:15:53.484] ---- [Flow] CT_START Set
[17:15:54.179] ---- [Flow] CT_START Set
[17:15:54.808] ---- [Flow] CT_START Set
[17:15:55.270] ---- [Flow] CT_START Set
[17:15:55.519] ---- [Flow] CT_START Set
[17:15:56.348] ---- [Flow] CT_START Set
[17:15:57.109] ---- [Flow] CT_START Set
[17:15:57.361] ---- [Flow] CT_START Set
[17:15:58.177] ---- [Flow] CT_START Set
[17:15:58.961] ---- [Flow] CT_START Set
[17:15:59.217] ---- [Flow] CT_START Set
[17:15:59.971] ---- [Flow] CT_START Set
[17:16:00.750] ---- [Flow] CT_START Set
[17:16:01.442] ---- [Flow] CT_START Set
[17:16:01.890] ---- [Flow] CT_START Set
[17:16:02.695] ---- [Flow] CT_START Set
[17:16:02.883] ---- [Flow] CT_START Set
[17:16:03.778] ---- [Flow] CT_START Set
[17:16:04.575] ---- [Flow] CT_START Set
[17:16:04.818] ---- [Flow] CT_START Set
[17:16:05.008] ---- [Flow] CT_START Set
[17:16:05.264] ---- [Flow] CT_START Set
[17:16:05.503] ---- [Flow] CT_START Set
[17:16:05.706] ---- [Flow] CT_START Set
[17:16:05.924] ---- [Flow] CT_START Set
[17:16:06.094] ---- [Flow] CT_START Set
[17:16:06.886] ---- [Flow] CT_START Set
[17:16:07.661] ---- [Flow] CT_START Set
[17:16:08.313] ---- [Flow] CT_START Set
[17:16:08.833] ---- [Flow] CT_START Set
[17:16:09.617] ---- [Flow] CT_START Set
[17:16:09.792] ---- [Flow] CT_START Set
[17:16:10.011] ---- [Flow] CT_START Set
[17:16:10.669] ---- [Flow] CT_START Set
[17:16:10.772] ---- [Flow] CT_START Set
[17:16:11.466] ---- [Flow] CT_START Set
[17:16:11.557] ---- [Flow] CT_START Set
[17:16:11.629] ---- [Flow] CT_START Set
[17:16:11.725] ---- [Flow] CT_START Set
[17:16:11.801] ---- [Flow] CT_START Set
[17:16:11.906] ---- [Flow] CT_START Set
[17:16:11.994] ---- [Flow] CT_START Set
[17:16:12.652] ---- [Flow] CT_START Set
[17:16:12.741] ---- [Flow] CT_START Set
[17:16:13.434] ---- [Flow] CT_START Set
[17:16:13.520] ---- [Flow] CT_START Set
[17:16:13.598] ---- [Flow] CT_START Set
[17:16:13.673] ---- [Flow] CT_START Set
[17:16:13.741] ---- [Flow] CT_START Set
[17:16:13.807] ---- [Flow] CT_START Set
[17:16:13.901] ---- [Flow] CT_START Set
[17:16:14.608] ---- [Flow] CT_START Set
[17:16:15.307] ---- [Flow] CT_START Set
[17:16:15.715] ---- [Flow] CT_START Set
[17:16:15.976] ---- [Flow] CT_START Set
[17:16:16.688] ---- [Flow] CT_START Set
[17:16:16.941] ---- [Flow] CT_START Set
[17:16:17.832] ---- [Flow] CT_START Set
[17:16:18.080] ---- [Flow] CT_START Set
[17:16:18.764] ---- [Flow] CT_START Set
[17:16:18.941] ---- [Flow] CT_START Set
[17:16:19.852] ---- [Flow] CT_START Set
[17:16:20.087] ---- [Flow] CT_START Set
[17:16:20.335] ---- [Flow] CT_START Set
[17:16:20.516] ---- [Flow] CT_START Set
[17:16:20.704] ---- [Flow] CT_START Set
[17:16:20.922] ---- [Flow] CT_START Set
[17:16:21.094] ---- [Flow] CT_START Set
[17:16:22.298] ---- [Flow] CT_START Set
[17:16:22.721] ---- [Flow] CT_START Set
[17:16:22.896] ---- [Flow] CT_START Set
[17:16:23.161] ---- [Flow] CT_START Set
[17:16:23.869] ---- [Flow] CT_START Set
[17:16:24.667] ---- [Flow] CT_STOP Set
[17:16:24.685] ---- [Flow] CT_START Set
[17:16:24.689] ---- [Event] Auto : CT_STOP
[17:16:24.689] --------- [Monitor] StopTasks() : before m_stopped
[17:16:24.816] ---- [Flow] CT_STOP Set
[17:16:24.847] ---- [Flow] CT_START Set
[17:17:25.611] ---- [Flow] CT_START Set
[17:20:04.208] ---- [Flow] CT_START Set
[17:20:07.420] --------- [Monitor] StopTasks() : m_stopped
[17:20:07.420] [m_nState] AutoStop State
[17:20:08.955] ---- [Flow] CT_START Set
[17:20:08.976] ---- [Event] AutoStop : CT_START
[17:20:08.976] [m_nState] Auto State
[17:20:09.168] ---- [Flow] CT_START Set
[17:20:26.149] ---- [Flow] CT_START Set
[17:20:51.137] ---- [Flow] CT_START Set
[17:20:51.234] ---- [Flow] CT_START Set
[17:20:51.923] ---- [Flow] CT_START Set
[17:20:52.019] ---- [Flow] CT_START Set
[17:20:52.636] ---- [Flow] CT_START Set
[17:20:52.732] ---- [Flow] CT_START Set
[17:20:52.808] ---- [Flow] CT_START Set
[17:20:52.899] ---- [Flow] CT_START Set
[17:20:52.976] ---- [Flow] CT_START Set
[17:20:53.665] ---- [Flow] CT_START Set
[17:20:53.728] ---- [Flow] CT_START Set
[17:20:53.795] ---- [Flow] CT_START Set
[17:20:53.871] ---- [Flow] CT_START Set
[17:20:54.450] ---- [Flow] CT_START Set
[17:20:54.529] ---- [Flow] CT_START Set
[17:20:54.589] ---- [Flow] CT_START Set
[17:20:54.665] ---- [Flow] CT_START Set
[17:20:54.725] ---- [Flow] CT_START Set
[17:20:54.791] ---- [Flow] CT_START Set
[17:20:55.471] ---- [Flow] CT_START Set
[17:20:55.540] ---- [Flow] CT_START Set
[17:20:56.094] ---- [Flow] CT_START Set
[17:21:50.109] ---- [Flow] CT_START Set
[17:22:22.689] ---- [Flow] CT_START Set
[17:22:31.319] ---- [Flow] CT_START Set
[17:22:39.916] ---- [Flow] CT_START Set
[17:22:57.541] ---- [Flow] CT_START Set
[17:24:45.330] ---- [Flow] CT_START Set
[17:24:54.210] ---- [Flow] CT_START Set
[17:24:54.590] ---- [Flow] CT_START Set
[17:24:54.679] ---- [Flow] CT_START Set
[17:24:54.836] ---- [Flow] CT_START Set
[17:24:54.924] ---- [Flow] CT_START Set
[17:24:55.594] ---- [Flow] CT_START Set
[17:24:55.671] ---- [Flow] CT_START Set
[17:24:55.734] ---- [Flow] CT_START Set
[17:24:55.806] ---- [Flow] CT_START Set
[17:24:56.450] ---- [Flow] CT_START Set
[17:24:56.530] ---- [Flow] CT_START Set
[17:24:56.609] ---- [Flow] CT_START Set
[17:24:56.701] ---- [Flow] CT_START Set
[17:24:56.796] ---- [Flow] CT_START Set
[17:24:57.913] ---- [Flow] CT_START Set
[17:25:11.511] ---- [Flow] CT_START Set
[17:25:18.529] ---- [Flow] CT_START Set
[17:25:32.674] ---- [Flow] CT_START Set
[17:25:33.022] ---- [Flow] CT_START Set
[17:25:33.635] ---- [Flow] CT_START Set
[17:25:34.391] ---- [Flow] CT_START Set
[17:25:35.166] ---- [Flow] CT_START Set
[17:26:26.707] ---- [Flow] CT_START Set
[17:26:36.123] ---- [Flow] CT_START Set
[17:26:39.488] ---- [Flow] CT_START Set
[17:26:39.601] ---- [Flow] CT_START Set
[17:26:39.685] ---- [Flow] CT_START Set
[17:26:39.760] ---- [Flow] CT_START Set
[17:26:39.843] ---- [Flow] CT_START Set
[17:26:39.911] ---- [Flow] CT_START Set
[17:26:40.002] ---- [Flow] CT_START Set
[17:26:40.652] ---- [Flow] CT_START Set
[17:26:41.307] ---- [Flow] CT_START Set
[17:26:42.302] ---- [Flow] CT_START Set
[17:26:43.252] ---- [Flow] CT_START Set
[17:30:50.011] ---- [Flow] CT_START Set
[17:31:03.125] ---- [Flow] CT_START Set
[17:31:03.328] ---- [Flow] CT_START Set
[17:31:03.539] ---- [Flow] CT_START Set
[17:31:04.328] ---- [Flow] CT_START Set
[17:31:05.151] ---- [Flow] CT_START Set
[17:31:05.399] ---- [Flow] CT_START Set
[17:31:06.250] ---- [Flow] CT_START Set
[17:31:07.103] ---- [Flow] CT_START Set
[17:31:07.354] ---- [Flow] CT_START Set
[17:31:08.170] ---- [Flow] CT_START Set
[17:31:08.986] ---- [Flow] CT_START Set
[17:31:09.164] ---- [Flow] CT_START Set
[17:31:09.340] ---- [Flow] CT_START Set
[17:31:10.458] ---- [Flow] CT_START Set
[17:31:10.927] ---- [Flow] CT_START Set
[17:31:11.187] ---- [Flow] CT_START Set
[17:31:11.999] ---- [Flow] CT_START Set
[17:31:12.829] ---- [Flow] CT_START Set
[17:31:13.063] ---- [Flow] CT_START Set
[17:31:13.935] ---- [Flow] CT_START Set
[17:31:14.680] ---- [Flow] CT_START Set
[17:31:14.948] ---- [Flow] CT_START Set
[17:31:16.074] ---- [Flow] CT_START Set
[17:31:16.322] ---- [Flow] CT_START Set
[17:31:17.562] ---- [Flow] CT_START Set
[17:31:18.171] ---- [Flow] CT_START Set
[17:31:18.959] ---- [Flow] CT_START Set
[17:31:19.125] ---- [Flow] CT_START Set
[17:31:19.345] ---- [Flow] CT_START Set
[17:31:20.041] ---- [Flow] CT_START Set
[17:31:22.416] ---- [Flow] CT_START Set
[17:31:22.819] ---- [Flow] CT_START Set
[17:31:23.629] ---- [Flow] CT_START Set
[17:31:23.823] ---- [Flow] CT_START Set
[17:31:25.084] ---- [Flow] CT_START Set
[17:31:25.547] ---- [Flow] CT_START Set
[17:31:25.761] ---- [Flow] CT_START Set
[17:31:26.596] ---- [Flow] CT_START Set
[17:31:27.379] ---- [Flow] CT_START Set
[17:31:27.590] ---- [Flow] CT_START Set
[17:31:28.425] ---- [Flow] CT_START Set
[17:31:29.332] ---- [Flow] CT_START Set
[17:31:29.592] ---- [Flow] CT_START Set
[17:31:30.384] ---- [Flow] CT_START Set
[17:31:31.158] ---- [Flow] CT_START Set
[17:31:31.833] ---- [Flow] CT_START Set
[17:31:32.321] ---- [Flow] CT_START Set
[17:31:33.116] ---- [Flow] CT_START Set
[17:31:33.365] ---- [Flow] CT_START Set
[17:31:34.195] ---- [Flow] CT_START Set
[17:31:35.041] ---- [Flow] CT_START Set
[17:31:35.230] ---- [Flow] CT_START Set
[17:31:36.108] ---- [Flow] CT_START Set
[17:31:36.920] ---- [Flow] CT_START Set
[17:31:37.128] ---- [Flow] CT_START Set
[17:31:37.811] ---- [Flow] CT_START Set
[17:31:38.484] ---- [Flow] CT_START Set
[17:31:38.959] ---- [Flow] CT_START Set
[17:31:39.229] ---- [Flow] CT_START Set
[17:31:39.973] ---- [Flow] CT_START Set
[17:31:40.871] ---- [Flow] CT_START Set
[17:31:41.123] ---- [Flow] CT_START Set
[17:31:41.935] ---- [Flow] CT_START Set
[17:31:42.635] ---- [Flow] CT_START Set
[17:31:42.812] ---- [Flow] CT_START Set
[17:31:43.023] ---- [Flow] CT_START Set
[17:31:43.706] ---- [Flow] CT_START Set
[17:31:44.488] ---- [Flow] CT_START Set
[17:31:45.096] ---- [Flow] CT_START Set
[17:31:45.573] ---- [Flow] CT_START Set
[17:31:46.406] ---- [Flow] CT_START Set
[17:31:46.622] ---- [Flow] CT_START Set
[17:31:47.420] ---- [Flow] CT_START Set
[17:31:47.621] ---- [Flow] CT_START Set
[17:31:48.507] ---- [Flow] CT_START Set
[17:31:48.740] ---- [Flow] CT_START Set
[17:31:49.580] ---- [Flow] CT_START Set
[17:31:50.430] ---- [Flow] CT_START Set
[17:31:50.655] ---- [Flow] CT_START Set
[17:31:51.890] ---- [Flow] CT_START Set
[17:31:52.340] ---- [Flow] CT_START Set
[17:31:52.545] ---- [Flow] CT_START Set
[17:31:53.371] ---- [Flow] CT_START Set
[17:31:54.263] ---- [Flow] CT_START Set
[17:31:54.523] ---- [Flow] CT_START Set
[17:31:55.299] ---- [Flow] CT_START Set
[17:31:56.134] ---- [Flow] CT_START Set
[17:31:56.374] ---- [Flow] CT_START Set
[17:31:57.114] ---- [Flow] CT_START Set
[17:31:58.460] ---- [Flow] CT_START Set
[17:31:59.063] ---- [Flow] CT_START Set
[17:31:59.831] ---- [Flow] CT_START Set
[17:32:00.061] ---- [Flow] CT_START Set
[17:32:00.752] ---- [Flow] CT_START Set
[17:32:01.006] ---- [Flow] CT_START Set
[17:32:01.796] ---- [Flow] CT_START Set
[17:32:02.057] ---- [Flow] CT_START Set
[17:32:02.851] ---- [Flow] CT_START Set
[17:32:03.096] ---- [Flow] CT_START Set
[17:32:03.971] ---- [Flow] CT_START Set
[17:32:04.156] ---- [Flow] CT_START Set
[17:32:04.349] ---- [Flow] CT_START Set
[17:32:05.505] ---- [Flow] CT_START Set
[17:32:05.935] ---- [Flow] CT_START Set
[17:32:06.191] ---- [Flow] CT_START Set
[17:32:06.991] ---- [Flow] CT_START Set
[17:32:07.531] ---- [Flow] CT_START Set
[17:32:07.727] ---- [Flow] CT_START Set
[17:32:07.815] ---- [Flow] CT_START Set
[17:32:07.881] ---- [Flow] CT_START Set
[17:32:08.598] ---- [Flow] CT_START Set
[17:32:08.678] ---- [Flow] CT_START Set
[17:32:09.419] ---- [Flow] CT_START Set
[17:32:09.514] ---- [Flow] CT_START Set
[17:32:09.595] ---- [Flow] CT_START Set
[17:32:09.687] ---- [Flow] CT_START Set
[17:32:09.761] ---- [Flow] CT_START Set
[17:32:09.857] ---- [Flow] CT_START Set
[17:32:10.611] ---- [Flow] CT_START Set
[17:32:10.702] ---- [Flow] CT_START Set
[17:32:11.442] ---- [Flow] CT_START Set
[17:32:11.535] ---- [Flow] CT_START Set
[17:32:11.608] ---- [Flow] CT_START Set
[17:32:11.692] ---- [Flow] CT_START Set
[17:32:11.771] ---- [Flow] CT_START Set
[17:32:11.867] ---- [Flow] CT_START Set
[17:32:12.530] ---- [Flow] CT_START Set
[17:32:12.618] ---- [Flow] CT_START Set
[17:32:13.327] ---- [Flow] CT_START Set
[17:32:13.750] ---- [Flow] CT_START Set
[17:32:14.475] ---- [Flow] CT_START Set
[17:32:14.546] ---- [Flow] CT_START Set
[17:32:14.607] ---- [Flow] CT_START Set
[17:32:14.689] ---- [Flow] CT_START Set
[17:32:15.393] ---- [Flow] CT_START Set
[17:32:15.480] ---- [Flow] CT_START Set
[17:32:15.552] ---- [Flow] CT_START Set
[17:32:15.636] ---- [Flow] CT_START Set
[17:32:15.697] ---- [Flow] CT_START Set
[17:32:15.776] ---- [Flow] CT_START Set
[17:32:16.485] ---- [Flow] CT_START Set
[17:32:16.571] ---- [Flow] CT_START Set
[17:32:17.272] ---- [Flow] CT_START Set
[17:32:17.368] ---- [Flow] CT_START Set
[17:32:17.446] ---- [Flow] CT_START Set
[17:32:17.538] ---- [Flow] CT_START Set
[17:32:17.609] ---- [Flow] CT_START Set
[17:32:17.702] ---- [Flow] CT_START Set
[17:32:18.366] ---- [Flow] CT_START Set
[17:32:18.461] ---- [Flow] CT_START Set
[17:32:19.209] ---- [Flow] CT_START Set
[17:32:19.310] ---- [Flow] CT_START Set
[17:32:19.383] ---- [Flow] CT_START Set
[17:32:19.471] ---- [Flow] CT_START Set
[17:32:19.542] ---- [Flow] CT_START Set
[17:32:19.626] ---- [Flow] CT_START Set
[17:32:20.290] ---- [Flow] CT_START Set
[17:32:20.377] ---- [Flow] CT_START Set
[17:32:21.107] ---- [Flow] CT_START Set
[17:32:21.192] ---- [Flow] CT_START Set
[17:32:21.263] ---- [Flow] CT_START Set
[17:32:21.346] ---- [Flow] CT_START Set
[17:32:21.410] ---- [Flow] CT_START Set
[17:32:21.495] ---- [Flow] CT_START Set
[17:32:21.571] ---- [Flow] CT_START Set
[17:32:21.651] ---- [Flow] CT_START Set
[17:32:21.714] ---- [Flow] CT_START Set
[17:32:21.786] ---- [Flow] CT_START Set
[17:32:21.853] ---- [Flow] CT_START Set
[17:32:21.928] ---- [Flow] CT_START Set
[17:32:22.000] ---- [Flow] CT_START Set
[17:32:22.076] ---- [Flow] CT_START Set
[17:32:22.152] ---- [Flow] CT_START Set
[17:32:22.218] ---- [Flow] CT_START Set
[17:32:22.298] ---- [Flow] CT_START Set
[17:32:22.367] ---- [Flow] CT_START Set
[17:32:22.439] ---- [Flow] CT_START Set
[17:32:23.073] ---- [Flow] CT_START Set
[17:32:23.144] ---- [Flow] CT_START Set
[17:32:23.220] ---- [Flow] CT_START Set
[17:32:23.302] ---- [Flow] CT_START Set
[17:32:24.012] ---- [Flow] CT_START Set
[17:32:24.118] ---- [Flow] CT_START Set
[17:32:24.182] ---- [Flow] CT_START Set
[17:32:24.268] ---- [Flow] CT_START Set
[17:32:24.336] ---- [Flow] CT_START Set
[17:32:24.420] ---- [Flow] CT_START Set
[17:32:25.099] ---- [Flow] CT_START Set
[17:32:25.186] ---- [Flow] CT_START Set
[17:32:26.033] ---- [Flow] CT_START Set
[17:34:57.361] ---- [Flow] CT_START Set
[17:38:44.592] ---- [Flow] CT_START Set
[17:39:23.975] ---- [Flow] CT_START Set
[17:39:24.743] ---- [Flow] CT_START Set
[17:39:24.959] ---- [Flow] CT_START Set
[17:39:25.654] ---- [Flow] CT_START Set
[17:39:25.827] ---- [Flow] CT_START Set
[17:39:26.630] ---- [Flow] CT_START Set
[17:39:26.854] ---- [Flow] CT_START Set
[17:39:27.064] ---- [Flow] CT_START Set
[17:39:27.708] ---- [Flow] CT_START Set
[17:39:28.468] ---- [Flow] CT_START Set
[17:39:28.642] ---- [Flow] CT_START Set
[17:39:28.869] ---- [Flow] CT_START Set
[17:39:29.541] ---- [Flow] CT_START Set
[17:39:30.130] ---- [Flow] CT_START Set
[17:39:30.226] ---- [Flow] CT_START Set
[17:39:30.308] ---- [Flow] CT_START Set
[17:39:30.409] ---- [Flow] CT_START Set
[17:39:30.481] ---- [Flow] CT_START Set
[17:39:30.570] ---- [Flow] CT_START Set
[17:39:31.214] ---- [Flow] CT_START Set
[17:39:31.298] ---- [Flow] CT_START Set
[17:39:31.983] ---- [Flow] CT_START Set
[17:39:32.125] ---- [Flow] CT_START Set
[17:39:32.208] ---- [Flow] CT_START Set
[17:39:32.288] ---- [Flow] CT_START Set
[17:39:32.379] ---- [Flow] CT_START Set
[17:39:33.058] ---- [Flow] CT_START Set
[17:39:33.127] ---- [Flow] CT_START Set
[17:39:33.199] ---- [Flow] CT_START Set
[17:39:33.282] ---- [Flow] CT_START Set
[17:39:33.977] ---- [Flow] CT_START Set
[17:39:34.065] ---- [Flow] CT_START Set
[17:39:34.128] ---- [Flow] CT_START Set
[17:39:34.207] ---- [Flow] CT_START Set
[17:39:34.283] ---- [Flow] CT_START Set
[17:39:34.358] ---- [Flow] CT_START Set
[17:39:35.065] ---- [Flow] CT_START Set
[17:39:35.148] ---- [Flow] CT_START Set
[17:39:35.890] ---- [Flow] CT_START Set
[17:39:35.991] ---- [Flow] CT_START Set
[17:39:36.059] ---- [Flow] CT_START Set
[17:39:36.143] ---- [Flow] CT_START Set
[17:39:36.225] ---- [Flow] CT_START Set
[17:42:47.225] ---- [Flow] CT_START Set
[17:44:08.778] ---- [Flow] CT_START Set
[17:44:24.747] ---- [Flow] CT_START Set
[17:47:01.467] ---- [Flow] CT_START Set
[17:47:01.736] ---- [Flow] CT_START Set
[17:47:02.591] ---- [Flow] CT_START Set
[17:47:03.376] ---- [Flow] CT_START Set
[17:47:03.614] ---- [Flow] CT_START Set
[17:48:19.799] ---- [Flow] CT_START Set
[17:48:35.201] ---- [Flow] CT_START Set
[17:48:45.107] ---- [Flow] CT_START Set
[17:48:46.676] ---- [Flow] CT_START Set
[17:48:46.867] ---- [Flow] CT_START Set
[17:48:47.553] ---- [Flow] CT_START Set
[17:48:47.653] ---- [Flow] CT_START Set
[17:48:47.720] ---- [Flow] CT_START Set
[17:48:47.806] ---- [Flow] CT_START Set
[17:48:47.886] ---- [Flow] CT_START Set
[17:48:47.979] ---- [Flow] CT_START Set
[17:48:48.644] ---- [Flow] CT_START Set
[17:48:48.737] ---- [Flow] CT_START Set
[17:48:49.457] ---- [Flow] CT_START Set
[17:48:49.548] ---- [Flow] CT_START Set
[17:48:49.627] ---- [Flow] CT_START Set
[17:48:49.710] ---- [Flow] CT_START Set
[17:48:49.793] ---- [Flow] CT_START Set
[17:48:49.868] ---- [Flow] CT_START Set
[17:48:50.538] ---- [Flow] CT_START Set
[17:49:06.267] ---- [Flow] CT_START Set
[17:49:13.708] ---- [Flow] CT_START Set
[17:49:14.066] ---- [Flow] CT_START Set
[17:49:14.146] ---- [Flow] CT_START Set
[17:49:14.226] ---- [Flow] CT_START Set
[17:49:14.305] ---- [Flow] CT_START Set
[17:49:14.364] ---- [Flow] CT_START Set
[17:49:14.435] ---- [Flow] CT_START Set
[17:49:15.140] ---- [Flow] CT_START Set
[17:49:15.229] ---- [Flow] CT_START Set
[17:49:15.979] ---- [Flow] CT_START Set
[17:49:16.072] ---- [Flow] CT_START Set
[17:49:16.147] ---- [Flow] CT_START Set
[17:49:16.236] ---- [Flow] CT_START Set
[17:49:16.313] ---- [Flow] CT_START Set
[17:49:16.406] ---- [Flow] CT_START Set
[17:49:17.139] ---- [Flow] CT_START Set
[17:49:17.232] ---- [Flow] CT_START Set
[17:49:18.048] ---- [Flow] CT_START Set
[17:49:18.137] ---- [Flow] CT_START Set
[17:49:18.206] ---- [Flow] CT_START Set
[17:49:18.284] ---- [Flow] CT_START Set
[17:49:18.642] ---- [Flow] CT_START Set
[17:49:19.021] ---- [Flow] CT_START Set
[17:49:30.514] ---- [Flow] CT_START Set
[17:49:30.714] ---- [Flow] CT_START Set
[17:49:30.792] ---- [Flow] CT_START Set
[17:49:30.859] ---- [Flow] CT_START Set
[17:49:30.934] ---- [Flow] CT_START Set
[17:49:31.001] ---- [Flow] CT_START Set
[17:49:31.080] ---- [Flow] CT_START Set
[17:49:31.780] ---- [Flow] CT_START Set
[17:49:31.859] ---- [Flow] CT_START Set
[17:49:32.613] ---- [Flow] CT_START Set
[17:49:32.697] ---- [Flow] CT_START Set
[17:49:32.772] ---- [Flow] CT_START Set
[17:49:32.850] ---- [Flow] CT_START Set
[17:49:32.925] ---- [Flow] CT_START Set
[17:49:33.012] ---- [Flow] CT_START Set
[17:49:33.667] ---- [Flow] CT_START Set
[17:49:33.742] ---- [Flow] CT_START Set
[17:49:34.480] ---- [Flow] CT_START Set
[17:51:53.198] ---- [Flow] CT_START Set
[17:53:08.269] ---- [Flow] CT_START Set
[17:53:08.931] ---- [Flow] CT_START Set
[17:53:10.017] ---- [Flow] CT_START Set
[17:53:10.336] ---- [Flow] CT_START Set
[17:53:10.433] ---- [Flow] CT_START Set
[17:53:10.498] ---- [Flow] CT_START Set
[17:53:10.582] ---- [Flow] CT_START Set
[17:53:10.662] ---- [Flow] CT_START Set
[17:53:10.761] ---- [Flow] CT_START Set
[17:53:11.434] ---- [Flow] CT_START Set
[17:53:11.526] ---- [Flow] CT_START Set
[17:53:12.220] ---- [Flow] CT_START Set
[17:53:12.304] ---- [Flow] CT_START Set
[17:53:12.396] ---- [Flow] CT_START Set
[17:53:12.484] ---- [Flow] CT_START Set
[17:53:12.551] ---- [Flow] CT_START Set
[17:53:12.641] ---- [Flow] CT_START Set
[17:53:13.303] ---- [Flow] CT_START Set
[17:54:29.416] ---- [Flow] CT_START Set
[17:54:36.419] ---- [Flow] CT_START Set
[17:54:36.500] ---- [Flow] CT_START Set
[17:54:36.586] ---- [Flow] CT_START Set
[17:54:36.666] ---- [Flow] CT_START Set
[17:54:36.743] ---- [Flow] CT_START Set
[17:54:37.400] ---- [Flow] CT_START Set
[17:54:37.487] ---- [Flow] CT_START Set
[17:54:38.251] ---- [Flow] CT_START Set
[17:54:38.332] ---- [Flow] CT_START Set
[17:54:38.408] ---- [Flow] CT_START Set
[17:54:38.488] ---- [Flow] CT_START Set
[17:54:38.559] ---- [Flow] CT_START Set
[17:54:39.367] ---- [Flow] CT_START Set
[17:54:39.446] ---- [Flow] CT_START Set
[17:54:39.527] ---- [Flow] CT_START Set
[17:54:39.603] ---- [Flow] CT_START Set
[17:54:40.253] ---- [Flow] CT_START Set
[17:55:16.591] ---- [Flow] CT_START Set
[17:55:31.228] ---- [Flow] CT_START Set
[17:55:31.583] ---- [Flow] CT_START Set
[17:55:31.679] ---- [Flow] CT_START Set
[17:55:31.750] ---- [Flow] CT_START Set
[17:55:31.822] ---- [Flow] CT_START Set
[17:55:31.902] ---- [Flow] CT_START Set
[17:55:31.979] ---- [Flow] CT_START Set
[17:55:32.661] ---- [Flow] CT_START Set
[17:55:32.750] ---- [Flow] CT_START Set
[17:55:33.441] ---- [Flow] CT_START Set
[17:55:33.521] ---- [Flow] CT_START Set
[17:55:33.602] ---- [Flow] CT_START Set
[17:55:33.682] ---- [Flow] CT_START Set
[17:55:33.753] ---- [Flow] CT_START Set
[17:55:33.830] ---- [Flow] CT_START Set
[17:55:34.527] ---- [Flow] CT_START Set
[17:55:34.616] ---- [Flow] CT_START Set
[17:55:34.697] ---- [Flow] CT_START Set
[17:55:34.780] ---- [Flow] CT_START Set
[17:55:34.853] ---- [Flow] CT_START Set
[17:55:35.524] ---- [Flow] CT_START Set
[17:55:35.614] ---- [Flow] CT_START Set
[17:55:35.693] ---- [Flow] CT_START Set
[17:55:35.781] ---- [Flow] CT_START Set
[17:55:35.869] ---- [Flow] CT_START Set
[17:55:35.956] ---- [Flow] CT_START Set
[17:55:36.633] ---- [Flow] CT_START Set
[17:56:29.526] ---- [Flow] CT_START Set
[17:56:30.862] ---- [Flow] CT_START Set
[17:56:31.175] ---- [Flow] CT_START Set
[17:56:31.254] ---- [Flow] CT_START Set
[17:56:31.331] ---- [Flow] CT_START Set
[17:56:31.401] ---- [Flow] CT_START Set
[17:56:31.482] ---- [Flow] CT_START Set
[17:56:31.554] ---- [Flow] CT_START Set
[17:56:32.257] ---- [Flow] CT_START Set
[17:56:32.349] ---- [Flow] CT_START Set
[17:56:33.077] ---- [Flow] CT_START Set
[17:56:33.162] ---- [Flow] CT_START Set
[17:56:33.238] ---- [Flow] CT_START Set
[17:56:33.317] ---- [Flow] CT_START Set
[17:56:33.403] ---- [Flow] CT_START Set
[17:56:33.500] ---- [Flow] CT_START Set
[17:56:34.165] ---- [Flow] CT_START Set
[17:56:34.253] ---- [Flow] CT_START Set
[17:56:34.956] ---- [Flow] CT_START Set
[17:58:34.470] ---- [Flow] CT_START Set
[17:58:34.812] ---- [Flow] CT_START Set
[17:58:35.051] ---- [Flow] CT_START Set
[17:58:35.781] ---- [Flow] CT_START Set
[17:58:36.501] ---- [Flow] CT_START Set
[17:58:36.696] ---- [Flow] CT_START Set
[17:58:36.910] ---- [Flow] CT_START Set
[17:58:38.455] ---- [Flow] CT_START Set
[17:58:38.682] ---- [Flow] CT_START Set
[17:58:39.528] ---- [Flow] CT_START Set
[17:58:40.233] ---- [Flow] CT_START Set
[17:58:40.484] ---- [Flow] CT_START Set
[17:58:41.383] ---- [Flow] CT_START Set
[17:58:42.125] ---- [Flow] CT_START Set
[17:58:42.429] ---- [Flow] CT_START Set
[17:58:43.284] ---- [Flow] CT_START Set
[17:58:44.042] ---- [Flow] CT_START Set
[17:58:44.281] ---- [Flow] CT_START Set
[17:58:45.039] ---- [Flow] CT_START Set
[17:59:41.480] ---- [Flow] CT_START Set
[17:59:47.077] ---- [Flow] CT_START Set
[18:00:02.092] ---- [Flow] CT_START Set
[18:00:11.593] ---- [Flow] CT_START Set
[18:01:13.289] ---- [Flow] CT_START Set
[18:01:16.038] ---- [Flow] CT_START Set
[18:01:16.114] ---- [Flow] CT_START Set
[18:01:16.189] ---- [Flow] CT_START Set
[18:01:16.903] ---- [Flow] CT_START Set
[18:01:16.979] ---- [Flow] CT_START Set
[18:01:17.051] ---- [Flow] CT_START Set
[18:01:17.115] ---- [Flow] CT_START Set
[18:01:17.186] ---- [Flow] CT_START Set
[18:01:17.891] ---- [Flow] CT_START Set
[18:01:17.976] ---- [Flow] CT_START Set
[18:01:18.049] ---- [Flow] CT_START Set
[18:01:18.138] ---- [Flow] CT_START Set
[18:01:18.203] ---- [Flow] CT_START Set
[18:01:18.293] ---- [Flow] CT_START Set
[18:01:18.960] ---- [Flow] CT_START Set
[18:01:19.049] ---- [Flow] CT_START Set
[18:01:19.737] ---- [Flow] CT_START Set
[18:01:19.833] ---- [Flow] CT_START Set
[18:01:19.911] ---- [Flow] CT_START Set
[18:01:19.995] ---- [Flow] CT_START Set
[18:01:20.085] ---- [Flow] CT_START Set
[18:01:20.793] ---- [Flow] CT_START Set
[18:01:20.882] ---- [Flow] CT_START Set
[18:01:21.606] ---- [Flow] CT_START Set
[18:04:47.089] ---- [Flow] CT_START Set
[18:04:49.126] ---- [Flow] CT_START Set
[18:04:49.806] ---- [Flow] CT_START Set
[18:04:49.894] ---- [Flow] CT_START Set
[18:04:49.962] ---- [Flow] CT_START Set
[18:04:50.045] ---- [Flow] CT_START Set
[18:04:50.104] ---- [Flow] CT_START Set
[18:04:50.183] ---- [Flow] CT_START Set
[18:04:50.872] ---- [Flow] CT_START Set
[18:04:50.958] ---- [Flow] CT_START Set
[18:04:51.032] ---- [Flow] CT_START Set
[18:04:51.124] ---- [Flow] CT_START Set
[18:04:51.792] ---- [Flow] CT_START Set
[18:04:51.884] ---- [Flow] CT_START Set
[18:04:51.958] ---- [Flow] CT_START Set
[18:04:52.050] ---- [Flow] CT_START Set
[18:04:52.122] ---- [Flow] CT_START Set
[18:04:52.217] ---- [Flow] CT_START Set
[18:04:52.876] ---- [Flow] CT_START Set
[18:05:39.171] ---- [Flow] CT_START Set
[18:05:39.367] ---- [Flow] CT_START Set
[18:05:39.451] ---- [Flow] CT_START Set
[18:05:39.535] ---- [Flow] CT_START Set
[18:05:39.607] ---- [Flow] CT_START Set
[18:05:39.687] ---- [Flow] CT_START Set
[18:05:39.777] ---- [Flow] CT_START Set
[18:05:40.434] ---- [Flow] CT_START Set
[18:05:40.522] ---- [Flow] CT_START Set
[18:05:41.230] ---- [Flow] CT_START Set
[18:05:41.318] ---- [Flow] CT_START Set
[18:05:41.401] ---- [Flow] CT_START Set
[18:05:41.489] ---- [Flow] CT_START Set
[18:05:41.565] ---- [Flow] CT_START Set
[18:05:41.651] ---- [Flow] CT_START Set
[18:05:42.309] ---- [Flow] CT_START Set
[18:05:42.408] ---- [Flow] CT_START Set
[18:05:43.124] ---- [Flow] CT_START Set
[18:05:43.223] ---- [Flow] CT_START Set
[18:05:43.311] ---- [Flow] CT_START Set
[18:05:43.401] ---- [Flow] CT_START Set
[18:06:18.872] ---- [Flow] CT_START Set
[18:06:23.291] ---- [Flow] CT_START Set
[18:06:42.020] ---- [Flow] CT_START Set
[18:06:43.924] ---- [Flow] CT_START Set
[18:06:46.135] ---- [Flow] CT_START Set
[18:06:47.527] ---- [Flow] CT_START Set
[18:06:48.862] ---- [Flow] CT_START Set
[18:06:50.057] ---- [Flow] CT_STOP Set
[18:06:50.079] ---- [Event] Auto : CT_STOP
[18:06:50.079] --------- [Monitor] StopTasks() : before m_stopped
[18:06:50.110] --------- [Monitor] StopTasks() : m_stopped
[18:06:50.111] [m_nState] AutoStop State
[18:06:50.218] ---- [Flow] CT_START Set
[18:06:50.240] ---- [Event] AutoStop : CT_START
[18:06:50.240] [m_nState] Auto State
[18:07:19.176] ---- [Flow] CT_START Set
[18:07:56.647] ---- [Flow] CT_START Set
[18:08:11.370] ---- [Flow] CT_START Set
[18:08:42.416] ---- [Flow] CT_START Set
[18:08:55.528] ---- [Flow] CT_START Set
[18:09:49.484] ---- [Flow] CT_START Set
[18:10:02.246] ---- [Flow] CT_START Set
[18:10:10.166] ---- [Flow] CT_START Set
[18:11:49.707] ---- [Flow] CT_START Set
[18:11:51.755] ---- [Flow] CT_START Set
[18:11:51.906] ---- [Flow] CT_START Set
[18:11:51.981] ---- [Flow] CT_START Set
[18:11:52.072] ---- [Flow] CT_START Set
[18:11:52.145] ---- [Flow] CT_START Set
[18:11:52.237] ---- [Flow] CT_START Set
[18:11:52.289] ---- [Flow] CT_START Set
[18:11:52.967] ---- [Flow] CT_START Set
[18:11:53.042] ---- [Flow] CT_START Set
[18:11:53.739] ---- [Flow] CT_START Set
[18:11:53.833] ---- [Flow] CT_START Set
[18:11:53.906] ---- [Flow] CT_START Set
[18:11:53.985] ---- [Flow] CT_START Set
[18:11:54.051] ---- [Flow] CT_START Set
[18:11:54.127] ---- [Flow] CT_START Set
[18:11:54.806] ---- [Flow] CT_START Set
[18:11:54.893] ---- [Flow] CT_START Set
[18:11:55.581] ---- [Flow] CT_START Set
[18:11:55.677] ---- [Flow] CT_START Set
[18:11:55.753] ---- [Flow] CT_START Set
[18:11:55.821] ---- [Flow] CT_START Set
[18:11:55.897] ---- [Flow] CT_START Set
[18:13:12.784] ---- [Flow] CT_START Set
[18:13:15.196] ---- [Flow] CT_START Set
[18:13:15.429] ---- [Flow] CT_START Set
[18:13:15.517] ---- [Flow] CT_START Set
[18:13:15.601] ---- [Flow] CT_START Set
[18:13:15.694] ---- [Flow] CT_START Set
[18:13:15.773] ---- [Flow] CT_START Set
[18:13:16.493] ---- [Flow] CT_START Set
[18:13:16.584] ---- [Flow] CT_START Set
[18:13:17.388] ---- [Flow] CT_START Set
[18:13:17.480] ---- [Flow] CT_START Set
[18:13:17.561] ---- [Flow] CT_START Set
[18:13:17.661] ---- [Flow] CT_START Set
[18:13:18.344] ---- [Flow] CT_START Set
[18:13:18.440] ---- [Flow] CT_START Set
[18:13:19.163] ---- [Flow] CT_START Set
[18:13:19.253] ---- [Flow] CT_START Set
[18:13:19.334] ---- [Flow] CT_START Set
[18:13:19.430] ---- [Flow] CT_START Set
[18:13:19.510] ---- [Flow] CT_START Set
[18:13:20.333] ---- [Flow] CT_START Set
[18:15:01.498] ---- [Flow] CT_START Set
[18:15:13.908] ---- [Flow] CT_START Set
[18:15:13.983] ---- [Flow] CT_START Set
[18:15:14.697] ---- [Flow] CT_START Set
[18:15:14.890] ---- [Flow] CT_START Set
[18:15:15.615] ---- [Flow] CT_START Set
[18:15:15.710] ---- [Flow] CT_START Set
[18:15:15.791] ---- [Flow] CT_START Set
[18:15:15.883] ---- [Flow] CT_START Set
[18:15:15.971] ---- [Flow] CT_START Set
[18:15:16.896] ---- [Flow] CT_START Set
[18:15:16.989] ---- [Flow] CT_START Set
[18:15:17.068] ---- [Flow] CT_START Set
[18:15:17.920] ---- [Flow] CT_START Set
[18:15:18.000] ---- [Flow] CT_START Set
[18:15:18.081] ---- [Flow] CT_START Set
[18:15:18.746] ---- [Flow] CT_START Set
[18:17:44.093] ---- [Flow] CT_START Set
[18:17:45.386] ---- [Flow] CT_START Set
[18:17:45.514] ---- [Flow] CT_START Set
[18:17:46.120] ---- [Flow] CT_START Set
[18:17:46.208] ---- [Flow] CT_START Set
[18:17:46.278] ---- [Flow] CT_START Set
[18:17:46.366] ---- [Flow] CT_START Set
[18:17:47.554] ---- [Flow] CT_START Set
[18:17:47.630] ---- [Flow] CT_START Set
[18:17:48.365] ---- [Flow] CT_START Set
[18:18:49.626] ---- [Flow] CT_START Set
[18:19:10.390] ---- [Flow] CT_START Set
[18:19:10.704] ---- [Flow] CT_START Set
[18:19:10.780] ---- [Flow] CT_START Set
[18:19:10.858] ---- [Flow] CT_START Set
[18:19:11.529] ---- [Flow] CT_START Set
[18:19:11.625] ---- [Flow] CT_START Set
[18:19:12.203] ---- [Flow] CT_START Set
[18:19:12.303] ---- [Flow] CT_START Set
[18:19:12.398] ---- [Flow] CT_START Set
[18:19:13.061] ---- [Flow] CT_START Set
[18:19:13.140] ---- [Flow] CT_START Set
[18:19:13.233] ---- [Flow] CT_START Set
[18:19:13.320] ---- [Flow] CT_START Set
[18:19:13.408] ---- [Flow] CT_START Set
[18:19:13.967] ---- [Flow] CT_START Set
[18:19:14.059] ---- [Flow] CT_START Set
[18:19:14.151] ---- [Flow] CT_START Set
[18:19:14.831] ---- [Flow] CT_START Set
[18:20:15.122] ---- [Flow] CT_START Set
[18:20:20.041] ---- [Flow] CT_STOP Set
[18:20:20.062] ---- [Event] Auto : CT_STOP
[18:20:20.062] --------- [Monitor] StopTasks() : before m_stopped
[18:20:20.145] --------- [Monitor] StopTasks() : m_stopped
[18:20:20.145] [m_nState] AutoStop State
[18:20:20.267] ---- [Flow] CT_START Set
[18:20:20.289] ---- [Event] AutoStop : CT_START
[18:20:20.289] [m_nState] Auto State
[18:20:20.738] ---- [Flow] CT_STOP Set
[18:20:20.759] ---- [Event] Auto : CT_STOP
[18:20:20.759] --------- [Monitor] StopTasks() : before m_stopped
[18:20:20.811] --------- [Monitor] StopTasks() : m_stopped
[18:20:20.811] [m_nState] AutoStop State
[18:20:20.886] ---- [Flow] CT_STOP Set
[18:20:20.919] ---- [Flow] CT_STOP Set
[18:20:20.957] ---- [Flow] CT_STOP Set
[18:20:20.990] ---- [Flow] CT_STOP Set
[18:20:21.411] ---- [Flow] CT_START Set
[18:20:21.432] ---- [Event] AutoStop : CT_START
[18:20:21.432] [m_nState] Auto State
[18:20:21.858] ---- [Flow] CT_STOP Set
[18:20:21.879] ---- [Event] Auto : CT_STOP
[18:20:21.879] --------- [Monitor] StopTasks() : before m_stopped
[18:20:21.940] --------- [Monitor] StopTasks() : m_stopped
[18:20:21.940] [m_nState] AutoStop State
[18:20:22.013] ---- [Flow] CT_START Set
[18:20:22.036] ---- [Event] AutoStop : CT_START
[18:20:22.036] [m_nState] Auto State
[18:20:23.887] ---- [Flow] CT_STOP Set
[18:20:23.909] ---- [Event] Auto : CT_STOP
[18:20:23.909] --------- [Monitor] StopTasks() : before m_stopped
[18:20:23.950] --------- [Monitor] StopTasks() : m_stopped
[18:20:23.950] [m_nState] AutoStop State
[18:20:24.075] ---- [Flow] CT_START Set
[18:20:24.096] ---- [Event] AutoStop : CT_START
[18:20:24.096] [m_nState] Auto State
[18:20:34.416] ---- [Flow] CT_STOP Set
[18:20:34.437] ---- [Event] Auto : CT_STOP
[18:20:34.437] --------- [Monitor] StopTasks() : before m_stopped
[18:20:34.532] --------- [Monitor] StopTasks() : m_stopped
[18:20:34.532] [m_nState] AutoStop State
[18:20:34.584] ---- [Flow] CT_STOP Set
[18:20:34.618] ---- [Flow] CT_STOP Set
[18:20:34.652] ---- [Flow] CT_STOP Set
[18:20:34.684] ---- [Flow] CT_STOP Set
[18:20:35.102] ---- [Flow] CT_START Set
[18:20:35.124] ---- [Event] AutoStop : CT_START
[18:20:35.124] [m_nState] Auto State
[18:20:35.816] ---- [Flow] CT_STOP Set
[18:20:35.837] ---- [Event] Auto : CT_STOP
[18:20:35.837] --------- [Monitor] StopTasks() : before m_stopped
[18:20:35.877] --------- [Monitor] StopTasks() : m_stopped
[18:20:35.877] [m_nState] AutoStop State
[18:20:35.881] ---- [Flow] CT_STOP Set
[18:20:35.909] ---- [Flow] CT_START Set
[18:20:35.930] ---- [Event] AutoStop : CT_START
[18:20:35.930] [m_nState] Auto State
[18:20:39.329] ---- [Monitor] Auto : m_error
[18:20:39.350] ---- [Event] Auto : CT_ERROR
[18:20:39.350] --------- [Monitor] StopTasks() : before m_stopped
[18:20:41.482] --------- [Monitor] StopTasks() : m_stopped
[18:20:48.893] [m_nState] Error State
[18:20:49.501] ---- [Flow] CT_ABORT Set
[18:20:49.552] [m_nState] Init State
[18:20:49.598] ---- [Monitor] Init : m_idle
[18:20:49.620] ---- [Event] Init : CT_IDLE
[18:20:49.620] [m_nState] Idle State
[18:30:46.047] [m_nState] Init State
[18:30:46.058] ---- [Monitor] Init : m_idle
[18:30:46.080] ---- [Event] Init : CT_IDLE
[18:30:46.080] [m_nState] Idle State
[18:30:57.574] ---- [Flow] CT_STOP Set
[18:30:59.249] ---- [Flow] CT_START Set
[18:30:59.271] ---- [Event] Idle : CT_START
[18:30:59.271] [m_nState] Auto State
[18:31:03.098] ---- [Flow] CT_START Set
[18:31:57.068] ---- [Flow] CT_START Set
[18:36:14.032] ---- [Flow] CT_START Set
[18:36:32.960] ---- [Flow] CT_START Set
[18:36:34.208] ---- [Flow] CT_START Set
[18:36:35.580] ---- [Flow] CT_START Set
[18:36:37.325] ---- [Flow] CT_START Set
[18:36:39.150] ---- [Flow] CT_STOP Set
[18:36:39.171] ---- [Event] Auto : CT_STOP
[18:36:39.171] --------- [Monitor] StopTasks() : before m_stopped
[18:36:39.213] ---- [Flow] CT_STOP Set
[18:36:39.222] --------- [Monitor] StopTasks() : m_stopped
[18:36:39.222] [m_nState] AutoStop State
[18:36:39.250] ---- [Flow] CT_STOP Set
[18:36:40.032] ---- [Flow] CT_START Set
[18:36:40.053] ---- [Event] AutoStop : CT_START
[18:36:40.053] [m_nState] Auto State
[18:36:40.677] ---- [Flow] CT_STOP Set
[18:36:40.699] ---- [Event] Auto : CT_STOP
[18:36:40.699] --------- [Monitor] StopTasks() : before m_stopped
[18:36:40.756] --------- [Monitor] StopTasks() : m_stopped
[18:36:40.756] [m_nState] AutoStop State
[18:36:41.465] ---- [Flow] CT_STOP Set
[18:36:41.500] ---- [Flow] CT_STOP Set
[18:36:41.535] ---- [Flow] CT_STOP Set
[18:36:41.572] ---- [Flow] CT_STOP Set
[18:36:41.997] ---- [Flow] CT_START Set
[18:36:42.018] ---- [Event] AutoStop : CT_START
[18:36:42.018] [m_nState] Auto State
[18:36:42.585] ---- [Flow] CT_STOP Set
[18:36:42.607] ---- [Event] Auto : CT_STOP
[18:36:42.607] --------- [Monitor] StopTasks() : before m_stopped
[18:36:42.649] --------- [Monitor] StopTasks() : m_stopped
[18:36:42.649] [m_nState] AutoStop State
[18:36:42.669] ---- [Flow] CT_STOP Set
[18:36:42.702] ---- [Flow] CT_STOP Set
[18:36:42.739] ---- [Flow] CT_STOP Set
[18:36:42.777] ---- [Flow] CT_STOP Set
[18:36:43.591] ---- [Flow] CT_STOP Set
[18:36:43.948] ---- [Flow] CT_START Set
[18:36:43.969] ---- [Event] AutoStop : CT_START
[18:36:43.969] [m_nState] Auto State
[18:36:44.729] ---- [Flow] CT_STOP Set
[18:36:44.750] ---- [Event] Auto : CT_STOP
[18:36:44.750] --------- [Monitor] StopTasks() : before m_stopped
[18:36:44.791] --------- [Monitor] StopTasks() : m_stopped
[18:36:44.791] [m_nState] AutoStop State
[18:36:45.629] ---- [Flow] CT_STOP Set
[18:36:46.191] ---- [Flow] CT_START Set
[18:36:46.212] ---- [Event] AutoStop : CT_START
[18:36:46.212] [m_nState] Auto State
[18:36:46.944] ---- [Flow] CT_STOP Set
[18:36:46.965] ---- [Event] Auto : CT_STOP
[18:36:46.965] --------- [Monitor] StopTasks() : before m_stopped
[18:36:46.998] --------- [Monitor] StopTasks() : m_stopped
[18:36:46.998] [m_nState] AutoStop State
[18:36:48.065] ---- [Flow] CT_START Set
[18:36:48.086] ---- [Event] AutoStop : CT_START
[18:36:48.086] [m_nState] Auto State
[18:36:48.530] ---- [Flow] CT_STOP Set
[18:36:48.551] ---- [Event] Auto : CT_STOP
[18:36:48.551] --------- [Monitor] StopTasks() : before m_stopped
[18:36:48.590] ---- [Flow] CT_STOP Set
[18:36:48.599] --------- [Monitor] StopTasks() : m_stopped
[18:36:48.599] [m_nState] AutoStop State
[18:36:49.117] ---- [Flow] CT_START Set
[18:36:49.138] ---- [Event] AutoStop : CT_START
[18:36:49.138] [m_nState] Auto State
[18:36:50.011] ---- [Flow] CT_STOP Set
[18:36:50.033] ---- [Event] Auto : CT_STOP
[18:36:50.033] --------- [Monitor] StopTasks() : before m_stopped
[18:36:50.123] --------- [Monitor] StopTasks() : m_stopped
[18:36:50.124] [m_nState] AutoStop State
[18:36:50.563] ---- [Flow] CT_START Set
[18:36:50.584] ---- [Event] AutoStop : CT_START
[18:36:50.584] [m_nState] Auto State
[18:36:51.269] ---- [Flow] CT_STOP Set
[18:36:51.291] ---- [Event] Auto : CT_STOP
[18:36:51.291] --------- [Monitor] StopTasks() : before m_stopped
[18:36:51.338] --------- [Monitor] StopTasks() : m_stopped
[18:36:51.339] [m_nState] AutoStop State
[18:36:52.238] ---- [Flow] CT_START Set
[18:36:52.259] ---- [Event] AutoStop : CT_START
[18:36:52.259] [m_nState] Auto State
[18:36:53.178] ---- [Flow] CT_STOP Set
[18:36:53.200] ---- [Event] Auto : CT_STOP
[18:36:53.200] --------- [Monitor] StopTasks() : before m_stopped
[18:36:53.231] --------- [Monitor] StopTasks() : m_stopped
[18:36:53.231] [m_nState] AutoStop State
[18:36:53.318] ---- [Flow] CT_STOP Set
[18:36:53.351] ---- [Flow] CT_STOP Set
[18:36:53.833] ---- [Flow] CT_START Set
[18:36:53.854] ---- [Event] AutoStop : CT_START
[18:36:53.854] [m_nState] Auto State
[18:36:54.354] ---- [Flow] CT_STOP Set
[18:36:54.376] ---- [Event] Auto : CT_STOP
[18:36:54.376] --------- [Monitor] StopTasks() : before m_stopped
[18:36:54.389] --------- [Monitor] StopTasks() : m_stopped
[18:36:54.389] [m_nState] AutoStop State
[18:36:54.459] ---- [Flow] CT_STOP Set
[18:36:54.494] ---- [Flow] CT_STOP Set
[18:36:54.526] ---- [Flow] CT_STOP Set
[18:36:54.563] ---- [Flow] CT_STOP Set
[18:36:54.978] ---- [Flow] CT_START Set
[18:36:55.000] ---- [Event] AutoStop : CT_START
[18:36:55.000] [m_nState] Auto State
[18:36:55.821] ---- [Flow] CT_STOP Set
[18:36:55.842] ---- [Event] Auto : CT_STOP
[18:36:55.842] --------- [Monitor] StopTasks() : before m_stopped
[18:36:55.880] --------- [Monitor] StopTasks() : m_stopped
[18:36:55.880] [m_nState] AutoStop State
[18:36:56.702] ---- [Flow] CT_START Set
[18:36:56.723] ---- [Event] AutoStop : CT_START
[18:36:56.723] [m_nState] Auto State
[18:36:57.500] ---- [Flow] CT_STOP Set
[18:36:57.521] ---- [Event] Auto : CT_STOP
[18:36:57.521] --------- [Monitor] StopTasks() : before m_stopped
[18:36:57.560] ---- [Flow] CT_STOP Set
[18:36:57.584] --------- [Monitor] StopTasks() : m_stopped
[18:36:57.584] [m_nState] AutoStop State
[18:36:57.596] ---- [Flow] CT_STOP Set
[18:36:57.629] ---- [Flow] CT_STOP Set
[18:36:58.304] ---- [Flow] CT_START Set
[18:36:58.326] ---- [Event] AutoStop : CT_START
[18:36:58.326] [m_nState] Auto State
[18:36:59.148] ---- [Flow] CT_STOP Set
[18:36:59.169] ---- [Event] Auto : CT_STOP
[18:36:59.169] --------- [Monitor] StopTasks() : before m_stopped
[18:36:59.280] --------- [Monitor] StopTasks() : m_stopped
[18:36:59.281] [m_nState] AutoStop State
[18:36:59.602] ---- [Flow] CT_START Set
[18:36:59.624] ---- [Event] AutoStop : CT_START
[18:36:59.624] [m_nState] Auto State
[18:37:00.730] ---- [Flow] CT_STOP Set
[18:37:00.751] ---- [Event] Auto : CT_STOP
[18:37:00.751] --------- [Monitor] StopTasks() : before m_stopped
[18:37:00.806] --------- [Monitor] StopTasks() : m_stopped
[18:37:00.806] [m_nState] AutoStop State
[18:37:00.810] ---- [Flow] CT_STOP Set
[18:37:00.847] ---- [Flow] CT_STOP Set
[18:37:00.880] ---- [Flow] CT_STOP Set
[18:37:09.241] ---- [Flow] CT_START Set
[18:37:09.262] ---- [Event] AutoStop : CT_START
[18:37:09.262] [m_nState] Auto State
[18:37:11.109] ---- [Flow] CT_START Set
[18:37:15.263] ---- [Flow] CT_STOP Set
[18:37:15.286] ---- [Event] Auto : CT_STOP
[18:37:15.286] --------- [Monitor] StopTasks() : before m_stopped
[18:37:15.292] --------- [Monitor] StopTasks() : m_stopped
[18:37:15.293] [m_nState] AutoStop State
[18:37:34.454] ---- [Flow] CT_START Set
[18:37:34.475] ---- [Event] AutoStop : CT_START
[18:37:34.475] [m_nState] Auto State
[18:37:35.335] ---- [Flow] CT_START Set
[18:37:37.401] ---- [Flow] CT_STOP Set
[18:37:37.422] ---- [Event] Auto : CT_STOP
[18:37:37.422] --------- [Monitor] StopTasks() : before m_stopped
[18:37:37.458] --------- [Monitor] StopTasks() : m_stopped
[18:37:37.458] [m_nState] AutoStop State
[18:52:56.560] ---- [Flow] CT_START Set
[18:52:56.582] ---- [Event] AutoStop : CT_START
[18:52:56.582] [m_nState] Auto State
[18:57:58.971] ---- [Flow] CT_STOP Set
[18:57:58.993] ---- [Event] Auto : CT_STOP
[18:57:58.993] --------- [Monitor] StopTasks() : before m_stopped
[18:57:59.044] ---- [Flow] CT_STOP Set
[18:57:59.150] --------- [Monitor] StopTasks() : m_stopped
[18:57:59.150] [m_nState] AutoStop State
[18:58:08.582] ---- [Flow] CT_START Set
[18:58:08.603] ---- [Event] AutoStop : CT_START
[18:58:08.603] [m_nState] Auto State
[19:00:35.077] ---- [Flow] CT_START Set
[19:08:48.904] ---- [Flow] CT_STOP Set
[19:08:48.925] ---- [Event] Auto : CT_STOP
[19:08:48.925] --------- [Monitor] StopTasks() : before m_stopped
[19:08:48.939] --------- [Monitor] StopTasks() : m_stopped
[19:08:48.939] [m_nState] AutoStop State
[19:08:48.948] ---- [Flow] CT_STOP Set
[19:08:48.983] ---- [Flow] CT_STOP Set
[19:32:43.568] ---- [Flow] CT_START Set
[19:32:43.589] ---- [Event] AutoStop : CT_START
[19:32:43.589] [m_nState] Auto State
[19:32:44.275] ---- [Flow] CT_START Set
[19:34:31.632] ---- [Flow] CT_START Set
[19:35:04.337] ---- [Flow] CT_START Set
[19:35:24.912] ---- [Flow] CT_START Set
[19:35:27.473] ---- [Flow] CT_START Set
[19:36:16.917] ---- [Flow] CT_START Set
[19:37:47.119] ---- [Flow] CT_START Set
[19:39:55.927] ---- [Flow] CT_START Set
[19:40:19.484] ---- [Flow] CT_START Set
[19:40:42.506] ---- [Flow] CT_START Set
[19:40:52.993] ---- [Flow] CT_START Set
[19:46:17.621] ---- [Flow] CT_START Set
[19:48:16.124] ---- [Flow] CT_START Set
[19:49:05.435] ---- [Flow] CT_START Set
[19:49:32.946] ---- [Flow] CT_START Set
[19:50:55.237] ---- [Flow] CT_START Set
[19:51:05.081] ---- [Flow] CT_START Set
[19:51:20.300] ---- [Flow] CT_START Set
[19:52:30.820] ---- [Flow] CT_START Set
[19:52:55.412] ---- [Flow] CT_START Set
[19:55:28.420] ---- [Flow] CT_START Set
[19:56:22.959] ---- [Flow] CT_START Set
[19:58:06.608] ---- [Flow] CT_START Set
[19:58:25.363] ---- [Flow] CT_START Set
[19:58:44.478] ---- [Flow] CT_START Set
[19:59:10.895] ---- [Flow] CT_START Set
[20:03:58.854] ---- [Flow] CT_START Set
[20:05:24.666] ---- [Flow] CT_START Set
[20:09:50.546] ---- [Flow] CT_START Set
[20:11:53.478] ---- [Flow] CT_START Set
[20:14:21.474] ---- [Flow] CT_START Set
[20:15:32.914] ---- [Flow] CT_START Set
[20:19:27.959] ---- [Flow] CT_START Set
[20:19:37.551] ---- [Flow] CT_START Set
[20:25:11.743] ---- [Flow] CT_START Set
[20:27:05.441] ---- [Flow] CT_START Set
[20:30:26.418] ---- [Flow] CT_START Set
[20:34:11.532] ---- [Flow] CT_START Set
[20:34:21.424] ---- [Flow] CT_START Set
[20:36:15.345] ---- [Flow] CT_START Set
[20:39:15.391] ---- [Flow] CT_START Set
[20:41:46.875] ---- [Flow] CT_START Set
[20:41:52.849] ---- [Flow] CT_START Set
[20:41:59.374] ---- [Flow] CT_START Set
[20:42:14.099] ---- [Flow] CT_STOP Set
[20:42:14.121] ---- [Event] Auto : CT_STOP
[20:42:14.121] --------- [Monitor] StopTasks() : before m_stopped
[20:42:14.121] --------- [Monitor] StopTasks() : m_stopped
[20:42:14.121] [m_nState] AutoStop State
[20:42:14.134] ---- [Flow] CT_STOP Set
[20:42:14.166] ---- [Flow] CT_STOP Set
[20:42:14.198] ---- [Flow] CT_STOP Set
[20:42:14.229] ---- [Flow] CT_STOP Set
[20:42:17.387] ---- [Flow] CT_START Set
[20:42:17.409] ---- [Event] AutoStop : CT_START
[20:42:17.409] [m_nState] Auto State
[20:42:40.628] ---- [Flow] CT_START Set
[20:43:07.621] ---- [Flow] CT_START Set
[20:45:16.433] ---- [Flow] CT_START Set
[20:46:54.475] ---- [Flow] CT_START Set
[20:50:39.440] ---- [Flow] CT_START Set
[20:51:09.074] ---- [Flow] CT_START Set
[20:54:46.299] ---- [Flow] CT_START Set
[20:56:20.879] ---- [Flow] CT_START Set
[20:56:24.271] ---- [Flow] CT_START Set
[20:57:24.097] ---- [Flow] CT_START Set
[20:59:53.019] ---- [Flow] CT_START Set
[21:00:20.424] ---- [Flow] CT_START Set
[21:00:43.836] ---- [Flow] CT_START Set
[21:00:45.954] ---- [Flow] CT_START Set
[21:02:42.601] ---- [Flow] CT_START Set
[21:04:22.052] ---- [Flow] CT_START Set
[21:05:19.355] ---- [Flow] CT_START Set
[21:05:29.736] ---- [Flow] CT_START Set
[21:08:42.137] ---- [Flow] CT_START Set
[21:08:48.201] ---- [Flow] CT_START Set
[21:12:52.809] ---- [Flow] CT_START Set
[21:13:01.307] ---- [Flow] CT_START Set
[21:16:09.606] ---- [Flow] CT_START Set
[21:16:16.299] ---- [Flow] CT_START Set
[21:17:06.941] ---- [Flow] CT_START Set
[21:17:10.783] ---- [Flow] CT_START Set
[21:23:19.805] ---- [Flow] CT_START Set
[21:31:31.923] ---- [Flow] CT_START Set
[21:32:02.284] ---- [Flow] CT_START Set
[21:32:54.353] ---- [Flow] CT_START Set
[21:33:04.929] ---- [Flow] CT_START Set
[21:41:52.415] ---- [Flow] CT_START Set
[21:42:04.425] ---- [Flow] CT_START Set
[21:42:38.323] ---- [Flow] CT_START Set
[21:43:12.785] ---- [Flow] CT_START Set
[21:44:56.531] ---- [Flow] CT_START Set
[21:45:22.031] ---- [Flow] CT_START Set
[21:45:59.276] ---- [Flow] CT_START Set
[21:48:14.903] ---- [Flow] CT_START Set
[21:50:15.731] ---- [Flow] CT_START Set
[21:52:43.289] ---- [Flow] CT_START Set
[21:59:22.757] ---- [Flow] CT_START Set
[21:59:51.469] ---- [Flow] CT_STOP Set
[21:59:51.491] ---- [Event] Auto : CT_STOP
[21:59:51.491] --------- [Monitor] StopTasks() : before m_stopped
[21:59:51.528] ---- [Flow] CT_STOP Set
[21:59:51.565] --------- [Monitor] StopTasks() : m_stopped
[21:59:51.565] [m_nState] AutoStop State
[21:59:51.578] ---- [Flow] CT_STOP Set
[22:06:12.875] ---- [Flow] CT_START Set
[22:06:12.896] ---- [Event] AutoStop : CT_START
[22:06:12.896] [m_nState] Auto State
[22:07:10.157] ---- [Flow] CT_START Set
[22:07:11.649] ---- [Flow] CT_STOP Set
[22:07:11.670] ---- [Event] Auto : CT_STOP
[22:07:11.670] --------- [Monitor] StopTasks() : before m_stopped
[22:07:11.720] ---- [Flow] CT_STOP Set
[22:07:11.762] ---- [Flow] CT_STOP Set
[22:07:11.793] --------- [Monitor] StopTasks() : m_stopped
[22:07:11.793] [m_nState] AutoStop State
[22:07:11.801] ---- [Flow] CT_STOP Set
[22:07:37.342] ---- [Flow] CT_START Set
[22:07:37.364] ---- [Event] AutoStop : CT_START
[22:07:37.364] [m_nState] Auto State
[22:09:24.460] ---- [Flow] CT_START Set
[22:13:36.999] ---- [Flow] CT_START Set
[22:13:40.661] ---- [Flow] CT_START Set
[22:14:22.666] ---- [Flow] CT_START Set
[22:18:01.236] ---- [Flow] CT_START Set
[22:19:10.596] ---- [Flow] CT_START Set
[22:22:27.125] ---- [Flow] CT_START Set
[22:25:13.748] ---- [Flow] CT_START Set
[22:25:16.134] ---- [Flow] CT_START Set
[22:26:55.912] ---- [Flow] CT_START Set
[22:29:43.272] ---- [Flow] CT_START Set
[22:31:58.349] ---- [Flow] CT_START Set
[22:39:18.604] ---- [Flow] CT_START Set
[22:54:57.454] ---- [Flow] CT_START Set
[22:55:18.448] ---- [Flow] CT_START Set
[22:57:45.316] ---- [Flow] CT_START Set
[23:01:15.342] ---- [Flow] CT_START Set
[23:10:54.718] ---- [Flow] CT_START Set
[23:11:30.635] ---- [Flow] CT_START Set
[23:12:05.158] ---- [Flow] CT_START Set
[23:12:23.486] ---- [Flow] CT_START Set
[23:12:41.442] ---- [Flow] CT_START Set
[23:13:16.741] ---- [Flow] CT_STOP Set
[23:13:16.762] ---- [Event] Auto : CT_STOP
[23:13:16.762] --------- [Monitor] StopTasks() : before m_stopped
[23:13:16.765] --------- [Monitor] StopTasks() : m_stopped
[23:13:16.766] [m_nState] AutoStop State
[23:13:16.800] ---- [Flow] CT_STOP Set
[23:13:16.835] ---- [Flow] CT_STOP Set
[23:13:16.869] ---- [Flow] CT_STOP Set
[23:13:16.900] ---- [Flow] CT_STOP Set
[23:13:16.931] ---- [Flow] CT_STOP Set
[23:13:17.781] ---- [Flow] CT_STOP Set
[23:13:17.813] ---- [Flow] CT_STOP Set
[23:13:17.844] ---- [Flow] CT_STOP Set
[23:13:19.953] ---- [Flow] CT_START Set
[23:13:19.974] ---- [Event] AutoStop : CT_START
[23:13:19.974] [m_nState] Auto State
[23:13:31.101] ---- [Flow] CT_STOP Set
[23:13:31.123] ---- [Event] Auto : CT_STOP
[23:13:31.123] --------- [Monitor] StopTasks() : before m_stopped
[23:13:31.123] --------- [Monitor] StopTasks() : m_stopped
[23:13:31.123] [m_nState] AutoStop State
[23:14:12.822] ---- [Flow] CT_START Set
[23:14:12.843] ---- [Event] AutoStop : CT_START
[23:14:12.843] [m_nState] Auto State
[23:14:28.748] ---- [Flow] CT_STOP Set
[23:14:28.769] ---- [Event] Auto : CT_STOP
[23:14:28.769] --------- [Monitor] StopTasks() : before m_stopped
[23:14:29.402] --------- [Monitor] StopTasks() : m_stopped
[23:14:29.402] [m_nState] AutoStop State
[23:14:39.680] ---- [Flow] CT_START Set
[23:14:39.702] ---- [Event] AutoStop : CT_START
[23:14:39.702] [m_nState] Auto State
[23:14:43.167] ---- [Flow] CT_STOP Set
[23:14:43.189] ---- [Event] Auto : CT_STOP
[23:14:43.189] --------- [Monitor] StopTasks() : before m_stopped
[23:14:43.189] --------- [Monitor] StopTasks() : m_stopped
[23:14:43.189] [m_nState] AutoStop State
[23:14:43.201] ---- [Flow] CT_STOP Set
[23:14:43.233] ---- [Flow] CT_STOP Set
[23:14:45.680] ---- [Flow] CT_START Set
[23:14:45.702] ---- [Event] AutoStop : CT_START
[23:14:45.702] [m_nState] Auto State
[23:14:59.882] ---- [Flow] CT_STOP Set
[23:14:59.904] ---- [Event] Auto : CT_STOP
[23:14:59.904] --------- [Monitor] StopTasks() : before m_stopped
[23:14:59.936] ---- [Flow] CT_STOP Set
[23:14:59.953] --------- [Monitor] StopTasks() : m_stopped
[23:14:59.954] [m_nState] AutoStop State
[23:15:28.744] ---- [Flow] CT_START Set
[23:15:28.765] ---- [Event] AutoStop : CT_START
[23:15:28.765] [m_nState] Auto State
[23:15:29.792] ---- [Flow] CT_START Set
[23:16:05.570] ---- [Flow] CT_START Set
[23:17:29.755] ---- [Flow] CT_START Set
[23:22:46.527] ---- [Flow] CT_START Set
[23:22:48.708] ---- [Flow] CT_START Set
[23:25:30.908] ---- [Flow] CT_START Set
[23:25:33.712] ---- [Flow] CT_START Set
[23:26:18.916] ---- [Flow] CT_START Set
[23:26:19.406] ---- [Flow] CT_START Set
[23:26:19.625] ---- [Flow] CT_START Set
[23:26:22.018] ---- [Flow] CT_START Set
[23:29:20.148] ---- [Flow] CT_START Set
[23:30:38.000] ---- [Flow] CT_START Set
[23:31:56.222] ---- [Flow] CT_START Set
[23:34:55.482] ---- [Flow] CT_START Set
[23:35:28.590] ---- [Flow] CT_START Set
[23:38:23.254] ---- [Flow] CT_START Set
[23:38:28.822] ---- [Flow] CT_START Set
[23:40:28.406] ---- [Flow] CT_START Set
[23:40:28.817] ---- [Flow] CT_START Set
[23:40:29.754] ---- [Flow] CT_START Set
[23:44:10.795] ---- [Flow] CT_START Set
[23:54:15.867] ---- [Flow] CT_START Set
[23:54:58.192] ---- [Flow] CT_START Set
[23:54:58.732] ---- [Flow] CT_START Set
[23:55:57.963] ---- [Flow] CT_START Set
[23:56:45.838] ---- [Flow] CT_START Set
