[00:08:10.267] ---- [Flow] CT_START Set
[00:08:41.432] ---- [Flow] CT_START Set
[00:08:52.054] ---- [Flow] CT_START Set
[00:09:26.943] ---- [Flow] CT_START Set
[00:31:57.646] ---- [Flow] CT_START Set
[00:31:58.031] ---- [Flow] CT_START Set
[00:31:58.810] ---- [Flow] CT_START Set
[00:32:00.226] ---- [Flow] CT_START Set
[00:32:00.589] ---- [Flow] CT_START Set
[00:32:01.410] ---- [Flow] CT_START Set
[00:32:02.078] ---- [Flow] CT_START Set
[00:32:02.786] ---- [Flow] CT_START Set
[00:32:03.070] ---- [Flow] CT_START Set
[00:32:04.523] ---- [Flow] CT_START Set
[00:32:04.884] ---- [Flow] CT_START Set
[00:32:05.722] ---- [Flow] CT_START Set
[01:13:20.624] ---- [Flow] CT_START Set
[01:20:57.299] ---- [Flow] CT_STOP Set
[01:20:57.321] ---- [Event] Auto : CT_STOP
[01:20:57.322] --------- [Monitor] StopTasks() : before m_stopped
[01:20:57.438] --------- [Monitor] StopTasks() : m_stopped
[01:20:57.439] [m_nState] AutoStop State
[01:27:25.532] ---- [Flow] CT_START Set
[01:27:25.555] ---- [Event] AutoStop : CT_START
[01:27:25.556] [m_nState] Auto State
[01:27:26.393] ---- [Flow] CT_STOP Set
[01:27:26.415] ---- [Event] Auto : CT_STOP
[01:27:26.416] --------- [Monitor] StopTasks() : before m_stopped
[01:27:26.942] --------- [Monitor] StopTasks() : m_stopped
[01:27:26.943] [m_nState] AutoStop State
[01:27:28.282] ---- [Flow] CT_START Set
[01:27:28.305] ---- [Event] AutoStop : CT_START
[01:27:28.306] [m_nState] Auto State
[01:27:43.090] ---- [Flow] CT_START Set
[01:27:47.356] ---- [Flow] CT_STOP Set
[01:27:47.378] ---- [Event] Auto : CT_STOP
[01:27:47.379] --------- [Monitor] StopTasks() : before m_stopped
[01:27:47.398] --------- [Monitor] StopTasks() : m_stopped
[01:27:47.399] [m_nState] AutoStop State
[01:27:47.411] ---- [Flow] CT_STOP Set
[01:27:47.453] ---- [Flow] CT_STOP Set
[01:27:47.489] ---- [Flow] CT_STOP Set
[01:27:47.528] ---- [Flow] CT_STOP Set
[01:27:47.565] ---- [Flow] CT_STOP Set
[01:27:48.882] ---- [Flow] CT_START Set
[01:27:48.904] ---- [Event] AutoStop : CT_START
[01:27:48.905] [m_nState] Auto State
[01:27:51.039] ---- [Flow] CT_STOP Set
[01:27:51.062] ---- [Event] Auto : CT_STOP
[01:27:51.063] --------- [Monitor] StopTasks() : before m_stopped
[01:27:51.407] --------- [Monitor] StopTasks() : m_stopped
[01:27:51.408] [m_nState] AutoStop State
[01:28:56.185] ---- [Flow] CT_START Set
[01:28:56.207] ---- [Event] AutoStop : CT_START
[01:28:56.208] [m_nState] Auto State
[01:28:56.801] ---- [Flow] CT_START Set
[01:49:37.980] ---- [Flow] CT_START Set
[01:49:38.262] ---- [Flow] CT_START Set
[01:49:41.575] ---- [Flow] CT_START Set
[01:49:41.822] ---- [Flow] CT_START Set
[01:49:42.718] ---- [Flow] CT_START Set
[01:56:09.376] ---- [Flow] CT_START Set
[01:56:27.226] ---- [Flow] CT_START Set
[02:11:53.778] ---- [Flow] CT_START Set
[02:12:09.723] ---- [Flow] CT_START Set
[02:12:09.838] ---- [Flow] CT_START Set
[02:32:27.552] ---- [Flow] CT_START Set
[02:32:54.436] ---- [Flow] CT_START Set
[02:32:59.309] ---- [Flow] CT_START Set
[02:32:59.358] ---- [Flow] CT_START Set
[02:32:59.398] ---- [Flow] CT_START Set
[02:32:59.445] ---- [Flow] CT_START Set
[02:32:59.493] ---- [Flow] CT_START Set
[02:32:59.546] ---- [Flow] CT_START Set
[02:32:59.591] ---- [Flow] CT_START Set
[02:32:59.634] ---- [Flow] CT_START Set
[02:32:59.672] ---- [Flow] CT_START Set
[02:32:59.713] ---- [Flow] CT_START Set
[02:32:59.755] ---- [Flow] CT_START Set
[02:32:59.803] ---- [Flow] CT_START Set
[02:32:59.852] ---- [Flow] CT_START Set
[02:32:59.902] ---- [Flow] CT_START Set
[02:32:59.942] ---- [Flow] CT_START Set
[02:32:59.981] ---- [Flow] CT_START Set
[02:33:00.020] ---- [Flow] CT_START Set
[02:33:00.066] ---- [Flow] CT_START Set
[02:33:00.112] ---- [Flow] CT_START Set
[02:33:00.157] ---- [Flow] CT_START Set
[02:33:00.199] ---- [Flow] CT_START Set
[02:33:00.244] ---- [Flow] CT_START Set
[02:33:00.863] ---- [Flow] CT_START Set
[02:33:02.443] ---- [Flow] CT_START Set
[02:33:02.488] ---- [Flow] CT_START Set
[02:33:02.533] ---- [Flow] CT_START Set
[02:33:02.579] ---- [Flow] CT_START Set
[02:33:02.622] ---- [Flow] CT_START Set
[02:33:02.662] ---- [Flow] CT_START Set
[02:33:02.708] ---- [Flow] CT_START Set
[02:33:02.748] ---- [Flow] CT_START Set
[02:33:02.797] ---- [Flow] CT_START Set
[02:33:02.843] ---- [Flow] CT_START Set
[02:33:02.885] ---- [Flow] CT_START Set
[02:33:02.934] ---- [Flow] CT_START Set
[02:33:03.691] ---- [Flow] CT_START Set
[02:33:03.747] ---- [Flow] CT_START Set
[02:33:03.796] ---- [Flow] CT_START Set
[02:33:03.844] ---- [Flow] CT_START Set
[02:33:03.893] ---- [Flow] CT_START Set
[02:33:03.989] ---- [Flow] CT_START Set
[02:33:06.641] ---- [Flow] CT_START Set
[02:33:08.382] ---- [Flow] CT_START Set
[02:33:08.486] ---- [Flow] CT_START Set
[02:33:08.573] ---- [Flow] CT_START Set
[02:33:08.678] ---- [Flow] CT_START Set
[02:33:13.634] ---- [Flow] CT_START Set
[02:33:15.065] ---- [Flow] CT_START Set
[02:33:15.157] ---- [Flow] CT_START Set
[02:33:15.264] ---- [Flow] CT_START Set
[02:33:15.362] ---- [Flow] CT_START Set
[02:33:15.455] ---- [Flow] CT_START Set
[02:33:15.554] ---- [Flow] CT_START Set
[02:33:15.653] ---- [Flow] CT_START Set
[02:33:15.751] ---- [Flow] CT_START Set
[02:33:15.850] ---- [Flow] CT_START Set
[02:33:15.948] ---- [Flow] CT_START Set
[02:33:16.043] ---- [Flow] CT_START Set
[02:33:16.138] ---- [Flow] CT_START Set
[02:33:16.223] ---- [Flow] CT_START Set
[02:33:16.273] ---- [Flow] CT_START Set
[02:33:16.314] ---- [Flow] CT_START Set
[02:33:16.353] ---- [Flow] CT_START Set
[02:33:16.392] ---- [Flow] CT_START Set
[02:33:16.434] ---- [Flow] CT_START Set
[02:33:16.479] ---- [Flow] CT_START Set
[02:33:16.529] ---- [Flow] CT_START Set
[02:33:16.575] ---- [Flow] CT_START Set
[02:33:16.627] ---- [Flow] CT_START Set
[02:33:16.671] ---- [Flow] CT_START Set
[02:33:16.714] ---- [Flow] CT_START Set
[02:33:16.754] ---- [Flow] CT_START Set
[02:33:16.796] ---- [Flow] CT_START Set
[02:33:17.105] ---- [Flow] CT_START Set
[02:33:17.153] ---- [Flow] CT_START Set
[02:33:17.191] ---- [Flow] CT_START Set
[02:33:17.237] ---- [Flow] CT_START Set
[02:33:17.278] ---- [Flow] CT_START Set
[02:33:17.321] ---- [Flow] CT_START Set
[02:33:17.356] ---- [Flow] CT_START Set
[02:33:17.403] ---- [Flow] CT_START Set
[02:33:17.443] ---- [Flow] CT_START Set
[02:33:17.485] ---- [Flow] CT_START Set
[02:33:17.636] ---- [Flow] CT_START Set
[02:33:17.684] ---- [Flow] CT_START Set
[02:33:18.364] ---- [Flow] CT_STOP Set
[02:33:18.387] ---- [Event] Auto : CT_STOP
[02:33:18.388] --------- [Monitor] StopTasks() : before m_stopped
[02:33:18.399] --------- [Monitor] StopTasks() : m_stopped
[02:33:18.400] [m_nState] AutoStop State
[02:33:18.406] ---- [Flow] CT_STOP Set
[02:33:18.443] ---- [Flow] CT_STOP Set
[02:33:18.480] ---- [Flow] CT_STOP Set
[02:33:18.513] ---- [Flow] CT_STOP Set
[02:33:18.545] ---- [Flow] CT_STOP Set
[02:33:18.578] ---- [Flow] CT_STOP Set
[02:33:18.610] ---- [Flow] CT_STOP Set
[02:33:23.356] ---- [Flow] CT_START Set
[02:33:23.378] ---- [Event] AutoStop : CT_START
[02:33:23.379] [m_nState] Auto State
[02:33:28.711] ---- [Flow] CT_START Set
[02:33:36.691] ---- [Flow] CT_START Set
[02:33:42.588] ---- [Flow] CT_START Set
[02:34:13.689] ---- [Flow] CT_START Set
[02:36:21.665] ---- [Flow] CT_START Set
[02:37:38.729] ---- [Flow] CT_START Set
[02:37:39.000] ---- [Flow] CT_START Set
[02:37:39.119] ---- [Flow] CT_START Set
[02:37:39.684] ---- [Flow] CT_START Set
[02:37:39.933] ---- [Flow] CT_START Set
[02:37:40.036] ---- [Flow] CT_START Set
[02:38:28.793] ---- [Flow] CT_START Set
[02:38:29.063] ---- [Flow] CT_START Set
[02:38:30.065] ---- [Flow] CT_START Set
[02:38:30.714] ---- [Flow] CT_START Set
[02:38:31.007] ---- [Flow] CT_START Set
[02:38:31.937] ---- [Flow] CT_START Set
[02:38:32.897] ---- [Flow] CT_START Set
[02:38:33.718] ---- [Flow] CT_START Set
[02:38:35.159] ---- [Flow] CT_START Set
[02:38:35.527] ---- [Flow] CT_START Set
[02:38:38.080] ---- [Flow] CT_START Set
[02:40:35.952] ---- [Flow] CT_START Set
[02:40:42.457] ---- [Flow] CT_START Set
[02:40:59.275] ---- [Flow] CT_START Set
[02:43:50.357] ---- [Flow] CT_START Set
[02:43:50.710] ---- [Flow] CT_START Set
[02:43:53.325] ---- [Flow] CT_START Set
[02:46:01.638] ---- [Flow] CT_START Set
[02:46:06.254] ---- [Flow] CT_START Set
[03:10:48.905] ---- [Flow] CT_STOP Set
[03:10:48.928] ---- [Event] Auto : CT_STOP
[03:10:48.929] --------- [Monitor] StopTasks() : before m_stopped
[03:10:48.965] --------- [Monitor] StopTasks() : m_stopped
[03:10:48.966] [m_nState] AutoStop State
[03:10:48.981] ---- [Flow] CT_STOP Set
[03:10:49.006] ---- [Flow] CT_STOP Set
[03:10:49.022] ---- [Flow] CT_STOP Set
[03:10:49.046] ---- [Flow] CT_STOP Set
[03:10:49.066] ---- [Flow] CT_STOP Set
[03:10:49.089] ---- [Flow] CT_STOP Set
[03:10:49.104] ---- [Flow] CT_STOP Set
[03:10:49.125] ---- [Flow] CT_STOP Set
[03:10:49.136] ---- [Flow] CT_STOP Set
[03:19:48.882] ---- [Flow] CT_START Set
[03:19:48.904] ---- [Event] AutoStop : CT_START
[03:19:48.905] [m_nState] Auto State
[03:19:49.839] ---- [Flow] CT_START Set
[03:29:15.711] ---- [Flow] CT_START Set
[03:30:08.816] ---- [Flow] CT_START Set
[03:30:09.159] ---- [Flow] CT_START Set
[03:33:15.228] ---- [Flow] CT_START Set
[03:54:12.108] ---- [Flow] CT_START Set
[03:55:29.074] ---- [Flow] CT_START Set
[04:04:21.297] ---- [Flow] CT_START Set
[04:04:21.642] ---- [Flow] CT_START Set
[04:04:22.384] ---- [Flow] CT_START Set
[04:04:23.245] ---- [Flow] CT_START Set
[04:04:23.982] ---- [Flow] CT_START Set
[04:06:48.472] ---- [Flow] CT_START Set
[04:06:48.789] ---- [Flow] CT_START Set
[04:06:49.681] ---- [Flow] CT_START Set
[04:06:59.323] ---- [Flow] CT_START Set
[04:07:20.274] ---- [Flow] CT_START Set
[04:07:26.433] ---- [Flow] CT_START Set
[04:10:27.256] ---- [Flow] CT_START Set
[04:11:05.562] ---- [Flow] CT_START Set
[04:11:49.530] ---- [Flow] CT_START Set
[04:12:33.471] ---- [Flow] CT_START Set
[04:13:02.671] ---- [Flow] CT_START Set
[04:13:33.634] ---- [Flow] CT_START Set
[04:14:20.071] ---- [Flow] CT_START Set
[04:14:20.806] ---- [Flow] CT_START Set
[04:14:21.308] ---- [Flow] CT_START Set
[04:14:22.023] ---- [Flow] CT_START Set
[04:17:14.032] ---- [Flow] CT_START Set
[04:17:32.541] ---- [Flow] CT_START Set
[04:18:12.151] ---- [Flow] CT_START Set
[04:18:32.735] ---- [Flow] CT_START Set
[04:18:34.441] ---- [Flow] CT_START Set
[04:20:09.679] ---- [Flow] CT_START Set
[04:23:04.958] ---- [Flow] CT_START Set
[04:23:05.301] ---- [Flow] CT_START Set
[04:23:06.149] ---- [Flow] CT_START Set
[04:23:06.404] ---- [Flow] CT_START Set
[04:23:07.188] ---- [Flow] CT_START Set
[04:23:08.018] ---- [Flow] CT_START Set
[04:23:08.258] ---- [Flow] CT_START Set
[04:23:09.042] ---- [Flow] CT_START Set
[04:23:09.878] ---- [Flow] CT_START Set
[04:23:10.092] ---- [Flow] CT_START Set
[04:23:10.889] ---- [Flow] CT_START Set
[04:23:14.113] ---- [Flow] CT_START Set
[04:23:34.609] ---- [Flow] CT_START Set
[04:23:34.981] ---- [Flow] CT_START Set
[04:23:35.841] ---- [Flow] CT_START Set
[04:30:43.378] ---- [Flow] CT_STOP Set
[04:30:43.400] ---- [Event] Auto : CT_STOP
[04:30:43.401] --------- [Monitor] StopTasks() : before m_stopped
[04:30:43.455] ---- [Flow] CT_STOP Set
[04:30:43.513] ---- [Flow] CT_STOP Set
[04:30:43.565] ---- [Flow] CT_STOP Set
[04:30:43.613] ---- [Flow] CT_STOP Set
[04:30:43.669] ---- [Flow] CT_STOP Set
[04:30:43.943] --------- [Monitor] StopTasks() : m_stopped
[04:30:43.945] [m_nState] AutoStop State
[05:14:31.812] ---- [Flow] CT_START Set
[05:14:31.834] ---- [Event] AutoStop : CT_START
[05:14:31.835] [m_nState] Auto State
[05:14:32.346] ---- [Flow] CT_START Set
[05:23:57.480] ---- [Flow] CT_START Set
[05:26:58.154] ---- [Flow] CT_STOP Set
[05:26:58.177] ---- [Event] Auto : CT_STOP
[05:26:58.178] --------- [Monitor] StopTasks() : before m_stopped
[05:26:58.271] --------- [Monitor] StopTasks() : m_stopped
[05:26:58.272] [m_nState] AutoStop State
[05:26:58.351] ---- [Flow] CT_STOP Set
[05:26:58.384] ---- [Flow] CT_STOP Set
[05:26:58.416] ---- [Flow] CT_STOP Set
[05:26:58.454] ---- [Flow] CT_STOP Set
[05:57:04.187] ---- [Flow] CT_START Set
[05:57:04.209] ---- [Event] AutoStop : CT_START
[05:57:04.210] [m_nState] Auto State
[06:02:59.386] ---- [Flow] CT_STOP Set
[06:02:59.408] ---- [Event] Auto : CT_STOP
[06:02:59.409] --------- [Monitor] StopTasks() : before m_stopped
[06:02:59.432] --------- [Monitor] StopTasks() : m_stopped
[06:02:59.433] [m_nState] AutoStop State
[06:02:59.438] ---- [Flow] CT_STOP Set
[06:02:59.472] ---- [Flow] CT_STOP Set
[06:02:59.509] ---- [Flow] CT_STOP Set
[06:02:59.940] ---- [Flow] CT_STOP Set
[08:46:54.229] ---- [Flow] CT_START Set
[08:46:54.251] ---- [Event] AutoStop : CT_START
[08:46:54.252] [m_nState] Auto State
[08:46:54.663] ---- [Flow] CT_START Set
[08:46:57.458] ---- [Flow] CT_START Set
[08:47:15.652] ---- [Flow] CT_START Set
[08:58:36.648] ---- [Flow] CT_START Set
[08:58:59.836] ---- [Flow] CT_START Set
[09:50:28.615] ---- [Flow] CT_START Set
[10:10:51.421] ---- [Flow] CT_START Set
[10:10:58.609] ---- [Flow] CT_START Set
[10:25:18.813] ---- [Flow] CT_START Set
[11:01:59.375] ---- [Flow] CT_START Set
[11:23:46.854] ---- [Flow] CT_START Set
[11:30:41.336] ---- [Flow] CT_START Set
[11:30:48.777] ---- [Flow] CT_STOP Set
[11:30:48.800] ---- [Event] Auto : CT_STOP
[11:30:48.801] --------- [Monitor] StopTasks() : before m_stopped
[11:30:48.994] --------- [Monitor] StopTasks() : m_stopped
[11:30:48.995] [m_nState] AutoStop State
[11:40:21.472] ---- [Flow] CT_START Set
[11:40:21.494] ---- [Event] AutoStop : CT_START
[11:40:21.495] [m_nState] Auto State
[11:40:22.306] ---- [Flow] CT_START Set
[11:42:25.114] ---- [Flow] CT_START Set
[11:42:37.343] ---- [Flow] CT_START Set
[11:43:26.366] ---- [Flow] CT_START Set
[11:43:31.505] ---- [Flow] CT_START Set
[11:43:50.113] ---- [Flow] CT_START Set
[11:44:03.183] ---- [Flow] CT_START Set
[11:44:20.416] ---- [Flow] CT_START Set
[11:44:42.542] ---- [Flow] CT_START Set
[11:45:36.269] ---- [Flow] CT_START Set
[11:46:30.774] ---- [Flow] CT_START Set
[11:46:35.283] ---- [Flow] CT_START Set
[11:47:05.779] ---- [Flow] CT_START Set
[11:47:24.811] ---- [Flow] CT_START Set
[11:49:47.150] ---- [Flow] CT_START Set
[11:50:23.126] ---- [Flow] CT_START Set
[11:51:21.667] ---- [Flow] CT_START Set
[11:53:13.404] ---- [Flow] CT_START Set
[12:01:06.358] ---- [Flow] CT_START Set
[12:01:36.262] ---- [Flow] CT_START Set
[12:01:56.431] ---- [Flow] CT_START Set
[12:07:00.556] ---- [Flow] CT_START Set
[12:16:42.860] ---- [Flow] CT_START Set
[12:20:03.877] ---- [Flow] CT_START Set
[12:20:05.805] ---- [Flow] CT_START Set
[12:20:41.142] ---- [Flow] CT_START Set
[12:20:57.223] ---- [Flow] CT_START Set
[12:23:49.158] ---- [Flow] CT_START Set
[12:24:24.893] ---- [Flow] CT_START Set
[12:24:56.456] ---- [Flow] CT_START Set
[12:25:16.072] ---- [Flow] CT_START Set
[12:25:30.890] ---- [Flow] CT_START Set
[12:26:29.498] ---- [Flow] CT_START Set
[12:26:34.650] ---- [Flow] CT_START Set
[12:29:14.259] ---- [Flow] CT_START Set
[12:32:09.746] ---- [Flow] CT_START Set
[12:32:14.713] ---- [Flow] CT_START Set
[12:33:11.912] ---- [Flow] CT_START Set
[12:33:27.913] ---- [Flow] CT_START Set
[12:34:39.707] ---- [Flow] CT_START Set
[12:35:06.018] ---- [Flow] CT_START Set
[12:35:12.467] ---- [Flow] CT_START Set
[12:35:18.021] ---- [Flow] CT_START Set
[12:36:41.132] ---- [Flow] CT_START Set
[12:37:44.112] ---- [Flow] CT_START Set
[12:40:20.842] ---- [Flow] CT_START Set
[12:40:49.703] ---- [Flow] CT_START Set
[12:43:20.192] ---- [Flow] CT_START Set
[12:45:05.542] ---- [Flow] CT_START Set
[12:45:09.782] ---- [Flow] CT_START Set
[12:45:11.959] ---- [Flow] CT_START Set
[12:45:13.332] ---- [Flow] CT_START Set
[12:45:34.862] ---- [Flow] CT_START Set
[12:51:52.271] ---- [Flow] CT_START Set
[12:53:59.190] ---- [Flow] CT_START Set
[12:54:48.537] ---- [Flow] CT_START Set
[12:54:53.420] ---- [Flow] CT_START Set
[12:55:07.984] ---- [Flow] CT_START Set
[12:55:08.648] ---- [Flow] CT_START Set
[12:55:15.018] ---- [Flow] CT_START Set
[13:02:26.283] ---- [Flow] CT_START Set
[13:03:58.604] ---- [Flow] CT_START Set
[13:06:53.273] ---- [Flow] CT_START Set
[13:08:37.897] ---- [Flow] CT_START Set
[13:09:07.196] ---- [Flow] CT_START Set
[13:10:11.298] ---- [Flow] CT_START Set
[13:16:19.815] ---- [Flow] CT_START Set
[13:19:16.694] ---- [Flow] CT_START Set
[13:24:32.018] ---- [Flow] CT_START Set
[13:24:40.098] ---- [Flow] CT_START Set
[14:00:39.665] ---- [Flow] CT_STOP Set
[14:00:39.688] ---- [Event] Auto : CT_STOP
[14:00:39.689] --------- [Monitor] StopTasks() : before m_stopped
[14:00:39.695] --------- [Monitor] StopTasks() : m_stopped
[14:00:39.696] [m_nState] AutoStop State
[14:00:39.829] ---- [Flow] CT_STOP Set
[14:54:11.438] ---- [Flow] CT_START Set
[14:54:11.460] ---- [Event] AutoStop : CT_START
[14:54:11.461] [m_nState] Auto State
[14:54:11.889] ---- [Flow] CT_START Set
[15:10:31.818] ---- [Flow] CT_STOP Set
[15:10:31.841] ---- [Event] Auto : CT_STOP
[15:10:31.842] --------- [Monitor] StopTasks() : before m_stopped
[15:10:31.875] ---- [Flow] CT_STOP Set
[15:10:31.884] --------- [Monitor] StopTasks() : m_stopped
[15:10:31.885] [m_nState] AutoStop State
[15:10:31.913] ---- [Flow] CT_STOP Set
[15:44:12.284] ---- [Flow] CT_START Set
[15:44:12.307] ---- [Event] AutoStop : CT_START
[15:44:12.308] [m_nState] Auto State
[15:44:16.035] ---- [Flow] CT_START Set
[15:44:16.752] ---- [Flow] CT_START Set
[15:45:33.277] ---- [Flow] CT_STOP Set
[15:45:33.300] ---- [Event] Auto : CT_STOP
[15:45:33.301] --------- [Monitor] StopTasks() : before m_stopped
[15:45:33.302] --------- [Monitor] StopTasks() : m_stopped
[15:45:33.303] [m_nState] AutoStop State
[15:45:33.315] ---- [Flow] CT_STOP Set
[15:45:35.406] ---- [Flow] CT_STOP Set
[15:45:35.549] ---- [Flow] CT_STOP Set
[15:45:35.587] ---- [Flow] CT_STOP Set
[18:17:56.562] ---- [Flow] CT_START Set
[18:17:56.584] ---- [Event] AutoStop : CT_START
[18:17:56.585] [m_nState] Auto State
[18:33:01.458] ---- [Flow] CT_STOP Set
[18:33:01.481] ---- [Event] Auto : CT_STOP
[18:33:01.482] --------- [Monitor] StopTasks() : before m_stopped
[18:33:01.536] --------- [Monitor] StopTasks() : m_stopped
[18:33:01.537] [m_nState] AutoStop State
[18:34:28.188] ---- [Flow] CT_START Set
[18:34:28.210] ---- [Event] AutoStop : CT_START
[18:34:28.211] [m_nState] Auto State
[18:34:30.940] ---- [Flow] CT_START Set
[18:35:32.949] ---- [Flow] CT_START Set
[18:35:42.072] ---- [Flow] CT_START Set
[18:35:54.495] ---- [Flow] CT_START Set
[18:36:02.914] ---- [Flow] CT_START Set
[18:36:56.411] ---- [Flow] CT_START Set
[18:37:45.139] ---- [Flow] CT_START Set
[18:38:25.392] ---- [Flow] CT_START Set
[18:38:42.792] ---- [Flow] CT_START Set
[18:38:50.011] ---- [Flow] CT_START Set
[18:39:41.152] ---- [Flow] CT_START Set
[18:39:44.138] ---- [Flow] CT_START Set
[18:40:24.835] ---- [Flow] CT_STOP Set
[18:40:24.857] ---- [Event] Auto : CT_STOP
[18:40:24.858] --------- [Monitor] StopTasks() : before m_stopped
[18:40:24.864] --------- [Monitor] StopTasks() : m_stopped
[18:40:24.865] [m_nState] AutoStop State
[18:40:24.887] ---- [Flow] CT_STOP Set
[18:40:24.919] ---- [Flow] CT_STOP Set
[18:40:28.021] ---- [Flow] CT_START Set
[18:40:28.043] ---- [Event] AutoStop : CT_START
[18:40:28.044] [m_nState] Auto State
[18:40:34.926] ---- [Flow] CT_START Set
[18:40:58.208] ---- [Flow] CT_STOP Set
[18:40:58.231] ---- [Event] Auto : CT_STOP
[18:40:58.232] --------- [Monitor] StopTasks() : before m_stopped
[18:40:58.469] --------- [Monitor] StopTasks() : m_stopped
[18:40:58.470] [m_nState] AutoStop State
[18:40:58.529] ---- [Flow] CT_STOP Set
[18:41:25.892] ---- [Flow] CT_START Set
[18:41:25.914] ---- [Event] AutoStop : CT_START
[18:41:25.915] [m_nState] Auto State
[18:41:31.089] ---- [Flow] CT_START Set
[18:42:37.987] ---- [Flow] CT_START Set
[18:42:53.049] ---- [Flow] CT_STOP Set
[18:42:53.071] ---- [Event] Auto : CT_STOP
[18:42:53.072] --------- [Monitor] StopTasks() : before m_stopped
[18:42:53.151] ---- [Flow] CT_STOP Set
[18:42:53.952] ---- [Flow] CT_STOP Set
[18:42:54.191] ---- [Flow] CT_STOP Set
[18:42:54.232] ---- [Flow] CT_STOP Set
[18:42:54.274] ---- [Flow] CT_STOP Set
[18:42:54.581] --------- [Monitor] StopTasks() : m_stopped
[18:42:54.582] [m_nState] AutoStop State
[18:43:01.799] ---- [Flow] CT_START Set
[18:43:01.821] ---- [Event] AutoStop : CT_START
[18:43:01.822] [m_nState] Auto State
[18:43:15.911] ---- [Flow] CT_START Set
[18:43:25.920] ---- [Flow] CT_START Set
[18:43:33.070] ---- [Flow] CT_START Set
[18:43:50.672] ---- [Flow] CT_STOP Set
[18:43:50.694] ---- [Event] Auto : CT_STOP
[18:43:50.695] --------- [Monitor] StopTasks() : before m_stopped
[18:43:51.034] --------- [Monitor] StopTasks() : m_stopped
[18:43:51.035] [m_nState] AutoStop State
[18:44:16.095] ---- [Flow] CT_START Set
[18:44:16.117] ---- [Event] AutoStop : CT_START
[18:44:16.118] [m_nState] Auto State
[18:44:22.449] ---- [Flow] CT_START Set
[18:45:04.664] ---- [Flow] CT_STOP Set
[18:45:04.687] ---- [Event] Auto : CT_STOP
[18:45:04.688] --------- [Monitor] StopTasks() : before m_stopped
[18:45:04.722] ---- [Flow] CT_STOP Set
[18:45:04.767] ---- [Flow] CT_STOP Set
[18:45:04.807] ---- [Flow] CT_STOP Set
[18:45:05.122] --------- [Monitor] StopTasks() : m_stopped
[18:45:05.123] [m_nState] AutoStop State
[18:45:09.810] ---- [Flow] CT_START Set
[18:45:09.832] ---- [Event] AutoStop : CT_START
[18:45:09.833] [m_nState] Auto State
[18:45:10.974] ---- [Flow] CT_START Set
[18:45:50.232] ---- [Flow] CT_STOP Set
[18:45:50.255] ---- [Event] Auto : CT_STOP
[18:45:50.256] --------- [Monitor] StopTasks() : before m_stopped
[18:45:50.278] --------- [Monitor] StopTasks() : m_stopped
[18:45:50.279] [m_nState] AutoStop State
[18:46:02.748] ---- [Flow] CT_START Set
[18:46:02.771] ---- [Event] AutoStop : CT_START
[18:46:02.772] [m_nState] Auto State
[18:46:25.234] ---- [Flow] CT_STOP Set
[18:46:25.257] ---- [Event] Auto : CT_STOP
[18:46:25.258] --------- [Monitor] StopTasks() : before m_stopped
[18:46:25.259] --------- [Monitor] StopTasks() : m_stopped
[18:46:25.260] [m_nState] AutoStop State
[18:46:25.470] ---- [Flow] CT_STOP Set
[18:47:08.096] ---- [Flow] CT_START Set
[18:47:08.118] ---- [Event] AutoStop : CT_START
[18:47:08.119] [m_nState] Auto State
[18:47:13.196] ---- [Flow] CT_START Set
[18:47:21.587] ---- [Flow] CT_START Set
[18:47:37.020] ---- [Flow] CT_STOP Set
[18:47:37.042] ---- [Event] Auto : CT_STOP
[18:47:37.043] --------- [Monitor] StopTasks() : before m_stopped
[18:47:37.096] --------- [Monitor] StopTasks() : m_stopped
[18:47:37.098] [m_nState] AutoStop State
[18:47:39.496] ---- [Flow] CT_STOP Set
[18:47:39.540] ---- [Flow] CT_STOP Set
[18:47:58.020] ---- [Flow] CT_START Set
[18:47:58.042] ---- [Event] AutoStop : CT_START
[18:47:58.043] [m_nState] Auto State
[18:48:02.799] ---- [Flow] CT_START Set
[18:50:10.196] ---- [Flow] CT_START Set
[18:50:27.269] ---- [Flow] CT_START Set
[18:50:53.259] ---- [Flow] CT_START Set
[18:51:09.155] ---- [Flow] CT_START Set
[18:51:22.227] ---- [Flow] CT_START Set
[18:51:24.675] ---- [Flow] CT_START Set
[18:51:26.020] ---- [Flow] CT_START Set
[18:51:29.130] ---- [Flow] CT_START Set
[18:51:41.263] ---- [Flow] CT_START Set
[18:52:00.804] ---- [Flow] CT_START Set
[18:52:18.309] ---- [Flow] CT_START Set
[18:52:41.308] ---- [Flow] CT_START Set
[18:53:18.489] ---- [Flow] CT_START Set
[18:53:19.965] ---- [Flow] CT_START Set
[18:53:22.725] ---- [Flow] CT_START Set
[18:53:30.378] ---- [Flow] CT_START Set
[18:53:45.139] ---- [Flow] CT_START Set
[18:54:32.311] ---- [Flow] CT_START Set
[18:55:05.326] ---- [Flow] CT_START Set
[18:55:43.675] ---- [Flow] CT_START Set
[18:56:08.080] ---- [Flow] CT_START Set
[18:56:32.066] ---- [Flow] CT_START Set
[18:56:51.809] ---- [Flow] CT_START Set
[18:56:55.403] ---- [Flow] CT_START Set
[18:57:07.395] ---- [Flow] CT_START Set
[18:57:17.668] ---- [Flow] CT_STOP Set
[18:57:17.690] ---- [Event] Auto : CT_STOP
[18:57:17.691] --------- [Monitor] StopTasks() : before m_stopped
[18:57:17.699] --------- [Monitor] StopTasks() : m_stopped
[18:57:17.700] [m_nState] AutoStop State
[18:57:17.722] ---- [Flow] CT_STOP Set
[18:57:21.912] ---- [Flow] CT_START Set
[18:57:21.935] ---- [Event] AutoStop : CT_START
[18:57:21.936] [m_nState] Auto State
[18:57:23.535] ---- [Flow] CT_START Set
[18:57:49.958] ---- [Flow] CT_START Set
[18:57:58.684] ---- [Flow] CT_STOP Set
[18:57:58.706] ---- [Event] Auto : CT_STOP
[18:57:58.707] --------- [Monitor] StopTasks() : before m_stopped
[18:57:58.747] --------- [Monitor] StopTasks() : m_stopped
[18:57:58.748] [m_nState] AutoStop State
[18:58:05.723] ---- [Flow] CT_START Set
[18:58:05.745] ---- [Event] AutoStop : CT_START
[18:58:05.746] [m_nState] Auto State
[18:58:06.365] ---- [Flow] CT_START Set
[18:58:52.488] ---- [Flow] CT_START Set
[18:59:39.887] ---- [Flow] CT_START Set
[18:59:42.029] ---- [Flow] CT_START Set
[18:59:49.334] ---- [Flow] CT_START Set
[19:00:04.127] ---- [Flow] CT_START Set
[19:00:12.432] ---- [Flow] CT_STOP Set
[19:00:12.454] ---- [Event] Auto : CT_STOP
[19:00:12.455] --------- [Monitor] StopTasks() : before m_stopped
[19:00:12.474] --------- [Monitor] StopTasks() : m_stopped
[19:00:12.475] [m_nState] AutoStop State
[19:00:29.357] ---- [Flow] CT_START Set
[19:00:29.379] ---- [Event] AutoStop : CT_START
[19:00:29.380] [m_nState] Auto State
[19:00:48.566] ---- [Flow] CT_START Set
[19:01:07.006] ---- [Flow] CT_STOP Set
[19:01:07.028] ---- [Event] Auto : CT_STOP
[19:01:07.029] --------- [Monitor] StopTasks() : before m_stopped
[19:01:07.073] ---- [Flow] CT_STOP Set
[19:01:07.113] ---- [Flow] CT_STOP Set
[19:01:07.152] ---- [Flow] CT_STOP Set
[19:01:07.398] --------- [Monitor] StopTasks() : m_stopped
[19:01:07.399] [m_nState] AutoStop State
[19:01:19.148] ---- [Flow] CT_START Set
[19:01:19.171] ---- [Event] AutoStop : CT_START
[19:01:19.172] [m_nState] Auto State
[19:01:19.716] ---- [Flow] CT_START Set
[19:02:30.680] ---- [Flow] CT_START Set
[19:02:49.207] ---- [Flow] CT_START Set
[19:04:42.927] ---- [Flow] CT_START Set
[19:05:06.111] ---- [Flow] CT_START Set
[19:06:09.841] ---- [Flow] CT_START Set
[19:06:48.739] ---- [Flow] CT_START Set
[19:07:13.941] ---- [Flow] CT_START Set
[19:08:03.355] ---- [Flow] CT_START Set
[19:10:46.259] ---- [Flow] CT_START Set
[19:11:04.062] ---- [Flow] CT_STOP Set
[19:11:04.084] ---- [Event] Auto : CT_STOP
[19:11:04.085] --------- [Monitor] StopTasks() : before m_stopped
[19:11:04.122] ---- [Flow] CT_STOP Set
[19:11:04.385] --------- [Monitor] StopTasks() : m_stopped
[19:11:04.387] [m_nState] AutoStop State
[19:28:48.960] ---- [Flow] CT_START Set
[19:28:48.982] ---- [Event] AutoStop : CT_START
[19:28:48.983] [m_nState] Auto State
[19:28:50.325] ---- [Flow] CT_START Set
[19:29:25.717] ---- [Flow] CT_START Set
[19:29:29.850] ---- [Flow] CT_START Set
[19:29:52.362] ---- [Flow] CT_START Set
[19:30:32.757] ---- [Flow] CT_START Set
[19:30:56.546] ---- [Flow] CT_START Set
[19:31:04.520] ---- [Flow] CT_START Set
[19:31:11.946] ---- [Flow] CT_START Set
[19:31:40.638] ---- [Flow] CT_START Set
[19:31:46.437] ---- [Flow] CT_START Set
[19:31:48.734] ---- [Flow] CT_START Set
[19:32:11.743] ---- [Flow] CT_START Set
[19:37:24.020] ---- [Flow] CT_START Set
[19:45:47.568] ---- [Flow] CT_START Set
[19:46:54.464] ---- [Flow] CT_START Set
[19:47:03.727] ---- [Flow] CT_START Set
[19:47:05.109] ---- [Flow] CT_START Set
[19:47:16.808] ---- [Flow] CT_START Set
[19:49:30.474] ---- [Flow] CT_START Set
[19:50:18.177] ---- [Flow] CT_START Set
[19:50:55.998] ---- [Flow] CT_START Set
[19:55:03.439] ---- [Flow] CT_START Set
[19:55:06.044] ---- [Flow] CT_START Set
[19:55:41.294] ---- [Flow] CT_START Set
[19:55:48.472] ---- [Flow] CT_START Set
[19:56:35.941] ---- [Flow] CT_START Set
[19:57:53.180] ---- [Flow] CT_START Set
[19:59:47.245] ---- [Flow] CT_START Set
[19:59:54.708] ---- [Flow] CT_START Set
[19:59:56.081] ---- [Flow] CT_START Set
[20:00:09.537] ---- [Flow] CT_START Set
[20:00:13.187] ---- [Flow] CT_START Set
[20:00:17.932] ---- [Flow] CT_START Set
[20:00:27.299] ---- [Flow] CT_START Set
[20:01:11.191] ---- [Flow] CT_START Set
[20:01:44.150] ---- [Flow] CT_START Set
[20:03:08.745] ---- [Flow] CT_START Set
[20:03:39.306] ---- [Flow] CT_START Set
[20:03:44.802] ---- [Flow] CT_START Set
[20:03:55.136] ---- [Flow] CT_START Set
[20:04:06.525] ---- [Flow] CT_START Set
[20:04:52.763] ---- [Flow] CT_START Set
[20:05:13.902] ---- [Flow] CT_START Set
[20:05:20.589] ---- [Flow] CT_START Set
[20:05:30.454] ---- [Flow] CT_START Set
[20:06:08.610] ---- [Flow] CT_START Set
[20:06:10.088] ---- [Flow] CT_START Set
[20:06:43.025] ---- [Flow] CT_START Set
[20:06:55.668] ---- [Flow] CT_START Set
[20:08:38.219] ---- [Flow] CT_START Set
[20:08:46.236] ---- [Flow] CT_START Set
[20:08:49.377] ---- [Flow] CT_START Set
[20:17:26.800] ---- [Flow] CT_STOP Set
[20:17:26.822] ---- [Event] Auto : CT_STOP
[20:17:26.823] --------- [Monitor] StopTasks() : before m_stopped
[20:17:26.850] --------- [Monitor] StopTasks() : m_stopped
[20:17:26.851] [m_nState] AutoStop State
[20:48:01.124] ---- [Flow] CT_START Set
[20:48:01.147] ---- [Event] AutoStop : CT_START
[20:48:01.148] [m_nState] Auto State
[20:48:02.213] ---- [Flow] CT_START Set
[20:54:40.671] ---- [Flow] CT_START Set
[20:54:40.950] ---- [Flow] CT_START Set
[20:54:41.882] ---- [Flow] CT_START Set
[20:54:42.161] ---- [Flow] CT_START Set
[20:54:42.892] ---- [Flow] CT_START Set
[20:56:29.472] ---- [Flow] CT_START Set
[20:56:51.276] ---- [Flow] CT_START Set
[20:57:36.252] ---- [Flow] CT_START Set
[20:59:21.058] ---- [Flow] CT_START Set
[20:59:21.435] ---- [Flow] CT_START Set
[21:01:06.386] ---- [Flow] CT_START Set
[21:01:18.890] ---- [Flow] CT_START Set
[21:01:59.048] ---- [Flow] CT_START Set
[21:03:44.899] ---- [Flow] CT_START Set
[21:03:45.248] ---- [Flow] CT_START Set
[21:03:46.260] ---- [Flow] CT_START Set
[21:05:11.371] ---- [Flow] CT_START Set
[21:05:11.737] ---- [Flow] CT_START Set
[21:05:12.894] ---- [Flow] CT_START Set
[21:05:13.528] ---- [Flow] CT_START Set
[21:05:14.263] ---- [Flow] CT_START Set
[21:05:14.970] ---- [Flow] CT_START Set
[21:05:15.405] ---- [Flow] CT_START Set
[21:05:16.235] ---- [Flow] CT_START Set
[21:05:16.529] ---- [Flow] CT_START Set
[21:05:30.024] ---- [Flow] CT_START Set
[21:05:30.965] ---- [Flow] CT_START Set
[21:05:31.523] ---- [Flow] CT_START Set
[21:06:15.943] ---- [Flow] CT_START Set
[21:06:16.289] ---- [Flow] CT_START Set
[21:06:17.172] ---- [Flow] CT_START Set
[21:06:17.574] ---- [Flow] CT_START Set
[21:06:18.246] ---- [Flow] CT_START Set
[21:06:19.011] ---- [Flow] CT_START Set
[21:06:19.323] ---- [Flow] CT_START Set
[21:06:20.056] ---- [Flow] CT_START Set
[21:06:20.880] ---- [Flow] CT_START Set
[21:06:21.159] ---- [Flow] CT_START Set
[21:06:22.042] ---- [Flow] CT_START Set
[21:06:22.898] ---- [Flow] CT_START Set
[21:06:23.232] ---- [Flow] CT_START Set
[21:06:23.984] ---- [Flow] CT_START Set
[21:06:25.866] ---- [Flow] CT_START Set
[21:06:28.387] ---- [Flow] CT_START Set
[21:06:29.217] ---- [Flow] CT_START Set
[21:06:30.716] ---- [Flow] CT_START Set
[21:06:31.589] ---- [Flow] CT_START Set
[21:06:32.434] ---- [Flow] CT_START Set
[21:06:33.495] ---- [Flow] CT_START Set
[21:06:33.839] ---- [Flow] CT_START Set
[21:06:34.592] ---- [Flow] CT_START Set
[21:06:35.317] ---- [Flow] CT_START Set
[21:06:35.669] ---- [Flow] CT_START Set
[21:06:36.474] ---- [Flow] CT_START Set
[21:11:42.408] ---- [Flow] CT_START Set
[21:11:43.331] ---- [Flow] CT_START Set
[21:11:43.718] ---- [Flow] CT_START Set
[21:11:43.998] ---- [Flow] CT_START Set
[21:11:44.732] ---- [Flow] CT_START Set
[21:11:45.542] ---- [Flow] CT_START Set
[21:11:45.814] ---- [Flow] CT_START Set
[21:11:46.556] ---- [Flow] CT_START Set
[21:11:47.283] ---- [Flow] CT_START Set
[21:11:47.644] ---- [Flow] CT_START Set
[21:11:48.393] ---- [Flow] CT_START Set
[21:11:49.204] ---- [Flow] CT_START Set
[21:11:49.477] ---- [Flow] CT_START Set
[21:11:50.232] ---- [Flow] CT_START Set
[21:11:50.986] ---- [Flow] CT_START Set
[21:11:51.268] ---- [Flow] CT_START Set
[21:14:20.569] ---- [Flow] CT_START Set
[21:14:20.799] ---- [Flow] CT_START Set
[21:14:21.967] ---- [Flow] CT_START Set
[21:14:22.752] ---- [Flow] CT_START Set
[21:16:47.219] ---- [Flow] CT_START Set
[21:16:47.464] ---- [Flow] CT_START Set
[21:16:48.313] ---- [Flow] CT_START Set
[21:16:48.575] ---- [Flow] CT_START Set
[21:16:49.506] ---- [Flow] CT_START Set
[21:16:50.322] ---- [Flow] CT_START Set
[21:16:50.668] ---- [Flow] CT_START Set
[21:16:51.354] ---- [Flow] CT_START Set
[21:16:52.325] ---- [Flow] CT_START Set
[21:16:52.666] ---- [Flow] CT_START Set
[21:16:53.403] ---- [Flow] CT_START Set
[21:19:02.674] ---- [Flow] CT_START Set
[21:19:02.929] ---- [Flow] CT_START Set
[21:19:03.916] ---- [Flow] CT_START Set
[21:19:04.199] ---- [Flow] CT_START Set
[21:19:05.941] ---- [Flow] CT_START Set
[21:19:06.708] ---- [Flow] CT_START Set
[21:19:07.863] ---- [Flow] CT_START Set
[21:19:08.151] ---- [Flow] CT_START Set
[21:19:08.971] ---- [Flow] CT_START Set
[21:19:09.843] ---- [Flow] CT_START Set
[21:19:10.137] ---- [Flow] CT_START Set
[21:19:10.998] ---- [Flow] CT_START Set
[21:20:22.295] ---- [Flow] CT_START Set
[21:20:23.466] ---- [Flow] CT_START Set
[21:20:23.709] ---- [Flow] CT_START Set
[21:20:24.126] ---- [Flow] CT_START Set
[21:20:24.624] ---- [Flow] CT_START Set
[21:20:25.472] ---- [Flow] CT_START Set
[21:20:25.720] ---- [Flow] CT_START Set
[21:20:26.641] ---- [Flow] CT_START Set
[21:20:28.017] ---- [Flow] CT_START Set
[21:20:28.645] ---- [Flow] CT_START Set
[21:20:29.545] ---- [Flow] CT_START Set
[21:20:29.846] ---- [Flow] CT_START Set
[21:20:30.618] ---- [Flow] CT_START Set
[21:20:31.517] ---- [Flow] CT_START Set
[21:20:31.821] ---- [Flow] CT_START Set
[21:21:17.075] ---- [Flow] CT_START Set
[21:22:28.450] ---- [Flow] CT_START Set
[21:22:29.587] ---- [Flow] CT_START Set
[21:22:30.390] ---- [Flow] CT_START Set
[21:31:54.482] ---- [Flow] CT_START Set
[21:32:55.649] ---- [Flow] CT_START Set
[21:32:57.410] ---- [Flow] CT_START Set
[21:32:57.794] ---- [Flow] CT_START Set
[21:34:38.838] ---- [Flow] CT_START Set
[21:34:39.115] ---- [Flow] CT_START Set
[21:34:40.023] ---- [Flow] CT_START Set
[21:34:40.308] ---- [Flow] CT_START Set
[21:34:41.119] ---- [Flow] CT_START Set
[21:34:41.998] ---- [Flow] CT_START Set
[21:34:42.235] ---- [Flow] CT_START Set
[21:34:42.424] ---- [Flow] CT_START Set
[21:34:43.155] ---- [Flow] CT_START Set
[21:34:44.435] ---- [Flow] CT_START Set
[21:34:47.517] ---- [Flow] CT_START Set
[21:36:12.103] ---- [Flow] CT_START Set
[21:36:13.038] ---- [Flow] CT_START Set
[21:36:13.255] ---- [Flow] CT_START Set
[21:36:13.489] ---- [Flow] CT_START Set
[21:36:14.190] ---- [Flow] CT_START Set
[21:36:14.391] ---- [Flow] CT_START Set
[21:36:15.341] ---- [Flow] CT_START Set
[21:36:15.567] ---- [Flow] CT_START Set
[21:36:15.811] ---- [Flow] CT_START Set
[21:36:16.504] ---- [Flow] CT_START Set
[21:36:17.485] ---- [Flow] CT_START Set
[21:36:17.749] ---- [Flow] CT_START Set
[21:36:18.640] ---- [Flow] CT_START Set
[21:36:19.457] ---- [Flow] CT_START Set
[21:36:19.770] ---- [Flow] CT_START Set
[21:36:58.687] ---- [Flow] CT_START Set
[21:36:59.382] ---- [Flow] CT_START Set
[21:37:00.346] ---- [Flow] CT_START Set
[21:37:00.588] ---- [Flow] CT_START Set
[21:37:00.846] ---- [Flow] CT_START Set
[21:37:01.521] ---- [Flow] CT_START Set
[21:37:02.361] ---- [Flow] CT_START Set
[21:37:03.031] ---- [Flow] CT_START Set
[21:37:03.518] ---- [Flow] CT_START Set
[21:37:04.375] ---- [Flow] CT_START Set
[21:37:04.638] ---- [Flow] CT_START Set
[21:37:05.354] ---- [Flow] CT_START Set
[21:37:06.434] ---- [Flow] CT_START Set
[21:37:06.745] ---- [Flow] CT_START Set
[21:37:07.633] ---- [Flow] CT_START Set
[21:37:33.485] ---- [Flow] CT_START Set
[21:37:33.794] ---- [Flow] CT_START Set
[21:37:35.097] ---- [Flow] CT_START Set
[21:38:29.562] ---- [Flow] CT_START Set
[21:38:58.310] ---- [Flow] CT_START Set
[21:38:58.513] ---- [Flow] CT_START Set
[21:38:58.741] ---- [Flow] CT_START Set
[21:38:59.328] ---- [Flow] CT_START Set
[21:39:01.337] ---- [Flow] CT_START Set
[21:39:24.244] ---- [Flow] CT_START Set
[21:39:24.535] ---- [Flow] CT_START Set
[21:39:25.353] ---- [Flow] CT_START Set
[21:39:25.558] ---- [Flow] CT_START Set
[21:39:26.239] ---- [Flow] CT_START Set
[21:39:26.544] ---- [Flow] CT_START Set
[21:39:27.263] ---- [Flow] CT_START Set
[21:39:27.464] ---- [Flow] CT_START Set
[21:39:27.715] ---- [Flow] CT_START Set
[21:39:28.451] ---- [Flow] CT_START Set
[21:39:29.243] ---- [Flow] CT_START Set
[21:39:29.529] ---- [Flow] CT_START Set
[21:39:30.373] ---- [Flow] CT_START Set
[21:39:41.087] ---- [Flow] CT_START Set
[21:41:38.845] ---- [Flow] CT_START Set
[21:41:39.141] ---- [Flow] CT_START Set
[21:42:07.339] ---- [Flow] CT_START Set
[21:42:07.625] ---- [Flow] CT_START Set
[21:42:08.490] ---- [Flow] CT_START Set
[21:42:08.834] ---- [Flow] CT_START Set
[21:42:09.498] ---- [Flow] CT_START Set
[21:42:10.285] ---- [Flow] CT_START Set
[21:42:10.581] ---- [Flow] CT_START Set
[21:42:11.324] ---- [Flow] CT_START Set
[21:42:12.099] ---- [Flow] CT_START Set
[21:42:12.440] ---- [Flow] CT_START Set
[21:42:13.104] ---- [Flow] CT_START Set
[21:42:20.699] ---- [Flow] CT_START Set
[21:47:01.040] ---- [Flow] CT_START Set
[21:49:05.414] ---- [Flow] CT_START Set
[21:49:05.711] ---- [Flow] CT_START Set
[21:49:06.430] ---- [Flow] CT_START Set
[21:49:06.633] ---- [Flow] CT_START Set
[21:49:07.328] ---- [Flow] CT_START Set
[21:49:07.964] ---- [Flow] CT_START Set
[21:49:08.183] ---- [Flow] CT_START Set
[21:49:09.397] ---- [Flow] CT_START Set
[21:49:09.732] ---- [Flow] CT_START Set
[21:49:34.302] ---- [Flow] CT_START Set
[21:49:34.576] ---- [Flow] CT_START Set
[21:49:35.247] ---- [Flow] CT_START Set
[21:49:35.449] ---- [Flow] CT_START Set
[21:49:36.215] ---- [Flow] CT_START Set
[21:49:37.193] ---- [Flow] CT_START Set
[21:49:43.180] ---- [Flow] CT_START Set
[21:49:43.236] ---- [Flow] CT_START Set
[21:50:52.006] ---- [Flow] CT_START Set
[21:50:54.507] ---- [Flow] CT_START Set
[21:50:57.404] ---- [Flow] CT_START Set
[21:51:00.099] ---- [Flow] CT_START Set
[21:52:18.865] ---- [Flow] CT_START Set
[21:52:19.143] ---- [Flow] CT_START Set
[21:52:19.969] ---- [Flow] CT_START Set
[21:52:20.138] ---- [Flow] CT_START Set
[21:52:20.999] ---- [Flow] CT_START Set
[21:52:21.797] ---- [Flow] CT_START Set
[21:52:22.019] ---- [Flow] CT_START Set
[21:52:46.763] ---- [Flow] CT_START Set
[21:52:47.307] ---- [Flow] CT_START Set
[21:52:47.556] ---- [Flow] CT_START Set
[21:52:48.478] ---- [Flow] CT_START Set
[21:52:48.714] ---- [Flow] CT_START Set
[21:52:49.571] ---- [Flow] CT_START Set
[21:52:50.923] ---- [Flow] CT_START Set
[21:52:51.409] ---- [Flow] CT_START Set
[21:52:52.360] ---- [Flow] CT_START Set
[21:52:53.053] ---- [Flow] CT_START Set
[21:52:53.398] ---- [Flow] CT_START Set
[21:52:54.335] ---- [Flow] CT_START Set
[21:52:58.348] ---- [Flow] CT_START Set
[21:53:22.649] ---- [Flow] CT_START Set
[21:53:22.986] ---- [Flow] CT_START Set
[21:53:23.924] ---- [Flow] CT_START Set
[21:53:24.258] ---- [Flow] CT_START Set
[21:53:24.877] ---- [Flow] CT_START Set
[21:53:28.719] ---- [Flow] CT_START Set
[21:53:29.024] ---- [Flow] CT_START Set
[21:54:12.958] ---- [Flow] CT_START Set
[21:54:13.281] ---- [Flow] CT_START Set
[21:54:49.102] ---- [Flow] CT_STOP Set
[21:54:49.124] ---- [Event] Auto : CT_STOP
[21:54:49.125] --------- [Monitor] StopTasks() : before m_stopped
[21:54:49.148] --------- [Monitor] StopTasks() : m_stopped
[21:54:49.149] [m_nState] AutoStop State
[21:54:51.342] ---- [Flow] CT_START Set
[21:54:51.364] ---- [Event] AutoStop : CT_START
[21:54:51.365] [m_nState] Auto State
[21:54:55.050] ---- [Flow] CT_STOP Set
[21:54:55.072] ---- [Event] Auto : CT_STOP
[21:54:55.073] --------- [Monitor] StopTasks() : before m_stopped
[21:54:56.597] --------- [Monitor] StopTasks() : m_stopped
[21:54:56.598] [m_nState] AutoStop State
[21:54:57.277] ---- [Flow] CT_START Set
[21:54:57.300] ---- [Event] AutoStop : CT_START
[21:54:57.301] [m_nState] Auto State
[21:55:03.782] ---- [Flow] CT_STOP Set
[21:55:03.805] ---- [Event] Auto : CT_STOP
[21:55:03.806] --------- [Monitor] StopTasks() : before m_stopped
[21:55:04.963] --------- [Monitor] StopTasks() : m_stopped
[21:55:04.964] [m_nState] AutoStop State
[21:55:10.595] ---- [Flow] CT_ABORT Set
[21:55:10.647] [m_nState] Init State
[21:55:10.698] ---- [Monitor] Init : m_idle
[21:55:10.721] ---- [Event] Init : CT_IDLE
[21:55:10.722] [m_nState] Idle State
[21:55:12.837] ---- [Flow] CT_START Set
[21:55:12.859] ---- [Event] Idle : CT_START
[21:55:12.860] [m_nState] Auto State
[21:55:13.836] ---- [Flow] CT_START Set
[21:55:30.405] ---- [Flow] CT_START Set
[21:55:47.680] ---- [Flow] CT_START Set
[21:56:05.949] ---- [Flow] CT_START Set
[21:57:37.153] ---- [Flow] CT_START Set
[21:57:37.409] ---- [Flow] CT_START Set
[21:57:38.402] ---- [Flow] CT_START Set
[21:57:38.720] ---- [Flow] CT_START Set
[21:57:39.485] ---- [Flow] CT_START Set
[21:57:40.250] ---- [Flow] CT_START Set
[21:57:40.600] ---- [Flow] CT_START Set
[21:57:41.368] ---- [Flow] CT_START Set
[21:57:42.204] ---- [Flow] CT_START Set
[21:57:42.468] ---- [Flow] CT_START Set
[21:59:12.881] ---- [Flow] CT_START Set
[22:00:22.610] ---- [Flow] CT_START Set
[22:00:24.025] ---- [Flow] CT_START Set
[22:00:24.228] ---- [Flow] CT_START Set
[22:01:14.501] ---- [Flow] CT_START Set
[22:02:21.632] ---- [Flow] CT_START Set
[22:02:52.278] ---- [Flow] CT_START Set
[22:02:53.596] ---- [Flow] CT_START Set
[22:02:59.450] ---- [Flow] CT_START Set
[22:03:07.010] ---- [Flow] CT_START Set
[22:03:29.940] ---- [Flow] CT_START Set
[22:03:38.094] ---- [Flow] CT_START Set
[22:17:53.869] ---- [Flow] CT_START Set
[22:17:54.228] ---- [Flow] CT_START Set
[22:17:55.106] ---- [Flow] CT_START Set
[22:17:55.423] ---- [Flow] CT_START Set
[22:17:56.487] ---- [Flow] CT_START Set
[22:17:56.975] ---- [Flow] CT_START Set
[22:17:57.278] ---- [Flow] CT_START Set
[22:17:57.998] ---- [Flow] CT_START Set
[22:17:58.872] ---- [Flow] CT_START Set
[22:17:59.228] ---- [Flow] CT_START Set
[22:17:59.944] ---- [Flow] CT_START Set
[22:18:26.942] ---- [Flow] CT_START Set
[22:18:27.280] ---- [Flow] CT_START Set
[22:18:28.290] ---- [Flow] CT_START Set
[22:18:29.071] ---- [Flow] CT_START Set
[22:18:30.220] ---- [Flow] CT_START Set
[22:18:31.053] ---- [Flow] CT_START Set
[22:18:32.153] ---- [Flow] CT_START Set
[22:18:32.496] ---- [Flow] CT_START Set
[22:18:33.206] ---- [Flow] CT_START Set
[22:24:39.069] ---- [Flow] CT_START Set
[22:28:01.969] ---- [Flow] CT_START Set
[22:28:02.317] ---- [Flow] CT_START Set
[22:28:03.187] ---- [Flow] CT_START Set
[22:35:09.037] ---- [Flow] CT_START Set
[22:59:23.675] ---- [Flow] CT_START Set
[22:59:23.906] ---- [Flow] CT_START Set
[22:59:24.940] ---- [Flow] CT_START Set
[22:59:25.767] ---- [Flow] CT_START Set
[22:59:26.861] ---- [Flow] CT_START Set
[22:59:27.183] ---- [Flow] CT_START Set
[22:59:27.899] ---- [Flow] CT_START Set
[22:59:28.794] ---- [Flow] CT_START Set
[22:59:29.127] ---- [Flow] CT_START Set
[22:59:29.803] ---- [Flow] CT_START Set
[22:59:30.626] ---- [Flow] CT_START Set
[22:59:30.978] ---- [Flow] CT_START Set
[22:59:31.634] ---- [Flow] CT_START Set
[23:21:37.540] ---- [Flow] CT_STOP Set
[23:21:37.563] ---- [Event] Auto : CT_STOP
[23:21:37.564] --------- [Monitor] StopTasks() : before m_stopped
[23:21:37.602] ---- [Flow] CT_STOP Set
[23:21:37.644] ---- [Flow] CT_STOP Set
[23:21:37.689] ---- [Flow] CT_STOP Set
[23:21:37.734] ---- [Flow] CT_STOP Set
[23:21:37.778] ---- [Flow] CT_STOP Set
[23:21:37.828] ---- [Flow] CT_STOP Set
[23:21:38.709] --------- [Monitor] StopTasks() : m_stopped
[23:21:38.710] [m_nState] AutoStop State
[23:32:32.324] ---- [Flow] CT_START Set
[23:32:32.347] ---- [Event] AutoStop : CT_START
[23:32:32.348] [m_nState] Auto State
[23:32:45.573] ---- [Flow] CT_START Set
[23:32:53.192] ---- [Flow] CT_START Set
[23:32:54.714] ---- [Flow] CT_START Set
[23:33:58.984] ---- [Flow] CT_START Set
[23:33:59.548] ---- [Flow] CT_START Set
[23:33:59.755] ---- [Flow] CT_START Set
[23:34:04.564] ---- [Flow] CT_START Set
[23:34:53.041] ---- [Flow] CT_START Set
[23:34:53.157] ---- [Flow] CT_START Set
[23:34:55.255] ---- [Flow] CT_START Set
[23:35:40.523] ---- [Flow] CT_START Set
[23:35:41.739] ---- [Flow] CT_START Set
[23:35:42.585] ---- [Flow] CT_START Set
[23:35:44.032] ---- [Flow] CT_START Set
[23:35:44.388] ---- [Flow] CT_START Set
[23:35:45.215] ---- [Flow] CT_START Set
[23:35:45.961] ---- [Flow] CT_START Set
[23:35:47.940] ---- [Flow] CT_START Set
[23:35:48.251] ---- [Flow] CT_START Set
[23:44:09.824] ---- [Flow] CT_START Set
[23:44:10.167] ---- [Flow] CT_START Set
[23:44:33.675] ---- [Flow] CT_START Set
[23:44:34.037] ---- [Flow] CT_START Set
[23:44:35.047] ---- [Flow] CT_START Set
[23:44:35.426] ---- [Flow] CT_START Set
[23:44:36.114] ---- [Flow] CT_START Set
[23:44:37.067] ---- [Flow] CT_START Set
[23:44:37.776] ---- [Flow] CT_START Set
[23:44:38.744] ---- [Flow] CT_START Set
[23:44:39.168] ---- [Flow] CT_START Set
[23:44:39.520] ---- [Flow] CT_START Set
[23:44:40.205] ---- [Flow] CT_START Set
[23:44:41.128] ---- [Flow] CT_START Set
[23:44:41.968] ---- [Flow] CT_START Set
[23:44:43.057] ---- [Flow] CT_START Set
[23:44:43.420] ---- [Flow] CT_START Set
[23:53:47.773] ---- [Flow] CT_START Set
[23:53:48.123] ---- [Flow] CT_START Set
[23:53:48.992] ---- [Flow] CT_START Set
[23:53:49.906] ---- [Flow] CT_START Set
[23:53:50.686] ---- [Flow] CT_START Set
[23:53:51.604] ---- [Flow] CT_START Set
[23:53:52.304] ---- [Flow] CT_START Set
