[08:56:31.724] ---- [Flow] CT_START Set
[08:56:31.748] ---- [Event] AutoStop : CT_START
[08:56:31.749] [m_nState] Auto State
[08:56:32.834] ---- [Flow] CT_START Set
[09:06:56.429] ---- [Flow] CT_STOP Set
[09:06:56.452] ---- [Event] Auto : CT_STOP
[09:06:56.453] --------- [Monitor] StopTasks() : before m_stopped
[09:06:56.506] --------- [Monitor] StopTasks() : m_stopped
[09:06:56.507] [m_nState] AutoStop State
[09:07:06.062] ---- [Flow] CT_START Set
[09:07:06.084] ---- [Event] AutoStop : CT_START
[09:07:06.085] [m_nState] Auto State
[09:07:07.550] ---- [Flow] CT_START Set
[09:34:25.028] ---- [Flow] CT_START Set
[09:34:31.667] ---- [Flow] CT_START Set
[09:52:54.229] ---- [Flow] CT_START Set
[11:30:44.977] ---- [Flow] CT_STOP Set
[11:30:45.000] ---- [Event] Auto : CT_STOP
[11:30:45.001] --------- [Monitor] StopTasks() : before m_stopped
[11:30:45.021] --------- [Monitor] StopTasks() : m_stopped
[11:30:45.022] [m_nState] AutoStop State
[11:30:45.035] ---- [Flow] CT_STOP Set
[11:30:45.071] ---- [Flow] CT_STOP Set
[11:38:41.957] ---- [Flow] CT_START Set
[11:38:41.979] ---- [Event] AutoStop : CT_START
[11:38:41.980] [m_nState] Auto State
[11:38:43.190] ---- [Flow] CT_START Set
[13:45:43.005] ---- [Flow] CT_STOP Set
[13:45:43.028] ---- [Event] Auto : CT_STOP
[13:45:43.029] --------- [Monitor] StopTasks() : before m_stopped
[13:45:43.117] --------- [Monitor] StopTasks() : m_stopped
[13:45:43.118] [m_nState] AutoStop State
[13:49:03.424] ---- [Flow] CT_START Set
[13:49:03.447] ---- [Event] AutoStop : CT_START
[13:49:03.448] [m_nState] Auto State
[13:49:05.447] ---- [Flow] CT_START Set
[13:58:17.259] ---- [Flow] CT_STOP Set
[13:58:17.282] ---- [Event] Auto : CT_STOP
[13:58:17.283] --------- [Monitor] StopTasks() : before m_stopped
[13:58:17.303] --------- [Monitor] StopTasks() : m_stopped
[13:58:17.304] [m_nState] AutoStop State
[14:25:39.793] ---- [Flow] CT_START Set
[14:25:39.816] ---- [Event] AutoStop : CT_START
[14:25:39.817] [m_nState] Auto State
[14:25:40.581] ---- [Flow] CT_START Set
[14:50:43.384] ---- [Flow] CT_START Set
[14:51:11.226] ---- [Flow] CT_START Set
[14:51:12.845] ---- [Flow] CT_START Set
[14:51:24.350] ---- [Flow] CT_START Set
[14:51:46.456] ---- [Flow] CT_START Set
[16:20:56.643] ---- [Flow] CT_STOP Set
[16:20:56.666] ---- [Event] Auto : CT_STOP
[16:20:56.667] --------- [Monitor] StopTasks() : before m_stopped
[16:20:56.685] --------- [Monitor] StopTasks() : m_stopped
[16:20:56.686] [m_nState] AutoStop State
[16:20:56.698] ---- [Flow] CT_STOP Set
[16:22:08.649] ---- [Flow] CT_START Set
[16:22:08.671] ---- [Event] AutoStop : CT_START
[16:22:08.672] [m_nState] Auto State
[16:22:09.864] ---- [Flow] CT_START Set
[16:45:39.744] ---- [Flow] CT_START Set
[16:45:49.840] ---- [Flow] CT_START Set
[16:46:10.019] ---- [Flow] CT_START Set
[16:46:12.609] ---- [Flow] CT_START Set
[17:42:34.168] ---- [Flow] CT_START Set
[17:42:48.809] ---- [Flow] CT_START Set
[17:50:28.563] ---- [Flow] CT_START Set
[18:09:47.196] ---- [Flow] CT_START Set
[18:09:54.694] ---- [Flow] CT_START Set
[18:39:37.298] ---- [Flow] CT_START Set
[18:41:14.397] ---- [Flow] CT_START Set
[18:41:14.491] ---- [Flow] CT_START Set
[18:41:14.582] ---- [Flow] CT_START Set
[18:41:16.377] ---- [Flow] CT_START Set
[18:43:59.088] ---- [Flow] CT_START Set
[18:44:03.713] ---- [Flow] CT_START Set
[18:44:22.951] ---- [Flow] CT_START Set
[19:04:26.947] ---- [Flow] CT_STOP Set
[19:04:26.969] ---- [Event] Auto : CT_STOP
[19:04:26.970] --------- [Monitor] StopTasks() : before m_stopped
[19:04:26.988] --------- [Monitor] StopTasks() : m_stopped
[19:04:26.989] [m_nState] AutoStop State
[19:04:27.001] ---- [Flow] CT_STOP Set
[19:04:27.036] ---- [Flow] CT_STOP Set
[20:57:26.092] ---- [Flow] CT_START Set
[20:57:26.115] ---- [Event] AutoStop : CT_START
[20:57:26.116] [m_nState] Auto State
[20:57:36.415] ---- [Flow] CT_START Set
[21:06:08.289] ---- [Flow] CT_START Set
[21:27:12.794] ---- [Flow] CT_STOP Set
[21:27:12.817] ---- [Event] Auto : CT_STOP
[21:27:12.818] --------- [Monitor] StopTasks() : before m_stopped
[21:27:12.875] --------- [Monitor] StopTasks() : m_stopped
[21:27:12.876] [m_nState] AutoStop State
[21:34:56.820] ---- [Flow] CT_START Set
[21:34:56.842] ---- [Event] AutoStop : CT_START
[21:34:56.843] [m_nState] Auto State
[21:34:58.433] ---- [Flow] CT_START Set
[22:53:27.722] ---- [Flow] CT_START Set
[22:54:03.603] ---- [Flow] CT_START Set
[23:17:57.890] ---- [Flow] CT_START Set
[23:18:05.784] ---- [Flow] CT_START Set
[23:18:08.904] ---- [Flow] CT_START Set
[23:18:18.633] ---- [Flow] CT_START Set
[23:18:19.886] ---- [Flow] CT_START Set
[23:20:53.409] ---- [Flow] CT_STOP Set
[23:20:53.431] ---- [Event] Auto : CT_STOP
[23:20:53.432] --------- [Monitor] StopTasks() : before m_stopped
[23:20:53.759] --------- [Monitor] StopTasks() : m_stopped
[23:20:53.760] [m_nState] AutoStop State
[23:20:55.184] ---- [Flow] CT_START Set
[23:20:55.207] ---- [Event] AutoStop : CT_START
[23:20:55.208] [m_nState] Auto State
[23:21:04.674] ---- [Flow] CT_STOP Set
[23:21:04.697] ---- [Event] Auto : CT_STOP
[23:21:04.698] --------- [Monitor] StopTasks() : before m_stopped
[23:21:04.705] --------- [Monitor] StopTasks() : m_stopped
[23:21:04.706] [m_nState] AutoStop State
[23:21:04.779] ---- [Flow] CT_STOP Set
[23:30:42.887] ---- [Flow] CT_START Set
[23:30:42.910] ---- [Event] AutoStop : CT_START
[23:30:42.911] [m_nState] Auto State
[23:30:44.128] ---- [Flow] CT_START Set
[23:51:32.520] ---- [Flow] CT_STOP Set
[23:51:32.542] ---- [Event] Auto : CT_STOP
[23:51:32.543] --------- [Monitor] StopTasks() : before m_stopped
[23:51:32.605] --------- [Monitor] StopTasks() : m_stopped
[23:51:32.606] [m_nState] AutoStop State
