[07:34:49.415] [RightTransferStation] Vacuum Error
[07:43:44.211] [LeftPPStation] Unload Cylinder Vacuum Error
[07:43:54.151] [LeftPPStation] Unload Cylinder Vacuum Error
[07:44:00.411] [LeftPPStation] Unload Cylinder Vacuum Error
[08:27:33.852] [LeftTransferStation] Vacuum Error
[08:27:57.736] [LeftTransferStation] Vacuum Error
[08:51:34.885] [LeftPPStation] Load Cylinder Up Error
[08:51:36.832] [RightTransferStation] Vacuum Error
[08:53:44.276] [RightTransferStation] Move Z Axis Error
[08:53:57.423] [RightTransferStation] Move Z Axis Error
[08:54:00.496] [RightTransferStation] Move Z Axis Error
[08:54:02.290] [RightTransferStation] Move Z Axis Error
[08:54:30.773] [RightTransferStation] Move Z Axis Error
[08:55:23.755] [RightTransferStation] Vacuum Error
[08:55:33.295] [RightTransferStation] Vacuum Error
[08:57:04.133] [RightPPStation] Load Cylinder Vacuum Error
[08:57:14.093] [RightPPStation] Load Cylinder Vacuum Error
[08:57:21.307] [RightPPStation] Load Cylinder Vacuum Error
[08:57:29.076] [RightPPStation] Load Cylinder Vacuum Error
[08:57:48.450] [RightPPStation] Load Cylinder Vacuum Error
[09:00:08.105] [LeftTransferStation] Vacuum Error
[09:00:15.963] [LeftTransferStation] Vacuum Error
[10:16:16.413] [LeftTransferStation] Vacuum Error
[10:22:51.921] [RightPPStation] Load Cylinder Vacuum Error
[11:06:00.558] [LeftTransferStation] Vacuum Error
[11:06:16.190] [LeftTransferStation] Vacuum Error
[12:10:47.367] [LeftTransferStation] Vacuum Error
[12:10:56.952] [LeftTransferStation] Vacuum Error
[12:12:00.109] [LeftTransferStation] Vacuum Error
[12:12:09.424] [LeftTransferStation] Vacuum Error
[12:12:28.700] [LeftTransferStation] Vacuum Error
[12:12:36.270] [LeftTransferStation] Vacuum Error
[12:16:39.828] [LeftTransferStation] Move XY Axis Error
[12:19:10.294] [LeftTransferStation] Vacuum Error
[12:19:20.599] [LeftTransferStation] Vacuum Error
[12:39:10.443] [LeftTransferStation] Vacuum Error
[12:39:27.029] [LeftTransferStation] Vacuum Error
[12:39:39.434] [LeftTransferStation] Vacuum Error
[12:39:52.223] [LeftTransferStation] Vacuum Error
[12:40:00.147] [RightTransferStation] Vacuum Error
[12:40:12.927] [RightTransferStation] Vacuum Error
[12:50:56.540] [LeftTransferStation] Vacuum Error
[13:08:11.383] [LeftTransferStation] Vacuum Error
[13:08:25.061] [LeftTransferStation] Vacuum Error
[13:18:37.226] [LeftTransferStation] Vacuum Error
[13:18:50.320] [LeftTransferStation] Vacuum Error
[13:28:58.786] [LeftTransferStation] Vacuum Error
[13:29:10.502] [LeftTransferStation] Vacuum Error
[13:38:16.577] [RightTransferStation] Vacuum Error
[13:38:26.781] [RightTransferStation] Vacuum Error
[13:38:33.361] [RightTransferStation] Vacuum Error
[13:41:37.995] [RightTransferStation] Vacuum Error
[13:46:28.560] [RightTransferStation] Vacuum Error
[13:46:40.940] [RightTransferStation] Vacuum Error
[13:51:22.670] [RightPPStation] Load Buffer Set Exist
[13:51:46.080] [RightTransferStation] Vacuum Error
[14:37:37.367] [LeftTransferStation] Vacuum Error
[14:37:50.636] [LeftTransferStation] Vacuum Error
[14:38:41.846] [LeftTransferStation] Move Z Axis Error
[14:39:12.244] [LeftTransferStation] Move Z Axis Error
[14:40:01.656] [LeftTransferStation] Vacuum Error
[14:40:10.721] [LeftTransferStation] Vacuum Error
[14:40:53.466] [LeftTransferStation] Vacuum Error
[14:43:02.677] [LeftTransferStation] Vacuum Error
[14:45:24.754] [LeftTransferStation] Vacuum Error
[14:45:40.699] [LeftTransferStation] Vacuum Error
[14:56:36.511] [LeftPPStation] Load Buffer Set Exist
[14:56:45.999] [LeftPPStation] Load Buffer Set Exist
[14:56:50.317] [LeftPPStation] Load Buffer Set Exist
[14:56:52.203] [LeftPPStation] Load Buffer Set Exist
[14:57:08.119] [LeftPPStation] Load Buffer Set Exist
[14:57:29.688] [LeftTransferStation] Vacuum Error
[15:41:26.113] [LeftTransferStation] Vacuum Error
[15:58:48.508] [RightTransferStation] Vacuum Error
[15:59:44.741] [LeftTransferStation] Vacuum Error
[15:59:56.533] [LeftTransferStation] Vacuum Error
[17:03:19.039] [RightTransferStation] Vacuum Error
[17:45:57.839] [LeftTransferStation] Vacuum Error
[18:11:50.934] [LeftTransferStation] Vacuum Error
[18:12:46.716] [LeftTransferStation] Vacuum Error
[18:37:03.380] [LeftTransferStation] Vacuum Error
[20:58:25.732] [LeftTransferStation] Vacuum Error
[20:58:47.774] [LeftTransferStation] Vacuum Error
[20:59:55.700] [RightTransferStation] Vacuum Error
[21:14:42.198] [RightTransferStation] Vacuum Error
[21:14:50.312] [RightTransferStation] Vacuum Error
[21:15:15.760] [RightTransferStation] Vacuum Error
[21:16:30.540] [RightTransferStation] Vacuum Error
[21:16:48.157] [RightTransferStation] Vacuum Error
[21:16:53.119] [RightTransferStation] Vacuum Error
[21:18:04.051] [RightTransferStation] Vacuum Error
[21:18:10.800] [RightTransferStation] Vacuum Error
[21:18:14.192] [RightTransferStation] Vacuum Error
[21:18:21.444] [RightTransferStation] Vacuum Error
[21:18:24.830] [RightTransferStation] Vacuum Error
[21:18:28.162] [RightTransferStation] Vacuum Error
[21:18:31.533] [RightTransferStation] Vacuum Error
[21:18:35.686] [RightTransferStation] Vacuum Error
[21:21:21.263] [LeftTransferStation] Vacuum Error
[21:21:25.691] [LeftTransferStation] Vacuum Error
[21:25:07.906] [LeftTransferStation] Vacuum Error
[21:25:10.603] [LeftTransferStation] Vacuum Error
[21:25:35.499] [LeftTransferStation] Vacuum Error
[21:28:46.601] [RightTransferStation] Vacuum Error
[21:31:17.667] [LeftPPStation] Unload Cylinder Vacuum Error
[21:31:22.525] [LeftPPStation] Unload Cylinder Vacuum Error
[21:32:39.343] [RightTransferStation] Vacuum Error
[21:32:59.240] [RightTransferStation] Vacuum Error
[21:35:40.214] [RightTransferStation] Vacuum Error
[21:35:45.709] [RightTransferStation] Vacuum Error
[21:36:52.457] [RightTransferStation] Vacuum Error
[21:37:32.046] [RightTransferStation] Vacuum Error
[21:37:38.533] [RightTransferStation] Vacuum Error
[21:38:43.690] [RightTransferStation] Vacuum Error
[21:43:09.450] [RightTransferStation] Vacuum Error
[21:43:18.973] [RightTransferStation] Vacuum Error
[21:43:23.147] [RightTransferStation] Vacuum Error
[21:43:31.525] [RightTransferStation] Vacuum Error
[21:49:17.515] [RightTransferStation] Vacuum Error
[21:51:54.406] [RightTransferStation] Vacuum Error
[21:52:47.740] [RightTransferStation] Vacuum Error
[21:52:59.370] [RightTransferStation] Vacuum Error
[21:53:07.572] [RightTransferStation] Vacuum Error
[21:56:22.018] [RightTransferStation] Vacuum Error
[21:59:24.492] [RightTransferStation] Vacuum Error
[21:59:38.286] [RightTransferStation] Vacuum Error
[22:08:42.709] [RightTransferStation] Vacuum Error
[22:13:47.125] [RightTransferStation] Vacuum Error
[22:13:55.709] [RightTransferStation] Vacuum Error
[22:14:01.182] [RightTransferStation] Vacuum Error
[22:14:03.934] [RightTransferStation] Vacuum Error
[22:14:28.850] [RightTransferStation] Vacuum Error
[22:18:58.969] [RightTransferStation] Vacuum Error
[22:23:11.243] [RightTransferStation] Vacuum Error
[22:23:19.789] [RightTransferStation] Vacuum Error
[22:33:26.918] [RightTransferStation] Vacuum Error
[22:35:50.794] [RightTransferStation] Vacuum Error
[22:37:27.461] [RightTransferStation] Vacuum Error
[22:46:02.389] [RightTransferStation] Vacuum Error
[22:46:13.379] [RightTransferStation] Vacuum Error
[22:46:23.568] [RightTransferStation] Vacuum Error
[22:47:20.294] [RightTransferStation] Vacuum Error
[22:47:28.266] [RightPPStation] Load Buffer Set Exist
[22:54:59.549] [RightTransferStation] Vacuum Error
[22:57:36.106] [RightTransferStation] Vacuum Error
[22:57:43.009] [RightTransferStation] Vacuum Error
[22:57:47.987] [RightTransferStation] Vacuum Error
[22:58:01.230] [RightTransferStation] Vacuum Error
[22:58:26.282] [RightTransferStation] Vacuum Error
[22:58:43.350] [RightTransferStation] Vacuum Error
[22:59:07.041] [RightTransferStation] Vacuum Error
[22:59:34.552] [RightTransferStation] Vacuum Error
[23:00:25.183] [RightTransferStation] Vacuum Error
[23:00:44.385] [LeftPPStation] Load Cylinder Up Error
[23:00:47.933] [LeftPPStation] Load Cylinder Vacuum Error
[23:02:29.834] [LeftPPStation] Load Buffer Set Exist
[23:02:48.869] [LeftPPStation] Load Buffer Set Exist
[23:02:50.727] [LeftPPStation] Load Buffer Set Exist
[23:02:56.011] [LeftPPStation] Load Buffer Set Exist
[23:02:57.963] [LeftPPStation] Load Buffer Set Exist
[23:03:14.011] [LeftPPStation] Load Buffer Set Exist
[23:03:25.874] [LeftPPStation] Load Buffer Set Exist
[23:03:49.225] [LeftTransferStation] Vacuum Error
[23:04:24.182] [MainControlStation] Right Door Open
[23:04:41.574] [RightTransferStation] Vacuum Error
[23:04:53.275] [RightTransferStation] Vacuum Error
[23:08:12.588] [RightTransferStation] Vacuum Error
[23:12:36.988] [RightTransferStation] Vacuum Error
[23:15:52.068] [RightTransferStation] Vacuum Error
[23:25:42.601] [LeftTransferStation] Vacuum Error
[23:25:55.657] [LeftTransferStation] Vacuum Error
[23:26:36.586] [RightTransferStation] Vacuum Error
[23:31:04.611] [RightTransferStation] Vacuum Error
[23:32:08.844] [RightTransferStation] Vacuum Error
[23:32:25.288] [RightTransferStation] Vacuum Error
[23:43:30.125] [RightTransferStation] Vacuum Error
[23:43:41.272] [RightTransferStation] Vacuum Error
[23:45:39.687] [RightTransferStation] Vacuum Error
[23:46:02.841] [RightTransferStation] Vacuum Error
[23:46:10.477] [RightTransferStation] Vacuum Error
[23:46:19.020] [RightTransferStation] Vacuum Error
[23:46:27.422] [RightTransferStation] Vacuum Error
[23:46:38.896] [RightTransferStation] Vacuum Error
[23:50:43.132] [RightTransferStation] Vacuum Error
[23:53:34.396] [RightTransferStation] Vacuum Error
[23:53:44.672] [RightTransferStation] Vacuum Error
[23:54:33.322] [RightTransferStation] Vacuum Error
