[06:44:49.226] ---- [Flow] CT_START Set
[06:44:49.247] ---- [Event] AutoStop : CT_START
[06:44:49.247] [m_nState] Auto State
[06:44:50.164] ---- [Flow] CT_START Set
[06:59:56.373] ---- [Flow] CT_STOP Set
[06:59:56.395] ---- [Event] Auto : CT_STOP
[06:59:56.395] --------- [Monitor] StopTasks() : before m_stopped
[06:59:56.442] --------- [Monitor] StopTasks() : m_stopped
[06:59:56.442] [m_nState] AutoStop State
[07:05:40.782] ---- [Flow] CT_START Set
[07:05:40.804] ---- [Event] AutoStop : CT_START
[07:05:40.804] [m_nState] Auto State
[07:05:41.403] ---- [Flow] CT_START Set
[07:34:52.515] ---- [Flow] CT_START Set
[07:37:00.653] ---- [Flow] CT_STOP Set
[07:37:00.674] ---- [Event] Auto : CT_STOP
[07:37:00.674] --------- [Monitor] StopTasks() : before m_stopped
[07:37:00.683] --------- [Monitor] StopTasks() : m_stopped
[07:37:00.683] [m_nState] AutoStop State
[07:37:01.065] ---- [Flow] CT_STOP Set
[07:37:01.103] ---- [Flow] CT_STOP Set
[07:37:01.247] ---- [Flow] CT_STOP Set
[07:37:08.561] ---- [Flow] CT_START Set
[07:37:08.582] ---- [Event] AutoStop : CT_START
[07:37:08.582] [m_nState] Auto State
[07:37:09.474] ---- [Flow] CT_START Set
[07:43:47.307] ---- [Flow] CT_START Set
[07:43:54.607] ---- [Flow] CT_START Set
[07:44:07.846] ---- [Flow] CT_START Set
[08:27:38.684] ---- [Flow] CT_START Set
[08:27:57.476] ---- [Flow] CT_START Set
[08:27:57.584] ---- [Flow] CT_START Set
[08:28:13.745] ---- [Flow] CT_START Set
[08:28:24.680] ---- [Flow] CT_START Set
[08:51:19.257] ---- [Flow] CT_STOP Set
[08:51:19.280] ---- [Event] Auto : CT_STOP
[08:51:19.280] --------- [Monitor] StopTasks() : before m_stopped
[08:51:19.643] ---- [Flow] CT_STOP Set
[08:51:19.707] --------- [Monitor] StopTasks() : m_stopped
[08:51:19.707] [m_nState] AutoStop State
[08:51:19.807] ---- [Flow] CT_STOP Set
[08:51:19.848] ---- [Flow] CT_STOP Set
[08:51:25.530] ---- [Flow] CT_START Set
[08:51:25.551] ---- [Event] AutoStop : CT_START
[08:51:25.551] [m_nState] Auto State
[08:51:26.427] ---- [Flow] CT_START Set
[08:51:35.249] ---- [Flow] CT_START Set
[08:51:35.644] ---- [Flow] CT_START Set
[08:51:39.197] ---- [Flow] CT_START Set
[08:53:46.680] ---- [Flow] CT_START Set
[08:53:59.284] ---- [Flow] CT_START Set
[08:53:59.530] ---- [Flow] CT_START Set
[08:54:00.380] ---- [Flow] CT_START Set
[08:54:00.652] ---- [Flow] CT_START Set
[08:54:29.553] ---- [Flow] CT_START Set
[08:54:29.810] ---- [Flow] CT_START Set
[08:55:26.043] ---- [Flow] CT_START Set
[08:55:30.685] ---- [Flow] CT_START Set
[08:55:34.009] ---- [Flow] CT_START Set
[08:57:08.029] ---- [Flow] CT_START Set
[08:57:16.263] ---- [Flow] CT_START Set
[08:57:23.165] ---- [Flow] CT_START Set
[08:57:25.588] ---- [Flow] CT_START Set
[08:57:42.631] ---- [Flow] CT_START Set
[08:57:57.232] ---- [Flow] CT_START Set
[09:00:12.223] ---- [Flow] CT_START Set
[09:00:21.773] ---- [Flow] CT_START Set
[10:16:20.025] ---- [Flow] CT_START Set
[10:22:53.608] ---- [Flow] CT_START Set
[11:06:12.429] ---- [Flow] CT_START Set
[11:06:28.293] ---- [Flow] CT_START Set
[12:10:07.871] ---- [Flow] CT_START Set
[12:10:49.982] ---- [Flow] CT_START Set
[12:10:57.906] ---- [Flow] CT_START Set
[12:12:02.298] ---- [Flow] CT_START Set
[12:12:08.969] ---- [Flow] CT_START Set
[12:12:29.385] ---- [Flow] CT_START Set
[12:12:37.702] ---- [Flow] CT_START Set
[12:16:48.319] ---- [Flow] CT_START Set
[12:19:13.368] ---- [Flow] CT_START Set
[12:19:25.528] ---- [Flow] CT_START Set
[12:39:19.623] ---- [Flow] CT_START Set
[12:39:31.023] ---- [Flow] CT_START Set
[12:39:45.122] ---- [Flow] CT_START Set
[12:39:54.156] ---- [Flow] CT_START Set
[12:40:04.727] ---- [Flow] CT_START Set
[12:40:15.972] ---- [Flow] CT_START Set
[12:50:59.182] ---- [Flow] CT_START Set
[12:51:15.219] ---- [Flow] CT_START Set
[13:08:13.447] ---- [Flow] CT_START Set
[13:08:24.448] ---- [Flow] CT_START Set
[13:08:24.777] ---- [Flow] CT_START Set
[13:18:43.830] ---- [Flow] CT_START Set
[13:18:53.696] ---- [Flow] CT_START Set
[13:29:03.058] ---- [Flow] CT_START Set
[13:29:19.281] ---- [Flow] CT_START Set
[13:34:08.874] ---- [Flow] CT_START Set
[13:36:02.572] ---- [Flow] CT_START Set
[13:36:20.554] ---- [Flow] CT_START Set
[13:37:17.594] ---- [Flow] CT_START Set
[13:38:23.261] ---- [Flow] CT_START Set
[13:38:29.860] ---- [Flow] CT_START Set
[13:38:36.178] ---- [Flow] CT_START Set
[13:41:40.350] ---- [Flow] CT_START Set
[13:41:52.827] ---- [Flow] CT_START Set
[13:46:37.250] ---- [Flow] CT_START Set
[13:46:44.833] ---- [Flow] CT_START Set
[13:46:51.421] ---- [Flow] CT_START Set
[13:51:27.858] ---- [Flow] CT_START Set
[13:51:52.140] ---- [Flow] CT_START Set
[14:37:43.269] ---- [Flow] CT_START Set
[14:37:54.524] ---- [Flow] CT_START Set
[14:39:11.965] ---- [Flow] CT_START Set
[14:39:12.073] ---- [Flow] CT_START Set
[14:39:12.189] ---- [Flow] CT_START Set
[14:39:12.305] ---- [Flow] CT_START Set
[14:39:13.264] ---- [Flow] CT_START Set
[14:39:13.593] ---- [Flow] CT_START Set
[14:39:13.823] ---- [Flow] CT_START Set
[14:40:03.666] ---- [Flow] CT_START Set
[14:40:10.165] ---- [Flow] CT_START Set
[14:41:04.721] ---- [Flow] CT_START Set
[14:43:09.853] ---- [Flow] CT_START Set
[14:45:33.832] ---- [Flow] CT_START Set
[14:45:42.666] ---- [Flow] CT_START Set
[14:56:44.811] ---- [Flow] CT_START Set
[14:56:45.084] ---- [Flow] CT_START Set
[14:56:45.944] ---- [Flow] CT_START Set
[14:56:47.086] ---- [Flow] CT_START Set
[14:56:47.189] ---- [Flow] CT_START Set
[14:56:47.456] ---- [Flow] CT_START Set
[14:56:49.257] ---- [Flow] CT_START Set
[14:56:50.034] ---- [Flow] CT_START Set
[14:56:50.137] ---- [Flow] CT_START Set
[14:56:50.225] ---- [Flow] CT_START Set
[14:56:50.334] ---- [Flow] CT_START Set
[14:56:50.442] ---- [Flow] CT_START Set
[14:56:51.300] ---- [Flow] CT_START Set
[14:57:02.588] ---- [Flow] CT_START Set
[14:57:02.686] ---- [Flow] CT_START Set
[14:57:02.788] ---- [Flow] CT_START Set
[14:57:07.677] ---- [Flow] CT_START Set
[14:57:09.539] ---- [Flow] CT_START Set
[14:57:09.638] ---- [Flow] CT_START Set
[14:57:10.501] ---- [Flow] CT_START Set
[14:57:10.612] ---- [Flow] CT_START Set
[14:57:19.836] ---- [Flow] CT_START Set
[14:57:31.285] ---- [Flow] CT_START Set
[15:41:36.893] ---- [Flow] CT_START Set
[15:58:54.063] ---- [Flow] CT_START Set
[15:59:49.369] ---- [Flow] CT_START Set
[16:00:00.047] ---- [Flow] CT_START Set
[17:03:23.910] ---- [Flow] CT_START Set
[17:42:38.655] ---- [Flow] CT_STOP Set
[17:42:38.677] ---- [Event] Auto : CT_STOP
[17:42:38.677] --------- [Monitor] StopTasks() : before m_stopped
[17:42:38.748] --------- [Monitor] StopTasks() : m_stopped
[17:42:38.748] [m_nState] AutoStop State
[17:42:38.826] ---- [Flow] CT_STOP Set
[17:42:38.864] ---- [Flow] CT_STOP Set
[17:42:38.900] ---- [Flow] CT_STOP Set
[17:42:39.010] ---- [Flow] CT_STOP Set
[17:42:39.052] ---- [Flow] CT_STOP Set
[17:42:40.940] ---- [Flow] CT_START Set
[17:42:40.961] ---- [Event] AutoStop : CT_START
[17:42:40.961] [m_nState] Auto State
[17:42:41.997] ---- [Flow] CT_START Set
[17:46:01.416] ---- [Flow] CT_START Set
[18:12:40.022] ---- [Flow] CT_START Set
[18:13:02.111] ---- [Flow] CT_START Set
[18:37:09.800] ---- [Flow] CT_START Set
[18:52:24.300] ---- [Flow] CT_STOP Set
[18:52:24.322] ---- [Event] Auto : CT_STOP
[18:52:24.322] --------- [Monitor] StopTasks() : before m_stopped
[18:52:24.839] --------- [Monitor] StopTasks() : m_stopped
[18:52:24.839] [m_nState] AutoStop State
[18:52:46.203] ---- [Flow] CT_START Set
[18:52:46.225] ---- [Event] AutoStop : CT_START
[18:52:46.225] [m_nState] Auto State
[18:52:46.982] ---- [Flow] CT_START Set
[19:02:07.841] ---- [Flow] CT_STOP Set
[19:02:07.863] ---- [Event] Auto : CT_STOP
[19:02:07.863] --------- [Monitor] StopTasks() : before m_stopped
[19:02:08.392] --------- [Monitor] StopTasks() : m_stopped
[19:02:08.392] [m_nState] AutoStop State
[19:02:36.880] ---- [Flow] CT_START Set
[19:02:36.902] ---- [Event] AutoStop : CT_START
[19:02:36.902] [m_nState] Auto State
[19:02:39.826] ---- [Flow] CT_START Set
[19:11:13.312] ---- [Flow] CT_STOP Set
[19:11:13.333] ---- [Event] Auto : CT_STOP
[19:11:13.333] --------- [Monitor] StopTasks() : before m_stopped
[19:11:13.548] ---- [Flow] CT_STOP Set
[19:11:13.593] ---- [Flow] CT_STOP Set
[19:11:13.690] --------- [Monitor] StopTasks() : m_stopped
[19:11:13.690] [m_nState] AutoStop State
[19:11:13.724] ---- [Flow] CT_STOP Set
[19:11:13.763] ---- [Flow] CT_STOP Set
[19:11:13.913] ---- [Flow] CT_STOP Set
[19:11:22.668] ---- [Flow] CT_START Set
[19:11:22.690] ---- [Event] AutoStop : CT_START
[19:11:22.690] [m_nState] Auto State
[19:11:23.624] ---- [Flow] CT_START Set
[19:34:32.127] ---- [Flow] CT_STOP Set
[19:34:32.149] ---- [Event] Auto : CT_STOP
[19:34:32.149] --------- [Monitor] StopTasks() : before m_stopped
[19:34:32.163] --------- [Monitor] StopTasks() : m_stopped
[19:34:32.163] [m_nState] AutoStop State
[19:34:32.180] ---- [Flow] CT_STOP Set
[20:01:51.400] ---- [Flow] CT_START Set
[20:01:51.421] ---- [Event] AutoStop : CT_START
[20:01:51.421] [m_nState] Auto State
[20:01:53.055] ---- [Flow] CT_START Set
[20:08:45.611] ---- [Flow] CT_STOP Set
[20:08:45.633] ---- [Event] Auto : CT_STOP
[20:08:45.633] --------- [Monitor] StopTasks() : before m_stopped
[20:08:45.641] --------- [Monitor] StopTasks() : m_stopped
[20:08:45.641] [m_nState] AutoStop State
[20:08:45.781] ---- [Flow] CT_STOP Set
[20:08:45.817] ---- [Flow] CT_STOP Set
[20:08:45.852] ---- [Flow] CT_STOP Set
[20:58:17.094] ---- [Flow] CT_START Set
[20:58:17.115] ---- [Event] AutoStop : CT_START
[20:58:17.115] [m_nState] Auto State
[20:58:18.332] ---- [Flow] CT_START Set
[20:58:40.716] ---- [Flow] CT_START Set
[20:58:47.282] ---- [Flow] CT_START Set
[21:00:03.226] ---- [Flow] CT_START Set
[21:07:32.469] ---- [Flow] CT_START Set
[21:14:32.382] ---- [Flow] CT_START Set
[21:14:46.738] ---- [Flow] CT_START Set
[21:14:51.161] ---- [Flow] CT_START Set
[21:15:15.531] ---- [Flow] CT_START Set
[21:15:15.800] ---- [Flow] CT_START Set
[21:16:44.920] ---- [Flow] CT_START Set
[21:16:49.790] ---- [Flow] CT_START Set
[21:16:58.369] ---- [Flow] CT_START Set
[21:17:55.059] ---- [Flow] CT_START Set
[21:18:06.918] ---- [Flow] CT_START Set
[21:18:10.458] ---- [Flow] CT_START Set
[21:18:10.963] ---- [Flow] CT_START Set
[21:18:13.905] ---- [Flow] CT_START Set
[21:18:18.393] ---- [Flow] CT_START Set
[21:18:21.377] ---- [Flow] CT_START Set
[21:18:24.386] ---- [Flow] CT_START Set
[21:18:28.431] ---- [Flow] CT_START Set
[21:18:31.359] ---- [Flow] CT_START Set
[21:18:33.257] ---- [Flow] CT_START Set
[21:18:41.824] ---- [Flow] CT_START Set
[21:18:47.933] ---- [Flow] CT_START Set
[21:19:03.765] ---- [Flow] CT_START Set
[21:19:27.302] ---- [Flow] CT_START Set
[21:20:10.278] ---- [Flow] CT_START Set
[21:21:22.756] ---- [Flow] CT_START Set
[21:21:25.430] ---- [Flow] CT_START Set
[21:21:30.081] ---- [Flow] CT_START Set
[21:25:07.907] ---- [Flow] CT_START Set
[21:25:10.615] ---- [Flow] CT_START Set
[21:25:24.752] ---- [Flow] CT_START Set
[21:25:36.064] ---- [Flow] CT_START Set
[21:28:46.832] ---- [Flow] CT_START Set
[21:28:56.048] ---- [Flow] CT_START Set
[21:31:19.352] ---- [Flow] CT_START Set
[21:31:22.813] ---- [Flow] CT_START Set
[21:32:40.243] ---- [Flow] CT_START Set
[21:32:47.889] ---- [Flow] CT_START Set
[21:33:06.239] ---- [Flow] CT_START Set
[21:34:13.399] ---- [Flow] CT_START Set
[21:35:42.343] ---- [Flow] CT_START Set
[21:35:51.014] ---- [Flow] CT_START Set
[21:36:56.016] ---- [Flow] CT_START Set
[21:37:35.094] ---- [Flow] CT_START Set
[21:38:02.142] ---- [Flow] CT_START Set
[21:38:55.629] ---- [Flow] CT_START Set
[21:39:44.505] ---- [Flow] CT_START Set
[21:43:14.773] ---- [Flow] CT_START Set
[21:43:19.649] ---- [Flow] CT_START Set
[21:43:22.487] ---- [Flow] CT_START Set
[21:43:25.156] ---- [Flow] CT_START Set
[21:43:31.083] ---- [Flow] CT_START Set
[21:43:31.419] ---- [Flow] CT_START Set
[21:46:52.642] ---- [Flow] CT_START Set
[21:49:26.051] ---- [Flow] CT_START Set
[21:52:00.501] ---- [Flow] CT_START Set
[21:52:56.104] ---- [Flow] CT_START Set
[21:53:04.333] ---- [Flow] CT_START Set
[21:53:14.507] ---- [Flow] CT_START Set
[21:56:27.340] ---- [Flow] CT_START Set
[21:59:34.962] ---- [Flow] CT_START Set
[21:59:42.281] ---- [Flow] CT_START Set
[22:08:48.612] ---- [Flow] CT_START Set
[22:13:52.448] ---- [Flow] CT_START Set
[22:13:57.926] ---- [Flow] CT_START Set
[22:14:00.854] ---- [Flow] CT_START Set
[22:14:07.346] ---- [Flow] CT_START Set
[22:14:33.243] ---- [Flow] CT_START Set
[22:14:39.666] ---- [Flow] CT_START Set
[22:19:15.338] ---- [Flow] CT_START Set
[22:19:40.931] ---- [Flow] CT_START Set
[22:23:16.524] ---- [Flow] CT_START Set
[22:23:27.553] ---- [Flow] CT_START Set
[22:33:27.643] ---- [Flow] CT_START Set
[22:33:38.880] ---- [Flow] CT_START Set
[22:33:49.621] ---- [Flow] CT_START Set
[22:35:57.136] ---- [Flow] CT_START Set
[22:37:30.840] ---- [Flow] CT_START Set
[22:38:08.687] ---- [Flow] CT_START Set
[22:46:10.114] ---- [Flow] CT_START Set
[22:46:20.289] ---- [Flow] CT_START Set
[22:46:38.154] ---- [Flow] CT_START Set
[22:47:24.990] ---- [Flow] CT_START Set
[22:47:36.386] ---- [Flow] CT_START Set
[22:55:01.496] ---- [Flow] CT_START Set
[22:57:39.651] ---- [Flow] CT_START Set
[22:57:44.611] ---- [Flow] CT_START Set
[22:57:57.610] ---- [Flow] CT_START Set
[22:58:08.947] ---- [Flow] CT_START Set
[22:58:40.102] ---- [Flow] CT_START Set
[22:59:13.368] ---- [Flow] CT_START Set
[22:59:59.868] ---- [Flow] CT_START Set
[23:00:45.089] ---- [Flow] CT_START Set
[23:00:48.130] ---- [Flow] CT_START Set
[23:02:22.222] ---- [Flow] CT_START Set
[23:02:34.029] ---- [Flow] CT_START Set
[23:02:34.137] ---- [Flow] CT_START Set
[23:02:35.118] ---- [Flow] CT_START Set
[23:02:35.279] ---- [Flow] CT_START Set
[23:02:35.368] ---- [Flow] CT_START Set
[23:02:35.579] ---- [Flow] CT_START Set
[23:02:44.919] ---- [Flow] CT_START Set
[23:02:44.966] ---- [Flow] CT_START Set
[23:02:45.067] ---- [Flow] CT_START Set
[23:02:45.114] ---- [Flow] CT_START Set
[23:02:45.261] ---- [Flow] CT_START Set
[23:02:45.304] ---- [Flow] CT_START Set
[23:02:45.342] ---- [Flow] CT_START Set
[23:02:45.776] ---- [Flow] CT_START Set
[23:02:48.305] ---- [Flow] CT_START Set
[23:02:49.759] ---- [Flow] CT_START Set
[23:02:55.744] ---- [Flow] CT_START Set
[23:02:56.460] ---- [Flow] CT_START Set
[23:02:57.306] ---- [Flow] CT_START Set
[23:02:58.212] ---- [Flow] CT_START Set
[23:03:11.386] ---- [Flow] CT_START Set
[23:03:11.497] ---- [Flow] CT_START Set
[23:03:12.376] ---- [Flow] CT_START Set
[23:03:13.724] ---- [Flow] CT_START Set
[23:03:13.844] ---- [Flow] CT_START Set
[23:03:24.906] ---- [Flow] CT_START Set
[23:03:27.252] ---- [Flow] CT_START Set
[23:03:27.361] ---- [Flow] CT_START Set
[23:03:28.128] ---- [Flow] CT_START Set
[23:03:30.734] ---- [Flow] CT_START Set
[23:03:30.836] ---- [Flow] CT_START Set
[23:03:38.071] ---- [Flow] CT_START Set
[23:03:46.892] ---- [Flow] CT_START Set
[23:03:50.184] ---- [Flow] CT_START Set
[23:04:23.460] ---- [Flow] CT_START Set
[23:04:24.189] ---- [Flow] CT_START Set
[23:04:46.053] ---- [Flow] CT_START Set
[23:04:53.613] ---- [Flow] CT_START Set
[23:08:13.080] ---- [Flow] CT_START Set
[23:08:26.370] ---- [Flow] CT_START Set
[23:12:45.763] ---- [Flow] CT_START Set
[23:16:22.379] ---- [Flow] CT_START Set
[23:17:58.485] ---- [Flow] CT_START Set
[23:21:01.497] ---- [Flow] CT_START Set
[23:25:48.446] ---- [Flow] CT_START Set
[23:25:56.830] ---- [Flow] CT_START Set
[23:26:42.132] ---- [Flow] CT_START Set
[23:31:10.486] ---- [Flow] CT_START Set
[23:31:19.421] ---- [Flow] CT_START Set
[23:32:12.629] ---- [Flow] CT_START Set
[23:32:26.011] ---- [Flow] CT_START Set
[23:43:38.509] ---- [Flow] CT_START Set
[23:43:46.476] ---- [Flow] CT_START Set
[23:45:45.342] ---- [Flow] CT_START Set
[23:46:07.183] ---- [Flow] CT_START Set
[23:46:15.733] ---- [Flow] CT_START Set
[23:46:24.157] ---- [Flow] CT_START Set
[23:46:35.712] ---- [Flow] CT_START Set
[23:46:51.041] ---- [Flow] CT_START Set
[23:50:49.837] ---- [Flow] CT_START Set
[23:53:41.439] ---- [Flow] CT_START Set
[23:53:44.261] ---- [Flow] CT_START Set
[23:54:39.989] ---- [Flow] CT_START Set
