[03:42:22.241] [MainControlStation] Right Door Open
[04:00:13.351] [RightTransferStation] Vacuum Error
[04:07:26.908] [RightTransferStation] Vacuum Error
[04:07:53.291] [RightTransferStation] Vacuum Error
[04:57:52.786] [LeftTransferStation] Set Double Place
[05:53:54.396] [RightPPStation] Load Cylinder Up Error
[05:54:05.349] [RightPPStation] Load Cylinder Up Error
[05:56:49.146] [LeftTransferStation] Vacuum Error
[06:07:21.920] [LeftPPStation] Unload Cylinder Up Error
[06:11:52.832] [LeftPPStation] Unload Cylinder Up Error
[06:12:00.886] [LeftPPStation] Unload Cylinder Up Error
[06:12:08.201] [LeftPPStation] Unload Cylinder Up Error
[06:12:13.331] [LeftPPStation] Unload Cylinder Vacuum Error
[06:15:54.418] [LeftPPStation] Unload Cylinder Up Error
[06:16:41.197] [LeftPPStation] Unload Cylinder Up Error
[06:17:10.731] [LeftPPStation] Unload Cylinder Up Error
[06:17:19.880] [LeftPPStation] Unload Cylinder Up Error
[06:17:23.124] [LeftPPStation] Unload Cylinder Vacuum Error
[07:47:27.863] [LeftTransferStation] Vacuum Error
[07:47:56.224] [LeftTransferStation] Vacuum Error
[09:39:16.258] [LeftPPStation] Unload Cylinder Up Error
[09:42:41.041] [LeftPPStation] Unload Cylinder Up Error
[12:01:41.562] [RightPPStation] Unload Buffer Set Not Exist
[12:24:12.054] [RightPPStation] Load Cylinder Vacuum Error
[13:14:14.507] [LeftPPStation] Unload Cylinder Up Error
[14:41:18.101] [LeftPPStation] Unload Cylinder Up Error
[14:41:28.840] [LeftPPStation] Unload Cylinder Up Error
[14:46:09.627] [LeftPPStation] Unload Cylinder Up Error
[16:18:53.583] [RightPPStation] Load Cylinder Vacuum Error
[19:55:40.822] [LeftPPStation] Unload Cylinder Up Error
[23:27:46.078] [RightTransferStation] Move Z Axis Error
[23:27:49.193] [RightTransferStation] Move Z Axis Error
[23:28:15.456] [RightTransferStation] Move Z Axis Error
