[00:05:57.838] ---- [Flow] CT_START Set
[00:05:57.860] ---- [Event] AutoStop : CT_START
[00:05:57.860] [m_nState] Auto State
[00:05:58.698] ---- [Flow] CT_START Set
[00:07:39.249] ---- [Flow] CT_START Set
[00:07:39.752] ---- [Flow] CT_START Set
[02:20:12.254] ---- [Flow] CT_START Set
[02:20:13.861] ---- [Flow] CT_START Set
[02:20:15.843] ---- [Flow] CT_START Set
[02:20:32.492] ---- [Flow] CT_STOP Set
[02:20:32.513] ---- [Event] Auto : CT_STOP
[02:20:32.513] --------- [Monitor] StopTasks() : before m_stopped
[02:20:32.530] --------- [Monitor] StopTasks() : m_stopped
[02:20:32.531] [m_nState] AutoStop State
[02:21:04.976] ---- [Flow] CT_ABORT Set
[02:21:05.027] [m_nState] Init State
[02:21:05.054] ---- [Monitor] Init : m_idle
[02:21:05.076] ---- [Event] Init : CT_IDLE
[02:21:05.076] [m_nState] Idle State
[06:37:55.613] ---- [Flow] CT_START Set
[06:37:55.634] ---- [Event] Idle : CT_START
[06:37:55.634] [m_nState] Auto State
[06:39:08.850] ---- [Flow] CT_STOP Set
[06:40:30.383] [m_nState] Init State
[06:40:30.394] ---- [Monitor] Init : m_idle
[06:40:30.416] ---- [Event] Init : CT_IDLE
[06:40:30.416] [m_nState] Idle State
[06:40:41.833] ---- [Flow] CT_START Set
[06:40:41.854] ---- [Event] Idle : CT_START
[06:40:41.854] [m_nState] Auto State
[06:40:43.048] ---- [Flow] CT_START Set
[06:41:21.051] ---- [Flow] CT_STOP Set
[06:41:21.073] ---- [Event] Auto : CT_STOP
[06:41:21.073] --------- [Monitor] StopTasks() : before m_stopped
[06:41:21.147] --------- [Monitor] StopTasks() : m_stopped
[06:41:21.147] [m_nState] AutoStop State
[06:41:21.248] ---- [Flow] CT_STOP Set
[06:56:34.630] ---- [Flow] CT_START Set
[06:56:34.652] ---- [Event] AutoStop : CT_START
[06:56:34.652] [m_nState] Auto State
[06:56:35.675] ---- [Flow] CT_START Set
[08:28:37.651] ---- [Flow] CT_START Set
[08:28:38.162] ---- [Flow] CT_START Set
[08:28:38.430] ---- [Flow] CT_START Set
[08:41:09.360] ---- [Flow] CT_START Set
[08:41:09.789] ---- [Flow] CT_START Set
[09:22:01.079] ---- [Flow] CT_START Set
[09:22:01.660] ---- [Flow] CT_START Set
[09:22:02.075] ---- [Flow] CT_START Set
[09:22:18.488] ---- [Flow] CT_START Set
[09:22:19.113] ---- [Flow] CT_START Set
[09:22:19.710] ---- [Flow] CT_START Set
[09:28:49.817] ---- [Flow] CT_STOP Set
[09:28:49.838] ---- [Event] Auto : CT_STOP
[09:28:49.838] --------- [Monitor] StopTasks() : before m_stopped
[09:28:49.877] ---- [Flow] CT_STOP Set
[09:28:50.369] --------- [Monitor] StopTasks() : m_stopped
[09:28:50.369] [m_nState] AutoStop State
[09:28:52.188] ---- [Flow] CT_STOP Set
[09:28:53.564] ---- [Flow] CT_START Set
[09:28:53.585] ---- [Event] AutoStop : CT_START
[09:28:53.585] [m_nState] Auto State
[09:28:55.627] ---- [Flow] CT_STOP Set
[09:28:55.649] ---- [Event] Auto : CT_STOP
[09:28:55.649] --------- [Monitor] StopTasks() : before m_stopped
[09:28:55.696] ---- [Flow] CT_STOP Set
[09:28:55.736] ---- [Flow] CT_STOP Set
[09:28:55.741] --------- [Monitor] StopTasks() : m_stopped
[09:28:55.741] [m_nState] AutoStop State
[09:28:55.777] ---- [Flow] CT_STOP Set
[09:35:18.041] ---- [Flow] CT_START Set
[09:35:18.062] ---- [Event] AutoStop : CT_START
[09:35:18.062] [m_nState] Auto State
[09:35:18.902] ---- [Flow] CT_START Set
[09:35:33.448] ---- [Flow] CT_STOP Set
[09:35:33.469] ---- [Event] Auto : CT_STOP
[09:35:33.469] --------- [Monitor] StopTasks() : before m_stopped
[09:35:34.125] --------- [Monitor] StopTasks() : m_stopped
[09:35:34.125] [m_nState] AutoStop State
[09:36:01.293] ---- [Flow] CT_START Set
[09:36:01.315] ---- [Event] AutoStop : CT_START
[09:36:01.315] [m_nState] Auto State
[09:36:02.065] ---- [Flow] CT_START Set
[09:36:14.323] ---- [Flow] CT_STOP Set
[09:36:14.345] ---- [Event] Auto : CT_STOP
[09:36:14.345] --------- [Monitor] StopTasks() : before m_stopped
[09:36:15.260] --------- [Monitor] StopTasks() : m_stopped
[09:36:15.261] [m_nState] AutoStop State
[09:36:37.937] ---- [Flow] CT_START Set
[09:36:37.959] ---- [Event] AutoStop : CT_START
[09:36:37.959] [m_nState] Auto State
[09:36:38.608] ---- [Flow] CT_START Set
[09:42:44.473] ---- [Flow] CT_START Set
[09:42:45.014] ---- [Flow] CT_START Set
[10:20:01.660] ---- [Flow] CT_START Set
[10:20:02.091] ---- [Flow] CT_START Set
[10:20:02.500] ---- [Flow] CT_START Set
[10:26:05.520] ---- [Flow] CT_START Set
[10:26:06.193] ---- [Flow] CT_START Set
[10:26:06.520] ---- [Flow] CT_START Set
[11:04:50.508] ---- [Flow] CT_STOP Set
[11:04:50.530] ---- [Event] Auto : CT_STOP
[11:04:50.530] --------- [Monitor] StopTasks() : before m_stopped
[11:04:50.550] ---- [Flow] CT_STOP Set
[11:04:50.554] --------- [Monitor] StopTasks() : m_stopped
[11:04:50.554] [m_nState] AutoStop State
[11:04:50.582] ---- [Flow] CT_STOP Set
[11:04:50.614] ---- [Flow] CT_STOP Set
[11:04:50.645] ---- [Flow] CT_STOP Set
[11:04:50.676] ---- [Flow] CT_STOP Set
[11:04:50.708] ---- [Flow] CT_STOP Set
[11:04:50.739] ---- [Flow] CT_STOP Set
[11:04:51.845] ---- [Flow] CT_STOP Set
[11:04:51.877] ---- [Flow] CT_STOP Set
[11:04:51.909] ---- [Flow] CT_STOP Set
[11:04:51.940] ---- [Flow] CT_STOP Set
[11:04:53.113] ---- [Flow] CT_STOP Set
[11:04:53.145] ---- [Flow] CT_STOP Set
[11:04:53.177] ---- [Flow] CT_STOP Set
[11:04:53.209] ---- [Flow] CT_STOP Set
[11:04:56.311] ---- [Flow] CT_START Set
[11:04:56.333] ---- [Event] AutoStop : CT_START
[11:04:56.333] [m_nState] Auto State
[11:04:56.959] ---- [Flow] CT_STOP Set
[11:04:56.982] ---- [Event] Auto : CT_STOP
[11:04:56.982] --------- [Monitor] StopTasks() : before m_stopped
[11:04:57.475] ---- [Flow] CT_STOP Set
[11:04:57.521] ---- [Flow] CT_STOP Set
[11:04:57.562] ---- [Flow] CT_STOP Set
[11:04:57.604] ---- [Flow] CT_STOP Set
[11:04:57.934] ---- [Flow] CT_START Set
[11:04:58.023] --------- [Monitor] StopTasks() : m_stopped
[11:04:58.023] [m_nState] AutoStop State
[11:04:58.491] ---- [Flow] CT_STOP Set
[11:04:58.964] ---- [Flow] CT_STOP Set
[11:04:59.015] ---- [Flow] CT_STOP Set
[11:04:59.126] ---- [Flow] CT_STOP Set
[11:04:59.563] ---- [Flow] CT_STOP Set
[11:04:59.597] ---- [Flow] CT_STOP Set
[11:05:26.071] ---- [Flow] CT_START Set
[11:05:26.092] ---- [Event] AutoStop : CT_START
[11:05:26.092] [m_nState] Auto State
[11:05:41.849] ---- [Flow] CT_START Set
[11:10:29.857] ---- [Flow] CT_START Set
[11:10:30.409] ---- [Flow] CT_START Set
[11:10:32.095] ---- [Flow] CT_START Set
[11:31:11.228] ---- [Flow] CT_START Set
[11:31:11.763] ---- [Flow] CT_START Set
[11:31:12.301] ---- [Flow] CT_START Set
[11:48:27.182] ---- [Flow] CT_STOP Set
[11:48:27.205] ---- [Event] Auto : CT_STOP
[11:48:27.205] --------- [Monitor] StopTasks() : before m_stopped
[11:48:28.268] --------- [Monitor] StopTasks() : m_stopped
[11:48:28.269] [m_nState] AutoStop State
[12:23:13.249] ---- [Flow] CT_START Set
[12:23:13.270] ---- [Event] AutoStop : CT_START
[12:23:13.270] [m_nState] Auto State
[12:23:13.773] ---- [Flow] CT_START Set
[13:02:15.319] ---- [Flow] CT_START Set
[13:02:15.980] ---- [Flow] CT_START Set
[13:02:16.299] ---- [Flow] CT_START Set
[13:08:07.792] ---- [Flow] CT_START Set
[13:08:08.533] ---- [Flow] CT_START Set
[13:08:09.845] ---- [Flow] CT_START Set
[13:11:31.066] ---- [Flow] CT_START Set
[13:11:31.678] ---- [Flow] CT_START Set
[13:11:32.076] ---- [Flow] CT_START Set
[13:59:09.844] ---- [Flow] CT_START Set
[13:59:10.290] ---- [Flow] CT_START Set
[13:59:10.979] ---- [Flow] CT_START Set
[14:28:45.414] ---- [Flow] CT_STOP Set
[14:28:45.435] ---- [Event] Auto : CT_STOP
[14:28:45.435] --------- [Monitor] StopTasks() : before m_stopped
[14:28:46.009] --------- [Monitor] StopTasks() : m_stopped
[14:28:46.009] [m_nState] AutoStop State
[14:28:48.540] ---- [Flow] CT_START Set
[14:28:48.561] ---- [Event] AutoStop : CT_START
[14:28:48.561] [m_nState] Auto State
[14:28:50.816] ---- [Flow] CT_STOP Set
[14:28:50.837] ---- [Event] Auto : CT_STOP
[14:28:50.837] --------- [Monitor] StopTasks() : before m_stopped
[14:28:51.347] --------- [Monitor] StopTasks() : m_stopped
[14:28:51.347] [m_nState] AutoStop State
[14:35:30.243] ---- [Flow] CT_START Set
[14:35:30.264] ---- [Event] AutoStop : CT_START
[14:35:30.264] [m_nState] Auto State
[14:35:30.906] ---- [Flow] CT_START Set
[14:36:37.290] ---- [Flow] CT_START Set
[14:36:41.930] ---- [Flow] CT_START Set
[14:42:41.940] ---- [Flow] CT_START Set
[14:42:42.675] ---- [Flow] CT_START Set
[14:42:43.037] ---- [Flow] CT_START Set
[14:58:27.686] ---- [Flow] CT_START Set
[14:58:28.036] ---- [Flow] CT_START Set
[14:58:32.273] ---- [Flow] CT_START Set
[14:58:46.513] ---- [Flow] CT_START Set
[14:58:47.264] ---- [Flow] CT_START Set
[14:58:47.870] ---- [Flow] CT_START Set
[15:03:56.357] ---- [Flow] CT_START Set
[15:03:56.851] ---- [Flow] CT_START Set
[15:03:57.721] ---- [Flow] CT_START Set
[15:20:16.592] ---- [Flow] CT_START Set
[15:20:17.157] ---- [Flow] CT_START Set
[15:20:17.654] ---- [Flow] CT_START Set
[15:35:05.769] ---- [Flow] CT_START Set
[15:35:06.291] ---- [Flow] CT_START Set
[15:35:06.604] ---- [Flow] CT_START Set
[15:43:32.853] ---- [Flow] CT_START Set
[15:43:33.308] ---- [Flow] CT_START Set
[15:43:33.560] ---- [Flow] CT_START Set
[15:57:02.965] ---- [Flow] CT_START Set
[15:57:50.323] ---- [Flow] CT_START Set
[15:57:50.667] ---- [Flow] CT_START Set
[16:02:13.605] ---- [Flow] CT_START Set
[16:02:13.684] ---- [Flow] CT_START Set
[16:02:15.645] ---- [Flow] CT_START Set
[16:04:31.836] ---- [Flow] CT_START Set
[16:04:57.366] ---- [Flow] CT_STOP Set
[16:04:57.387] ---- [Event] Auto : CT_STOP
[16:04:57.387] --------- [Monitor] StopTasks() : before m_stopped
[16:04:57.470] --------- [Monitor] StopTasks() : m_stopped
[16:04:57.470] [m_nState] AutoStop State
