[08:48:08.940] ---- [Flow] CT_START Set
[08:48:08.962] ---- [Event] AutoStop : CT_START
[08:48:08.962] [m_nState] Auto State
[08:48:09.596] ---- [Flow] CT_START Set
[08:51:15.349] ---- [Flow] CT_START Set
[09:31:37.297] ---- [Flow] CT_START Set
[09:36:09.205] ---- [Flow] CT_STOP Set
[09:36:09.228] ---- [Event] Auto : CT_STOP
[09:36:09.228] --------- [Monitor] StopTasks() : before m_stopped
[09:36:09.228] --------- [Monitor] StopTasks() : m_stopped
[09:36:09.228] [m_nState] AutoStop State
[09:36:09.237] ---- [Flow] CT_STOP Set
[09:36:09.269] ---- [Flow] CT_STOP Set
[09:36:09.300] ---- [Flow] CT_STOP Set
[09:36:09.332] ---- [Flow] CT_STOP Set
[09:36:09.363] ---- [Flow] CT_STOP Set
[09:36:09.395] ---- [Flow] CT_STOP Set
[09:36:09.426] ---- [Flow] CT_STOP Set
[09:36:10.631] ---- [Flow] CT_START Set
[09:36:10.652] ---- [Event] AutoStop : CT_START
[09:36:10.652] [m_nState] Auto State
[09:36:13.327] ---- [Flow] CT_START Set
[09:51:52.337] ---- [Flow] CT_START Set
[09:52:40.829] ---- [Flow] CT_START Set
[09:52:48.380] ---- [Flow] CT_START Set
[09:55:16.972] ---- [Flow] CT_START Set
[09:55:25.437] ---- [Flow] CT_START Set
[10:09:04.174] ---- [Flow] CT_START Set
[10:19:17.926] ---- [Flow] CT_START Set
[10:52:46.150] ---- [Flow] CT_START Set
[11:10:52.562] ---- [Flow] CT_START Set
[11:10:55.360] ---- [Flow] CT_START Set
[11:26:28.757] ---- [Flow] CT_START Set
[11:26:29.121] ---- [Flow] CT_START Set
[11:26:29.826] ---- [Flow] CT_START Set
[11:30:05.849] ---- [Flow] CT_STOP Set
[11:30:05.870] ---- [Event] Auto : CT_STOP
[11:30:05.870] --------- [Monitor] StopTasks() : before m_stopped
[11:30:05.909] --------- [Monitor] StopTasks() : m_stopped
[11:30:05.909] [m_nState] AutoStop State
[11:39:16.754] ---- [Flow] CT_START Set
[11:39:16.775] ---- [Event] AutoStop : CT_START
[11:39:16.775] [m_nState] Auto State
[11:39:17.740] ---- [Flow] CT_START Set
[12:01:52.655] ---- [Flow] CT_START Set
[12:46:40.737] ---- [Flow] CT_START Set
[12:46:41.584] ---- [Flow] CT_START Set
[12:51:35.544] ---- [Flow] CT_START Set
[13:02:29.188] ---- [Flow] CT_START Set
[13:02:49.963] ---- [Flow] CT_START Set
[13:02:50.080] ---- [Flow] CT_START Set
[13:02:50.964] ---- [Flow] CT_START Set
[13:02:51.092] ---- [Flow] CT_START Set
[13:04:59.816] ---- [Flow] CT_START Set
[13:05:01.506] ---- [Flow] CT_START Set
[13:05:01.783] ---- [Flow] CT_START Set
[13:44:59.298] ---- [Flow] CT_STOP Set
[13:44:59.319] ---- [Event] Auto : CT_STOP
[13:44:59.319] --------- [Monitor] StopTasks() : before m_stopped
[13:44:59.362] --------- [Monitor] StopTasks() : m_stopped
[13:44:59.362] [m_nState] AutoStop State
[13:44:59.404] ---- [Flow] CT_STOP Set
[13:44:59.438] ---- [Flow] CT_STOP Set
[13:44:59.470] ---- [Flow] CT_STOP Set
[14:25:33.880] ---- [Flow] CT_START Set
[14:25:33.901] ---- [Event] AutoStop : CT_START
[14:25:33.901] [m_nState] Auto State
[14:25:34.691] ---- [Flow] CT_START Set
[14:30:32.248] ---- [Flow] CT_STOP Set
[14:30:32.270] ---- [Event] Auto : CT_STOP
[14:30:32.270] --------- [Monitor] StopTasks() : before m_stopped
[14:30:32.328] --------- [Monitor] StopTasks() : m_stopped
[14:30:32.328] [m_nState] AutoStop State
[14:30:38.664] ---- [Flow] CT_START Set
[14:30:38.687] ---- [Event] AutoStop : CT_START
[14:30:38.687] [m_nState] Auto State
[14:30:39.112] ---- [Flow] CT_START Set
[14:31:56.870] ---- [Flow] CT_START Set
[14:34:11.927] ---- [Flow] CT_START Set
[14:36:06.937] ---- [Flow] CT_START Set
[14:43:23.665] ---- [Flow] CT_START Set
[14:53:25.606] ---- [Flow] CT_START Set
[14:53:25.866] ---- [Flow] CT_START Set
[15:09:53.140] ---- [Flow] CT_START Set
[15:10:13.174] ---- [Flow] CT_START Set
[15:10:36.742] ---- [Flow] CT_START Set
[15:45:52.765] ---- [Flow] CT_START Set
[16:19:59.462] ---- [Flow] CT_STOP Set
[16:19:59.483] ---- [Event] Auto : CT_STOP
[16:19:59.483] --------- [Monitor] StopTasks() : before m_stopped
[16:19:59.591] ---- [Flow] CT_STOP Set
[16:19:59.637] --------- [Monitor] StopTasks() : m_stopped
[16:19:59.637] [m_nState] AutoStop State
[16:19:59.719] ---- [Flow] CT_STOP Set
[16:19:59.755] ---- [Flow] CT_STOP Set
[16:28:59.873] ---- [Flow] CT_START Set
[16:28:59.895] ---- [Event] AutoStop : CT_START
[16:28:59.895] [m_nState] Auto State
[16:29:00.816] ---- [Flow] CT_START Set
[17:01:37.753] ---- [Flow] CT_START Set
[17:06:45.521] ---- [Flow] CT_START Set
[17:47:10.600] ---- [Flow] CT_STOP Set
[17:47:10.621] ---- [Event] Auto : CT_STOP
[17:47:10.621] --------- [Monitor] StopTasks() : before m_stopped
[17:47:10.624] ---- [Flow] CT_STOP Set
[17:47:10.682] --------- [Monitor] StopTasks() : m_stopped
[17:47:10.682] [m_nState] AutoStop State
[17:47:19.211] ---- [Flow] CT_START Set
[17:47:19.232] ---- [Event] AutoStop : CT_START
[17:47:19.232] [m_nState] Auto State
[17:47:20.949] ---- [Flow] CT_START Set
[18:53:44.245] ---- [Flow] CT_START Set
[18:55:24.151] ---- [Flow] CT_START Set
[19:00:12.169] ---- [Flow] CT_STOP Set
[19:00:12.190] ---- [Event] Auto : CT_STOP
[19:00:12.190] --------- [Monitor] StopTasks() : before m_stopped
[19:00:12.401] ---- [Flow] CT_STOP Set
[19:00:14.173] --------- [Monitor] StopTasks() : m_stopped
[19:00:14.173] [m_nState] AutoStop State
[19:19:58.245] ---- [Flow] CT_START Set
[19:19:58.267] ---- [Event] AutoStop : CT_START
[19:19:58.267] [m_nState] Auto State
[19:21:12.198] ---- [Flow] CT_START Set
[19:58:06.865] ---- [Flow] CT_START Set
[19:58:07.177] ---- [Flow] CT_START Set
[20:18:27.393] ---- [Flow] CT_STOP Set
[20:18:27.414] ---- [Event] Auto : CT_STOP
[20:18:27.414] --------- [Monitor] StopTasks() : before m_stopped
[20:18:27.492] --------- [Monitor] StopTasks() : m_stopped
[20:18:27.493] [m_nState] AutoStop State
[20:18:27.510] ---- [Flow] CT_STOP Set
[20:18:27.542] ---- [Flow] CT_STOP Set
[20:18:27.584] ---- [Flow] CT_STOP Set
[20:18:27.625] ---- [Flow] CT_STOP Set
[20:25:13.331] ---- [Flow] CT_STOP Set
[20:41:58.303] ---- [Flow] CT_START Set
[20:41:58.324] ---- [Event] AutoStop : CT_START
[20:41:58.324] [m_nState] Auto State
[20:41:59.154] ---- [Flow] CT_START Set
[20:48:27.640] ---- [Flow] CT_START Set
[20:48:46.168] ---- [Flow] CT_START Set
[20:53:31.142] ---- [Flow] CT_STOP Set
[20:53:31.163] ---- [Event] Auto : CT_STOP
[20:53:31.163] --------- [Monitor] StopTasks() : before m_stopped
[20:53:31.210] --------- [Monitor] StopTasks() : m_stopped
[20:53:31.210] [m_nState] AutoStop State
[20:57:28.210] ---- [Flow] CT_START Set
[20:57:28.231] ---- [Event] AutoStop : CT_START
[20:57:28.231] [m_nState] Auto State
[20:57:31.026] ---- [Flow] CT_START Set
[21:33:17.331] ---- [Flow] CT_START Set
[22:17:17.973] ---- [Flow] CT_START Set
[22:20:44.147] ---- [Flow] CT_START Set
[22:23:09.660] ---- [Flow] CT_START Set
[22:23:10.868] ---- [Flow] CT_START Set
[22:44:27.987] ---- [Flow] CT_START Set
[22:44:31.564] ---- [Flow] CT_START Set
[22:47:17.916] ---- [Flow] CT_START Set
[23:20:05.096] ---- [Flow] CT_STOP Set
[23:20:05.117] ---- [Event] Auto : CT_STOP
[23:20:05.117] --------- [Monitor] StopTasks() : before m_stopped
[23:20:05.134] --------- [Monitor] StopTasks() : m_stopped
[23:20:05.134] [m_nState] AutoStop State
[23:28:46.750] ---- [Flow] CT_START Set
[23:28:46.771] ---- [Event] AutoStop : CT_START
[23:28:46.771] [m_nState] Auto State
[23:28:47.186] ---- [Flow] CT_START Set
