[00:28:19.187] ---- [Flow] CT_START Set
[00:28:19.208] ---- [Event] AutoStop : CT_START
[00:28:19.208] [m_nState] Auto State
[00:28:22.767] ---- [Flow] CT_STOP Set
[00:28:22.788] ---- [Event] Auto : CT_STOP
[00:28:22.788] --------- [Monitor] StopTasks() : before m_stopped
[00:28:23.210] --------- [Monitor] StopTasks() : m_stopped
[00:28:23.211] [m_nState] AutoStop State
[00:28:30.276] ---- [Flow] CT_START Set
[00:28:30.298] ---- [Event] AutoStop : CT_START
[00:28:30.298] [m_nState] Auto State
[00:29:01.220] ---- [Flow] CT_START Set
[00:29:03.753] ---- [Flow] CT_STOP Set
[00:29:03.774] ---- [Event] Auto : CT_STOP
[00:29:03.774] --------- [Monitor] StopTasks() : before m_stopped
[00:29:03.878] --------- [Monitor] StopTasks() : m_stopped
[00:29:03.878] [m_nState] AutoStop State
[00:29:10.543] ---- [Flow] CT_START Set
[00:29:10.564] ---- [Event] AutoStop : CT_START
[00:29:10.564] [m_nState] Auto State
[00:31:54.666] ---- [Flow] CT_STOP Set
[00:31:54.687] ---- [Event] Auto : CT_STOP
[00:31:54.687] --------- [Monitor] StopTasks() : before m_stopped
[00:31:54.742] --------- [Monitor] StopTasks() : m_stopped
[00:31:54.743] [m_nState] AutoStop State
[00:31:54.771] ---- [Flow] CT_STOP Set
[00:38:28.876] ---- [Flow] CT_START Set
[00:38:28.897] ---- [Event] AutoStop : CT_START
[00:38:28.897] [m_nState] Auto State
[00:39:18.715] ---- [Flow] CT_STOP Set
[00:39:18.736] ---- [Event] Auto : CT_STOP
[00:39:18.736] --------- [Monitor] StopTasks() : before m_stopped
[00:39:18.823] --------- [Monitor] StopTasks() : m_stopped
[00:39:18.823] [m_nState] AutoStop State
[00:39:19.134] ---- [Flow] CT_START Set
[00:39:19.155] ---- [Event] AutoStop : CT_START
[00:39:19.155] [m_nState] Auto State
[00:39:42.653] ---- [Flow] CT_STOP Set
[00:39:42.675] ---- [Event] Auto : CT_STOP
[00:39:42.675] --------- [Monitor] StopTasks() : before m_stopped
[00:39:42.675] --------- [Monitor] StopTasks() : m_stopped
[00:39:42.675] [m_nState] AutoStop State
[00:39:42.688] ---- [Flow] CT_STOP Set
[00:39:42.722] ---- [Flow] CT_STOP Set
[00:39:42.813] ---- [Flow] CT_STOP Set
[01:06:34.941] ---- [Flow] CT_START Set
[01:06:34.963] ---- [Event] AutoStop : CT_START
[01:06:34.963] [m_nState] Auto State
[01:22:03.322] ---- [Flow] CT_STOP Set
[01:22:03.344] ---- [Event] Auto : CT_STOP
[01:22:03.344] --------- [Monitor] StopTasks() : before m_stopped
[01:22:03.415] --------- [Monitor] StopTasks() : m_stopped
[01:22:03.415] [m_nState] AutoStop State
[01:26:53.479] ---- [Flow] CT_START Set
[01:26:53.500] ---- [Event] AutoStop : CT_START
[01:26:53.500] [m_nState] Auto State
[01:35:12.446] ---- [Flow] CT_STOP Set
[01:35:12.468] ---- [Event] Auto : CT_STOP
[01:35:12.468] --------- [Monitor] StopTasks() : before m_stopped
[01:35:12.529] --------- [Monitor] StopTasks() : m_stopped
[01:35:12.529] [m_nState] AutoStop State
[01:35:34.749] ---- [Flow] CT_START Set
[01:35:34.771] ---- [Event] AutoStop : CT_START
[01:35:34.771] [m_nState] Auto State
[01:46:23.661] ---- [Flow] CT_STOP Set
[01:46:23.683] ---- [Event] Auto : CT_STOP
[01:46:23.683] --------- [Monitor] StopTasks() : before m_stopped
[01:46:23.686] --------- [Monitor] StopTasks() : m_stopped
[01:46:23.686] [m_nState] AutoStop State
[01:46:23.698] ---- [Flow] CT_STOP Set
[01:46:23.729] ---- [Flow] CT_STOP Set
[01:57:44.700] ---- [Flow] CT_START Set
[01:57:44.722] ---- [Event] AutoStop : CT_START
[01:57:44.722] [m_nState] Auto State
[02:15:27.255] ---- [Flow] CT_STOP Set
[02:15:27.276] ---- [Event] Auto : CT_STOP
[02:15:27.276] --------- [Monitor] StopTasks() : before m_stopped
[02:15:27.288] --------- [Monitor] StopTasks() : m_stopped
[02:15:27.288] [m_nState] AutoStop State
[02:32:15.263] ---- [Flow] CT_START Set
[02:32:15.284] ---- [Event] AutoStop : CT_START
[02:32:15.284] [m_nState] Auto State
[02:42:56.799] ---- [Flow] CT_START Set
[02:50:00.526] ---- [Flow] CT_STOP Set
[02:50:00.548] ---- [Event] Auto : CT_STOP
[02:50:00.548] --------- [Monitor] StopTasks() : before m_stopped
[02:50:00.548] --------- [Monitor] StopTasks() : m_stopped
[02:50:00.548] [m_nState] AutoStop State
[03:32:32.708] ---- [Flow] CT_START Set
[03:32:32.729] ---- [Event] AutoStop : CT_START
[03:32:32.729] [m_nState] Auto State
[03:40:04.288] ---- [Flow] CT_START Set
[03:40:58.048] ---- [Flow] CT_START Set
[03:58:58.736] ---- [Flow] CT_STOP Set
[03:58:58.759] ---- [Event] Auto : CT_STOP
[03:58:58.759] --------- [Monitor] StopTasks() : before m_stopped
[03:58:59.062] --------- [Monitor] StopTasks() : m_stopped
[03:58:59.062] [m_nState] AutoStop State
[03:59:13.914] ---- [Flow] CT_START Set
[03:59:13.936] ---- [Event] AutoStop : CT_START
[03:59:13.936] [m_nState] Auto State
[04:00:16.915] ---- [Flow] CT_STOP Set
[04:00:16.937] ---- [Event] Auto : CT_STOP
[04:00:16.937] --------- [Monitor] StopTasks() : before m_stopped
[04:00:16.980] ---- [Flow] CT_STOP Set
[04:00:17.042] ---- [Flow] CT_STOP Set
[04:00:17.354] --------- [Monitor] StopTasks() : m_stopped
[04:00:17.354] [m_nState] AutoStop State
[04:00:39.095] ---- [Flow] CT_START Set
[04:00:39.116] ---- [Event] AutoStop : CT_START
[04:00:39.116] [m_nState] Auto State
[04:01:01.929] ---- [Flow] CT_START Set
[04:01:10.415] ---- [Flow] CT_START Set
[04:01:46.482] ---- [Flow] CT_START Set
[04:01:54.260] ---- [Flow] CT_START Set
[04:06:28.050] ---- [Flow] CT_START Set
[04:06:35.531] ---- [Flow] CT_START Set
[04:08:12.828] ---- [Flow] CT_START Set
[04:08:20.673] ---- [Flow] CT_START Set
[04:10:18.064] ---- [Flow] CT_STOP Set
[04:10:18.086] ---- [Event] Auto : CT_STOP
[04:10:18.086] --------- [Monitor] StopTasks() : before m_stopped
[04:10:18.684] --------- [Monitor] StopTasks() : m_stopped
[04:10:18.685] [m_nState] AutoStop State
[04:10:32.916] ---- [Flow] CT_START Set
[04:10:32.937] ---- [Event] AutoStop : CT_START
[04:10:32.937] [m_nState] Auto State
[04:17:06.291] ---- [Flow] CT_START Set
[04:17:14.066] ---- [Flow] CT_START Set
[04:29:43.488] ---- [Flow] CT_STOP Set
[04:29:43.510] ---- [Event] Auto : CT_STOP
[04:29:43.510] --------- [Monitor] StopTasks() : before m_stopped
[04:29:43.627] --------- [Monitor] StopTasks() : m_stopped
[04:29:43.628] [m_nState] AutoStop State
[05:46:32.591] ---- [Flow] CT_ABORT Set
[05:46:32.642] [m_nState] Init State
[05:46:32.677] ---- [Monitor] Init : m_idle
[05:46:32.698] ---- [Event] Init : CT_IDLE
[05:46:32.698] [m_nState] Idle State
