[00:05:03.892] ---- [Flow] CT_START Set
[00:05:04.410] ---- [Flow] CT_START Set
[00:05:04.669] ---- [Flow] CT_START Set
[00:05:04.996] ---- [Flow] CT_START Set
[00:05:06.074] ---- [Flow] CT_START Set
[00:05:07.306] ---- [Flow] CT_START Set
[00:05:07.588] ---- [Flow] CT_START Set
[00:05:08.886] ---- [Flow] CT_START Set
[00:05:09.648] ---- [Flow] CT_START Set
[00:05:09.933] ---- [Flow] CT_START Set
[00:05:15.686] ---- [Flow] CT_START Set
[00:13:08.666] ---- [Flow] CT_START Set
[00:13:09.473] ---- [Flow] CT_START Set
[00:13:10.150] ---- [Flow] CT_START Set
[00:13:11.085] ---- [Flow] CT_START Set
[00:13:12.388] ---- [Flow] CT_START Set
[00:13:13.230] ---- [Flow] CT_START Set
[00:13:13.537] ---- [Flow] CT_START Set
[00:13:14.709] ---- [Flow] CT_START Set
[00:13:15.828] ---- [Flow] CT_START Set
[00:13:16.162] ---- [Flow] CT_START Set
[00:13:17.326] ---- [Flow] CT_START Set
[00:13:17.733] ---- [Flow] CT_START Set
[00:29:57.359] ---- [Flow] CT_START Set
[00:29:57.880] ---- [Flow] CT_START Set
[00:29:58.177] ---- [Flow] CT_START Set
[00:29:58.548] ---- [Flow] CT_START Set
[00:29:59.518] ---- [Flow] CT_START Set
[00:30:00.636] ---- [Flow] CT_START Set
[00:30:00.916] ---- [Flow] CT_START Set
[00:30:02.011] ---- [Flow] CT_START Set
[00:30:03.319] ---- [Flow] CT_START Set
[00:30:03.575] ---- [Flow] CT_START Set
[00:30:04.444] ---- [Flow] CT_START Set
[00:30:05.444] ---- [Flow] CT_START Set
[00:30:05.798] ---- [Flow] CT_START Set
[00:30:06.754] ---- [Flow] CT_START Set
[00:30:08.369] ---- [Flow] CT_START Set
[00:30:08.880] ---- [Flow] CT_START Set
[00:30:09.184] ---- [Flow] CT_START Set
[00:48:10.083] ---- [Flow] CT_START Set
[00:48:11.245] ---- [Flow] CT_START Set
[00:48:12.280] ---- [Flow] CT_START Set
[00:48:12.588] ---- [Flow] CT_START Set
[00:48:13.439] ---- [Flow] CT_START Set
[00:48:14.965] ---- [Flow] CT_START Set
[00:48:16.034] ---- [Flow] CT_START Set
[00:48:20.102] ---- [Flow] CT_START Set
[01:10:06.444] ---- [Flow] CT_STOP Set
[01:10:06.466] ---- [Event] Auto : CT_STOP
[01:10:06.467] --------- [Monitor] StopTasks() : before m_stopped
[01:10:06.954] --------- [Monitor] StopTasks() : m_stopped
[01:10:06.956] [m_nState] AutoStop State
[01:18:30.232] ---- [Flow] CT_START Set
[01:18:30.254] ---- [Event] AutoStop : CT_START
[01:18:30.255] [m_nState] Auto State
[01:18:30.717] ---- [Flow] CT_START Set
[01:24:31.079] ---- [Flow] CT_START Set
[01:24:31.750] ---- [Flow] CT_START Set
[01:24:31.985] ---- [Flow] CT_START Set
[01:24:32.609] ---- [Flow] CT_START Set
[01:24:32.990] ---- [Flow] CT_START Set
[01:24:33.790] ---- [Flow] CT_START Set
[01:24:34.063] ---- [Flow] CT_START Set
[01:24:35.306] ---- [Flow] CT_START Set
[01:24:36.515] ---- [Flow] CT_START Set
[01:24:36.799] ---- [Flow] CT_START Set
[01:24:37.137] ---- [Flow] CT_START Set
[01:24:39.395] ---- [Flow] CT_START Set
[01:32:04.724] ---- [Flow] CT_START Set
[01:32:05.087] ---- [Flow] CT_START Set
[01:32:05.979] ---- [Flow] CT_START Set
[01:32:07.167] ---- [Flow] CT_START Set
[01:32:08.576] ---- [Flow] CT_START Set
[01:38:35.337] ---- [Flow] CT_START Set
[01:38:35.949] ---- [Flow] CT_START Set
[01:38:36.248] ---- [Flow] CT_START Set
[01:38:36.519] ---- [Flow] CT_START Set
[01:38:37.410] ---- [Flow] CT_START Set
[01:38:39.504] ---- [Flow] CT_START Set
[01:38:39.934] ---- [Flow] CT_START Set
[01:38:41.660] ---- [Flow] CT_START Set
[01:38:42.166] ---- [Flow] CT_START Set
[01:38:42.474] ---- [Flow] CT_START Set
[01:38:43.593] ---- [Flow] CT_START Set
[01:38:44.438] ---- [Flow] CT_START Set
[01:38:45.095] ---- [Flow] CT_START Set
[01:38:46.341] ---- [Flow] CT_START Set
[01:38:46.672] ---- [Flow] CT_START Set
[01:45:31.233] ---- [Flow] CT_START Set
[01:45:31.770] ---- [Flow] CT_START Set
[01:45:32.088] ---- [Flow] CT_START Set
[01:45:32.401] ---- [Flow] CT_START Set
[01:45:33.163] ---- [Flow] CT_START Set
[01:45:34.073] ---- [Flow] CT_START Set
[01:45:34.934] ---- [Flow] CT_START Set
[01:45:35.556] ---- [Flow] CT_START Set
[01:45:36.748] ---- [Flow] CT_START Set
[01:45:38.375] ---- [Flow] CT_START Set
[01:45:40.976] ---- [Flow] CT_START Set
[01:45:43.545] ---- [Flow] CT_START Set
[02:00:15.753] ---- [Flow] CT_START Set
[02:00:16.395] ---- [Flow] CT_START Set
[02:06:49.529] ---- [Flow] CT_START Set
[02:06:50.408] ---- [Flow] CT_START Set
[02:06:51.285] ---- [Flow] CT_START Set
[02:06:52.200] ---- [Flow] CT_START Set
[02:06:53.341] ---- [Flow] CT_START Set
[02:06:53.708] ---- [Flow] CT_START Set
[02:06:54.491] ---- [Flow] CT_START Set
[02:06:55.582] ---- [Flow] CT_START Set
[02:06:55.922] ---- [Flow] CT_START Set
[02:06:56.989] ---- [Flow] CT_START Set
[02:06:58.359] ---- [Flow] CT_START Set
[02:07:01.081] ---- [Flow] CT_START Set
[02:14:24.657] ---- [Flow] CT_START Set
[02:14:25.511] ---- [Flow] CT_START Set
[02:14:26.406] ---- [Flow] CT_START Set
[02:14:26.967] ---- [Flow] CT_START Set
[02:14:28.269] ---- [Flow] CT_START Set
[02:14:28.653] ---- [Flow] CT_START Set
[02:14:29.361] ---- [Flow] CT_START Set
[02:14:30.532] ---- [Flow] CT_START Set
[02:14:33.698] ---- [Flow] CT_START Set
[02:30:08.895] ---- [Flow] CT_STOP Set
[02:30:08.917] ---- [Event] Auto : CT_STOP
[02:30:08.918] --------- [Monitor] StopTasks() : before m_stopped
[02:30:09.033] ---- [Flow] CT_STOP Set
[02:30:09.123] --------- [Monitor] StopTasks() : m_stopped
[02:30:09.124] [m_nState] AutoStop State
[03:13:17.322] ---- [Flow] CT_START Set
[03:13:17.344] ---- [Event] AutoStop : CT_START
[03:13:17.345] [m_nState] Auto State
[03:13:18.833] ---- [Flow] CT_START Set
[03:14:58.251] ---- [Flow] CT_STOP Set
[03:14:58.274] ---- [Event] Auto : CT_STOP
[03:14:58.275] --------- [Monitor] StopTasks() : before m_stopped
[03:14:58.371] --------- [Monitor] StopTasks() : m_stopped
[03:14:58.373] [m_nState] AutoStop State
[03:15:53.751] ---- [Flow] CT_START Set
[03:15:53.774] ---- [Event] AutoStop : CT_START
[03:15:53.775] [m_nState] Auto State
[03:15:55.442] ---- [Flow] CT_START Set
[03:26:50.791] ---- [Flow] CT_START Set
[03:26:51.534] ---- [Flow] CT_START Set
[03:26:51.785] ---- [Flow] CT_START Set
[03:26:52.090] ---- [Flow] CT_START Set
[03:26:52.827] ---- [Flow] CT_START Set
[03:26:54.126] ---- [Flow] CT_START Set
[03:26:54.639] ---- [Flow] CT_START Set
[03:26:54.875] ---- [Flow] CT_START Set
[03:26:55.134] ---- [Flow] CT_START Set
[03:26:55.957] ---- [Flow] CT_START Set
[03:26:56.851] ---- [Flow] CT_START Set
[03:26:57.160] ---- [Flow] CT_START Set
[03:27:00.659] ---- [Flow] CT_START Set
[03:27:01.458] ---- [Flow] CT_START Set
[03:27:04.278] ---- [Flow] CT_START Set
[03:45:41.106] ---- [Flow] CT_START Set
[03:45:41.993] ---- [Flow] CT_START Set
[03:45:42.286] ---- [Flow] CT_START Set
[03:45:43.284] ---- [Flow] CT_START Set
[03:45:44.234] ---- [Flow] CT_START Set
[03:45:44.998] ---- [Flow] CT_START Set
[03:45:46.250] ---- [Flow] CT_START Set
[03:45:47.016] ---- [Flow] CT_START Set
[03:45:47.351] ---- [Flow] CT_START Set
[03:45:48.148] ---- [Flow] CT_START Set
[03:45:49.024] ---- [Flow] CT_START Set
[03:45:52.162] ---- [Flow] CT_START Set
[03:52:17.304] ---- [Flow] CT_START Set
[03:52:17.756] ---- [Flow] CT_START Set
[03:52:18.474] ---- [Flow] CT_START Set
[03:52:20.325] ---- [Flow] CT_START Set
[03:52:20.616] ---- [Flow] CT_START Set
[03:52:21.787] ---- [Flow] CT_START Set
[03:52:23.085] ---- [Flow] CT_START Set
[03:52:23.360] ---- [Flow] CT_START Set
[03:52:24.289] ---- [Flow] CT_START Set
[03:52:27.167] ---- [Flow] CT_START Set
[04:00:10.779] ---- [Flow] CT_START Set
[04:00:11.382] ---- [Flow] CT_START Set
[04:00:12.109] ---- [Flow] CT_START Set
[04:00:13.110] ---- [Flow] CT_START Set
[04:00:14.407] ---- [Flow] CT_START Set
[04:00:16.092] ---- [Flow] CT_START Set
[04:00:16.816] ---- [Flow] CT_START Set
[04:00:17.120] ---- [Flow] CT_START Set
[04:00:17.366] ---- [Flow] CT_START Set
[04:19:51.415] ---- [Flow] CT_STOP Set
[04:19:51.437] ---- [Event] Auto : CT_STOP
[04:19:51.438] --------- [Monitor] StopTasks() : before m_stopped
[04:19:51.489] --------- [Monitor] StopTasks() : m_stopped
[04:19:51.490] [m_nState] AutoStop State
