[00:13:55.602] [MainControlStation] Left Door Open
[00:18:14.522] [LeftTransferStation] Vacuum Error
[00:18:26.099] [LeftTransferStation] Vacuum Error
[03:15:11.209] [LeftTransferStation] Vacuum Error
[03:16:21.681] [LeftTransferStation] Vacuum Error
[04:43:50.871] [LeftPPStation] Load Cylinder Up Error
[04:43:58.558] [LeftPPStation] Load Cylinder Up Error
[04:44:05.474] [LeftPPStation] Load Cylinder Up Error
[04:44:17.016] [LeftPPStation] Load Cylinder Up Error
[04:44:28.648] [LeftPPStation] Load Cylinder Up Error
[04:44:42.097] [LeftPPStation] Load Cylinder Up Error
[04:44:55.096] [LeftPPStation] Load Cylinder Up Error
[04:45:00.847] [LeftPPStation] Load Cylinder Up Error
[08:28:48.436] [LeftTransferStation] Vacuum Error
[08:31:41.272] [LeftTransferStation] Vacuum Error
[09:07:56.006] [RightTransferStation] Move XY Axis Error
[09:08:39.715] [RightTransferStation] Move XY Axis Error
[09:46:08.194] [LeftPPStation] Load Cylinder Up Error
[09:46:10.625] [LeftPPStation] Load Cylinder Vacuum Error
[10:24:47.149] [MainControlStation] Left Door Open
[11:05:05.960] [MainControlStation] Left Door Open
[11:05:57.204] [LeftTransferStation] Vacuum Error
[11:06:07.121] [LeftTransferStation] Vacuum Error
[11:21:43.606] [LeftTransferStation] Vacuum Error
[11:22:08.820] [LeftTransferStation] Vacuum Error
[11:22:12.742] [LeftTransferStation] Vacuum Error
[17:00:36.007] [LeftTransferStation] Vacuum Error
[17:01:29.902] [LeftTransferStation] Vacuum Error
