[00:13:58.415] ---- [Flow] CT_START Set
[00:14:31.154] ---- [Flow] CT_START Set
[00:18:18.793] ---- [Flow] CT_START Set
[00:19:06.841] ---- [Flow] CT_START Set
[02:48:01.266] ---- [Flow] CT_START Set
[03:16:14.811] ---- [Flow] CT_START Set
[03:16:26.347] ---- [Flow] CT_START Set
[04:43:53.219] ---- [Flow] CT_START Set
[04:44:00.136] ---- [Flow] CT_START Set
[04:44:11.662] ---- [Flow] CT_START Set
[04:44:23.348] ---- [Flow] CT_START Set
[04:44:36.957] ---- [Flow] CT_START Set
[04:44:50.011] ---- [Flow] CT_START Set
[04:44:55.373] ---- [Flow] CT_START Set
[04:45:02.933] ---- [Flow] CT_START Set
[06:16:59.735] ---- [Flow] CT_STOP Set
[06:16:59.758] ---- [Event] Auto : CT_STOP
[06:16:59.759] --------- [Monitor] StopTasks() : before m_stopped
[06:16:59.787] --------- [Monitor] StopTasks() : m_stopped
[06:16:59.788] [m_nState] AutoStop State
[06:17:59.535] ---- [Flow] CT_START Set
[06:17:59.558] ---- [Event] AutoStop : CT_START
[06:17:59.558] [m_nState] Auto State
[06:18:00.274] ---- [Flow] CT_START Set
[06:20:27.351] ---- [Flow] CT_STOP Set
[06:20:27.374] ---- [Event] Auto : CT_STOP
[06:20:27.375] --------- [Monitor] StopTasks() : before m_stopped
[06:20:27.388] --------- [Monitor] StopTasks() : m_stopped
[06:20:27.389] [m_nState] AutoStop State
[06:20:27.454] ---- [Flow] CT_STOP Set
[06:20:27.633] ---- [Flow] CT_STOP Set
[07:00:27.671] ---- [Flow] CT_START Set
[07:00:27.693] ---- [Event] AutoStop : CT_START
[07:00:27.694] [m_nState] Auto State
[07:00:28.505] ---- [Flow] CT_START Set
[08:31:34.096] ---- [Flow] CT_START Set
[08:31:43.380] ---- [Flow] CT_START Set
[09:08:38.265] ---- [Flow] CT_START Set
[09:08:38.644] ---- [Flow] CT_START Set
[09:11:29.892] ---- [Flow] CT_START Set
[09:45:58.105] ---- [Flow] CT_START Set
[09:46:09.849] ---- [Flow] CT_START Set
[09:46:11.334] ---- [Flow] CT_START Set
[10:18:27.661] ---- [Flow] CT_START Set
[10:20:02.060] ---- [Flow] CT_START Set
[10:20:33.427] ---- [Flow] CT_START Set
[10:21:09.989] ---- [Flow] CT_START Set
[10:24:46.102] ---- [Flow] CT_START Set
[10:25:26.081] ---- [Flow] CT_START Set
[10:41:28.309] ---- [Flow] CT_START Set
[10:46:04.918] ---- [Flow] CT_START Set
[10:54:12.896] ---- [Flow] CT_START Set
[11:05:41.374] ---- [Flow] CT_START Set
[11:05:59.829] ---- [Flow] CT_START Set
[11:06:08.899] ---- [Flow] CT_START Set
[11:21:47.438] ---- [Flow] CT_START Set
[11:22:09.097] ---- [Flow] CT_START Set
[11:22:16.516] ---- [Flow] CT_START Set
[12:37:30.666] ---- [Flow] CT_START Set
[13:45:25.891] ---- [Flow] CT_START Set
[15:05:29.871] ---- [Flow] CT_START Set
[15:09:31.534] ---- [Flow] CT_START Set
[15:25:07.954] ---- [Flow] CT_START Set
[15:29:36.978] ---- [Flow] CT_START Set
[15:31:11.038] ---- [Flow] CT_START Set
[15:34:10.298] ---- [Flow] CT_START Set
[17:01:22.533] ---- [Flow] CT_START Set
[17:01:33.238] ---- [Flow] CT_START Set
[17:50:34.612] ---- [Flow] CT_START Set
[17:57:24.579] ---- [Flow] CT_STOP Set
[17:57:24.601] ---- [Event] Auto : CT_STOP
[17:57:24.602] --------- [Monitor] StopTasks() : before m_stopped
[17:57:24.685] ---- [Flow] CT_STOP Set
[17:57:24.924] --------- [Monitor] StopTasks() : m_stopped
[17:57:24.925] [m_nState] AutoStop State
[17:57:38.502] ---- [Flow] CT_START Set
[17:57:38.524] ---- [Event] AutoStop : CT_START
[17:57:38.525] [m_nState] Auto State
[17:57:39.131] ---- [Flow] CT_START Set
[18:20:48.298] ---- [Flow] CT_START Set
[18:25:15.825] ---- [Flow] CT_START Set
[18:48:51.998] ---- [Flow] CT_START Set
[19:13:36.639] ---- [Flow] CT_START Set
[19:13:59.353] ---- [Flow] CT_START Set
[19:19:08.951] ---- [Flow] CT_STOP Set
[19:19:08.974] ---- [Event] Auto : CT_STOP
[19:19:08.974] --------- [Monitor] StopTasks() : before m_stopped
[19:19:09.063] --------- [Monitor] StopTasks() : m_stopped
[19:19:09.064] [m_nState] AutoStop State
[21:56:14.490] ---- [Flow] CT_START Set
[21:56:14.514] ---- [Event] AutoStop : CT_START
[21:56:14.515] [m_nState] Auto State
[21:56:15.368] ---- [Flow] CT_START Set
