[03:04:08.448] [LeftTransferStation] Vacuum Error
[03:06:04.253] [LeftTransferStation] Vacuum Error
[03:07:07.564] [LeftTransferStation] Vacuum Error
[04:07:30.005] [LeftPPStation] Unload Cylinder Vacuum Error
[04:07:40.439] [LeftPPStation] Unload Cylinder Vacuum Error
[04:07:48.410] [LeftPPStation] Unload Cylinder Vacuum Error
[04:11:14.542] [LeftTransferStation] Vacuum Error
[04:11:26.073] [LeftTransferStation] Vacuum Error
[04:28:03.070] [RightPPStation] Unload Cylinder Vacuum Error
[04:40:56.700] [LeftTransferStation] Vacuum Error
[04:41:07.576] [LeftTransferStation] Vacuum Error
[04:44:52.375] [RightPPStation] Unload Cylinder Vacuum Error
[04:45:05.949] [RightPPStation] Unload Cylinder Vacuum Error
[05:45:48.063] [RightPPStation] Load Cylinder Vacuum Error
[06:09:30.052] [LeftTransferStation] Vacuum Error
[06:12:32.792] [LeftTransferStation] Vacuum Error
[06:14:12.833] [LeftTransferStation] Vacuum Error
[06:14:22.502] [LeftTransferStation] Vacuum Error
[07:34:34.310] [LeftTransferStation] Vacuum Error
[07:34:52.842] [RightTransferStation] Vacuum Error
[07:39:14.357] [LeftTransferStation] Vacuum Error
[08:58:11.516] [RightTransferStation] Move XY Axis Error
[08:58:24.116] [RightTransferStation] Move XY Axis Error
[08:58:51.384] [RightTransferStation] Move XY Axis Error
[09:09:49.338] [RightTransferStation] Vacuum Error
[09:13:51.702] [LeftTransferStation] Vacuum Error
[09:14:15.094] [LeftTransferStation] Vacuum Error
[09:22:48.066] [RightPPStation] Load Cylinder Vacuum Error
[09:37:50.220] [RightTransferStation] Move XY Axis Error
[09:38:22.393] [RightTransferStation] Move XY Axis Error
[09:39:49.716] [LeftTransferStation] Move Z Axis Error
[09:40:21.157] [LeftTransferStation] Move Z Axis Error
[09:41:09.582] [LeftTransferStation] Vacuum Error
[12:56:58.939] [RightTransferStation] Move XY Axis Error
[12:58:43.726] [RightTransferStation] Move XY Axis Error
[13:18:56.632] [RightPPStation] Load Cylinder Vacuum Error
[14:22:59.042] [RightTransferStation] Vacuum Error
[14:57:25.168] [RightTransferStation] Vacuum Error
[16:59:45.499] [LeftPPStation] Load Cylinder Vacuum Error
[17:08:13.320] [RightPPStation] Load Cylinder Up Error
[17:08:29.882] [RightPPStation] Load Cylinder Vacuum Error
[17:27:47.613] [RightPPStation] Unload Cylinder Vacuum Error
[17:28:01.598] [RightPPStation] Unload Cylinder Vacuum Error
[17:28:07.332] [RightPPStation] Unload Cylinder Vacuum Error
[17:28:13.504] [RightPPStation] Unload Cylinder Vacuum Error
[17:28:24.862] [RightPPStation] Unload Cylinder Vacuum Error
[19:29:55.928] [MainControlStation] E-Stop Pressed
[22:30:42.670] [RightPPStation] Load Cylinder Up Error
[22:47:49.782] [LeftPPStation] Unload Cylinder Vacuum Error
[22:52:41.958] [RightTransferStation] Vacuum Error
[23:15:46.557] [RightTransferStation] Vacuum Error
[23:15:52.398] [RightTransferStation] Vacuum Error
[23:21:23.735] [RightTransferStation] Vacuum Error
[23:26:38.114] [LeftTransferStation] Vacuum Error
[23:26:45.756] [LeftTransferStation] Move Z Axis Error
[23:26:59.146] [LeftPPStation] Unload Cylinder Vacuum Error
[23:27:15.547] [LeftTransferStation] Move Z Axis Error
[23:27:19.581] [LeftTransferStation] Set Double Place
[23:36:07.987] [RightTransferStation] Vacuum Error
[23:36:12.608] [RightTransferStation] Vacuum Error
[23:36:27.817] [RightTransferStation] Move Z Axis Error
[23:36:30.070] [RightTransferStation] Move Z Axis Error
[23:36:47.338] [RightTransferStation] Move Z Axis Error
[23:53:57.942] [LeftPPStation] Load Cylinder Vacuum Error
[23:56:14.433] [RightTransferStation] Vacuum Error
