[03:02:24.194] ---- [Flow] CT_START Set
[03:02:24.217] ---- [Event] AutoStop : CT_START
[03:02:24.218] [m_nState] Auto State
[03:03:01.791] ---- [Flow] CT_START Set
[03:04:31.485] ---- [Flow] CT_START Set
[03:05:13.035] ---- [Flow] CT_START Set
[03:07:00.303] ---- [Flow] CT_START Set
[03:07:11.452] ---- [Flow] CT_START Set
[03:59:20.626] ---- [Flow] CT_START Set
[04:07:34.706] ---- [Flow] CT_START Set
[04:07:42.886] ---- [Flow] CT_START Set
[04:08:34.749] ---- [Flow] CT_START Set
[04:11:18.472] ---- [Flow] CT_START Set
[04:11:43.457] ---- [Flow] CT_START Set
[04:28:07.045] ---- [Flow] CT_START Set
[04:37:30.535] ---- [Flow] CT_START Set
[04:41:00.397] ---- [Flow] CT_START Set
[04:41:08.526] ---- [Flow] CT_START Set
[04:45:02.319] ---- [Flow] CT_START Set
[04:45:23.587] ---- [Flow] CT_START Set
[04:45:29.402] ---- [Flow] CT_START Set
[05:14:17.392] ---- [Flow] CT_STOP Set
[05:14:17.415] ---- [Event] Auto : CT_STOP
[05:14:17.416] --------- [Monitor] StopTasks() : before m_stopped
[05:14:17.472] --------- [Monitor] StopTasks() : m_stopped
[05:14:17.473] [m_nState] AutoStop State
[05:17:26.087] ---- [Flow] CT_START Set
[05:17:26.110] ---- [Event] AutoStop : CT_START
[05:17:26.111] [m_nState] Auto State
[05:17:26.809] ---- [Flow] CT_START Set
[05:45:58.925] ---- [Flow] CT_START Set
[06:12:25.190] ---- [Flow] CT_START Set
[06:12:37.487] ---- [Flow] CT_START Set
[06:14:15.376] ---- [Flow] CT_START Set
[06:14:50.918] ---- [Flow] CT_START Set
[06:31:53.918] ---- [Flow] CT_STOP Set
[06:31:53.941] ---- [Event] Auto : CT_STOP
[06:31:53.942] --------- [Monitor] StopTasks() : before m_stopped
[06:31:54.012] --------- [Monitor] StopTasks() : m_stopped
[06:31:54.013] [m_nState] AutoStop State
[06:57:14.481] ---- [Flow] CT_START Set
[06:57:14.503] ---- [Event] AutoStop : CT_START
[06:57:14.504] [m_nState] Auto State
[06:57:15.621] ---- [Flow] CT_START Set
[07:35:17.003] ---- [Flow] CT_STOP Set
[07:35:17.026] ---- [Event] Auto : CT_STOP
[07:35:17.027] --------- [Monitor] StopTasks() : before m_stopped
[07:35:17.028] --------- [Monitor] StopTasks() : m_stopped
[07:35:17.029] [m_nState] AutoStop State
[07:35:17.099] ---- [Flow] CT_STOP Set
[07:35:30.543] ---- [Flow] CT_START Set
[07:35:30.566] ---- [Event] AutoStop : CT_START
[07:35:30.567] [m_nState] Auto State
[07:36:41.031] ---- [Flow] CT_START Set
[07:39:08.457] ---- [Flow] CT_START Set
[07:39:15.740] ---- [Flow] CT_START Set
[07:39:48.549] ---- [Flow] CT_STOP Set
[07:39:48.572] ---- [Event] Auto : CT_STOP
[07:39:48.573] --------- [Monitor] StopTasks() : before m_stopped
[07:39:48.962] --------- [Monitor] StopTasks() : m_stopped
[07:39:48.963] [m_nState] AutoStop State
[07:39:58.073] ---- [Flow] CT_START Set
[07:39:58.095] ---- [Event] AutoStop : CT_START
[07:39:58.096] [m_nState] Auto State
[07:40:14.882] ---- [Flow] CT_START Set
[07:54:30.460] ---- [Flow] CT_START Set
[07:58:36.921] ---- [Flow] CT_START Set
[08:01:19.378] ---- [Flow] CT_START Set
[08:58:23.726] ---- [Flow] CT_START Set
[08:58:50.569] ---- [Flow] CT_START Set
[08:58:52.575] ---- [Flow] CT_START Set
[09:09:13.907] ---- [Flow] CT_START Set
[09:10:01.747] ---- [Flow] CT_START Set
[09:14:04.241] ---- [Flow] CT_START Set
[09:14:14.380] ---- [Flow] CT_START Set
[09:14:37.458] ---- [Flow] CT_START Set
[09:23:03.716] ---- [Flow] CT_START Set
[09:32:30.615] ---- [Flow] CT_START Set
[09:34:46.678] ---- [Flow] CT_START Set
[09:38:21.223] ---- [Flow] CT_START Set
[09:40:17.257] ---- [Flow] CT_START Set
[09:40:18.868] ---- [Flow] CT_START Set
[09:40:19.862] ---- [Flow] CT_START Set
[09:40:52.736] ---- [Flow] CT_START Set
[09:40:52.910] ---- [Flow] CT_START Set
[09:40:53.972] ---- [Flow] CT_START Set
[09:40:54.878] ---- [Flow] CT_START Set
[09:41:02.941] ---- [Flow] CT_START Set
[09:43:40.041] ---- [Flow] CT_START Set
[12:58:42.480] ---- [Flow] CT_START Set
[12:59:09.226] ---- [Flow] CT_START Set
[13:11:37.860] ---- [Flow] CT_START Set
[13:19:05.522] ---- [Flow] CT_START Set
[14:23:13.570] ---- [Flow] CT_START Set
[14:57:09.481] ---- [Flow] CT_START Set
[14:57:32.621] ---- [Flow] CT_START Set
[16:59:56.373] ---- [Flow] CT_START Set
[17:08:28.735] ---- [Flow] CT_START Set
[17:08:33.357] ---- [Flow] CT_START Set
[17:27:54.320] ---- [Flow] CT_START Set
[17:28:04.821] ---- [Flow] CT_START Set
[17:28:10.952] ---- [Flow] CT_START Set
[17:28:22.323] ---- [Flow] CT_START Set
[17:28:34.167] ---- [Flow] CT_START Set
[19:29:49.444] ---- [Monitor] Auto : m_error
[19:29:49.466] ---- [Event] Auto : CT_ERROR
[19:29:49.467] --------- [Monitor] StopTasks() : before m_stopped
[19:29:55.682] --------- [Monitor] StopTasks() : m_stopped
[19:29:55.697] [m_nState] Error State
[19:29:56.270] ---- [Flow] CT_ABORT Set
[19:29:56.322] [m_nState] Init State
[19:29:56.402] ---- [Monitor] Init : m_idle
[19:29:56.424] ---- [Event] Init : CT_IDLE
[19:29:56.425] [m_nState] Idle State
[20:10:05.770] ---- [Flow] CT_START Set
[20:10:05.793] ---- [Event] Idle : CT_START
[20:10:05.794] [m_nState] Auto State
[20:10:11.428] ---- [Flow] CT_START Set
[20:41:38.907] ---- [Flow] CT_START Set
[21:22:58.797] ---- [Flow] CT_START Set
[21:40:55.010] ---- [Flow] CT_START Set
[22:00:13.128] ---- [Flow] CT_STOP Set
[22:00:13.151] ---- [Event] Auto : CT_STOP
[22:00:13.152] --------- [Monitor] StopTasks() : before m_stopped
[22:00:13.326] ---- [Flow] CT_STOP Set
[22:00:13.931] --------- [Monitor] StopTasks() : m_stopped
[22:00:13.932] [m_nState] AutoStop State
[22:01:52.989] ---- [Flow] CT_START Set
[22:01:53.011] ---- [Event] AutoStop : CT_START
[22:01:53.012] [m_nState] Auto State
[22:01:53.541] ---- [Flow] CT_START Set
[22:03:00.658] ---- [Flow] CT_STOP Set
[22:03:00.680] ---- [Event] Auto : CT_STOP
[22:03:00.681] --------- [Monitor] StopTasks() : before m_stopped
[22:03:00.998] --------- [Monitor] StopTasks() : m_stopped
[22:03:00.999] [m_nState] AutoStop State
[22:03:17.699] ---- [Flow] CT_START Set
[22:03:17.721] ---- [Event] AutoStop : CT_START
[22:03:17.722] [m_nState] Auto State
[22:03:17.782] ---- [Flow] CT_START Set
[22:30:33.151] ---- [Flow] CT_START Set
[22:30:45.761] ---- [Flow] CT_START Set
[22:30:45.843] ---- [Flow] CT_START Set
[22:47:54.261] ---- [Flow] CT_START Set
[22:52:46.729] ---- [Flow] CT_START Set
[22:52:56.748] ---- [Flow] CT_START Set
[23:15:48.766] ---- [Flow] CT_START Set
[23:15:55.732] ---- [Flow] CT_START Set
[23:21:32.264] ---- [Flow] CT_START Set
[23:26:41.988] ---- [Flow] CT_START Set
[23:26:49.455] ---- [Flow] CT_START Set
[23:27:01.581] ---- [Flow] CT_START Set
[23:27:10.536] ---- [Flow] CT_START Set
[23:27:18.419] ---- [Flow] CT_START Set
[23:27:19.035] ---- [Flow] CT_START Set
[23:36:10.103] ---- [Flow] CT_START Set
[23:36:14.020] ---- [Flow] CT_START Set
[23:36:28.726] ---- [Flow] CT_START Set
[23:36:28.970] ---- [Flow] CT_START Set
[23:36:45.962] ---- [Flow] CT_START Set
[23:36:46.096] ---- [Flow] CT_START Set
[23:48:56.711] ---- [Flow] CT_STOP Set
[23:48:56.734] ---- [Event] Auto : CT_STOP
[23:48:56.735] --------- [Monitor] StopTasks() : before m_stopped
[23:48:56.791] --------- [Monitor] StopTasks() : m_stopped
[23:48:56.792] [m_nState] AutoStop State
[23:48:56.893] ---- [Flow] CT_STOP Set
[23:49:18.460] ---- [Flow] CT_START Set
[23:49:18.483] ---- [Event] AutoStop : CT_START
[23:49:18.484] [m_nState] Auto State
[23:49:19.263] ---- [Flow] CT_START Set
[23:54:03.020] ---- [Flow] CT_START Set
[23:56:20.397] ---- [Flow] CT_START Set
