[00:02:36.589] [RightTransferStation] Move XY Axis Error
[00:03:07.914] [RightTransferStation] Move XY Axis Error
[00:09:37.845] [RightTransferStation] Move XY Axis Error
[00:10:41.556] [RightTransferStation] Move XY Axis Error
[00:18:24.141] [RightTransferStation] Move XY Axis Error
[00:18:53.358] [RightTransferStation] Move XY Axis Error
[00:40:36.257] [RightTransferStation] Move XY Axis Error
[00:41:13.505] [RightTransferStation] Move XY Axis Error
[00:57:58.414] [RightTransferStation] Move XY Axis Error
[00:59:18.450] [RightTransferStation] Move XY Axis Error
[01:51:47.768] [RightTransferStation] Move XY Axis Error
[01:52:03.708] [RightTransferStation] Move XY Axis Error
[02:08:06.235] [RightTransferStation] Move XY Axis Error
[02:08:47.085] [RightTransferStation] Move XY Axis Error
[08:27:59.735] [RightTransferStation] Move XY Axis Error
[08:32:52.284] [RightTransferStation] Move XY Axis Error
[09:02:27.997] [RightTransferStation] Move XY Axis Error
[09:03:41.786] [RightTransferStation] Move XY Axis Error
[09:08:49.436] [RightTransferStation] Move XY Axis Error
[09:09:04.978] [RightTransferStation] Move XY Axis Error
[09:11:00.290] [RightTransferStation] Move XY Axis Error
[09:11:18.872] [RightTransferStation] Move XY Axis Error
[09:18:53.920] [RightTransferStation] Move XY Axis Error
[09:22:02.824] [RightTransferStation] Move XY Axis Error
[09:25:39.978] [RightTransferStation] Move XY Axis Error
[09:25:54.287] [RightTransferStation] Move XY Axis Error
[09:32:56.219] [RightTransferStation] Move XY Axis Error
[09:35:50.732] [RightTransferStation] Move XY Axis Error
[09:56:29.161] [RightTransferStation] Move XY Axis Error
[09:58:08.758] [RightTransferStation] Move XY Axis Error
[10:53:29.147] [RightTransferStation] Move XY Axis Error
[10:53:51.444] [RightTransferStation] Move XY Axis Error
[11:00:29.768] [RightTransferStation] Move XY Axis Error
[11:01:01.941] [RightTransferStation] Move XY Axis Error
[11:17:28.672] [RightTransferStation] Move XY Axis Error
[11:19:41.534] [RightTransferStation] Move XY Axis Error
[11:28:46.104] [RightTransferStation] Move XY Axis Error
[11:35:24.280] [RightTransferStation] Move XY Axis Error
[12:24:18.069] [RightTransferStation] Move XY Axis Error
[12:24:21.666] [RightTransferStation] Move XY Axis Error
[12:24:51.833] [RightTransferStation] Move XY Axis Error
[12:35:05.503] [LeftPPStation] Unload Cylinder Vacuum Error
[12:35:33.637] [LeftTransferStation] Move XY Axis Error
[13:01:36.030] [RightTransferStation] Move XY Axis Error
[13:01:51.657] [RightTransferStation] Move XY Axis Error
[13:06:30.136] [LeftPPStation] Load Cylinder Vacuum Error
[13:08:44.557] [RightTransferStation] Move XY Axis Error
[13:14:19.166] [RightTransferStation] Move XY Axis Error
[13:21:05.663] [RightTransferStation] Move XY Axis Error
[13:26:01.442] [RightTransferStation] Move XY Axis Error
[13:31:59.332] [RightTransferStation] Move XY Axis Error
[13:32:12.892] [RightTransferStation] Move XY Axis Error
[13:45:26.226] [RightTransferStation] Move XY Axis Error
[13:45:59.467] [RightTransferStation] Move XY Axis Error
[14:05:10.367] [RightTransferStation] Move XY Axis Error
[14:06:09.957] [RightTransferStation] Move XY Axis Error
[14:12:05.910] [RightTransferStation] Move XY Axis Error
[14:17:23.740] [RightTransferStation] Move XY Axis Error
[14:39:38.520] [RightTransferStation] Move XY Axis Error
[14:39:52.556] [RightTransferStation] Move XY Axis Error
[15:00:36.183] [RightTransferStation] Move XY Axis Error
[15:01:49.432] [RightTransferStation] Move XY Axis Error
[15:23:29.953] [RightTransferStation] Move XY Axis Error
[15:26:41.534] [RightTransferStation] Move XY Axis Error
[15:36:10.952] [RightTransferStation] Move XY Axis Error
[15:36:31.180] [RightTransferStation] Move XY Axis Error
[15:44:33.058] [RightTransferStation] Move XY Axis Error
[15:48:04.826] [RightTransferStation] Move XY Axis Error
[15:52:11.411] [RightTransferStation] Move XY Axis Error
[15:52:32.227] [RightTransferStation] Move XY Axis Error
[16:19:56.313] [RightTransferStation] Move XY Axis Error
[16:20:13.876] [RightTransferStation] Move XY Axis Error
[16:45:33.842] [RightTransferStation] Move XY Axis Error
[16:45:47.201] [RightTransferStation] Move XY Axis Error
[16:57:10.466] [RightTransferStation] Move XY Axis Error
[16:57:27.666] [RightTransferStation] Move XY Axis Error
[19:11:02.092] [RightTransferStation] Move XY Axis Error
[19:11:15.516] [RightTransferStation] Move XY Axis Error
[19:42:42.926] [LeftPPStation] Move Axis Error
[19:42:47.510] [LeftPPStation] Move Axis Error
[19:42:49.343] [LeftPPStation] Move Axis Error
[19:42:57.655] [LeftPPStation] Move Axis Error
[19:43:13.391] [LeftPPStation] Move Axis Error
[19:43:22.172] [LeftPPStation] Move Axis Error
[19:43:58.813] [LeftPPStation] Move Axis Error
[19:44:55.412] [LeftPPStation] Move Axis Error
[19:46:28.598] [LeftPPStation] Move Axis Error
[19:50:47.788] [RightTransferStation] Move XY Axis Error
[19:51:05.569] [RightTransferStation] Move XY Axis Error
[22:10:48.131] [RightTransferStation] Move XY Axis Error
[22:11:01.216] [RightTransferStation] Move XY Axis Error
[22:20:57.249] [RightTransferStation] Move XY Axis Error
[22:21:16.315] [RightTransferStation] Move XY Axis Error
[22:21:20.055] [RightTransferStation] Move XY Axis Error
[22:21:42.857] [RightTransferStation] Move XY Axis Error
[22:38:21.986] [RightTransferStation] Move XY Axis Error
[22:38:39.386] [RightTransferStation] Move XY Axis Error
[23:03:25.557] [RightTransferStation] Move XY Axis Error
[23:03:40.063] [RightTransferStation] Move XY Axis Error
[23:19:57.492] [RightTransferStation] Move XY Axis Error
[23:20:24.029] [RightTransferStation] Move XY Axis Error
[23:24:48.583] [RightTransferStation] Move XY Axis Error
[23:25:21.312] [RightTransferStation] Move XY Axis Error
[23:48:36.861] [RightTransferStation] Move XY Axis Error
[23:49:20.301] [RightTransferStation] Move XY Axis Error
