[00:05:08.155] [RightTransferStation] Move XY Axis Error
[00:07:24.891] [RightTransferStation] Move XY Axis Error
[00:43:07.881] [RightTransferStation] Move XY Axis Error
[00:50:31.675] [RightTransferStation] Move XY Axis Error
[02:02:14.961] [LeftPPStation] Unload Buffer Set Not Exist
[08:18:22.635] [RightTransferStation] Vacuum Error
[08:27:19.020] [RightTransferStation] Vacuum Error
[09:39:33.373] [LeftTransferStation] Vacuum Error
[09:39:46.263] [LeftTransferStation] Vacuum Error
[09:39:57.859] [LeftTransferStation] Vacuum Error
[09:43:58.479] [LeftTransferStation] Vacuum Error
[09:44:20.467] [LeftTransferStation] Vacuum Error
[09:44:33.438] [LeftTransferStation] Vacuum Error
[09:47:42.401] [LeftPPStation] Unload Buffer Set Not Exist
[11:12:41.325] [RightTransferStation] Move XY Axis Error
[11:16:43.567] [LeftPPStation] Move Axis Error
[11:18:16.189] [RightTransferStation] Move XY Axis Error
[12:27:39.979] [RightTransferStation] Move XY Axis Error
[12:36:34.651] [RightTransferStation] Move XY Axis Error
[12:41:36.020] [RightTransferStation] Move XY Axis Error
[12:47:09.482] [RightTransferStation] Move XY Axis Error
[12:52:09.890] [RightTransferStation] Move XY Axis Error
[12:53:16.841] [RightTransferStation] Move XY Axis Error
[14:57:16.438] [RightTransferStation] Move XY Axis Error
[15:04:36.641] [RightTransferStation] Move XY Axis Error
[15:15:43.069] [RightTransferStation] Move XY Axis Error
[15:22:14.148] [RightTransferStation] Move XY Axis Error
[15:22:48.280] [RightTransferStation] Move XY Axis Error
[15:51:11.232] [RightTransferStation] Vacuum Error
[15:56:59.222] [MainControlStation] Left Door Open
[16:02:36.828] [LeftPPStation] Load Buffer Set Exist
[16:24:43.765] [RightTransferStation] Move XY Axis Error
[16:25:01.448] [RightTransferStation] Move XY Axis Error
[17:25:49.074] [RightTransferStation] Move XY Axis Error
[17:26:06.574] [RightTransferStation] Move XY Axis Error
[19:10:27.037] [LeftPPStation] Load Cylinder Up Error
[20:39:14.656] [LeftPPStation] Load Buffer Set Exist
[23:09:45.648] [RightPPStation] Load Cylinder Vacuum Error
[23:22:08.470] [LeftPPStation] Load Cylinder Up Error
[23:28:57.479] [LeftTransferStation] Vacuum Error
[23:38:39.750] [LeftPPStation] Load Buffer Set Exist
[23:40:39.869] [RightTransferStation] Move XY Axis Error
[23:40:54.769] [RightTransferStation] Move XY Axis Error
