[06:56:20.788] [LeftTransferStation] Vacuum Error
[07:41:11.378] [MainControlStation] Right Door Open
[07:52:47.859] [RightTransferStation] Vacuum Error
[08:20:06.757] [RightPPStation] Unload Cylinder Vacuum Error
[08:59:43.698] [RightTransferStation] Vacuum Error
[09:13:12.335] [LeftTransferStation] Vacuum Error
[09:44:26.124] [LeftTransferStation] Vacuum Error
[09:59:53.613] [LeftTransferStation] Vacuum Error
[10:30:09.939] [RightTransferStation] Vacuum Error
[10:30:42.537] [RightTransferStation] Move Z Axis Error
[10:30:46.203] [RightTransferStation] Vacuum Error
[10:37:38.364] [LeftPPStation] Unload Cylinder Vacuum Error
[10:40:11.090] [LeftTransferStation] Vacuum Error
[10:41:58.347] [RightPPStation] Unload Buffer Set Not Exist
[10:45:43.879] [RightPPStation] Unload Buffer Set Not Exist
[10:46:24.803] [RightPPStation] Unload Buffer Set Not Exist
[10:47:04.371] [RightPPStation] Unload Buffer Set Not Exist
[10:48:09.726] [RightPPStation] Unload Buffer Set Not Exist
[10:49:14.424] [RightPPStation] Unload Buffer Set Not Exist
[10:50:01.289] [RightTransferStation] Unload Buffer Set Exist
[10:51:10.029] [RightPPStation] Unload Buffer Set Not Exist
[10:54:03.540] [RightPPStation] Unload Cylinder Vacuum Error
[10:59:21.717] [LeftPPStation] Load Cylinder Vacuum Error
[11:01:12.354] [LeftPPStation] Load Cylinder Vacuum Error
[12:54:25.642] [LeftTransferStation] Vacuum Error
[13:59:26.643] [RightTransferStation] Vacuum Error
[14:55:54.707] [LeftTransferStation] Vacuum Error
[14:59:05.204] [LeftPPStation] Load Buffer Set Exist
[15:25:36.093] [RightTransferStation] Vacuum Error
[15:29:53.230] [RightPPStation] Load Cylinder Vacuum Error
[15:31:48.329] [RightPPStation] Load Cylinder Up Error
[15:32:06.463] [RightPPStation] Load Cylinder Up Error
[15:32:15.875] [RightPPStation] Load Cylinder Up Error
[15:32:35.469] [RightPPStation] Load Cylinder Vacuum Error
[15:33:51.679] [RightTransferStation] Vacuum Error
[15:34:05.260] [RightTransferStation] Move Z Axis Error
[15:34:08.677] [RightTransferStation] Move Z Axis Error
[15:34:25.227] [RightTransferStation] Move Z Axis Error
[15:35:48.537] [RightTransferStation] Vacuum Error
[15:35:56.796] [RightTransferStation] Vacuum Error
[15:36:30.714] [RightTransferStation] Vacuum Error
[16:32:53.565] [RightTransferStation] Vacuum Error
[21:00:56.615] [RightTransferStation] Vacuum Error
[21:01:22.018] [RightTransferStation] Move Z Axis Error
[21:02:12.963] [RightTransferStation] Move Z Axis Error
[21:32:36.821] [RightTransferStation] Vacuum Error
[21:33:38.752] [RightTransferStation] Vacuum Error
[21:33:47.313] [RightTransferStation] Vacuum Error
[21:34:35.071] [RightTransferStation] Move Z Axis Error
[21:38:01.930] [RightTransferStation] Vacuum Error
[21:38:14.172] [RightTransferStation] Move Z Axis Error
[21:39:10.416] [RightTransferStation] Vacuum Error
[22:49:21.272] [LeftTransferStation] Vacuum Error
[22:49:40.653] [LeftPPStation] Move Axis Error
[22:49:43.709] [LeftPPStation] Move Axis Error
[22:49:45.665] [LeftPPStation] Move Axis Error
[22:49:47.757] [LeftPPStation] Move Axis Error
[22:49:57.955] [LeftPPStation] Move Axis Error
[22:50:10.104] [LeftPPStation] Move Axis Error
[22:50:12.085] [LeftPPStation] Move Axis Error
[22:50:42.943] [LeftPPStation] Move Axis Error
[22:50:44.896] [LeftPPStation] Move Axis Error
[23:01:14.685] [LeftTransferStation] Move XY Axis Error
[23:49:41.294] [LeftPPStation] Load Cylinder Vacuum Error
[23:50:03.772] [LeftPPStation] Load Cylinder Vacuum Error
[23:50:14.556] [LeftPPStation] Load Cylinder Vacuum Error
[23:54:36.435] [RightTransferStation] Vacuum Error
[23:57:47.305] [RightTransferStation] Move Z Axis Error
