[10:57:29.931] [MainControlStation] Left Door Open
[16:49:49.640] [LeftTransferStation] Vacuum Error
[16:50:42.978] [LeftPPStation] Load Cylinder Vacuum Error
[17:09:32.082] [LeftPPStation] Unload Buffer Set Not Exist
[17:21:59.070] [LeftPPStation] Unload Buffer Set Not Exist
[17:22:44.174] [LeftPPStation] Unload Buffer Set Not Exist
[17:27:11.617] [LeftPPStation] Unload Buffer Set Not Exist
[17:28:57.112] [LeftPPStation] Unload Buffer Set Not Exist
[17:30:09.470] [MainControlStation] Left Door Open
[17:30:31.133] [LeftPPStation] Unload Buffer Set Not Exist
[17:46:39.619] [LeftPPStation] Unload Cylinder Vacuum Error
[17:47:02.884] [LeftPPStation] Unload Cylinder Vacuum Error
[17:47:13.934] [LeftPPStation] Unload Cylinder Vacuum Error
[17:53:17.007] [MainControlStation] Left Door Open
[17:57:37.030] [LeftPPStation] Load Cylinder Vacuum Error
[18:19:59.883] [LeftPPStation] Load Cylinder Vacuum Error
[18:54:30.201] [LeftTransferStation] Vacuum Error
[18:54:38.922] [LeftTransferStation] Vacuum Error
[18:55:00.837] [RightTransferStation] Move XY Axis Error
[19:09:41.331] [LeftTransferStation] Vacuum Error
[19:09:52.822] [LeftTransferStation] Vacuum Error
[20:05:50.341] [RightPPStation] Load Cylinder Vacuum Error
[20:06:16.400] [LeftPPStation] Load Cylinder Vacuum Error
[20:52:44.688] [RightTransferStation] Move XY Axis Error
[20:53:30.019] [RightTransferStation] Move XY Axis Error
[20:53:46.825] [RightTransferStation] Move XY Axis Error
[20:54:13.711] [RightTransferStation] Move XY Axis Error
[20:54:24.601] [RightTransferStation] Move XY Axis Error
[21:26:45.270] [LeftPPStation] Unload Buffer Set Not Exist
[21:27:27.961] [LeftTransferStation] Move Z Axis Error
[21:27:40.215] [LeftTransferStation] Move Z Axis Error
[21:29:24.626] [RightTransferStation] Move XY Axis Error
[21:29:30.677] [RightTransferStation] Move XY Axis Error
[21:30:53.599] [RightTransferStation] Move XY Axis Error
[21:30:59.022] [RightTransferStation] Move XY Axis Error
[21:31:16.473] [RightTransferStation] Move XY Axis Error
[21:40:13.814] [RightTransferStation] Move XY Axis Error
[21:41:57.563] [RightTransferStation] Move XY Axis Error
[21:42:06.597] [RightTransferStation] Move XY Axis Error
[21:42:20.313] [RightTransferStation] Move XY Axis Error
[22:01:37.244] [RightTransferStation] Move XY Axis Error
[22:02:16.203] [RightTransferStation] Move XY Axis Error
[22:06:19.148] [RightTransferStation] Move XY Axis Error
[22:06:43.380] [RightTransferStation] Move XY Axis Error
[22:14:48.355] [RightTransferStation] Move XY Axis Error
[22:14:55.456] [RightTransferStation] Move XY Axis Error
[22:15:23.873] [RightTransferStation] Move XY Axis Error
[22:15:30.309] [RightTransferStation] Move XY Axis Error
[22:27:13.141] [RightPPStation] Load Cylinder Vacuum Error
[22:31:35.753] [RightTransferStation] Move XY Axis Error
[22:49:58.775] [RightTransferStation] Move XY Axis Error
[23:01:13.973] [RightTransferStation] Vacuum Error
[23:04:31.688] [LeftTransferStation] Vacuum Error
[23:08:42.559] [RightTransferStation] Move XY Axis Error
[23:08:55.715] [RightTransferStation] Move XY Axis Error
[23:09:01.095] [RightTransferStation] Move XY Axis Error
