[00:01:18.825] ---- [Flow] CT_START Set
[00:01:18.942] ---- [Flow] CT_START Set
[00:01:19.734] ---- [Flow] CT_START Set
[00:01:19.857] ---- [Flow] CT_START Set
[00:01:38.838] ---- [Flow] CT_START Set
[00:02:55.825] ---- [Flow] CT_START Set
[00:03:19.608] ---- [Flow] CT_START Set
[00:03:36.506] ---- [Flow] CT_START Set
[00:04:30.721] ---- [Flow] CT_START Set
[00:05:02.529] ---- [Flow] CT_START Set
[00:05:32.084] ---- [Flow] CT_START Set
[00:05:32.205] ---- [Flow] CT_START Set
[00:05:41.200] ---- [Flow] CT_START Set
[00:05:49.177] ---- [Flow] CT_START Set
[00:06:09.838] ---- [Flow] CT_START Set
[00:06:14.697] ---- [Flow] CT_START Set
[00:06:46.625] ---- [Flow] CT_START Set
[00:07:00.932] ---- [Flow] CT_START Set
[00:07:01.293] ---- [Flow] CT_START Set
[00:08:18.082] ---- [Flow] CT_START Set
[00:08:18.487] ---- [Flow] CT_START Set
[00:08:44.435] ---- [Flow] CT_START Set
[00:10:02.400] ---- [Flow] CT_START Set
[00:11:45.446] ---- [Flow] CT_START Set
[00:12:03.787] ---- [Flow] CT_START Set
[00:12:09.491] ---- [Flow] CT_STOP Set
[00:12:09.513] ---- [Event] Auto : CT_STOP
[00:12:09.514] --------- [Monitor] StopTasks() : before m_stopped
[00:12:09.518] --------- [Monitor] StopTasks() : m_stopped
[00:12:09.519] [m_nState] AutoStop State
[00:12:09.534] ---- [Flow] CT_STOP Set
[00:12:21.000] ---- [Flow] CT_START Set
[00:12:21.023] ---- [Event] AutoStop : CT_START
[00:12:21.024] [m_nState] Auto State
[00:12:47.416] ---- [Flow] CT_START Set
[00:13:30.364] ---- [Flow] CT_START Set
[00:17:06.314] ---- [Flow] CT_START Set
[00:17:29.211] ---- [Flow] CT_STOP Set
[00:17:29.234] ---- [Event] Auto : CT_STOP
[00:17:29.235] --------- [Monitor] StopTasks() : before m_stopped
[00:17:29.261] --------- [Monitor] StopTasks() : m_stopped
[00:17:29.262] [m_nState] AutoStop State
[00:17:29.377] ---- [Flow] CT_STOP Set
[00:17:29.574] ---- [Flow] CT_STOP Set
[00:17:32.000] ---- [Flow] CT_START Set
[00:17:32.023] ---- [Event] AutoStop : CT_START
[00:17:32.024] [m_nState] Auto State
[00:17:32.634] ---- [Flow] CT_START Set
[00:17:52.117] ---- [Flow] CT_STOP Set
[00:17:52.139] ---- [Event] Auto : CT_STOP
[00:17:52.140] --------- [Monitor] StopTasks() : before m_stopped
[00:17:52.362] --------- [Monitor] StopTasks() : m_stopped
[00:17:52.363] [m_nState] AutoStop State
[00:17:52.378] ---- [Flow] CT_STOP Set
[00:17:55.963] ---- [Flow] CT_START Set
[00:17:55.986] ---- [Event] AutoStop : CT_START
[00:17:55.987] [m_nState] Auto State
[00:17:56.704] ---- [Flow] CT_START Set
[00:18:04.232] ---- [Flow] CT_START Set
[00:18:53.199] ---- [Flow] CT_START Set
[00:19:35.128] ---- [Flow] CT_START Set
[00:19:35.676] ---- [Flow] CT_START Set
[00:19:36.212] ---- [Flow] CT_START Set
[00:19:36.489] ---- [Flow] CT_START Set
[00:19:39.097] ---- [Flow] CT_START Set
[00:19:48.999] ---- [Flow] CT_START Set
[00:19:49.518] ---- [Flow] CT_START Set
[00:19:49.708] ---- [Flow] CT_START Set
[00:20:16.746] ---- [Flow] CT_START Set
[00:20:42.312] ---- [Flow] CT_START Set
[00:21:22.281] ---- [Flow] CT_START Set
[00:21:48.745] ---- [Flow] CT_START Set
[00:21:54.892] ---- [Flow] CT_START Set
[00:22:03.242] ---- [Flow] CT_START Set
[00:22:08.466] ---- [Flow] CT_START Set
[00:22:18.757] ---- [Flow] CT_START Set
[00:22:35.750] ---- [Flow] CT_START Set
[00:22:56.773] ---- [Flow] CT_START Set
[00:23:10.306] ---- [Flow] CT_START Set
[00:23:10.377] ---- [Flow] CT_START Set
[00:23:10.453] ---- [Flow] CT_START Set
[00:23:10.518] ---- [Flow] CT_START Set
[00:23:10.589] ---- [Flow] CT_START Set
[00:23:10.681] ---- [Flow] CT_START Set
[00:23:11.484] ---- [Flow] CT_START Set
[00:23:38.953] ---- [Flow] CT_START Set
[00:24:01.073] ---- [Flow] CT_START Set
[00:24:01.270] ---- [Flow] CT_START Set
[00:24:02.580] ---- [Flow] CT_START Set
[00:24:03.061] ---- [Flow] CT_START Set
[00:24:03.467] ---- [Flow] CT_START Set
[00:24:04.173] ---- [Flow] CT_START Set
[00:24:04.294] ---- [Flow] CT_START Set
[00:24:28.394] ---- [Flow] CT_START Set
[00:24:28.980] ---- [Flow] CT_START Set
[00:24:29.767] ---- [Flow] CT_START Set
[00:24:29.879] ---- [Flow] CT_START Set
[00:24:30.000] ---- [Flow] CT_START Set
[00:24:53.448] ---- [Flow] CT_START Set
[00:24:56.466] ---- [Flow] CT_START Set
[00:24:56.526] ---- [Flow] CT_START Set
[00:25:17.602] ---- [Flow] CT_START Set
[00:25:18.294] ---- [Flow] CT_START Set
[00:25:19.519] ---- [Flow] CT_START Set
[00:25:19.726] ---- [Flow] CT_START Set
[00:27:21.666] ---- [Flow] CT_START Set
[00:28:07.131] ---- [Flow] CT_START Set
[00:28:17.231] ---- [Flow] CT_START Set
[00:28:32.064] ---- [Flow] CT_START Set
[00:28:39.224] ---- [Flow] CT_STOP Set
[00:28:39.247] ---- [Event] Auto : CT_STOP
[00:28:39.248] --------- [Monitor] StopTasks() : before m_stopped
[00:28:39.249] --------- [Monitor] StopTasks() : m_stopped
[00:28:39.250] [m_nState] AutoStop State
[00:28:39.256] ---- [Flow] CT_STOP Set
[00:28:39.296] ---- [Flow] CT_STOP Set
[00:28:39.330] ---- [Flow] CT_STOP Set
[00:28:39.362] ---- [Flow] CT_STOP Set
[00:28:39.394] ---- [Flow] CT_STOP Set
[00:28:39.426] ---- [Flow] CT_STOP Set
[00:28:39.458] ---- [Flow] CT_STOP Set
[00:28:39.491] ---- [Flow] CT_STOP Set
[00:28:39.523] ---- [Flow] CT_STOP Set
[00:28:39.555] ---- [Flow] CT_STOP Set
[00:28:40.016] ---- [Flow] CT_STOP Set
[00:28:40.048] ---- [Flow] CT_STOP Set
[00:28:40.084] ---- [Flow] CT_STOP Set
[00:28:40.118] ---- [Flow] CT_STOP Set
[00:28:40.150] ---- [Flow] CT_STOP Set
[00:28:40.182] ---- [Flow] CT_STOP Set
[00:28:40.214] ---- [Flow] CT_STOP Set
[00:28:40.247] ---- [Flow] CT_STOP Set
[00:28:40.279] ---- [Flow] CT_STOP Set
[00:28:40.311] ---- [Flow] CT_STOP Set
[00:28:40.343] ---- [Flow] CT_STOP Set
[00:28:40.605] ---- [Flow] CT_STOP Set
[00:28:40.637] ---- [Flow] CT_STOP Set
[00:28:40.669] ---- [Flow] CT_STOP Set
[00:28:40.702] ---- [Flow] CT_STOP Set
[00:28:40.734] ---- [Flow] CT_STOP Set
[00:28:40.766] ---- [Flow] CT_STOP Set
[00:28:40.798] ---- [Flow] CT_STOP Set
[00:28:40.831] ---- [Flow] CT_STOP Set
[00:28:41.171] ---- [Flow] CT_STOP Set
[00:28:41.204] ---- [Flow] CT_STOP Set
[00:28:41.236] ---- [Flow] CT_STOP Set
[00:28:41.268] ---- [Flow] CT_STOP Set
[00:28:41.300] ---- [Flow] CT_STOP Set
[00:28:41.333] ---- [Flow] CT_STOP Set
[00:28:41.365] ---- [Flow] CT_STOP Set
[00:28:41.397] ---- [Flow] CT_STOP Set
[00:28:41.429] ---- [Flow] CT_STOP Set
[00:28:41.461] ---- [Flow] CT_STOP Set
[00:28:41.494] ---- [Flow] CT_STOP Set
[00:28:41.526] ---- [Flow] CT_STOP Set
[00:28:41.558] ---- [Flow] CT_STOP Set
[00:28:41.590] ---- [Flow] CT_STOP Set
[00:28:41.623] ---- [Flow] CT_STOP Set
[00:28:41.655] ---- [Flow] CT_STOP Set
[00:28:41.687] ---- [Flow] CT_STOP Set
[00:28:41.719] ---- [Flow] CT_STOP Set
[00:28:41.751] ---- [Flow] CT_STOP Set
[00:28:41.784] ---- [Flow] CT_STOP Set
[00:28:41.816] ---- [Flow] CT_STOP Set
[00:28:41.848] ---- [Flow] CT_STOP Set
[00:28:41.880] ---- [Flow] CT_STOP Set
[00:28:41.912] ---- [Flow] CT_STOP Set
[00:28:41.944] ---- [Flow] CT_STOP Set
[00:28:41.976] ---- [Flow] CT_STOP Set
[00:28:42.008] ---- [Flow] CT_STOP Set
[00:28:42.041] ---- [Flow] CT_STOP Set
[00:28:42.073] ---- [Flow] CT_STOP Set
[00:28:42.105] ---- [Flow] CT_STOP Set
[00:28:42.137] ---- [Flow] CT_STOP Set
[00:28:42.169] ---- [Flow] CT_STOP Set
[00:28:42.202] ---- [Flow] CT_STOP Set
[00:28:42.234] ---- [Flow] CT_STOP Set
[00:28:42.266] ---- [Flow] CT_STOP Set
[00:28:42.298] ---- [Flow] CT_STOP Set
[00:28:42.332] ---- [Flow] CT_STOP Set
[00:28:42.363] ---- [Flow] CT_STOP Set
[00:28:42.395] ---- [Flow] CT_STOP Set
[00:28:42.427] ---- [Flow] CT_STOP Set
[00:28:42.459] ---- [Flow] CT_STOP Set
[00:28:42.492] ---- [Flow] CT_STOP Set
[00:28:42.524] ---- [Flow] CT_STOP Set
[00:28:42.556] ---- [Flow] CT_STOP Set
[00:28:42.589] ---- [Flow] CT_STOP Set
[00:28:42.621] ---- [Flow] CT_STOP Set
[00:28:42.653] ---- [Flow] CT_STOP Set
[00:28:42.685] ---- [Flow] CT_STOP Set
[00:28:42.717] ---- [Flow] CT_STOP Set
[00:28:43.251] ---- [Flow] CT_STOP Set
[00:28:43.284] ---- [Flow] CT_STOP Set
[00:28:43.316] ---- [Flow] CT_STOP Set
[00:28:43.348] ---- [Flow] CT_STOP Set
[00:28:43.807] ---- [Flow] CT_STOP Set
[00:28:43.838] ---- [Flow] CT_STOP Set
[00:28:43.871] ---- [Flow] CT_STOP Set
[00:28:44.042] ---- [Flow] CT_STOP Set
[00:28:44.077] ---- [Flow] CT_STOP Set
[00:28:44.113] ---- [Flow] CT_STOP Set
[00:28:44.150] ---- [Flow] CT_STOP Set
[00:29:36.086] ---- [Flow] CT_START Set
[00:29:36.109] ---- [Event] AutoStop : CT_START
[00:29:36.110] [m_nState] Auto State
[00:29:38.153] ---- [Flow] CT_STOP Set
[00:29:38.175] ---- [Event] Auto : CT_STOP
[00:29:38.176] --------- [Monitor] StopTasks() : before m_stopped
[00:29:38.177] --------- [Monitor] StopTasks() : m_stopped
[00:29:38.178] [m_nState] AutoStop State
[00:29:38.212] ---- [Flow] CT_STOP Set
[00:29:38.245] ---- [Flow] CT_STOP Set
[00:29:38.279] ---- [Flow] CT_STOP Set
[00:29:38.758] ---- [Flow] CT_START Set
[00:29:38.781] ---- [Event] AutoStop : CT_START
[00:29:38.782] [m_nState] Auto State
[00:30:20.417] ---- [Flow] CT_START Set
[00:30:25.088] ---- [Flow] CT_START Set
[00:31:18.607] ---- [Flow] CT_START Set
[00:33:01.804] ---- [Flow] CT_START Set
[00:33:04.186] ---- [Flow] CT_START Set
[00:37:20.621] ---- [Flow] CT_START Set
[00:40:33.345] ---- [Flow] CT_START Set
[00:41:08.251] ---- [Flow] CT_START Set
[00:41:25.333] ---- [Flow] CT_START Set
[00:41:25.548] ---- [Flow] CT_START Set
[00:41:25.657] ---- [Flow] CT_START Set
[00:41:25.781] ---- [Flow] CT_START Set
[00:41:25.913] ---- [Flow] CT_START Set
[00:41:26.611] ---- [Flow] CT_START Set
[00:41:54.806] ---- [Flow] CT_START Set
[00:42:04.702] ---- [Flow] CT_START Set
[00:44:26.736] ---- [Flow] CT_START Set
[00:45:03.450] ---- [Flow] CT_START Set
[00:51:28.399] ---- [Flow] CT_START Set
[00:51:41.751] ---- [Flow] CT_START Set
[00:51:54.888] ---- [Flow] CT_START Set
[00:51:54.991] ---- [Flow] CT_START Set
[00:51:55.708] ---- [Flow] CT_START Set
[00:51:56.123] ---- [Flow] CT_START Set
[00:51:57.467] ---- [Flow] CT_START Set
[00:51:57.537] ---- [Flow] CT_START Set
[00:51:57.850] ---- [Flow] CT_START Set
[00:51:58.130] ---- [Flow] CT_START Set
[00:51:58.217] ---- [Flow] CT_START Set
[00:51:58.328] ---- [Flow] CT_START Set
[00:51:58.411] ---- [Flow] CT_START Set
[00:51:58.497] ---- [Flow] CT_START Set
[00:51:58.583] ---- [Flow] CT_START Set
[00:51:58.691] ---- [Flow] CT_START Set
[00:51:59.023] ---- [Flow] CT_START Set
[00:51:59.121] ---- [Flow] CT_START Set
[00:51:59.217] ---- [Flow] CT_START Set
[00:51:59.308] ---- [Flow] CT_START Set
[00:51:59.406] ---- [Flow] CT_START Set
[00:51:59.508] ---- [Flow] CT_START Set
[00:52:00.199] ---- [Flow] CT_START Set
[00:52:00.314] ---- [Flow] CT_START Set
[00:52:00.419] ---- [Flow] CT_START Set
[00:52:04.617] ---- [Flow] CT_START Set
[00:52:04.723] ---- [Flow] CT_START Set
[00:52:05.041] ---- [Flow] CT_START Set
[00:52:05.135] ---- [Flow] CT_START Set
[00:52:05.234] ---- [Flow] CT_START Set
[00:52:05.342] ---- [Flow] CT_START Set
[00:52:05.654] ---- [Flow] CT_START Set
[00:52:05.762] ---- [Flow] CT_START Set
[00:52:05.870] ---- [Flow] CT_START Set
[00:52:06.262] ---- [Flow] CT_START Set
[00:52:06.370] ---- [Flow] CT_START Set
[00:52:06.482] ---- [Flow] CT_START Set
[00:52:06.596] ---- [Flow] CT_START Set
[00:52:07.631] ---- [Flow] CT_START Set
[00:52:09.968] ---- [Flow] CT_START Set
[00:52:10.050] ---- [Flow] CT_START Set
[00:52:10.237] ---- [Flow] CT_START Set
[00:52:10.344] ---- [Flow] CT_START Set
[00:52:10.447] ---- [Flow] CT_START Set
[00:52:10.558] ---- [Flow] CT_START Set
[00:52:10.771] ---- [Flow] CT_START Set
[00:52:20.753] ---- [Flow] CT_START Set
[00:53:41.350] ---- [Flow] CT_START Set
[00:54:11.417] ---- [Flow] CT_START Set
[00:56:25.285] ---- [Flow] CT_START Set
[00:56:26.184] ---- [Flow] CT_START Set
[00:56:54.358] ---- [Flow] CT_START Set
[00:56:54.539] ---- [Flow] CT_START Set
[00:56:54.707] ---- [Flow] CT_START Set
[00:56:54.873] ---- [Flow] CT_START Set
[00:56:55.014] ---- [Flow] CT_START Set
[00:56:55.206] ---- [Flow] CT_START Set
[00:57:31.089] ---- [Flow] CT_START Set
[00:58:36.315] ---- [Flow] CT_START Set
[00:58:59.355] ---- [Flow] CT_START Set
[01:00:12.573] ---- [Flow] CT_START Set
[01:00:14.086] ---- [Flow] CT_START Set
[01:00:14.193] ---- [Flow] CT_START Set
[01:08:51.455] ---- [Flow] CT_START Set
[01:09:26.328] ---- [Flow] CT_START Set
[01:10:16.177] ---- [Flow] CT_START Set
[01:10:16.396] ---- [Flow] CT_START Set
[01:10:23.659] ---- [Flow] CT_START Set
[01:10:23.846] ---- [Flow] CT_START Set
[01:10:24.043] ---- [Flow] CT_START Set
[01:10:24.344] ---- [Flow] CT_START Set
[01:11:11.750] ---- [Flow] CT_START Set
[01:11:55.641] ---- [Flow] CT_START Set
[01:13:04.615] ---- [Flow] CT_START Set
[01:13:57.087] ---- [Flow] CT_START Set
[01:14:43.314] ---- [Flow] CT_START Set
[01:14:43.587] ---- [Flow] CT_START Set
[01:14:44.534] ---- [Flow] CT_START Set
[01:14:44.813] ---- [Flow] CT_START Set
[01:14:45.499] ---- [Flow] CT_START Set
[01:14:46.346] ---- [Flow] CT_START Set
[01:14:46.700] ---- [Flow] CT_START Set
[01:14:47.389] ---- [Flow] CT_START Set
[01:14:48.085] ---- [Flow] CT_START Set
[01:14:48.329] ---- [Flow] CT_START Set
[01:14:49.094] ---- [Flow] CT_START Set
[01:14:49.790] ---- [Flow] CT_START Set
[01:41:01.543] ---- [Flow] CT_START Set
[01:41:08.139] ---- [Flow] CT_START Set
[01:41:16.068] ---- [Flow] CT_START Set
[01:41:28.515] ---- [Flow] CT_START Set
[01:41:35.350] ---- [Flow] CT_START Set
[01:42:12.473] ---- [Flow] CT_START Set
[01:42:12.565] ---- [Flow] CT_START Set
[01:42:13.270] ---- [Flow] CT_START Set
[01:44:07.730] ---- [Flow] CT_START Set
[01:44:42.551] ---- [Flow] CT_START Set
[01:44:42.719] ---- [Flow] CT_START Set
[01:44:42.835] ---- [Flow] CT_START Set
[01:44:42.931] ---- [Flow] CT_START Set
[01:44:43.074] ---- [Flow] CT_START Set
[01:44:48.869] ---- [Flow] CT_START Set
[01:44:58.089] ---- [Flow] CT_START Set
[01:45:05.969] ---- [Flow] CT_START Set
[01:47:59.006] ---- [Flow] CT_START Set
[01:49:33.230] ---- [Flow] CT_START Set
[01:53:31.815] ---- [Flow] CT_START Set
[01:53:59.942] ---- [Flow] CT_START Set
[01:56:03.146] ---- [Flow] CT_START Set
[01:56:04.666] ---- [Flow] CT_START Set
[01:56:05.321] ---- [Flow] CT_START Set
[01:56:06.059] ---- [Flow] CT_START Set
[01:56:08.401] ---- [Flow] CT_START Set
[01:56:11.230] ---- [Flow] CT_START Set
[01:57:02.396] ---- [Flow] CT_START Set
[01:57:06.203] ---- [Flow] CT_STOP Set
[01:57:06.225] ---- [Event] Auto : CT_STOP
[01:57:06.226] --------- [Monitor] StopTasks() : before m_stopped
[01:57:07.822] --------- [Monitor] StopTasks() : m_stopped
[01:57:07.823] [m_nState] AutoStop State
[01:57:10.169] ---- [Flow] CT_START Set
[01:57:10.192] ---- [Event] AutoStop : CT_START
[01:57:10.193] [m_nState] Auto State
[01:57:10.944] ---- [Flow] CT_START Set
[01:57:20.625] ---- [Flow] CT_START Set
[01:58:27.587] ---- [Flow] CT_START Set
[01:58:36.416] ---- [Flow] CT_START Set
[02:00:57.866] ---- [Flow] CT_START Set
[02:01:22.281] ---- [Flow] CT_START Set
[02:03:22.950] ---- [Flow] CT_START Set
[02:03:49.673] ---- [Flow] CT_START Set
[02:06:25.780] ---- [Flow] CT_START Set
[02:08:51.304] ---- [Flow] CT_START Set
[02:16:57.616] ---- [Flow] CT_START Set
[02:17:59.220] ---- [Flow] CT_START Set
[02:20:12.167] ---- [Flow] CT_STOP Set
[02:20:12.190] ---- [Event] Auto : CT_STOP
[02:20:12.191] --------- [Monitor] StopTasks() : before m_stopped
[02:20:12.544] --------- [Monitor] StopTasks() : m_stopped
[02:20:12.545] [m_nState] AutoStop State
[02:20:17.875] ---- [Flow] CT_START Set
[02:20:17.897] ---- [Event] AutoStop : CT_START
[02:20:17.898] [m_nState] Auto State
[02:20:18.420] ---- [Flow] CT_START Set
[02:20:28.017] ---- [Flow] CT_START Set
[02:22:36.634] ---- [Flow] CT_START Set
[02:28:46.393] ---- [Flow] CT_START Set
[02:28:46.804] ---- [Flow] CT_START Set
[02:29:16.895] ---- [Flow] CT_START Set
[02:32:44.240] ---- [Flow] CT_START Set
[02:32:44.470] ---- [Flow] CT_START Set
[02:35:13.219] ---- [Flow] CT_START Set
[02:39:33.306] ---- [Flow] CT_START Set
[02:40:37.307] ---- [Flow] CT_START Set
[02:41:08.041] ---- [Flow] CT_START Set
[02:41:33.540] ---- [Flow] CT_START Set
[02:44:01.815] ---- [Flow] CT_START Set
[02:44:42.991] ---- [Flow] CT_START Set
[02:44:49.937] ---- [Flow] CT_START Set
[02:45:23.888] ---- [Flow] CT_START Set
[02:45:23.982] ---- [Flow] CT_START Set
[02:45:32.569] ---- [Flow] CT_START Set
[02:47:11.375] ---- [Flow] CT_START Set
[02:47:13.122] ---- [Flow] CT_START Set
[02:47:13.228] ---- [Flow] CT_START Set
[02:50:07.309] ---- [Flow] CT_START Set
[02:50:20.022] ---- [Flow] CT_START Set
[02:51:37.115] ---- [Flow] CT_START Set
[02:52:08.365] ---- [Flow] CT_START Set
[02:53:18.216] ---- [Flow] CT_START Set
[02:55:47.739] ---- [Flow] CT_START Set
[02:56:37.360] ---- [Flow] CT_START Set
[02:58:20.548] ---- [Flow] CT_START Set
[02:59:15.251] ---- [Flow] CT_START Set
[03:01:37.855] ---- [Flow] CT_START Set
[03:03:16.592] ---- [Flow] CT_START Set
[03:03:38.137] ---- [Flow] CT_START Set
[03:03:40.170] ---- [Flow] CT_START Set
[03:03:47.389] ---- [Flow] CT_START Set
[03:03:55.906] ---- [Flow] CT_START Set
[03:04:23.847] ---- [Flow] CT_STOP Set
[03:04:23.870] ---- [Event] Auto : CT_STOP
[03:04:23.871] --------- [Monitor] StopTasks() : before m_stopped
[03:04:23.907] --------- [Monitor] StopTasks() : m_stopped
[03:04:23.908] [m_nState] AutoStop State
[03:04:26.283] ---- [Flow] CT_START Set
[03:04:26.305] ---- [Event] AutoStop : CT_START
[03:04:26.306] [m_nState] Auto State
[03:04:26.733] ---- [Flow] CT_START Set
[03:04:35.398] ---- [Flow] CT_START Set
[03:04:41.974] ---- [Flow] CT_STOP Set
[03:04:41.997] ---- [Event] Auto : CT_STOP
[03:04:41.998] --------- [Monitor] StopTasks() : before m_stopped
[03:04:42.446] --------- [Monitor] StopTasks() : m_stopped
[03:04:42.447] [m_nState] AutoStop State
[03:04:45.041] ---- [Flow] CT_START Set
[03:04:45.063] ---- [Event] AutoStop : CT_START
[03:04:45.064] [m_nState] Auto State
[03:04:45.137] ---- [Flow] CT_START Set
[03:05:00.899] ---- [Flow] CT_START Set
[03:05:25.033] ---- [Flow] CT_START Set
[03:05:26.478] ---- [Flow] CT_START Set
[03:05:26.570] ---- [Flow] CT_START Set
[03:05:41.357] ---- [Flow] CT_START Set
[03:05:49.548] ---- [Flow] CT_START Set
[03:06:02.703] ---- [Flow] CT_START Set
[03:06:31.243] ---- [Flow] CT_START Set
[03:06:31.405] ---- [Flow] CT_START Set
[03:06:31.527] ---- [Flow] CT_START Set
[03:06:31.726] ---- [Flow] CT_START Set
[03:06:32.439] ---- [Flow] CT_START Set
[03:06:32.548] ---- [Flow] CT_START Set
[03:06:39.239] ---- [Flow] CT_START Set
[03:06:52.328] ---- [Flow] CT_START Set
[03:07:57.866] ---- [Flow] CT_START Set
[03:08:23.703] ---- [Flow] CT_START Set
[03:09:40.468] ---- [Flow] CT_START Set
[03:09:51.740] ---- [Flow] CT_START Set
[03:10:12.064] ---- [Flow] CT_START Set
[03:10:12.401] ---- [Flow] CT_START Set
[03:10:12.723] ---- [Flow] CT_START Set
[03:10:12.951] ---- [Flow] CT_START Set
[03:10:14.764] ---- [Flow] CT_START Set
[03:10:14.985] ---- [Flow] CT_START Set
[03:10:15.200] ---- [Flow] CT_START Set
[03:10:16.196] ---- [Flow] CT_START Set
[03:10:16.594] ---- [Flow] CT_START Set
[03:10:17.621] ---- [Flow] CT_START Set
[03:10:19.309] ---- [Flow] CT_START Set
[03:10:19.391] ---- [Flow] CT_START Set
[03:10:19.478] ---- [Flow] CT_START Set
[03:10:19.568] ---- [Flow] CT_START Set
[03:10:19.647] ---- [Flow] CT_START Set
[03:10:19.738] ---- [Flow] CT_START Set
[03:10:19.848] ---- [Flow] CT_START Set
[03:10:19.960] ---- [Flow] CT_START Set
[03:10:20.078] ---- [Flow] CT_START Set
[03:10:20.179] ---- [Flow] CT_START Set
[03:10:22.204] ---- [Flow] CT_START Set
[03:10:22.857] ---- [Flow] CT_START Set
[03:10:22.956] ---- [Flow] CT_START Set
[03:10:23.073] ---- [Flow] CT_START Set
[03:10:23.230] ---- [Flow] CT_START Set
[03:10:24.377] ---- [Flow] CT_START Set
[03:10:24.490] ---- [Flow] CT_START Set
[03:10:25.289] ---- [Flow] CT_START Set
[03:10:25.396] ---- [Flow] CT_START Set
[03:10:25.498] ---- [Flow] CT_START Set
[03:10:25.603] ---- [Flow] CT_START Set
[03:10:25.713] ---- [Flow] CT_START Set
[03:10:25.820] ---- [Flow] CT_START Set
[03:10:27.230] ---- [Flow] CT_START Set
[03:10:27.400] ---- [Flow] CT_START Set
[03:10:27.487] ---- [Flow] CT_START Set
[03:10:27.583] ---- [Flow] CT_START Set
[03:10:27.678] ---- [Flow] CT_START Set
[03:10:27.987] ---- [Flow] CT_START Set
[03:10:28.094] ---- [Flow] CT_START Set
[03:10:28.201] ---- [Flow] CT_START Set
[03:10:28.432] ---- [Flow] CT_START Set
[03:10:28.531] ---- [Flow] CT_START Set
[03:10:28.741] ---- [Flow] CT_START Set
[03:10:28.845] ---- [Flow] CT_START Set
[03:10:29.069] ---- [Flow] CT_START Set
[03:10:29.179] ---- [Flow] CT_START Set
[03:10:56.980] ---- [Flow] CT_START Set
[03:11:25.176] ---- [Flow] CT_START Set
[03:26:05.625] ---- [Flow] CT_START Set
[03:28:13.930] ---- [Flow] CT_START Set
[03:30:55.289] ---- [Flow] CT_START Set
[03:32:24.397] ---- [Flow] CT_START Set
[03:40:24.683] ---- [Flow] CT_START Set
[03:40:24.947] ---- [Flow] CT_START Set
[03:40:54.863] ---- [Flow] CT_START Set
[03:40:54.909] ---- [Flow] CT_START Set
[03:40:55.841] ---- [Flow] CT_STOP Set
[03:40:55.864] ---- [Event] Auto : CT_STOP
[03:40:55.865] --------- [Monitor] StopTasks() : before m_stopped
[03:40:55.866] --------- [Monitor] StopTasks() : m_stopped
[03:40:55.867] [m_nState] AutoStop State
[03:40:55.876] ---- [Flow] CT_STOP Set
[03:40:55.916] ---- [Flow] CT_STOP Set
[03:40:56.005] ---- [Flow] CT_STOP Set
[03:40:56.038] ---- [Flow] CT_STOP Set
[03:40:56.070] ---- [Flow] CT_STOP Set
[03:40:56.114] ---- [Flow] CT_STOP Set
[03:40:56.191] ---- [Flow] CT_STOP Set
[03:40:56.223] ---- [Flow] CT_STOP Set
[03:40:56.255] ---- [Flow] CT_STOP Set
[03:40:56.299] ---- [Flow] CT_STOP Set
[03:40:59.780] ---- [Flow] CT_START Set
[03:40:59.802] ---- [Event] AutoStop : CT_START
[03:40:59.803] [m_nState] Auto State
[03:41:02.158] ---- [Flow] CT_START Set
[03:41:41.604] ---- [Flow] CT_START Set
[03:41:54.068] ---- [Flow] CT_START Set
[03:42:00.524] ---- [Flow] CT_START Set
[03:42:00.639] ---- [Flow] CT_START Set
[03:42:00.894] ---- [Flow] CT_START Set
[03:42:00.997] ---- [Flow] CT_START Set
[03:42:01.251] ---- [Flow] CT_START Set
[03:42:01.385] ---- [Flow] CT_START Set
[03:42:04.376] ---- [Flow] CT_START Set
[03:42:04.507] ---- [Flow] CT_START Set
[03:42:04.778] ---- [Flow] CT_START Set
[03:42:04.989] ---- [Flow] CT_START Set
[03:42:05.171] ---- [Flow] CT_START Set
[03:42:05.370] ---- [Flow] CT_START Set
[03:42:05.735] ---- [Flow] CT_START Set
[03:42:06.312] ---- [Flow] CT_START Set
[03:42:07.015] ---- [Flow] CT_START Set
[03:42:07.320] ---- [Flow] CT_START Set
[03:42:07.422] ---- [Flow] CT_START Set
[03:42:07.861] ---- [Flow] CT_START Set
[03:42:07.988] ---- [Flow] CT_START Set
[03:42:08.082] ---- [Flow] CT_START Set
[03:42:08.623] ---- [Flow] CT_START Set
[03:42:08.697] ---- [Flow] CT_START Set
[03:42:21.133] ---- [Flow] CT_START Set
[03:47:40.469] ---- [Flow] CT_START Set
[03:49:06.676] ---- [Flow] CT_START Set
[03:49:08.454] ---- [Flow] CT_STOP Set
[03:49:08.476] ---- [Event] Auto : CT_STOP
[03:49:08.477] --------- [Monitor] StopTasks() : before m_stopped
[03:49:08.576] ---- [Flow] CT_STOP Set
[03:49:08.630] ---- [Flow] CT_STOP Set
[03:49:08.918] ---- [Flow] CT_STOP Set
[03:49:09.134] --------- [Monitor] StopTasks() : m_stopped
[03:49:09.136] [m_nState] AutoStop State
[03:49:09.295] ---- [Flow] CT_STOP Set
[03:49:09.367] ---- [Flow] CT_STOP Set
[03:49:09.405] ---- [Flow] CT_STOP Set
[03:49:09.445] ---- [Flow] CT_STOP Set
[03:49:09.481] ---- [Flow] CT_STOP Set
[03:49:09.523] ---- [Flow] CT_STOP Set
[03:49:09.565] ---- [Flow] CT_STOP Set
[03:49:13.468] ---- [Flow] CT_START Set
[03:49:13.491] ---- [Event] AutoStop : CT_START
[03:49:13.492] [m_nState] Auto State
[03:49:13.980] ---- [Flow] CT_START Set
[03:50:53.161] ---- [Flow] CT_START Set
[03:51:44.321] ---- [Flow] CT_START Set
[03:52:17.992] ---- [Flow] CT_START Set
[03:52:22.554] ---- [Flow] CT_START Set
[03:52:22.783] ---- [Flow] CT_START Set
[03:52:33.272] ---- [Flow] CT_START Set
[03:52:41.305] ---- [Flow] CT_START Set
[03:53:01.261] ---- [Flow] CT_START Set
[03:53:01.328] ---- [Flow] CT_START Set
[03:53:01.389] ---- [Flow] CT_START Set
[03:53:01.461] ---- [Flow] CT_START Set
[03:53:01.541] ---- [Flow] CT_START Set
[03:53:01.611] ---- [Flow] CT_START Set
[03:53:03.143] ---- [Flow] CT_START Set
[03:53:03.233] ---- [Flow] CT_START Set
[03:53:03.292] ---- [Flow] CT_START Set
[03:53:03.377] ---- [Flow] CT_START Set
[03:53:03.451] ---- [Flow] CT_START Set
[03:53:04.127] ---- [Flow] CT_START Set
[03:56:30.414] ---- [Flow] CT_START Set
[04:00:07.541] ---- [Flow] CT_START Set
[04:00:49.975] ---- [Flow] CT_STOP Set
[04:00:49.999] ---- [Event] Auto : CT_STOP
[04:00:50.000] --------- [Monitor] StopTasks() : before m_stopped
[04:00:50.593] --------- [Monitor] StopTasks() : m_stopped
[04:00:50.594] [m_nState] AutoStop State
[04:00:52.808] ---- [Flow] CT_START Set
[04:00:52.831] ---- [Event] AutoStop : CT_START
[04:00:52.832] [m_nState] Auto State
[04:00:53.409] ---- [Flow] CT_START Set
[04:01:34.317] ---- [Flow] CT_START Set
[04:01:49.853] ---- [Flow] CT_START Set
[04:01:54.500] ---- [Flow] CT_STOP Set
[04:01:54.523] ---- [Event] Auto : CT_STOP
[04:01:54.524] --------- [Monitor] StopTasks() : before m_stopped
[04:01:54.571] ---- [Flow] CT_STOP Set
[04:01:54.627] ---- [Flow] CT_STOP Set
[04:01:55.100] ---- [Flow] CT_STOP Set
[04:01:55.157] ---- [Flow] CT_STOP Set
[04:01:55.732] --------- [Monitor] StopTasks() : m_stopped
[04:01:55.733] [m_nState] AutoStop State
[04:02:02.356] ---- [Flow] CT_START Set
[04:02:02.378] ---- [Event] AutoStop : CT_START
[04:02:02.379] [m_nState] Auto State
[04:02:03.418] ---- [Flow] CT_START Set
[04:02:18.548] ---- [Flow] CT_START Set
[04:02:26.876] ---- [Flow] CT_START Set
[04:02:53.801] ---- [Flow] CT_START Set
[04:05:32.240] ---- [Flow] CT_START Set
[04:05:43.904] ---- [Flow] CT_START Set
[04:10:30.128] ---- [Flow] CT_START Set
[04:13:01.475] ---- [Flow] CT_START Set
[04:16:23.583] ---- [Flow] CT_START Set
[04:18:20.019] ---- [Flow] CT_START Set
[04:19:29.355] ---- [Flow] CT_START Set
[04:19:29.776] ---- [Flow] CT_START Set
[04:19:47.284] ---- [Flow] CT_START Set
[04:24:00.476] ---- [Flow] CT_START Set
[04:24:30.325] ---- [Flow] CT_START Set
[04:27:32.720] ---- [Flow] CT_START Set
[04:30:24.404] ---- [Flow] CT_START Set
[04:30:49.114] ---- [Flow] CT_STOP Set
[04:30:49.136] ---- [Event] Auto : CT_STOP
[04:30:49.137] --------- [Monitor] StopTasks() : before m_stopped
[04:30:49.297] ---- [Flow] CT_STOP Set
[04:30:49.349] ---- [Flow] CT_STOP Set
[04:30:49.408] ---- [Flow] CT_STOP Set
[04:30:49.986] --------- [Monitor] StopTasks() : m_stopped
[04:30:49.987] [m_nState] AutoStop State
[05:13:33.208] ---- [Flow] CT_START Set
[05:13:33.231] ---- [Event] AutoStop : CT_START
[05:13:33.232] [m_nState] Auto State
[05:13:34.242] ---- [Flow] CT_START Set
[05:15:05.355] ---- [Flow] CT_START Set
[05:15:54.843] ---- [Flow] CT_START Set
[05:16:39.392] ---- [Flow] CT_START Set
[05:21:19.874] ---- [Flow] CT_START Set
[05:21:46.325] ---- [Flow] CT_START Set
[05:22:11.860] ---- [Flow] CT_START Set
[05:22:15.650] ---- [Flow] CT_START Set
[05:24:46.069] ---- [Flow] CT_START Set
[05:24:46.273] ---- [Flow] CT_START Set
[05:24:46.591] ---- [Flow] CT_START Set
[05:30:13.717] ---- [Flow] CT_START Set
[05:31:06.117] ---- [Flow] CT_STOP Set
[05:31:06.139] ---- [Event] Auto : CT_STOP
[05:31:06.140] --------- [Monitor] StopTasks() : before m_stopped
[05:31:06.173] --------- [Monitor] StopTasks() : m_stopped
[05:31:06.174] [m_nState] AutoStop State
[05:31:06.177] ---- [Flow] CT_STOP Set
[05:31:09.607] ---- [Flow] CT_START Set
[05:31:09.629] ---- [Event] AutoStop : CT_START
[05:31:09.630] [m_nState] Auto State
[05:31:10.144] ---- [Flow] CT_START Set
[05:32:16.574] ---- [Flow] CT_START Set
[05:33:43.482] ---- [Flow] CT_STOP Set
[05:33:43.504] ---- [Event] Auto : CT_STOP
[05:33:43.505] --------- [Monitor] StopTasks() : before m_stopped
[05:33:43.564] ---- [Flow] CT_STOP Set
[05:33:46.643] --------- [Monitor] StopTasks() : m_stopped
[05:33:46.644] [m_nState] AutoStop State
[05:33:49.319] ---- [Flow] CT_START Set
[05:33:49.341] ---- [Event] AutoStop : CT_START
[05:33:49.342] [m_nState] Auto State
[05:34:46.818] ---- [Flow] CT_START Set
[05:36:12.707] ---- [Flow] CT_START Set
[05:37:09.791] ---- [Flow] CT_START Set
[05:38:00.049] ---- [Flow] CT_START Set
[05:38:47.396] ---- [Flow] CT_START Set
[05:39:59.219] ---- [Flow] CT_START Set
[05:48:51.131] ---- [Flow] CT_START Set
[05:53:34.690] ---- [Flow] CT_START Set
[05:59:42.630] ---- [Flow] CT_START Set
[05:59:57.166] ---- [Flow] CT_START Set
[06:00:04.144] ---- [Flow] CT_START Set
[06:00:04.260] ---- [Flow] CT_START Set
[06:00:04.374] ---- [Flow] CT_START Set
[06:00:04.486] ---- [Flow] CT_START Set
[06:00:04.602] ---- [Flow] CT_START Set
[06:00:04.847] ---- [Flow] CT_START Set
[06:00:04.948] ---- [Flow] CT_START Set
[06:00:05.049] ---- [Flow] CT_START Set
[06:00:14.944] ---- [Flow] CT_START Set
[06:00:49.243] ---- [Flow] CT_START Set
[06:00:57.452] ---- [Flow] CT_START Set
[06:01:19.266] ---- [Flow] CT_START Set
[06:02:25.099] ---- [Flow] CT_START Set
[06:03:45.499] ---- [Flow] CT_START Set
[06:03:54.051] ---- [Flow] CT_START Set
[06:04:28.099] ---- [Flow] CT_START Set
[06:04:28.750] ---- [Flow] CT_START Set
[06:04:29.884] ---- [Flow] CT_START Set
[06:04:30.005] ---- [Flow] CT_START Set
[06:04:36.906] ---- [Flow] CT_START Set
[06:04:46.394] ---- [Flow] CT_START Set
[06:06:05.003] ---- [Flow] CT_START Set
[06:06:07.185] ---- [Flow] CT_START Set
[06:06:53.963] ---- [Flow] CT_START Set
[06:08:18.273] ---- [Flow] CT_START Set
[06:09:44.201] ---- [Flow] CT_START Set
[06:10:00.234] ---- [Flow] CT_START Set
[06:11:34.316] ---- [Flow] CT_START Set
[06:13:38.639] ---- [Flow] CT_START Set
[06:14:03.484] ---- [Flow] CT_START Set
[06:14:27.424] ---- [Flow] CT_START Set
[06:14:28.000] ---- [Flow] CT_START Set
[06:14:35.586] ---- [Flow] CT_START Set
[06:15:10.622] ---- [Flow] CT_START Set
[06:15:10.742] ---- [Flow] CT_START Set
[06:15:11.542] ---- [Flow] CT_START Set
[06:15:11.760] ---- [Flow] CT_START Set
[06:15:11.880] ---- [Flow] CT_START Set
[06:15:18.506] ---- [Flow] CT_START Set
[06:15:26.325] ---- [Flow] CT_START Set
[06:15:54.615] ---- [Flow] CT_START Set
[06:15:54.822] ---- [Flow] CT_START Set
[06:15:55.460] ---- [Flow] CT_START Set
[06:15:55.568] ---- [Flow] CT_START Set
[06:15:55.675] ---- [Flow] CT_START Set
[06:15:55.783] ---- [Flow] CT_START Set
[06:15:55.971] ---- [Flow] CT_START Set
[06:15:56.680] ---- [Flow] CT_START Set
[06:16:27.625] ---- [Flow] CT_START Set
[06:16:27.873] ---- [Flow] CT_START Set
[06:16:27.990] ---- [Flow] CT_START Set
[06:16:28.107] ---- [Flow] CT_START Set
[06:16:28.256] ---- [Flow] CT_START Set
[06:16:28.947] ---- [Flow] CT_START Set
[06:17:22.958] ---- [Flow] CT_START Set
[06:17:30.797] ---- [Flow] CT_START Set
[06:17:52.386] ---- [Flow] CT_START Set
[06:18:25.355] ---- [Flow] CT_START Set
[06:19:26.770] ---- [Flow] CT_START Set
[06:24:09.103] ---- [Flow] CT_STOP Set
[06:24:09.125] ---- [Event] Auto : CT_STOP
[06:24:09.126] --------- [Monitor] StopTasks() : before m_stopped
[06:24:09.137] --------- [Monitor] StopTasks() : m_stopped
[06:24:09.139] [m_nState] AutoStop State
[06:24:09.144] ---- [Flow] CT_STOP Set
[06:24:09.180] ---- [Flow] CT_STOP Set
[06:24:09.218] ---- [Flow] CT_STOP Set
[06:24:09.250] ---- [Flow] CT_STOP Set
[06:24:09.282] ---- [Flow] CT_STOP Set
[06:24:09.315] ---- [Flow] CT_STOP Set
[06:24:09.346] ---- [Flow] CT_STOP Set
[06:24:09.378] ---- [Flow] CT_STOP Set
[06:24:09.412] ---- [Flow] CT_STOP Set
[06:24:09.443] ---- [Flow] CT_STOP Set
[06:24:09.475] ---- [Flow] CT_STOP Set
[06:24:09.508] ---- [Flow] CT_STOP Set
[06:24:09.540] ---- [Flow] CT_STOP Set
[06:24:09.572] ---- [Flow] CT_STOP Set
[06:24:09.604] ---- [Flow] CT_STOP Set
[06:24:09.636] ---- [Flow] CT_STOP Set
[06:24:09.668] ---- [Flow] CT_STOP Set
[06:24:09.702] ---- [Flow] CT_STOP Set
[06:24:09.733] ---- [Flow] CT_STOP Set
[06:24:09.765] ---- [Flow] CT_STOP Set
[06:24:09.798] ---- [Flow] CT_STOP Set
[06:24:09.830] ---- [Flow] CT_STOP Set
[06:24:09.862] ---- [Flow] CT_STOP Set
[06:24:09.894] ---- [Flow] CT_STOP Set
[06:24:09.926] ---- [Flow] CT_STOP Set
[06:24:09.958] ---- [Flow] CT_STOP Set
[06:24:09.992] ---- [Flow] CT_STOP Set
[06:24:10.023] ---- [Flow] CT_STOP Set
[06:24:10.055] ---- [Flow] CT_STOP Set
[06:24:10.088] ---- [Flow] CT_STOP Set
[06:24:10.120] ---- [Flow] CT_STOP Set
[06:24:10.153] ---- [Flow] CT_STOP Set
[06:24:10.184] ---- [Flow] CT_STOP Set
[06:24:10.216] ---- [Flow] CT_STOP Set
[06:24:10.249] ---- [Flow] CT_STOP Set
[06:24:10.282] ---- [Flow] CT_STOP Set
[06:24:10.313] ---- [Flow] CT_STOP Set
[06:24:10.345] ---- [Flow] CT_STOP Set
[06:24:10.378] ---- [Flow] CT_STOP Set
[06:24:10.410] ---- [Flow] CT_STOP Set
[06:24:10.442] ---- [Flow] CT_STOP Set
[06:24:10.475] ---- [Flow] CT_STOP Set
[06:24:10.506] ---- [Flow] CT_STOP Set
[06:24:21.240] ---- [Flow] CT_START Set
[06:24:21.262] ---- [Event] AutoStop : CT_START
[06:24:21.263] [m_nState] Auto State
[06:24:31.877] ---- [Flow] CT_START Set
[06:25:20.922] ---- [Flow] CT_START Set
[06:26:17.188] ---- [Flow] CT_START Set
[06:27:24.673] ---- [Flow] CT_START Set
[06:29:34.250] ---- [Flow] CT_START Set
[06:29:58.846] ---- [Flow] CT_START Set
[06:32:00.224] ---- [Flow] CT_START Set
[06:32:00.433] ---- [Flow] CT_START Set
[06:41:14.832] ---- [Flow] CT_START Set
[06:43:41.775] ---- [Flow] CT_START Set
[06:48:26.002] ---- [Flow] CT_START Set
[06:48:49.344] ---- [Flow] CT_START Set
[06:52:23.875] ---- [Flow] CT_START Set
[06:52:32.339] ---- [Flow] CT_START Set
[06:56:37.990] ---- [Flow] CT_START Set
[06:58:05.510] ---- [Flow] CT_STOP Set
[06:58:05.534] ---- [Event] Auto : CT_STOP
[06:58:05.535] --------- [Monitor] StopTasks() : before m_stopped
[06:58:05.813] ---- [Flow] CT_STOP Set
[06:58:08.832] --------- [Monitor] StopTasks() : m_stopped
[06:58:08.833] [m_nState] AutoStop State
[06:58:12.057] ---- [Flow] CT_START Set
[06:58:12.080] ---- [Event] AutoStop : CT_START
[06:58:12.081] [m_nState] Auto State
[06:58:12.926] ---- [Flow] CT_START Set
[06:58:29.672] ---- [Flow] CT_START Set
[06:59:10.593] ---- [Flow] CT_START Set
[07:00:19.172] ---- [Flow] CT_START Set
[07:01:54.082] ---- [Flow] CT_START Set
[07:03:07.962] ---- [Flow] CT_START Set
[07:03:38.693] ---- [Flow] CT_START Set
[07:09:36.379] ---- [Flow] CT_STOP Set
[07:09:36.402] ---- [Event] Auto : CT_STOP
[07:09:36.403] --------- [Monitor] StopTasks() : before m_stopped
[07:09:36.493] --------- [Monitor] StopTasks() : m_stopped
[07:09:36.494] [m_nState] AutoStop State
[07:09:37.407] ---- [Flow] CT_STOP Set
[07:09:37.444] ---- [Flow] CT_STOP Set
[07:09:37.488] ---- [Flow] CT_STOP Set
[07:09:37.945] ---- [Flow] CT_STOP Set
[07:09:37.979] ---- [Flow] CT_STOP Set
[07:09:38.017] ---- [Flow] CT_STOP Set
[07:09:38.050] ---- [Flow] CT_STOP Set
[08:44:27.531] ---- [Flow] CT_START Set
[08:44:27.553] ---- [Event] AutoStop : CT_START
[08:44:27.554] [m_nState] Auto State
[08:44:28.263] ---- [Flow] CT_START Set
[08:44:31.305] ---- [Flow] CT_START Set
[08:47:34.943] ---- [Flow] CT_START Set
[08:48:11.017] ---- [Flow] CT_START Set
[08:48:49.730] ---- [Flow] CT_START Set
[08:51:45.874] ---- [Flow] CT_START Set
[08:55:31.427] ---- [Flow] CT_START Set
[08:56:18.700] ---- [Flow] CT_START Set
[08:56:49.975] ---- [Flow] CT_START Set
[08:57:07.073] ---- [Flow] CT_START Set
[08:57:21.737] ---- [Flow] CT_START Set
[08:57:23.010] ---- [Flow] CT_START Set
[08:58:23.943] ---- [Flow] CT_START Set
[08:59:38.271] ---- [Flow] CT_START Set
[08:59:54.668] ---- [Flow] CT_START Set
[09:00:25.571] ---- [Flow] CT_START Set
[09:00:27.045] ---- [Flow] CT_START Set
[09:01:21.695] ---- [Flow] CT_START Set
[09:01:36.280] ---- [Flow] CT_START Set
[09:02:12.845] ---- [Flow] CT_START Set
[09:05:16.770] ---- [Flow] CT_START Set
[09:11:25.647] ---- [Flow] CT_START Set
[09:12:08.769] ---- [Flow] CT_START Set
[09:14:33.750] ---- [Flow] CT_START Set
[09:15:50.684] ---- [Flow] CT_START Set
[09:16:09.324] ---- [Flow] CT_START Set
[09:16:37.826] ---- [Flow] CT_START Set
[09:17:00.900] ---- [Flow] CT_STOP Set
[09:17:00.922] ---- [Event] Auto : CT_STOP
[09:17:00.923] --------- [Monitor] StopTasks() : before m_stopped
[09:17:00.965] ---- [Flow] CT_STOP Set
[09:17:01.327] --------- [Monitor] StopTasks() : m_stopped
[09:17:01.329] [m_nState] AutoStop State
[09:17:08.384] ---- [Flow] CT_START Set
[09:17:08.407] ---- [Event] AutoStop : CT_START
[09:17:08.408] [m_nState] Auto State
[09:17:09.000] ---- [Flow] CT_START Set
[09:17:17.285] ---- [Flow] CT_START Set
[09:17:26.392] ---- [Flow] CT_START Set
[09:17:26.571] ---- [Flow] CT_START Set
[09:17:33.039] ---- [Flow] CT_START Set
[09:17:41.979] ---- [Flow] CT_START Set
[09:22:24.111] ---- [Flow] CT_START Set
[09:23:53.061] ---- [Flow] CT_START Set
[09:25:19.939] ---- [Flow] CT_START Set
[09:26:51.554] ---- [Flow] CT_START Set
[09:26:58.303] ---- [Flow] CT_START Set
[09:27:07.106] ---- [Flow] CT_START Set
[09:27:24.015] ---- [Flow] CT_START Set
[09:27:45.940] ---- [Flow] CT_START Set
[09:27:46.029] ---- [Flow] CT_START Set
[09:27:46.108] ---- [Flow] CT_START Set
[09:27:49.084] ---- [Flow] CT_START Set
[09:30:30.035] ---- [Flow] CT_START Set
[09:30:46.141] ---- [Flow] CT_START Set
[09:30:47.178] ---- [Flow] CT_START Set
[09:30:50.686] ---- [Flow] CT_START Set
[09:30:50.859] ---- [Flow] CT_START Set
[09:31:35.027] ---- [Flow] CT_START Set
[09:31:36.815] ---- [Flow] CT_START Set
[09:32:01.586] ---- [Flow] CT_START Set
[09:32:46.363] ---- [Flow] CT_START Set
[09:35:01.015] ---- [Flow] CT_START Set
[09:35:50.723] ---- [Flow] CT_START Set
[09:36:02.906] ---- [Flow] CT_START Set
[09:36:19.074] ---- [Flow] CT_START Set
[09:37:11.362] ---- [Flow] CT_START Set
[09:42:20.668] ---- [Flow] CT_START Set
[09:44:59.516] ---- [Flow] CT_START Set
[09:47:11.483] ---- [Flow] CT_START Set
[09:48:15.972] ---- [Flow] CT_START Set
[09:48:24.313] ---- [Flow] CT_START Set
[09:49:30.404] ---- [Flow] CT_START Set
[09:51:50.093] ---- [Flow] CT_START Set
[09:54:38.467] ---- [Flow] CT_START Set
[09:54:38.511] ---- [Flow] CT_START Set
[09:54:38.599] ---- [Flow] CT_START Set
[09:54:38.791] ---- [Flow] CT_START Set
[09:54:38.846] ---- [Flow] CT_START Set
[09:54:38.945] ---- [Flow] CT_START Set
[09:54:40.318] ---- [Flow] CT_START Set
[09:54:50.356] ---- [Flow] CT_START Set
[09:55:31.071] ---- [Flow] CT_START Set
[09:56:04.927] ---- [Flow] CT_START Set
[09:56:14.171] ---- [Flow] CT_START Set
[09:57:05.705] ---- [Flow] CT_START Set
[10:01:41.437] ---- [Flow] CT_START Set
[10:03:05.185] ---- [Flow] CT_START Set
[10:06:53.032] ---- [Flow] CT_START Set
[10:07:33.022] ---- [Flow] CT_START Set
[10:13:21.685] ---- [Flow] CT_START Set
[10:15:03.978] ---- [Flow] CT_START Set
[10:16:33.821] ---- [Flow] CT_START Set
[10:16:59.973] ---- [Flow] CT_START Set
[10:20:44.928] ---- [Flow] CT_START Set
[10:22:53.468] ---- [Flow] CT_START Set
[10:23:14.964] ---- [Flow] CT_START Set
[10:23:26.036] ---- [Flow] CT_START Set
[10:23:47.441] ---- [Flow] CT_START Set
[10:25:17.883] ---- [Flow] CT_START Set
[10:25:24.826] ---- [Flow] CT_START Set
[10:25:28.185] ---- [Flow] CT_START Set
[10:25:29.957] ---- [Flow] CT_START Set
[10:25:32.460] ---- [Flow] CT_START Set
[10:25:32.828] ---- [Flow] CT_START Set
[10:25:33.006] ---- [Flow] CT_START Set
[10:25:35.584] ---- [Flow] CT_START Set
[10:25:35.817] ---- [Flow] CT_START Set
[10:25:56.632] ---- [Flow] CT_START Set
[10:26:17.755] ---- [Flow] CT_START Set
[10:29:23.716] ---- [Flow] CT_START Set
[10:33:46.050] ---- [Flow] CT_START Set
[10:35:07.981] ---- [Flow] CT_START Set
[10:35:08.994] ---- [Flow] CT_START Set
[10:35:17.995] ---- [Flow] CT_START Set
[10:35:18.667] ---- [Flow] CT_START Set
[10:35:28.740] ---- [Flow] CT_START Set
[10:41:19.491] ---- [Flow] CT_START Set
[10:41:28.456] ---- [Flow] CT_START Set
[10:41:38.359] ---- [Flow] CT_START Set
[10:49:36.913] ---- [Flow] CT_START Set
[10:50:18.438] ---- [Flow] CT_START Set
[10:58:08.392] ---- [Flow] CT_START Set
[10:58:26.666] ---- [Flow] CT_START Set
[11:01:54.947] ---- [Flow] CT_START Set
[11:03:01.908] ---- [Flow] CT_START Set
[11:05:40.402] ---- [Flow] CT_START Set
[11:05:42.757] ---- [Flow] CT_START Set
[11:05:48.012] ---- [Flow] CT_START Set
[11:05:52.710] ---- [Flow] CT_START Set
[11:06:48.395] ---- [Flow] CT_START Set
[11:06:49.330] ---- [Flow] CT_START Set
[11:06:56.418] ---- [Flow] CT_START Set
[11:15:00.964] ---- [Flow] CT_START Set
[11:16:58.784] ---- [Flow] CT_START Set
[11:17:27.233] ---- [Flow] CT_START Set
[11:18:04.718] ---- [Flow] CT_START Set
[11:18:20.682] ---- [Flow] CT_START Set
[11:18:31.735] ---- [Flow] CT_START Set
[11:19:34.198] ---- [Flow] CT_START Set
[11:24:53.750] ---- [Flow] CT_START Set
[11:25:02.319] ---- [Flow] CT_START Set
[11:25:22.992] ---- [Flow] CT_START Set
[11:29:48.409] ---- [Flow] CT_START Set
[11:38:16.179] ---- [Flow] CT_START Set
[11:38:45.701] ---- [Flow] CT_START Set
[11:39:01.198] ---- [Flow] CT_START Set
[11:43:38.754] ---- [Flow] CT_START Set
[11:43:39.391] ---- [Flow] CT_START Set
[11:43:39.659] ---- [Flow] CT_START Set
[11:45:06.470] ---- [Flow] CT_START Set
[11:45:07.039] ---- [Flow] CT_START Set
[11:45:07.750] ---- [Flow] CT_START Set
[11:49:51.813] ---- [Flow] CT_START Set
[11:51:14.208] ---- [Flow] CT_START Set
[11:56:40.380] ---- [Flow] CT_START Set
[11:57:18.446] ---- [Flow] CT_START Set
[11:58:13.743] ---- [Flow] CT_START Set
[11:58:13.919] ---- [Flow] CT_START Set
[11:58:42.965] ---- [Flow] CT_START Set
[11:58:52.536] ---- [Flow] CT_START Set
[11:59:15.659] ---- [Flow] CT_START Set
[11:59:55.043] ---- [Flow] CT_START Set
[12:04:42.334] ---- [Flow] CT_START Set
[12:07:44.743] ---- [Flow] CT_START Set
[12:07:53.602] ---- [Flow] CT_START Set
[12:09:04.452] ---- [Flow] CT_START Set
[12:16:53.785] ---- [Flow] CT_START Set
[12:19:05.284] ---- [Flow] CT_START Set
[12:24:12.475] ---- [Flow] CT_START Set
[12:31:15.587] ---- [Flow] CT_STOP Set
[12:31:15.610] ---- [Event] Auto : CT_STOP
[12:31:15.611] --------- [Monitor] StopTasks() : before m_stopped
[12:31:15.616] --------- [Monitor] StopTasks() : m_stopped
[12:31:15.618] [m_nState] AutoStop State
[12:31:18.383] ---- [Flow] CT_START Set
[12:31:18.406] ---- [Event] AutoStop : CT_START
[12:31:18.407] [m_nState] Auto State
[12:31:18.958] ---- [Flow] CT_START Set
[12:31:43.050] ---- [Flow] CT_START Set
[12:31:45.810] ---- [Flow] CT_START Set
[12:31:53.682] ---- [Flow] CT_START Set
[12:41:03.196] ---- [Flow] CT_START Set
[12:43:22.485] ---- [Flow] CT_START Set
[12:43:24.452] ---- [Flow] CT_START Set
[12:43:32.936] ---- [Flow] CT_START Set
[12:48:04.562] ---- [Flow] CT_START Set
[12:48:16.622] ---- [Flow] CT_START Set
[12:48:17.375] ---- [Flow] CT_START Set
[12:48:17.769] ---- [Flow] CT_START Set
[12:49:51.159] ---- [Flow] CT_START Set
[12:50:20.450] ---- [Flow] CT_STOP Set
[12:50:20.472] ---- [Event] Auto : CT_STOP
[12:50:20.473] --------- [Monitor] StopTasks() : before m_stopped
[12:50:20.512] ---- [Flow] CT_STOP Set
[12:50:20.550] --------- [Monitor] StopTasks() : m_stopped
[12:50:20.552] [m_nState] AutoStop State
[12:50:20.555] ---- [Flow] CT_STOP Set
[12:50:24.067] ---- [Flow] CT_START Set
[12:50:24.089] ---- [Event] AutoStop : CT_START
[12:50:24.090] [m_nState] Auto State
[12:50:51.980] ---- [Flow] CT_START Set
[12:53:14.750] ---- [Flow] CT_START Set
[12:54:34.522] ---- [Flow] CT_START Set
[12:55:32.178] ---- [Flow] CT_START Set
[12:58:19.321] ---- [Flow] CT_START Set
[12:58:30.316] ---- [Flow] CT_START Set
[12:58:54.279] ---- [Flow] CT_START Set
[13:10:24.560] ---- [Flow] CT_START Set
[13:17:31.753] ---- [Flow] CT_START Set
[13:23:43.120] ---- [Flow] CT_START Set
[13:24:21.675] ---- [Flow] CT_START Set
[13:24:33.433] ---- [Flow] CT_START Set
[13:24:35.896] ---- [Flow] CT_START Set
[13:24:49.950] ---- [Flow] CT_START Set
[13:24:53.982] ---- [Flow] CT_START Set
[13:31:45.658] ---- [Flow] CT_START Set
[13:45:12.272] ---- [Flow] CT_START Set
[13:45:43.739] ---- [Flow] CT_STOP Set
[13:45:43.761] ---- [Event] Auto : CT_STOP
[13:45:43.762] --------- [Monitor] StopTasks() : before m_stopped
[13:45:43.813] --------- [Monitor] StopTasks() : m_stopped
[13:45:43.816] [m_nState] AutoStop State
[14:16:43.007] ---- [Flow] CT_START Set
[14:16:43.030] ---- [Event] AutoStop : CT_START
[14:16:43.031] [m_nState] Auto State
[14:16:50.375] ---- [Flow] CT_STOP Set
[14:16:50.398] ---- [Event] Auto : CT_STOP
[14:16:50.399] --------- [Monitor] StopTasks() : before m_stopped
[14:16:50.459] --------- [Monitor] StopTasks() : m_stopped
[14:16:50.460] [m_nState] AutoStop State
[14:16:55.567] ---- [Flow] CT_STOP Set
[14:16:55.608] ---- [Flow] CT_STOP Set
[14:16:55.642] ---- [Flow] CT_STOP Set
[14:16:55.681] ---- [Flow] CT_STOP Set
[14:16:55.720] ---- [Flow] CT_STOP Set
[14:16:56.023] ---- [Flow] CT_STOP Set
[14:16:56.335] ---- [Flow] CT_STOP Set
[14:16:56.368] ---- [Flow] CT_STOP Set
[14:16:56.409] ---- [Flow] CT_STOP Set
[14:16:56.606] ---- [Flow] CT_STOP Set
[14:17:00.967] ---- [Flow] CT_STOP Set
[14:17:01.010] ---- [Flow] CT_STOP Set
[14:17:01.051] ---- [Flow] CT_STOP Set
[14:17:01.090] ---- [Flow] CT_STOP Set
[14:17:01.127] ---- [Flow] CT_STOP Set
[14:17:01.166] ---- [Flow] CT_STOP Set
[14:17:01.205] ---- [Flow] CT_STOP Set
[14:17:01.238] ---- [Flow] CT_STOP Set
[14:17:02.306] ---- [Flow] CT_START Set
[14:17:02.329] ---- [Event] AutoStop : CT_START
[14:17:02.330] [m_nState] Auto State
[14:17:27.743] ---- [Flow] CT_START Set
[14:29:28.301] ---- [Flow] CT_START Set
[14:46:17.418] ---- [Flow] CT_START Set
[14:47:42.526] ---- [Flow] CT_START Set
[15:01:24.791] ---- [Flow] CT_START Set
[15:14:54.838] ---- [Flow] CT_START Set
[15:15:56.707] ---- [Flow] CT_START Set
[15:18:46.491] ---- [Flow] CT_START Set
[15:18:59.233] ---- [Flow] CT_START Set
[15:22:38.881] ---- [Flow] CT_START Set
[15:22:50.925] ---- [Flow] CT_START Set
[15:22:58.799] ---- [Flow] CT_START Set
[15:23:06.750] ---- [Flow] CT_START Set
[15:23:20.401] ---- [Flow] CT_START Set
[15:24:13.166] ---- [Flow] CT_START Set
[15:24:31.404] ---- [Flow] CT_START Set
[15:27:27.707] ---- [Flow] CT_START Set
[15:29:18.278] ---- [Flow] CT_START Set
[15:29:18.475] ---- [Flow] CT_START Set
[15:29:23.458] ---- [Flow] CT_START Set
[15:29:29.125] ---- [Flow] CT_START Set
[15:29:59.257] ---- [Flow] CT_START Set
[15:30:05.049] ---- [Flow] CT_START Set
[15:30:12.516] ---- [Flow] CT_STOP Set
[15:30:12.539] ---- [Event] Auto : CT_STOP
[15:30:12.540] --------- [Monitor] StopTasks() : before m_stopped
[15:30:12.579] ---- [Flow] CT_STOP Set
[15:30:12.629] ---- [Flow] CT_STOP Set
[15:30:12.667] ---- [Flow] CT_STOP Set
[15:30:12.708] ---- [Flow] CT_STOP Set
[15:30:12.791] --------- [Monitor] StopTasks() : m_stopped
[15:30:12.792] [m_nState] AutoStop State
[15:30:14.791] ---- [Flow] CT_STOP Set
[15:30:14.828] ---- [Flow] CT_STOP Set
[15:30:14.860] ---- [Flow] CT_STOP Set
[15:30:14.892] ---- [Flow] CT_STOP Set
[15:30:14.924] ---- [Flow] CT_STOP Set
[15:30:14.957] ---- [Flow] CT_STOP Set
[15:30:14.989] ---- [Flow] CT_STOP Set
[15:30:15.021] ---- [Flow] CT_STOP Set
[15:30:28.380] ---- [Flow] CT_START Set
[15:30:28.403] ---- [Event] AutoStop : CT_START
[15:30:28.404] [m_nState] Auto State
[15:30:30.077] ---- [Flow] CT_START Set
[15:30:43.391] ---- [Flow] CT_START Set
[15:32:33.489] ---- [Flow] CT_START Set
[15:35:46.853] ---- [Flow] CT_START Set
[15:36:30.526] ---- [Flow] CT_START Set
[15:37:20.465] ---- [Flow] CT_START Set
[15:47:31.070] ---- [Flow] CT_START Set
[15:51:44.684] ---- [Flow] CT_START Set
[15:51:44.886] ---- [Flow] CT_START Set
[15:51:47.304] ---- [Flow] CT_START Set
[15:56:35.733] ---- [Flow] CT_START Set
[15:58:05.978] ---- [Flow] CT_START Set
[15:58:26.047] ---- [Flow] CT_START Set
[15:58:40.261] ---- [Flow] CT_START Set
[15:59:20.178] ---- [Flow] CT_START Set
[15:59:33.149] ---- [Flow] CT_START Set
[16:00:08.536] ---- [Flow] CT_START Set
[16:00:22.842] ---- [Flow] CT_START Set
[16:00:30.628] ---- [Flow] CT_START Set
[16:07:43.442] ---- [Flow] CT_START Set
[16:23:09.321] ---- [Flow] CT_START Set
[16:25:43.719] ---- [Flow] CT_START Set
[16:27:22.873] ---- [Flow] CT_START Set
[16:28:39.234] ---- [Flow] CT_START Set
[16:32:31.675] ---- [Flow] CT_START Set
[16:43:42.345] ---- [Flow] CT_START Set
[17:05:32.752] ---- [Flow] CT_START Set
[17:05:42.479] ---- [Flow] CT_STOP Set
[17:05:42.501] ---- [Event] Auto : CT_STOP
[17:05:42.502] --------- [Monitor] StopTasks() : before m_stopped
[17:05:42.533] ---- [Flow] CT_STOP Set
[17:05:42.669] ---- [Flow] CT_STOP Set
[17:05:42.697] --------- [Monitor] StopTasks() : m_stopped
[17:05:42.698] [m_nState] AutoStop State
[17:05:45.605] ---- [Flow] CT_START Set
[17:05:45.627] ---- [Event] AutoStop : CT_START
[17:05:45.628] [m_nState] Auto State
[17:05:46.340] ---- [Flow] CT_START Set
[17:05:53.971] ---- [Flow] CT_START Set
[17:16:05.183] ---- [Flow] CT_START Set
[17:16:16.119] ---- [Flow] CT_START Set
[17:16:16.217] ---- [Flow] CT_START Set
[17:18:57.932] ---- [Flow] CT_START Set
[17:19:04.362] ---- [Flow] CT_START Set
[17:19:10.976] ---- [Flow] CT_START Set
[17:19:19.250] ---- [Flow] CT_START Set
[17:20:48.605] ---- [Flow] CT_START Set
[17:20:48.715] ---- [Flow] CT_START Set
[17:20:50.772] ---- [Flow] CT_START Set
[17:21:07.786] ---- [Flow] CT_START Set
[17:21:07.886] ---- [Flow] CT_START Set
[17:21:19.510] ---- [Flow] CT_START Set
[17:25:05.884] ---- [Flow] CT_START Set
[17:25:08.344] ---- [Flow] CT_START Set
[17:25:15.334] ---- [Flow] CT_START Set
[17:25:15.509] ---- [Flow] CT_START Set
[17:25:18.813] ---- [Flow] CT_START Set
[17:25:29.494] ---- [Flow] CT_START Set
[17:33:58.751] ---- [Flow] CT_START Set
[17:39:33.329] ---- [Flow] CT_START Set
[17:43:23.207] ---- [Flow] CT_START Set
[17:47:09.641] ---- [Flow] CT_START Set
[17:47:23.752] ---- [Flow] CT_START Set
[17:52:55.835] ---- [Flow] CT_START Set
[17:52:57.784] ---- [Flow] CT_START Set
[17:53:06.755] ---- [Flow] CT_START Set
[17:54:26.756] ---- [Flow] CT_START Set
[17:56:33.423] ---- [Flow] CT_START Set
[17:57:39.666] ---- [Flow] CT_START Set
[17:57:48.296] ---- [Flow] CT_START Set
[17:57:59.714] ---- [Flow] CT_START Set
[17:59:23.580] ---- [Flow] CT_START Set
[17:59:30.036] ---- [Flow] CT_START Set
[18:01:04.194] ---- [Flow] CT_START Set
[18:01:04.285] ---- [Flow] CT_START Set
[18:01:07.503] ---- [Flow] CT_START Set
[18:01:07.589] ---- [Flow] CT_START Set
[18:01:07.664] ---- [Flow] CT_START Set
[18:01:11.144] ---- [Flow] CT_START Set
[18:01:11.250] ---- [Flow] CT_START Set
[18:01:11.348] ---- [Flow] CT_START Set
[18:01:29.027] ---- [Flow] CT_START Set
[18:01:37.180] ---- [Flow] CT_START Set
[18:01:37.390] ---- [Flow] CT_START Set
[18:02:04.083] ---- [Flow] CT_START Set
[18:02:04.754] ---- [Flow] CT_START Set
[18:02:19.431] ---- [Flow] CT_START Set
[18:02:28.458] ---- [Flow] CT_START Set
[18:05:15.204] ---- [Flow] CT_START Set
[18:08:36.003] ---- [Flow] CT_START Set
[18:08:39.307] ---- [Flow] CT_START Set
[18:08:43.254] ---- [Flow] CT_START Set
[18:08:47.140] ---- [Flow] CT_STOP Set
[18:08:47.163] ---- [Event] Auto : CT_STOP
[18:08:47.164] --------- [Monitor] StopTasks() : before m_stopped
[18:08:47.416] --------- [Monitor] StopTasks() : m_stopped
[18:08:47.417] [m_nState] AutoStop State
[18:08:59.736] ---- [Flow] CT_START Set
[18:08:59.758] ---- [Event] AutoStop : CT_START
[18:08:59.759] [m_nState] Auto State
[18:08:59.988] ---- [Flow] CT_START Set
[18:09:00.893] ---- [Flow] CT_START Set
[18:09:04.707] ---- [Flow] CT_STOP Set
[18:09:04.729] ---- [Event] Auto : CT_STOP
[18:09:04.730] --------- [Monitor] StopTasks() : before m_stopped
[18:09:05.166] ---- [Flow] CT_START Set
[18:09:05.991] ---- [Flow] CT_STOP Set
[18:09:07.459] --------- [Monitor] StopTasks() : m_stopped
[18:09:07.460] [m_nState] AutoStop State
[18:09:07.821] ---- [Flow] CT_START Set
[18:09:07.843] ---- [Event] AutoStop : CT_START
[18:09:07.844] [m_nState] Auto State
[18:09:07.858] ---- [Flow] CT_START Set
[18:09:09.108] ---- [Flow] CT_START Set
[18:09:11.698] ---- [Flow] CT_START Set
[18:09:22.458] ---- [Flow] CT_START Set
[18:09:24.054] ---- [Flow] CT_START Set
[18:10:56.462] ---- [Flow] CT_START Set
[18:10:58.220] ---- [Flow] CT_START Set
[18:22:44.827] ---- [Flow] CT_START Set
[18:35:06.316] ---- [Flow] CT_START Set
[18:46:11.608] ---- [Flow] CT_START Set
[19:01:09.018] ---- [Flow] CT_STOP Set
[19:01:09.041] ---- [Event] Auto : CT_STOP
[19:01:09.041] --------- [Monitor] StopTasks() : before m_stopped
[19:01:09.823] --------- [Monitor] StopTasks() : m_stopped
[19:01:09.824] [m_nState] AutoStop State
[19:20:04.526] ---- [Flow] CT_START Set
[19:20:04.548] ---- [Event] AutoStop : CT_START
[19:20:04.549] [m_nState] Auto State
[19:20:04.907] ---- [Flow] CT_START Set
[19:23:54.115] ---- [Flow] CT_START Set
[19:30:35.339] ---- [Flow] CT_START Set
[19:33:01.171] ---- [Flow] CT_START Set
[19:33:09.764] ---- [Flow] CT_STOP Set
[19:33:09.787] ---- [Event] Auto : CT_STOP
[19:33:09.788] --------- [Monitor] StopTasks() : before m_stopped
[19:33:09.799] --------- [Monitor] StopTasks() : m_stopped
[19:33:09.800] [m_nState] AutoStop State
[19:33:09.834] ---- [Flow] CT_STOP Set
[19:33:09.873] ---- [Flow] CT_STOP Set
[19:33:09.906] ---- [Flow] CT_STOP Set
[19:33:09.943] ---- [Flow] CT_STOP Set
[19:33:10.784] ---- [Flow] CT_STOP Set
[19:33:11.268] ---- [Flow] CT_START Set
[19:33:11.291] ---- [Event] AutoStop : CT_START
[19:33:11.291] [m_nState] Auto State
[19:33:12.177] ---- [Flow] CT_STOP Set
[19:33:12.200] ---- [Event] Auto : CT_STOP
[19:33:12.201] --------- [Monitor] StopTasks() : before m_stopped
[19:33:12.215] --------- [Monitor] StopTasks() : m_stopped
[19:33:12.216] [m_nState] AutoStop State
[19:33:12.847] ---- [Flow] CT_START Set
[19:33:12.870] ---- [Event] AutoStop : CT_START
[19:33:12.871] [m_nState] Auto State
[19:33:14.510] ---- [Flow] CT_STOP Set
[19:33:14.533] ---- [Event] Auto : CT_STOP
[19:33:14.534] --------- [Monitor] StopTasks() : before m_stopped
[19:33:14.670] ---- [Flow] CT_STOP Set
[19:33:15.441] ---- [Flow] CT_START Set
[19:33:18.075] --------- [Monitor] StopTasks() : m_stopped
[19:33:18.076] [m_nState] AutoStop State
[19:33:18.190] ---- [Flow] CT_STOP Set
[19:33:18.733] ---- [Flow] CT_START Set
[19:33:18.755] ---- [Event] AutoStop : CT_START
[19:33:18.756] [m_nState] Auto State
[19:33:19.655] ---- [Flow] CT_START Set
[19:36:04.212] ---- [Flow] CT_START Set
[19:36:08.286] ---- [Flow] CT_STOP Set
[19:36:08.308] ---- [Event] Auto : CT_STOP
[19:36:08.309] --------- [Monitor] StopTasks() : before m_stopped
[19:36:08.630] --------- [Monitor] StopTasks() : m_stopped
[19:36:08.632] [m_nState] AutoStop State
[19:36:09.088] ---- [Flow] CT_START Set
[19:36:09.111] ---- [Event] AutoStop : CT_START
[19:36:09.112] [m_nState] Auto State
[19:36:09.853] ---- [Flow] CT_STOP Set
[19:36:09.875] ---- [Event] Auto : CT_STOP
[19:36:09.876] --------- [Monitor] StopTasks() : before m_stopped
[19:36:09.919] --------- [Monitor] StopTasks() : m_stopped
[19:36:09.920] [m_nState] AutoStop State
[19:36:12.903] ---- [Flow] CT_START Set
[19:36:12.925] ---- [Event] AutoStop : CT_START
[19:36:12.926] [m_nState] Auto State
[19:36:19.147] ---- [Flow] CT_STOP Set
[19:36:19.169] ---- [Event] Auto : CT_STOP
[19:36:19.170] --------- [Monitor] StopTasks() : before m_stopped
[19:36:19.205] ---- [Flow] CT_STOP Set
[19:36:19.221] --------- [Monitor] StopTasks() : m_stopped
[19:36:19.222] [m_nState] AutoStop State
[19:36:19.238] ---- [Flow] CT_STOP Set
[19:37:15.140] ---- [Flow] CT_START Set
[19:37:15.163] ---- [Event] AutoStop : CT_START
[19:37:15.164] [m_nState] Auto State
[19:37:27.006] ---- [Flow] CT_START Set
[19:37:28.187] ---- [Flow] CT_START Set
[19:47:05.642] ---- [Flow] CT_START Set
[19:49:26.471] ---- [Flow] CT_START Set
[19:50:32.763] ---- [Flow] CT_STOP Set
[19:50:32.787] ---- [Event] Auto : CT_STOP
[19:50:32.788] --------- [Monitor] StopTasks() : before m_stopped
[19:50:32.790] --------- [Monitor] StopTasks() : m_stopped
[19:50:32.791] [m_nState] AutoStop State
[19:50:32.844] ---- [Flow] CT_STOP Set
[19:50:32.883] ---- [Flow] CT_STOP Set
[20:46:22.487] ---- [Flow] CT_START Set
[20:46:22.509] ---- [Event] AutoStop : CT_START
[20:46:22.510] [m_nState] Auto State
[20:46:23.209] ---- [Flow] CT_START Set
[20:46:40.694] ---- [Flow] CT_START Set
[20:46:42.291] ---- [Flow] CT_START Set
[20:46:54.586] ---- [Flow] CT_START Set
[20:46:58.787] ---- [Flow] CT_START Set
[20:47:02.382] ---- [Flow] CT_START Set
[20:47:18.416] ---- [Flow] CT_START Set
[20:47:26.794] ---- [Flow] CT_START Set
[20:47:59.668] ---- [Flow] CT_START Set
[20:48:06.013] ---- [Flow] CT_START Set
[20:59:44.552] ---- [Flow] CT_START Set
[21:00:51.053] ---- [Flow] CT_START Set
[21:00:53.062] ---- [Flow] CT_START Set
[21:05:25.775] ---- [Flow] CT_START Set
[21:05:25.930] ---- [Flow] CT_START Set
[21:05:26.569] ---- [Flow] CT_START Set
[21:06:04.916] ---- [Flow] CT_START Set
[21:06:13.430] ---- [Flow] CT_START Set
[21:06:55.266] ---- [Flow] CT_START Set
[21:08:49.598] ---- [Flow] CT_START Set
[21:40:26.961] ---- [Flow] CT_START Set
[21:44:08.144] ---- [Flow] CT_START Set
[21:49:59.383] ---- [Flow] CT_START Set
[22:03:20.666] ---- [Flow] CT_START Set
[22:14:10.173] ---- [Flow] CT_START Set
[22:23:31.279] ---- [Flow] CT_START Set
[22:35:53.443] ---- [Flow] CT_START Set
[22:43:36.938] ---- [Flow] CT_START Set
[22:44:08.335] ---- [Flow] CT_START Set
[22:44:09.809] ---- [Flow] CT_START Set
[22:44:10.008] ---- [Flow] CT_START Set
[22:44:32.731] ---- [Flow] CT_START Set
[22:44:41.754] ---- [Flow] CT_START Set
[22:58:25.904] ---- [Flow] CT_START Set
[22:58:26.109] ---- [Flow] CT_START Set
[22:58:28.188] ---- [Flow] CT_START Set
[23:06:56.819] ---- [Flow] CT_START Set
[23:08:41.703] ---- [Flow] CT_START Set
[23:21:56.584] ---- [Flow] CT_STOP Set
[23:21:56.607] ---- [Event] Auto : CT_STOP
[23:21:56.608] --------- [Monitor] StopTasks() : before m_stopped
[23:21:56.634] --------- [Monitor] StopTasks() : m_stopped
[23:21:56.635] [m_nState] AutoStop State
[23:30:48.852] ---- [Flow] CT_START Set
[23:30:48.875] ---- [Event] AutoStop : CT_START
[23:30:48.875] [m_nState] Auto State
[23:30:50.072] ---- [Flow] CT_START Set
[23:31:49.329] ---- [Flow] CT_START Set
[23:37:06.811] ---- [Flow] CT_START Set
[23:37:24.686] ---- [Flow] CT_START Set
[23:37:37.109] ---- [Flow] CT_START Set
[23:38:25.465] ---- [Flow] CT_START Set
[23:43:15.742] ---- [Flow] CT_START Set
[23:44:02.045] ---- [Flow] CT_START Set
[23:44:02.239] ---- [Flow] CT_START Set
[23:44:02.965] ---- [Flow] CT_START Set
[23:44:03.074] ---- [Flow] CT_START Set
[23:44:03.189] ---- [Flow] CT_START Set
[23:44:03.910] ---- [Flow] CT_START Set
