[00:02:04.124] [RightTransferStation] Move XY Axis Error
[00:02:14.615] [RightTransferStation] Move XY Axis Error
[00:08:57.820] [RightTransferStation] Move XY Axis Error
[00:09:12.001] [RightTransferStation] Move XY Axis Error
[00:09:36.472] [RightTransferStation] Move XY Axis Error
[00:09:52.879] [RightTransferStation] Move XY Axis Error
[00:15:45.166] [RightTransferStation] Move XY Axis Error
[00:16:06.696] [RightTransferStation] Move XY Axis Error
[00:16:20.234] [RightTransferStation] Move XY Axis Error
[00:16:38.687] [RightTransferStation] Move XY Axis Error
[00:17:15.424] [RightTransferStation] Move XY Axis Error
[00:17:31.615] [RightTransferStation] Move XY Axis Error
[00:21:29.551] [RightTransferStation] Move XY Axis Error
[00:21:46.191] [RightTransferStation] Move XY Axis Error
[00:21:52.231] [RightTransferStation] Move XY Axis Error
[00:21:53.915] [RightTransferStation] Move XY Axis Error
[00:21:55.589] [RightTransferStation] Move XY Axis Error
[00:22:05.543] [RightTransferStation] Move XY Axis Error
[00:23:38.239] [RightTransferStation] Move XY Axis Error
[00:23:44.554] [RightTransferStation] Move XY Axis Error
[00:23:51.675] [RightTransferStation] Move XY Axis Error
[00:36:22.357] [RightTransferStation] Move XY Axis Error
[00:36:37.800] [RightTransferStation] Move XY Axis Error
[00:51:26.561] [RightTransferStation] Move XY Axis Error
[00:52:12.407] [RightTransferStation] Move XY Axis Error
[00:58:13.884] [RightTransferStation] Move XY Axis Error
[00:58:30.821] [RightTransferStation] Move XY Axis Error
[00:59:38.350] [RightTransferStation] Move XY Axis Error
[01:01:51.748] [RightTransferStation] Move XY Axis Error
[01:05:47.631] [RightTransferStation] Move XY Axis Error
[01:06:15.431] [RightTransferStation] Move XY Axis Error
[01:07:41.083] [RightTransferStation] Move XY Axis Error
[01:07:59.464] [RightTransferStation] Move XY Axis Error
[01:14:14.859] [RightTransferStation] Move XY Axis Error
[01:14:38.770] [RightTransferStation] Move XY Axis Error
[01:15:29.303] [RightTransferStation] Move XY Axis Error
[01:15:41.039] [RightTransferStation] Move XY Axis Error
[01:15:42.854] [RightTransferStation] Move XY Axis Error
[01:15:57.176] [RightTransferStation] Move XY Axis Error
[01:21:45.811] [RightTransferStation] Move XY Axis Error
[01:22:00.261] [RightTransferStation] Move XY Axis Error
[01:22:09.464] [RightTransferStation] Move XY Axis Error
[01:41:52.641] [RightTransferStation] Move XY Axis Error
[01:41:56.928] [RightTransferStation] Move XY Axis Error
[01:42:01.130] [RightTransferStation] Move XY Axis Error
[01:42:07.478] [RightTransferStation] Move XY Axis Error
[01:54:39.847] [RightTransferStation] Move XY Axis Error
[01:54:45.835] [RightTransferStation] Move XY Axis Error
[01:54:49.881] [RightTransferStation] Move XY Axis Error
[01:54:51.687] [RightTransferStation] Move XY Axis Error
[01:54:55.683] [RightTransferStation] Move XY Axis Error
[02:00:58.969] [RightTransferStation] Move XY Axis Error
[02:01:04.260] [RightTransferStation] Move XY Axis Error
[02:05:15.546] [LeftPPStation] Load Cylinder Vacuum Error
[02:07:04.304] [RightTransferStation] Move XY Axis Error
[02:07:27.056] [RightTransferStation] Move XY Axis Error
[02:07:31.961] [RightTransferStation] Move XY Axis Error
[02:08:16.162] [RightTransferStation] Move XY Axis Error
[02:08:26.975] [RightTransferStation] Move XY Axis Error
[02:08:36.611] [RightTransferStation] Move XY Axis Error
[02:08:41.270] [RightTransferStation] Move XY Axis Error
[02:08:52.578] [RightTransferStation] Move XY Axis Error
[02:09:15.767] [RightTransferStation] Move XY Axis Error
[02:09:28.463] [RightTransferStation] Move XY Axis Error
[02:15:37.856] [RightTransferStation] Move XY Axis Error
[02:15:58.223] [RightTransferStation] Move XY Axis Error
[02:16:39.409] [RightTransferStation] Move XY Axis Error
[02:16:51.865] [RightTransferStation] Move XY Axis Error
[02:29:46.085] [RightTransferStation] Move XY Axis Error
[02:29:56.999] [RightTransferStation] Move XY Axis Error
[02:31:35.298] [RightTransferStation] Move XY Axis Error
[02:31:52.940] [RightTransferStation] Move XY Axis Error
[02:31:54.836] [RightTransferStation] Move XY Axis Error
[02:31:57.256] [RightTransferStation] Move XY Axis Error
[02:32:01.797] [RightTransferStation] Move XY Axis Error
[02:32:06.604] [RightTransferStation] Move XY Axis Error
[02:35:24.963] [RightTransferStation] Move XY Axis Error
[02:35:39.725] [RightTransferStation] Move XY Axis Error
[02:42:12.274] [RightTransferStation] Move XY Axis Error
[02:43:35.162] [RightTransferStation] Move XY Axis Error
[02:43:39.217] [RightTransferStation] Move XY Axis Error
[02:43:48.098] [RightTransferStation] Move XY Axis Error
[02:43:55.919] [RightTransferStation] Move XY Axis Error
[02:58:21.732] [RightTransferStation] Move XY Axis Error
[02:58:37.322] [RightTransferStation] Move XY Axis Error
[03:00:24.668] [RightTransferStation] Move XY Axis Error
[03:00:39.816] [RightTransferStation] Move XY Axis Error
[03:00:41.706] [RightTransferStation] Move XY Axis Error
[03:00:51.728] [RightTransferStation] Move XY Axis Error
[03:00:53.541] [RightTransferStation] Move XY Axis Error
[03:01:00.532] [RightTransferStation] Move XY Axis Error
[03:01:02.317] [RightTransferStation] Move XY Axis Error
[03:05:26.438] [RightTransferStation] Move XY Axis Error
[03:05:36.895] [RightTransferStation] Move XY Axis Error
[03:12:27.161] [RightTransferStation] Move XY Axis Error
[03:12:40.965] [RightTransferStation] Move XY Axis Error
[03:19:32.390] [RightTransferStation] Move XY Axis Error
[03:19:44.901] [RightTransferStation] Move XY Axis Error
[03:25:30.120] [RightTransferStation] Move XY Axis Error
[03:25:47.662] [RightTransferStation] Move XY Axis Error
[03:26:42.271] [RightTransferStation] Move XY Axis Error
[03:27:06.350] [RightTransferStation] Move XY Axis Error
[03:49:18.267] [RightTransferStation] Move XY Axis Error
[03:49:32.809] [RightTransferStation] Move XY Axis Error
[03:53:57.471] [RightTransferStation] Move XY Axis Error
[03:54:09.817] [RightTransferStation] Move XY Axis Error
[03:54:12.773] [RightTransferStation] Move XY Axis Error
[03:54:14.605] [RightTransferStation] Move XY Axis Error
[03:54:24.812] [RightTransferStation] Move XY Axis Error
[03:56:27.216] [RightTransferStation] Move XY Axis Error
[03:56:39.827] [RightTransferStation] Move XY Axis Error
[03:56:45.129] [RightTransferStation] Move XY Axis Error
[04:00:07.249] [RightTransferStation] Move XY Axis Error
[04:01:32.854] [RightTransferStation] Move XY Axis Error
[04:02:42.365] [RightTransferStation] Move XY Axis Error
[04:06:11.180] [MainControlStation] Left Door Open
[06:55:28.224] [RightTransferStation] Move XY Axis Error
[06:57:28.085] [RightTransferStation] Move XY Axis Error
[07:02:24.291] [RightTransferStation] Move XY Axis Error
[07:05:00.583] [RightTransferStation] Move XY Axis Error
[07:11:39.069] [RightTransferStation] Move XY Axis Error
[07:12:32.188] [RightTransferStation] Move XY Axis Error
[07:13:00.241] [RightTransferStation] Move XY Axis Error
[07:13:19.943] [RightTransferStation] Move XY Axis Error
[07:19:52.760] [RightTransferStation] Move XY Axis Error
[07:20:13.042] [RightTransferStation] Move XY Axis Error
[07:20:39.115] [RightTransferStation] Move XY Axis Error
[07:20:51.662] [RightTransferStation] Move XY Axis Error
[07:27:24.811] [RightTransferStation] Move XY Axis Error
[07:27:36.872] [RightTransferStation] Move XY Axis Error
[07:28:01.837] [RightTransferStation] Move XY Axis Error
[07:28:49.207] [RightTransferStation] Move XY Axis Error
[07:34:45.939] [RightTransferStation] Move XY Axis Error
[07:35:10.929] [RightTransferStation] Move XY Axis Error
[07:41:49.031] [RightTransferStation] Move XY Axis Error
[07:42:06.438] [LeftTransferStation] Vacuum Error
[07:42:12.775] [RightTransferStation] Move XY Axis Error
[07:42:44.219] [RightTransferStation] Move XY Axis Error
[07:43:17.373] [RightTransferStation] Move XY Axis Error
[07:50:13.786] [RightTransferStation] Move XY Axis Error
[07:50:31.392] [RightTransferStation] Move XY Axis Error
[07:55:31.249] [RightTransferStation] Move XY Axis Error
[07:55:42.144] [RightTransferStation] Move XY Axis Error
[08:03:52.994] [RightTransferStation] Move XY Axis Error
[08:06:35.642] [RightTransferStation] Move XY Axis Error
[08:09:02.099] [RightTransferStation] Move XY Axis Error
[08:13:48.295] [RightTransferStation] Move XY Axis Error
[08:14:11.818] [RightTransferStation] Move XY Axis Error
[08:16:24.675] [RightTransferStation] Move XY Axis Error
[08:16:33.494] [RightTransferStation] Move XY Axis Error
[08:16:36.021] [RightTransferStation] Move XY Axis Error
[08:16:39.532] [RightTransferStation] Move XY Axis Error
[08:16:55.684] [RightTransferStation] Move XY Axis Error
[08:23:25.391] [RightTransferStation] Move XY Axis Error
[08:23:30.572] [RightTransferStation] Move XY Axis Error
[08:23:52.103] [RightTransferStation] Move XY Axis Error
[08:23:56.414] [RightTransferStation] Move XY Axis Error
[08:30:18.289] [RightTransferStation] Move XY Axis Error
[08:30:25.068] [RightTransferStation] Move XY Axis Error
[08:30:28.675] [RightTransferStation] Move XY Axis Error
[08:37:43.438] [RightTransferStation] Move XY Axis Error
[08:37:52.687] [RightTransferStation] Move XY Axis Error
[08:44:11.945] [RightTransferStation] Move XY Axis Error
[08:44:17.582] [RightTransferStation] Move XY Axis Error
[08:44:24.158] [RightTransferStation] Move XY Axis Error
[08:44:26.326] [RightTransferStation] Move XY Axis Error
[08:44:44.774] [RightTransferStation] Move XY Axis Error
[08:44:46.907] [RightTransferStation] Move XY Axis Error
[08:51:35.714] [RightTransferStation] Move XY Axis Error
[08:51:40.356] [RightTransferStation] Move XY Axis Error
[08:51:42.226] [RightTransferStation] Move XY Axis Error
[08:51:49.117] [RightTransferStation] Move XY Axis Error
[08:58:34.338] [RightTransferStation] Move XY Axis Error
[09:04:18.263] [LeftTransferStation] Vacuum Error
[09:04:36.834] [LeftTransferStation] Move Z Axis Error
[09:04:40.451] [LeftTransferStation] Move Z Axis Error
[09:05:10.187] [LeftTransferStation] Move Z Axis Error
[09:05:12.373] [LeftTransferStation] Move Z Axis Error
[09:13:07.517] [RightTransferStation] Move XY Axis Error
[09:13:09.759] [RightTransferStation] Move XY Axis Error
[09:17:18.328] [RightTransferStation] Move XY Axis Error
[09:17:21.003] [RightTransferStation] Move XY Axis Error
[09:17:22.916] [RightTransferStation] Move XY Axis Error
[09:17:24.860] [RightTransferStation] Move XY Axis Error
[09:17:27.977] [RightTransferStation] Move XY Axis Error
[09:19:19.056] [RightTransferStation] Move XY Axis Error
[09:19:38.439] [RightTransferStation] Move XY Axis Error
[09:26:18.624] [RightTransferStation] Move XY Axis Error
[09:26:28.696] [RightTransferStation] Move XY Axis Error
[09:36:10.379] [RightTransferStation] Move XY Axis Error
[09:36:26.142] [RightTransferStation] Move XY Axis Error
[09:43:32.635] [RightTransferStation] Move XY Axis Error
[09:43:43.051] [RightTransferStation] Move XY Axis Error
[09:57:45.272] [RightTransferStation] Move XY Axis Error
[09:57:51.280] [RightTransferStation] Move XY Axis Error
[09:57:53.139] [RightTransferStation] Move XY Axis Error
[09:57:55.049] [RightTransferStation] Move XY Axis Error
[09:59:32.846] [LeftPPStation] Load Buffer Set Exist
[09:59:48.853] [LeftPPStation] Load Buffer Set Exist
[09:59:53.030] [LeftPPStation] Load Buffer Set Exist
[09:59:56.074] [LeftPPStation] Load Buffer Set Exist
[10:00:23.321] [LeftTransferStation] Vacuum Error
[10:02:24.901] [RightTransferStation] Move XY Axis Error
[10:02:34.773] [RightTransferStation] Move XY Axis Error
[10:05:00.104] [RightTransferStation] Move XY Axis Error
[10:05:11.817] [RightTransferStation] Move XY Axis Error
[10:06:41.237] [RightTransferStation] Move XY Axis Error
[10:06:53.878] [RightTransferStation] Move XY Axis Error
[10:10:48.021] [RightTransferStation] Move XY Axis Error
[10:12:09.435] [RightTransferStation] Move XY Axis Error
[10:14:20.713] [RightTransferStation] Move XY Axis Error
[10:14:43.795] [RightTransferStation] Move XY Axis Error
[10:29:18.920] [RightTransferStation] Move XY Axis Error
[10:30:34.775] [RightTransferStation] Move XY Axis Error
[10:31:34.417] [RightTransferStation] Move XY Axis Error
[10:32:41.986] [RightTransferStation] Move XY Axis Error
[10:34:01.798] [RightTransferStation] Move XY Axis Error
[10:34:11.629] [RightTransferStation] Move XY Axis Error
[10:38:53.157] [RightTransferStation] Move XY Axis Error
[10:39:05.248] [RightTransferStation] Move XY Axis Error
[10:39:10.250] [RightTransferStation] Move XY Axis Error
[10:39:22.780] [RightTransferStation] Move XY Axis Error
[10:40:42.179] [RightTransferStation] Move XY Axis Error
[10:40:51.237] [RightTransferStation] Move XY Axis Error
[10:47:40.900] [RightTransferStation] Move XY Axis Error
[10:47:54.274] [RightTransferStation] Move XY Axis Error
[10:58:50.988] [RightTransferStation] Move XY Axis Error
[10:59:02.963] [RightTransferStation] Move XY Axis Error
[11:04:24.648] [RightTransferStation] Move XY Axis Error
[11:04:39.494] [RightTransferStation] Move XY Axis Error
[11:04:44.318] [RightTransferStation] Move XY Axis Error
[11:04:58.050] [RightTransferStation] Move XY Axis Error
[11:11:23.108] [RightTransferStation] Move XY Axis Error
[11:11:36.575] [RightTransferStation] Move XY Axis Error
[11:11:38.486] [RightTransferStation] Move XY Axis Error
[11:11:40.353] [RightTransferStation] Move XY Axis Error
[11:12:01.910] [RightTransferStation] Move XY Axis Error
[11:18:59.369] [RightTransferStation] Move XY Axis Error
[11:19:15.717] [RightTransferStation] Move XY Axis Error
[11:20:43.440] [RightTransferStation] Move XY Axis Error
[11:20:56.318] [RightTransferStation] Move XY Axis Error
[11:35:28.684] [RightTransferStation] Move XY Axis Error
[11:35:49.080] [RightTransferStation] Move XY Axis Error
[12:24:05.949] [RightTransferStation] Move XY Axis Error
[12:25:04.055] [RightTransferStation] Move XY Axis Error
[12:26:43.271] [RightTransferStation] Move XY Axis Error
[12:26:54.796] [RightTransferStation] Move XY Axis Error
[12:31:18.792] [RightTransferStation] Move XY Axis Error
[12:31:32.663] [RightTransferStation] Move XY Axis Error
[12:33:33.887] [RightTransferStation] Move XY Axis Error
[12:33:46.634] [RightTransferStation] Move XY Axis Error
[12:41:32.760] [RightTransferStation] Move XY Axis Error
[12:41:55.684] [RightTransferStation] Move XY Axis Error
[12:47:26.526] [RightPPStation] Load Cylinder Vacuum Error
[12:48:02.053] [RightTransferStation] Move XY Axis Error
[12:48:23.956] [RightTransferStation] Move XY Axis Error
[12:48:42.653] [RightTransferStation] Move XY Axis Error
[12:49:39.891] [RightTransferStation] Move XY Axis Error
[12:55:16.598] [RightTransferStation] Move XY Axis Error
[12:55:35.660] [RightTransferStation] Move XY Axis Error
[12:56:09.485] [RightTransferStation] Move XY Axis Error
[12:56:23.231] [RightTransferStation] Move XY Axis Error
[13:00:30.830] [RightTransferStation] Move XY Axis Error
[13:00:46.163] [RightTransferStation] Move XY Axis Error
[13:02:31.783] [RightTransferStation] Move XY Axis Error
[13:02:45.531] [RightTransferStation] Move XY Axis Error
[13:09:09.239] [RightTransferStation] Move XY Axis Error
[13:09:58.484] [RightTransferStation] Move XY Axis Error
[13:11:33.664] [RightTransferStation] Move XY Axis Error
[13:12:37.750] [RightTransferStation] Move XY Axis Error
[13:15:18.419] [RightTransferStation] Move XY Axis Error
[13:15:29.024] [RightTransferStation] Move XY Axis Error
[13:21:15.436] [RightTransferStation] Move XY Axis Error
[13:22:32.948] [RightTransferStation] Move XY Axis Error
[13:29:14.008] [RightTransferStation] Move XY Axis Error
[13:29:27.295] [RightTransferStation] Move XY Axis Error
[13:29:29.882] [RightTransferStation] Move XY Axis Error
[13:29:51.317] [RightTransferStation] Move XY Axis Error
[13:36:57.349] [RightTransferStation] Move XY Axis Error
[13:38:07.687] [RightTransferStation] Move XY Axis Error
[13:44:39.740] [RightTransferStation] Move XY Axis Error
[13:45:36.152] [RightTransferStation] Move XY Axis Error
[13:46:55.837] [RightTransferStation] Move XY Axis Error
[13:47:05.521] [RightTransferStation] Move XY Axis Error
[13:52:44.320] [RightTransferStation] Move XY Axis Error
[13:53:00.457] [RightTransferStation] Move XY Axis Error
[13:54:23.007] [RightTransferStation] Move XY Axis Error
[13:54:25.164] [RightTransferStation] Move XY Axis Error
[13:55:57.452] [RightTransferStation] Move XY Axis Error
[14:02:53.622] [RightTransferStation] Move XY Axis Error
[14:03:37.469] [RightTransferStation] Move XY Axis Error
[14:10:21.893] [RightTransferStation] Move XY Axis Error
[14:10:33.237] [RightTransferStation] Move XY Axis Error
[14:14:23.062] [RightTransferStation] Move XY Axis Error
[14:15:40.546] [RightTransferStation] Move XY Axis Error
[14:17:25.272] [RightTransferStation] Move XY Axis Error
[14:17:37.207] [RightTransferStation] Move XY Axis Error
[14:22:16.139] [RightTransferStation] Move XY Axis Error
[14:22:29.147] [RightTransferStation] Move XY Axis Error
[14:22:34.587] [RightTransferStation] Move XY Axis Error
[14:22:46.282] [RightTransferStation] Move XY Axis Error
[14:24:14.343] [RightTransferStation] Move XY Axis Error
[14:24:30.788] [RightTransferStation] Move XY Axis Error
[14:24:35.895] [RightTransferStation] Move XY Axis Error
[14:24:37.944] [RightTransferStation] Move XY Axis Error
[14:43:56.168] [RightTransferStation] Move XY Axis Error
[14:44:06.631] [RightTransferStation] Move XY Axis Error
[14:50:33.146] [RightTransferStation] Move XY Axis Error
[14:51:11.111] [RightTransferStation] Move XY Axis Error
[14:51:27.223] [RightTransferStation] Move XY Axis Error
[14:55:27.398] [RightTransferStation] Move XY Axis Error
[14:57:05.714] [RightTransferStation] Move XY Axis Error
[15:03:52.727] [RightTransferStation] Move XY Axis Error
[15:04:02.516] [RightTransferStation] Move XY Axis Error
[15:06:40.672] [RightTransferStation] Move XY Axis Error
[15:06:58.808] [RightTransferStation] Move XY Axis Error
[15:13:44.185] [RightTransferStation] Move XY Axis Error
[15:14:00.387] [RightTransferStation] Move XY Axis Error
[15:15:55.069] [RightTransferStation] Move XY Axis Error
[15:16:31.031] [RightTransferStation] Move XY Axis Error
[15:17:19.031] [RightPPStation] Load Cylinder Up Error
[15:17:34.989] [RightPPStation] Load Cylinder Up Error
[15:17:38.846] [RightPPStation] Load Cylinder Vacuum Error
[15:21:04.412] [RightTransferStation] Move XY Axis Error
[15:21:54.000] [RightTransferStation] Move XY Axis Error
[15:24:38.536] [RightTransferStation] Move XY Axis Error
[15:24:50.250] [RightTransferStation] Move XY Axis Error
[15:24:55.060] [RightTransferStation] Move XY Axis Error
[15:25:34.793] [RightTransferStation] Move XY Axis Error
[15:26:26.171] [RightPPStation] Load Cylinder Vacuum Error
[15:28:43.187] [RightTransferStation] Move XY Axis Error
[15:28:55.061] [RightTransferStation] Move XY Axis Error
[15:28:57.017] [RightTransferStation] Move XY Axis Error
[15:28:58.768] [RightTransferStation] Move XY Axis Error
[15:29:00.645] [RightTransferStation] Move XY Axis Error
[15:29:09.102] [RightTransferStation] Move XY Axis Error
[15:32:00.817] [RightTransferStation] Move XY Axis Error
[15:32:11.195] [RightTransferStation] Move XY Axis Error
[15:32:13.048] [RightTransferStation] Move XY Axis Error
[15:32:14.833] [RightTransferStation] Move XY Axis Error
[15:32:17.796] [RightTransferStation] Move XY Axis Error
[15:32:20.600] [RightTransferStation] Move XY Axis Error
[15:32:24.344] [RightTransferStation] Move XY Axis Error
[15:32:26.158] [RightTransferStation] Move XY Axis Error
[15:32:27.888] [RightTransferStation] Move XY Axis Error
[15:32:29.622] [RightTransferStation] Move XY Axis Error
[15:32:31.421] [RightTransferStation] Move XY Axis Error
[15:32:33.118] [RightTransferStation] Move XY Axis Error
[15:32:35.241] [RightTransferStation] Move XY Axis Error
[15:32:38.121] [RightTransferStation] Move XY Axis Error
[15:32:50.350] [RightTransferStation] Move XY Axis Error
[23:59:34.218] [LeftTransferStation] Move XY Axis Error
