[00:02:13.255] ---- [Flow] CT_START Set
[00:02:14.111] ---- [Flow] CT_START Set
[00:02:19.268] ---- [Flow] CT_START Set
[00:09:05.975] ---- [Flow] CT_START Set
[00:09:22.189] ---- [Flow] CT_START Set
[00:09:51.607] ---- [Flow] CT_START Set
[00:09:52.194] ---- [Flow] CT_START Set
[00:16:05.824] ---- [Flow] CT_START Set
[00:16:15.805] ---- [Flow] CT_START Set
[00:16:37.495] ---- [Flow] CT_START Set
[00:16:37.746] ---- [Flow] CT_START Set
[00:17:30.382] ---- [Flow] CT_START Set
[00:17:30.803] ---- [Flow] CT_START Set
[00:21:45.778] ---- [Flow] CT_START Set
[00:21:46.250] ---- [Flow] CT_START Set
[00:21:46.947] ---- [Flow] CT_START Set
[00:21:53.157] ---- [Flow] CT_START Set
[00:21:55.295] ---- [Flow] CT_START Set
[00:21:55.677] ---- [Flow] CT_START Set
[00:22:04.850] ---- [Flow] CT_START Set
[00:22:05.348] ---- [Flow] CT_START Set
[00:22:05.621] ---- [Flow] CT_START Set
[00:23:43.808] ---- [Flow] CT_START Set
[00:23:50.533] ---- [Flow] CT_START Set
[00:23:50.872] ---- [Flow] CT_START Set
[00:27:51.351] ---- [Flow] CT_STOP Set
[00:27:51.374] ---- [Event] Auto : CT_STOP
[00:27:51.375] --------- [Monitor] StopTasks() : before m_stopped
[00:27:51.405] --------- [Monitor] StopTasks() : m_stopped
[00:27:51.406] [m_nState] AutoStop State
[00:27:51.680] ---- [Flow] CT_STOP Set
[00:27:51.713] ---- [Flow] CT_STOP Set
[00:27:51.869] ---- [Flow] CT_STOP Set
[00:33:49.281] ---- [Flow] CT_START Set
[00:33:49.303] ---- [Event] AutoStop : CT_START
[00:33:49.304] [m_nState] Auto State
[00:33:50.386] ---- [Flow] CT_START Set
[00:36:36.747] ---- [Flow] CT_START Set
[00:36:52.838] ---- [Flow] CT_START Set
[00:52:11.565] ---- [Flow] CT_START Set
[00:52:12.124] ---- [Flow] CT_START Set
[00:52:12.391] ---- [Flow] CT_START Set
[00:58:29.724] ---- [Flow] CT_START Set
[00:58:41.333] ---- [Flow] CT_START Set
[01:01:50.576] ---- [Flow] CT_START Set
[01:01:50.843] ---- [Flow] CT_START Set
[01:06:14.424] ---- [Flow] CT_START Set
[01:06:14.704] ---- [Flow] CT_START Set
[01:07:58.338] ---- [Flow] CT_START Set
[01:07:58.698] ---- [Flow] CT_START Set
[01:14:37.659] ---- [Flow] CT_START Set
[01:14:38.009] ---- [Flow] CT_START Set
[01:15:40.190] ---- [Flow] CT_START Set
[01:15:40.840] ---- [Flow] CT_START Set
[01:15:41.109] ---- [Flow] CT_START Set
[01:15:41.832] ---- [Flow] CT_START Set
[01:15:56.274] ---- [Flow] CT_START Set
[01:15:56.998] ---- [Flow] CT_START Set
[01:15:57.250] ---- [Flow] CT_START Set
[01:21:55.838] ---- [Flow] CT_START Set
[01:22:08.853] ---- [Flow] CT_START Set
[01:22:09.275] ---- [Flow] CT_START Set
[01:22:09.548] ---- [Flow] CT_START Set
[01:22:10.250] ---- [Flow] CT_START Set
[01:27:42.995] ---- [Flow] CT_STOP Set
[01:27:43.017] ---- [Event] Auto : CT_STOP
[01:27:43.018] --------- [Monitor] StopTasks() : before m_stopped
[01:27:43.086] ---- [Flow] CT_STOP Set
[01:27:43.136] ---- [Flow] CT_STOP Set
[01:27:43.156] ---- [Flow] CT_STOP Set
[01:27:43.191] ---- [Flow] CT_STOP Set
[01:27:43.241] ---- [Flow] CT_STOP Set
[01:27:43.322] ---- [Flow] CT_STOP Set
[01:27:44.191] --------- [Monitor] StopTasks() : m_stopped
[01:27:44.192] [m_nState] AutoStop State
[01:40:41.669] ---- [Flow] CT_START Set
[01:40:41.692] ---- [Event] AutoStop : CT_START
[01:40:41.693] [m_nState] Auto State
[01:40:43.329] ---- [Flow] CT_START Set
[01:41:55.904] ---- [Flow] CT_START Set
[01:41:56.446] ---- [Flow] CT_START Set
[01:42:00.047] ---- [Flow] CT_START Set
[01:42:00.368] ---- [Flow] CT_START Set
[01:42:40.898] ---- [Flow] CT_START Set
[01:54:44.806] ---- [Flow] CT_START Set
[01:54:45.154] ---- [Flow] CT_START Set
[01:54:48.795] ---- [Flow] CT_START Set
[01:54:49.080] ---- [Flow] CT_START Set
[01:54:49.931] ---- [Flow] CT_START Set
[01:54:50.261] ---- [Flow] CT_START Set
[01:54:54.720] ---- [Flow] CT_START Set
[01:54:54.982] ---- [Flow] CT_START Set
[01:54:55.753] ---- [Flow] CT_START Set
[02:01:03.140] ---- [Flow] CT_START Set
[02:01:03.494] ---- [Flow] CT_START Set
[02:01:04.307] ---- [Flow] CT_START Set
[02:05:31.192] ---- [Flow] CT_START Set
[02:07:25.973] ---- [Flow] CT_START Set
[02:07:26.504] ---- [Flow] CT_START Set
[02:08:15.055] ---- [Flow] CT_START Set
[02:08:15.414] ---- [Flow] CT_START Set
[02:08:35.583] ---- [Flow] CT_START Set
[02:08:35.831] ---- [Flow] CT_START Set
[02:08:36.653] ---- [Flow] CT_START Set
[02:08:51.533] ---- [Flow] CT_START Set
[02:08:51.800] ---- [Flow] CT_START Set
[02:09:27.481] ---- [Flow] CT_START Set
[02:09:27.750] ---- [Flow] CT_START Set
[02:09:28.493] ---- [Flow] CT_START Set
[02:15:57.636] ---- [Flow] CT_START Set
[02:15:58.012] ---- [Flow] CT_START Set
[02:15:58.316] ---- [Flow] CT_START Set
[02:15:59.005] ---- [Flow] CT_START Set
[02:16:51.095] ---- [Flow] CT_START Set
[02:16:51.659] ---- [Flow] CT_START Set
[02:16:51.898] ---- [Flow] CT_START Set
[02:29:55.835] ---- [Flow] CT_START Set
[02:29:56.073] ---- [Flow] CT_START Set
[02:31:52.255] ---- [Flow] CT_START Set
[02:31:52.655] ---- [Flow] CT_START Set
[02:31:52.887] ---- [Flow] CT_START Set
[02:31:53.186] ---- [Flow] CT_START Set
[02:31:54.600] ---- [Flow] CT_START Set
[02:31:54.909] ---- [Flow] CT_START Set
[02:31:56.078] ---- [Flow] CT_START Set
[02:31:56.329] ---- [Flow] CT_START Set
[02:32:00.687] ---- [Flow] CT_START Set
[02:32:05.609] ---- [Flow] CT_START Set
[02:32:06.314] ---- [Flow] CT_START Set
[02:32:06.545] ---- [Flow] CT_START Set
[02:35:38.525] ---- [Flow] CT_START Set
[02:35:39.204] ---- [Flow] CT_START Set
[02:35:39.612] ---- [Flow] CT_START Set
[02:43:33.999] ---- [Flow] CT_START Set
[02:43:34.327] ---- [Flow] CT_START Set
[02:43:46.923] ---- [Flow] CT_START Set
[02:43:47.242] ---- [Flow] CT_START Set
[02:43:54.743] ---- [Flow] CT_START Set
[02:43:55.075] ---- [Flow] CT_START Set
[02:58:36.158] ---- [Flow] CT_START Set
[02:58:36.479] ---- [Flow] CT_START Set
[03:00:38.844] ---- [Flow] CT_START Set
[03:00:39.526] ---- [Flow] CT_START Set
[03:00:39.848] ---- [Flow] CT_START Set
[03:00:40.691] ---- [Flow] CT_START Set
[03:00:50.812] ---- [Flow] CT_START Set
[03:00:51.459] ---- [Flow] CT_START Set
[03:00:51.727] ---- [Flow] CT_START Set
[03:00:59.333] ---- [Flow] CT_START Set
[03:00:59.571] ---- [Flow] CT_START Set
[03:01:00.817] ---- [Flow] CT_START Set
[03:01:11.125] ---- [Flow] CT_START Set
[03:05:36.267] ---- [Flow] CT_START Set
[03:05:36.685] ---- [Flow] CT_START Set
[03:05:36.959] ---- [Flow] CT_START Set
[03:05:49.470] ---- [Flow] CT_START Set
[03:12:40.235] ---- [Flow] CT_START Set
[03:12:40.670] ---- [Flow] CT_START Set
[03:12:40.929] ---- [Flow] CT_START Set
[03:12:41.214] ---- [Flow] CT_START Set
[03:19:44.090] ---- [Flow] CT_START Set
[03:19:44.642] ---- [Flow] CT_START Set
[03:19:44.917] ---- [Flow] CT_START Set
[03:25:46.407] ---- [Flow] CT_START Set
[03:25:46.670] ---- [Flow] CT_START Set
[03:27:04.164] ---- [Flow] CT_START Set
[03:27:05.123] ---- [Flow] CT_START Set
[03:27:05.422] ---- [Flow] CT_START Set
[03:37:28.333] ---- [Flow] CT_STOP Set
[03:37:28.355] ---- [Event] Auto : CT_STOP
[03:37:28.356] --------- [Monitor] StopTasks() : before m_stopped
[03:37:28.477] ---- [Flow] CT_STOP Set
[03:37:28.518] ---- [Flow] CT_STOP Set
[03:37:28.559] ---- [Flow] CT_STOP Set
[03:37:28.933] --------- [Monitor] StopTasks() : m_stopped
[03:37:28.934] [m_nState] AutoStop State
[03:37:42.924] ---- [Flow] CT_START Set
[03:37:42.947] ---- [Event] AutoStop : CT_START
[03:37:42.948] [m_nState] Auto State
[03:37:43.652] ---- [Flow] CT_START Set
[03:49:31.684] ---- [Flow] CT_START Set
[03:49:31.954] ---- [Flow] CT_START Set
[03:54:09.111] ---- [Flow] CT_START Set
[03:54:09.539] ---- [Flow] CT_START Set
[03:54:09.814] ---- [Flow] CT_START Set
[03:54:10.091] ---- [Flow] CT_START Set
[03:54:12.060] ---- [Flow] CT_START Set
[03:54:12.655] ---- [Flow] CT_START Set
[03:54:12.959] ---- [Flow] CT_START Set
[03:54:23.594] ---- [Flow] CT_START Set
[03:54:23.906] ---- [Flow] CT_START Set
[03:56:38.621] ---- [Flow] CT_START Set
[03:56:38.895] ---- [Flow] CT_START Set
[04:00:05.889] ---- [Flow] CT_START Set
[04:00:06.331] ---- [Flow] CT_START Set
[04:02:41.273] ---- [Flow] CT_START Set
[04:02:41.612] ---- [Flow] CT_START Set
[04:06:13.259] ---- [Flow] CT_STOP Set
[04:06:13.282] ---- [Event] Auto : CT_STOP
[04:06:13.283] --------- [Monitor] StopTasks() : before m_stopped
[04:06:13.289] --------- [Monitor] StopTasks() : m_stopped
[04:06:13.290] [m_nState] AutoStop State
[04:06:13.300] ---- [Flow] CT_STOP Set
[04:06:13.333] ---- [Flow] CT_STOP Set
[04:06:13.366] ---- [Flow] CT_STOP Set
[04:06:13.399] ---- [Flow] CT_STOP Set
[04:06:13.432] ---- [Flow] CT_STOP Set
[04:06:13.469] ---- [Flow] CT_STOP Set
[04:06:13.502] ---- [Flow] CT_STOP Set
[04:06:13.536] ---- [Flow] CT_STOP Set
[04:06:13.572] ---- [Flow] CT_STOP Set
[04:06:13.606] ---- [Flow] CT_STOP Set
[04:06:13.639] ---- [Flow] CT_STOP Set
[04:06:13.672] ---- [Flow] CT_STOP Set
[04:06:13.706] ---- [Flow] CT_STOP Set
[04:06:13.742] ---- [Flow] CT_STOP Set
[04:06:13.775] ---- [Flow] CT_STOP Set
[04:06:13.808] ---- [Flow] CT_STOP Set
[04:06:13.841] ---- [Flow] CT_STOP Set
[04:06:13.875] ---- [Flow] CT_STOP Set
[04:06:13.908] ---- [Flow] CT_STOP Set
[04:06:13.941] ---- [Flow] CT_STOP Set
[04:06:13.973] ---- [Flow] CT_STOP Set
[04:06:14.006] ---- [Flow] CT_STOP Set
[04:06:14.039] ---- [Flow] CT_STOP Set
[04:06:15.030] ---- [Flow] CT_STOP Set
[04:06:15.067] ---- [Flow] CT_STOP Set
[04:06:15.538] ---- [Flow] CT_STOP Set
[04:06:15.575] ---- [Flow] CT_STOP Set
[04:06:15.612] ---- [Flow] CT_STOP Set
[04:06:15.645] ---- [Flow] CT_STOP Set
[04:06:15.705] ---- [Flow] CT_STOP Set
[06:40:33.896] ---- [Flow] CT_START Set
[06:40:33.918] ---- [Event] AutoStop : CT_START
[06:40:33.919] [m_nState] Auto State
[06:40:38.722] ---- [Flow] CT_START Set
[06:40:58.915] ---- [Flow] CT_STOP Set
[06:40:58.937] ---- [Event] Auto : CT_STOP
[06:40:58.938] --------- [Monitor] StopTasks() : before m_stopped
[06:40:59.824] --------- [Monitor] StopTasks() : m_stopped
[06:40:59.856] [m_nState] AutoStop State
[06:54:06.602] ---- [Flow] CT_START Set
[06:54:06.625] ---- [Event] AutoStop : CT_START
[06:54:06.625] [m_nState] Auto State
[06:54:07.765] ---- [Flow] CT_START Set
[06:57:27.579] ---- [Flow] CT_START Set
[06:57:28.250] ---- [Flow] CT_START Set
[06:57:29.119] ---- [Flow] CT_START Set
[07:04:59.657] ---- [Flow] CT_START Set
[07:05:00.302] ---- [Flow] CT_START Set
[07:05:00.579] ---- [Flow] CT_START Set
[07:12:31.462] ---- [Flow] CT_START Set
[07:12:31.905] ---- [Flow] CT_START Set
[07:12:32.155] ---- [Flow] CT_START Set
[07:12:32.405] ---- [Flow] CT_START Set
[07:13:18.985] ---- [Flow] CT_START Set
[07:13:19.652] ---- [Flow] CT_START Set
[07:13:19.913] ---- [Flow] CT_START Set
[07:20:11.736] ---- [Flow] CT_START Set
[07:20:11.992] ---- [Flow] CT_START Set
[07:20:50.681] ---- [Flow] CT_START Set
[07:20:51.379] ---- [Flow] CT_START Set
[07:20:51.651] ---- [Flow] CT_START Set
[07:27:36.154] ---- [Flow] CT_START Set
[07:27:36.586] ---- [Flow] CT_START Set
[07:27:36.840] ---- [Flow] CT_START Set
[07:27:37.117] ---- [Flow] CT_START Set
[07:28:48.442] ---- [Flow] CT_START Set
[07:28:48.907] ---- [Flow] CT_START Set
[07:28:49.167] ---- [Flow] CT_START Set
[07:28:49.414] ---- [Flow] CT_START Set
[07:35:10.330] ---- [Flow] CT_START Set
[07:35:10.639] ---- [Flow] CT_START Set
[07:35:10.862] ---- [Flow] CT_START Set
[07:35:11.094] ---- [Flow] CT_START Set
[07:42:09.011] ---- [Flow] CT_STOP Set
[07:42:09.034] ---- [Event] Auto : CT_STOP
[07:42:09.035] --------- [Monitor] StopTasks() : before m_stopped
[07:42:09.046] --------- [Monitor] StopTasks() : m_stopped
[07:42:09.048] [m_nState] AutoStop State
[07:42:09.057] ---- [Flow] CT_STOP Set
[07:42:09.093] ---- [Flow] CT_STOP Set
[07:42:09.125] ---- [Flow] CT_STOP Set
[07:42:11.927] ---- [Flow] CT_START Set
[07:42:11.950] ---- [Event] AutoStop : CT_START
[07:42:11.951] [m_nState] Auto State
[07:42:12.454] ---- [Flow] CT_START Set
[07:42:12.747] ---- [Flow] CT_START Set
[07:42:18.553] ---- [Flow] CT_START Set
[07:43:16.070] ---- [Flow] CT_START Set
[07:43:16.346] ---- [Flow] CT_START Set
[07:50:30.378] ---- [Flow] CT_START Set
[07:50:31.103] ---- [Flow] CT_START Set
[07:50:31.363] ---- [Flow] CT_START Set
[07:55:40.907] ---- [Flow] CT_START Set
[07:55:45.820] ---- [Flow] CT_START Set
[08:06:34.436] ---- [Flow] CT_START Set
[08:06:37.536] ---- [Flow] CT_START Set
[08:09:05.145] ---- [Flow] CT_START Set
[08:14:11.142] ---- [Flow] CT_START Set
[08:14:11.518] ---- [Flow] CT_START Set
[08:14:11.782] ---- [Flow] CT_START Set
[08:14:12.034] ---- [Flow] CT_START Set
[08:16:32.350] ---- [Flow] CT_START Set
[08:16:34.813] ---- [Flow] CT_START Set
[08:16:35.454] ---- [Flow] CT_START Set
[08:16:38.369] ---- [Flow] CT_START Set
[08:16:54.397] ---- [Flow] CT_START Set
[08:16:54.673] ---- [Flow] CT_START Set
[08:23:29.392] ---- [Flow] CT_START Set
[08:23:29.675] ---- [Flow] CT_START Set
[08:23:55.869] ---- [Flow] CT_START Set
[08:23:56.810] ---- [Flow] CT_START Set
[08:30:24.332] ---- [Flow] CT_START Set
[08:30:27.517] ---- [Flow] CT_START Set
[08:30:27.740] ---- [Flow] CT_START Set
[08:30:29.518] ---- [Flow] CT_START Set
[08:37:52.236] ---- [Flow] CT_START Set
[08:37:53.628] ---- [Flow] CT_START Set
[08:44:17.045] ---- [Flow] CT_START Set
[08:44:17.421] ---- [Flow] CT_START Set
[08:44:17.697] ---- [Flow] CT_START Set
[08:44:25.019] ---- [Flow] CT_START Set
[08:44:26.623] ---- [Flow] CT_START Set
[08:44:27.491] ---- [Flow] CT_START Set
[08:44:45.795] ---- [Flow] CT_START Set
[08:44:46.890] ---- [Flow] CT_START Set
[08:51:39.680] ---- [Flow] CT_START Set
[08:51:40.348] ---- [Flow] CT_START Set
[08:51:40.778] ---- [Flow] CT_START Set
[08:51:41.358] ---- [Flow] CT_START Set
[08:51:42.236] ---- [Flow] CT_START Set
[08:51:43.361] ---- [Flow] CT_START Set
[08:51:49.658] ---- [Flow] CT_START Set
[08:58:36.229] ---- [Flow] CT_START Set
[09:04:24.032] ---- [Flow] CT_START Set
[09:04:39.257] ---- [Flow] CT_START Set
[09:05:09.457] ---- [Flow] CT_START Set
[09:05:11.134] ---- [Flow] CT_START Set
[09:05:12.592] ---- [Flow] CT_START Set
[09:13:08.535] ---- [Flow] CT_START Set
[09:13:08.866] ---- [Flow] CT_START Set
[09:13:09.790] ---- [Flow] CT_START Set
[09:17:19.714] ---- [Flow] CT_START Set
[09:17:20.019] ---- [Flow] CT_START Set
[09:17:20.958] ---- [Flow] CT_START Set
[09:17:21.239] ---- [Flow] CT_START Set
[09:17:22.047] ---- [Flow] CT_START Set
[09:17:22.806] ---- [Flow] CT_START Set
[09:17:23.156] ---- [Flow] CT_START Set
[09:17:24.459] ---- [Flow] CT_START Set
[09:17:31.928] ---- [Flow] CT_START Set
[09:19:38.127] ---- [Flow] CT_START Set
[09:19:38.414] ---- [Flow] CT_START Set
[09:19:38.673] ---- [Flow] CT_START Set
[09:26:28.239] ---- [Flow] CT_START Set
[09:26:28.532] ---- [Flow] CT_START Set
[09:26:28.804] ---- [Flow] CT_START Set
[09:27:50.689] ---- [Flow] CT_STOP Set
[09:27:50.711] ---- [Event] Auto : CT_STOP
[09:27:50.712] --------- [Monitor] StopTasks() : before m_stopped
[09:27:50.718] --------- [Monitor] StopTasks() : m_stopped
[09:27:50.720] [m_nState] AutoStop State
[09:34:04.085] ---- [Flow] CT_START Set
[09:34:04.097] ---- [Flow] CT_START Set
[09:34:04.108] ---- [Event] AutoStop : CT_START
[09:34:04.109] [m_nState] Auto State
[09:36:25.219] ---- [Flow] CT_START Set
[09:36:25.857] ---- [Flow] CT_START Set
[09:36:26.104] ---- [Flow] CT_START Set
[09:43:41.920] ---- [Flow] CT_START Set
[09:43:42.190] ---- [Flow] CT_START Set
[09:57:50.948] ---- [Flow] CT_START Set
[09:57:51.222] ---- [Flow] CT_START Set
[09:57:51.551] ---- [Flow] CT_START Set
[09:57:52.323] ---- [Flow] CT_START Set
[09:57:53.170] ---- [Flow] CT_START Set
[09:57:53.870] ---- [Flow] CT_START Set
[09:57:54.087] ---- [Flow] CT_START Set
[09:57:54.963] ---- [Flow] CT_START Set
[09:57:55.193] ---- [Flow] CT_START Set
[09:59:48.734] ---- [Flow] CT_START Set
[09:59:48.834] ---- [Flow] CT_START Set
[09:59:49.154] ---- [Flow] CT_START Set
[09:59:49.633] ---- [Flow] CT_START Set
[09:59:50.112] ---- [Flow] CT_START Set
[09:59:50.218] ---- [Flow] CT_START Set
[09:59:50.432] ---- [Flow] CT_START Set
[09:59:50.539] ---- [Flow] CT_START Set
[09:59:51.147] ---- [Flow] CT_START Set
[09:59:51.286] ---- [Flow] CT_START Set
[09:59:51.814] ---- [Flow] CT_START Set
[09:59:51.909] ---- [Flow] CT_START Set
[09:59:53.321] ---- [Flow] CT_START Set
[09:59:55.456] ---- [Flow] CT_START Set
[09:59:58.450] ---- [Flow] CT_START Set
[10:00:25.097] ---- [Flow] CT_START Set
[10:02:33.919] ---- [Flow] CT_START Set
[10:02:34.551] ---- [Flow] CT_START Set
[10:02:34.908] ---- [Flow] CT_START Set
[10:05:10.753] ---- [Flow] CT_START Set
[10:05:10.998] ---- [Flow] CT_START Set
[10:05:11.916] ---- [Flow] CT_START Set
[10:06:52.732] ---- [Flow] CT_START Set
[10:06:53.086] ---- [Flow] CT_START Set
[10:12:09.045] ---- [Flow] CT_START Set
[10:12:09.400] ---- [Flow] CT_START Set
[10:12:09.676] ---- [Flow] CT_START Set
[10:14:42.999] ---- [Flow] CT_START Set
[10:14:43.582] ---- [Flow] CT_START Set
[10:14:43.854] ---- [Flow] CT_START Set
[10:30:34.428] ---- [Flow] CT_START Set
[10:30:34.733] ---- [Flow] CT_START Set
[10:30:34.999] ---- [Flow] CT_START Set
[10:32:41.241] ---- [Flow] CT_START Set
[10:32:41.736] ---- [Flow] CT_START Set
[10:32:41.983] ---- [Flow] CT_START Set
[10:34:10.949] ---- [Flow] CT_START Set
[10:34:11.340] ---- [Flow] CT_START Set
[10:34:11.569] ---- [Flow] CT_START Set
[10:34:11.799] ---- [Flow] CT_START Set
[10:39:04.333] ---- [Flow] CT_START Set
[10:39:04.974] ---- [Flow] CT_START Set
[10:39:05.229] ---- [Flow] CT_START Set
[10:39:21.894] ---- [Flow] CT_START Set
[10:39:22.522] ---- [Flow] CT_START Set
[10:39:22.792] ---- [Flow] CT_START Set
[10:40:50.444] ---- [Flow] CT_START Set
[10:40:50.951] ---- [Flow] CT_START Set
[10:40:51.218] ---- [Flow] CT_START Set
[10:40:52.249] ---- [Flow] CT_START Set
[10:47:53.408] ---- [Flow] CT_START Set
[10:47:54.039] ---- [Flow] CT_START Set
[10:47:54.314] ---- [Flow] CT_START Set
[10:59:01.785] ---- [Flow] CT_START Set
[10:59:02.144] ---- [Flow] CT_START Set
[11:04:38.209] ---- [Flow] CT_START Set
[11:04:38.487] ---- [Flow] CT_START Set
[11:04:57.435] ---- [Flow] CT_START Set
[11:04:57.844] ---- [Flow] CT_START Set
[11:04:58.121] ---- [Flow] CT_START Set
[11:11:36.246] ---- [Flow] CT_START Set
[11:11:36.566] ---- [Flow] CT_START Set
[11:11:36.873] ---- [Flow] CT_START Set
[11:11:38.018] ---- [Flow] CT_START Set
[11:11:38.486] ---- [Flow] CT_START Set
[11:12:01.334] ---- [Flow] CT_START Set
[11:12:01.641] ---- [Flow] CT_START Set
[11:12:01.890] ---- [Flow] CT_START Set
[11:12:02.167] ---- [Flow] CT_START Set
[11:19:14.939] ---- [Flow] CT_START Set
[11:19:15.429] ---- [Flow] CT_START Set
[11:19:15.742] ---- [Flow] CT_START Set
[11:19:16.444] ---- [Flow] CT_START Set
[11:20:55.687] ---- [Flow] CT_START Set
[11:20:56.031] ---- [Flow] CT_START Set
[11:20:56.299] ---- [Flow] CT_START Set
[11:20:56.603] ---- [Flow] CT_START Set
[11:35:48.000] ---- [Flow] CT_START Set
[11:35:48.374] ---- [Flow] CT_START Set
[11:37:36.807] ---- [Flow] CT_STOP Set
[11:37:36.831] ---- [Event] Auto : CT_STOP
[11:37:36.832] --------- [Monitor] StopTasks() : before m_stopped
[11:37:36.852] --------- [Monitor] StopTasks() : m_stopped
[11:37:36.853] [m_nState] AutoStop State
[11:37:36.916] ---- [Flow] CT_STOP Set
[11:37:36.956] ---- [Flow] CT_STOP Set
[12:20:37.839] ---- [Flow] CT_START Set
[12:20:37.862] ---- [Event] AutoStop : CT_START
[12:20:37.863] [m_nState] Auto State
[12:20:38.554] ---- [Flow] CT_START Set
[12:24:25.559] ---- [Flow] CT_STOP Set
[12:24:25.582] ---- [Event] Auto : CT_STOP
[12:24:25.583] --------- [Monitor] StopTasks() : before m_stopped
[12:24:25.726] --------- [Monitor] StopTasks() : m_stopped
[12:24:25.727] [m_nState] AutoStop State
[12:25:03.312] ---- [Flow] CT_START Set
[12:25:03.334] ---- [Event] AutoStop : CT_START
[12:25:03.335] [m_nState] Auto State
[12:25:03.972] ---- [Flow] CT_START Set
[12:25:04.694] ---- [Flow] CT_START Set
[12:26:53.691] ---- [Flow] CT_START Set
[12:26:53.958] ---- [Flow] CT_START Set
[12:31:31.950] ---- [Flow] CT_START Set
[12:31:32.458] ---- [Flow] CT_START Set
[12:31:32.741] ---- [Flow] CT_START Set
[12:33:45.389] ---- [Flow] CT_START Set
[12:33:45.722] ---- [Flow] CT_START Set
[12:41:55.232] ---- [Flow] CT_START Set
[12:41:55.608] ---- [Flow] CT_START Set
[12:41:55.957] ---- [Flow] CT_START Set
[12:47:26.909] ---- [Flow] CT_START Set
[12:48:22.631] ---- [Flow] CT_START Set
[12:48:23.002] ---- [Flow] CT_START Set
[12:49:39.216] ---- [Flow] CT_START Set
[12:49:39.662] ---- [Flow] CT_START Set
[12:49:39.941] ---- [Flow] CT_START Set
[12:49:40.620] ---- [Flow] CT_START Set
[12:55:35.047] ---- [Flow] CT_START Set
[12:55:35.459] ---- [Flow] CT_START Set
[12:55:35.723] ---- [Flow] CT_START Set
[12:56:22.475] ---- [Flow] CT_START Set
[12:56:23.014] ---- [Flow] CT_START Set
[12:56:23.345] ---- [Flow] CT_START Set
[13:00:45.482] ---- [Flow] CT_START Set
[13:00:45.969] ---- [Flow] CT_START Set
[13:00:46.200] ---- [Flow] CT_START Set
[13:02:44.875] ---- [Flow] CT_START Set
[13:02:45.331] ---- [Flow] CT_START Set
[13:02:45.557] ---- [Flow] CT_START Set
[13:02:45.856] ---- [Flow] CT_START Set
[13:09:57.350] ---- [Flow] CT_START Set
[13:09:57.667] ---- [Flow] CT_START Set
[13:12:37.291] ---- [Flow] CT_START Set
[13:12:37.608] ---- [Flow] CT_START Set
[13:12:37.880] ---- [Flow] CT_START Set
[13:15:28.359] ---- [Flow] CT_START Set
[13:15:28.829] ---- [Flow] CT_START Set
[13:15:29.116] ---- [Flow] CT_START Set
[13:22:32.448] ---- [Flow] CT_START Set
[13:22:32.773] ---- [Flow] CT_START Set
[13:22:33.140] ---- [Flow] CT_START Set
[13:29:21.166] ---- [Flow] CT_START Set
[13:29:28.629] ---- [Flow] CT_START Set
[13:29:29.586] ---- [Flow] CT_START Set
[13:29:29.991] ---- [Flow] CT_START Set
[13:29:50.854] ---- [Flow] CT_START Set
[13:29:51.192] ---- [Flow] CT_START Set
[13:29:51.473] ---- [Flow] CT_START Set
[13:38:06.547] ---- [Flow] CT_START Set
[13:38:06.807] ---- [Flow] CT_START Set
[13:45:34.968] ---- [Flow] CT_START Set
[13:45:35.220] ---- [Flow] CT_START Set
[13:47:05.200] ---- [Flow] CT_START Set
[13:47:05.500] ---- [Flow] CT_START Set
[13:47:05.760] ---- [Flow] CT_START Set
[13:52:59.706] ---- [Flow] CT_START Set
[13:53:00.173] ---- [Flow] CT_START Set
[13:53:00.445] ---- [Flow] CT_START Set
[13:53:00.722] ---- [Flow] CT_START Set
[13:54:24.101] ---- [Flow] CT_START Set
[13:55:56.219] ---- [Flow] CT_START Set
[13:55:56.482] ---- [Flow] CT_START Set
[14:02:03.032] ---- [Flow] CT_STOP Set
[14:02:03.054] ---- [Event] Auto : CT_STOP
[14:02:03.055] --------- [Monitor] StopTasks() : before m_stopped
[14:02:03.648] --------- [Monitor] StopTasks() : m_stopped
[14:02:03.649] [m_nState] AutoStop State
[14:02:30.621] ---- [Flow] CT_START Set
[14:02:30.643] ---- [Event] AutoStop : CT_START
[14:02:30.644] [m_nState] Auto State
[14:02:31.375] ---- [Flow] CT_START Set
[14:03:36.334] ---- [Flow] CT_START Set
[14:03:36.630] ---- [Flow] CT_START Set
[14:10:32.066] ---- [Flow] CT_START Set
[14:10:32.357] ---- [Flow] CT_START Set
[14:14:57.963] ---- [Flow] CT_STOP Set
[14:14:57.986] ---- [Event] Auto : CT_STOP
[14:14:57.987] --------- [Monitor] StopTasks() : before m_stopped
[14:14:58.480] --------- [Monitor] StopTasks() : m_stopped
[14:14:58.481] [m_nState] AutoStop State
[14:15:39.672] ---- [Flow] CT_START Set
[14:15:39.695] ---- [Event] AutoStop : CT_START
[14:15:39.696] [m_nState] Auto State
[14:15:40.216] ---- [Flow] CT_START Set
[14:15:40.989] ---- [Flow] CT_START Set
[14:17:35.952] ---- [Flow] CT_START Set
[14:17:36.309] ---- [Flow] CT_START Set
[14:22:27.978] ---- [Flow] CT_START Set
[14:22:28.290] ---- [Flow] CT_START Set
[14:22:45.552] ---- [Flow] CT_START Set
[14:22:46.143] ---- [Flow] CT_START Set
[14:22:46.415] ---- [Flow] CT_START Set
[14:24:30.211] ---- [Flow] CT_START Set
[14:24:30.684] ---- [Flow] CT_START Set
[14:24:31.033] ---- [Flow] CT_START Set
[14:24:37.055] ---- [Flow] CT_START Set
[14:24:37.414] ---- [Flow] CT_START Set
[14:24:38.148] ---- [Flow] CT_START Set
[14:27:57.443] ---- [Flow] CT_STOP Set
[14:27:57.465] ---- [Event] Auto : CT_STOP
[14:27:57.466] --------- [Monitor] StopTasks() : before m_stopped
[14:27:59.051] --------- [Monitor] StopTasks() : m_stopped
[14:27:59.052] [m_nState] AutoStop State
[14:33:30.818] ---- [Flow] CT_START Set
[14:33:30.840] ---- [Event] AutoStop : CT_START
[14:33:30.841] [m_nState] Auto State
[14:34:12.535] ---- [Flow] CT_START Set
[14:44:06.048] ---- [Flow] CT_START Set
[14:44:06.460] ---- [Flow] CT_START Set
[14:44:06.737] ---- [Flow] CT_START Set
[14:50:39.431] ---- [Flow] CT_START Set
[14:51:26.084] ---- [Flow] CT_START Set
[14:51:26.343] ---- [Flow] CT_START Set
[14:57:05.394] ---- [Flow] CT_START Set
[14:57:05.930] ---- [Flow] CT_START Set
[14:57:06.445] ---- [Flow] CT_START Set
[15:04:01.795] ---- [Flow] CT_START Set
[15:04:02.282] ---- [Flow] CT_START Set
[15:04:02.626] ---- [Flow] CT_START Set
[15:06:57.909] ---- [Flow] CT_START Set
[15:06:58.574] ---- [Flow] CT_START Set
[15:06:58.854] ---- [Flow] CT_START Set
[15:08:47.070] ---- [Flow] CT_STOP Set
[15:08:47.092] ---- [Event] Auto : CT_STOP
[15:08:47.093] --------- [Monitor] StopTasks() : before m_stopped
[15:08:47.116] ---- [Flow] CT_STOP Set
[15:08:47.139] ---- [Flow] CT_STOP Set
[15:08:47.172] ---- [Flow] CT_STOP Set
[15:08:47.199] ---- [Flow] CT_STOP Set
[15:08:47.234] ---- [Flow] CT_STOP Set
[15:08:47.700] --------- [Monitor] StopTasks() : m_stopped
[15:08:47.702] [m_nState] AutoStop State
[15:09:10.458] ---- [Flow] CT_START Set
[15:09:10.480] ---- [Event] AutoStop : CT_START
[15:09:10.481] [m_nState] Auto State
[15:09:10.886] ---- [Flow] CT_START Set
[15:13:59.639] ---- [Flow] CT_START Set
[15:14:00.157] ---- [Flow] CT_START Set
[15:14:00.397] ---- [Flow] CT_START Set
[15:14:00.694] ---- [Flow] CT_START Set
[15:16:29.890] ---- [Flow] CT_START Set
[15:16:30.166] ---- [Flow] CT_START Set
[15:17:29.545] ---- [Flow] CT_START Set
[15:17:37.704] ---- [Flow] CT_START Set
[15:17:37.912] ---- [Flow] CT_START Set
[15:21:53.128] ---- [Flow] CT_START Set
[15:21:53.786] ---- [Flow] CT_START Set
[15:21:54.057] ---- [Flow] CT_START Set
[15:24:48.979] ---- [Flow] CT_START Set
[15:24:49.321] ---- [Flow] CT_START Set
[15:25:33.700] ---- [Flow] CT_START Set
[15:25:33.962] ---- [Flow] CT_START Set
[15:26:26.160] ---- [Flow] CT_START Set
[15:28:54.414] ---- [Flow] CT_START Set
[15:28:54.851] ---- [Flow] CT_START Set
[15:28:55.108] ---- [Flow] CT_START Set
[15:28:55.805] ---- [Flow] CT_START Set
[15:28:56.768] ---- [Flow] CT_START Set
[15:28:57.133] ---- [Flow] CT_START Set
[15:28:58.039] ---- [Flow] CT_START Set
[15:28:58.822] ---- [Flow] CT_START Set
[15:28:59.518] ---- [Flow] CT_START Set
[15:28:59.827] ---- [Flow] CT_START Set
[15:29:08.399] ---- [Flow] CT_START Set
[15:29:08.891] ---- [Flow] CT_START Set
[15:29:09.165] ---- [Flow] CT_START Set
[15:29:09.851] ---- [Flow] CT_START Set
[15:32:10.853] ---- [Flow] CT_START Set
[15:32:11.163] ---- [Flow] CT_START Set
[15:32:11.515] ---- [Flow] CT_START Set
[15:32:12.671] ---- [Flow] CT_START Set
[15:32:13.018] ---- [Flow] CT_START Set
[15:32:13.353] ---- [Flow] CT_START Set
[15:32:14.045] ---- [Flow] CT_START Set
[15:32:14.883] ---- [Flow] CT_START Set
[15:32:15.584] ---- [Flow] CT_START Set
[15:32:16.856] ---- [Flow] CT_START Set
[15:32:23.139] ---- [Flow] CT_START Set
[15:32:23.406] ---- [Flow] CT_START Set
[15:32:25.840] ---- [Flow] CT_START Set
[15:32:26.667] ---- [Flow] CT_START Set
[15:32:27.105] ---- [Flow] CT_START Set
[15:32:27.842] ---- [Flow] CT_START Set
[15:32:28.069] ---- [Flow] CT_START Set
[15:32:28.826] ---- [Flow] CT_START Set
[15:32:29.562] ---- [Flow] CT_START Set
[15:32:29.795] ---- [Flow] CT_START Set
[15:32:30.973] ---- [Flow] CT_START Set
[15:32:31.394] ---- [Flow] CT_START Set
[15:32:31.639] ---- [Flow] CT_START Set
[15:32:34.064] ---- [Flow] CT_START Set
[15:32:34.339] ---- [Flow] CT_START Set
[15:32:35.873] ---- [Flow] CT_START Set
[15:32:37.281] ---- [Flow] CT_START Set
[15:32:49.236] ---- [Flow] CT_START Set
[15:32:49.516] ---- [Flow] CT_START Set
[15:32:50.875] ---- [Flow] CT_START Set
[15:34:15.915] ---- [Flow] CT_START Set
[15:37:04.524] ---- [Flow] CT_START Set
[15:52:03.005] ---- [Flow] CT_START Set
[15:52:04.955] ---- [Flow] CT_STOP Set
[15:52:04.977] ---- [Event] Auto : CT_STOP
[15:52:04.978] --------- [Monitor] StopTasks() : before m_stopped
[15:52:05.093] --------- [Monitor] StopTasks() : m_stopped
[15:52:05.094] [m_nState] AutoStop State
[15:53:42.701] ---- [Flow] CT_START Set
[15:53:42.723] ---- [Event] AutoStop : CT_START
[15:53:42.724] [m_nState] Auto State
[15:53:43.372] ---- [Flow] CT_START Set
[16:05:45.698] ---- [Flow] CT_STOP Set
[16:05:45.720] ---- [Event] Auto : CT_STOP
[16:05:45.721] --------- [Monitor] StopTasks() : before m_stopped
[16:05:45.732] --------- [Monitor] StopTasks() : m_stopped
[16:05:45.733] [m_nState] AutoStop State
[16:05:45.750] ---- [Flow] CT_STOP Set
[16:05:45.788] ---- [Flow] CT_STOP Set
[16:05:45.826] ---- [Flow] CT_STOP Set
[23:59:05.485] ---- [Flow] CT_START Set
[23:59:05.507] ---- [Event] AutoStop : CT_START
[23:59:05.508] [m_nState] Auto State
[23:59:07.223] ---- [Flow] CT_STOP Set
[23:59:07.246] ---- [Event] Auto : CT_STOP
[23:59:07.247] --------- [Monitor] StopTasks() : before m_stopped
[23:59:07.250] --------- [Monitor] StopTasks() : m_stopped
[23:59:07.251] [m_nState] AutoStop State
[23:59:07.287] ---- [Flow] CT_STOP Set
[23:59:07.320] ---- [Flow] CT_STOP Set
[23:59:07.358] ---- [Flow] CT_STOP Set
[23:59:07.457] ---- [Flow] CT_STOP Set
[23:59:08.074] ---- [Flow] CT_START Set
[23:59:08.096] ---- [Event] AutoStop : CT_START
[23:59:08.097] [m_nState] Auto State
[23:59:13.738] ---- [Flow] CT_STOP Set
[23:59:13.760] ---- [Event] Auto : CT_STOP
[23:59:13.761] --------- [Monitor] StopTasks() : before m_stopped
[23:59:13.797] --------- [Monitor] StopTasks() : m_stopped
[23:59:13.798] [m_nState] AutoStop State
[23:59:13.857] ---- [Flow] CT_STOP Set
[23:59:22.416] ---- [Flow] CT_START Set
[23:59:22.439] ---- [Event] AutoStop : CT_START
[23:59:22.440] [m_nState] Auto State
[23:59:26.641] ---- [Flow] CT_START Set
[23:59:31.507] ---- [Flow] CT_STOP Set
[23:59:31.530] ---- [Event] Auto : CT_STOP
[23:59:31.531] --------- [Monitor] StopTasks() : before m_stopped
[23:59:31.564] --------- [Monitor] StopTasks() : m_stopped
[23:59:31.565] [m_nState] AutoStop State
[23:59:31.568] ---- [Flow] CT_STOP Set
[23:59:31.606] ---- [Flow] CT_STOP Set
