[02:14:38.637] [LeftPPStation] Load Cylinder Vacuum Error
[02:14:54.732] [LeftPPStation] Load Buffer Set Exist
[02:15:25.264] [LeftPPStation] Load Buffer Set Exist
[02:16:00.479] [LeftTransferStation] Vacuum Error
[03:23:12.358] [RightPPStation] Load Buffer Set Exist
[03:23:43.069] [RightTransferStation] Vacuum Error
[03:31:14.622] [LeftTransferStation] Vacuum Error
[06:49:53.524] [MainControlStation] Right Door Open
[06:50:00.286] [MainControlStation] Left Door Open
[06:52:01.052] [MainControlStation] Right Door Open
[06:52:11.101] [RightTransferStation] Vacuum Error
[06:52:19.359] [RightTransferStation] Vacuum Error
[11:14:13.422] [LeftTransferStation] Vacuum Error
[11:14:38.448] [LeftTransferStation] Vacuum Error
[12:27:24.059] [RightTransferStation] Move XY Axis Error
[12:28:31.902] [RightTransferStation] Move XY Axis Error
[19:28:09.158] [MainControlStation] Right Door Open
[19:29:06.892] [LeftPPStation] Unload Buffer Set Not Exist
[19:29:45.403] [LeftTransferStation] Vacuum Error
[19:30:00.213] [RightPPStation] Unload Buffer Set Not Exist
[22:47:04.620] [LeftTransferStation] Vacuum Error
[22:47:42.554] [MainControlStation] Left Door Open
[23:25:52.268] [RightTransferStation] Move XY Axis Error
[23:25:58.059] [RightTransferStation] Move XY Axis Error
[23:26:00.000] [RightTransferStation] Move XY Axis Error
[23:26:01.938] [RightTransferStation] Move XY Axis Error
[23:26:03.844] [RightTransferStation] Move XY Axis Error
[23:26:12.660] [RightTransferStation] Move XY Axis Error
[23:26:23.280] [RightTransferStation] Move XY Axis Error
[23:29:01.446] [RightPPStation] Load Cylinder Vacuum Error
[23:29:19.630] [RightPPStation] Load Cylinder Down Error
[23:29:27.759] [RightPPStation] Load Cylinder Down Error
