[06:51:44.879] [RightTransferStation] Vacuum Error
[06:51:54.061] [RightTransferStation] Vacuum Error
[06:52:40.897] [RightTransferStation] Vacuum Error
[06:55:12.367] [RightTransferStation] Vacuum Error
[06:57:27.359] [RightTransferStation] Vacuum Error
[07:05:32.627] [RightTransferStation] Move Z Axis Error
[07:05:37.165] [RightTransferStation] Move Z Axis Error
[07:05:51.033] [RightTransferStation] Move Z Axis Error
[07:15:32.501] [RightTransferStation] Move Z Axis Error
[07:15:39.293] [RightTransferStation] Move Z Axis Error
[07:15:41.834] [RightTransferStation] Move Z Axis Error
[07:15:44.104] [RightTransferStation] Move Z Axis Error
[07:15:47.625] [RightTransferStation] Move Z Axis Error
[07:16:02.947] [RightTransferStation] Move Z Axis Error
[08:51:50.989] [RightTransferStation] Move Z Axis Error
[08:51:55.108] [RightTransferStation] Move Z Axis Error
[08:52:10.224] [MainControlStation] Right Door Open
[09:03:22.654] [RightTransferStation] Vacuum Error
[09:03:33.943] [RightTransferStation] Vacuum Error
[11:09:00.105] [LeftTransferStation] Set Double Place
[12:02:34.622] [RightTransferStation] Move Z Axis Error
[12:03:01.719] [RightTransferStation] Move Z Axis Error
[12:07:57.934] [RightTransferStation] Move XY Axis Error
[12:08:01.992] [RightTransferStation] Move XY Axis Error
[12:08:18.590] [RightTransferStation] Move XY Axis Error
[12:08:23.253] [RightTransferStation] Move XY Axis Error
[12:08:42.098] [RightTransferStation] Move XY Axis Error
[12:20:38.492] [RightTransferStation] Move XY Axis Error
[12:21:19.732] [RightTransferStation] Move XY Axis Error
[12:25:01.752] [RightTransferStation] Move XY Axis Error
[12:25:32.525] [RightTransferStation] Move XY Axis Error
[12:27:42.825] [RightTransferStation] Move XY Axis Error
[12:28:21.462] [RightTransferStation] Move XY Axis Error
[12:54:37.323] [RightTransferStation] Vacuum Error
[12:54:48.527] [RightTransferStation] Vacuum Error
[13:07:52.703] [LeftTransferStation] Set Double Place
[13:26:43.357] [LeftTransferStation] Set Double Place
[14:03:41.372] [LeftTransferStation] Set Double Place
[14:40:47.652] [LeftTransferStation] Set Double Place
[15:26:56.470] [LeftTransferStation] Set Double Place
[18:44:10.323] [MainControlStation] Left Door Open
[18:48:16.379] [MainControlStation] Left Door Open
[18:56:33.974] [MainControlStation] Left Door Open
[20:15:52.205] [LeftTransferStation] Vacuum Error
[20:29:51.982] [LeftTransferStation] Move Z Axis Error
[20:29:53.650] [LeftTransferStation] Move Z Axis Error
[20:29:55.037] [LeftTransferStation] Move XY Axis Error
[21:52:48.898] [RightTransferStation] Move XY Axis Error
[21:53:00.795] [RightTransferStation] Move XY Axis Error
[21:56:10.647] [RightTransferStation] Move XY Axis Error
[21:56:31.178] [RightTransferStation] Move XY Axis Error
[21:59:07.101] [RightTransferStation] Vacuum Error
[22:28:52.159] [RightTransferStation] Move XY Axis Error
[23:53:30.723] [RightPPStation] Unload Buffer Set Not Exist
