[07:06:07.994] [RightTransferStation] Vacuum Error
[07:54:12.841] [RightTransferStation] Move XY Axis Error
[07:54:22.179] [RightTransferStation] Move XY Axis Error
[07:54:26.612] [RightTransferStation] Move XY Axis Error
[08:10:39.189] [LeftTransferStation] Vacuum Error
[08:13:20.328] [RightTransferStation] Move XY Axis Error
[08:16:03.343] [RightTransferStation] Move XY Axis Error
[08:16:06.246] [RightTransferStation] Move XY Axis Error
[08:16:10.153] [RightTransferStation] Move XY Axis Error
[08:16:13.481] [RightTransferStation] Move XY Axis Error
[08:23:09.840] [LeftTransferStation] Vacuum Error
[08:25:08.506] [RightTransferStation] Move XY Axis Error
[08:25:11.023] [RightTransferStation] Move XY Axis Error
[08:25:15.412] [RightTransferStation] Move XY Axis Error
[08:25:19.287] [RightTransferStation] Move XY Axis Error
[08:35:46.749] [RightTransferStation] Move XY Axis Error
[08:56:35.958] [LeftTransferStation] Vacuum Error
[08:59:50.172] [RightTransferStation] Move XY Axis Error
[08:59:53.152] [RightTransferStation] Move XY Axis Error
[08:59:59.876] [RightTransferStation] Move XY Axis Error
[09:00:04.149] [RightTransferStation] Move XY Axis Error
[09:04:10.420] [LeftPPStation] Unload Cylinder Up Error
[09:12:37.104] [LeftPPStation] Unload Cylinder Up Error
[09:13:12.424] [RightTransferStation] Move XY Axis Error
[09:13:15.431] [RightTransferStation] Move XY Axis Error
[09:14:01.445] [RightPPStation] Load Buffer Set Exist
[09:14:11.128] [RightPPStation] Load Buffer Set Exist
[09:14:15.826] [RightPPStation] Load Buffer Set Exist
[09:14:17.606] [RightPPStation] Load Buffer Set Exist
[09:14:37.842] [RightTransferStation] Vacuum Error
[09:15:37.361] [LeftTransferStation] Vacuum Error
[09:17:02.485] [RightTransferStation] Move XY Axis Error
[09:17:06.084] [RightTransferStation] Move XY Axis Error
[09:26:18.138] [RightTransferStation] Move XY Axis Error
[09:26:20.953] [RightTransferStation] Move XY Axis Error
[09:26:23.084] [RightTransferStation] Move XY Axis Error
[09:26:27.857] [RightTransferStation] Move XY Axis Error
[09:32:17.668] [RightTransferStation] Move XY Axis Error
[09:33:26.192] [RightTransferStation] Move XY Axis Error
[09:52:16.098] [RightTransferStation] Move XY Axis Error
[10:35:55.368] [LeftTransferStation] Vacuum Error
[10:49:39.037] [RightTransferStation] Move XY Axis Error
[10:49:42.809] [RightTransferStation] Move XY Axis Error
[10:49:47.474] [RightTransferStation] Move XY Axis Error
[10:49:49.889] [RightTransferStation] Move XY Axis Error
[11:24:22.278] [LeftTransferStation] Vacuum Error
[11:24:43.671] [LeftTransferStation] Move Z Axis Error
[11:24:47.610] [LeftTransferStation] Move Z Axis Error
[11:24:49.937] [LeftTransferStation] Move Z Axis Error
[11:24:51.879] [LeftTransferStation] Move Z Axis Error
[11:33:30.743] [RightTransferStation] Move XY Axis Error
[11:34:13.906] [LeftPPStation] Unload Cylinder Vacuum Error
[11:36:27.842] [LeftPPStation] Unload Cylinder Up Error
[12:03:03.302] [RightTransferStation] Move XY Axis Error
[12:03:14.489] [RightTransferStation] Move XY Axis Error
[12:20:15.598] [RightTransferStation] Move XY Axis Error
[12:20:26.173] [RightTransferStation] Move XY Axis Error
[12:50:09.357] [RightTransferStation] Move XY Axis Error
[12:50:13.771] [RightTransferStation] Move XY Axis Error
[12:50:16.808] [RightTransferStation] Move XY Axis Error
[12:50:18.967] [RightTransferStation] Move XY Axis Error
[12:50:21.464] [RightTransferStation] Move XY Axis Error
[14:16:39.715] [LeftTransferStation] Vacuum Error
[14:19:33.740] [RightTransferStation] Vacuum Error
[14:19:47.450] [RightTransferStation] Vacuum Error
[14:20:03.268] [RightPPStation] Load Cylinder Vacuum Error
[14:37:54.584] [RightTransferStation] Move XY Axis Error
[14:38:08.847] [RightTransferStation] Move XY Axis Error
[14:44:30.952] [RightTransferStation] Move XY Axis Error
[14:46:42.037] [LeftTransferStation] Vacuum Error
[14:55:55.721] [RightTransferStation] Move XY Axis Error
[14:56:00.052] [RightTransferStation] Move XY Axis Error
[14:56:04.321] [RightTransferStation] Move XY Axis Error
[15:13:08.518] [RightTransferStation] Move XY Axis Error
[15:20:34.174] [RightTransferStation] Move XY Axis Error
[15:20:41.074] [RightTransferStation] Move XY Axis Error
[15:20:46.572] [RightTransferStation] Move XY Axis Error
[15:49:20.955] [LeftTransferStation] Vacuum Error
[15:49:34.040] [LeftTransferStation] Vacuum Error
[15:50:05.070] [LeftTransferStation] Vacuum Error
[15:50:12.754] [LeftTransferStation] Vacuum Error
[17:17:54.395] [LeftTransferStation] Vacuum Error
[19:03:04.477] [RightTransferStation] Move XY Axis Error
[19:08:09.598] [LeftTransferStation] Vacuum Error
[19:08:29.858] [LeftTransferStation] Move Z Axis Error
[19:08:37.501] [LeftTransferStation] Move Z Axis Error
[19:08:56.409] [LeftTransferStation] Move Z Axis Error
[19:08:59.169] [LeftTransferStation] Move Z Axis Error
[19:09:01.023] [LeftTransferStation] Move Z Axis Error
[19:09:02.879] [LeftTransferStation] Move Z Axis Error
[19:09:21.543] [LeftTransferStation] Move Z Axis Error
[19:24:13.753] [RightTransferStation] Move XY Axis Error
[19:30:32.588] [RightTransferStation] Move XY Axis Error
[19:30:36.703] [RightTransferStation] Move XY Axis Error
[19:30:39.761] [RightTransferStation] Move XY Axis Error
[19:30:42.228] [RightTransferStation] Move XY Axis Error
[19:30:45.834] [RightTransferStation] Move XY Axis Error
[19:30:50.533] [RightTransferStation] Move XY Axis Error
[20:55:02.878] [RightTransferStation] Move XY Axis Error
[21:01:22.127] [RightTransferStation] Move XY Axis Error
[21:01:25.126] [RightTransferStation] Move XY Axis Error
[21:01:28.547] [RightTransferStation] Move XY Axis Error
[21:01:33.174] [RightTransferStation] Move XY Axis Error
[21:01:37.079] [RightPPStation] Load Cylinder Vacuum Error
[21:18:21.010] [LeftPPStation] Unload Cylinder Up Error
[21:18:31.396] [LeftPPStation] Unload Cylinder Up Error
[21:34:38.366] [RightTransferStation] Move XY Axis Error
[21:35:07.485] [RightTransferStation] Move XY Axis Error
[22:00:11.702] [RightTransferStation] Move XY Axis Error
[22:00:16.302] [RightTransferStation] Move XY Axis Error
[22:00:30.371] [RightTransferStation] Move XY Axis Error
[22:10:09.565] [RightTransferStation] Move XY Axis Error
[22:10:12.644] [RightTransferStation] Move XY Axis Error
[22:10:20.946] [RightTransferStation] Move XY Axis Error
[22:42:26.131] [RightTransferStation] Move XY Axis Error
[22:42:38.223] [RightTransferStation] Move XY Axis Error
[22:46:36.722] [RightTransferStation] Move XY Axis Error
[22:46:48.527] [RightTransferStation] Move XY Axis Error
[22:52:06.465] [RightTransferStation] Move XY Axis Error
[22:52:14.423] [RightTransferStation] Move XY Axis Error
[22:52:16.293] [RightTransferStation] Move XY Axis Error
[22:52:18.137] [RightTransferStation] Move XY Axis Error
[22:57:53.787] [RightTransferStation] Move XY Axis Error
[22:59:47.861] [RightTransferStation] Move XY Axis Error
[23:05:44.620] [RightTransferStation] Move XY Axis Error
[23:05:50.451] [RightTransferStation] Move XY Axis Error
[23:05:52.310] [RightTransferStation] Move XY Axis Error
[23:06:17.518] [RightTransferStation] Move XY Axis Error
[23:30:47.666] [RightPPStation] Unload Cylinder Up Error
[23:38:47.313] [RightPPStation] Unload Cylinder Up Error
