[06:47:06.140] ---- [Flow] CT_START Set
[06:47:06.162] ---- [Event] AutoStop : CT_START
[06:47:06.162] [m_nState] Auto State
[06:47:07.264] ---- [Flow] CT_START Set
[06:55:56.130] ---- [Flow] CT_STOP Set
[06:55:56.152] ---- [Event] Auto : CT_STOP
[06:55:56.152] --------- [Monitor] StopTasks() : before m_stopped
[06:55:56.256] --------- [Monitor] StopTasks() : m_stopped
[06:55:56.256] [m_nState] AutoStop State
[06:56:18.209] ---- [Flow] CT_START Set
[06:56:18.231] ---- [Event] AutoStop : CT_START
[06:56:18.231] [m_nState] Auto State
[06:56:19.685] ---- [Flow] CT_START Set
[07:06:12.377] ---- [Flow] CT_START Set
[07:06:13.757] ---- [Flow] CT_START Set
[07:08:17.187] ---- [Flow] CT_START Set
[07:54:19.160] ---- [Flow] CT_START Set
[07:54:25.464] ---- [Flow] CT_START Set
[07:54:34.050] ---- [Flow] CT_START Set
[08:10:43.102] ---- [Flow] CT_START Set
[08:13:22.754] ---- [Flow] CT_START Set
[08:15:05.663] ---- [Flow] CT_START Set
[08:16:05.006] ---- [Flow] CT_START Set
[08:16:05.304] ---- [Flow] CT_START Set
[08:16:08.930] ---- [Flow] CT_START Set
[08:16:12.290] ---- [Flow] CT_START Set
[08:16:15.801] ---- [Flow] CT_START Set
[08:23:12.801] ---- [Flow] CT_START Set
[08:25:09.941] ---- [Flow] CT_START Set
[08:25:10.195] ---- [Flow] CT_START Set
[08:25:14.315] ---- [Flow] CT_START Set
[08:25:18.159] ---- [Flow] CT_START Set
[08:25:18.540] ---- [Flow] CT_START Set
[08:35:47.927] ---- [Flow] CT_START Set
[08:56:37.677] ---- [Flow] CT_START Set
[08:59:51.956] ---- [Flow] CT_START Set
[08:59:56.304] ---- [Flow] CT_START Set
[09:00:02.973] ---- [Flow] CT_START Set
[09:00:06.883] ---- [Flow] CT_START Set
[09:04:13.430] ---- [Flow] CT_START Set
[09:12:40.755] ---- [Flow] CT_START Set
[09:13:14.214] ---- [Flow] CT_START Set
[09:13:20.164] ---- [Flow] CT_START Set
[09:14:07.051] ---- [Flow] CT_START Set
[09:14:08.729] ---- [Flow] CT_START Set
[09:14:08.874] ---- [Flow] CT_START Set
[09:14:08.947] ---- [Flow] CT_START Set
[09:14:09.038] ---- [Flow] CT_START Set
[09:14:09.793] ---- [Flow] CT_START Set
[09:14:09.876] ---- [Flow] CT_START Set
[09:14:09.942] ---- [Flow] CT_START Set
[09:14:10.858] ---- [Flow] CT_START Set
[09:14:10.949] ---- [Flow] CT_START Set
[09:14:11.865] ---- [Flow] CT_START Set
[09:14:11.947] ---- [Flow] CT_START Set
[09:14:12.650] ---- [Flow] CT_START Set
[09:14:12.736] ---- [Flow] CT_START Set
[09:14:13.513] ---- [Flow] CT_START Set
[09:14:13.601] ---- [Flow] CT_START Set
[09:14:13.671] ---- [Flow] CT_START Set
[09:14:14.466] ---- [Flow] CT_START Set
[09:14:14.553] ---- [Flow] CT_START Set
[09:14:14.627] ---- [Flow] CT_START Set
[09:14:14.715] ---- [Flow] CT_START Set
[09:14:15.540] ---- [Flow] CT_START Set
[09:14:15.619] ---- [Flow] CT_START Set
[09:14:15.709] ---- [Flow] CT_START Set
[09:14:15.788] ---- [Flow] CT_START Set
[09:14:15.841] ---- [Flow] CT_START Set
[09:14:15.917] ---- [Flow] CT_START Set
[09:14:26.222] ---- [Flow] CT_START Set
[09:14:39.503] ---- [Flow] CT_START Set
[09:15:45.147] ---- [Flow] CT_START Set
[09:17:04.873] ---- [Flow] CT_START Set
[09:17:05.183] ---- [Flow] CT_START Set
[09:26:19.856] ---- [Flow] CT_START Set
[09:26:22.029] ---- [Flow] CT_START Set
[09:26:24.421] ---- [Flow] CT_START Set
[09:26:29.683] ---- [Flow] CT_START Set
[09:33:25.188] ---- [Flow] CT_START Set
[09:33:28.118] ---- [Flow] CT_START Set
[09:52:17.876] ---- [Flow] CT_START Set
[10:35:58.589] ---- [Flow] CT_START Set
[10:36:36.611] ---- [Flow] CT_START Set
[10:49:41.499] ---- [Flow] CT_START Set
[10:49:46.134] ---- [Flow] CT_START Set
[10:49:48.577] ---- [Flow] CT_START Set
[10:49:49.224] ---- [Flow] CT_START Set
[11:24:28.032] ---- [Flow] CT_START Set
[11:24:46.370] ---- [Flow] CT_START Set
[11:24:46.524] ---- [Flow] CT_START Set
[11:24:48.149] ---- [Flow] CT_START Set
[11:24:48.643] ---- [Flow] CT_START Set
[11:24:48.751] ---- [Flow] CT_START Set
[11:24:50.525] ---- [Flow] CT_START Set
[11:25:35.493] ---- [Flow] CT_START Set
[11:25:35.699] ---- [Flow] CT_START Set
[11:25:35.906] ---- [Flow] CT_START Set
[11:25:36.125] ---- [Flow] CT_START Set
[11:25:36.287] ---- [Flow] CT_START Set
[11:25:36.499] ---- [Flow] CT_START Set
[11:25:37.090] ---- [Flow] CT_START Set
[11:25:37.540] ---- [Flow] CT_START Set
[11:26:52.431] ---- [Flow] CT_START Set
[11:26:53.702] ---- [Flow] CT_START Set
[11:26:56.340] ---- [Flow] CT_START Set
[11:34:18.525] ---- [Flow] CT_START Set
[11:36:30.499] ---- [Flow] CT_START Set
[12:03:13.798] ---- [Flow] CT_START Set
[12:03:16.487] ---- [Flow] CT_START Set
[12:20:25.406] ---- [Flow] CT_START Set
[12:20:27.773] ---- [Flow] CT_START Set
[12:50:12.751] ---- [Flow] CT_START Set
[12:50:13.096] ---- [Flow] CT_START Set
[12:50:15.840] ---- [Flow] CT_START Set
[12:50:17.946] ---- [Flow] CT_START Set
[12:50:20.465] ---- [Flow] CT_START Set
[12:50:25.216] ---- [Flow] CT_START Set
[14:16:42.834] ---- [Flow] CT_START Set
[14:16:53.717] ---- [Flow] CT_START Set
[14:19:37.181] ---- [Flow] CT_START Set
[14:19:41.586] ---- [Flow] CT_START Set
[14:19:46.338] ---- [Flow] CT_START Set
[14:19:59.187] ---- [Flow] CT_START Set
[14:20:07.483] ---- [Flow] CT_START Set
[14:20:45.711] ---- [Flow] CT_START Set
[14:21:14.586] ---- [Flow] CT_START Set
[14:38:07.568] ---- [Flow] CT_START Set
[14:38:07.823] ---- [Flow] CT_START Set
[14:44:35.438] ---- [Flow] CT_START Set
[14:46:47.735] ---- [Flow] CT_START Set
[14:55:58.886] ---- [Flow] CT_START Set
[14:56:03.120] ---- [Flow] CT_START Set
[14:56:07.416] ---- [Flow] CT_START Set
[15:13:16.124] ---- [Flow] CT_START Set
[15:20:39.791] ---- [Flow] CT_START Set
[15:20:40.042] ---- [Flow] CT_START Set
[15:20:45.387] ---- [Flow] CT_START Set
[15:20:50.836] ---- [Flow] CT_START Set
[15:49:31.580] ---- [Flow] CT_START Set
[15:49:49.046] ---- [Flow] CT_START Set
[15:50:10.202] ---- [Flow] CT_START Set
[15:50:19.092] ---- [Flow] CT_START Set
[17:17:58.680] ---- [Flow] CT_START Set
[19:03:08.439] ---- [Flow] CT_START Set
[19:08:13.560] ---- [Flow] CT_START Set
[19:08:36.274] ---- [Flow] CT_START Set
[19:08:36.363] ---- [Flow] CT_START Set
[19:08:37.914] ---- [Flow] CT_START Set
[19:08:54.718] ---- [Flow] CT_START Set
[19:08:55.506] ---- [Flow] CT_START Set
[19:08:56.723] ---- [Flow] CT_START Set
[19:08:58.078] ---- [Flow] CT_START Set
[19:08:58.906] ---- [Flow] CT_START Set
[19:09:00.027] ---- [Flow] CT_START Set
[19:09:00.762] ---- [Flow] CT_START Set
[19:09:01.876] ---- [Flow] CT_START Set
[19:09:03.880] ---- [Flow] CT_START Set
[19:09:09.570] ---- [Flow] CT_START Set
[19:09:18.368] ---- [Flow] CT_START Set
[19:24:17.119] ---- [Flow] CT_START Set
[19:30:35.686] ---- [Flow] CT_START Set
[19:30:38.769] ---- [Flow] CT_START Set
[19:30:41.251] ---- [Flow] CT_START Set
[19:30:44.785] ---- [Flow] CT_START Set
[19:30:49.502] ---- [Flow] CT_START Set
[19:30:54.686] ---- [Flow] CT_START Set
[19:35:06.915] ---- [Flow] CT_STOP Set
[19:35:06.936] ---- [Event] Auto : CT_STOP
[19:35:06.936] --------- [Monitor] StopTasks() : before m_stopped
[19:35:06.970] ---- [Flow] CT_STOP Set
[19:35:07.302] --------- [Monitor] StopTasks() : m_stopped
[19:35:07.302] [m_nState] AutoStop State
[19:56:05.084] ---- [Flow] CT_START Set
[19:56:05.105] ---- [Event] AutoStop : CT_START
[19:56:05.105] [m_nState] Auto State
[19:56:05.721] ---- [Flow] CT_START Set
[20:55:04.431] ---- [Flow] CT_START Set
[21:01:23.887] ---- [Flow] CT_START Set
[21:01:27.258] ---- [Flow] CT_START Set
[21:01:29.283] ---- [Flow] CT_STOP Set
[21:01:29.304] ---- [Event] Auto : CT_STOP
[21:01:29.304] --------- [Monitor] StopTasks() : before m_stopped
[21:01:29.360] --------- [Monitor] StopTasks() : m_stopped
[21:01:29.360] [m_nState] AutoStop State
[21:01:29.498] ---- [Flow] CT_START Set
[21:01:29.519] ---- [Event] AutoStop : CT_START
[21:01:29.519] [m_nState] Auto State
[21:01:31.923] ---- [Flow] CT_START Set
[21:01:35.818] ---- [Flow] CT_START Set
[21:01:35.904] ---- [Flow] CT_START Set
[21:18:26.352] ---- [Flow] CT_START Set
[21:18:32.000] ---- [Flow] CT_START Set
[21:35:06.098] ---- [Flow] CT_START Set
[21:35:06.460] ---- [Flow] CT_START Set
[22:00:15.139] ---- [Flow] CT_START Set
[22:00:16.507] ---- [Flow] CT_START Set
[22:00:29.246] ---- [Flow] CT_START Set
[22:00:31.595] ---- [Flow] CT_START Set
[22:10:11.589] ---- [Flow] CT_START Set
[22:10:19.894] ---- [Flow] CT_START Set
[22:10:20.220] ---- [Flow] CT_START Set
[22:10:20.973] ---- [Flow] CT_START Set
[22:42:36.959] ---- [Flow] CT_START Set
[22:42:37.365] ---- [Flow] CT_START Set
[22:46:48.081] ---- [Flow] CT_START Set
[22:46:48.406] ---- [Flow] CT_START Set
[22:46:48.668] ---- [Flow] CT_START Set
[22:52:14.033] ---- [Flow] CT_START Set
[22:52:14.262] ---- [Flow] CT_START Set
[22:52:14.493] ---- [Flow] CT_START Set
[22:52:15.397] ---- [Flow] CT_START Set
[22:52:16.203] ---- [Flow] CT_START Set
[22:52:16.436] ---- [Flow] CT_START Set
[22:52:17.229] ---- [Flow] CT_START Set
[22:52:17.971] ---- [Flow] CT_START Set
[22:59:46.509] ---- [Flow] CT_START Set
[22:59:47.043] ---- [Flow] CT_START Set
[23:05:50.057] ---- [Flow] CT_START Set
[23:05:50.365] ---- [Flow] CT_START Set
[23:05:50.649] ---- [Flow] CT_START Set
[23:05:51.397] ---- [Flow] CT_START Set
[23:05:52.203] ---- [Flow] CT_START Set
[23:05:52.476] ---- [Flow] CT_START Set
[23:06:26.038] ---- [Flow] CT_START Set
[23:16:30.288] ---- [Flow] CT_START Set
[23:16:34.648] ---- [Flow] CT_START Set
[23:16:42.920] ---- [Flow] CT_START Set
[23:32:13.722] ---- [Flow] CT_START Set
[23:38:54.394] ---- [Flow] CT_START Set
