[01:12:15.207] [RightTransferStation] Move XY Axis Error
[01:12:29.006] [RightTransferStation] Move XY Axis Error
[04:27:59.309] [RightTransferStation] Move XY Axis Error
[04:28:39.140] [RightTransferStation] Move XY Axis Error
[04:33:28.761] [RightTransferStation] Move XY Axis Error
[04:33:42.658] [RightTransferStation] Move XY Axis Error
[04:52:43.148] [RightTransferStation] Vacuum Error
[07:33:22.874] [RightTransferStation] Move XY Axis Error
[07:33:41.682] [RightTransferStation] Move XY Axis Error
[07:59:49.169] [RightTransferStation] Move XY Axis Error
[08:05:22.666] [RightTransferStation] Move XY Axis Error
[08:11:04.659] [RightTransferStation] Move XY Axis Error
[08:11:37.477] [RightTransferStation] Move XY Axis Error
[08:18:01.144] [RightTransferStation] Move XY Axis Error
[08:18:37.910] [RightTransferStation] Move XY Axis Error
[08:30:06.185] [RightPPStation] Load Cylinder Up Error
[08:31:25.272] [RightPPStation] Load Cylinder Up Error
[08:58:42.958] [RightTransferStation] Move XY Axis Error
[09:00:03.897] [RightTransferStation] Move XY Axis Error
[09:03:26.983] [LeftTransferStation] Vacuum Error
[09:06:23.207] [RightTransferStation] Move XY Axis Error
[09:07:21.752] [RightTransferStation] Move XY Axis Error
[13:40:07.616] [RightTransferStation] Vacuum Error
[13:40:22.131] [RightTransferStation] Vacuum Error
[13:40:59.454] [RightTransferStation] Vacuum Error
[13:46:46.399] [RightTransferStation] Vacuum Error
[13:48:54.201] [LeftTransferStation] Vacuum Error
[13:50:13.984] [LeftTransferStation] Vacuum Error
[14:05:15.520] [MainControlStation] Right Door Open
[15:00:51.964] [RightTransferStation] Vacuum Error
[15:01:02.553] [RightTransferStation] Vacuum Error
[15:01:08.155] [RightTransferStation] Move XY Axis Error
[15:43:16.651] [RightTransferStation] Vacuum Error
[15:48:13.777] [RightTransferStation] Vacuum Error
[18:25:04.009] [RightTransferStation] Move XY Axis Error
[18:25:15.871] [RightTransferStation] Move XY Axis Error
[18:34:40.806] [RightTransferStation] Move XY Axis Error
[18:39:16.328] [RightTransferStation] Move XY Axis Error
[19:10:57.485] [RightTransferStation] Move XY Axis Error
[19:16:34.858] [RightTransferStation] Move XY Axis Error
[19:54:10.281] [LeftTransferStation] Vacuum Error
[19:54:49.702] [LeftTransferStation] Vacuum Error
[23:00:46.750] [RightTransferStation] Move XY Axis Error
[23:01:02.031] [RightTransferStation] Move XY Axis Error
[23:18:51.746] [RightTransferStation] Move XY Axis Error
[23:35:20.852] [RightTransferStation] Move XY Axis Error
[23:35:35.289] [RightTransferStation] Move XY Axis Error
[23:55:44.805] [RightTransferStation] Move XY Axis Error
[23:58:23.822] [RightTransferStation] Move XY Axis Error
