[02:28:38.729] ---- [Flow] CT_START Set
[02:28:38.753] ---- [Event] AutoStop : CT_START
[02:28:38.753] [m_nState] Auto State
[02:28:39.534] ---- [Flow] CT_START Set
[02:45:00.792] ---- [Flow] CT_STOP Set
[02:45:00.814] ---- [Event] Auto : CT_STOP
[02:45:00.815] --------- [Monitor] StopTasks() : before m_stopped
[02:45:00.912] --------- [Monitor] StopTasks() : m_stopped
[02:45:00.913] [m_nState] AutoStop State
[03:28:15.333] ---- [Flow] CT_START Set
[03:28:15.355] ---- [Event] AutoStop : CT_START
[03:28:15.356] [m_nState] Auto State
[03:28:16.302] ---- [Flow] CT_START Set
[03:47:14.391] ---- [Flow] CT_STOP Set
[03:47:14.414] ---- [Event] Auto : CT_STOP
[03:47:14.415] --------- [Monitor] StopTasks() : before m_stopped
[03:47:14.482] --------- [Monitor] StopTasks() : m_stopped
[03:47:14.483] [m_nState] AutoStop State
[08:46:15.843] ---- [Flow] CT_START Set
[08:46:15.865] ---- [Event] AutoStop : CT_START
[08:46:15.866] [m_nState] Auto State
[08:46:17.039] ---- [Flow] CT_START Set
[09:21:06.910] ---- [Flow] CT_START Set
[09:21:26.041] ---- [Flow] CT_START Set
[09:21:57.234] ---- [Flow] CT_START Set
[09:22:24.201] ---- [Flow] CT_START Set
[09:27:05.535] ---- [Flow] CT_START Set
[09:33:52.376] ---- [Flow] CT_START Set
[09:34:17.618] ---- [Flow] CT_START Set
[09:48:49.492] ---- [Flow] CT_START Set
[09:50:45.689] ---- [Flow] CT_START Set
[09:50:48.128] ---- [Flow] CT_START Set
[09:52:49.058] ---- [Flow] CT_START Set
[09:54:38.570] ---- [Flow] CT_START Set
[10:08:33.526] ---- [Flow] CT_START Set
[10:22:47.950] ---- [Flow] CT_START Set
[10:51:43.571] ---- [Flow] CT_START Set
[11:30:58.245] ---- [Flow] CT_STOP Set
[11:30:58.267] ---- [Event] Auto : CT_STOP
[11:30:58.268] --------- [Monitor] StopTasks() : before m_stopped
[11:30:58.340] ---- [Flow] CT_STOP Set
[11:30:58.376] --------- [Monitor] StopTasks() : m_stopped
[11:30:58.377] [m_nState] AutoStop State
[11:37:53.258] ---- [Flow] CT_START Set
[11:37:53.280] ---- [Event] AutoStop : CT_START
[11:37:53.281] [m_nState] Auto State
[11:39:31.356] ---- [Flow] CT_START Set
[11:46:44.141] ---- [Flow] CT_START Set
[12:34:11.899] ---- [Flow] CT_START Set
[13:01:22.759] ---- [Flow] CT_START Set
[13:01:44.927] ---- [Flow] CT_START Set
[13:23:46.770] ---- [Flow] CT_START Set
[13:45:47.946] ---- [Flow] CT_STOP Set
[13:45:47.969] ---- [Event] Auto : CT_STOP
[13:45:47.969] --------- [Monitor] StopTasks() : before m_stopped
[13:45:48.002] --------- [Monitor] StopTasks() : m_stopped
[13:45:48.003] [m_nState] AutoStop State
[14:20:32.570] ---- [Flow] CT_START Set
[14:20:32.593] ---- [Event] AutoStop : CT_START
[14:20:32.594] [m_nState] Auto State
[14:23:28.957] ---- [Flow] CT_START Set
[15:18:27.361] ---- [Flow] CT_START Set
[15:20:31.032] ---- [Flow] CT_START Set
[15:20:33.723] ---- [Flow] CT_START Set
[16:20:57.886] ---- [Flow] CT_STOP Set
[16:20:57.908] ---- [Event] Auto : CT_STOP
[16:20:57.909] --------- [Monitor] StopTasks() : before m_stopped
[16:20:58.204] --------- [Monitor] StopTasks() : m_stopped
[16:20:58.205] [m_nState] AutoStop State
[16:20:58.892] ---- [Flow] CT_START Set
[16:20:58.914] ---- [Event] AutoStop : CT_START
[16:20:58.915] [m_nState] Auto State
[16:21:02.663] ---- [Flow] CT_STOP Set
[16:21:02.685] ---- [Event] Auto : CT_STOP
[16:21:02.686] --------- [Monitor] StopTasks() : before m_stopped
[16:21:02.773] ---- [Flow] CT_STOP Set
[16:21:04.264] --------- [Monitor] StopTasks() : m_stopped
[16:21:04.265] [m_nState] AutoStop State
[16:31:33.303] ---- [Flow] CT_START Set
[16:31:33.326] ---- [Event] AutoStop : CT_START
[16:31:33.327] [m_nState] Auto State
[16:38:33.480] ---- [Flow] CT_START Set
[16:42:10.948] ---- [Flow] CT_START Set
[16:42:14.157] ---- [Flow] CT_START Set
[16:42:22.601] ---- [Flow] CT_START Set
[16:42:29.041] ---- [Flow] CT_START Set
[17:43:40.651] ---- [Flow] CT_START Set
[17:43:52.927] ---- [Flow] CT_START Set
[17:53:06.413] ---- [Flow] CT_START Set
[18:34:23.113] ---- [Flow] CT_START Set
[19:00:43.329] ---- [Flow] CT_START Set
[19:02:02.007] ---- [Flow] CT_STOP Set
[19:02:02.029] ---- [Event] Auto : CT_STOP
[19:02:02.030] --------- [Monitor] StopTasks() : before m_stopped
[19:02:02.051] --------- [Monitor] StopTasks() : m_stopped
[19:02:02.052] [m_nState] AutoStop State
[19:18:50.150] ---- [Flow] CT_START Set
[19:18:50.173] ---- [Event] AutoStop : CT_START
[19:18:50.174] [m_nState] Auto State
[19:18:51.196] ---- [Flow] CT_START Set
[19:37:56.120] ---- [Flow] CT_START Set
[19:38:31.880] ---- [Flow] CT_START Set
[19:39:21.548] ---- [Flow] CT_START Set
[20:03:55.761] ---- [Flow] CT_START Set
[20:20:58.661] ---- [Flow] CT_STOP Set
[20:20:58.683] ---- [Event] Auto : CT_STOP
[20:20:58.684] --------- [Monitor] StopTasks() : before m_stopped
[20:20:58.904] --------- [Monitor] StopTasks() : m_stopped
[20:20:58.905] [m_nState] AutoStop State
[20:28:36.496] ---- [Flow] CT_START Set
[20:28:36.518] ---- [Event] AutoStop : CT_START
[20:28:36.519] [m_nState] Auto State
[20:28:37.311] ---- [Flow] CT_START Set
[21:15:27.984] ---- [Flow] CT_STOP Set
[21:15:28.007] ---- [Event] Auto : CT_STOP
[21:15:28.008] --------- [Monitor] StopTasks() : before m_stopped
[21:15:28.070] --------- [Monitor] StopTasks() : m_stopped
[21:15:28.071] [m_nState] AutoStop State
[21:24:01.108] ---- [Flow] CT_START Set
[21:24:01.131] ---- [Event] AutoStop : CT_START
[21:24:01.132] [m_nState] Auto State
[21:24:01.869] ---- [Flow] CT_START Set
[22:24:22.189] ---- [Flow] CT_START Set
[22:47:18.917] ---- [Flow] CT_START Set
