[00:14:52.556] ---- [Flow] CT_STOP Set
[00:14:52.580] ---- [Event] Auto : CT_STOP
[00:14:52.581] --------- [Monitor] StopTasks() : before m_stopped
[00:14:52.631] --------- [Monitor] StopTasks() : m_stopped
[00:14:52.632] [m_nState] AutoStop State
[00:15:13.027] ---- [Flow] CT_START Set
[00:15:13.049] ---- [Event] AutoStop : CT_START
[00:15:13.050] [m_nState] Auto State
[00:15:27.483] ---- [Flow] CT_STOP Set
[00:15:27.505] ---- [Event] Auto : CT_STOP
[00:15:27.506] --------- [Monitor] StopTasks() : before m_stopped
[00:15:27.514] --------- [Monitor] StopTasks() : m_stopped
[00:15:27.515] [m_nState] AutoStop State
[00:15:40.641] ---- [Flow] CT_START Set
[00:15:40.664] ---- [Event] AutoStop : CT_START
[00:15:40.665] [m_nState] Auto State
[00:15:50.278] ---- [Flow] CT_STOP Set
[00:15:50.300] ---- [Event] Auto : CT_STOP
[00:15:50.301] --------- [Monitor] StopTasks() : before m_stopped
[00:15:50.311] --------- [Monitor] StopTasks() : m_stopped
[00:15:50.312] [m_nState] AutoStop State
[00:41:06.064] ---- [Flow] CT_START Set
[00:41:06.086] ---- [Event] AutoStop : CT_START
[00:41:06.087] [m_nState] Auto State
[00:47:58.172] ---- [Flow] CT_START Set
[01:08:08.593] ---- [Flow] CT_STOP Set
[01:08:08.616] ---- [Event] Auto : CT_STOP
[01:08:08.617] --------- [Monitor] StopTasks() : before m_stopped
[01:08:08.685] --------- [Monitor] StopTasks() : m_stopped
[01:08:08.686] [m_nState] AutoStop State
[01:15:46.585] ---- [Flow] CT_START Set
[01:15:46.608] ---- [Event] AutoStop : CT_START
[01:15:46.609] [m_nState] Auto State
[01:16:09.942] ---- [Flow] CT_START Set
[01:17:01.477] ---- [Flow] CT_START Set
[01:17:18.232] ---- [Flow] CT_START Set
[01:17:26.847] ---- [Flow] CT_START Set
[01:17:36.026] ---- [Flow] CT_START Set
[01:24:19.448] ---- [Flow] CT_STOP Set
[01:24:19.470] ---- [Event] Auto : CT_STOP
[01:24:19.471] --------- [Monitor] StopTasks() : before m_stopped
[01:24:19.564] --------- [Monitor] StopTasks() : m_stopped
[01:24:19.566] [m_nState] AutoStop State
[01:24:19.684] ---- [Flow] CT_STOP Set
[01:24:19.725] ---- [Flow] CT_STOP Set
[01:24:19.759] ---- [Flow] CT_STOP Set
[02:12:49.281] ---- [Flow] CT_START Set
[02:12:49.303] ---- [Event] AutoStop : CT_START
[02:12:49.304] [m_nState] Auto State
[02:14:50.727] ---- [Flow] CT_STOP Set
[02:14:50.750] ---- [Event] Auto : CT_STOP
[02:14:50.750] --------- [Monitor] StopTasks() : before m_stopped
[02:14:50.764] --------- [Monitor] StopTasks() : m_stopped
[02:14:50.765] [m_nState] AutoStop State
[02:14:51.987] ---- [Flow] CT_START Set
[02:14:52.009] ---- [Event] AutoStop : CT_START
[02:14:52.010] [m_nState] Auto State
[02:14:55.109] ---- [Flow] CT_STOP Set
[02:14:55.131] ---- [Event] Auto : CT_STOP
[02:14:55.132] --------- [Monitor] StopTasks() : before m_stopped
[02:14:55.150] --------- [Monitor] StopTasks() : m_stopped
[02:14:55.151] [m_nState] AutoStop State
[02:14:55.181] ---- [Flow] CT_STOP Set
[02:14:55.217] ---- [Flow] CT_STOP Set
[02:14:55.251] ---- [Flow] CT_STOP Set
[02:14:55.289] ---- [Flow] CT_STOP Set
[02:14:56.381] ---- [Flow] CT_STOP Set
[02:14:56.416] ---- [Flow] CT_STOP Set
