[00:29:13.488] ---- [Flow] CT_STOP Set
[00:29:13.509] ---- [Event] Auto : CT_STOP
[00:29:13.509] --------- [Monitor] StopTasks() : before m_stopped
[00:29:13.592] --------- [Monitor] StopTasks() : m_stopped
[00:29:13.592] [m_nState] AutoStop State
[00:38:06.781] ---- [Flow] CT_START Set
[00:38:06.787] ---- [Flow] CT_START Set
[00:38:06.802] ---- [Event] AutoStop : CT_START
[00:38:06.802] [m_nState] Auto State
[01:15:51.841] ---- [Flow] CT_START Set
[01:30:51.866] ---- [Flow] CT_START Set
[01:30:52.174] ---- [Flow] CT_START Set
[01:30:52.899] ---- [Flow] CT_START Set
[01:47:38.842] ---- [Flow] CT_START Set
[01:47:39.147] ---- [Flow] CT_START Set
[01:47:39.428] ---- [Flow] CT_START Set
[01:57:52.509] ---- [Flow] CT_START Set
[01:57:52.833] ---- [Flow] CT_START Set
[01:57:56.059] ---- [Flow] CT_START Set
[02:15:57.780] ---- [Flow] CT_START Set
[02:17:40.421] ---- [Flow] CT_START Set
[02:17:40.761] ---- [Flow] CT_START Set
[02:17:43.596] ---- [Flow] CT_START Set
[02:17:44.924] ---- [Flow] CT_START Set
[02:17:45.244] ---- [Flow] CT_START Set
[02:17:56.299] ---- [Flow] CT_START Set
[02:17:57.977] ---- [Flow] CT_START Set
[02:18:58.451] ---- [Flow] CT_START Set
[02:24:30.406] ---- [Flow] CT_START Set
[02:24:30.870] ---- [Flow] CT_START Set
[02:24:31.163] ---- [Flow] CT_START Set
[02:24:31.445] ---- [Flow] CT_START Set
[02:29:05.426] ---- [Flow] CT_STOP Set
[02:29:05.448] ---- [Event] Auto : CT_STOP
[02:29:05.448] --------- [Monitor] StopTasks() : before m_stopped
[02:29:05.488] ---- [Flow] CT_STOP Set
[02:29:05.533] ---- [Flow] CT_STOP Set
[02:29:05.579] ---- [Flow] CT_STOP Set
[02:29:05.638] ---- [Flow] CT_STOP Set
[02:29:05.651] --------- [Monitor] StopTasks() : m_stopped
[02:29:05.651] [m_nState] AutoStop State
[02:50:48.047] ---- [Flow] CT_START Set
[02:50:48.069] ---- [Event] AutoStop : CT_START
[02:50:48.069] [m_nState] Auto State
[02:52:58.470] ---- [Flow] CT_STOP Set
[02:52:58.492] ---- [Event] Auto : CT_STOP
[02:52:58.492] --------- [Monitor] StopTasks() : before m_stopped
[02:52:58.492] --------- [Monitor] StopTasks() : m_stopped
[02:52:58.492] [m_nState] AutoStop State
[02:53:11.256] ---- [Flow] CT_START Set
[02:53:11.278] ---- [Event] AutoStop : CT_START
[02:53:11.278] [m_nState] Auto State
[02:53:12.447] ---- [Flow] CT_START Set
[02:54:14.726] ---- [Flow] CT_STOP Set
[02:54:14.748] ---- [Event] Auto : CT_STOP
[02:54:14.748] --------- [Monitor] StopTasks() : before m_stopped
[02:54:14.788] --------- [Monitor] StopTasks() : m_stopped
[02:54:14.788] [m_nState] AutoStop State
[02:57:22.302] ---- [Flow] CT_START Set
[02:57:22.324] ---- [Event] AutoStop : CT_START
[02:57:22.324] [m_nState] Auto State
[02:57:23.289] ---- [Flow] CT_START Set
[04:13:39.154] ---- [Flow] CT_STOP Set
[04:13:39.175] ---- [Event] Auto : CT_STOP
[04:13:39.175] --------- [Monitor] StopTasks() : before m_stopped
[04:13:39.216] ---- [Flow] CT_STOP Set
[04:13:39.224] --------- [Monitor] StopTasks() : m_stopped
[04:13:39.225] [m_nState] AutoStop State
[04:13:39.264] ---- [Flow] CT_STOP Set
[04:13:39.300] ---- [Flow] CT_STOP Set
[06:36:26.617] ---- [Flow] CT_START Set
[06:36:26.638] ---- [Event] AutoStop : CT_START
[06:36:26.638] [m_nState] Auto State
[06:36:27.600] ---- [Flow] CT_START Set
[06:43:06.742] ---- [Flow] CT_START Set
[06:43:07.156] ---- [Flow] CT_START Set
[08:37:28.922] ---- [Flow] CT_START Set
[08:37:29.338] ---- [Flow] CT_START Set
[08:37:42.428] ---- [Flow] CT_START Set
[08:37:42.891] ---- [Flow] CT_START Set
[08:37:43.215] ---- [Flow] CT_START Set
[08:46:25.797] ---- [Flow] CT_START Set
[08:46:39.631] ---- [Flow] CT_START Set
[08:46:39.965] ---- [Flow] CT_START Set
[08:46:40.248] ---- [Flow] CT_START Set
[08:47:30.788] ---- [Flow] CT_START Set
[08:58:08.053] ---- [Flow] CT_START Set
[08:58:08.411] ---- [Flow] CT_START Set
[09:04:49.642] ---- [Flow] CT_START Set
[09:04:50.655] ---- [Flow] CT_START Set
[09:08:56.204] ---- [Flow] CT_START Set
[09:08:56.591] ---- [Flow] CT_START Set
[09:08:57.086] ---- [Flow] CT_START Set
[09:30:51.768] ---- [Flow] CT_START Set
[09:30:52.137] ---- [Flow] CT_START Set
[09:31:06.118] ---- [Flow] CT_START Set
[09:31:06.467] ---- [Flow] CT_START Set
[09:32:15.759] ---- [Flow] CT_STOP Set
[09:32:15.781] ---- [Event] Auto : CT_STOP
[09:32:15.781] --------- [Monitor] StopTasks() : before m_stopped
[09:32:15.808] ---- [Flow] CT_STOP Set
[09:32:15.825] --------- [Monitor] StopTasks() : m_stopped
[09:32:15.826] [m_nState] AutoStop State
[09:32:15.850] ---- [Flow] CT_STOP Set
[09:32:15.883] ---- [Flow] CT_STOP Set
[09:32:15.916] ---- [Flow] CT_STOP Set
[09:32:15.956] ---- [Flow] CT_STOP Set
[09:34:55.138] ---- [Flow] CT_START Set
[09:34:55.160] ---- [Event] AutoStop : CT_START
[09:34:55.160] [m_nState] Auto State
[09:35:11.584] ---- [Flow] CT_STOP Set
[09:35:11.606] ---- [Event] Auto : CT_STOP
[09:35:11.606] --------- [Monitor] StopTasks() : before m_stopped
[09:35:11.649] ---- [Flow] CT_STOP Set
[09:35:11.699] ---- [Flow] CT_STOP Set
[09:35:14.234] --------- [Monitor] StopTasks() : m_stopped
[09:35:14.234] [m_nState] AutoStop State
[09:38:17.660] ---- [Flow] CT_START Set
[09:38:17.681] ---- [Event] AutoStop : CT_START
[09:38:17.681] [m_nState] Auto State
[09:38:20.678] ---- [Flow] CT_START Set
[09:40:17.399] ---- [Flow] CT_START Set
[09:40:17.888] ---- [Flow] CT_START Set
[09:40:19.516] ---- [Flow] CT_START Set
[10:07:17.620] ---- [Flow] CT_START Set
[10:07:17.990] ---- [Flow] CT_START Set
[10:13:42.942] ---- [Flow] CT_START Set
[10:13:43.345] ---- [Flow] CT_START Set
[10:19:16.124] ---- [Flow] CT_START Set
[10:19:18.108] ---- [Flow] CT_START Set
[10:19:19.810] ---- [Flow] CT_START Set
[10:19:30.135] ---- [Flow] CT_START Set
[10:19:35.183] ---- [Flow] CT_START Set
[10:19:38.786] ---- [Flow] CT_START Set
[10:20:31.284] ---- [Flow] CT_START Set
[10:20:31.935] ---- [Flow] CT_START Set
[10:20:32.590] ---- [Flow] CT_START Set
[11:14:16.066] ---- [Flow] CT_START Set
[11:38:57.625] ---- [Flow] CT_STOP Set
[11:38:57.648] ---- [Event] Auto : CT_STOP
[11:38:57.648] --------- [Monitor] StopTasks() : before m_stopped
[11:38:57.691] ---- [Flow] CT_STOP Set
[11:38:57.955] --------- [Monitor] StopTasks() : m_stopped
[11:38:57.956] [m_nState] AutoStop State
[12:21:47.651] ---- [Flow] CT_START Set
[12:21:47.672] ---- [Event] AutoStop : CT_START
[12:21:47.672] [m_nState] Auto State
[12:21:48.687] ---- [Flow] CT_START Set
[12:49:19.926] ---- [Flow] CT_START Set
[12:49:20.239] ---- [Flow] CT_START Set
[13:52:30.871] ---- [Flow] CT_START Set
[14:23:35.868] ---- [Flow] CT_START Set
[14:23:36.307] ---- [Flow] CT_START Set
[14:28:49.934] ---- [Flow] CT_STOP Set
[14:28:49.956] ---- [Event] Auto : CT_STOP
[14:28:49.956] --------- [Monitor] StopTasks() : before m_stopped
[14:28:51.143] --------- [Monitor] StopTasks() : m_stopped
[14:28:51.143] [m_nState] AutoStop State
[14:30:35.871] ---- [Flow] CT_START Set
[14:30:35.892] ---- [Event] AutoStop : CT_START
[14:30:35.892] [m_nState] Auto State
[14:32:05.772] ---- [Flow] CT_STOP Set
[14:32:05.793] ---- [Event] Auto : CT_STOP
[14:32:05.793] --------- [Monitor] StopTasks() : before m_stopped
[14:32:05.834] ---- [Flow] CT_STOP Set
[14:32:05.855] --------- [Monitor] StopTasks() : m_stopped
[14:32:05.856] [m_nState] AutoStop State
[14:32:05.868] ---- [Flow] CT_STOP Set
[14:38:37.708] ---- [Flow] CT_START Set
[14:38:37.729] ---- [Event] AutoStop : CT_START
[14:38:37.729] [m_nState] Auto State
[14:38:40.215] ---- [Flow] CT_START Set
[15:31:13.411] ---- [Flow] CT_START Set
[15:31:15.254] ---- [Flow] CT_START Set
[15:31:26.222] ---- [Flow] CT_START Set
[16:08:51.417] ---- [Flow] CT_STOP Set
[16:08:51.439] ---- [Event] Auto : CT_STOP
[16:08:51.439] --------- [Monitor] StopTasks() : before m_stopped
[16:08:51.474] --------- [Monitor] StopTasks() : m_stopped
[16:08:51.474] [m_nState] AutoStop State
[16:08:51.521] ---- [Flow] CT_STOP Set
[16:08:51.553] ---- [Flow] CT_STOP Set
[18:45:06.940] ---- [Flow] CT_START Set
[18:45:06.961] ---- [Event] AutoStop : CT_START
[18:45:06.961] [m_nState] Auto State
[18:45:08.008] ---- [Flow] CT_START Set
[18:50:23.504] ---- [Flow] CT_START Set
[19:11:39.074] ---- [Flow] CT_STOP Set
[19:11:39.095] ---- [Event] Auto : CT_STOP
[19:11:39.095] --------- [Monitor] StopTasks() : before m_stopped
[19:11:39.118] --------- [Monitor] StopTasks() : m_stopped
[19:11:39.119] [m_nState] AutoStop State
[19:11:39.157] ---- [Flow] CT_STOP Set
[19:11:39.191] ---- [Flow] CT_STOP Set
[19:12:35.165] ---- [Flow] CT_START Set
[19:12:35.186] ---- [Event] AutoStop : CT_START
[19:12:35.186] [m_nState] Auto State
[19:12:36.104] ---- [Flow] CT_START Set
[19:20:13.907] ---- [Flow] CT_STOP Set
[19:20:13.928] ---- [Event] Auto : CT_STOP
[19:20:13.928] --------- [Monitor] StopTasks() : before m_stopped
[19:20:13.976] ---- [Flow] CT_STOP Set
[19:20:14.025] ---- [Flow] CT_STOP Set
[19:20:14.170] --------- [Monitor] StopTasks() : m_stopped
[19:20:14.171] [m_nState] AutoStop State
[19:26:41.275] ---- [Flow] CT_START Set
[19:26:41.296] ---- [Event] AutoStop : CT_START
[19:26:41.296] [m_nState] Auto State
[19:26:42.022] ---- [Flow] CT_START Set
[19:49:10.632] ---- [Flow] CT_START Set
[20:18:12.548] ---- [Flow] CT_START Set
[20:18:13.126] ---- [Flow] CT_START Set
[20:18:13.408] ---- [Flow] CT_START Set
[20:18:15.197] ---- [Flow] CT_START Set
[20:18:15.486] ---- [Flow] CT_START Set
[20:18:26.711] ---- [Flow] CT_START Set
[20:18:27.019] ---- [Flow] CT_START Set
[20:18:27.320] ---- [Flow] CT_START Set
[20:30:23.445] ---- [Flow] CT_START Set
[20:30:24.393] ---- [Flow] CT_START Set
[20:30:45.862] ---- [Flow] CT_START Set
[20:35:14.841] ---- [Flow] CT_START Set
[20:47:28.507] ---- [Flow] CT_START Set
[20:47:30.037] ---- [Flow] CT_START Set
[20:51:43.906] ---- [Flow] CT_START Set
[20:54:54.033] ---- [Flow] CT_START Set
[20:54:54.954] ---- [Flow] CT_START Set
[20:58:37.409] ---- [Flow] CT_START Set
[21:19:31.875] ---- [Flow] CT_START Set
[21:21:49.722] ---- [Flow] CT_START Set
[21:21:50.641] ---- [Flow] CT_START Set
[21:53:28.309] ---- [Flow] CT_START Set
[21:53:29.312] ---- [Flow] CT_START Set
[21:58:25.652] ---- [Flow] CT_START Set
[21:58:25.996] ---- [Flow] CT_START Set
[21:59:01.561] ---- [Flow] CT_STOP Set
[21:59:01.583] ---- [Event] Auto : CT_STOP
[21:59:01.583] --------- [Monitor] StopTasks() : before m_stopped
[21:59:02.491] --------- [Monitor] StopTasks() : m_stopped
[21:59:02.491] [m_nState] AutoStop State
[22:08:12.346] ---- [Flow] CT_START Set
[22:08:12.368] ---- [Event] AutoStop : CT_START
[22:08:12.368] [m_nState] Auto State
[22:08:13.086] ---- [Flow] CT_START Set
[22:27:07.686] ---- [Flow] CT_START Set
[22:27:08.250] ---- [Flow] CT_START Set
[22:27:08.506] ---- [Flow] CT_START Set
[22:27:41.280] ---- [Flow] CT_START Set
[22:27:41.847] ---- [Flow] CT_START Set
[22:27:42.129] ---- [Flow] CT_START Set
[22:45:44.285] ---- [Flow] CT_START Set
[22:45:44.596] ---- [Flow] CT_START Set
[22:51:46.954] ---- [Flow] CT_START Set
[22:51:47.545] ---- [Flow] CT_START Set
[22:51:47.810] ---- [Flow] CT_START Set
[23:11:28.146] ---- [Flow] CT_START Set
[23:11:28.454] ---- [Flow] CT_START Set
[23:11:28.780] ---- [Flow] CT_START Set
[23:34:44.502] ---- [Flow] CT_START Set
[23:34:44.820] ---- [Flow] CT_START Set
[23:34:45.109] ---- [Flow] CT_START Set
[23:37:19.372] ---- [Flow] CT_START Set
