[02:03:14.905] [LeftPPStation] Load Cylinder Up Error
[02:03:17.988] [LeftPPStation] Load Cylinder Vacuum Error
[02:35:43.395] [RightTransferStation] Move XY Axis Error
[02:59:53.101] [LeftPPStation] Load Cylinder Vacuum Error
[03:25:15.536] [RightTransferStation] Move XY Axis Error
[03:25:36.855] [RightTransferStation] Move XY Axis Error
[07:15:37.705] [MainControlStation] Right Door Open
[07:37:29.233] [RightTransferStation] Move XY Axis Error
[07:37:48.305] [RightTransferStation] Move XY Axis Error
[08:01:48.389] [LeftPPStation] Load Cylinder Up Error
[08:01:55.066] [LeftPPStation] Load Cylinder Up Error
[08:02:04.048] [LeftPPStation] Load Cylinder Up Error
[08:18:21.636] [RightPPStation] Load Cylinder Vacuum Error
[08:25:33.589] [RightPPStation] Load Cylinder Vacuum Error
[08:33:17.319] [LeftTransferStation] Vacuum Error
[08:36:53.894] [RightTransferStation] Move XY Axis Error
[08:37:12.486] [RightTransferStation] Move XY Axis Error
[11:06:41.146] [RightPPStation] Load Cylinder Up Error
[11:08:00.143] [RightPPStation] Load Cylinder Down Error
[11:56:02.791] [MainControlStation] Right Door Open
[12:15:03.955] [RightTransferStation] Vacuum Error
[12:16:51.586] [MainControlStation] Right Door Open
[14:06:45.463] [RightTransferStation] Move XY Axis Error
[14:06:56.623] [RightTransferStation] Move XY Axis Error
[18:07:27.873] [RightTransferStation] Vacuum Error
[18:09:00.139] [RightTransferStation] Vacuum Error
[18:09:05.678] [RightTransferStation] Vacuum Error
[18:09:17.599] [RightTransferStation] Vacuum Error
[18:09:32.609] [RightTransferStation] Vacuum Error
[22:31:02.643] [RightTransferStation] Vacuum Error
[22:58:21.335] [RightTransferStation] Move XY Axis Error
[22:58:44.063] [RightTransferStation] Move XY Axis Error
[23:21:57.911] [MainControlStation] Left Door Open
[23:21:59.866] [MainControlStation] Left Door Open
[23:23:21.343] [RightTransferStation] Vacuum Error
[23:26:39.646] [MainControlStation] Left Door Open
