[00:20:59.926] [LeftTransferStation] Unload Buffer Set Exist
[00:24:33.941] [RightTransferStation] Move XY Axis Error
[00:24:43.664] [RightTransferStation] Move XY Axis Error
[00:32:26.133] [RightTransferStation] Move XY Axis Error
[00:34:36.203] [RightTransferStation] Move XY Axis Error
[01:20:10.258] [RightTransferStation] Move XY Axis Error
[01:20:21.418] [RightTransferStation] Move XY Axis Error
[01:42:05.102] [RightTransferStation] Move XY Axis Error
[01:42:55.194] [RightTransferStation] Move XY Axis Error
[01:47:40.792] [RightTransferStation] Move XY Axis Error
[01:47:52.918] [RightTransferStation] Move XY Axis Error
[01:54:17.123] [RightTransferStation] Move XY Axis Error
[01:57:03.718] [RightTransferStation] Move XY Axis Error
[01:58:51.929] [RightTransferStation] Move XY Axis Error
[02:00:05.688] [RightTransferStation] Move XY Axis Error
[02:03:33.617] [RightTransferStation] Move XY Axis Error
[02:07:00.736] [RightTransferStation] Move XY Axis Error
[02:17:43.192] [RightTransferStation] Move XY Axis Error
[02:17:50.157] [RightTransferStation] Move XY Axis Error
[02:29:34.188] [RightTransferStation] Move XY Axis Error
[02:29:46.476] [RightTransferStation] Move XY Axis Error
[02:47:21.305] [RightTransferStation] Move XY Axis Error
[02:47:34.573] [RightTransferStation] Move XY Axis Error
[02:47:36.531] [RightTransferStation] Move XY Axis Error
[02:52:21.105] [RightTransferStation] Move XY Axis Error
[02:52:31.547] [RightTransferStation] Move XY Axis Error
[03:01:35.935] [RightTransferStation] Move XY Axis Error
[03:01:41.677] [RightTransferStation] Move XY Axis Error
[03:05:44.940] [RightTransferStation] Move XY Axis Error
[03:06:01.794] [RightTransferStation] Move XY Axis Error
[03:11:03.719] [RightTransferStation] Move XY Axis Error
[03:11:14.177] [RightTransferStation] Move XY Axis Error
[03:19:07.734] [RightTransferStation] Move XY Axis Error
[03:22:50.311] [RightTransferStation] Move XY Axis Error
[03:23:26.344] [RightTransferStation] Move XY Axis Error
[03:23:40.660] [RightTransferStation] Move XY Axis Error
[03:30:33.847] [RightTransferStation] Move XY Axis Error
[03:30:36.235] [RightTransferStation] Move XY Axis Error
[03:30:40.056] [RightTransferStation] Move XY Axis Error
[03:30:42.141] [RightTransferStation] Move XY Axis Error
[03:30:46.214] [RightTransferStation] Move XY Axis Error
[03:40:16.775] [RightTransferStation] Move XY Axis Error
[03:40:23.729] [RightTransferStation] Move XY Axis Error
[04:12:24.627] [RightTransferStation] Move XY Axis Error
[04:12:26.815] [RightTransferStation] Move XY Axis Error
[04:12:28.669] [RightTransferStation] Move XY Axis Error
[04:18:15.688] [LeftTransferStation] Unload Buffer Set Exist
[04:24:31.775] [RightTransferStation] Move XY Axis Error
[04:24:43.475] [RightTransferStation] Move XY Axis Error
[04:53:27.373] [LeftTransferStation] Unload Buffer Set Exist
[05:02:51.953] [LeftTransferStation] Unload Buffer Set Exist
[05:03:04.369] [LeftTransferStation] Unload Buffer Set Exist
[05:58:17.066] [LeftPPStation] Load Cylinder Up Error
[05:58:55.477] [LeftPPStation] Load Cylinder Up Error
[05:59:06.284] [LeftPPStation] Load Cylinder Up Error
[05:59:13.723] [LeftPPStation] Load Cylinder Up Error
[08:25:28.394] [RightTransferStation] Move XY Axis Error
[08:25:35.102] [RightTransferStation] Move XY Axis Error
[08:25:36.914] [RightTransferStation] Move XY Axis Error
[08:41:35.105] [RightTransferStation] Move XY Axis Error
[08:42:27.087] [RightTransferStation] Move XY Axis Error
[09:09:11.087] [RightTransferStation] Move XY Axis Error
[09:09:14.882] [RightTransferStation] Move XY Axis Error
[09:27:23.349] [RightTransferStation] Move XY Axis Error
[09:27:26.951] [RightTransferStation] Move XY Axis Error
[09:27:28.935] [RightTransferStation] Move XY Axis Error
[09:40:33.908] [RightTransferStation] Move XY Axis Error
[09:40:36.868] [RightTransferStation] Move XY Axis Error
[09:40:40.675] [RightTransferStation] Move XY Axis Error
[09:40:46.906] [RightTransferStation] Move XY Axis Error
[09:55:02.160] [RightTransferStation] Move XY Axis Error
[09:56:22.104] [RightTransferStation] Move XY Axis Error
[10:55:58.201] [RightTransferStation] Move XY Axis Error
[10:56:01.307] [RightTransferStation] Move XY Axis Error
[10:56:03.154] [RightTransferStation] Move XY Axis Error
[11:02:29.867] [RightTransferStation] Move XY Axis Error
[11:02:34.147] [RightTransferStation] Move XY Axis Error
[11:55:10.387] [RightTransferStation] Move XY Axis Error
[11:55:18.630] [RightTransferStation] Move XY Axis Error
[11:55:26.868] [RightTransferStation] Move XY Axis Error
[12:00:17.402] [RightTransferStation] Move XY Axis Error
[12:04:24.617] [RightTransferStation] Move XY Axis Error
[12:04:30.633] [RightTransferStation] Move XY Axis Error
[12:11:22.445] [RightTransferStation] Move XY Axis Error
[12:19:21.606] [RightPPStation] Load Cylinder Up Error
[12:19:29.110] [RightPPStation] Load Cylinder Up Error
[12:19:38.405] [RightPPStation] Load Cylinder Up Error
[12:19:48.270] [RightPPStation] Load Cylinder Up Error
[12:19:59.086] [RightPPStation] Load Cylinder Vacuum Error
[12:29:51.962] [RightTransferStation] Move XY Axis Error
[12:29:57.136] [RightTransferStation] Move XY Axis Error
[12:30:03.693] [RightTransferStation] Move XY Axis Error
[12:33:47.505] [RightTransferStation] Move XY Axis Error
[12:33:52.816] [RightTransferStation] Move XY Axis Error
[12:40:18.409] [RightTransferStation] Move XY Axis Error
[12:43:11.267] [RightTransferStation] Move XY Axis Error
[12:43:15.039] [RightTransferStation] Move XY Axis Error
[12:43:16.965] [RightTransferStation] Move XY Axis Error
[12:43:18.829] [RightTransferStation] Move XY Axis Error
[12:43:24.293] [RightTransferStation] Move XY Axis Error
[12:43:28.349] [RightTransferStation] Move XY Axis Error
[13:05:54.390] [RightTransferStation] Move XY Axis Error
[13:05:56.749] [RightTransferStation] Move XY Axis Error
[13:22:32.893] [RightTransferStation] Move XY Axis Error
[13:26:03.555] [RightTransferStation] Move XY Axis Error
[13:59:33.581] [RightTransferStation] Move XY Axis Error
[14:13:29.420] [RightTransferStation] Move XY Axis Error
[14:13:31.583] [RightTransferStation] Move XY Axis Error
[14:49:30.566] [RightTransferStation] Move XY Axis Error
[14:49:33.077] [RightTransferStation] Move XY Axis Error
[15:15:36.713] [RightTransferStation] Move XY Axis Error
[15:52:18.248] [RightTransferStation] Move XY Axis Error
[15:52:59.279] [RightTransferStation] Move XY Axis Error
[16:28:48.429] [RightTransferStation] Vacuum Error
[16:36:37.288] [RightPPStation] Load Buffer Set Exist
[16:37:01.464] [RightTransferStation] Vacuum Error
[16:51:36.112] [RightPPStation] Load Cylinder Vacuum Error
[17:00:46.400] [RightTransferStation] Move XY Axis Error
[17:01:17.924] [RightTransferStation] Move XY Axis Error
[17:04:54.003] [LeftTransferStation] Vacuum Error
[17:05:16.482] [LeftTransferStation] Move Z Axis Error
[17:05:26.450] [RightTransferStation] Move XY Axis Error
[21:01:41.461] [RightTransferStation] Move XY Axis Error
[21:01:44.204] [RightTransferStation] Move XY Axis Error
[21:01:45.969] [RightTransferStation] Move XY Axis Error
[21:10:00.943] [RightTransferStation] Move XY Axis Error
[21:10:05.149] [RightTransferStation] Move XY Axis Error
[21:42:33.228] [RightTransferStation] Move XY Axis Error
[21:42:38.973] [RightTransferStation] Move XY Axis Error
[21:43:53.603] [RightTransferStation] Move XY Axis Error
[23:31:35.287] [RightTransferStation] Move XY Axis Error
[23:31:54.531] [RightTransferStation] Move XY Axis Error
