[16:26:02.132] [MainControlStation] Right Door Open
[16:27:12.465] [MainControlStation] Right Door Open
[16:39:57.781] [RightPPStation] Unload Buffer Set Not Exist
[16:40:50.460] [MainControlStation] Right Door Open
[17:07:46.055] [MainControlStation] Right Door Open
[17:08:48.202] [MainControlStation] Right Door Open
[17:10:26.123] [MainControlStation] Right Door Open
[17:21:14.925] [MainControlStation] Right Door Open
[17:22:49.338] [MainControlStation] Right Door Open
[17:23:22.924] [MainControlStation] Right Door Open
[17:27:44.929] [RightPPStation] Unload Buffer Set Not Exist
[17:36:31.898] [RightPPStation] Unload Buffer Set Not Exist
[20:29:55.444] [RightPPStation] Unload Buffer Set Not Exist
[20:30:12.266] [MainControlStation] Right Door Open
[20:47:08.511] [RightPPStation] Unload Buffer Set Not Exist
[20:56:04.250] [RightPPStation] Unload Buffer Set Not Exist
[20:58:02.413] [RightTransferStation] Set Double Place
[21:01:20.917] [RightPPStation] Unload Buffer Set Not Exist
[21:02:21.414] [RightTransferStation] Unload Buffer Set Exist
[21:03:12.083] [RightTransferStation] Unload Buffer Set Exist
[21:03:32.850] [RightPPStation] Unload Buffer Set Not Exist
[22:48:17.784] [LeftPPStation] Load Cylinder Up Error
