[07:20:46.024] [LeftPPStation] Unload Buffer Set Not Exist
[07:24:26.614] [LeftPPStation] Unload Buffer Set Not Exist
[07:25:38.207] [LeftTransferStation] Vacuum Error
[07:25:46.589] [LeftTransferStation] Vacuum Error
[07:26:13.521] [LeftPPStation] Unload Buffer Set Not Exist
[07:28:32.248] [LeftPPStation] Unload Buffer Set Not Exist
[07:29:52.776] [RightPPStation] Load Buffer Set Exist
[07:30:09.750] [RightPPStation] Load Buffer Set Exist
[07:30:12.489] [RightPPStation] Load Buffer Set Exist
[07:30:29.575] [RightTransferStation] Vacuum Error
[07:45:26.888] [RightTransferStation] Vacuum Error
[08:31:36.846] [RightTransferStation] Move XY Axis Error
[08:31:43.207] [RightTransferStation] Move XY Axis Error
[08:35:06.551] [LeftPPStation] Load Cylinder Vacuum Error
[09:08:09.951] [RightPPStation] Move Axis Error
[09:22:33.011] [RightPPStation] Unload Cylinder Vacuum Error
[10:11:21.969] [LeftPPStation] Load Cylinder Vacuum Error
[10:11:31.148] [LeftPPStation] Load Cylinder Vacuum Error
[10:11:41.780] [LeftPPStation] Load Cylinder Vacuum Error
[11:15:58.848] [RightPPStation] Unload Cylinder Vacuum Error
[11:16:25.146] [RightPPStation] Load Cylinder Vacuum Error
[11:33:41.354] [LeftPPStation] Load Cylinder Vacuum Error
[12:20:34.326] [LeftTransferStation] Vacuum Error
[12:20:57.226] [LeftTransferStation] Vacuum Error
[12:29:45.459] [RightTransferStation] Vacuum Error
[12:43:11.688] [LeftPPStation] Unload Cylinder Vacuum Error
[12:48:35.343] [LeftPPStation] Load Cylinder Vacuum Error
[13:27:30.441] [RightTransferStation] Move XY Axis Error
[13:40:33.367] [RightTransferStation] Move XY Axis Error
[13:40:42.108] [RightTransferStation] Move XY Axis Error
[13:40:50.322] [RightTransferStation] Move XY Axis Error
[14:10:15.640] [LeftPPStation] Unload Buffer Set Not Exist
[14:46:51.100] [LeftPPStation] Unload Buffer Set Not Exist
[14:48:37.499] [LeftPPStation] Unload Buffer Set Not Exist
[14:50:55.471] [LeftPPStation] Load Cylinder Vacuum Error
[16:40:20.399] [RightTransferStation] Vacuum Error
[16:40:46.483] [RightTransferStation] Move XY Axis Error
[16:52:39.736] [RightTransferStation] Move XY Axis Error
[16:52:54.725] [RightTransferStation] Move XY Axis Error
[17:06:06.340] [RightTransferStation] Move XY Axis Error
[17:06:27.054] [RightTransferStation] Move XY Axis Error
[17:06:58.365] [RightTransferStation] Move XY Axis Error
[17:07:12.936] [RightTransferStation] Move XY Axis Error
[17:19:38.525] [RightTransferStation] Move XY Axis Error
[17:19:53.795] [RightTransferStation] Move XY Axis Error
[17:20:11.655] [RightTransferStation] Move XY Axis Error
[17:20:26.701] [RightTransferStation] Move XY Axis Error
[17:30:31.423] [RightTransferStation] Vacuum Error
[17:30:48.837] [RightTransferStation] Move Z Axis Error
[17:46:30.360] [RightTransferStation] Move XY Axis Error
[17:47:10.936] [RightTransferStation] Move XY Axis Error
[17:48:58.362] [RightTransferStation] Move XY Axis Error
[17:49:32.587] [RightTransferStation] Move XY Axis Error
[17:58:58.554] [RightTransferStation] Move XY Axis Error
[17:59:24.835] [RightTransferStation] Move XY Axis Error
[18:12:46.978] [RightTransferStation] Move XY Axis Error
[18:13:19.842] [RightTransferStation] Move XY Axis Error
[18:15:29.149] [RightTransferStation] Move XY Axis Error
[18:15:58.478] [RightTransferStation] Move XY Axis Error
[18:28:33.200] [RightTransferStation] Move XY Axis Error
[18:28:56.037] [RightTransferStation] Move XY Axis Error
[18:40:16.579] [LeftPPStation] Unload Cylinder Vacuum Error
[18:42:10.351] [LeftTransferStation] Vacuum Error
[18:43:14.070] [MainControlStation] Left Door Open
[18:43:54.031] [RightPPStation] Unload Cylinder Vacuum Error
[18:45:17.038] [RightTransferStation] Move XY Axis Error
[18:45:29.808] [RightTransferStation] Move XY Axis Error
[18:45:31.779] [RightTransferStation] Move XY Axis Error
[18:55:10.653] [RightTransferStation] Vacuum Error
[19:03:53.604] [RightTransferStation] Move Z Axis Error
[19:04:22.621] [RightTransferStation] Move Z Axis Error
[19:06:48.244] [RightTransferStation] Vacuum Error
[20:08:06.172] [LeftTransferStation] Vacuum Error
[20:12:40.834] [LeftTransferStation] Vacuum Error
[20:16:35.097] [LeftTransferStation] Vacuum Error
[20:19:54.084] [MainControlStation] Left Door Open
[20:40:21.259] [RightTransferStation] Move XY Axis Error
[20:40:36.954] [RightTransferStation] Move XY Axis Error
[20:40:49.399] [RightTransferStation] Move XY Axis Error
[20:41:11.524] [RightTransferStation] Move XY Axis Error
[20:46:45.666] [LeftTransferStation] Vacuum Error
[20:49:10.187] [LeftTransferStation] Vacuum Error
[20:53:04.806] [RightTransferStation] Move XY Axis Error
[20:53:25.669] [RightTransferStation] Move XY Axis Error
[20:54:45.253] [RightTransferStation] Move XY Axis Error
[20:55:08.634] [RightTransferStation] Move XY Axis Error
[21:38:29.922] [RightPPStation] Load Cylinder Vacuum Error
[21:48:40.639] [MainControlStation] Right Door Open
[21:53:04.886] [RightPPStation] Unload Cylinder Vacuum Error
[21:59:41.735] [LeftTransferStation] Vacuum Error
[22:06:34.714] [RightTransferStation] Move XY Axis Error
[22:06:45.321] [RightTransferStation] Move XY Axis Error
[22:06:49.234] [RightTransferStation] Move XY Axis Error
[22:18:05.619] [LeftTransferStation] Vacuum Error
[22:18:26.921] [LeftTransferStation] Vacuum Error
[22:18:46.476] [RightTransferStation] Move XY Axis Error
[22:18:48.398] [RightTransferStation] Move XY Axis Error
[22:18:50.359] [RightTransferStation] Move XY Axis Error
[22:18:53.602] [RightTransferStation] Move XY Axis Error
[22:18:55.706] [RightTransferStation] Move XY Axis Error
[22:18:57.650] [RightTransferStation] Move XY Axis Error
[22:18:59.633] [RightTransferStation] Move XY Axis Error
[22:19:01.637] [RightTransferStation] Move XY Axis Error
[22:19:18.706] [RightTransferStation] Move XY Axis Error
[22:19:20.656] [RightTransferStation] Move XY Axis Error
[22:19:22.646] [RightTransferStation] Move XY Axis Error
[22:19:24.612] [RightTransferStation] Move XY Axis Error
[22:19:26.571] [RightTransferStation] Move XY Axis Error
[22:19:30.999] [RightTransferStation] Move XY Axis Error
[22:20:57.723] [LeftTransferStation] Vacuum Error
[22:24:40.657] [LeftTransferStation] Vacuum Error
[22:27:41.266] [LeftTransferStation] Vacuum Error
[22:29:24.600] [LeftTransferStation] Vacuum Error
[22:29:52.845] [LeftTransferStation] Vacuum Error
[22:32:17.204] [RightTransferStation] Move XY Axis Error
[22:32:28.267] [LeftPPStation] Load Cylinder Vacuum Error
[22:32:32.298] [RightTransferStation] Move XY Axis Error
[22:40:38.451] [RightPPStation] Unload Cylinder Vacuum Error
[22:44:34.027] [LeftPPStation] Unload Cylinder Vacuum Error
[22:45:13.346] [RightPPStation] Unload Cylinder Vacuum Error
[22:49:03.649] [LeftTransferStation] Vacuum Error
[22:49:16.409] [LeftTransferStation] Vacuum Error
[23:13:31.942] [MainControlStation] Right Door Open
[23:51:34.795] [RightPPStation] Load Cylinder Vacuum Error
[23:51:51.041] [RightPPStation] Load Cylinder Vacuum Error
[23:52:01.245] [LeftTransferStation] Vacuum Error
