[00:45:40.506] [RightTransferStation] Move X,Y Axis Fail
[01:30:29.470] [RightTransferStation] Move X,Y Axis Fail
[01:30:39.679] [RightTransferStation] Move X,Y Axis Fail
[01:38:16.237] [RightPPStation] Unloading Buffer Not Exist
[01:38:45.334] [RightTransferStation] Set Double Placed
[01:43:56.719] [RightPPStation] Unloading Buffer Not Exist
[01:50:19.126] [LeftTransferStation] Set Double Placed
[02:28:53.524] [LeftTransferStation] Set Double Placed
[02:37:46.966] [LeftTransferStation] Vacuum Fail
[02:38:03.846] [LeftTransferStation] Move Z Axis Fail
[02:38:24.352] [LeftTransferStation] Move Z Axis Fail
[05:24:51.219] [LeftTransferStation] Set Double Placed
[05:25:24.235] [LeftTransferStation] Set Double Placed
[05:25:50.092] [LeftTransferStation] Set Double Placed
[05:26:31.543] [LeftTransferStation] Set Double Placed
[05:28:53.525] [MainControlStation] Left Door Open
[05:57:16.721] [RightTransferStation] Move X,Y Axis Fail
[05:57:27.309] [RightTransferStation] Move X,Y Axis Fail
[07:12:01.174] [LeftPPStation] Loading Vacuum Fail
[09:59:57.302] [] 
[10:00:06.767] [] 
[10:17:37.032] [] 
[10:20:21.397] [] 
[10:20:34.419] [] 
[11:04:30.105] [] 
[11:04:44.668] [] 
[11:21:24.558] [] 
[13:04:03.381] [] 
[13:09:15.091] [] 
[13:09:58.280] [] 
[13:12:23.799] [] 
[13:16:38.930] [] 
[14:35:12.900] [] 
[14:35:23.244] [] 
[16:41:49.933] [] 
[16:48:26.070] [] 
[16:48:41.284] [] 
[16:50:10.328] [] 
[16:50:20.952] [MainControl] SHELF 내 SET 감지 센서
[16:51:51.655] [] 
[16:52:46.206] [] 
[16:52:58.758] [] 
[16:53:10.310] [] 
[16:56:11.201] [] 
[17:18:42.326] [] 
[17:18:53.229] [] 
[17:25:01.402] [] 
[18:13:06.745] [] 
[19:51:55.967] [] 
[19:52:34.677] [] 
[19:53:06.156] [] 
[22:31:11.772] [] 
[22:38:32.435] [] 
