[07:22:29.877] [LeftTransferStation] Vacuum Error
[09:42:07.030] [RightPPStation] Unload Buffer Set Not Exist
[09:43:22.192] [LeftTransferStation] Vacuum Error
[09:43:31.179] [LeftTransferStation] Vacuum Error
[09:44:01.607] [LeftTransferStation] Vacuum Error
[09:44:12.698] [LeftTransferStation] Vacuum Error
[10:14:21.982] [LeftTransferStation] Move Z Axis Error
[10:14:46.659] [LeftTransferStation] Move Z Axis Error
[10:14:49.023] [LeftTransferStation] Move Z Axis Error
[10:34:40.326] [RightPPStation] Load Cylinder Vacuum Error
[11:02:16.528] [RightTransferStation] Move XY Axis Error
[11:04:07.360] [RightTransferStation] Move XY Axis Error
[12:50:51.595] [RightTransferStation] Vacuum Error
[14:20:10.166] [LeftPPStation] Unload Cylinder Vacuum Error
[14:20:19.342] [LeftPPStation] Unload Cylinder Vacuum Error
[14:58:28.513] [RightPPStation] Load Cylinder Vacuum Error
[15:51:07.121] [MainControlStation] Right Door Open
[16:04:14.423] [RightTransferStation] Move Z Axis Error
[16:04:32.434] [RightTransferStation] Move Z Axis Error
[16:06:14.728] [RightTransferStation] Move Z Axis Error
[16:06:24.497] [RightTransferStation] Move Z Axis Error
[16:11:10.887] [MainControlStation] Left Door Open
[16:11:42.006] [RightTransferStation] Move Z Axis Error
[16:13:19.581] [RightTransferStation] Vacuum Error
[16:13:32.088] [RightTransferStation] Vacuum Error
[16:29:09.872] [RightTransferStation] Move Z Axis Error
[16:29:12.462] [RightTransferStation] Move Z Axis Error
[16:29:14.073] [RightTransferStation] Move Z Axis Error
[16:51:05.077] [RightPPStation] Move Axis Error
[16:51:07.089] [RightPPStation] Move Axis Error
[16:51:10.896] [RightTransferStation] Vacuum Error
[16:51:27.955] [RightTransferStation] Vacuum Error
[16:51:35.220] [RightPPStation] Load Cylinder Vacuum Error
[16:56:23.891] [MainControlStation] Right Door Open
[17:02:51.098] [LeftTransferStation] Vacuum Error
[17:20:14.300] [LeftTransferStation] Move Z Axis Error
[17:20:20.252] [LeftTransferStation] Move Z Axis Error
[17:20:26.854] [LeftTransferStation] Move Z Axis Error
[17:20:29.297] [LeftTransferStation] Move Z Axis Error
[17:20:31.660] [LeftTransferStation] Move Z Axis Error
[18:13:03.053] [RightTransferStation] Vacuum Error
[23:34:28.806] [LeftTransferStation] Move Z Axis Error
[23:34:32.075] [LeftTransferStation] Move Z Axis Error
[23:36:03.181] [MainControlStation] Left Door Open
