[00:37:48.643] ---- [Flow] CT_START Set
[01:05:20.902] ---- [Flow] CT_START Set
[01:05:22.862] ---- [Flow] CT_START Set
[01:05:30.851] ---- [Flow] CT_START Set
[01:06:26.917] ---- [Flow] CT_START Set
[01:06:27.774] ---- [Flow] CT_START Set
[01:15:54.759] ---- [Flow] CT_START Set
[01:15:56.268] ---- [Flow] CT_START Set
[01:28:10.651] ---- [Flow] CT_START Set
[01:28:10.968] ---- [Flow] CT_START Set
[01:43:41.551] ---- [Flow] CT_START Set
[01:43:41.887] ---- [Flow] CT_START Set
[01:43:43.357] ---- [Flow] CT_START Set
[01:46:36.960] ---- [Flow] CT_START Set
[01:46:38.725] ---- [Flow] CT_START Set
[02:18:21.700] ---- [Flow] CT_START Set
[02:25:28.984] ---- [Flow] CT_START Set
[02:26:18.866] ---- [Flow] CT_START Set
[02:26:19.261] ---- [Flow] CT_START Set
[02:26:20.658] ---- [Flow] CT_START Set
[02:29:19.993] ---- [Flow] CT_STOP Set
[02:29:20.014] ---- [Event] Auto : CT_STOP
[02:29:20.014] --------- [Monitor] StopTasks() : before m_stopped
[02:29:20.023] --------- [Monitor] StopTasks() : m_stopped
[02:29:20.024] [m_nState] AutoStop State
[02:29:25.967] ---- [Flow] CT_START Set
[02:29:25.989] ---- [Event] AutoStop : CT_START
[02:29:25.989] [m_nState] Auto State
[02:29:26.851] ---- [Flow] CT_START Set
[02:29:35.832] ---- [Flow] CT_STOP Set
[02:29:35.918] ---- [Event] Auto : CT_STOP
[02:29:35.918] --------- [Monitor] StopTasks() : before m_stopped
[02:29:35.964] ---- [Flow] CT_STOP Set
[02:29:36.005] ---- [Flow] CT_STOP Set
[02:29:36.170] --------- [Monitor] StopTasks() : m_stopped
[02:29:36.170] [m_nState] AutoStop State
[02:56:38.039] ---- [Flow] CT_START Set
[02:56:38.060] ---- [Event] AutoStop : CT_START
[02:56:38.060] [m_nState] Auto State
[02:56:38.891] ---- [Flow] CT_START Set
[02:57:19.010] ---- [Flow] CT_START Set
[02:58:06.044] ---- [Flow] CT_START Set
[02:58:21.601] ---- [Flow] CT_START Set
[02:58:21.695] ---- [Flow] CT_START Set
[03:06:53.023] ---- [Flow] CT_START Set
[03:06:54.440] ---- [Flow] CT_START Set
[03:07:11.263] ---- [Flow] CT_START Set
[03:07:11.941] ---- [Flow] CT_START Set
[03:07:12.159] ---- [Flow] CT_START Set
[03:08:54.288] ---- [Flow] CT_START Set
[03:08:54.960] ---- [Flow] CT_START Set
[03:08:56.083] ---- [Flow] CT_START Set
[03:15:05.224] ---- [Flow] CT_START Set
[03:15:06.836] ---- [Flow] CT_START Set
[03:15:08.812] ---- [Flow] CT_START Set
[03:15:32.931] ---- [Flow] CT_START Set
[03:15:33.604] ---- [Flow] CT_START Set
[03:15:35.193] ---- [Flow] CT_START Set
[03:18:25.226] ---- [Flow] CT_START Set
[03:18:26.415] ---- [Flow] CT_START Set
[03:21:11.735] ---- [Flow] CT_START Set
[03:21:12.209] ---- [Flow] CT_START Set
[03:21:13.660] ---- [Flow] CT_START Set
[03:22:16.327] ---- [Flow] CT_START Set
[03:22:16.875] ---- [Flow] CT_START Set
[03:22:18.848] ---- [Flow] CT_START Set
[03:23:30.233] ---- [Flow] CT_START Set
[03:23:31.293] ---- [Flow] CT_START Set
[03:31:42.547] ---- [Flow] CT_START Set
[03:31:43.264] ---- [Flow] CT_START Set
[03:31:44.323] ---- [Flow] CT_START Set
[03:31:56.349] ---- [Flow] CT_START Set
[03:31:56.688] ---- [Flow] CT_START Set
[03:31:58.502] ---- [Flow] CT_START Set
[03:36:07.996] ---- [Flow] CT_START Set
[03:38:38.200] ---- [Flow] CT_START Set
[03:38:41.920] ---- [Flow] CT_START Set
[03:38:42.666] ---- [Flow] CT_START Set
[03:38:42.950] ---- [Flow] CT_START Set
[03:38:43.189] ---- [Flow] CT_START Set
[03:38:44.062] ---- [Flow] CT_START Set
[03:38:44.852] ---- [Flow] CT_START Set
[03:38:46.700] ---- [Flow] CT_START Set
[03:38:47.135] ---- [Flow] CT_START Set
[03:50:45.393] ---- [Flow] CT_START Set
[03:50:46.071] ---- [Flow] CT_START Set
[03:50:47.135] ---- [Flow] CT_START Set
[04:06:36.107] ---- [Flow] CT_START Set
[04:06:37.018] ---- [Flow] CT_START Set
[04:07:33.098] ---- [Flow] CT_START Set
[04:07:38.324] ---- [Flow] CT_START Set
[04:07:38.649] ---- [Flow] CT_START Set
[04:07:39.496] ---- [Flow] CT_START Set
[04:07:40.375] ---- [Flow] CT_START Set
[04:07:41.278] ---- [Flow] CT_START Set
[04:07:42.072] ---- [Flow] CT_START Set
[04:07:43.942] ---- [Flow] CT_START Set
[04:07:45.039] ---- [Flow] CT_START Set
[04:07:45.537] ---- [Flow] CT_START Set
[04:07:54.536] ---- [Flow] CT_START Set
[04:07:56.203] ---- [Flow] CT_START Set
[04:21:09.340] ---- [Flow] CT_START Set
[04:21:10.113] ---- [Flow] CT_START Set
[04:21:11.330] ---- [Flow] CT_START Set
[04:50:48.013] ---- [Flow] CT_STOP Set
[04:50:48.035] ---- [Event] Auto : CT_STOP
[04:50:48.035] --------- [Monitor] StopTasks() : before m_stopped
[04:50:48.042] --------- [Monitor] StopTasks() : m_stopped
[04:50:48.042] [m_nState] AutoStop State
