[00:03:40.535] ---- [Flow] CT_START Set
[00:11:24.687] ---- [Flow] CT_STOP Set
[00:11:24.710] ---- [Event] Auto : CT_STOP
[00:11:24.711] --------- [Monitor] StopTasks() : before m_stopped
[00:11:24.743] --------- [Monitor] StopTasks() : m_stopped
[00:11:24.744] [m_nState] AutoStop State
[00:11:42.684] ---- [Flow] CT_START Set
[00:11:42.706] ---- [Event] AutoStop : CT_START
[00:11:42.707] [m_nState] Auto State
[00:13:11.518] ---- [Flow] CT_START Set
[00:14:50.309] ---- [Flow] CT_START Set
[00:19:13.150] ---- [Flow] CT_STOP Set
[00:19:13.173] ---- [Event] Auto : CT_STOP
[00:19:13.174] --------- [Monitor] StopTasks() : before m_stopped
[00:19:13.185] --------- [Monitor] StopTasks() : m_stopped
[00:19:13.186] [m_nState] AutoStop State
[00:19:13.710] ---- [Flow] CT_START Set
[00:19:13.732] ---- [Event] AutoStop : CT_START
[00:19:13.733] [m_nState] Auto State
[00:20:42.065] ---- [Flow] CT_START Set
[00:43:53.584] ---- [Flow] CT_START Set
[00:44:01.838] ---- [Flow] CT_START Set
[00:52:41.635] ---- [Flow] CT_START Set
[01:31:04.632] ---- [Flow] CT_START Set
[01:38:45.198] ---- [Flow] CT_START Set
[01:39:09.753] ---- [Flow] CT_START Set
[01:39:28.538] ---- [Flow] CT_START Set
[01:41:43.869] ---- [Flow] CT_START Set
[01:48:03.774] ---- [Flow] CT_START Set
[01:48:36.298] ---- [Flow] CT_STOP Set
[01:48:36.320] ---- [Event] Auto : CT_STOP
[01:48:36.321] --------- [Monitor] StopTasks() : before m_stopped
[01:48:36.457] ---- [Flow] CT_STOP Set
[01:48:37.085] --------- [Monitor] StopTasks() : m_stopped
[01:48:37.086] [m_nState] AutoStop State
[01:48:38.458] ---- [Flow] CT_START Set
[01:48:38.480] ---- [Event] AutoStop : CT_START
[01:48:38.481] [m_nState] Auto State
[01:48:39.941] ---- [Flow] CT_START Set
[01:53:18.449] ---- [Flow] CT_START Set
[02:01:38.502] ---- [Flow] CT_START Set
[02:31:40.318] ---- [Flow] CT_STOP Set
[02:31:40.341] ---- [Event] Auto : CT_STOP
[02:31:40.342] --------- [Monitor] StopTasks() : before m_stopped
[02:31:40.352] --------- [Monitor] StopTasks() : m_stopped
[02:31:40.353] [m_nState] AutoStop State
[02:31:45.677] ---- [Flow] CT_START Set
[02:31:45.692] ---- [Flow] CT_START Set
[02:31:45.699] ---- [Event] AutoStop : CT_START
[02:31:45.700] [m_nState] Auto State
[02:42:34.852] ---- [Flow] CT_START Set
[02:42:40.179] ---- [Flow] CT_START Set
[02:44:28.116] ---- [Flow] CT_START Set
[02:44:35.278] ---- [Flow] CT_START Set
[02:52:56.901] ---- [Flow] CT_STOP Set
[02:52:56.924] ---- [Event] Auto : CT_STOP
[02:52:56.925] --------- [Monitor] StopTasks() : before m_stopped
[02:52:57.114] --------- [Monitor] StopTasks() : m_stopped
[02:52:57.115] [m_nState] AutoStop State
[02:52:59.323] ---- [Flow] CT_START Set
[02:52:59.346] ---- [Event] AutoStop : CT_START
[02:52:59.347] [m_nState] Auto State
[02:53:01.059] ---- [Flow] CT_START Set
[02:55:29.721] ---- [Flow] CT_START Set
[02:55:45.573] ---- [Flow] CT_START Set
[03:07:47.062] ---- [Flow] CT_START Set
[03:13:42.310] ---- [Flow] CT_START Set
[03:13:58.206] ---- [Flow] CT_START Set
[03:19:12.511] ---- [Flow] CT_START Set
[03:19:43.988] ---- [Flow] CT_START Set
[03:27:42.362] ---- [Flow] CT_STOP Set
[03:27:42.385] ---- [Event] Auto : CT_STOP
[03:27:42.386] --------- [Monitor] StopTasks() : before m_stopped
[03:27:42.472] --------- [Monitor] StopTasks() : m_stopped
[03:27:42.473] [m_nState] AutoStop State
[03:27:44.998] ---- [Flow] CT_START Set
[03:27:45.020] ---- [Event] AutoStop : CT_START
[03:27:45.021] [m_nState] Auto State
[03:27:45.575] ---- [Flow] CT_START Set
[03:30:29.572] ---- [Flow] CT_START Set
[03:45:52.814] ---- [Flow] CT_START Set
[03:55:37.447] ---- [Flow] CT_START Set
[03:55:38.513] ---- [Flow] CT_START Set
[03:56:52.393] ---- [Flow] CT_STOP Set
[03:56:52.416] ---- [Event] Auto : CT_STOP
[03:56:52.417] --------- [Monitor] StopTasks() : before m_stopped
[03:56:52.454] --------- [Monitor] StopTasks() : m_stopped
[03:56:52.456] [m_nState] AutoStop State
[03:57:27.892] ---- [Flow] CT_START Set
[03:57:27.915] ---- [Event] AutoStop : CT_START
[03:57:27.916] [m_nState] Auto State
[03:57:28.544] ---- [Flow] CT_START Set
[04:13:47.143] ---- [Flow] CT_STOP Set
[04:13:47.166] ---- [Event] Auto : CT_STOP
[04:13:47.167] --------- [Monitor] StopTasks() : before m_stopped
[04:13:47.550] --------- [Monitor] StopTasks() : m_stopped
[04:13:47.551] [m_nState] AutoStop State
[04:13:50.432] ---- [Flow] CT_START Set
[04:13:50.454] ---- [Event] AutoStop : CT_START
[04:13:50.455] [m_nState] Auto State
[04:13:51.091] ---- [Flow] CT_START Set
[04:25:16.016] ---- [Flow] CT_START Set
[04:26:34.275] ---- [Flow] CT_STOP Set
[04:26:34.298] ---- [Event] Auto : CT_STOP
[04:26:34.299] --------- [Monitor] StopTasks() : before m_stopped
[04:26:34.380] --------- [Monitor] StopTasks() : m_stopped
[04:26:34.381] [m_nState] AutoStop State
[04:26:59.736] ---- [Flow] CT_START Set
[04:26:59.759] ---- [Event] AutoStop : CT_START
[04:26:59.760] [m_nState] Auto State
[04:27:00.363] ---- [Flow] CT_START Set
[04:44:08.526] ---- [Flow] CT_START Set
[05:57:05.985] ---- [Flow] CT_START Set
[06:02:11.759] ---- [Flow] CT_START Set
[06:06:33.995] ---- [Flow] CT_START Set
[06:13:16.604] ---- [Flow] CT_START Set
[06:17:00.534] ---- [Flow] CT_START Set
[06:23:40.216] ---- [Flow] CT_START Set
[06:27:04.789] ---- [Flow] CT_START Set
[06:28:22.670] ---- [Flow] CT_START Set
[06:32:39.617] ---- [Flow] CT_START Set
[06:33:17.101] ---- [Flow] CT_START Set
[06:49:28.372] ---- [Flow] CT_STOP Set
[06:49:28.394] ---- [Event] Auto : CT_STOP
[06:49:28.395] --------- [Monitor] StopTasks() : before m_stopped
[06:49:28.459] --------- [Monitor] StopTasks() : m_stopped
[06:49:28.460] [m_nState] AutoStop State
[06:49:39.937] ---- [Flow] CT_START Set
[06:49:39.960] ---- [Event] AutoStop : CT_START
[06:49:39.961] [m_nState] Auto State
[06:49:40.564] ---- [Flow] CT_START Set
[06:53:48.382] ---- [Flow] CT_START Set
[06:55:28.439] ---- [Flow] CT_START Set
[06:57:09.324] ---- [Flow] CT_START Set
[06:58:22.048] ---- [Flow] CT_START Set
[06:58:33.851] ---- [Flow] CT_START Set
[07:17:50.190] ---- [Flow] CT_START Set
[07:36:28.801] ---- [Flow] CT_START Set
[09:11:12.668] ---- [Flow] CT_START Set
[09:11:13.083] ---- [Flow] CT_START Set
[09:40:23.107] ---- [Flow] CT_STOP Set
[09:40:23.130] ---- [Event] Auto : CT_STOP
[09:40:23.131] --------- [Monitor] StopTasks() : before m_stopped
[09:40:23.219] --------- [Monitor] StopTasks() : m_stopped
[09:40:23.220] [m_nState] AutoStop State
[09:43:52.506] ---- [Flow] CT_START Set
[09:43:52.528] ---- [Event] AutoStop : CT_START
[09:43:52.529] [m_nState] Auto State
[09:52:37.639] ---- [Flow] CT_START Set
[10:33:14.668] ---- [Flow] CT_STOP Set
[10:33:14.690] ---- [Event] Auto : CT_STOP
[10:33:14.691] --------- [Monitor] StopTasks() : before m_stopped
[10:33:14.770] --------- [Monitor] StopTasks() : m_stopped
[10:33:14.772] [m_nState] AutoStop State
[10:33:32.184] ---- [Flow] CT_START Set
[10:33:32.207] ---- [Event] AutoStop : CT_START
[10:33:32.208] [m_nState] Auto State
[10:42:59.196] ---- [Flow] CT_STOP Set
[10:42:59.219] ---- [Event] Auto : CT_STOP
[10:42:59.220] --------- [Monitor] StopTasks() : before m_stopped
[10:42:59.534] --------- [Monitor] StopTasks() : m_stopped
[10:42:59.535] [m_nState] AutoStop State
[10:43:11.342] ---- [Flow] CT_START Set
[10:43:11.365] ---- [Event] AutoStop : CT_START
[10:43:11.366] [m_nState] Auto State
[10:50:39.290] ---- [Flow] CT_START Set
[11:48:25.266] ---- [Flow] CT_STOP Set
[11:48:25.288] ---- [Event] Auto : CT_STOP
[11:48:25.289] --------- [Monitor] StopTasks() : before m_stopped
[11:48:25.364] --------- [Monitor] StopTasks() : m_stopped
[11:48:25.365] [m_nState] AutoStop State
[12:31:57.396] ---- [Flow] CT_START Set
[12:31:57.419] ---- [Event] AutoStop : CT_START
[12:31:57.420] [m_nState] Auto State
[12:47:12.126] ---- [Flow] CT_STOP Set
[12:47:12.148] ---- [Event] Auto : CT_STOP
[12:47:12.149] --------- [Monitor] StopTasks() : before m_stopped
[12:47:12.223] --------- [Monitor] StopTasks() : m_stopped
[12:47:12.224] [m_nState] AutoStop State
[13:50:54.912] ---- [Flow] CT_START Set
[13:50:54.934] ---- [Event] AutoStop : CT_START
[13:50:54.935] [m_nState] Auto State
[13:53:29.110] ---- [Flow] CT_START Set
[13:53:46.131] ---- [Flow] CT_START Set
[14:00:50.228] ---- [Flow] CT_START Set
[14:11:19.145] ---- [Flow] CT_STOP Set
[14:11:19.168] ---- [Event] Auto : CT_STOP
[14:11:19.169] --------- [Monitor] StopTasks() : before m_stopped
[14:11:19.247] --------- [Monitor] StopTasks() : m_stopped
[14:11:19.248] [m_nState] AutoStop State
[14:11:39.130] ---- [Flow] CT_START Set
[14:11:39.152] ---- [Event] AutoStop : CT_START
[14:11:39.153] [m_nState] Auto State
[14:13:30.265] ---- [Flow] CT_STOP Set
[14:13:30.287] ---- [Event] Auto : CT_STOP
[14:13:30.288] --------- [Monitor] StopTasks() : before m_stopped
[14:13:30.551] ---- [Flow] CT_STOP Set
[14:13:30.595] ---- [Flow] CT_STOP Set
[14:13:30.635] ---- [Flow] CT_STOP Set
[14:13:30.651] --------- [Monitor] StopTasks() : m_stopped
[14:13:30.652] [m_nState] AutoStop State
[14:14:04.863] ---- [Flow] CT_START Set
[14:14:04.886] ---- [Event] AutoStop : CT_START
[14:14:04.887] [m_nState] Auto State
[14:42:10.857] ---- [Flow] CT_STOP Set
[14:42:10.880] ---- [Event] Auto : CT_STOP
[14:42:10.881] --------- [Monitor] StopTasks() : before m_stopped
[14:42:10.953] --------- [Monitor] StopTasks() : m_stopped
[14:42:10.954] [m_nState] AutoStop State
[15:11:19.712] ---- [Flow] CT_START Set
[15:11:19.734] ---- [Event] AutoStop : CT_START
[15:11:19.735] [m_nState] Auto State
[15:19:00.826] ---- [Flow] CT_START Set
[15:19:07.472] ---- [Flow] CT_START Set
[15:21:52.742] ---- [Flow] CT_START Set
[16:06:24.384] ---- [Flow] CT_START Set
[16:23:00.280] ---- [Flow] CT_STOP Set
[16:23:00.303] ---- [Event] Auto : CT_STOP
[16:23:00.304] --------- [Monitor] StopTasks() : before m_stopped
[16:23:00.371] --------- [Monitor] StopTasks() : m_stopped
[16:23:00.373] [m_nState] AutoStop State
[16:26:12.981] ---- [Flow] CT_START Set
[16:26:13.004] ---- [Event] AutoStop : CT_START
[16:26:13.005] [m_nState] Auto State
[16:26:13.709] ---- [Flow] CT_START Set
[18:00:48.621] ---- [Flow] CT_START Set
[18:39:25.929] ---- [Flow] CT_STOP Set
[18:39:25.951] ---- [Event] Auto : CT_STOP
[18:39:25.952] --------- [Monitor] StopTasks() : before m_stopped
[18:39:26.038] --------- [Monitor] StopTasks() : m_stopped
[18:39:26.039] [m_nState] AutoStop State
[20:56:38.787] ---- [Flow] CT_START Set
[20:56:38.809] ---- [Event] AutoStop : CT_START
[20:56:38.810] [m_nState] Auto State
[20:56:41.794] ---- [Flow] CT_START Set
[21:19:52.413] ---- [Flow] CT_STOP Set
[21:19:52.436] ---- [Event] Auto : CT_STOP
[21:19:52.437] --------- [Monitor] StopTasks() : before m_stopped
[21:19:52.492] --------- [Monitor] StopTasks() : m_stopped
[21:19:52.493] [m_nState] AutoStop State
[21:36:11.035] ---- [Flow] CT_START Set
[21:36:11.058] ---- [Event] AutoStop : CT_START
[21:36:11.059] [m_nState] Auto State
[22:04:58.315] ---- [Flow] CT_STOP Set
[22:04:58.338] ---- [Event] Auto : CT_STOP
[22:04:58.339] --------- [Monitor] StopTasks() : before m_stopped
[22:04:58.402] --------- [Monitor] StopTasks() : m_stopped
[22:04:58.403] [m_nState] AutoStop State
[22:15:23.872] ---- [Flow] CT_START Set
[22:15:23.895] ---- [Event] AutoStop : CT_START
[22:15:23.896] [m_nState] Auto State
[22:30:15.583] ---- [Flow] CT_START Set
[22:40:36.615] ---- [Flow] CT_START Set
[23:16:02.162] ---- [Flow] CT_START Set
[23:59:28.964] ---- [Flow] CT_STOP Set
[23:59:28.986] ---- [Event] Auto : CT_STOP
[23:59:28.987] --------- [Monitor] StopTasks() : before m_stopped
[23:59:29.010] --------- [Monitor] StopTasks() : m_stopped
[23:59:29.011] [m_nState] AutoStop State
