[08:58:08.326] ---- [Flow] CT_START Set
[08:58:08.349] ---- [Event] AutoStop : CT_START
[08:58:08.350] [m_nState] Auto State
[08:58:09.400] ---- [Flow] CT_START Set
[11:30:49.153] ---- [Flow] CT_STOP Set
[11:30:49.175] ---- [Event] Auto : CT_STOP
[11:30:49.176] --------- [Monitor] StopTasks() : before m_stopped
[11:30:49.656] --------- [Monitor] StopTasks() : m_stopped
[11:30:49.657] [m_nState] AutoStop State
[11:40:45.554] ---- [Flow] CT_START Set
[11:40:45.577] ---- [Event] AutoStop : CT_START
[11:40:45.578] [m_nState] Auto State
[11:40:46.529] ---- [Flow] CT_START Set
[13:45:40.495] ---- [Flow] CT_STOP Set
[13:45:40.517] ---- [Event] Auto : CT_STOP
[13:45:40.518] --------- [Monitor] StopTasks() : before m_stopped
[13:45:41.080] --------- [Monitor] StopTasks() : m_stopped
[13:45:41.081] [m_nState] AutoStop State
[14:25:53.948] ---- [Flow] CT_START Set
[14:25:53.970] ---- [Event] AutoStop : CT_START
[14:25:53.971] [m_nState] Auto State
[14:25:55.535] ---- [Flow] CT_START Set
[15:26:52.535] ---- [Flow] CT_START Set
[15:27:08.759] ---- [Flow] CT_START Set
[15:27:25.035] ---- [Flow] CT_START Set
[15:27:36.767] ---- [Flow] CT_START Set
[15:27:39.521] ---- [Flow] CT_START Set
[15:27:52.030] ---- [Flow] CT_START Set
[15:28:06.480] ---- [Flow] CT_START Set
[15:28:06.588] ---- [Flow] CT_START Set
[15:28:19.071] ---- [Flow] CT_START Set
[15:28:58.635] ---- [Flow] CT_START Set
[15:29:00.440] ---- [Flow] CT_START Set
[15:29:17.472] ---- [Flow] CT_START Set
[16:20:41.305] ---- [Flow] CT_STOP Set
[16:20:41.328] ---- [Event] Auto : CT_STOP
[16:20:41.329] --------- [Monitor] StopTasks() : before m_stopped
[16:20:41.357] ---- [Flow] CT_STOP Set
[16:20:41.369] --------- [Monitor] StopTasks() : m_stopped
[16:20:41.370] [m_nState] AutoStop State
[16:31:06.061] ---- [Flow] CT_START Set
[16:31:06.084] ---- [Event] AutoStop : CT_START
[16:31:06.085] [m_nState] Auto State
[16:31:06.902] ---- [Flow] CT_START Set
[19:00:40.022] ---- [Flow] CT_STOP Set
[19:00:40.045] ---- [Event] Auto : CT_STOP
[19:00:40.046] --------- [Monitor] StopTasks() : before m_stopped
[19:00:40.062] --------- [Monitor] StopTasks() : m_stopped
[19:00:40.063] [m_nState] AutoStop State
[19:03:08.264] ---- [Flow] CT_START Set
[19:03:08.287] ---- [Event] AutoStop : CT_START
[19:03:08.288] [m_nState] Auto State
[19:03:09.669] ---- [Flow] CT_START Set
[19:05:58.428] ---- [Flow] CT_STOP Set
[19:05:58.451] ---- [Event] Auto : CT_STOP
[19:05:58.452] --------- [Monitor] StopTasks() : before m_stopped
[19:05:58.532] --------- [Monitor] StopTasks() : m_stopped
[19:05:58.533] [m_nState] AutoStop State
[22:32:26.136] ---- [Flow] CT_START Set
[22:32:26.159] ---- [Event] AutoStop : CT_START
[22:32:26.160] [m_nState] Auto State
[22:32:29.075] ---- [Flow] CT_STOP Set
[22:32:29.097] ---- [Event] Auto : CT_STOP
[22:32:29.098] --------- [Monitor] StopTasks() : before m_stopped
[22:32:29.185] --------- [Monitor] StopTasks() : m_stopped
[22:32:29.186] [m_nState] AutoStop State
