[01:18:09.110] [LeftTransferStation] Vacuum Error
[01:19:29.852] [LeftTransferStation] Vacuum Error
[01:19:45.538] [LeftTransferStation] Vacuum Error
[01:20:33.239] [LeftTransferStation] Vacuum Error
[01:23:41.389] [LeftTransferStation] Vacuum Error
[01:28:51.749] [LeftTransferStation] Vacuum Error
[01:29:11.295] [LeftTransferStation] Vacuum Error
[01:29:43.041] [LeftTransferStation] Vacuum Error
[01:30:03.672] [LeftTransferStation] Vacuum Error
[02:23:54.307] [LeftTransferStation] Set Double Place
[02:33:54.871] [MainControlStation] Right Door Open
[02:33:58.820] [MainControlStation] Right Door Open
[03:04:06.516] [RightTransferStation] Vacuum Error
[03:04:34.525] [RightTransferStation] Vacuum Error
[03:05:21.524] [RightTransferStation] Move XY Axis Error
[03:05:25.632] [RightTransferStation] Move XY Axis Error
[03:08:52.379] [RightTransferStation] Move XY Axis Error
[03:13:34.903] [RightTransferStation] Move XY Axis Error
[03:13:42.273] [RightTransferStation] Move XY Axis Error
[03:13:44.225] [RightTransferStation] Move XY Axis Error
[03:13:48.364] [RightTransferStation] Move XY Axis Error
[03:16:22.666] [RightTransferStation] Move XY Axis Error
[03:16:27.232] [RightTransferStation] Move XY Axis Error
[03:16:29.096] [RightTransferStation] Move XY Axis Error
[03:16:30.946] [RightTransferStation] Move XY Axis Error
[03:16:32.838] [RightTransferStation] Move XY Axis Error
[03:16:34.617] [RightTransferStation] Move XY Axis Error
[03:18:01.944] [RightTransferStation] Move XY Axis Error
[03:18:13.293] [RightTransferStation] Move XY Axis Error
[03:22:36.653] [LeftTransferStation] Vacuum Error
[03:28:02.094] [LeftPPStation] Load Cylinder Up Error
[03:28:06.852] [LeftPPStation] Load Cylinder Vacuum Error
[03:39:34.617] [RightTransferStation] Move XY Axis Error
[03:40:02.429] [RightTransferStation] Move XY Axis Error
[03:48:43.391] [LeftTransferStation] Vacuum Error
[03:49:12.012] [MainControlStation] Left Door Open
[04:33:36.355] [LeftTransferStation] Vacuum Error
[04:45:19.671] [LeftTransferStation] Vacuum Error
[04:46:48.619] [LeftTransferStation] Vacuum Error
[04:48:31.318] [LeftTransferStation] Vacuum Error
[04:50:07.988] [LeftTransferStation] Vacuum Error
[04:52:40.168] [LeftTransferStation] Vacuum Error
[04:53:11.839] [LeftTransferStation] Vacuum Error
[05:00:39.894] [LeftTransferStation] Vacuum Error
[05:03:18.148] [LeftTransferStation] Vacuum Error
[05:11:12.873] [LeftTransferStation] Vacuum Error
[05:12:49.848] [LeftTransferStation] Vacuum Error
[05:15:26.846] [LeftTransferStation] Vacuum Error
[05:16:12.014] [RightTransferStation] Move XY Axis Error
[05:16:16.754] [RightTransferStation] Move XY Axis Error
[05:16:18.606] [RightTransferStation] Move XY Axis Error
[05:16:20.518] [RightTransferStation] Move XY Axis Error
[05:16:25.871] [RightTransferStation] Move XY Axis Error
[05:20:16.288] [RightTransferStation] Move XY Axis Error
[05:20:54.113] [RightTransferStation] Move XY Axis Error
[05:20:57.356] [RightTransferStation] Move XY Axis Error
[05:20:59.298] [RightTransferStation] Move XY Axis Error
[05:21:55.584] [RightTransferStation] Move XY Axis Error
[05:26:02.952] [RightTransferStation] Move XY Axis Error
[05:27:57.220] [RightTransferStation] Move XY Axis Error
[05:28:27.144] [RightTransferStation] Move XY Axis Error
[05:37:31.936] [LeftTransferStation] Vacuum Error
[05:41:27.957] [RightTransferStation] Move XY Axis Error
[05:41:45.883] [RightTransferStation] Move XY Axis Error
[05:41:47.843] [RightTransferStation] Move XY Axis Error
[05:44:56.042] [RightTransferStation] Move XY Axis Error
[05:45:00.208] [RightTransferStation] Move XY Axis Error
[05:47:35.377] [RightTransferStation] Move XY Axis Error
[05:47:38.970] [RightTransferStation] Move XY Axis Error
[05:47:40.808] [RightTransferStation] Move XY Axis Error
[05:49:57.291] [LeftTransferStation] Vacuum Error
[05:55:28.241] [LeftTransferStation] Vacuum Error
[05:58:36.700] [RightTransferStation] Move XY Axis Error
[06:00:23.673] [RightTransferStation] Move XY Axis Error
[06:02:16.572] [LeftTransferStation] Vacuum Error
[06:02:55.099] [RightTransferStation] Move XY Axis Error
[06:03:06.252] [RightTransferStation] Move XY Axis Error
