[00:06:26.548] [RightPPStation] Load Cylinder Up Error
[00:06:31.060] [RightPPStation] Load Cylinder Vacuum Error
[00:06:42.710] [RightPPStation] Load Cylinder Vacuum Error
[00:06:56.782] [RightPPStation] Load Cylinder Down Error
[00:07:05.353] [RightPPStation] Load Cylinder Down Error
[00:09:41.924] [RightPPStation] Load Cylinder Up Error
[00:09:49.560] [RightPPStation] Load Cylinder Up Error
[00:10:33.635] [RightPPStation] Load Cylinder Down Error
[00:10:41.605] [RightPPStation] Load Cylinder Down Error
[00:12:31.049] [RightTransferStation] Vacuum Error
[00:13:54.021] [LeftPPStation] Load Cylinder Vacuum Error
[00:27:26.051] [LeftTransferStation] Vacuum Error
[00:27:49.590] [LeftTransferStation] Vacuum Error
[00:55:44.413] [RightPPStation] Load Cylinder Up Error
[00:55:54.665] [RightPPStation] Load Cylinder Up Error
[00:56:11.597] [RightPPStation] Load Cylinder Up Error
[01:03:00.107] [LeftTransferStation] Vacuum Error
[01:06:54.861] [RightPPStation] Load Cylinder Vacuum Error
[01:50:45.141] [RightPPStation] Load Cylinder Vacuum Error
[02:29:28.739] [RightTransferStation] Vacuum Error
[02:29:39.676] [RightTransferStation] Vacuum Error
[02:31:44.419] [LeftTransferStation] Vacuum Error
[02:51:07.616] [RightTransferStation] Vacuum Error
[02:54:36.900] [LeftTransferStation] Vacuum Error
[03:01:29.677] [LeftPPStation] Unload Cylinder Vacuum Error
[03:23:54.147] [LeftPPStation] Load Cylinder Vacuum Error
[03:24:48.313] [RightPPStation] Load Cylinder Vacuum Error
[03:33:43.265] [LeftPPStation] Unload Cylinder Vacuum Error
[03:37:07.179] [RightTransferStation] Vacuum Error
[04:15:53.388] [RightPPStation] Load Cylinder Vacuum Error
[04:18:31.522] [LeftTransferStation] Vacuum Error
[04:32:56.333] [LeftPPStation] Load Cylinder Up Error
[04:33:04.953] [LeftPPStation] Load Cylinder Vacuum Error
[04:33:22.833] [RightPPStation] Load Cylinder Up Error
[04:33:44.980] [RightPPStation] Load Cylinder Up Error
[04:34:17.739] [RightPPStation] Load Cylinder Up Error
[04:34:25.063] [RightPPStation] Load Cylinder Up Error
[04:34:30.223] [RightPPStation] Load Cylinder Up Error
[04:34:41.011] [RightPPStation] Load Cylinder Up Error
[04:35:35.420] [RightPPStation] Load Cylinder Up Error
[04:35:42.664] [RightPPStation] Load Cylinder Up Error
[04:36:07.740] [RightPPStation] Load Cylinder Vacuum Error
[04:38:34.304] [RightPPStation] Load Cylinder Up Error
[04:38:41.538] [RightPPStation] Load Cylinder Up Error
[04:38:57.770] [RightPPStation] Load Cylinder Down Error
[04:39:05.702] [RightPPStation] Load Cylinder Down Error
[04:39:35.560] [RightPPStation] Load Cylinder Up Error
[04:40:05.090] [RightPPStation] Load Cylinder Up Error
[04:40:16.718] [RightPPStation] Load Cylinder Up Error
[04:40:39.453] [RightPPStation] Load Cylinder Up Error
[04:40:52.976] [RightPPStation] Load Cylinder Up Error
[04:41:58.210] [RightPPStation] Load Cylinder Up Error
[04:42:12.640] [RightPPStation] Load Cylinder Down Error
[04:42:29.027] [RightPPStation] Load Cylinder Up Error
[04:46:04.488] [RightPPStation] Load Cylinder Vacuum Error
[04:46:12.299] [RightPPStation] Load Cylinder Vacuum Error
[04:46:21.661] [RightPPStation] Load Cylinder Vacuum Error
[04:46:34.300] [RightPPStation] Load Cylinder Vacuum Error
[04:46:41.473] [RightPPStation] Load Cylinder Vacuum Error
[04:46:52.173] [RightPPStation] Load Cylinder Vacuum Error
[04:48:09.317] [RightPPStation] Load Cylinder Vacuum Error
[04:48:17.871] [RightPPStation] Load Cylinder Vacuum Error
[04:48:32.667] [RightPPStation] Load Cylinder Vacuum Error
[04:48:38.873] [RightPPStation] Load Cylinder Vacuum Error
[04:48:50.095] [LeftPPStation] Load Cylinder Vacuum Error
[04:54:40.988] [RightPPStation] Load Cylinder Down Error
[04:55:30.007] [RightPPStation] Load Cylinder Down Error
[04:55:39.947] [RightPPStation] Load Cylinder Down Error
[05:00:55.951] [RightPPStation] Load Cylinder Up Error
[05:01:06.748] [RightPPStation] Load Cylinder Up Error
[05:01:14.353] [RightPPStation] Load Cylinder Up Error
[05:01:23.174] [RightPPStation] Load Cylinder Up Error
[05:01:46.360] [RightPPStation] Load Cylinder Up Error
[05:01:52.017] [RightPPStation] Load Cylinder Up Error
[05:02:36.720] [RightPPStation] Load Cylinder Up Error
[05:03:32.463] [RightPPStation] Load Cylinder Up Error
[05:03:49.419] [RightPPStation] Load Cylinder Up Error
[05:04:33.767] [RightPPStation] Load Cylinder Up Error
[05:06:39.042] [LeftPPStation] Load Cylinder Up Error
[05:45:42.624] [RightPPStation] Load Cylinder Vacuum Error
[06:07:57.744] [RightTransferStation] Vacuum Error
[06:08:05.719] [RightTransferStation] Vacuum Error
[06:16:19.253] [LeftPPStation] Load Cylinder Vacuum Error
[06:51:05.764] [RightPPStation] Load Cylinder Up Error
[06:51:14.089] [RightPPStation] Load Cylinder Up Error
[06:51:20.544] [RightPPStation] Load Cylinder Up Error
[06:51:24.600] [RightPPStation] Load Cylinder Vacuum Error
[07:02:43.284] [LeftPPStation] Load Cylinder Vacuum Error
[07:15:04.444] [LeftTransferStation] Vacuum Error
[07:21:07.072] [RightPPStation] Load Cylinder Vacuum Error
[07:21:34.820] [RightTransferStation] Vacuum Error
[07:26:40.473] [RightTransferStation] Vacuum Error
[08:11:02.268] [LeftPPStation] Load Cylinder Vacuum Error
[08:11:28.223] [MainControlStation] Left Door Open
[08:18:19.128] [RightTransferStation] Vacuum Error
[08:18:26.875] [RightTransferStation] Vacuum Error
[09:18:19.697] [LeftTransferStation] Move Z Axis Error
[09:18:23.756] [LeftTransferStation] Move Z Axis Error
[09:18:41.280] [LeftTransferStation] Move Z Axis Error
[09:21:23.321] [RightTransferStation] Vacuum Error
[09:39:20.838] [RightTransferStation] Vacuum Error
[09:49:09.843] [RightPPStation] Load Cylinder Vacuum Error
[10:06:37.681] [RightTransferStation] Vacuum Error
[10:56:25.722] [MainControlStation] Right Door Open
[11:03:46.602] [LeftTransferStation] Vacuum Error
[11:22:09.412] [LeftTransferStation] Vacuum Error
[11:22:19.894] [LeftTransferStation] Vacuum Error
[11:24:13.852] [MainControlStation] Right Door Open
[11:24:55.195] [RightTransferStation] Vacuum Error
[11:27:24.452] [LeftTransferStation] Vacuum Error
[11:27:34.885] [LeftTransferStation] Vacuum Error
[11:27:50.454] [LeftTransferStation] Vacuum Error
[11:28:00.979] [LeftPPStation] Move Axis Error
[11:28:04.965] [LeftPPStation] Load Buffer Set Exist
[11:28:20.446] [LeftTransferStation] Vacuum Error
[11:28:25.658] [LeftPPStation] Load Buffer Set Exist
[11:28:27.953] [LeftPPStation] Load Buffer Set Exist
[11:28:29.878] [LeftPPStation] Load Buffer Set Exist
[11:28:41.480] [LeftPPStation] Load Buffer Set Exist
[11:28:44.368] [LeftPPStation] Load Buffer Set Exist
[11:28:47.648] [LeftPPStation] Load Buffer Set Exist
[11:28:55.634] [LeftPPStation] Load Buffer Set Exist
[11:29:32.185] [RightTransferStation] Vacuum Error
[11:29:44.908] [LeftTransferStation] Vacuum Error
[11:29:53.988] [LeftTransferStation] Vacuum Error
[11:30:09.191] [LeftTransferStation] Vacuum Error
[11:30:32.883] [LeftTransferStation] Vacuum Error
[11:33:21.101] [LeftTransferStation] Vacuum Error
[12:05:56.288] [LeftPPStation] Load Cylinder Up Error
[12:06:09.367] [LeftPPStation] Load Cylinder Up Error
[12:06:16.169] [LeftPPStation] Load Cylinder Up Error
[12:06:21.866] [LeftPPStation] Load Cylinder Up Error
[12:06:26.354] [LeftPPStation] Load Cylinder Vacuum Error
[12:22:20.758] [RightTransferStation] Vacuum Error
[12:22:32.465] [RightTransferStation] Vacuum Error
[12:24:10.283] [LeftPPStation] Load Cylinder Up Error
[12:24:15.118] [LeftPPStation] Load Cylinder Vacuum Error
[12:40:30.659] [LeftPPStation] Load Cylinder Vacuum Error
[14:26:26.310] [LeftPPStation] Unload Cylinder Vacuum Error
[14:26:32.293] [LeftPPStation] Unload Cylinder Vacuum Error
[15:06:19.178] [MainControlStation] Right Door Open
[16:31:37.654] [LeftPPStation] Load Cylinder Vacuum Error
[17:25:01.917] [RightPPStation] Load Cylinder Up Error
[18:29:40.327] [LeftTransferStation] Vacuum Error
[18:30:27.776] [LeftPPStation] Unload Cylinder Vacuum Error
[21:06:48.776] [LeftPPStation] Unload Cylinder Vacuum Error
[21:06:57.565] [LeftPPStation] Unload Cylinder Vacuum Error
[21:36:50.079] [LeftPPStation] Unload Cylinder Vacuum Error
[22:22:24.061] [RightTransferStation] Vacuum Error
[22:54:00.093] [RightTransferStation] Vacuum Error
[22:54:28.682] [RightTransferStation] Vacuum Error
[22:56:06.473] [LeftTransferStation] Vacuum Error
