[00:27:33.733] [LeftPPStation] Unload Buffer Set Not Exist
[00:29:54.644] [LeftTransferStation] Vacuum Error
[00:32:48.337] [LeftTransferStation] Vacuum Error
[00:34:03.195] [LeftPPStation] Load Cylinder Vacuum Error
[00:34:30.578] [LeftPPStation] Load Cylinder Vacuum Error
[00:34:41.230] [LeftPPStation] Load Cylinder Vacuum Error
[00:36:59.664] [LeftTransferStation] Vacuum Error
[00:37:30.283] [LeftTransferStation] Vacuum Error
[00:37:47.373] [MainControlStation] Left Door Open
[00:38:04.150] [MainControlStation] Left Door Open
[00:40:01.592] [LeftTransferStation] Vacuum Error
[00:43:47.717] [LeftTransferStation] Vacuum Error
[00:45:40.405] [LeftTransferStation] Vacuum Error
[00:54:33.330] [LeftPPStation] Unload Buffer Set Not Exist
[00:57:07.932] [RightPPStation] Unload Cylinder Vacuum Error
[00:58:08.088] [LeftTransferStation] Vacuum Error
[01:03:59.939] [LeftPPStation] Unload Buffer Set Not Exist
[02:34:02.373] [LeftTransferStation] Vacuum Error
[02:34:07.823] [MainControlStation] Left Door Open
[02:36:12.938] [LeftTransferStation] Vacuum Error
[02:37:27.200] [RightPPStation] Unload Cylinder Vacuum Error
[03:21:08.453] [LeftTransferStation] Vacuum Error
[03:21:19.613] [LeftTransferStation] Vacuum Error
[07:06:02.797] [LeftTransferStation] Vacuum Error
[07:31:31.949] [LeftPPStation] Move Axis Error
[07:31:51.353] [LeftPPStation] Move Axis Error
[07:38:59.912] [RightTransferStation] Vacuum Error
[07:40:40.056] [RightTransferStation] Vacuum Error
[07:41:23.512] [RightTransferStation] Vacuum Error
[07:41:32.513] [RightTransferStation] Vacuum Error
[07:43:27.569] [RightTransferStation] Unload Buffer Set Exist
[07:43:54.007] [RightTransferStation] Vacuum Error
[07:58:26.450] [LeftPPStation] Unload Buffer Set Not Exist
[08:04:09.065] [LeftPPStation] Unload Cylinder Vacuum Error
[08:13:55.159] [RightTransferStation] Vacuum Error
[08:36:45.246] [RightTransferStation] Vacuum Error
[08:55:55.342] [LeftTransferStation] Vacuum Error
[09:04:44.039] [LeftTransferStation] Vacuum Error
[09:06:35.453] [LeftTransferStation] Vacuum Error
[09:09:02.361] [LeftTransferStation] Vacuum Error
[09:13:37.022] [RightPPStation] Load Cylinder Vacuum Error
[09:14:51.834] [MainControlStation] Right Door Open
[09:15:01.416] [RightPPStation] Unload Buffer Set Not Exist
[09:17:46.618] [RightTransferStation] Vacuum Error
[09:38:45.064] [RightTransferStation] Vacuum Error
[09:54:34.085] [LeftTransferStation] Vacuum Error
[10:04:25.382] [RightPPStation] Load Buffer Set Exist
[10:04:43.555] [RightPPStation] Load Buffer Set Exist
[10:04:48.118] [RightPPStation] Load Buffer Set Exist
[10:05:43.530] [RightTransferStation] Vacuum Error
[10:49:01.793] [LeftPPStation] Load Buffer Set Exist
[10:49:28.702] [LeftPPStation] Load Buffer Set Exist
[10:49:51.433] [LeftPPStation] Load Buffer Set Exist
[10:50:12.819] [LeftPPStation] Load Buffer Set Exist
[10:50:23.184] [LeftPPStation] Unload Buffer Set Not Exist
[10:50:32.869] [LeftTransferStation] Vacuum Error
[13:18:41.694] [RightPPStation] Load Cylinder Vacuum Error
[13:21:12.146] [RightPPStation] Load Cylinder Vacuum Error
[13:27:38.575] [MainControlStation] Left Door Open
[13:28:55.451] [LeftTransferStation] Vacuum Error
[13:29:31.998] [RightTransferStation] Vacuum Error
[13:48:22.223] [RightTransferStation] Vacuum Error
[13:55:11.227] [RightPPStation] Load Cylinder Vacuum Error
[15:08:43.941] [MainControlStation] Right Door Open
[15:23:13.996] [LeftPPStation] Unload Buffer Set Not Exist
[16:11:02.169] [LeftPPStation] Unload Buffer Set Not Exist
[16:17:09.198] [LeftTransferStation] Vacuum Error
[19:49:09.446] [MainControlStation] Right Door Open
[19:51:04.369] [RightTransferStation] Unload Buffer Set Exist
[19:51:08.597] [RightTransferStation] Unload Buffer Set Exist
[19:51:13.783] [RightTransferStation] Unload Buffer Set Exist
[19:51:16.264] [RightTransferStation] Unload Buffer Set Exist
[19:51:18.183] [RightTransferStation] Unload Buffer Set Exist
[20:03:59.676] [RightPPStation] Unload Buffer Set Not Exist
[20:04:10.294] [RightTransferStation] Move Z Axis Error
[20:04:15.096] [RightTransferStation] Move Z Axis Error
[20:04:18.406] [RightTransferStation] Move Z Axis Error
[20:12:36.216] [RightPPStation] Unload Buffer Set Not Exist
[20:13:35.971] [RightPPStation] Unload Buffer Set Not Exist
[20:14:35.501] [RightTransferStation] Move Z Axis Error
[20:14:37.388] [RightTransferStation] Move Z Axis Error
[20:29:29.980] [RightPPStation] Unload Buffer Set Not Exist
[23:57:39.168] [MainControlStation] Right Door Open
