[00:01:19.195] ---- [Flow] CT_START Set
[00:01:39.487] ---- [Flow] CT_START Set
[00:01:39.571] ---- [Flow] CT_START Set
[00:02:26.477] ---- [Flow] CT_START Set
[00:02:45.630] ---- [Flow] CT_START Set
[00:02:54.016] ---- [Flow] CT_START Set
[00:03:29.623] ---- [Flow] CT_START Set
[00:07:06.918] ---- [Flow] CT_START Set
[00:11:33.911] ---- [Flow] CT_START Set
[00:11:34.233] ---- [Flow] CT_START Set
[00:11:35.227] ---- [Flow] CT_START Set
[00:11:35.503] ---- [Flow] CT_START Set
[00:11:36.159] ---- [Flow] CT_START Set
[00:11:36.919] ---- [Flow] CT_START Set
[00:11:37.204] ---- [Flow] CT_START Set
[00:11:37.921] ---- [Flow] CT_START Set
[00:11:38.766] ---- [Flow] CT_START Set
[00:11:39.040] ---- [Flow] CT_START Set
[00:14:06.147] ---- [Flow] CT_START Set
[00:16:20.775] ---- [Flow] CT_START Set
[00:18:53.872] ---- [Flow] CT_START Set
[00:20:02.264] ---- [Flow] CT_START Set
[00:20:52.966] ---- [Flow] CT_START Set
[00:21:39.267] ---- [Flow] CT_START Set
[00:23:00.864] ---- [Flow] CT_START Set
[00:31:52.925] ---- [Flow] CT_START Set
[00:33:09.456] ---- [Flow] CT_START Set
[00:38:26.228] ---- [Flow] CT_START Set
[00:55:32.544] ---- [Flow] CT_START Set
[01:02:34.257] ---- [Flow] CT_START Set
[01:05:08.908] ---- [Flow] CT_START Set
[01:15:06.563] ---- [Flow] CT_START Set
[01:15:22.730] ---- [Flow] CT_START Set
[01:15:22.810] ---- [Flow] CT_START Set
[01:15:24.484] ---- [Flow] CT_START Set
[01:15:24.581] ---- [Flow] CT_START Set
[01:15:25.247] ---- [Flow] CT_START Set
[01:15:25.343] ---- [Flow] CT_START Set
[01:15:25.414] ---- [Flow] CT_START Set
[01:15:25.524] ---- [Flow] CT_START Set
[01:15:26.159] ---- [Flow] CT_START Set
[01:15:26.244] ---- [Flow] CT_START Set
[01:15:26.321] ---- [Flow] CT_START Set
[01:15:26.408] ---- [Flow] CT_START Set
[01:15:26.477] ---- [Flow] CT_START Set
[01:15:26.566] ---- [Flow] CT_START Set
[01:15:26.647] ---- [Flow] CT_START Set
[01:15:26.744] ---- [Flow] CT_START Set
[01:15:26.812] ---- [Flow] CT_START Set
[01:15:27.455] ---- [Flow] CT_START Set
[01:15:27.538] ---- [Flow] CT_START Set
[01:15:27.599] ---- [Flow] CT_START Set
[01:15:27.670] ---- [Flow] CT_START Set
[01:15:30.934] ---- [Flow] CT_START Set
[01:18:39.165] ---- [Flow] CT_START Set
[01:20:12.323] ---- [Flow] CT_STOP Set
[01:20:12.346] ---- [Event] Auto : CT_STOP
[01:20:12.346] --------- [Monitor] StopTasks() : before m_stopped
[01:20:12.379] ---- [Flow] CT_STOP Set
[01:20:12.419] ---- [Flow] CT_STOP Set
[01:20:12.465] --------- [Monitor] StopTasks() : m_stopped
[01:20:12.465] [m_nState] AutoStop State
[01:20:14.797] ---- [Flow] CT_START Set
[01:20:14.818] ---- [Event] AutoStop : CT_START
[01:20:14.818] [m_nState] Auto State
[01:20:18.510] ---- [Flow] CT_STOP Set
[01:20:18.531] ---- [Event] Auto : CT_STOP
[01:20:18.531] --------- [Monitor] StopTasks() : before m_stopped
[01:20:18.574] ---- [Flow] CT_STOP Set
[01:20:18.618] ---- [Flow] CT_STOP Set
[01:20:18.824] --------- [Monitor] StopTasks() : m_stopped
[01:20:18.824] [m_nState] AutoStop State
[01:20:49.118] ---- [Flow] CT_STOP Set
[01:20:50.095] ---- [Flow] CT_START Set
[01:20:50.116] ---- [Event] AutoStop : CT_START
[01:20:50.116] [m_nState] Auto State
[01:21:02.379] ---- [Flow] CT_START Set
[01:21:44.441] ---- [Flow] CT_STOP Set
[01:21:44.463] ---- [Event] Auto : CT_STOP
[01:21:44.463] --------- [Monitor] StopTasks() : before m_stopped
[01:21:44.512] ---- [Flow] CT_STOP Set
[01:21:44.569] ---- [Flow] CT_STOP Set
[01:21:47.105] --------- [Monitor] StopTasks() : m_stopped
[01:21:47.105] [m_nState] AutoStop State
[01:29:56.526] ---- [Flow] CT_START Set
[01:29:56.548] ---- [Event] AutoStop : CT_START
[01:29:56.548] [m_nState] Auto State
[01:30:00.702] ---- [Flow] CT_STOP Set
[01:30:00.724] ---- [Event] Auto : CT_STOP
[01:30:00.724] --------- [Monitor] StopTasks() : before m_stopped
[01:30:00.766] ---- [Flow] CT_STOP Set
[01:30:00.811] ---- [Flow] CT_STOP Set
[01:30:00.856] ---- [Flow] CT_STOP Set
[01:30:01.943] --------- [Monitor] StopTasks() : m_stopped
[01:30:01.943] [m_nState] AutoStop State
[01:31:38.221] ---- [Flow] CT_START Set
[01:31:38.242] ---- [Event] AutoStop : CT_START
[01:31:38.242] [m_nState] Auto State
[01:31:39.763] ---- [Flow] CT_START Set
[01:31:49.633] ---- [Flow] CT_START Set
[01:31:49.852] ---- [Flow] CT_START Set
[01:32:10.963] ---- [Flow] CT_START Set
[01:32:11.635] ---- [Flow] CT_START Set
[01:32:11.727] ---- [Flow] CT_START Set
[01:32:25.844] ---- [Flow] CT_START Set
[01:32:25.936] ---- [Flow] CT_START Set
[01:32:25.993] ---- [Flow] CT_START Set
[01:33:08.877] ---- [Flow] CT_START Set
[01:33:09.487] ---- [Flow] CT_START Set
[01:33:32.822] ---- [Flow] CT_START Set
[01:33:33.061] ---- [Flow] CT_START Set
[01:33:33.904] ---- [Flow] CT_START Set
[01:48:16.662] ---- [Flow] CT_START Set
[02:00:42.445] ---- [Flow] CT_START Set
[02:00:56.933] ---- [Flow] CT_START Set
[02:00:59.561] ---- [Flow] CT_START Set
[02:01:03.803] ---- [Flow] CT_START Set
[02:01:27.979] ---- [Flow] CT_START Set
[02:04:27.477] ---- [Flow] CT_START Set
[02:05:45.312] ---- [Flow] CT_START Set
[02:06:38.425] ---- [Flow] CT_START Set
[02:13:41.889] ---- [Flow] CT_START Set
[02:15:43.652] ---- [Flow] CT_START Set
[02:31:47.906] ---- [Flow] CT_STOP Set
[02:31:47.928] ---- [Event] Auto : CT_STOP
[02:31:47.928] --------- [Monitor] StopTasks() : before m_stopped
[02:31:48.424] --------- [Monitor] StopTasks() : m_stopped
[02:31:48.425] [m_nState] AutoStop State
[02:32:04.597] ---- [Flow] CT_START Set
[02:32:04.618] ---- [Event] AutoStop : CT_START
[02:32:04.618] [m_nState] Auto State
[02:32:07.195] ---- [Flow] CT_START Set
[02:32:33.694] ---- [Flow] CT_START Set
[02:32:37.811] ---- [Flow] CT_START Set
[02:43:45.295] ---- [Flow] CT_START Set
[02:48:37.055] ---- [Flow] CT_START Set
[03:04:42.838] ---- [Flow] CT_START Set
[03:09:11.953] ---- [Flow] CT_START Set
[03:09:40.958] ---- [Flow] CT_START Set
[03:10:39.453] ---- [Flow] CT_STOP Set
[03:10:39.476] ---- [Event] Auto : CT_STOP
[03:10:39.476] --------- [Monitor] StopTasks() : before m_stopped
[03:10:39.574] ---- [Flow] CT_STOP Set
[03:10:39.620] ---- [Flow] CT_STOP Set
[03:10:39.666] ---- [Flow] CT_STOP Set
[03:10:39.960] --------- [Monitor] StopTasks() : m_stopped
[03:10:39.961] [m_nState] AutoStop State
[03:12:56.633] ---- [Flow] CT_START Set
[03:12:56.654] ---- [Event] AutoStop : CT_START
[03:12:56.654] [m_nState] Auto State
[03:14:34.944] ---- [Flow] CT_STOP Set
[03:14:34.966] ---- [Event] Auto : CT_STOP
[03:14:34.966] --------- [Monitor] StopTasks() : before m_stopped
[03:14:35.065] ---- [Flow] CT_STOP Set
[03:14:35.107] ---- [Flow] CT_STOP Set
[03:14:35.145] ---- [Flow] CT_STOP Set
[03:14:35.183] ---- [Flow] CT_STOP Set
[03:14:35.229] ---- [Flow] CT_STOP Set
[03:14:35.273] ---- [Flow] CT_STOP Set
[03:14:35.956] --------- [Monitor] StopTasks() : m_stopped
[03:14:35.956] [m_nState] AutoStop State
[03:18:41.703] ---- [Flow] CT_START Set
[03:18:41.725] ---- [Event] AutoStop : CT_START
[03:18:41.725] [m_nState] Auto State
[03:18:42.353] ---- [Flow] CT_START Set
[03:42:16.805] ---- [Flow] CT_START Set
[03:49:40.423] ---- [Flow] CT_START Set
[03:50:05.485] ---- [Flow] CT_START Set
[03:53:28.953] ---- [Flow] CT_START Set
[03:59:21.162] ---- [Flow] CT_START Set
[04:06:18.107] ---- [Flow] CT_START Set
[04:12:50.901] ---- [Flow] CT_START Set
[04:16:10.950] ---- [Flow] CT_START Set
[04:16:36.018] ---- [Flow] CT_START Set
[04:26:39.467] ---- [Flow] CT_START Set
[04:28:10.970] ---- [Flow] CT_START Set
[04:30:21.705] ---- [Flow] CT_START Set
[04:30:43.051] ---- [Flow] CT_STOP Set
[04:30:43.072] ---- [Event] Auto : CT_STOP
[04:30:43.072] --------- [Monitor] StopTasks() : before m_stopped
[04:30:43.166] ---- [Flow] CT_STOP Set
[04:30:43.315] ---- [Flow] CT_STOP Set
[04:30:43.577] --------- [Monitor] StopTasks() : m_stopped
[04:30:43.577] [m_nState] AutoStop State
[04:30:43.796] ---- [Flow] CT_STOP Set
[04:30:43.932] ---- [Flow] CT_STOP Set
[04:30:43.965] ---- [Flow] CT_STOP Set
[04:30:44.006] ---- [Flow] CT_STOP Set
[04:30:44.568] ---- [Flow] CT_STOP Set
[04:30:44.609] ---- [Flow] CT_STOP Set
[04:30:44.643] ---- [Flow] CT_STOP Set
[04:30:44.683] ---- [Flow] CT_STOP Set
[05:15:25.687] ---- [Flow] CT_START Set
[05:15:25.709] ---- [Event] AutoStop : CT_START
[05:15:25.709] [m_nState] Auto State
[05:15:33.852] ---- [Flow] CT_START Set
[05:15:42.044] ---- [Flow] CT_START Set
[05:16:11.577] ---- [Flow] CT_START Set
[05:16:22.337] ---- [Flow] CT_START Set
[05:16:30.894] ---- [Flow] CT_START Set
[05:20:11.835] ---- [Flow] CT_START Set
[05:24:44.478] ---- [Flow] CT_START Set
[05:47:54.139] ---- [Flow] CT_START Set
[05:47:55.532] ---- [Flow] CT_START Set
[05:50:26.575] ---- [Flow] CT_START Set
[05:50:34.765] ---- [Flow] CT_START Set
[05:56:17.102] ---- [Flow] CT_START Set
[06:02:40.488] ---- [Flow] CT_START Set
[06:03:00.478] ---- [Flow] CT_START Set
[06:05:52.394] ---- [Flow] CT_START Set
[06:09:18.456] ---- [Flow] CT_START Set
[06:19:34.366] ---- [Flow] CT_START Set
[06:20:06.467] ---- [Flow] CT_START Set
[06:24:27.531] ---- [Flow] CT_START Set
[06:24:27.846] ---- [Flow] CT_START Set
[06:38:11.766] ---- [Flow] CT_START Set
[06:38:41.783] ---- [Flow] CT_START Set
[06:38:54.655] ---- [Flow] CT_START Set
[06:41:25.164] ---- [Flow] CT_START Set
[06:41:49.430] ---- [Flow] CT_START Set
[06:41:49.552] ---- [Flow] CT_START Set
[06:41:50.317] ---- [Flow] CT_START Set
[06:41:50.437] ---- [Flow] CT_START Set
[06:41:50.557] ---- [Flow] CT_START Set
[06:48:10.612] ---- [Flow] CT_START Set
[06:49:39.930] ---- [Flow] CT_START Set
[07:03:28.433] ---- [Flow] CT_START Set
[07:11:18.333] ---- [Flow] CT_START Set
[07:12:01.335] ---- [Flow] CT_START Set
[07:15:18.892] ---- [Flow] CT_STOP Set
[07:15:18.913] ---- [Event] Auto : CT_STOP
[07:15:18.913] --------- [Monitor] StopTasks() : before m_stopped
[07:15:18.968] --------- [Monitor] StopTasks() : m_stopped
[07:15:18.968] [m_nState] AutoStop State
[07:15:19.083] ---- [Flow] CT_STOP Set
[07:32:03.116] ---- [Flow] CT_START Set
[07:32:03.139] ---- [Event] AutoStop : CT_START
[07:32:03.139] [m_nState] Auto State
[07:32:03.842] ---- [Flow] CT_START Set
[07:32:39.578] ---- [Flow] CT_START Set
[07:34:52.160] ---- [Flow] CT_START Set
[07:52:12.165] ---- [Flow] CT_START Set
[07:52:13.193] ---- [Flow] CT_START Set
[07:52:13.827] ---- [Flow] CT_START Set
[07:52:14.054] ---- [Flow] CT_START Set
[07:53:29.795] ---- [Flow] CT_START Set
[07:53:30.138] ---- [Flow] CT_START Set
[07:53:31.004] ---- [Flow] CT_START Set
[07:57:52.164] ---- [Flow] CT_START Set
[07:58:17.852] ---- [Flow] CT_START Set
[08:00:06.782] ---- [Flow] CT_START Set
[08:01:53.339] ---- [Flow] CT_START Set
[08:01:57.933] ---- [Flow] CT_START Set
[08:01:58.901] ---- [Flow] CT_START Set
[08:02:19.147] ---- [Flow] CT_START Set
[08:02:45.373] ---- [Flow] CT_START Set
[08:03:23.124] ---- [Flow] CT_START Set
[08:05:58.813] ---- [Flow] CT_START Set
[08:06:01.775] ---- [Flow] CT_START Set
[08:06:12.930] ---- [Flow] CT_START Set
[08:13:01.660] ---- [Flow] CT_START Set
[08:15:47.161] ---- [Flow] CT_STOP Set
[08:15:47.184] ---- [Event] Auto : CT_STOP
[08:15:47.184] --------- [Monitor] StopTasks() : before m_stopped
[08:15:47.220] --------- [Monitor] StopTasks() : m_stopped
[08:15:47.220] [m_nState] AutoStop State
[08:15:47.367] ---- [Flow] CT_STOP Set
[08:15:47.401] ---- [Flow] CT_STOP Set
[08:15:47.439] ---- [Flow] CT_STOP Set
[08:15:47.477] ---- [Flow] CT_STOP Set
[08:58:31.643] ---- [Flow] CT_START Set
[08:58:31.664] ---- [Event] AutoStop : CT_START
[08:58:31.664] [m_nState] Auto State
[08:58:32.692] ---- [Flow] CT_START Set
[08:59:26.299] ---- [Flow] CT_START Set
[08:59:45.602] ---- [Flow] CT_START Set
[09:00:05.780] ---- [Flow] CT_START Set
[09:00:30.953] ---- [Flow] CT_START Set
[09:00:53.375] ---- [Flow] CT_START Set
[09:19:48.470] ---- [Flow] CT_START Set
[09:25:27.175] ---- [Flow] CT_START Set
[09:25:33.300] ---- [Flow] CT_START Set
[09:34:32.467] ---- [Flow] CT_START Set
[09:41:39.737] ---- [Flow] CT_START Set
[09:43:15.515] ---- [Flow] CT_START Set
[09:53:27.336] ---- [Flow] CT_START Set
[10:10:23.617] ---- [Flow] CT_START Set
[10:10:35.388] ---- [Flow] CT_START Set
[10:10:35.499] ---- [Flow] CT_START Set
[10:11:15.919] ---- [Flow] CT_START Set
[10:11:47.497] ---- [Flow] CT_START Set
[10:13:23.061] ---- [Flow] CT_START Set
[10:13:29.542] ---- [Flow] CT_START Set
[10:22:36.395] ---- [Flow] CT_START Set
[10:24:37.144] ---- [Flow] CT_START Set
[10:24:54.646] ---- [Flow] CT_START Set
[10:25:02.996] ---- [Flow] CT_START Set
[10:29:12.196] ---- [Flow] CT_START Set
[10:31:26.698] ---- [Flow] CT_START Set
[10:53:52.831] ---- [Flow] CT_START Set
[11:38:03.105] ---- [Flow] CT_START Set
[11:46:10.078] ---- [Flow] CT_START Set
[11:46:33.078] ---- [Flow] CT_START Set
[11:47:59.664] ---- [Flow] CT_START Set
[11:49:16.902] ---- [Flow] CT_START Set
[11:49:20.037] ---- [Flow] CT_START Set
[11:49:22.865] ---- [Flow] CT_START Set
[11:49:26.327] ---- [Flow] CT_START Set
[11:49:29.454] ---- [Flow] CT_START Set
[11:59:39.761] ---- [Flow] CT_START Set
[12:11:36.254] ---- [Flow] CT_START Set
[12:18:34.140] ---- [Flow] CT_START Set
[12:26:19.269] ---- [Flow] CT_START Set
[12:33:34.790] ---- [Flow] CT_START Set
[12:33:45.716] ---- [Flow] CT_START Set
[12:33:45.815] ---- [Flow] CT_START Set
[12:34:50.702] ---- [Flow] CT_START Set
[12:35:26.132] ---- [Flow] CT_START Set
[12:38:14.377] ---- [Flow] CT_START Set
[12:48:15.609] ---- [Flow] CT_START Set
[12:56:58.301] ---- [Flow] CT_START Set
[12:57:02.137] ---- [Flow] CT_START Set
[12:57:06.986] ---- [Flow] CT_START Set
[12:57:08.941] ---- [Flow] CT_START Set
[12:59:31.411] ---- [Flow] CT_START Set
[13:00:06.588] ---- [Flow] CT_START Set
[13:01:58.069] ---- [Flow] CT_START Set
[13:02:17.594] ---- [Flow] CT_START Set
[13:03:50.361] ---- [Flow] CT_START Set
[13:04:36.871] ---- [Flow] CT_START Set
[13:10:33.590] ---- [Flow] CT_START Set
[13:14:01.735] ---- [Flow] CT_START Set
[13:22:04.544] ---- [Flow] CT_START Set
[13:29:02.081] ---- [Flow] CT_START Set
[13:38:21.663] ---- [Flow] CT_START Set
[13:38:33.388] ---- [Flow] CT_START Set
[13:39:20.360] ---- [Flow] CT_START Set
[13:39:31.481] ---- [Flow] CT_START Set
[13:40:21.103] ---- [Flow] CT_START Set
[13:40:41.231] ---- [Flow] CT_START Set
[13:40:45.304] ---- [Flow] CT_START Set
[13:40:54.173] ---- [Flow] CT_START Set
[13:41:02.446] ---- [Flow] CT_START Set
[13:42:03.087] ---- [Flow] CT_START Set
[13:42:59.085] ---- [Flow] CT_START Set
[13:44:35.670] ---- [Flow] CT_START Set
[13:44:41.294] ---- [Flow] CT_START Set
[13:48:56.239] ---- [Flow] CT_START Set
[13:50:18.140] ---- [Flow] CT_START Set
[13:52:49.586] ---- [Flow] CT_START Set
[13:52:56.943] ---- [Flow] CT_START Set
[13:53:24.049] ---- [Flow] CT_START Set
[14:12:20.076] ---- [Flow] CT_START Set
[14:19:34.743] ---- [Flow] CT_START Set
[14:52:42.011] ---- [Flow] CT_START Set
[15:05:11.369] ---- [Flow] CT_START Set
[15:06:26.651] ---- [Flow] CT_START Set
[15:19:11.586] ---- [Flow] CT_START Set
[15:19:21.623] ---- [Flow] CT_START Set
[15:26:43.193] ---- [Flow] CT_START Set
[15:29:26.109] ---- [Flow] CT_START Set
[15:29:44.769] ---- [Flow] CT_START Set
[15:30:07.056] ---- [Flow] CT_START Set
[15:36:37.713] ---- [Flow] CT_START Set
[15:36:57.287] ---- [Flow] CT_START Set
[15:40:13.759] ---- [Flow] CT_START Set
[15:40:34.414] ---- [Flow] CT_START Set
[15:40:54.186] ---- [Flow] CT_START Set
[15:43:21.150] ---- [Flow] CT_START Set
[15:47:57.454] ---- [Flow] CT_START Set
[15:57:36.618] ---- [Flow] CT_START Set
[16:00:47.892] ---- [Flow] CT_START Set
[16:01:06.071] ---- [Flow] CT_START Set
[16:09:12.298] ---- [Flow] CT_START Set
[16:13:16.582] ---- [Flow] CT_START Set
[16:25:24.476] ---- [Flow] CT_START Set
[16:25:31.019] ---- [Flow] CT_START Set
[16:25:36.876] ---- [Flow] CT_START Set
[16:26:06.157] ---- [Flow] CT_START Set
[16:27:15.704] ---- [Flow] CT_START Set
[16:27:19.329] ---- [Flow] CT_START Set
[16:27:41.492] ---- [Flow] CT_START Set
[16:29:11.657] ---- [Flow] CT_START Set
[16:29:14.500] ---- [Flow] CT_START Set
[16:29:34.233] ---- [Flow] CT_START Set
[16:29:43.454] ---- [Flow] CT_START Set
[16:29:43.539] ---- [Flow] CT_START Set
[16:29:45.800] ---- [Flow] CT_START Set
[16:33:30.887] ---- [Flow] CT_START Set
[16:41:06.765] ---- [Flow] CT_START Set
[16:42:49.266] ---- [Flow] CT_START Set
[16:43:15.209] ---- [Flow] CT_START Set
[16:48:03.075] ---- [Flow] CT_START Set
[16:48:39.711] ---- [Flow] CT_START Set
[16:49:23.126] ---- [Flow] CT_START Set
[16:51:09.310] ---- [Flow] CT_START Set
[16:55:19.525] ---- [Flow] CT_START Set
[16:55:27.352] ---- [Flow] CT_START Set
[16:56:19.062] ---- [Flow] CT_START Set
[16:59:00.739] ---- [Flow] CT_START Set
[16:59:08.706] ---- [Flow] CT_START Set
[17:09:59.342] ---- [Flow] CT_START Set
[17:11:45.289] ---- [Flow] CT_START Set
[17:15:29.591] ---- [Flow] CT_START Set
[17:15:46.063] ---- [Flow] CT_START Set
[17:15:51.824] ---- [Flow] CT_START Set
[17:16:19.487] ---- [Flow] CT_START Set
[17:17:18.174] ---- [Flow] CT_START Set
[17:17:56.609] ---- [Flow] CT_START Set
[17:18:20.308] ---- [Flow] CT_START Set
[17:19:37.288] ---- [Flow] CT_START Set
[17:20:02.424] ---- [Flow] CT_START Set
[17:20:41.201] ---- [Flow] CT_START Set
[17:21:09.072] ---- [Flow] CT_START Set
[17:21:09.154] ---- [Flow] CT_START Set
[17:21:09.225] ---- [Flow] CT_START Set
[17:21:09.288] ---- [Flow] CT_START Set
[17:21:21.477] ---- [Flow] CT_START Set
[17:21:21.556] ---- [Flow] CT_START Set
[17:21:21.637] ---- [Flow] CT_START Set
[17:21:21.719] ---- [Flow] CT_START Set
[17:21:23.853] ---- [Flow] CT_START Set
[17:21:23.915] ---- [Flow] CT_START Set
[17:21:23.985] ---- [Flow] CT_START Set
[17:21:24.793] ---- [Flow] CT_START Set
[17:21:24.859] ---- [Flow] CT_START Set
[17:21:24.926] ---- [Flow] CT_START Set
[17:21:24.992] ---- [Flow] CT_START Set
[17:21:25.059] ---- [Flow] CT_START Set
[17:21:25.125] ---- [Flow] CT_START Set
[17:21:30.227] ---- [Flow] CT_START Set
[17:21:30.288] ---- [Flow] CT_START Set
[17:21:32.030] ---- [Flow] CT_START Set
[17:21:32.169] ---- [Flow] CT_START Set
[17:21:32.307] ---- [Flow] CT_START Set
[17:21:32.389] ---- [Flow] CT_START Set
[17:21:37.483] ---- [Flow] CT_START Set
[17:21:57.509] ---- [Flow] CT_START Set
[17:24:54.371] ---- [Flow] CT_START Set
[17:45:13.457] ---- [Flow] CT_START Set
[17:45:19.713] ---- [Flow] CT_START Set
[17:45:23.349] ---- [Flow] CT_START Set
[17:45:38.985] ---- [Flow] CT_START Set
[17:52:36.750] ---- [Flow] CT_START Set
[17:52:38.281] ---- [Flow] CT_START Set
[17:52:42.870] ---- [Flow] CT_START Set
[17:52:47.521] ---- [Flow] CT_START Set
[17:53:59.193] ---- [Flow] CT_START Set
[17:54:09.229] ---- [Flow] CT_STOP Set
[17:54:09.251] ---- [Event] Auto : CT_STOP
[17:54:09.251] --------- [Monitor] StopTasks() : before m_stopped
[17:54:09.373] ---- [Flow] CT_STOP Set
[17:54:09.424] ---- [Flow] CT_STOP Set
[17:54:09.689] --------- [Monitor] StopTasks() : m_stopped
[17:54:09.689] [m_nState] AutoStop State
[17:54:10.479] ---- [Flow] CT_STOP Set
[17:54:11.137] ---- [Flow] CT_START Set
[17:54:11.158] ---- [Event] AutoStop : CT_START
[17:54:11.158] [m_nState] Auto State
[17:55:13.599] ---- [Flow] CT_START Set
[17:56:44.074] ---- [Flow] CT_START Set
[18:03:27.861] ---- [Flow] CT_START Set
[18:14:09.743] ---- [Flow] CT_START Set
[18:14:22.952] ---- [Flow] CT_START Set
[18:22:49.172] ---- [Flow] CT_START Set
[18:23:02.382] ---- [Flow] CT_START Set
[18:23:30.337] ---- [Flow] CT_START Set
[18:23:40.525] ---- [Flow] CT_START Set
[18:27:12.333] ---- [Flow] CT_START Set
[18:27:32.033] ---- [Flow] CT_START Set
[18:27:49.451] ---- [Flow] CT_START Set
[18:27:53.186] ---- [Flow] CT_START Set
[18:27:53.707] ---- [Flow] CT_START Set
[18:28:01.089] ---- [Flow] CT_START Set
[18:28:04.241] ---- [Flow] CT_START Set
[18:31:58.072] ---- [Flow] CT_START Set
[18:34:43.926] ---- [Flow] CT_START Set
[18:34:52.236] ---- [Flow] CT_START Set
[18:35:01.519] ---- [Flow] CT_START Set
[18:44:05.703] ---- [Flow] CT_START Set
[18:46:47.097] ---- [Flow] CT_START Set
[18:47:39.066] ---- [Flow] CT_START Set
[18:50:56.109] ---- [Flow] CT_START Set
[18:56:02.217] ---- [Flow] CT_START Set
[18:57:20.377] ---- [Flow] CT_START Set
[19:00:09.223] ---- [Flow] CT_STOP Set
[19:00:09.244] ---- [Event] Auto : CT_STOP
[19:00:09.244] --------- [Monitor] StopTasks() : before m_stopped
[19:00:09.294] ---- [Flow] CT_STOP Set
[19:00:09.394] --------- [Monitor] StopTasks() : m_stopped
[19:00:09.394] [m_nState] AutoStop State
[19:18:57.461] ---- [Flow] CT_START Set
[19:18:57.482] ---- [Event] AutoStop : CT_START
[19:18:57.482] [m_nState] Auto State
[19:18:58.732] ---- [Flow] CT_START Set
[19:24:05.856] ---- [Flow] CT_START Set
[19:24:50.446] ---- [Flow] CT_START Set
[19:31:12.825] ---- [Flow] CT_START Set
[19:31:34.436] ---- [Flow] CT_START Set
[19:40:24.149] ---- [Flow] CT_START Set
[19:42:21.215] ---- [Flow] CT_START Set
[20:02:16.613] ---- [Flow] CT_START Set
[20:13:55.366] ---- [Flow] CT_STOP Set
[20:13:55.388] ---- [Event] Auto : CT_STOP
[20:13:55.388] --------- [Monitor] StopTasks() : before m_stopped
[20:13:55.434] ---- [Flow] CT_STOP Set
[20:13:55.441] --------- [Monitor] StopTasks() : m_stopped
[20:13:55.442] [m_nState] AutoStop State
[20:13:55.470] ---- [Flow] CT_STOP Set
[20:46:54.208] ---- [Flow] CT_START Set
[20:46:54.229] ---- [Event] AutoStop : CT_START
[20:46:54.229] [m_nState] Auto State
[20:46:55.372] ---- [Flow] CT_START Set
[20:46:56.748] ---- [Flow] CT_STOP Set
[20:46:56.770] ---- [Event] Auto : CT_STOP
[20:46:56.770] --------- [Monitor] StopTasks() : before m_stopped
[20:46:56.807] --------- [Monitor] StopTasks() : m_stopped
[20:46:56.808] [m_nState] AutoStop State
[20:47:06.202] ---- [Flow] CT_START Set
[20:47:06.224] ---- [Event] AutoStop : CT_START
[20:47:06.224] [m_nState] Auto State
[20:47:31.577] ---- [Flow] CT_START Set
[20:47:57.336] ---- [Flow] CT_START Set
[21:17:01.550] ---- [Flow] CT_START Set
[21:17:32.547] ---- [Flow] CT_START Set
[21:17:52.741] ---- [Flow] CT_START Set
[21:47:29.097] ---- [Flow] CT_START Set
[21:48:08.083] ---- [Flow] CT_START Set
[21:55:19.608] ---- [Flow] CT_START Set
[22:03:49.389] ---- [Flow] CT_START Set
[22:04:35.299] ---- [Flow] CT_START Set
[22:15:37.496] ---- [Flow] CT_START Set
[22:22:58.616] ---- [Flow] CT_START Set
[22:22:58.949] ---- [Flow] CT_START Set
[22:23:02.303] ---- [Flow] CT_START Set
[22:23:02.587] ---- [Flow] CT_START Set
[22:29:36.917] ---- [Flow] CT_START Set
[22:36:21.291] ---- [Flow] CT_START Set
[22:47:34.848] ---- [Flow] CT_START Set
[22:55:52.630] ---- [Flow] CT_START Set
[22:57:01.023] ---- [Flow] CT_START Set
[23:10:00.724] ---- [Flow] CT_START Set
[23:20:24.725] ---- [Flow] CT_START Set
[23:20:41.644] ---- [Flow] CT_STOP Set
[23:20:41.667] ---- [Event] Auto : CT_STOP
[23:20:41.667] --------- [Monitor] StopTasks() : before m_stopped
[23:20:41.710] ---- [Flow] CT_STOP Set
[23:20:41.752] ---- [Flow] CT_STOP Set
[23:20:41.789] ---- [Flow] CT_STOP Set
[23:20:41.856] --------- [Monitor] StopTasks() : m_stopped
[23:20:41.857] [m_nState] AutoStop State
[23:27:12.728] ---- [Flow] CT_START Set
[23:27:12.750] ---- [Event] AutoStop : CT_START
[23:27:12.750] [m_nState] Auto State
[23:27:14.354] ---- [Flow] CT_START Set
[23:29:43.597] ---- [Flow] CT_STOP Set
[23:29:43.618] ---- [Event] Auto : CT_STOP
[23:29:43.618] --------- [Monitor] StopTasks() : before m_stopped
[23:29:43.660] ---- [Flow] CT_STOP Set
[23:29:43.689] --------- [Monitor] StopTasks() : m_stopped
[23:29:43.689] [m_nState] AutoStop State
[23:29:43.697] ---- [Flow] CT_STOP Set
[23:30:16.313] ---- [Flow] CT_START Set
[23:30:16.335] ---- [Event] AutoStop : CT_START
[23:30:16.335] [m_nState] Auto State
[23:30:20.105] ---- [Flow] CT_START Set
[23:30:31.416] ---- [Flow] CT_START Set
[23:30:40.260] ---- [Flow] CT_START Set
[23:30:52.012] ---- [Flow] CT_START Set
[23:31:05.871] ---- [Flow] CT_START Set
[23:38:57.899] ---- [Flow] CT_START Set
[23:39:09.895] ---- [Flow] CT_START Set
