[01:49:27.944] ---- [Flow] CT_START Set
[01:49:28.290] ---- [Flow] CT_START Set
[01:49:29.103] ---- [Flow] CT_START Set
[01:49:29.759] ---- [Flow] CT_START Set
[01:49:30.115] ---- [Flow] CT_START Set
[01:49:30.987] ---- [Flow] CT_START Set
[01:49:31.635] ---- [Flow] CT_START Set
[01:49:31.990] ---- [Flow] CT_START Set
[01:49:32.877] ---- [Flow] CT_START Set
[01:49:33.791] ---- [Flow] CT_START Set
[01:49:34.537] ---- [Flow] CT_START Set
[01:49:34.910] ---- [Flow] CT_START Set
[01:49:35.488] ---- [Flow] CT_START Set
[01:50:21.698] ---- [Flow] CT_START Set
[01:57:08.538] ---- [Flow] CT_STOP Set
[01:57:08.559] ---- [Event] Auto : CT_STOP
[01:57:08.559] --------- [Monitor] StopTasks() : before m_stopped
[01:57:08.603] ---- [Flow] CT_STOP Set
[01:57:08.787] --------- [Monitor] StopTasks() : m_stopped
[01:57:08.787] [m_nState] AutoStop State
[01:57:10.387] ---- [Flow] CT_START Set
[01:57:10.409] ---- [Event] AutoStop : CT_START
[01:57:10.409] [m_nState] Auto State
[01:57:16.230] ---- [Flow] CT_START Set
[01:57:23.192] ---- [Flow] CT_START Set
[01:57:25.081] ---- [Flow] CT_START Set
[02:20:17.583] ---- [Flow] CT_START Set
[02:20:45.358] ---- [Flow] CT_START Set
[02:20:45.605] ---- [Flow] CT_START Set
[02:20:46.587] ---- [Flow] CT_START Set
[02:20:46.847] ---- [Flow] CT_START Set
[02:20:47.593] ---- [Flow] CT_START Set
[02:20:48.343] ---- [Flow] CT_START Set
[02:20:48.690] ---- [Flow] CT_START Set
[02:25:36.581] ---- [Flow] CT_START Set
[02:25:42.779] ---- [Flow] CT_START Set
[02:25:43.038] ---- [Flow] CT_START Set
[02:30:20.513] ---- [Flow] CT_STOP Set
[02:30:20.535] ---- [Event] Auto : CT_STOP
[02:30:20.535] --------- [Monitor] StopTasks() : before m_stopped
[02:30:20.905] --------- [Monitor] StopTasks() : m_stopped
[02:30:20.905] [m_nState] AutoStop State
[03:12:45.236] ---- [Flow] CT_START Set
[03:12:45.257] ---- [Event] AutoStop : CT_START
[03:12:45.257] [m_nState] Auto State
[03:12:46.236] ---- [Flow] CT_START Set
[03:23:16.264] ---- [Flow] CT_START Set
[03:23:24.685] ---- [Flow] CT_START Set
[03:23:25.003] ---- [Flow] CT_START Set
[03:23:25.682] ---- [Flow] CT_START Set
[03:23:25.876] ---- [Flow] CT_START Set
[03:23:26.686] ---- [Flow] CT_START Set
[03:23:27.361] ---- [Flow] CT_START Set
[03:32:18.046] ---- [Flow] CT_START Set
[03:39:09.080] ---- [Flow] CT_START Set
[03:43:29.713] ---- [Flow] CT_START Set
[04:09:49.601] ---- [Flow] CT_STOP Set
[04:09:49.623] ---- [Event] Auto : CT_STOP
[04:09:49.623] --------- [Monitor] StopTasks() : before m_stopped
[04:09:49.629] --------- [Monitor] StopTasks() : m_stopped
[04:09:49.629] [m_nState] AutoStop State
[06:40:46.992] ---- [Flow] CT_START Set
[06:40:47.013] ---- [Event] AutoStop : CT_START
[06:40:47.013] [m_nState] Auto State
[06:40:47.963] ---- [Flow] CT_START Set
[06:55:38.427] ---- [Flow] CT_STOP Set
[06:55:38.449] ---- [Event] Auto : CT_STOP
[06:55:38.449] --------- [Monitor] StopTasks() : before m_stopped
[06:55:40.418] --------- [Monitor] StopTasks() : m_stopped
[06:55:40.419] [m_nState] AutoStop State
[06:57:58.259] ---- [Flow] CT_START Set
[06:57:58.281] ---- [Event] AutoStop : CT_START
[06:57:58.281] [m_nState] Auto State
[06:57:58.789] ---- [Flow] CT_START Set
[07:06:50.633] ---- [Flow] CT_START Set
[07:06:59.350] ---- [Flow] CT_START Set
[07:07:17.833] ---- [Flow] CT_START Set
[07:16:28.505] ---- [Flow] CT_START Set
[07:23:14.715] ---- [Flow] CT_START Set
[07:25:39.994] ---- [Flow] CT_START Set
[07:25:40.508] ---- [Flow] CT_START Set
[07:25:43.202] ---- [Flow] CT_START Set
[07:25:43.472] ---- [Flow] CT_START Set
[07:33:02.181] ---- [Flow] CT_START Set
[07:42:59.979] ---- [Flow] CT_START Set
[07:43:02.546] ---- [Flow] CT_START Set
[07:50:18.117] ---- [Flow] CT_START Set
[07:50:18.541] ---- [Flow] CT_START Set
[08:34:03.435] ---- [Flow] CT_START Set
[08:34:17.787] ---- [Flow] CT_START Set
[08:47:29.601] ---- [Flow] CT_START Set
[09:13:56.256] ---- [Flow] CT_START Set
[09:14:01.052] ---- [Flow] CT_START Set
[09:25:44.757] ---- [Flow] CT_START Set
[09:30:40.868] ---- [Flow] CT_STOP Set
[09:30:40.889] ---- [Event] Auto : CT_STOP
[09:30:40.889] --------- [Monitor] StopTasks() : before m_stopped
[09:30:40.943] --------- [Monitor] StopTasks() : m_stopped
[09:30:40.943] [m_nState] AutoStop State
[09:35:16.917] ---- [Flow] CT_START Set
[09:35:16.938] ---- [Event] AutoStop : CT_START
[09:35:16.938] [m_nState] Auto State
[09:35:17.681] ---- [Flow] CT_START Set
[09:50:51.242] ---- [Flow] CT_START Set
[10:10:10.667] ---- [Flow] CT_START Set
[10:18:46.358] ---- [Flow] CT_START Set
[10:18:48.588] ---- [Flow] CT_START Set
[10:18:48.919] ---- [Flow] CT_START Set
[10:25:33.295] ---- [Flow] CT_START Set
[10:25:33.696] ---- [Flow] CT_START Set
[11:21:03.056] ---- [Flow] CT_START Set
[11:21:03.359] ---- [Flow] CT_START Set
[11:30:50.715] ---- [Flow] CT_START Set
[11:30:59.749] ---- [Flow] CT_START Set
[11:42:56.350] ---- [Flow] CT_START Set
[11:42:56.683] ---- [Flow] CT_START Set
[11:43:02.315] ---- [Flow] CT_START Set
[11:43:06.938] ---- [Flow] CT_START Set
[11:45:09.742] ---- [Flow] CT_STOP Set
[11:45:09.763] ---- [Event] Auto : CT_STOP
[11:45:09.763] --------- [Monitor] StopTasks() : before m_stopped
[11:45:09.882] --------- [Monitor] StopTasks() : m_stopped
[11:45:09.882] [m_nState] AutoStop State
[12:18:23.792] ---- [Flow] CT_START Set
[12:18:23.813] ---- [Event] AutoStop : CT_START
[12:18:23.813] [m_nState] Auto State
[12:22:45.443] ---- [Flow] CT_START Set
[13:10:27.636] ---- [Flow] CT_START Set
[13:10:30.920] ---- [Flow] CT_START Set
[13:29:12.069] ---- [Flow] CT_START Set
[13:31:03.573] ---- [Flow] CT_START Set
[13:31:04.018] ---- [Flow] CT_START Set
[13:31:13.896] ---- [Flow] CT_START Set
[13:48:26.780] ---- [Flow] CT_START Set
[13:48:32.548] ---- [Flow] CT_START Set
[13:48:44.573] ---- [Flow] CT_START Set
[13:57:32.976] ---- [Flow] CT_START Set
[13:57:35.223] ---- [Flow] CT_START Set
[13:57:38.113] ---- [Flow] CT_START Set
[13:57:41.332] ---- [Flow] CT_START Set
[14:11:50.651] ---- [Flow] CT_START Set
[14:11:52.770] ---- [Flow] CT_START Set
[14:20:14.286] ---- [Flow] CT_STOP Set
[14:20:14.307] ---- [Event] Auto : CT_STOP
[14:20:14.307] --------- [Monitor] StopTasks() : before m_stopped
[14:20:16.390] --------- [Monitor] StopTasks() : m_stopped
[14:20:16.390] [m_nState] AutoStop State
[14:29:07.231] ---- [Flow] CT_START Set
[14:29:07.253] ---- [Event] AutoStop : CT_START
[14:29:07.253] [m_nState] Auto State
[14:29:07.990] ---- [Flow] CT_START Set
[14:32:50.878] ---- [Flow] CT_START Set
[14:33:06.910] ---- [Flow] CT_START Set
[14:39:59.417] ---- [Flow] CT_START Set
[14:46:51.418] ---- [Flow] CT_START Set
[14:47:15.372] ---- [Flow] CT_START Set
[16:00:14.462] ---- [Flow] CT_START Set
[16:41:37.473] ---- [Flow] CT_STOP Set
[16:41:37.495] ---- [Event] Auto : CT_STOP
[16:41:37.495] --------- [Monitor] StopTasks() : before m_stopped
[16:41:37.641] --------- [Monitor] StopTasks() : m_stopped
[16:41:37.641] [m_nState] AutoStop State
[16:41:44.594] ---- [Flow] CT_START Set
[16:41:44.616] ---- [Event] AutoStop : CT_START
[16:41:44.616] [m_nState] Auto State
[16:41:55.600] ---- [Flow] CT_START Set
[16:42:03.320] ---- [Flow] CT_STOP Set
[16:42:03.341] ---- [Event] Auto : CT_STOP
[16:42:03.341] --------- [Monitor] StopTasks() : before m_stopped
[16:42:03.423] --------- [Monitor] StopTasks() : m_stopped
[16:42:03.423] [m_nState] AutoStop State
[16:42:09.571] ---- [Flow] CT_START Set
[16:42:09.592] ---- [Event] AutoStop : CT_START
[16:42:09.592] [m_nState] Auto State
[16:43:54.201] ---- [Flow] CT_STOP Set
[16:43:54.222] ---- [Event] Auto : CT_STOP
[16:43:54.222] --------- [Monitor] StopTasks() : before m_stopped
[16:43:54.236] --------- [Monitor] StopTasks() : m_stopped
[16:43:54.236] [m_nState] AutoStop State
[16:43:58.583] ---- [Flow] CT_START Set
[16:43:58.604] ---- [Event] AutoStop : CT_START
[16:43:58.604] [m_nState] Auto State
[16:55:52.719] ---- [Flow] CT_STOP Set
[16:55:52.741] ---- [Event] Auto : CT_STOP
[16:55:52.741] --------- [Monitor] StopTasks() : before m_stopped
[16:55:52.748] --------- [Monitor] StopTasks() : m_stopped
[16:55:52.748] [m_nState] AutoStop State
[16:55:52.839] ---- [Flow] CT_STOP Set
[16:56:41.739] ---- [Flow] CT_START Set
[16:56:41.760] ---- [Event] AutoStop : CT_START
[16:56:41.760] [m_nState] Auto State
[16:56:43.183] ---- [Flow] CT_STOP Set
[16:56:43.206] ---- [Event] Auto : CT_STOP
[16:56:43.206] --------- [Monitor] StopTasks() : before m_stopped
[16:56:43.206] --------- [Monitor] StopTasks() : m_stopped
[16:56:43.206] [m_nState] AutoStop State
[16:57:02.093] ---- [Flow] CT_START Set
[16:57:02.115] ---- [Event] AutoStop : CT_START
[16:57:02.115] [m_nState] Auto State
[16:57:03.063] ---- [Flow] CT_STOP Set
[16:57:03.085] ---- [Event] Auto : CT_STOP
[16:57:03.085] --------- [Monitor] StopTasks() : before m_stopped
[16:57:03.186] ---- [Flow] CT_STOP Set
[16:57:03.239] ---- [Flow] CT_STOP Set
[16:57:03.295] ---- [Flow] CT_STOP Set
[16:57:03.424] ---- [Flow] CT_STOP Set
[16:57:03.464] ---- [Flow] CT_STOP Set
[16:57:03.512] ---- [Flow] CT_STOP Set
[16:57:03.566] --------- [Monitor] StopTasks() : m_stopped
[16:57:03.566] [m_nState] AutoStop State
[16:57:29.058] ---- [Flow] CT_ABORT Set
[16:57:29.109] [m_nState] Init State
[16:57:29.120] ---- [Monitor] Init : m_idle
[16:57:29.141] ---- [Event] Init : CT_IDLE
[16:57:29.141] [m_nState] Idle State
[16:57:30.220] ---- [Flow] CT_START Set
[16:57:30.243] ---- [Event] Idle : CT_START
[16:57:30.243] [m_nState] Auto State
[16:57:31.646] ---- [Flow] CT_START Set
[16:57:58.712] ---- [Flow] CT_START Set
[17:00:09.564] ---- [Flow] CT_START Set
[17:01:40.054] ---- [Flow] CT_START Set
[17:02:09.595] ---- [Flow] CT_START Set
[17:02:15.964] ---- [Flow] CT_START Set
[17:33:23.042] ---- [Flow] CT_START Set
[17:33:45.489] ---- [Flow] CT_START Set
[17:38:08.187] ---- [Flow] CT_START Set
[18:01:15.787] ---- [Flow] CT_STOP Set
[18:01:15.808] ---- [Event] Auto : CT_STOP
[18:01:15.808] --------- [Monitor] StopTasks() : before m_stopped
[18:01:15.810] --------- [Monitor] StopTasks() : m_stopped
[18:01:15.811] [m_nState] AutoStop State
[18:01:15.841] ---- [Flow] CT_STOP Set
[18:01:22.611] ---- [Flow] CT_START Set
[18:01:22.632] ---- [Event] AutoStop : CT_START
[18:01:22.632] [m_nState] Auto State
[18:01:25.692] ---- [Flow] CT_STOP Set
[18:01:25.713] ---- [Event] Auto : CT_STOP
[18:01:25.713] --------- [Monitor] StopTasks() : before m_stopped
[18:01:25.717] --------- [Monitor] StopTasks() : m_stopped
[18:01:25.717] [m_nState] AutoStop State
[18:01:25.746] ---- [Flow] CT_STOP Set
[18:01:25.782] ---- [Flow] CT_STOP Set
[18:01:25.814] ---- [Flow] CT_STOP Set
[18:10:44.403] ---- [Flow] CT_STOP Set
[18:46:17.788] ---- [Flow] CT_START Set
[18:46:17.809] ---- [Event] AutoStop : CT_START
[18:46:17.809] [m_nState] Auto State
[18:46:18.546] ---- [Flow] CT_START Set
[18:50:56.838] ---- [Flow] CT_STOP Set
[18:50:56.860] ---- [Event] Auto : CT_STOP
[18:50:56.860] --------- [Monitor] StopTasks() : before m_stopped
[18:50:56.874] --------- [Monitor] StopTasks() : m_stopped
[18:50:56.874] [m_nState] AutoStop State
[18:50:56.965] ---- [Flow] CT_STOP Set
[18:50:57.003] ---- [Flow] CT_STOP Set
[18:59:03.849] ---- [Flow] CT_START Set
[18:59:03.871] ---- [Event] AutoStop : CT_START
[18:59:03.871] [m_nState] Auto State
[18:59:04.821] ---- [Flow] CT_START Set
[21:23:07.050] ---- [Flow] CT_STOP Set
[21:23:07.072] ---- [Event] Auto : CT_STOP
[21:23:07.072] --------- [Monitor] StopTasks() : before m_stopped
[21:23:07.131] --------- [Monitor] StopTasks() : m_stopped
[21:23:07.131] [m_nState] AutoStop State
[21:29:59.826] ---- [Flow] CT_START Set
[21:29:59.847] ---- [Event] AutoStop : CT_START
[21:29:59.847] [m_nState] Auto State
[21:30:00.457] ---- [Flow] CT_START Set
[22:47:25.058] ---- [Flow] CT_START Set
[22:47:27.523] ---- [Flow] CT_START Set
[22:48:36.224] ---- [Flow] CT_START Set
[23:21:31.393] ---- [Flow] CT_STOP Set
[23:21:31.416] ---- [Event] Auto : CT_STOP
[23:21:31.416] --------- [Monitor] StopTasks() : before m_stopped
[23:21:31.437] --------- [Monitor] StopTasks() : m_stopped
[23:21:31.437] [m_nState] AutoStop State
[23:21:31.482] ---- [Flow] CT_STOP Set
[23:22:20.195] ---- [Flow] CT_START Set
[23:22:20.216] ---- [Event] AutoStop : CT_START
[23:22:20.216] [m_nState] Auto State
[23:22:21.266] ---- [Flow] CT_START Set
[23:23:06.493] ---- [Flow] CT_STOP Set
[23:23:06.514] ---- [Event] Auto : CT_STOP
[23:23:06.514] --------- [Monitor] StopTasks() : before m_stopped
[23:23:08.885] --------- [Monitor] StopTasks() : m_stopped
[23:23:08.885] [m_nState] AutoStop State
[23:29:47.520] ---- [Flow] CT_START Set
[23:29:47.542] ---- [Event] AutoStop : CT_START
[23:29:47.542] [m_nState] Auto State
[23:29:48.148] ---- [Flow] CT_START Set
[23:55:59.268] ---- [Flow] CT_START Set
