[08:32:59.172] ---- [Flow] CT_START Set
[08:32:59.195] ---- [Event] AutoStop : CT_START
[08:32:59.196] [m_nState] Auto State
[08:32:59.982] ---- [Flow] CT_START Set
[08:35:28.602] ---- [Flow] CT_START Set
[08:38:55.761] ---- [Flow] CT_STOP Set
[08:38:55.783] ---- [Event] Auto : CT_STOP
[08:38:55.784] --------- [Monitor] StopTasks() : before m_stopped
[08:38:56.299] --------- [Monitor] StopTasks() : m_stopped
[08:38:56.300] [m_nState] AutoStop State
[08:39:06.047] ---- [Flow] CT_START Set
[08:39:06.069] ---- [Event] AutoStop : CT_START
[08:39:06.070] [m_nState] Auto State
[08:39:08.144] ---- [Flow] CT_START Set
[08:39:38.228] ---- [Flow] CT_START Set
[08:39:44.634] ---- [Flow] CT_START Set
[08:39:48.286] ---- [Flow] CT_START Set
[08:42:09.604] ---- [Flow] CT_START Set
[08:42:48.225] ---- [Flow] CT_START Set
[08:43:07.370] ---- [Flow] CT_START Set
[08:43:10.413] ---- [Flow] CT_START Set
[08:43:10.766] ---- [Flow] CT_START Set
[08:43:12.056] ---- [Flow] CT_START Set
[08:43:12.387] ---- [Flow] CT_START Set
[08:43:28.352] ---- [Flow] CT_START Set
[08:44:03.731] ---- [Flow] CT_START Set
[08:55:51.372] ---- [Flow] CT_STOP Set
[08:55:51.394] ---- [Event] Auto : CT_STOP
[08:55:51.395] --------- [Monitor] StopTasks() : before m_stopped
[08:55:51.425] --------- [Monitor] StopTasks() : m_stopped
[08:55:51.426] [m_nState] AutoStop State
[08:55:53.222] ---- [Flow] CT_START Set
[08:55:53.244] ---- [Event] AutoStop : CT_START
[08:55:53.245] [m_nState] Auto State
[08:55:53.773] ---- [Flow] CT_START Set
[09:07:43.916] ---- [Flow] CT_START Set
[09:07:44.185] ---- [Flow] CT_START Set
[09:07:45.044] ---- [Flow] CT_START Set
[09:10:35.697] ---- [Flow] CT_START Set
[09:10:36.082] ---- [Flow] CT_START Set
[09:35:16.363] ---- [Flow] CT_START Set
[09:35:16.673] ---- [Flow] CT_START Set
[09:35:17.414] ---- [Flow] CT_START Set
[09:35:17.681] ---- [Flow] CT_START Set
[09:35:18.415] ---- [Flow] CT_START Set
[09:41:55.488] ---- [Flow] CT_START Set
[09:42:22.122] ---- [Flow] CT_STOP Set
[09:42:22.144] ---- [Event] Auto : CT_STOP
[09:42:22.145] --------- [Monitor] StopTasks() : before m_stopped
[09:42:23.336] --------- [Monitor] StopTasks() : m_stopped
[09:42:23.337] [m_nState] AutoStop State
[09:42:25.141] ---- [Flow] CT_STOP Set
[09:43:24.470] ---- [Flow] CT_START Set
[09:43:24.492] ---- [Event] AutoStop : CT_START
[09:43:24.493] [m_nState] Auto State
[09:43:24.935] ---- [Flow] CT_START Set
[09:44:59.250] ---- [Flow] CT_START Set
[09:45:00.974] ---- [Flow] CT_START Set
[09:45:08.011] ---- [Flow] CT_START Set
[09:45:28.903] ---- [Flow] CT_START Set
[09:47:23.192] ---- [Flow] CT_START Set
[09:55:14.018] ---- [Flow] CT_STOP Set
[09:55:14.040] ---- [Event] Auto : CT_STOP
[09:55:14.041] --------- [Monitor] StopTasks() : before m_stopped
[09:55:14.085] ---- [Flow] CT_STOP Set
[09:55:14.344] --------- [Monitor] StopTasks() : m_stopped
[09:55:14.345] [m_nState] AutoStop State
[09:55:16.810] ---- [Flow] CT_START Set
[09:55:16.832] ---- [Event] AutoStop : CT_START
[09:55:16.833] [m_nState] Auto State
[09:55:21.855] ---- [Flow] CT_START Set
[10:11:02.901] ---- [Flow] CT_START Set
[10:11:03.166] ---- [Flow] CT_START Set
[10:14:54.707] ---- [Flow] CT_START Set
[10:15:45.212] ---- [Flow] CT_START Set
[10:18:44.956] ---- [Flow] CT_START Set
[10:19:27.617] ---- [Flow] CT_START Set
[10:19:31.579] ---- [Flow] CT_START Set
[10:19:50.008] ---- [Flow] CT_START Set
[10:46:56.335] ---- [Flow] CT_START Set
[10:49:41.945] ---- [Flow] CT_STOP Set
[10:49:41.968] ---- [Event] Auto : CT_STOP
[10:49:41.969] --------- [Monitor] StopTasks() : before m_stopped
[10:49:44.896] --------- [Monitor] StopTasks() : m_stopped
[10:49:44.897] [m_nState] AutoStop State
[10:49:47.733] ---- [Flow] CT_START Set
[10:49:47.756] ---- [Event] AutoStop : CT_START
[10:49:47.757] [m_nState] Auto State
[10:49:48.082] ---- [Flow] CT_START Set
[10:54:04.727] ---- [Flow] CT_START Set
[10:57:02.255] ---- [Flow] CT_START Set
[10:57:02.535] ---- [Flow] CT_START Set
[10:57:04.149] ---- [Flow] CT_START Set
[10:57:04.454] ---- [Flow] CT_START Set
[10:57:05.241] ---- [Flow] CT_START Set
[10:57:06.141] ---- [Flow] CT_START Set
[11:02:05.422] ---- [Flow] CT_START Set
[11:02:05.702] ---- [Flow] CT_START Set
[11:02:06.446] ---- [Flow] CT_START Set
[11:02:06.731] ---- [Flow] CT_START Set
[11:02:07.399] ---- [Flow] CT_START Set
[11:02:08.185] ---- [Flow] CT_START Set
[11:09:31.548] ---- [Flow] CT_START Set
[11:09:31.823] ---- [Flow] CT_START Set
[11:09:32.637] ---- [Flow] CT_START Set
[11:14:49.492] ---- [Flow] CT_START Set
[11:14:49.848] ---- [Flow] CT_START Set
[11:14:50.637] ---- [Flow] CT_START Set
[11:14:51.282] ---- [Flow] CT_START Set
[11:14:51.562] ---- [Flow] CT_START Set
[11:17:13.202] ---- [Flow] CT_START Set
[11:17:13.454] ---- [Flow] CT_START Set
[11:17:14.213] ---- [Flow] CT_START Set
[11:17:14.559] ---- [Flow] CT_START Set
[11:17:15.144] ---- [Flow] CT_START Set
[11:17:15.786] ---- [Flow] CT_START Set
[11:17:16.018] ---- [Flow] CT_START Set
[11:17:16.762] ---- [Flow] CT_START Set
[11:17:17.393] ---- [Flow] CT_START Set
[11:17:17.668] ---- [Flow] CT_START Set
[11:17:25.100] ---- [Flow] CT_START Set
[11:27:01.692] ---- [Flow] CT_START Set
[11:27:09.591] ---- [Flow] CT_START Set
[11:27:09.945] ---- [Flow] CT_START Set
[11:27:10.594] ---- [Flow] CT_START Set
[11:27:10.866] ---- [Flow] CT_START Set
[11:27:11.524] ---- [Flow] CT_START Set
[11:27:12.228] ---- [Flow] CT_START Set
[11:27:27.050] ---- [Flow] CT_START Set
[11:27:45.189] ---- [Flow] CT_START Set
[11:47:39.644] ---- [Flow] CT_START Set
[11:47:42.550] ---- [Flow] CT_START Set
[11:47:42.769] ---- [Flow] CT_START Set
[11:47:43.483] ---- [Flow] CT_START Set
[11:47:43.604] ---- [Flow] CT_START Set
[11:47:45.573] ---- [Flow] CT_START Set
[11:47:45.730] ---- [Flow] CT_START Set
[11:47:46.504] ---- [Flow] CT_START Set
[11:47:46.650] ---- [Flow] CT_START Set
[11:48:07.480] ---- [Flow] CT_START Set
[11:48:07.582] ---- [Flow] CT_START Set
[11:48:07.696] ---- [Flow] CT_START Set
[11:48:08.406] ---- [Flow] CT_START Set
[11:48:09.057] ---- [Flow] CT_START Set
[11:48:20.793] ---- [Flow] CT_START Set
[11:48:30.085] ---- [Flow] CT_START Set
[11:48:57.769] ---- [Flow] CT_START Set
[11:48:59.471] ---- [Flow] CT_START Set
[11:49:00.255] ---- [Flow] CT_START Set
[11:49:00.557] ---- [Flow] CT_START Set
[11:49:22.026] ---- [Flow] CT_START Set
[11:49:22.494] ---- [Flow] CT_START Set
[11:49:22.604] ---- [Flow] CT_START Set
[11:49:22.808] ---- [Flow] CT_START Set
[11:49:23.439] ---- [Flow] CT_START Set
[11:49:30.327] ---- [Flow] CT_START Set
[11:49:39.793] ---- [Flow] CT_START Set
[11:54:54.762] ---- [Flow] CT_START Set
[11:54:56.037] ---- [Flow] CT_START Set
[11:54:56.599] ---- [Flow] CT_START Set
[11:54:56.922] ---- [Flow] CT_START Set
[11:54:58.135] ---- [Flow] CT_START Set
[11:54:58.593] ---- [Flow] CT_START Set
[11:54:59.710] ---- [Flow] CT_START Set
[11:55:00.172] ---- [Flow] CT_START Set
[11:55:00.881] ---- [Flow] CT_START Set
[11:55:01.164] ---- [Flow] CT_START Set
[11:55:01.870] ---- [Flow] CT_START Set
[11:55:02.487] ---- [Flow] CT_START Set
[12:00:21.097] ---- [Flow] CT_START Set
[12:08:28.278] ---- [Flow] CT_START Set
[12:08:28.931] ---- [Flow] CT_START Set
[12:08:30.102] ---- [Flow] CT_START Set
[12:08:30.824] ---- [Flow] CT_START Set
[12:08:31.743] ---- [Flow] CT_START Set
[12:08:32.375] ---- [Flow] CT_START Set
[12:08:33.677] ---- [Flow] CT_START Set
[12:08:34.617] ---- [Flow] CT_START Set
[12:08:35.083] ---- [Flow] CT_START Set
[12:08:35.821] ---- [Flow] CT_START Set
[12:08:36.713] ---- [Flow] CT_START Set
[12:08:37.881] ---- [Flow] CT_START Set
[12:08:39.195] ---- [Flow] CT_START Set
[12:08:39.985] ---- [Flow] CT_START Set
[12:08:42.828] ---- [Flow] CT_START Set
[12:08:43.158] ---- [Flow] CT_START Set
[12:47:56.780] ---- [Flow] CT_START Set
[12:47:57.058] ---- [Flow] CT_START Set
[12:50:49.263] ---- [Flow] CT_START Set
[12:50:49.879] ---- [Flow] CT_START Set
[12:50:50.146] ---- [Flow] CT_START Set
[12:50:51.088] ---- [Flow] CT_START Set
[12:50:51.757] ---- [Flow] CT_START Set
[12:50:52.101] ---- [Flow] CT_START Set
[12:50:52.750] ---- [Flow] CT_START Set
[12:50:53.407] ---- [Flow] CT_START Set
[12:50:53.750] ---- [Flow] CT_START Set
[12:50:54.839] ---- [Flow] CT_START Set
[12:50:55.094] ---- [Flow] CT_START Set
[12:50:55.354] ---- [Flow] CT_START Set
[13:03:46.946] ---- [Flow] CT_START Set
[13:03:50.466] ---- [Flow] CT_START Set
[13:03:54.101] ---- [Flow] CT_START Set
[13:04:18.904] ---- [Flow] CT_START Set
[13:06:25.753] ---- [Flow] CT_START Set
[13:06:26.075] ---- [Flow] CT_START Set
[13:06:26.763] ---- [Flow] CT_START Set
[13:06:27.056] ---- [Flow] CT_START Set
[13:06:27.692] ---- [Flow] CT_START Set
[13:06:28.374] ---- [Flow] CT_START Set
[13:06:28.600] ---- [Flow] CT_START Set
[13:11:40.201] ---- [Flow] CT_START Set
[13:16:13.319] ---- [Flow] CT_START Set
[13:16:13.602] ---- [Flow] CT_START Set
[13:20:28.424] ---- [Flow] CT_START Set
[13:20:28.775] ---- [Flow] CT_START Set
[13:20:29.647] ---- [Flow] CT_START Set
[13:20:30.586] ---- [Flow] CT_START Set
[13:20:31.317] ---- [Flow] CT_START Set
[13:20:32.234] ---- [Flow] CT_START Set
[13:20:33.023] ---- [Flow] CT_START Set
[13:20:33.931] ---- [Flow] CT_START Set
[13:20:34.698] ---- [Flow] CT_START Set
[13:20:35.587] ---- [Flow] CT_START Set
[13:20:37.360] ---- [Flow] CT_START Set
[13:23:30.450] ---- [Flow] CT_START Set
[13:23:53.336] ---- [Flow] CT_START Set
[13:23:53.687] ---- [Flow] CT_START Set
[13:23:54.363] ---- [Flow] CT_START Set
[13:23:54.634] ---- [Flow] CT_START Set
[13:23:55.288] ---- [Flow] CT_START Set
[13:23:55.908] ---- [Flow] CT_START Set
[13:23:56.171] ---- [Flow] CT_START Set
[13:24:11.539] ---- [Flow] CT_START Set
[13:24:11.773] ---- [Flow] CT_START Set
[13:24:12.394] ---- [Flow] CT_START Set
[13:24:12.629] ---- [Flow] CT_START Set
[13:24:15.039] ---- [Flow] CT_START Set
[13:24:15.425] ---- [Flow] CT_START Set
[13:24:15.840] ---- [Flow] CT_START Set
[13:24:27.888] ---- [Flow] CT_START Set
[13:24:29.950] ---- [Flow] CT_START Set
[13:24:32.048] ---- [Flow] CT_START Set
[13:24:41.483] ---- [Flow] CT_START Set
[13:24:43.187] ---- [Flow] CT_START Set
[13:28:48.694] ---- [Flow] CT_START Set
[13:28:49.017] ---- [Flow] CT_START Set
[13:28:49.780] ---- [Flow] CT_START Set
[13:28:50.484] ---- [Flow] CT_START Set
[13:28:50.776] ---- [Flow] CT_START Set
[13:28:51.636] ---- [Flow] CT_START Set
[13:28:52.567] ---- [Flow] CT_START Set
[13:28:53.314] ---- [Flow] CT_START Set
[13:28:54.239] ---- [Flow] CT_START Set
[13:28:55.001] ---- [Flow] CT_START Set
[13:28:55.914] ---- [Flow] CT_START Set
[13:29:00.191] ---- [Flow] CT_START Set
[13:30:20.649] ---- [Flow] CT_STOP Set
[13:30:20.672] ---- [Event] Auto : CT_STOP
[13:30:20.673] --------- [Monitor] StopTasks() : before m_stopped
[13:30:20.775] ---- [Flow] CT_STOP Set
[13:30:21.266] --------- [Monitor] StopTasks() : m_stopped
[13:30:21.267] [m_nState] AutoStop State
[13:30:23.111] ---- [Flow] CT_START Set
[13:30:23.134] ---- [Event] AutoStop : CT_START
[13:30:23.135] [m_nState] Auto State
[13:30:23.810] ---- [Flow] CT_START Set
[13:42:31.039] ---- [Flow] CT_START Set
[13:51:15.679] ---- [Flow] CT_START Set
[13:51:16.500] ---- [Flow] CT_START Set
[13:51:16.818] ---- [Flow] CT_START Set
[13:51:17.496] ---- [Flow] CT_START Set
[13:51:17.796] ---- [Flow] CT_START Set
[13:51:19.001] ---- [Flow] CT_START Set
[13:51:19.442] ---- [Flow] CT_START Set
[13:51:22.821] ---- [Flow] CT_START Set
[13:51:26.447] ---- [Flow] CT_START Set
[13:51:26.782] ---- [Flow] CT_START Set
[13:51:27.501] ---- [Flow] CT_START Set
[13:51:28.432] ---- [Flow] CT_START Set
[13:51:29.071] ---- [Flow] CT_START Set
[13:51:29.410] ---- [Flow] CT_START Set
[13:51:30.560] ---- [Flow] CT_START Set
[13:51:30.824] ---- [Flow] CT_START Set
[13:51:31.773] ---- [Flow] CT_START Set
[13:51:32.496] ---- [Flow] CT_START Set
[13:51:33.423] ---- [Flow] CT_START Set
[13:51:34.086] ---- [Flow] CT_START Set
[13:51:55.193] ---- [Flow] CT_START Set
[13:53:49.189] ---- [Flow] CT_START Set
[13:53:49.465] ---- [Flow] CT_START Set
[13:53:50.338] ---- [Flow] CT_START Set
[13:54:14.052] ---- [Flow] CT_START Set
[13:54:14.325] ---- [Flow] CT_START Set
[13:54:15.092] ---- [Flow] CT_START Set
[13:54:15.812] ---- [Flow] CT_START Set
[13:54:16.736] ---- [Flow] CT_START Set
[13:54:17.450] ---- [Flow] CT_START Set
[13:54:18.334] ---- [Flow] CT_START Set
[13:54:18.614] ---- [Flow] CT_START Set
[13:54:19.348] ---- [Flow] CT_START Set
[13:58:48.665] ---- [Flow] CT_START Set
[13:58:57.540] ---- [Flow] CT_START Set
[13:59:38.714] ---- [Flow] CT_START Set
[13:59:38.845] ---- [Flow] CT_START Set
[13:59:38.948] ---- [Flow] CT_START Set
[13:59:39.047] ---- [Flow] CT_START Set
[13:59:39.145] ---- [Flow] CT_START Set
[14:00:25.380] ---- [Flow] CT_START Set
[14:00:25.680] ---- [Flow] CT_START Set
[14:00:25.792] ---- [Flow] CT_START Set
[14:00:25.899] ---- [Flow] CT_START Set
[14:00:26.016] ---- [Flow] CT_START Set
[14:00:26.681] ---- [Flow] CT_START Set
[14:00:26.789] ---- [Flow] CT_START Set
[14:00:26.884] ---- [Flow] CT_START Set
[14:00:26.988] ---- [Flow] CT_START Set
[14:00:27.078] ---- [Flow] CT_START Set
[14:00:27.177] ---- [Flow] CT_START Set
[14:00:27.272] ---- [Flow] CT_START Set
[14:00:27.375] ---- [Flow] CT_START Set
[14:00:27.473] ---- [Flow] CT_START Set
[14:00:27.572] ---- [Flow] CT_START Set
[14:00:27.671] ---- [Flow] CT_START Set
[14:00:27.777] ---- [Flow] CT_START Set
[14:00:27.858] ---- [Flow] CT_START Set
[14:00:27.935] ---- [Flow] CT_START Set
[14:00:28.012] ---- [Flow] CT_START Set
[14:00:28.086] ---- [Flow] CT_START Set
[14:00:28.161] ---- [Flow] CT_START Set
[14:00:28.231] ---- [Flow] CT_START Set
[14:00:28.301] ---- [Flow] CT_START Set
[14:00:29.030] ---- [Flow] CT_START Set
[14:00:29.120] ---- [Flow] CT_START Set
[14:00:29.202] ---- [Flow] CT_START Set
[14:00:29.279] ---- [Flow] CT_START Set
[14:00:29.370] ---- [Flow] CT_START Set
[14:00:30.084] ---- [Flow] CT_START Set
[14:00:30.162] ---- [Flow] CT_START Set
[14:00:31.928] ---- [Flow] CT_START Set
[14:00:32.171] ---- [Flow] CT_START Set
[14:00:45.033] ---- [Flow] CT_START Set
[14:00:45.334] ---- [Flow] CT_START Set
[14:00:45.438] ---- [Flow] CT_START Set
[14:00:45.634] ---- [Flow] CT_START Set
[14:00:46.327] ---- [Flow] CT_START Set
[14:00:46.430] ---- [Flow] CT_START Set
[14:01:03.275] ---- [Flow] CT_START Set
[14:01:03.375] ---- [Flow] CT_START Set
[14:01:03.471] ---- [Flow] CT_START Set
[14:01:03.578] ---- [Flow] CT_START Set
[14:01:03.681] ---- [Flow] CT_START Set
[14:01:03.774] ---- [Flow] CT_START Set
[14:01:03.874] ---- [Flow] CT_START Set
[14:01:03.966] ---- [Flow] CT_START Set
[14:01:04.065] ---- [Flow] CT_START Set
[14:01:07.399] ---- [Flow] CT_START Set
[14:01:07.605] ---- [Flow] CT_START Set
[14:01:18.728] ---- [Flow] CT_START Set
[14:01:18.835] ---- [Flow] CT_START Set
[14:01:28.053] ---- [Flow] CT_START Set
[14:01:28.532] ---- [Flow] CT_START Set
[14:01:30.807] ---- [Flow] CT_START Set
[14:01:31.941] ---- [Flow] CT_START Set
[14:01:32.399] ---- [Flow] CT_START Set
[14:01:32.506] ---- [Flow] CT_START Set
[14:01:32.602] ---- [Flow] CT_START Set
[14:01:32.708] ---- [Flow] CT_START Set
[14:01:32.796] ---- [Flow] CT_START Set
[14:01:33.324] ---- [Flow] CT_START Set
[14:01:33.423] ---- [Flow] CT_START Set
[14:01:33.707] ---- [Flow] CT_START Set
[14:01:33.803] ---- [Flow] CT_START Set
[14:01:34.004] ---- [Flow] CT_START Set
[14:01:34.102] ---- [Flow] CT_START Set
[14:01:48.013] ---- [Flow] CT_START Set
[14:01:48.238] ---- [Flow] CT_START Set
[14:01:48.333] ---- [Flow] CT_START Set
[14:01:48.431] ---- [Flow] CT_START Set
[14:01:48.555] ---- [Flow] CT_START Set
[14:02:03.224] ---- [Flow] CT_START Set
[14:02:03.878] ---- [Flow] CT_START Set
[14:02:04.071] ---- [Flow] CT_START Set
[14:02:06.382] ---- [Flow] CT_START Set
[14:03:01.612] ---- [Flow] CT_STOP Set
[14:03:01.635] ---- [Event] Auto : CT_STOP
[14:03:01.636] --------- [Monitor] StopTasks() : before m_stopped
[14:03:01.845] ---- [Flow] CT_STOP Set
[14:03:02.487] --------- [Monitor] StopTasks() : m_stopped
[14:03:02.488] [m_nState] AutoStop State
[14:40:49.372] ---- [Flow] CT_START Set
[14:40:49.394] ---- [Event] AutoStop : CT_START
[14:40:49.395] [m_nState] Auto State
[14:40:50.044] ---- [Flow] CT_START Set
[14:40:54.050] ---- [Flow] CT_START Set
[14:40:54.137] ---- [Flow] CT_START Set
[14:41:14.692] ---- [Flow] CT_START Set
[14:41:14.775] ---- [Flow] CT_START Set
[14:41:14.853] ---- [Flow] CT_START Set
[14:41:14.935] ---- [Flow] CT_START Set
[14:41:15.032] ---- [Flow] CT_START Set
[14:41:15.745] ---- [Flow] CT_START Set
[14:41:15.848] ---- [Flow] CT_START Set
[14:41:15.946] ---- [Flow] CT_START Set
[14:42:46.035] ---- [Flow] CT_START Set
[14:42:47.104] ---- [Flow] CT_START Set
[14:43:00.762] ---- [Flow] CT_START Set
[14:43:00.841] ---- [Flow] CT_START Set
[14:43:01.006] ---- [Flow] CT_START Set
[14:43:01.179] ---- [Flow] CT_START Set
[14:43:01.254] ---- [Flow] CT_START Set
[14:43:01.424] ---- [Flow] CT_START Set
[14:43:01.926] ---- [Flow] CT_START Set
[14:43:02.334] ---- [Flow] CT_START Set
[14:43:05.286] ---- [Flow] CT_START Set
[14:43:07.977] ---- [Flow] CT_START Set
[14:43:08.077] ---- [Flow] CT_START Set
[14:43:29.559] ---- [Flow] CT_START Set
[14:43:43.880] ---- [Flow] CT_START Set
[14:45:55.354] ---- [Flow] CT_START Set
[14:47:35.611] ---- [Flow] CT_START Set
[14:47:35.916] ---- [Flow] CT_START Set
[14:47:36.687] ---- [Flow] CT_START Set
[14:47:37.356] ---- [Flow] CT_START Set
[14:47:37.641] ---- [Flow] CT_START Set
[14:52:28.575] ---- [Flow] CT_START Set
[14:52:28.830] ---- [Flow] CT_START Set
[14:56:02.381] ---- [Flow] CT_START Set
[14:56:02.690] ---- [Flow] CT_START Set
[14:56:03.401] ---- [Flow] CT_START Set
[14:56:03.745] ---- [Flow] CT_START Set
[14:57:30.303] ---- [Flow] CT_START Set
[15:02:37.225] ---- [Flow] CT_START Set
[15:03:03.380] ---- [Flow] CT_START Set
[15:03:04.068] ---- [Flow] CT_START Set
[15:03:04.440] ---- [Flow] CT_START Set
[15:03:04.738] ---- [Flow] CT_START Set
[15:03:25.178] ---- [Flow] CT_START Set
[15:03:28.176] ---- [Flow] CT_START Set
[15:03:59.060] ---- [Flow] CT_START Set
[15:04:06.602] ---- [Flow] CT_START Set
[15:04:40.868] ---- [Flow] CT_START Set
[15:07:02.823] ---- [Flow] CT_START Set
[15:07:03.079] ---- [Flow] CT_START Set
[15:18:41.106] ---- [Flow] CT_START Set
[15:22:14.168] ---- [Flow] CT_START Set
[15:22:38.602] ---- [Flow] CT_START Set
[15:22:38.965] ---- [Flow] CT_START Set
[15:22:39.667] ---- [Flow] CT_START Set
[15:37:57.640] ---- [Flow] CT_START Set
[15:37:58.374] ---- [Flow] CT_START Set
[15:37:58.744] ---- [Flow] CT_START Set
[15:37:59.450] ---- [Flow] CT_START Set
[15:37:59.820] ---- [Flow] CT_START Set
[15:38:00.537] ---- [Flow] CT_START Set
[15:38:01.316] ---- [Flow] CT_START Set
[15:38:02.707] ---- [Flow] CT_START Set
[15:38:03.168] ---- [Flow] CT_START Set
[15:38:03.876] ---- [Flow] CT_START Set
[15:40:24.243] ---- [Flow] CT_START Set
[15:40:24.496] ---- [Flow] CT_START Set
[15:41:05.122] ---- [Flow] CT_START Set
[15:41:05.402] ---- [Flow] CT_START Set
[15:41:06.176] ---- [Flow] CT_START Set
[15:41:07.041] ---- [Flow] CT_START Set
[15:47:11.597] ---- [Flow] CT_START Set
[16:04:25.221] ---- [Flow] CT_START Set
[16:04:43.364] ---- [Flow] CT_START Set
[16:05:04.199] ---- [Flow] CT_START Set
[16:05:04.431] ---- [Flow] CT_START Set
[16:05:08.732] ---- [Flow] CT_START Set
[16:05:14.852] ---- [Flow] CT_START Set
[16:12:09.410] ---- [Flow] CT_START Set
[16:12:09.745] ---- [Flow] CT_START Set
[16:16:07.280] ---- [Flow] CT_START Set
[16:16:07.599] ---- [Flow] CT_START Set
[16:31:30.749] ---- [Flow] CT_START Set
[16:33:53.772] ---- [Flow] CT_START Set
[16:34:14.619] ---- [Flow] CT_START Set
[17:05:51.632] ---- [Flow] CT_START Set
[17:13:36.832] ---- [Flow] CT_START Set
[17:13:37.103] ---- [Flow] CT_START Set
[17:13:37.899] ---- [Flow] CT_START Set
[17:13:38.609] ---- [Flow] CT_START Set
[17:13:38.892] ---- [Flow] CT_START Set
[17:13:39.761] ---- [Flow] CT_START Set
[17:14:47.373] ---- [Flow] CT_START Set
[17:14:47.703] ---- [Flow] CT_START Set
[17:14:48.419] ---- [Flow] CT_START Set
[17:14:48.670] ---- [Flow] CT_START Set
[17:14:49.441] ---- [Flow] CT_START Set
[17:57:22.793] ---- [Flow] CT_STOP Set
[17:57:22.815] ---- [Event] Auto : CT_STOP
[17:57:22.816] --------- [Monitor] StopTasks() : before m_stopped
[17:57:22.842] --------- [Monitor] StopTasks() : m_stopped
[17:57:22.843] [m_nState] AutoStop State
[21:01:39.411] ---- [Flow] CT_START Set
[21:01:39.434] ---- [Event] AutoStop : CT_START
[21:01:39.435] [m_nState] Auto State
[21:01:40.385] ---- [Flow] CT_START Set
[21:15:17.583] ---- [Flow] CT_START Set
[21:15:27.662] ---- [Flow] CT_START Set
[21:19:27.202] ---- [Flow] CT_START Set
[21:22:52.135] ---- [Flow] CT_START Set
[21:46:55.927] ---- [Flow] CT_START Set
[21:46:56.175] ---- [Flow] CT_START Set
[21:47:20.073] ---- [Flow] CT_START Set
[21:47:23.756] ---- [Flow] CT_START Set
[21:47:31.468] ---- [Flow] CT_START Set
[21:47:42.626] ---- [Flow] CT_START Set
[21:47:42.810] ---- [Flow] CT_START Set
[21:48:00.486] ---- [Flow] CT_START Set
[21:48:00.688] ---- [Flow] CT_START Set
[21:48:13.598] ---- [Flow] CT_START Set
[21:48:21.372] ---- [Flow] CT_START Set
[21:54:11.254] ---- [Flow] CT_START Set
[21:55:34.010] ---- [Flow] CT_START Set
[22:13:27.307] ---- [Flow] CT_START Set
[22:13:31.122] ---- [Flow] CT_START Set
[22:13:32.674] ---- [Flow] CT_START Set
[22:31:22.604] ---- [Flow] CT_START Set
[22:31:59.877] ---- [Flow] CT_START Set
[22:32:10.952] ---- [Flow] CT_START Set
[22:32:24.281] ---- [Flow] CT_START Set
[22:32:24.401] ---- [Flow] CT_START Set
[22:32:57.088] ---- [Flow] CT_START Set
[22:36:30.187] ---- [Flow] CT_START Set
[22:36:47.099] ---- [Flow] CT_START Set
[22:36:47.201] ---- [Flow] CT_START Set
[22:37:34.026] ---- [Flow] CT_START Set
[22:42:33.598] ---- [Flow] CT_START Set
[22:42:37.092] ---- [Flow] CT_START Set
[22:43:39.034] ---- [Flow] CT_START Set
[22:43:39.291] ---- [Flow] CT_START Set
[22:43:42.922] ---- [Flow] CT_START Set
[22:43:45.352] ---- [Flow] CT_START Set
[22:43:50.777] ---- [Flow] CT_START Set
[22:43:57.068] ---- [Flow] CT_START Set
[22:44:07.023] ---- [Flow] CT_START Set
[22:44:17.202] ---- [Flow] CT_START Set
[22:44:58.547] ---- [Flow] CT_START Set
[22:45:10.273] ---- [Flow] CT_START Set
[22:47:47.754] ---- [Flow] CT_START Set
[22:47:50.988] ---- [Flow] CT_START Set
[22:47:54.911] ---- [Flow] CT_START Set
[22:47:58.103] ---- [Flow] CT_START Set
[22:50:24.807] ---- [Flow] CT_START Set
[22:50:28.496] ---- [Flow] CT_START Set
[22:59:09.842] ---- [Flow] CT_START Set
[23:04:36.341] ---- [Flow] CT_START Set
[23:10:40.312] ---- [Flow] CT_START Set
[23:17:14.414] ---- [Flow] CT_START Set
[23:20:51.494] ---- [Flow] CT_START Set
[23:20:53.772] ---- [Flow] CT_START Set
[23:40:39.159] ---- [Flow] CT_START Set
[23:40:41.152] ---- [Flow] CT_START Set
[23:40:50.378] ---- [Flow] CT_START Set
[23:41:04.906] ---- [Flow] CT_START Set
[23:41:17.026] ---- [Flow] CT_START Set
[23:41:20.497] ---- [Flow] CT_START Set
[23:41:50.706] ---- [Flow] CT_START Set
[23:42:48.956] ---- [Flow] CT_START Set
[23:42:52.807] ---- [Flow] CT_START Set
[23:42:57.940] ---- [Flow] CT_START Set
[23:46:17.729] ---- [Flow] CT_START Set
[23:46:30.437] ---- [Flow] CT_START Set
[23:52:07.808] ---- [Flow] CT_START Set
[23:52:09.620] ---- [Flow] CT_START Set
[23:59:03.417] ---- [Flow] CT_START Set
