[00:18:12.831] [RightTransferStation] Move XY Axis Error
[00:18:29.544] [RightTransferStation] Move XY Axis Error
[00:23:38.438] [RightTransferStation] Move XY Axis Error
[00:23:50.737] [RightTransferStation] Move XY Axis Error
[00:23:54.096] [RightTransferStation] Move XY Axis Error
[00:53:26.141] [RightTransferStation] Move XY Axis Error
[00:56:37.668] [RightTransferStation] Move XY Axis Error
[01:01:33.730] [RightTransferStation] Move XY Axis Error
[01:01:46.500] [RightTransferStation] Move XY Axis Error
[01:02:11.267] [RightTransferStation] Move XY Axis Error
[01:02:27.709] [RightTransferStation] Move XY Axis Error
[01:22:20.921] [RightTransferStation] Move XY Axis Error
[01:22:37.644] [RightTransferStation] Move XY Axis Error
[01:40:41.398] [RightTransferStation] Move XY Axis Error
[01:41:16.273] [RightTransferStation] Move XY Axis Error
[01:41:52.795] [RightTransferStation] Move XY Axis Error
[01:42:08.472] [RightTransferStation] Move XY Axis Error
[01:47:43.654] [RightTransferStation] Vacuum Error
[01:47:59.113] [RightTransferStation] Vacuum Error
[01:50:04.724] [RightTransferStation] Move XY Axis Error
[01:50:22.358] [RightTransferStation] Move XY Axis Error
[01:51:47.884] [RightTransferStation] Move XY Axis Error
[01:53:31.140] [RightTransferStation] Move XY Axis Error
[01:58:13.972] [RightTransferStation] Vacuum Error
[01:58:21.906] [RightTransferStation] Vacuum Error
[02:09:18.816] [RightTransferStation] Move XY Axis Error
[02:09:35.834] [RightTransferStation] Move XY Axis Error
[02:10:19.958] [RightTransferStation] Move XY Axis Error
[02:10:47.844] [RightTransferStation] Move XY Axis Error
[02:19:01.539] [RightTransferStation] Move XY Axis Error
[02:19:30.215] [RightTransferStation] Move XY Axis Error
[02:32:22.252] [RightTransferStation] Move XY Axis Error
[02:32:40.499] [RightTransferStation] Move XY Axis Error
[02:48:12.709] [RightTransferStation] Move XY Axis Error
[02:49:22.291] [RightTransferStation] Move XY Axis Error
[02:49:29.500] [RightTransferStation] Move XY Axis Error
[02:49:46.563] [RightTransferStation] Move XY Axis Error
[03:20:51.083] [RightTransferStation] Move XY Axis Error
[03:21:21.853] [RightTransferStation] Move XY Axis Error
[03:41:52.940] [RightTransferStation] Move XY Axis Error
[03:42:34.945] [RightTransferStation] Move XY Axis Error
[03:45:21.479] [RightTransferStation] Move XY Axis Error
[03:45:44.017] [RightTransferStation] Move XY Axis Error
[03:59:19.987] [RightTransferStation] Move XY Axis Error
[04:00:29.313] [RightTransferStation] Move XY Axis Error
[04:03:17.186] [RightTransferStation] Move XY Axis Error
[04:03:37.397] [RightTransferStation] Move XY Axis Error
[04:12:27.099] [RightTransferStation] Move XY Axis Error
[04:12:45.795] [RightTransferStation] Move XY Axis Error
[04:48:58.787] [RightTransferStation] Move XY Axis Error
[04:49:13.789] [RightTransferStation] Move XY Axis Error
[05:18:15.065] [LeftTransferStation] Vacuum Error
[05:19:57.621] [RightTransferStation] Move XY Axis Error
[05:20:11.620] [RightTransferStation] Move XY Axis Error
[05:23:09.500] [RightTransferStation] Move XY Axis Error
[05:23:26.506] [RightTransferStation] Move XY Axis Error
[05:30:56.563] [RightTransferStation] Move XY Axis Error
[05:37:04.068] [RightTransferStation] Move XY Axis Error
[05:37:18.427] [RightTransferStation] Move XY Axis Error
[05:43:39.124] [RightTransferStation] Move XY Axis Error
[05:45:04.634] [RightTransferStation] Move XY Axis Error
[06:00:06.709] [RightTransferStation] Move XY Axis Error
[06:00:17.483] [RightTransferStation] Move XY Axis Error
[06:01:37.367] [RightTransferStation] Move XY Axis Error
[06:02:34.692] [RightTransferStation] Move XY Axis Error
[06:03:43.476] [RightTransferStation] Move XY Axis Error
[06:04:00.418] [RightTransferStation] Move XY Axis Error
[06:07:52.936] [RightTransferStation] Move XY Axis Error
[06:08:07.331] [RightTransferStation] Move XY Axis Error
[06:11:08.474] [RightTransferStation] Move XY Axis Error
[06:11:55.283] [RightTransferStation] Move XY Axis Error
[06:17:10.026] [RightPPStation] Load Cylinder Vacuum Error
[06:25:41.709] [RightTransferStation] Move XY Axis Error
[06:27:09.379] [RightTransferStation] Move XY Axis Error
[06:52:37.432] [RightTransferStation] Move XY Axis Error
[06:52:41.795] [RightTransferStation] Move XY Axis Error
[07:00:34.012] [RightTransferStation] Move XY Axis Error
[07:00:38.112] [RightTransferStation] Move XY Axis Error
[07:13:47.473] [RightTransferStation] Move XY Axis Error
[07:21:01.975] [RightPPStation] Load Buffer Set Exist
[07:21:24.425] [RightTransferStation] Vacuum Error
[07:23:26.840] [RightTransferStation] Move XY Axis Error
[07:50:51.428] [RightTransferStation] Move XY Axis Error
[07:50:56.174] [RightTransferStation] Move XY Axis Error
[08:10:15.791] [RightTransferStation] Move XY Axis Error
[08:10:18.727] [RightTransferStation] Move XY Axis Error
[08:18:33.233] [RightTransferStation] Move XY Axis Error
[08:18:38.570] [RightTransferStation] Move XY Axis Error
[08:18:42.034] [RightTransferStation] Move XY Axis Error
[08:22:52.246] [LeftTransferStation] Move XY Axis Error
[08:44:02.371] [RightTransferStation] Move XY Axis Error
[08:44:05.885] [RightTransferStation] Move XY Axis Error
[08:51:54.306] [RightTransferStation] Move XY Axis Error
[08:51:57.728] [RightTransferStation] Move XY Axis Error
[08:51:59.827] [RightTransferStation] Move XY Axis Error
[08:52:01.727] [RightTransferStation] Move XY Axis Error
[08:52:03.753] [RightTransferStation] Move XY Axis Error
[08:52:14.632] [RightTransferStation] Move XY Axis Error
[08:52:16.950] [RightTransferStation] Move XY Axis Error
[08:52:19.105] [RightTransferStation] Move XY Axis Error
[08:52:23.668] [RightTransferStation] Move XY Axis Error
[08:58:47.306] [RightTransferStation] Move XY Axis Error
[09:31:05.049] [RightTransferStation] Move XY Axis Error
[09:39:35.006] [RightTransferStation] Move XY Axis Error
[09:39:37.721] [RightTransferStation] Move XY Axis Error
[09:42:17.828] [RightTransferStation] Move XY Axis Error
[09:42:22.217] [RightTransferStation] Move XY Axis Error
[09:42:36.207] [RightTransferStation] Move XY Axis Error
[09:59:26.156] [RightTransferStation] Move XY Axis Error
[09:59:29.307] [RightTransferStation] Move XY Axis Error
[09:59:31.938] [RightTransferStation] Move XY Axis Error
[09:59:34.176] [RightTransferStation] Move XY Axis Error
[09:59:38.116] [RightTransferStation] Move XY Axis Error
[10:18:22.884] [RightTransferStation] Move XY Axis Error
[10:18:25.829] [RightTransferStation] Move XY Axis Error
[10:18:28.819] [RightTransferStation] Move XY Axis Error
[10:18:31.744] [RightTransferStation] Move XY Axis Error
[10:18:35.009] [RightTransferStation] Move XY Axis Error
[10:25:47.188] [RightTransferStation] Move XY Axis Error
[10:25:51.752] [RightTransferStation] Move XY Axis Error
[11:02:28.265] [RightTransferStation] Move XY Axis Error
[11:02:30.910] [RightTransferStation] Move XY Axis Error
[11:02:32.707] [RightTransferStation] Move XY Axis Error
[11:06:36.356] [MainControlStation] Right Door Open
[11:06:53.281] [RightTransferStation] Move XY Axis Error
[11:06:55.339] [RightTransferStation] Move XY Axis Error
[11:06:58.168] [RightTransferStation] Move XY Axis Error
[11:07:16.849] [MainControlStation] Right Door Open
[11:12:29.146] [RightTransferStation] Move XY Axis Error
[11:12:34.080] [RightTransferStation] Move XY Axis Error
[11:23:50.065] [RightTransferStation] Move XY Axis Error
[11:29:13.717] [RightTransferStation] Move XY Axis Error
[11:29:17.139] [RightTransferStation] Move XY Axis Error
[11:29:19.377] [RightTransferStation] Move XY Axis Error
[11:29:21.187] [RightTransferStation] Move XY Axis Error
[11:29:24.160] [RightTransferStation] Move XY Axis Error
[11:32:26.817] [RightTransferStation] Move XY Axis Error
[11:32:42.311] [RightTransferStation] Move XY Axis Error
[11:36:05.077] [RightTransferStation] Move XY Axis Error
[11:36:11.784] [RightTransferStation] Move XY Axis Error
[11:40:29.925] [RightTransferStation] Move XY Axis Error
[11:40:32.720] [RightTransferStation] Move XY Axis Error
[11:50:53.256] [RightTransferStation] Move XY Axis Error
[11:51:10.044] [RightTransferStation] Move XY Axis Error
[11:52:26.980] [RightTransferStation] Move XY Axis Error
[11:52:30.961] [RightTransferStation] Move XY Axis Error
[11:52:39.484] [RightTransferStation] Move XY Axis Error
[11:52:51.111] [LeftTransferStation] Vacuum Error
[11:56:56.471] [RightTransferStation] Move XY Axis Error
[11:56:59.316] [RightTransferStation] Move XY Axis Error
[11:57:01.216] [RightTransferStation] Move XY Axis Error
[11:57:03.047] [RightTransferStation] Move XY Axis Error
[11:57:05.722] [RightTransferStation] Move XY Axis Error
[11:57:08.070] [RightTransferStation] Move XY Axis Error
[12:48:52.814] [RightTransferStation] Move XY Axis Error
[12:49:00.112] [RightTransferStation] Move XY Axis Error
[12:49:06.661] [RightTransferStation] Move XY Axis Error
[12:58:00.202] [RightTransferStation] Move XY Axis Error
[12:58:04.573] [RightTransferStation] Move XY Axis Error
[13:39:33.446] [RightTransferStation] Move XY Axis Error
[13:39:39.017] [RightTransferStation] Move XY Axis Error
[13:39:43.517] [RightTransferStation] Move XY Axis Error
[13:40:38.044] [RightTransferStation] Move XY Axis Error
[13:40:44.492] [RightTransferStation] Move XY Axis Error
[13:40:47.596] [RightTransferStation] Move XY Axis Error
[13:40:51.675] [RightTransferStation] Move XY Axis Error
[13:44:16.046] [RightTransferStation] Move XY Axis Error
[13:44:19.719] [RightTransferStation] Move XY Axis Error
[13:44:21.457] [RightTransferStation] Move XY Axis Error
[14:03:16.070] [RightTransferStation] Move XY Axis Error
[14:03:22.376] [RightTransferStation] Move XY Axis Error
[14:03:24.379] [RightTransferStation] Move XY Axis Error
[14:03:27.078] [RightTransferStation] Move XY Axis Error
[14:03:30.099] [RightTransferStation] Move XY Axis Error
[14:54:25.730] [RightTransferStation] Move XY Axis Error
[14:59:32.433] [RightTransferStation] Move XY Axis Error
[14:59:38.283] [RightTransferStation] Move XY Axis Error
[14:59:44.517] [RightTransferStation] Move XY Axis Error
[15:01:35.072] [RightTransferStation] Move XY Axis Error
[15:01:38.181] [RightTransferStation] Move XY Axis Error
[15:01:46.224] [RightTransferStation] Move XY Axis Error
[15:07:43.629] [RightTransferStation] Move XY Axis Error
[15:07:47.137] [RightTransferStation] Move XY Axis Error
[15:07:49.051] [RightTransferStation] Move XY Axis Error
[15:07:51.211] [RightTransferStation] Move XY Axis Error
[15:07:54.013] [RightTransferStation] Move XY Axis Error
[15:07:56.379] [RightTransferStation] Move XY Axis Error
[15:07:58.304] [RightTransferStation] Move XY Axis Error
[15:08:01.356] [RightTransferStation] Move XY Axis Error
[15:08:03.306] [RightTransferStation] Move XY Axis Error
[15:08:05.293] [RightTransferStation] Move XY Axis Error
[15:09:41.094] [RightTransferStation] Move XY Axis Error
[15:09:52.855] [RightTransferStation] Move XY Axis Error
[15:15:09.293] [RightTransferStation] Move XY Axis Error
[15:26:41.899] [RightTransferStation] Move XY Axis Error
[15:35:52.728] [LeftPPStation] Load Buffer Set Exist
[15:36:02.090] [LeftPPStation] Load Buffer Set Exist
[15:36:17.943] [LeftPPStation] Load Buffer Set Exist
[15:36:19.834] [LeftPPStation] Load Buffer Set Exist
[15:36:23.806] [LeftPPStation] Load Buffer Set Exist
[15:36:29.290] [LeftPPStation] Load Buffer Set Exist
[15:37:58.679] [LeftPPStation] Load Buffer Set Exist
[15:38:03.149] [LeftPPStation] Load Buffer Set Exist
[15:38:07.418] [LeftPPStation] Load Buffer Set Exist
[15:38:16.697] [LeftPPStation] Load Buffer Set Exist
[15:38:18.596] [LeftPPStation] Load Buffer Set Exist
[15:38:20.448] [LeftPPStation] Load Buffer Set Exist
[15:38:22.486] [LeftPPStation] Load Buffer Set Exist
[15:38:24.365] [LeftPPStation] Load Buffer Set Exist
[15:38:27.319] [LeftPPStation] Load Buffer Set Exist
[15:38:29.341] [LeftPPStation] Load Buffer Set Exist
[15:38:55.638] [LeftPPStation] Load Buffer Set Exist
[15:39:31.344] [LeftTransferStation] Vacuum Error
[15:42:11.572] [RightTransferStation] Move XY Axis Error
[15:42:15.043] [RightTransferStation] Move XY Axis Error
[15:42:16.807] [RightTransferStation] Move XY Axis Error
[15:42:21.169] [RightTransferStation] Move XY Axis Error
[15:45:10.384] [RightTransferStation] Move XY Axis Error
[15:53:56.116] [LeftPPStation] Unload Cylinder Vacuum Error
[15:55:57.486] [RightTransferStation] Move XY Axis Error
[15:56:00.166] [RightTransferStation] Move XY Axis Error
[15:59:55.210] [MainControlStation] Right Door Open
[16:00:45.475] [MainControlStation] Right Door Open
[16:06:57.287] [RightTransferStation] Move XY Axis Error
[16:09:11.338] [RightTransferStation] Move XY Axis Error
[16:09:16.349] [RightTransferStation] Move XY Axis Error
[16:09:18.353] [RightTransferStation] Move XY Axis Error
[16:09:20.370] [RightTransferStation] Move XY Axis Error
[16:09:22.311] [RightTransferStation] Move XY Axis Error
[16:11:17.413] [RightTransferStation] Move XY Axis Error
[16:11:29.714] [RightTransferStation] Move XY Axis Error
[16:11:55.856] [RightTransferStation] Move XY Axis Error
[16:12:11.004] [RightTransferStation] Move XY Axis Error
[16:12:15.061] [RightTransferStation] Move XY Axis Error
[16:12:29.783] [RightTransferStation] Move XY Axis Error
[16:12:34.654] [RightTransferStation] Move XY Axis Error
[16:12:45.928] [RightTransferStation] Move XY Axis Error
[16:13:11.637] [RightTransferStation] Move XY Axis Error
[16:13:21.826] [RightTransferStation] Move XY Axis Error
[16:17:20.484] [RightTransferStation] Move XY Axis Error
[16:17:35.538] [RightTransferStation] Move XY Axis Error
[16:17:38.895] [RightTransferStation] Move XY Axis Error
[16:18:00.140] [RightTransferStation] Move XY Axis Error
[16:25:08.414] [RightTransferStation] Move XY Axis Error
[16:29:24.027] [LeftTransferStation] Vacuum Error
[17:18:15.575] [RightTransferStation] Move XY Axis Error
[17:18:23.028] [RightTransferStation] Move XY Axis Error
[17:18:24.861] [RightTransferStation] Move XY Axis Error
[17:26:41.749] [RightTransferStation] Move XY Axis Error
[17:31:46.908] [LeftTransferStation] Vacuum Error
[17:32:59.228] [LeftTransferStation] Set Double Place
[17:33:33.178] [RightTransferStation] Move XY Axis Error
[17:33:39.854] [RightTransferStation] Move XY Axis Error
[17:33:41.949] [RightTransferStation] Move XY Axis Error
[17:33:43.944] [RightTransferStation] Move XY Axis Error
[17:46:30.845] [RightTransferStation] Move XY Axis Error
[17:46:34.459] [RightTransferStation] Move XY Axis Error
[17:49:52.772] [RightTransferStation] Move XY Axis Error
[17:58:38.230] [RightTransferStation] Move XY Axis Error
[17:58:43.546] [RightTransferStation] Move XY Axis Error
[17:58:51.918] [RightTransferStation] Move XY Axis Error
[18:02:06.273] [RightTransferStation] Move XY Axis Error
[18:02:10.327] [RightTransferStation] Move XY Axis Error
[18:04:21.148] [RightTransferStation] Move XY Axis Error
[18:04:25.023] [RightTransferStation] Move XY Axis Error
[18:04:27.138] [RightTransferStation] Move XY Axis Error
[18:04:46.992] [RightTransferStation] Move XY Axis Error
[18:04:50.004] [RightTransferStation] Move XY Axis Error
[18:04:52.047] [RightTransferStation] Move XY Axis Error
[18:04:54.340] [RightTransferStation] Move XY Axis Error
[18:04:56.393] [RightTransferStation] Move XY Axis Error
[18:56:32.648] [RightTransferStation] Move XY Axis Error
[18:56:36.991] [RightTransferStation] Move XY Axis Error
[18:56:38.995] [RightTransferStation] Move XY Axis Error
[18:56:40.991] [RightTransferStation] Move XY Axis Error
[18:56:43.067] [RightTransferStation] Move XY Axis Error
[18:56:49.746] [RightTransferStation] Move XY Axis Error
[18:57:03.472] [RightTransferStation] Move XY Axis Error
[19:14:03.866] [RightTransferStation] Move XY Axis Error
[19:26:28.065] [RightTransferStation] Move XY Axis Error
[19:26:32.884] [RightTransferStation] Move XY Axis Error
[19:26:49.053] [RightTransferStation] Move XY Axis Error
[19:28:28.613] [RightTransferStation] Move XY Axis Error
[20:12:38.905] [RightTransferStation] Move XY Axis Error
[20:12:58.226] [RightTransferStation] Move XY Axis Error
[20:18:29.876] [RightTransferStation] Move XY Axis Error
[20:18:53.716] [RightTransferStation] Move XY Axis Error
[20:41:46.704] [RightTransferStation] Move XY Axis Error
[20:42:03.354] [RightTransferStation] Move XY Axis Error
[20:42:51.470] [RightTransferStation] Move XY Axis Error
[20:43:10.824] [RightTransferStation] Move XY Axis Error
[20:51:06.127] [RightPPStation] Load Buffer Set Exist
[20:51:23.235] [RightTransferStation] Move XY Axis Error
[20:51:38.958] [RightTransferStation] Move XY Axis Error
[20:53:06.265] [RightTransferStation] Move XY Axis Error
[20:53:22.090] [RightTransferStation] Move XY Axis Error
[20:54:07.552] [RightTransferStation] Move XY Axis Error
[20:55:05.206] [RightTransferStation] Move XY Axis Error
[20:57:27.702] [RightTransferStation] Move XY Axis Error
[20:58:10.312] [RightTransferStation] Move XY Axis Error
[21:06:00.543] [RightTransferStation] Move XY Axis Error
[21:06:59.989] [RightTransferStation] Move XY Axis Error
[21:09:58.264] [RightTransferStation] Move XY Axis Error
[21:10:14.803] [RightTransferStation] Move XY Axis Error
[21:35:52.690] [RightTransferStation] Move XY Axis Error
[21:36:19.344] [RightTransferStation] Move XY Axis Error
[21:43:27.676] [RightTransferStation] Move XY Axis Error
[21:43:43.439] [RightTransferStation] Move XY Axis Error
[21:54:15.887] [RightTransferStation] Move XY Axis Error
[21:54:32.922] [RightTransferStation] Move XY Axis Error
[22:09:38.094] [RightTransferStation] Move XY Axis Error
[22:10:23.095] [RightTransferStation] Move XY Axis Error
[22:16:34.566] [RightTransferStation] Move XY Axis Error
[22:16:47.973] [RightTransferStation] Move XY Axis Error
[22:24:54.460] [RightTransferStation] Move XY Axis Error
[22:25:16.449] [RightTransferStation] Move XY Axis Error
[22:25:58.336] [RightTransferStation] Move XY Axis Error
[22:26:28.960] [RightTransferStation] Move XY Axis Error
[23:11:45.952] [RightTransferStation] Move XY Axis Error
[23:12:36.275] [RightTransferStation] Move XY Axis Error
[23:20:46.617] [RightTransferStation] Move XY Axis Error
[23:21:38.581] [RightTransferStation] Move XY Axis Error
[23:27:24.706] [RightTransferStation] Move XY Axis Error
[23:27:40.058] [RightTransferStation] Move XY Axis Error
[23:28:01.691] [RightTransferStation] Move XY Axis Error
[23:28:44.225] [RightTransferStation] Move XY Axis Error
[23:32:50.068] [RightTransferStation] Move XY Axis Error
[23:33:07.691] [RightTransferStation] Move XY Axis Error
[23:44:18.909] [RightTransferStation] Move XY Axis Error
[23:44:29.453] [RightTransferStation] Move XY Axis Error
[23:57:28.390] [RightTransferStation] Move XY Axis Error
[23:58:31.426] [RightTransferStation] Move XY Axis Error
