[00:03:00.278] ---- [Flow] CT_START Set
[00:12:48.060] ---- [Flow] CT_START Set
[00:12:48.427] ---- [Flow] CT_START Set
[00:18:50.419] ---- [Flow] CT_START Set
[00:23:24.712] ---- [Flow] CT_START Set
[00:26:54.433] ---- [Flow] CT_START Set
[00:26:54.804] ---- [Flow] CT_START Set
[00:26:55.675] ---- [Flow] CT_START Set
[00:26:56.360] ---- [Flow] CT_START Set
[00:35:33.191] ---- [Flow] CT_START Set
[00:37:37.706] ---- [Flow] CT_START Set
[00:47:46.512] ---- [Flow] CT_START Set
[00:51:52.675] ---- [Flow] CT_START Set
[00:54:43.147] ---- [Flow] CT_START Set
[00:59:46.367] ---- [Flow] CT_START Set
[00:59:48.189] ---- [Flow] CT_START Set
[01:09:47.012] ---- [Flow] CT_START Set
[01:11:16.032] ---- [Flow] CT_START Set
[01:21:36.308] ---- [Flow] CT_START Set
[01:21:53.860] ---- [Flow] CT_STOP Set
[01:21:53.883] ---- [Event] Auto : CT_STOP
[01:21:53.883] --------- [Monitor] StopTasks() : before m_stopped
[01:21:53.904] --------- [Monitor] StopTasks() : m_stopped
[01:21:53.904] [m_nState] AutoStop State
[01:30:54.426] ---- [Flow] CT_START Set
[01:30:54.447] ---- [Event] AutoStop : CT_START
[01:30:54.447] [m_nState] Auto State
[01:31:17.272] ---- [Flow] CT_START Set
[01:31:54.700] ---- [Flow] CT_START Set
[01:31:56.935] ---- [Flow] CT_START Set
[01:32:35.047] ---- [Flow] CT_START Set
[01:33:15.679] ---- [Flow] CT_START Set
[01:39:24.826] ---- [Flow] CT_START Set
[01:43:27.963] ---- [Flow] CT_START Set
[01:44:12.207] ---- [Flow] CT_START Set
[01:46:22.371] ---- [Flow] CT_START Set
[01:57:39.117] ---- [Flow] CT_START Set
[02:02:24.887] ---- [Flow] CT_START Set
[02:13:16.509] ---- [Flow] CT_START Set
[02:40:33.638] ---- [Flow] CT_START Set
[02:41:11.129] ---- [Flow] CT_START Set
[02:42:05.519] ---- [Flow] CT_START Set
[02:45:53.664] ---- [Flow] CT_START Set
[02:54:56.779] ---- [Flow] CT_START Set
[02:55:59.867] ---- [Flow] CT_START Set
[02:58:59.952] ---- [Flow] CT_START Set
[03:09:46.583] ---- [Flow] CT_START Set
[03:12:06.836] ---- [Flow] CT_START Set
[03:12:31.044] ---- [Flow] CT_START Set
[03:12:47.837] ---- [Flow] CT_START Set
[03:12:56.265] ---- [Flow] CT_STOP Set
[03:12:56.287] ---- [Event] Auto : CT_STOP
[03:12:56.287] --------- [Monitor] StopTasks() : before m_stopped
[03:12:56.355] --------- [Monitor] StopTasks() : m_stopped
[03:12:56.356] [m_nState] AutoStop State
[03:21:37.831] ---- [Flow] CT_START Set
[03:21:37.852] ---- [Event] AutoStop : CT_START
[03:21:37.852] [m_nState] Auto State
[03:21:37.935] ---- [Flow] CT_START Set
[03:21:37.991] ---- [Flow] CT_START Set
[03:22:08.554] ---- [Flow] CT_START Set
[03:22:09.202] ---- [Flow] CT_START Set
[03:22:31.420] ---- [Flow] CT_START Set
[03:22:41.154] ---- [Flow] CT_START Set
[03:32:38.417] ---- [Flow] CT_START Set
[03:36:40.705] ---- [Flow] CT_START Set
[03:37:49.163] ---- [Flow] CT_START Set
[03:41:24.549] ---- [Flow] CT_START Set
[03:42:40.194] ---- [Flow] CT_START Set
[03:43:07.135] ---- [Flow] CT_START Set
[03:47:41.378] ---- [Flow] CT_START Set
[03:47:59.936] ---- [Flow] CT_START Set
[03:56:45.812] ---- [Flow] CT_START Set
[03:59:13.612] ---- [Flow] CT_START Set
[04:15:59.760] ---- [Flow] CT_START Set
[04:16:45.226] ---- [Flow] CT_START Set
[04:20:38.403] ---- [Flow] CT_START Set
[04:21:07.095] ---- [Flow] CT_START Set
[04:27:14.002] ---- [Flow] CT_START Set
[04:30:28.826] ---- [Flow] CT_STOP Set
[04:30:28.847] ---- [Event] Auto : CT_STOP
[04:30:28.847] --------- [Monitor] StopTasks() : before m_stopped
[04:30:28.911] --------- [Monitor] StopTasks() : m_stopped
[04:30:28.911] [m_nState] AutoStop State
[04:31:00.036] ---- [Flow] CT_START Set
[04:31:00.057] ---- [Event] AutoStop : CT_START
[04:31:00.057] [m_nState] Auto State
[04:31:01.219] ---- [Flow] CT_START Set
[04:36:45.541] ---- [Flow] CT_START Set
[04:37:25.370] ---- [Flow] CT_START Set
[04:37:33.482] ---- [Flow] CT_START Set
[04:37:34.080] ---- [Flow] CT_START Set
[04:48:34.457] ---- [Flow] CT_STOP Set
[04:48:34.478] ---- [Event] Auto : CT_STOP
[04:48:34.478] --------- [Monitor] StopTasks() : before m_stopped
[04:48:34.913] --------- [Monitor] StopTasks() : m_stopped
[04:48:34.913] [m_nState] AutoStop State
[04:55:39.597] ---- [Flow] CT_START Set
[04:55:39.619] ---- [Event] AutoStop : CT_START
[04:55:39.619] [m_nState] Auto State
[04:55:40.215] ---- [Flow] CT_START Set
[04:57:18.951] ---- [Flow] CT_STOP Set
[04:57:18.972] ---- [Event] Auto : CT_STOP
[04:57:18.972] --------- [Monitor] StopTasks() : before m_stopped
[04:57:20.304] --------- [Monitor] StopTasks() : m_stopped
[04:57:20.304] [m_nState] AutoStop State
[05:11:40.493] ---- [Flow] CT_START Set
[05:11:40.514] ---- [Event] AutoStop : CT_START
[05:11:40.514] [m_nState] Auto State
[05:11:53.353] ---- [Flow] CT_START Set
[05:12:32.897] ---- [Flow] CT_START Set
[05:43:23.683] ---- [Flow] CT_START Set
[05:46:04.383] ---- [Flow] CT_START Set
[06:01:06.145] ---- [Flow] CT_START Set
[06:05:43.637] ---- [Flow] CT_START Set
[06:07:24.307] ---- [Flow] CT_START Set
[06:07:24.386] ---- [Flow] CT_START Set
[06:07:26.188] ---- [Flow] CT_START Set
[06:12:55.488] ---- [Flow] CT_STOP Set
[06:12:55.510] ---- [Event] Auto : CT_STOP
[06:12:55.510] --------- [Monitor] StopTasks() : before m_stopped
[06:12:55.582] --------- [Monitor] StopTasks() : m_stopped
[06:12:55.582] [m_nState] AutoStop State
[06:13:55.489] ---- [Flow] CT_STOP Set
[06:13:55.526] ---- [Flow] CT_STOP Set
[06:13:55.558] ---- [Flow] CT_STOP Set
[06:13:55.592] ---- [Flow] CT_STOP Set
[06:13:55.625] ---- [Flow] CT_STOP Set
[08:40:48.033] ---- [Flow] CT_START Set
[08:40:48.054] ---- [Event] AutoStop : CT_START
[08:40:48.054] [m_nState] Auto State
[08:40:49.205] ---- [Flow] CT_START Set
[08:43:38.527] ---- [Flow] CT_START Set
[08:43:51.125] ---- [Flow] CT_START Set
[08:49:18.729] ---- [Flow] CT_START Set
[08:49:31.449] ---- [Flow] CT_START Set
[08:57:00.186] ---- [Flow] CT_START Set
[08:57:16.290] ---- [Flow] CT_START Set
[09:01:42.786] ---- [Flow] CT_START Set
[09:04:39.466] ---- [Flow] CT_START Set
[09:13:43.168] ---- [Flow] CT_START Set
[09:14:03.673] ---- [Flow] CT_START Set
[09:14:12.839] ---- [Flow] CT_START Set
[09:14:16.657] ---- [Flow] CT_START Set
[09:20:34.826] ---- [Flow] CT_START Set
[09:20:47.387] ---- [Flow] CT_START Set
[09:33:34.996] ---- [Flow] CT_START Set
[09:45:48.260] ---- [Flow] CT_START Set
[09:46:03.045] ---- [Flow] CT_START Set
[09:49:15.818] ---- [Flow] CT_START Set
[09:51:34.770] ---- [Flow] CT_START Set
[09:53:42.247] ---- [Flow] CT_START Set
[09:56:09.502] ---- [Flow] CT_STOP Set
[09:56:09.523] ---- [Event] Auto : CT_STOP
[09:56:09.523] --------- [Monitor] StopTasks() : before m_stopped
[09:56:09.559] ---- [Flow] CT_STOP Set
[09:56:09.605] ---- [Flow] CT_STOP Set
[09:56:09.663] ---- [Flow] CT_STOP Set
[09:56:09.709] ---- [Flow] CT_STOP Set
[09:56:09.847] --------- [Monitor] StopTasks() : m_stopped
[09:56:09.848] [m_nState] AutoStop State
[09:56:11.619] ---- [Flow] CT_START Set
[09:56:11.640] ---- [Event] AutoStop : CT_START
[09:56:11.640] [m_nState] Auto State
[09:56:14.448] ---- [Flow] CT_STOP Set
[09:56:14.470] ---- [Event] Auto : CT_STOP
[09:56:14.470] --------- [Monitor] StopTasks() : before m_stopped
[09:56:14.728] --------- [Monitor] StopTasks() : m_stopped
[09:56:14.728] [m_nState] AutoStop State
[09:56:16.025] ---- [Flow] CT_START Set
[09:56:16.047] ---- [Event] AutoStop : CT_START
[09:56:16.047] [m_nState] Auto State
[09:56:19.598] ---- [Flow] CT_STOP Set
[09:56:19.620] ---- [Event] Auto : CT_STOP
[09:56:19.620] --------- [Monitor] StopTasks() : before m_stopped
[09:56:19.620] --------- [Monitor] StopTasks() : m_stopped
[09:56:19.620] [m_nState] AutoStop State
[09:56:19.653] ---- [Flow] CT_STOP Set
[09:56:19.694] ---- [Flow] CT_STOP Set
[09:56:19.731] ---- [Flow] CT_STOP Set
[09:56:19.771] ---- [Flow] CT_STOP Set
[09:56:19.809] ---- [Flow] CT_STOP Set
[09:56:19.851] ---- [Flow] CT_STOP Set
[09:56:19.889] ---- [Flow] CT_STOP Set
[09:56:21.586] ---- [Flow] CT_START Set
[09:56:21.607] ---- [Event] AutoStop : CT_START
[09:56:21.607] [m_nState] Auto State
[09:56:22.819] ---- [Flow] CT_STOP Set
[09:56:22.841] ---- [Event] Auto : CT_STOP
[09:56:22.841] --------- [Monitor] StopTasks() : before m_stopped
[09:56:22.867] --------- [Monitor] StopTasks() : m_stopped
[09:56:22.867] [m_nState] AutoStop State
[09:56:22.872] ---- [Flow] CT_STOP Set
[09:56:22.911] ---- [Flow] CT_STOP Set
[09:56:26.095] ---- [Flow] CT_START Set
[09:56:26.116] ---- [Event] AutoStop : CT_START
[09:56:26.116] [m_nState] Auto State
[09:56:34.750] ---- [Flow] CT_START Set
[09:58:12.649] ---- [Flow] CT_START Set
[10:05:54.152] ---- [Flow] CT_START Set
[10:06:05.479] ---- [Flow] CT_START Set
[10:11:35.661] ---- [Flow] CT_START Set
[10:11:51.729] ---- [Flow] CT_START Set
[10:14:51.625] ---- [Flow] CT_START Set
[10:16:16.618] ---- [Flow] CT_START Set
[10:16:31.301] ---- [Flow] CT_START Set
[10:18:49.762] ---- [Flow] CT_START Set
[10:21:06.090] ---- [Flow] CT_START Set
[10:21:15.680] ---- [Flow] CT_START Set
[10:24:29.898] ---- [Flow] CT_START Set
[10:24:55.229] ---- [Flow] CT_START Set
[10:24:59.354] ---- [Flow] CT_START Set
[10:29:09.470] ---- [Flow] CT_START Set
[10:36:27.745] ---- [Flow] CT_START Set
[10:36:41.168] ---- [Flow] CT_START Set
[10:38:28.149] ---- [Flow] CT_START Set
[10:39:45.366] ---- [Flow] CT_START Set
[10:39:48.491] ---- [Flow] CT_START Set
[10:40:57.243] ---- [Flow] CT_START Set
[10:41:51.142] ---- [Flow] CT_START Set
[10:47:58.945] ---- [Flow] CT_START Set
[10:48:38.087] ---- [Flow] CT_START Set
[10:48:52.201] ---- [Flow] CT_START Set
[10:49:03.387] ---- [Flow] CT_START Set
[10:50:17.249] ---- [Flow] CT_START Set
[10:50:34.150] ---- [Flow] CT_START Set
[11:00:51.012] ---- [Flow] CT_START Set
[11:01:44.361] ---- [Flow] CT_START Set
[11:01:44.608] ---- [Flow] CT_START Set
[11:19:43.640] ---- [Flow] CT_START Set
[11:42:26.501] ---- [Flow] CT_START Set
[11:42:30.074] ---- [Flow] CT_START Set
[11:42:50.895] ---- [Flow] CT_START Set
[11:43:11.659] ---- [Flow] CT_START Set
[11:43:11.967] ---- [Flow] CT_START Set
[11:43:14.887] ---- [Flow] CT_START Set
[11:43:15.761] ---- [Flow] CT_START Set
[11:43:21.509] ---- [Flow] CT_START Set
[11:44:08.215] ---- [Flow] CT_START Set
[11:45:20.622] ---- [Flow] CT_START Set
[11:46:14.342] ---- [Flow] CT_START Set
[11:51:45.891] ---- [Flow] CT_START Set
[12:34:21.578] ---- [Flow] CT_START Set
[12:48:23.176] ---- [Flow] CT_START Set
[12:57:22.814] ---- [Flow] CT_START Set
[13:15:27.196] ---- [Flow] CT_START Set
[13:15:39.781] ---- [Flow] CT_START Set
[13:19:17.884] ---- [Flow] CT_START Set
[13:37:02.411] ---- [Flow] CT_START Set
[13:39:15.680] ---- [Flow] CT_START Set
[13:39:21.202] ---- [Flow] CT_START Set
[13:39:23.819] ---- [Flow] CT_START Set
[13:45:09.305] ---- [Flow] CT_STOP Set
[13:45:09.328] ---- [Event] Auto : CT_STOP
[13:45:09.328] --------- [Monitor] StopTasks() : before m_stopped
[13:45:09.355] --------- [Monitor] StopTasks() : m_stopped
[13:45:09.356] [m_nState] AutoStop State
[13:45:09.359] ---- [Flow] CT_STOP Set
[14:16:04.162] ---- [Flow] CT_START Set
[14:16:04.183] ---- [Event] AutoStop : CT_START
[14:16:04.183] [m_nState] Auto State
[14:16:04.890] ---- [Flow] CT_START Set
[14:17:55.234] ---- [Flow] CT_START Set
[14:18:44.682] ---- [Flow] CT_START Set
[14:37:21.655] ---- [Flow] CT_START Set
[14:37:37.336] ---- [Flow] CT_START Set
[14:41:23.237] ---- [Flow] CT_START Set
[14:46:14.670] ---- [Flow] CT_START Set
[14:46:25.759] ---- [Flow] CT_START Set
[15:15:14.934] ---- [Flow] CT_START Set
[15:15:25.292] ---- [Flow] CT_START Set
[15:15:59.547] ---- [Flow] CT_START Set
[15:20:24.992] ---- [Flow] CT_START Set
[15:20:36.805] ---- [Flow] CT_START Set
[15:37:25.886] ---- [Flow] CT_START Set
[15:37:28.512] ---- [Flow] CT_START Set
[15:39:33.027] ---- [Flow] CT_START Set
[15:39:49.764] ---- [Flow] CT_START Set
[16:00:14.904] ---- [Flow] CT_START Set
[16:00:17.615] ---- [Flow] CT_START Set
[16:07:36.917] ---- [Flow] CT_START Set
[16:10:13.605] ---- [Flow] CT_START Set
[16:16:45.705] ---- [Flow] CT_START Set
[16:16:58.400] ---- [Flow] CT_START Set
[16:19:22.555] ---- [Flow] CT_START Set
[16:19:39.847] ---- [Flow] CT_START Set
[16:20:18.125] ---- [Flow] CT_STOP Set
[16:20:18.146] ---- [Event] Auto : CT_STOP
[16:20:18.146] --------- [Monitor] StopTasks() : before m_stopped
[16:20:18.177] --------- [Monitor] StopTasks() : m_stopped
[16:20:18.177] [m_nState] AutoStop State
[16:20:18.185] ---- [Flow] CT_STOP Set
[16:20:18.225] ---- [Flow] CT_STOP Set
[16:23:17.876] ---- [Flow] CT_START Set
[16:23:17.898] ---- [Event] AutoStop : CT_START
[16:23:17.898] [m_nState] Auto State
[16:23:19.137] ---- [Flow] CT_START Set
[16:42:42.356] ---- [Flow] CT_START Set
[16:42:54.095] ---- [Flow] CT_START Set
[16:45:00.744] ---- [Flow] CT_START Set
[16:49:32.568] ---- [Flow] CT_START Set
[16:49:46.388] ---- [Flow] CT_START Set
[16:50:48.122] ---- [Flow] CT_START Set
[16:51:07.247] ---- [Flow] CT_START Set
[16:55:38.929] ---- [Flow] CT_START Set
[17:05:54.600] ---- [Flow] CT_START Set
[17:23:00.031] ---- [Flow] CT_START Set
[17:29:52.331] ---- [Flow] CT_START Set
[17:30:07.304] ---- [Flow] CT_START Set
[17:51:44.956] ---- [Flow] CT_START Set
[17:51:46.264] ---- [Flow] CT_START Set
[17:52:50.727] ---- [Flow] CT_START Set
[17:52:53.873] ---- [Flow] CT_START Set
[17:53:19.290] ---- [Flow] CT_START Set
[18:04:52.264] ---- [Flow] CT_START Set
[18:04:56.323] ---- [Flow] CT_START Set
[18:06:03.462] ---- [Flow] CT_START Set
[18:06:06.764] ---- [Flow] CT_START Set
[18:11:45.275] ---- [Flow] CT_START Set
[18:15:23.172] ---- [Flow] CT_START Set
[18:15:24.774] ---- [Flow] CT_START Set
[18:37:07.096] ---- [Flow] CT_START Set
[18:37:08.366] ---- [Flow] CT_START Set
[18:42:51.753] ---- [Flow] CT_START Set
[18:42:54.062] ---- [Flow] CT_START Set
[19:01:23.103] ---- [Flow] CT_STOP Set
[19:01:23.125] ---- [Event] Auto : CT_STOP
[19:01:23.125] --------- [Monitor] StopTasks() : before m_stopped
[19:01:23.257] --------- [Monitor] StopTasks() : m_stopped
[19:01:23.257] [m_nState] AutoStop State
[20:46:41.431] ---- [Flow] CT_START Set
[20:46:41.453] ---- [Event] AutoStop : CT_START
[20:46:41.453] [m_nState] Auto State
[20:46:44.184] ---- [Flow] CT_START Set
[20:50:10.186] ---- [Flow] CT_STOP Set
[20:50:10.208] ---- [Event] Auto : CT_STOP
[20:50:10.208] --------- [Monitor] StopTasks() : before m_stopped
[20:50:10.257] ---- [Flow] CT_STOP Set
[20:50:10.296] ---- [Flow] CT_STOP Set
[20:50:10.373] ---- [Flow] CT_STOP Set
[20:50:10.409] ---- [Flow] CT_STOP Set
[20:50:10.420] ---- [Flow] CT_STOP Set
[20:50:11.124] --------- [Monitor] StopTasks() : m_stopped
[20:50:11.124] [m_nState] AutoStop State
[20:57:47.993] ---- [Flow] CT_START Set
[20:57:48.014] ---- [Event] AutoStop : CT_START
[20:57:48.014] [m_nState] Auto State
[20:57:48.587] ---- [Flow] CT_START Set
[21:03:42.375] ---- [Flow] CT_START Set
[21:04:01.531] ---- [Flow] CT_START Set
[21:04:01.804] ---- [Flow] CT_START Set
[21:04:54.744] ---- [Flow] CT_START Set
[21:05:39.710] ---- [Flow] CT_START Set
[21:06:02.037] ---- [Flow] CT_START Set
[21:06:02.236] ---- [Flow] CT_START Set
[21:06:03.238] ---- [Flow] CT_START Set
[21:06:03.449] ---- [Flow] CT_START Set
[21:06:04.077] ---- [Flow] CT_START Set
[21:06:15.003] ---- [Flow] CT_START Set
[21:06:20.919] ---- [Flow] CT_START Set
[21:14:06.210] ---- [Flow] CT_START Set
[21:18:57.394] ---- [Flow] CT_START Set
[21:18:57.695] ---- [Flow] CT_START Set
[21:18:58.512] ---- [Flow] CT_START Set
[21:18:58.866] ---- [Flow] CT_START Set
[21:18:59.621] ---- [Flow] CT_START Set
[21:19:00.376] ---- [Flow] CT_START Set
[21:19:00.708] ---- [Flow] CT_START Set
[21:19:01.500] ---- [Flow] CT_START Set
[21:19:04.328] ---- [Flow] CT_START Set
[21:19:24.725] ---- [Flow] CT_START Set
[21:20:19.535] ---- [Flow] CT_START Set
[21:26:48.753] ---- [Flow] CT_START Set
[21:26:49.364] ---- [Flow] CT_START Set
[21:33:40.231] ---- [Flow] CT_START Set
[21:49:24.476] ---- [Flow] CT_START Set
[21:50:36.210] ---- [Flow] CT_START Set
[21:53:00.381] ---- [Flow] CT_START Set
[21:58:53.633] ---- [Flow] CT_START Set
[22:02:26.992] ---- [Flow] CT_START Set
[22:14:12.215] ---- [Flow] CT_START Set
[22:17:20.500] ---- [Flow] CT_START Set
[22:34:47.244] ---- [Flow] CT_START Set
[23:09:54.288] ---- [Flow] CT_START Set
[23:26:13.403] ---- [Flow] CT_STOP Set
[23:26:13.426] ---- [Event] Auto : CT_STOP
[23:26:13.426] --------- [Monitor] StopTasks() : before m_stopped
[23:26:13.500] --------- [Monitor] StopTasks() : m_stopped
[23:26:13.501] [m_nState] AutoStop State
