[07:12:12.406] [RightPPStation] Unload Buffer Set Not Exist
[07:19:05.153] [RightPPStation] Unload Buffer Set Not Exist
[07:19:29.220] [RightTransferStation] Vacuum Error
[07:19:42.231] [RightTransferStation] Vacuum Error
[07:20:09.537] [RightTransferStation] Vacuum Error
[07:20:24.336] [RightTransferStation] Vacuum Error
[07:21:12.320] [RightTransferStation] Vacuum Error
[07:26:47.766] [RightTransferStation] Move XY Axis Error
[08:04:36.328] [RightTransferStation] Move XY Axis Error
[08:05:02.938] [RightTransferStation] Move XY Axis Error
[08:07:02.106] [RightTransferStation] Move XY Axis Error
[08:07:46.891] [RightTransferStation] Move XY Axis Error
[08:11:38.400] [RightTransferStation] Move XY Axis Error
[08:13:24.399] [RightTransferStation] Move XY Axis Error
[08:18:10.651] [RightTransferStation] Move XY Axis Error
[08:18:15.154] [RightTransferStation] Move XY Axis Error
[08:18:28.312] [RightTransferStation] Move XY Axis Error
[08:19:47.385] [RightTransferStation] Move XY Axis Error
[08:20:09.676] [RightTransferStation] Move XY Axis Error
[08:20:38.615] [RightTransferStation] Move XY Axis Error
[08:21:01.903] [RightTransferStation] Move XY Axis Error
[08:21:25.440] [RightTransferStation] Move XY Axis Error
[08:31:39.649] [RightTransferStation] Move XY Axis Error
[08:31:43.913] [RightTransferStation] Move XY Axis Error
[08:32:15.890] [RightTransferStation] Move XY Axis Error
[08:32:19.896] [RightTransferStation] Move XY Axis Error
[08:32:38.751] [RightTransferStation] Move XY Axis Error
[08:33:38.487] [RightTransferStation] Move XY Axis Error
[08:34:35.825] [RightTransferStation] Move XY Axis Error
[08:35:16.984] [RightTransferStation] Move XY Axis Error
[08:45:10.630] [RightTransferStation] Move XY Axis Error
[08:45:28.084] [RightTransferStation] Move XY Axis Error
[08:46:22.943] [RightTransferStation] Move XY Axis Error
[08:47:26.758] [RightTransferStation] Move XY Axis Error
[08:47:44.842] [RightTransferStation] Move XY Axis Error
[08:54:00.812] [RightTransferStation] Move XY Axis Error
[08:54:21.565] [RightTransferStation] Move XY Axis Error
[08:56:36.260] [RightTransferStation] Move XY Axis Error
[08:56:52.948] [RightTransferStation] Move XY Axis Error
[08:56:57.565] [RightTransferStation] Move XY Axis Error
[08:57:16.627] [RightTransferStation] Move XY Axis Error
[08:57:36.299] [RightTransferStation] Move XY Axis Error
[09:00:29.101] [MainControlStation] Right Door Open
[09:05:51.098] [RightTransferStation] Move XY Axis Error
[09:06:13.254] [RightTransferStation] Move XY Axis Error
[09:18:49.781] [RightTransferStation] Move XY Axis Error
[09:19:10.262] [RightTransferStation] Move XY Axis Error
[09:22:30.989] [RightTransferStation] Move XY Axis Error
[09:22:52.899] [RightTransferStation] Move XY Axis Error
[09:23:22.458] [LeftTransferStation] Vacuum Error
[09:23:40.742] [LeftTransferStation] Vacuum Error
[09:23:45.207] [RightTransferStation] Move XY Axis Error
[09:26:08.463] [RightTransferStation] Move XY Axis Error
[09:40:12.780] [RightTransferStation] Move XY Axis Error
[09:40:36.695] [RightTransferStation] Move XY Axis Error
[09:54:01.266] [RightTransferStation] Move XY Axis Error
[09:54:16.413] [LeftPPStation] Load Cylinder Vacuum Error
[09:58:43.612] [RightTransferStation] Move XY Axis Error
[09:59:40.287] [RightTransferStation] Move XY Axis Error
[10:07:36.941] [RightTransferStation] Move XY Axis Error
[10:07:57.356] [RightTransferStation] Move XY Axis Error
[10:08:28.040] [RightTransferStation] Move XY Axis Error
[10:10:17.986] [RightTransferStation] Move XY Axis Error
[10:10:47.200] [RightTransferStation] Move XY Axis Error
[10:10:55.463] [LeftTransferStation] Move XY Axis Error
[10:11:02.326] [RightTransferStation] Move XY Axis Error
[10:11:05.628] [RightTransferStation] Move XY Axis Error
[10:12:22.977] [RightTransferStation] Move XY Axis Error
[10:12:45.957] [RightTransferStation] Move XY Axis Error
[10:14:20.176] [RightTransferStation] Move XY Axis Error
[10:14:38.972] [RightTransferStation] Move XY Axis Error
[10:19:56.519] [RightPPStation] Load Buffer Set Exist
[10:20:23.230] [RightTransferStation] Vacuum Error
[10:22:48.710] [RightTransferStation] Move XY Axis Error
[10:22:56.182] [RightTransferStation] Move XY Axis Error
[10:22:58.083] [RightTransferStation] Move XY Axis Error
[10:23:01.231] [RightTransferStation] Move XY Axis Error
[10:23:05.562] [RightTransferStation] Move XY Axis Error
[10:23:57.040] [RightTransferStation] Move XY Axis Error
[10:24:24.538] [RightTransferStation] Move XY Axis Error
[10:25:39.198] [RightTransferStation] Move XY Axis Error
[10:25:56.742] [RightTransferStation] Move XY Axis Error
[10:34:42.586] [RightTransferStation] Move XY Axis Error
[10:35:02.686] [RightTransferStation] Move XY Axis Error
[10:35:24.302] [RightTransferStation] Move XY Axis Error
[10:35:39.675] [RightTransferStation] Move XY Axis Error
[10:42:14.142] [RightTransferStation] Move XY Axis Error
[10:42:19.253] [RightTransferStation] Move XY Axis Error
[10:42:21.199] [RightTransferStation] Move XY Axis Error
[10:42:23.231] [RightTransferStation] Move XY Axis Error
[10:42:35.871] [RightTransferStation] Move XY Axis Error
[10:42:41.851] [RightTransferStation] Move XY Axis Error
[10:43:01.701] [RightTransferStation] Move XY Axis Error
[10:45:21.615] [RightTransferStation] Move XY Axis Error
[10:45:49.749] [RightTransferStation] Move XY Axis Error
[10:47:51.150] [RightTransferStation] Move XY Axis Error
[10:48:42.745] [RightTransferStation] Move XY Axis Error
[10:52:07.206] [RightTransferStation] Move XY Axis Error
[10:52:23.134] [RightTransferStation] Move XY Axis Error
[10:58:39.710] [RightTransferStation] Move XY Axis Error
[10:59:01.671] [RightTransferStation] Move XY Axis Error
[10:59:25.635] [RightTransferStation] Move XY Axis Error
[10:59:54.676] [RightTransferStation] Move XY Axis Error
[11:01:09.226] [RightTransferStation] Move XY Axis Error
[11:01:27.563] [RightTransferStation] Move XY Axis Error
[11:05:36.817] [LeftTransferStation] Vacuum Error
[11:09:45.521] [RightTransferStation] Move XY Axis Error
[11:09:48.485] [RightTransferStation] Move XY Axis Error
[11:10:11.985] [RightTransferStation] Move XY Axis Error
[11:11:19.060] [RightTransferStation] Move XY Axis Error
[11:11:26.504] [RightTransferStation] Move XY Axis Error
[11:11:37.765] [RightTransferStation] Move XY Axis Error
[11:11:58.870] [RightPPStation] Load Buffer Set Exist
[11:12:13.845] [RightTransferStation] Vacuum Error
[11:18:07.608] [RightTransferStation] Move XY Axis Error
[11:18:25.050] [RightTransferStation] Move XY Axis Error
[11:18:50.225] [RightTransferStation] Move XY Axis Error
[11:19:07.840] [RightTransferStation] Move XY Axis Error
[11:24:14.270] [RightTransferStation] Move XY Axis Error
[11:25:00.856] [RightTransferStation] Move XY Axis Error
[11:25:50.710] [RightTransferStation] Move XY Axis Error
[11:25:53.094] [RightTransferStation] Move XY Axis Error
[11:26:06.696] [RightTransferStation] Move XY Axis Error
[11:31:48.647] [RightTransferStation] Move XY Axis Error
[11:32:05.415] [RightTransferStation] Move XY Axis Error
[11:33:04.038] [RightTransferStation] Move XY Axis Error
[11:33:12.391] [LeftTransferStation] Move XY Axis Error
[11:33:24.261] [RightTransferStation] Move XY Axis Error
[11:33:58.031] [RightTransferStation] Move XY Axis Error
[11:35:02.968] [RightTransferStation] Move XY Axis Error
[11:42:43.760] [RightTransferStation] Move XY Axis Error
[11:42:45.918] [RightTransferStation] Move XY Axis Error
[11:49:06.565] [RightTransferStation] Move XY Axis Error
[11:49:36.585] [RightTransferStation] Move XY Axis Error
[11:56:32.557] [RightTransferStation] Vacuum Error
[12:38:32.429] [RightPPStation] Unload Buffer Set Not Exist
[12:39:20.681] [RightTransferStation] Unload Buffer Set Exist
[12:39:35.744] [RightTransferStation] Unload Buffer Set Exist
[12:39:37.878] [RightTransferStation] Unload Buffer Set Exist
[12:53:55.225] [RightTransferStation] Move XY Axis Error
[12:54:18.415] [RightTransferStation] Move XY Axis Error
[12:55:01.295] [RightTransferStation] Move XY Axis Error
[12:57:28.953] [RightTransferStation] Move XY Axis Error
[13:07:58.113] [LeftTransferStation] Move XY Axis Error
[13:08:51.396] [RightTransferStation] Move XY Axis Error
[13:17:09.853] [RightTransferStation] Move XY Axis Error
[13:17:38.056] [RightTransferStation] Move XY Axis Error
[13:19:48.854] [RightTransferStation] Move XY Axis Error
[13:20:36.461] [RightTransferStation] Move XY Axis Error
[13:21:21.028] [RightTransferStation] Move XY Axis Error
[13:22:11.963] [RightTransferStation] Move XY Axis Error
[13:30:35.893] [RightTransferStation] Move XY Axis Error
[13:30:55.477] [RightTransferStation] Move XY Axis Error
[13:31:40.492] [RightTransferStation] Move XY Axis Error
[13:32:02.872] [RightTransferStation] Move XY Axis Error
[13:32:24.473] [RightTransferStation] Move XY Axis Error
[13:32:27.491] [RightTransferStation] Move XY Axis Error
[13:33:09.231] [RightTransferStation] Move XY Axis Error
[13:34:23.468] [RightTransferStation] Move XY Axis Error
[13:36:27.150] [RightTransferStation] Move XY Axis Error
[13:36:55.785] [RightTransferStation] Move XY Axis Error
[13:38:01.771] [RightTransferStation] Move XY Axis Error
[13:38:49.840] [RightTransferStation] Move XY Axis Error
[13:39:15.312] [RightTransferStation] Move XY Axis Error
[13:39:18.785] [RightTransferStation] Move XY Axis Error
[13:39:21.819] [RightTransferStation] Move XY Axis Error
[13:39:46.830] [RightTransferStation] Move XY Axis Error
[13:40:47.631] [LeftPPStation] Unload Cylinder Vacuum Error
[13:42:04.321] [LeftTransferStation] Unload Buffer Set Exist
[13:51:46.514] [RightTransferStation] Move XY Axis Error
[13:51:51.662] [RightTransferStation] Move XY Axis Error
[13:52:19.191] [RightTransferStation] Move XY Axis Error
[13:52:24.620] [RightTransferStation] Move XY Axis Error
[13:52:27.901] [RightTransferStation] Move XY Axis Error
[13:52:30.612] [RightTransferStation] Move XY Axis Error
[13:54:07.810] [RightTransferStation] Move XY Axis Error
[14:03:19.190] [RightTransferStation] Move XY Axis Error
[14:03:28.604] [LeftPPStation] Load Cylinder Vacuum Error
[14:12:42.632] [RightTransferStation] Move XY Axis Error
[14:13:01.128] [RightTransferStation] Move XY Axis Error
[14:16:48.662] [RightTransferStation] Move XY Axis Error
[14:18:55.158] [RightTransferStation] Move XY Axis Error
[14:19:51.858] [RightTransferStation] Move XY Axis Error
[14:20:09.836] [RightTransferStation] Move XY Axis Error
[14:21:31.487] [LeftPPStation] Unload Cylinder Up Error
[14:25:03.361] [RightTransferStation] Move XY Axis Error
[14:26:08.114] [RightTransferStation] Move XY Axis Error
[14:28:36.178] [RightTransferStation] Move XY Axis Error
[14:30:00.376] [RightTransferStation] Move XY Axis Error
[14:31:47.774] [RightTransferStation] Move XY Axis Error
[14:31:50.637] [RightTransferStation] Move XY Axis Error
[14:31:52.538] [RightTransferStation] Move XY Axis Error
[14:37:03.623] [RightTransferStation] Move XY Axis Error
[14:37:23.406] [RightTransferStation] Move XY Axis Error
[14:37:38.017] [RightTransferStation] Move XY Axis Error
[14:40:24.736] [RightTransferStation] Move XY Axis Error
[14:45:05.098] [RightTransferStation] Move XY Axis Error
[14:45:10.662] [RightTransferStation] Move XY Axis Error
[14:45:12.564] [RightTransferStation] Move XY Axis Error
[14:45:14.620] [RightTransferStation] Move XY Axis Error
[14:45:16.478] [RightTransferStation] Move XY Axis Error
[14:45:30.479] [RightTransferStation] Move XY Axis Error
[14:45:35.275] [RightTransferStation] Move XY Axis Error
[14:45:40.740] [RightTransferStation] Move XY Axis Error
[14:45:56.116] [RightTransferStation] Move XY Axis Error
[14:45:58.104] [RightTransferStation] Move XY Axis Error
[14:46:34.129] [RightTransferStation] Move XY Axis Error
[14:46:38.625] [RightTransferStation] Move XY Axis Error
[14:46:40.690] [RightTransferStation] Move XY Axis Error
[14:46:43.836] [RightTransferStation] Move XY Axis Error
[14:47:21.960] [RightTransferStation] Move XY Axis Error
[14:47:53.108] [RightTransferStation] Move XY Axis Error
[14:48:15.803] [RightTransferStation] Move XY Axis Error
[14:48:19.046] [RightTransferStation] Move XY Axis Error
[14:48:20.858] [RightTransferStation] Move XY Axis Error
[14:48:41.389] [MainControlStation] Left Door Open
[14:48:57.544] [RightTransferStation] Move XY Axis Error
[14:49:19.024] [RightTransferStation] Move XY Axis Error
[14:49:37.605] [RightTransferStation] Move XY Axis Error
[14:49:42.458] [RightTransferStation] Move XY Axis Error
[14:49:44.407] [RightTransferStation] Move XY Axis Error
[14:50:32.655] [RightTransferStation] Move XY Axis Error
[14:50:54.482] [RightTransferStation] Move XY Axis Error
[14:57:06.710] [LeftTransferStation] Vacuum Error
[14:57:47.506] [LeftTransferStation] Vacuum Error
[15:02:56.150] [RightPPStation] Load Buffer Set Exist
[15:03:31.544] [RightTransferStation] Vacuum Error
[15:05:50.327] [LeftPPStation] Unload Cylinder Up Error
[15:07:14.769] [LeftPPStation] Unload Cylinder Up Error
[15:12:35.782] [RightTransferStation] Move XY Axis Error
[15:12:42.899] [RightTransferStation] Move XY Axis Error
[15:13:22.265] [RightTransferStation] Move XY Axis Error
[15:13:41.498] [RightTransferStation] Move XY Axis Error
[15:13:57.771] [RightTransferStation] Move XY Axis Error
[15:15:37.065] [RightTransferStation] Move XY Axis Error
[15:16:25.175] [RightTransferStation] Move XY Axis Error
[15:26:38.076] [RightTransferStation] Move XY Axis Error
[15:26:57.277] [RightTransferStation] Move XY Axis Error
[15:27:31.625] [RightTransferStation] Move XY Axis Error
[15:27:34.829] [RightTransferStation] Move XY Axis Error
[15:27:44.824] [RightTransferStation] Move XY Axis Error
[15:27:48.076] [RightTransferStation] Move XY Axis Error
[15:28:31.121] [RightTransferStation] Move XY Axis Error
[15:36:19.448] [RightTransferStation] Move XY Axis Error
[15:36:41.448] [RightTransferStation] Move XY Axis Error
[15:38:25.904] [RightTransferStation] Move XY Axis Error
[15:38:51.667] [RightTransferStation] Move XY Axis Error
[15:39:24.326] [RightTransferStation] Move XY Axis Error
[15:39:37.524] [RightTransferStation] Move XY Axis Error
[15:39:53.150] [RightTransferStation] Move XY Axis Error
[15:39:56.351] [RightTransferStation] Move XY Axis Error
[15:40:26.306] [RightTransferStation] Move XY Axis Error
[15:42:10.248] [LeftTransferStation] Vacuum Error
[15:51:26.754] [RightTransferStation] Move XY Axis Error
[15:51:31.024] [RightTransferStation] Move XY Axis Error
[15:52:10.754] [RightTransferStation] Move XY Axis Error
[15:53:00.009] [RightTransferStation] Move XY Axis Error
[15:53:03.330] [RightTransferStation] Move XY Axis Error
[15:53:16.384] [RightTransferStation] Move XY Axis Error
[15:58:34.850] [RightTransferStation] Move XY Axis Error
[15:58:50.868] [RightTransferStation] Move XY Axis Error
[15:59:51.859] [RightTransferStation] Move XY Axis Error
[16:00:22.492] [RightTransferStation] Move XY Axis Error
[16:00:38.184] [RightTransferStation] Vacuum Error
[16:01:10.641] [RightTransferStation] Move Z Axis Error
[16:01:16.305] [RightTransferStation] Move Z Axis Error
[16:01:17.988] [RightTransferStation] Move Z Axis Error
[16:01:34.887] [RightTransferStation] Move Z Axis Error
[16:04:21.786] [RightTransferStation] Move XY Axis Error
[16:04:48.486] [RightTransferStation] Move XY Axis Error
[16:15:15.244] [RightTransferStation] Move XY Axis Error
[16:15:50.477] [RightTransferStation] Move XY Axis Error
[16:18:01.576] [RightTransferStation] Move XY Axis Error
[16:19:09.679] [RightTransferStation] Move XY Axis Error
[16:19:14.193] [RightTransferStation] Move XY Axis Error
[16:20:00.607] [RightTransferStation] Move XY Axis Error
[16:31:43.134] [RightTransferStation] Move XY Axis Error
[16:34:46.034] [RightTransferStation] Move XY Axis Error
[16:35:11.531] [RightTransferStation] Move XY Axis Error
[16:41:18.711] [LeftPPStation] Unload Cylinder Up Error
[16:41:46.823] [RightTransferStation] Move XY Axis Error
[16:42:36.396] [RightTransferStation] Move XY Axis Error
[16:43:14.396] [RightTransferStation] Move XY Axis Error
[16:43:39.194] [RightTransferStation] Move XY Axis Error
[16:43:57.255] [RightTransferStation] Move XY Axis Error
[16:44:06.432] [RightTransferStation] Move XY Axis Error
[16:44:39.628] [RightTransferStation] Move XY Axis Error
[16:48:44.734] [RightTransferStation] Move XY Axis Error
[16:49:08.751] [RightTransferStation] Move XY Axis Error
[16:54:49.441] [RightTransferStation] Move XY Axis Error
[16:55:06.784] [RightTransferStation] Move XY Axis Error
[16:56:24.791] [LeftPPStation] Load Cylinder Vacuum Error
[16:56:57.177] [RightTransferStation] Move XY Axis Error
[16:58:09.138] [RightTransferStation] Move XY Axis Error
[16:59:25.168] [RightTransferStation] Move XY Axis Error
[17:00:09.263] [RightTransferStation] Move XY Axis Error
[17:04:33.163] [RightTransferStation] Move XY Axis Error
[17:04:52.569] [RightTransferStation] Move XY Axis Error
[17:08:35.834] [RightTransferStation] Move XY Axis Error
[17:09:06.587] [RightTransferStation] Move XY Axis Error
[17:10:11.687] [RightTransferStation] Move XY Axis Error
[17:10:35.752] [RightTransferStation] Move XY Axis Error
[17:11:13.926] [RightTransferStation] Move XY Axis Error
[17:11:23.875] [RightTransferStation] Move XY Axis Error
[17:11:36.142] [RightTransferStation] Move XY Axis Error
[17:13:06.439] [RightTransferStation] Move XY Axis Error
[17:13:13.239] [RightTransferStation] Move XY Axis Error
[17:13:49.247] [RightTransferStation] Move XY Axis Error
[17:21:08.715] [RightTransferStation] Move XY Axis Error
[17:21:24.828] [RightTransferStation] Move XY Axis Error
[17:21:26.713] [RightTransferStation] Move XY Axis Error
[17:21:28.720] [RightTransferStation] Move XY Axis Error
[17:22:02.186] [RightTransferStation] Move XY Axis Error
[17:22:05.490] [RightTransferStation] Move XY Axis Error
[17:22:07.372] [RightTransferStation] Move XY Axis Error
[17:22:29.846] [RightTransferStation] Move XY Axis Error
[17:22:33.232] [RightTransferStation] Move XY Axis Error
[17:22:53.541] [RightTransferStation] Move XY Axis Error
[17:23:22.602] [RightTransferStation] Move XY Axis Error
[17:23:43.589] [RightTransferStation] Move XY Axis Error
[17:24:33.622] [RightTransferStation] Move XY Axis Error
[17:25:06.489] [LeftPPStation] Unload Cylinder Up Error
[17:27:54.962] [RightTransferStation] Move XY Axis Error
[17:28:13.621] [RightTransferStation] Move XY Axis Error
[17:31:28.423] [RightTransferStation] Move XY Axis Error
[17:34:15.550] [RightTransferStation] Move XY Axis Error
[17:34:47.805] [RightTransferStation] Move XY Axis Error
[17:34:55.428] [RightTransferStation] Move XY Axis Error
[17:36:10.234] [RightTransferStation] Move XY Axis Error
[17:37:41.269] [LeftTransferStation] Vacuum Error
[17:39:25.885] [RightTransferStation] Move XY Axis Error
[17:40:08.524] [RightTransferStation] Move XY Axis Error
[17:41:20.849] [RightTransferStation] Move XY Axis Error
[17:44:51.705] [RightTransferStation] Move XY Axis Error
[17:45:39.009] [RightTransferStation] Move XY Axis Error
[17:48:08.106] [RightTransferStation] Move XY Axis Error
[17:50:02.318] [RightTransferStation] Move XY Axis Error
[17:53:49.083] [RightTransferStation] Move XY Axis Error
[17:54:05.140] [RightTransferStation] Move XY Axis Error
[17:57:17.814] [RightTransferStation] Move XY Axis Error
[17:57:35.271] [RightTransferStation] Move XY Axis Error
[17:57:42.314] [RightTransferStation] Move XY Axis Error
[17:58:14.454] [RightTransferStation] Move XY Axis Error
[18:14:16.936] [LeftPPStation] Unload Cylinder Vacuum Error
[18:14:28.883] [LeftPPStation] Unload Cylinder Vacuum Error
[18:14:42.042] [LeftPPStation] Unload Cylinder Vacuum Error
[18:15:44.673] [LeftPPStation] Unload Cylinder Up Error
[18:17:51.736] [LeftPPStation] Unload Cylinder Up Error
[18:18:00.419] [LeftPPStation] Unload Cylinder Up Error
[18:18:06.068] [LeftPPStation] Unload Cylinder Up Error
[18:18:14.872] [LeftPPStation] Unload Cylinder Vacuum Error
[18:24:56.336] [RightTransferStation] Move XY Axis Error
[18:25:17.967] [RightTransferStation] Move XY Axis Error
[18:25:53.293] [RightTransferStation] Move XY Axis Error
[18:25:59.516] [RightTransferStation] Move XY Axis Error
[18:26:01.254] [RightTransferStation] Move XY Axis Error
[18:26:53.833] [RightTransferStation] Move XY Axis Error
[18:32:12.696] [RightTransferStation] Move XY Axis Error
[18:32:34.630] [RightTransferStation] Move XY Axis Error
[18:35:19.779] [LeftPPStation] Unload Cylinder Up Error
[18:35:38.831] [LeftPPStation] Unload Cylinder Up Error
[18:36:51.135] [LeftPPStation] Unload Cylinder Up Error
[18:37:29.231] [RightTransferStation] Move XY Axis Error
[18:38:38.506] [RightTransferStation] Move XY Axis Error
[18:41:35.423] [RightTransferStation] Move XY Axis Error
[18:44:48.404] [RightTransferStation] Move XY Axis Error
[18:45:09.428] [RightTransferStation] Move XY Axis Error
[18:53:53.429] [RightTransferStation] Move XY Axis Error
[18:54:13.161] [RightTransferStation] Move XY Axis Error
[18:55:13.405] [RightTransferStation] Move XY Axis Error
[18:55:27.607] [RightTransferStation] Move XY Axis Error
[18:55:32.833] [RightTransferStation] Move XY Axis Error
[18:55:37.230] [RightTransferStation] Move XY Axis Error
[18:56:10.752] [RightTransferStation] Move XY Axis Error
[18:56:21.113] [RightTransferStation] Move XY Axis Error
[18:56:24.128] [RightTransferStation] Move XY Axis Error
[18:56:46.200] [RightTransferStation] Move XY Axis Error
[18:58:26.651] [RightTransferStation] Move XY Axis Error
[19:02:37.271] [RightTransferStation] Move XY Axis Error
[19:02:41.014] [RightTransferStation] Move XY Axis Error
[19:05:57.425] [RightTransferStation] Move XY Axis Error
[19:10:09.119] [RightTransferStation] Move XY Axis Error
[19:10:32.693] [RightTransferStation] Move XY Axis Error
[19:11:18.358] [RightTransferStation] Move XY Axis Error
[19:11:23.489] [RightTransferStation] Move XY Axis Error
[19:11:31.480] [RightTransferStation] Move XY Axis Error
[19:12:47.206] [RightTransferStation] Move XY Axis Error
[19:14:24.315] [RightTransferStation] Move XY Axis Error
[19:14:32.751] [RightTransferStation] Move XY Axis Error
[19:14:34.432] [RightTransferStation] Move XY Axis Error
[19:14:36.017] [RightTransferStation] Move XY Axis Error
[19:15:24.650] [RightTransferStation] Move XY Axis Error
[19:15:54.543] [RightTransferStation] Move XY Axis Error
[19:16:13.718] [RightTransferStation] Move XY Axis Error
[19:16:18.151] [RightTransferStation] Move XY Axis Error
[19:16:20.751] [RightTransferStation] Move XY Axis Error
[19:17:10.026] [RightTransferStation] Move XY Axis Error
[19:33:37.380] [MainControlStation] Right Door Open
