[06:44:05.562] ---- [Flow] CT_START Set
[06:44:05.583] ---- [Event] AutoStop : CT_START
[06:44:05.583] [m_nState] Auto State
[06:44:06.556] ---- [Flow] CT_START Set
[06:46:06.162] ---- [Flow] CT_START Set
[07:03:02.786] ---- [Flow] CT_START Set
[07:03:17.505] ---- [Flow] CT_START Set
[07:12:24.033] ---- [Flow] CT_START Set
[07:19:18.718] ---- [Flow] CT_START Set
[07:19:35.293] ---- [Flow] CT_START Set
[07:20:00.595] ---- [Flow] CT_START Set
[07:20:16.614] ---- [Flow] CT_START Set
[07:20:39.404] ---- [Flow] CT_START Set
[07:21:05.131] ---- [Flow] CT_START Set
[07:26:44.543] ---- [Flow] CT_START Set
[07:26:51.126] ---- [Flow] CT_START Set
[08:05:01.508] ---- [Flow] CT_START Set
[08:05:02.054] ---- [Flow] CT_START Set
[08:07:45.496] ---- [Flow] CT_START Set
[08:07:45.927] ---- [Flow] CT_START Set
[08:13:23.077] ---- [Flow] CT_START Set
[08:13:23.359] ---- [Flow] CT_START Set
[08:18:13.926] ---- [Flow] CT_START Set
[08:18:27.042] ---- [Flow] CT_START Set
[08:20:08.442] ---- [Flow] CT_START Set
[08:20:37.447] ---- [Flow] CT_START Set
[08:21:00.489] ---- [Flow] CT_START Set
[08:21:24.562] ---- [Flow] CT_START Set
[08:21:30.235] ---- [Flow] CT_START Set
[08:31:42.685] ---- [Flow] CT_START Set
[08:32:15.074] ---- [Flow] CT_START Set
[08:32:17.230] ---- [Flow] CT_START Set
[08:32:37.881] ---- [Flow] CT_START Set
[08:33:37.508] ---- [Flow] CT_START Set
[08:33:42.424] ---- [Flow] CT_START Set
[08:35:15.936] ---- [Flow] CT_START Set
[08:35:19.278] ---- [Flow] CT_START Set
[08:45:27.238] ---- [Flow] CT_START Set
[08:45:29.140] ---- [Flow] CT_START Set
[08:46:26.472] ---- [Flow] CT_START Set
[08:47:44.177] ---- [Flow] CT_START Set
[08:47:45.156] ---- [Flow] CT_START Set
[08:54:20.273] ---- [Flow] CT_START Set
[08:54:20.574] ---- [Flow] CT_START Set
[08:56:51.880] ---- [Flow] CT_START Set
[08:56:53.229] ---- [Flow] CT_START Set
[08:57:16.093] ---- [Flow] CT_START Set
[08:57:35.442] ---- [Flow] CT_START Set
[08:57:38.222] ---- [Flow] CT_START Set
[09:06:12.246] ---- [Flow] CT_START Set
[09:06:15.419] ---- [Flow] CT_START Set
[09:19:09.255] ---- [Flow] CT_START Set
[09:19:10.063] ---- [Flow] CT_START Set
[09:22:52.132] ---- [Flow] CT_START Set
[09:22:53.775] ---- [Flow] CT_START Set
[09:23:28.331] ---- [Flow] CT_START Set
[09:23:40.088] ---- [Flow] CT_START Set
[09:23:40.518] ---- [Flow] CT_START Set
[09:26:07.968] ---- [Flow] CT_START Set
[09:26:10.282] ---- [Flow] CT_START Set
[09:40:35.472] ---- [Flow] CT_START Set
[09:40:36.186] ---- [Flow] CT_START Set
[09:54:20.454] ---- [Flow] CT_START Set
[09:54:21.542] ---- [Flow] CT_STOP Set
[09:54:21.563] ---- [Event] Auto : CT_STOP
[09:54:21.563] --------- [Monitor] StopTasks() : before m_stopped
[09:54:21.575] --------- [Monitor] StopTasks() : m_stopped
[09:54:21.575] [m_nState] AutoStop State
[09:54:21.581] ---- [Flow] CT_STOP Set
[09:54:21.616] ---- [Flow] CT_STOP Set
[09:54:21.649] ---- [Flow] CT_STOP Set
[09:54:21.681] ---- [Flow] CT_STOP Set
[09:54:21.714] ---- [Flow] CT_STOP Set
[09:54:21.746] ---- [Flow] CT_STOP Set
[09:54:25.282] ---- [Flow] CT_START Set
[09:54:25.304] ---- [Event] AutoStop : CT_START
[09:54:25.304] [m_nState] Auto State
[09:54:28.361] ---- [Flow] CT_START Set
[09:59:39.244] ---- [Flow] CT_START Set
[09:59:41.400] ---- [Flow] CT_START Set
[10:07:56.456] ---- [Flow] CT_START Set
[10:07:57.322] ---- [Flow] CT_START Set
[10:08:30.891] ---- [Flow] CT_STOP Set
[10:08:30.912] ---- [Event] Auto : CT_STOP
[10:08:30.912] --------- [Monitor] StopTasks() : before m_stopped
[10:08:30.912] --------- [Monitor] StopTasks() : m_stopped
[10:08:30.912] [m_nState] AutoStop State
[10:08:30.922] ---- [Flow] CT_STOP Set
[10:08:30.953] ---- [Flow] CT_STOP Set
[10:08:30.985] ---- [Flow] CT_STOP Set
[10:08:31.017] ---- [Flow] CT_STOP Set
[10:08:32.819] ---- [Flow] CT_STOP Set
[10:08:32.851] ---- [Flow] CT_STOP Set
[10:08:32.882] ---- [Flow] CT_STOP Set
[10:08:32.913] ---- [Flow] CT_STOP Set
[10:08:32.945] ---- [Flow] CT_STOP Set
[10:08:32.977] ---- [Flow] CT_STOP Set
[10:08:33.008] ---- [Flow] CT_STOP Set
[10:08:44.614] ---- [Flow] CT_START Set
[10:08:44.636] ---- [Event] AutoStop : CT_START
[10:08:44.636] [m_nState] Auto State
[10:08:44.978] ---- [Flow] CT_START Set
[10:08:46.697] ---- [Flow] CT_START Set
[10:10:05.737] ---- [Flow] CT_START Set
[10:10:07.021] ---- [Flow] CT_START Set
[10:10:08.672] ---- [Flow] CT_STOP Set
[10:10:08.693] ---- [Event] Auto : CT_STOP
[10:10:08.693] --------- [Monitor] StopTasks() : before m_stopped
[10:10:08.693] --------- [Monitor] StopTasks() : m_stopped
[10:10:08.693] [m_nState] AutoStop State
[10:10:08.704] ---- [Flow] CT_STOP Set
[10:10:08.734] ---- [Flow] CT_STOP Set
[10:10:08.873] ---- [Flow] CT_STOP Set
[10:10:08.904] ---- [Flow] CT_STOP Set
[10:10:09.051] ---- [Flow] CT_STOP Set
[10:10:09.191] ---- [Flow] CT_STOP Set
[10:10:09.222] ---- [Flow] CT_STOP Set
[10:10:09.626] ---- [Flow] CT_STOP Set
[10:10:09.657] ---- [Flow] CT_STOP Set
[10:10:10.458] ---- [Flow] CT_STOP Set
[10:10:10.554] ---- [Flow] CT_STOP Set
[10:10:16.630] ---- [Flow] CT_START Set
[10:10:16.651] ---- [Event] AutoStop : CT_START
[10:10:16.651] [m_nState] Auto State
[10:10:17.597] ---- [Flow] CT_START Set
[10:10:20.087] ---- [Flow] CT_START Set
[10:10:57.819] ---- [Flow] CT_STOP Set
[10:10:57.841] ---- [Event] Auto : CT_STOP
[10:10:57.841] --------- [Monitor] StopTasks() : before m_stopped
[10:10:57.854] --------- [Monitor] StopTasks() : m_stopped
[10:10:57.854] [m_nState] AutoStop State
[10:10:57.860] ---- [Flow] CT_STOP Set
[10:10:58.787] ---- [Flow] CT_START Set
[10:10:58.809] ---- [Event] AutoStop : CT_START
[10:10:58.809] [m_nState] Auto State
[10:11:00.983] ---- [Flow] CT_START Set
[10:11:04.382] ---- [Flow] CT_START Set
[10:11:06.573] ---- [Flow] CT_START Set
[10:12:45.558] ---- [Flow] CT_START Set
[10:12:45.908] ---- [Flow] CT_START Set
[10:12:47.476] ---- [Flow] CT_START Set
[10:14:38.194] ---- [Flow] CT_START Set
[10:14:39.199] ---- [Flow] CT_START Set
[10:20:03.589] ---- [Flow] CT_START Set
[10:20:27.378] ---- [Flow] CT_START Set
[10:20:30.602] ---- [Flow] CT_START Set
[10:22:54.905] ---- [Flow] CT_START Set
[10:22:56.310] ---- [Flow] CT_START Set
[10:22:58.328] ---- [Flow] CT_START Set
[10:22:59.900] ---- [Flow] CT_START Set
[10:23:00.256] ---- [Flow] CT_START Set
[10:23:04.854] ---- [Flow] CT_START Set
[10:23:05.248] ---- [Flow] CT_START Set
[10:23:05.605] ---- [Flow] CT_START Set
[10:23:06.317] ---- [Flow] CT_START Set
[10:24:24.225] ---- [Flow] CT_START Set
[10:24:24.930] ---- [Flow] CT_START Set
[10:24:25.335] ---- [Flow] CT_START Set
[10:25:55.748] ---- [Flow] CT_START Set
[10:25:56.590] ---- [Flow] CT_START Set
[10:35:01.357] ---- [Flow] CT_START Set
[10:35:01.771] ---- [Flow] CT_START Set
[10:35:38.747] ---- [Flow] CT_START Set
[10:35:39.369] ---- [Flow] CT_START Set
[10:35:39.880] ---- [Flow] CT_START Set
[10:42:17.906] ---- [Flow] CT_START Set
[10:42:18.614] ---- [Flow] CT_START Set
[10:42:19.161] ---- [Flow] CT_START Set
[10:42:20.330] ---- [Flow] CT_START Set
[10:42:21.335] ---- [Flow] CT_START Set
[10:42:22.697] ---- [Flow] CT_START Set
[10:42:34.254] ---- [Flow] CT_START Set
[10:42:34.812] ---- [Flow] CT_START Set
[10:42:41.747] ---- [Flow] CT_START Set
[10:43:00.634] ---- [Flow] CT_START Set
[10:43:01.656] ---- [Flow] CT_START Set
[10:45:48.403] ---- [Flow] CT_START Set
[10:45:49.194] ---- [Flow] CT_START Set
[10:48:41.427] ---- [Flow] CT_START Set
[10:48:41.794] ---- [Flow] CT_START Set
[10:52:22.045] ---- [Flow] CT_START Set
[10:52:23.138] ---- [Flow] CT_START Set
[10:59:01.354] ---- [Flow] CT_START Set
[10:59:02.187] ---- [Flow] CT_START Set
[10:59:03.297] ---- [Flow] CT_START Set
[10:59:54.080] ---- [Flow] CT_START Set
[10:59:54.705] ---- [Flow] CT_START Set
[10:59:55.319] ---- [Flow] CT_START Set
[11:01:26.812] ---- [Flow] CT_START Set
[11:01:28.136] ---- [Flow] CT_START Set
[11:05:46.458] ---- [Flow] CT_START Set
[11:09:47.771] ---- [Flow] CT_START Set
[11:10:11.078] ---- [Flow] CT_START Set
[11:10:12.907] ---- [Flow] CT_START Set
[11:11:25.258] ---- [Flow] CT_START Set
[11:11:37.156] ---- [Flow] CT_START Set
[11:11:39.328] ---- [Flow] CT_START Set
[11:12:01.952] ---- [Flow] CT_START Set
[11:12:20.734] ---- [Flow] CT_START Set
[11:15:41.073] ---- [Flow] CT_START Set
[11:18:23.662] ---- [Flow] CT_START Set
[11:18:24.767] ---- [Flow] CT_START Set
[11:19:07.225] ---- [Flow] CT_START Set
[11:19:08.233] ---- [Flow] CT_START Set
[11:25:00.111] ---- [Flow] CT_START Set
[11:25:02.439] ---- [Flow] CT_START Set
[11:25:51.872] ---- [Flow] CT_START Set
[11:26:06.027] ---- [Flow] CT_START Set
[11:26:07.560] ---- [Flow] CT_START Set
[11:32:04.421] ---- [Flow] CT_START Set
[11:32:06.521] ---- [Flow] CT_START Set
[11:33:16.479] ---- [Flow] CT_STOP Set
[11:33:16.501] ---- [Event] Auto : CT_STOP
[11:33:16.501] --------- [Monitor] StopTasks() : before m_stopped
[11:33:16.507] --------- [Monitor] StopTasks() : m_stopped
[11:33:16.507] [m_nState] AutoStop State
[11:33:16.572] ---- [Flow] CT_STOP Set
[11:33:20.427] ---- [Flow] CT_START Set
[11:33:20.448] ---- [Event] AutoStop : CT_START
[11:33:20.448] [m_nState] Auto State
[11:33:23.137] ---- [Flow] CT_START Set
[11:33:25.450] ---- [Flow] CT_START Set
[11:35:02.107] ---- [Flow] CT_START Set
[11:35:03.142] ---- [Flow] CT_START Set
[11:42:02.865] ---- [Flow] CT_STOP Set
[11:42:02.887] ---- [Event] Auto : CT_STOP
[11:42:02.887] --------- [Monitor] StopTasks() : before m_stopped
[11:42:02.936] --------- [Monitor] StopTasks() : m_stopped
[11:42:02.936] [m_nState] AutoStop State
[11:42:05.874] ---- [Flow] CT_START Set
[11:42:05.896] ---- [Event] AutoStop : CT_START
[11:42:05.896] [m_nState] Auto State
[11:42:42.513] ---- [Flow] CT_START Set
[11:42:43.022] ---- [Flow] CT_START Set
[11:42:44.630] ---- [Flow] CT_START Set
[11:42:44.943] ---- [Flow] CT_START Set
[11:49:35.302] ---- [Flow] CT_START Set
[11:49:35.552] ---- [Flow] CT_START Set
[11:54:31.631] ---- [Flow] CT_START Set
[11:54:33.133] ---- [Flow] CT_STOP Set
[11:54:33.154] ---- [Event] Auto : CT_STOP
[11:54:33.154] --------- [Monitor] StopTasks() : before m_stopped
[11:54:33.198] --------- [Monitor] StopTasks() : m_stopped
[11:54:33.199] [m_nState] AutoStop State
[11:54:33.223] ---- [Flow] CT_STOP Set
[11:54:40.002] ---- [Flow] CT_START Set
[11:54:40.023] ---- [Event] AutoStop : CT_START
[11:54:40.023] [m_nState] Auto State
[11:54:40.700] ---- [Flow] CT_START Set
[11:54:43.882] ---- [Flow] CT_STOP Set
[11:54:43.903] ---- [Event] Auto : CT_STOP
[11:54:43.903] --------- [Monitor] StopTasks() : before m_stopped
[11:54:43.977] --------- [Monitor] StopTasks() : m_stopped
[11:54:43.977] [m_nState] AutoStop State
[11:54:52.861] ---- [Flow] CT_START Set
[11:54:52.883] ---- [Event] AutoStop : CT_START
[11:54:52.883] [m_nState] Auto State
[11:54:53.269] ---- [Flow] CT_START Set
[11:56:43.956] ---- [Flow] CT_START Set
[12:15:43.457] ---- [Flow] CT_STOP Set
[12:15:43.479] ---- [Event] Auto : CT_STOP
[12:15:43.479] --------- [Monitor] StopTasks() : before m_stopped
[12:15:43.860] --------- [Monitor] StopTasks() : m_stopped
[12:15:43.860] [m_nState] AutoStop State
[12:16:44.068] ---- [Flow] CT_START Set
[12:16:44.090] ---- [Event] AutoStop : CT_START
[12:16:44.090] [m_nState] Auto State
[12:16:44.990] ---- [Flow] CT_START Set
[12:38:58.761] ---- [Flow] CT_START Set
[12:39:35.087] ---- [Flow] CT_START Set
[12:39:36.118] ---- [Flow] CT_START Set
[12:39:36.894] ---- [Flow] CT_START Set
[12:39:36.984] ---- [Flow] CT_START Set
[12:39:39.656] ---- [Flow] CT_START Set
[12:39:39.727] ---- [Flow] CT_START Set
[12:39:39.809] ---- [Flow] CT_START Set
[12:39:40.745] ---- [Flow] CT_START Set
[12:39:40.869] ---- [Flow] CT_START Set
[12:39:53.176] ---- [Flow] CT_START Set
[12:54:17.487] ---- [Flow] CT_START Set
[12:54:18.154] ---- [Flow] CT_START Set
[12:54:21.063] ---- [Flow] CT_START Set
[12:54:22.801] ---- [Flow] CT_START Set
[12:57:28.156] ---- [Flow] CT_START Set
[12:57:31.458] ---- [Flow] CT_START Set
[13:08:00.998] ---- [Flow] CT_STOP Set
[13:08:01.020] ---- [Event] Auto : CT_STOP
[13:08:01.020] --------- [Monitor] StopTasks() : before m_stopped
[13:08:01.020] --------- [Monitor] StopTasks() : m_stopped
[13:08:01.020] [m_nState] AutoStop State
[13:08:01.033] ---- [Flow] CT_STOP Set
[13:08:01.066] ---- [Flow] CT_STOP Set
[13:08:01.098] ---- [Flow] CT_STOP Set
[13:08:01.129] ---- [Flow] CT_STOP Set
[13:08:01.276] ---- [Flow] CT_STOP Set
[13:08:01.309] ---- [Flow] CT_STOP Set
[13:08:01.340] ---- [Flow] CT_STOP Set
[13:08:01.371] ---- [Flow] CT_STOP Set
[13:08:01.403] ---- [Flow] CT_STOP Set
[13:08:01.435] ---- [Flow] CT_STOP Set
[13:08:02.031] ---- [Flow] CT_STOP Set
[13:08:02.067] ---- [Flow] CT_STOP Set
[13:08:07.251] ---- [Flow] CT_START Set
[13:08:07.272] ---- [Event] AutoStop : CT_START
[13:08:07.272] [m_nState] Auto State
[13:08:50.615] ---- [Flow] CT_START Set
[13:08:53.260] ---- [Flow] CT_START Set
[13:17:37.436] ---- [Flow] CT_START Set
[13:17:38.925] ---- [Flow] CT_START Set
[13:20:35.741] ---- [Flow] CT_START Set
[13:20:37.683] ---- [Flow] CT_START Set
[13:22:11.187] ---- [Flow] CT_START Set
[13:22:12.065] ---- [Flow] CT_START Set
[13:30:55.161] ---- [Flow] CT_START Set
[13:30:55.480] ---- [Flow] CT_START Set
[13:30:55.713] ---- [Flow] CT_START Set
[13:32:01.986] ---- [Flow] CT_START Set
[13:32:03.082] ---- [Flow] CT_START Set
[13:32:26.155] ---- [Flow] CT_START Set
[13:32:26.659] ---- [Flow] CT_START Set
[13:33:08.427] ---- [Flow] CT_START Set
[13:33:09.529] ---- [Flow] CT_START Set
[13:36:26.187] ---- [Flow] CT_START Set
[13:36:26.830] ---- [Flow] CT_START Set
[13:36:27.187] ---- [Flow] CT_START Set
[13:38:00.824] ---- [Flow] CT_START Set
[13:38:48.623] ---- [Flow] CT_START Set
[13:38:52.552] ---- [Flow] CT_START Set
[13:39:17.324] ---- [Flow] CT_START Set
[13:39:17.642] ---- [Flow] CT_START Set
[13:39:20.482] ---- [Flow] CT_START Set
[13:39:20.778] ---- [Flow] CT_START Set
[13:39:45.604] ---- [Flow] CT_START Set
[13:39:48.432] ---- [Flow] CT_START Set
[13:40:50.792] ---- [Flow] CT_STOP Set
[13:40:50.813] ---- [Event] Auto : CT_STOP
[13:40:50.813] --------- [Monitor] StopTasks() : before m_stopped
[13:40:51.148] --------- [Monitor] StopTasks() : m_stopped
[13:40:51.148] [m_nState] AutoStop State
[13:41:23.606] ---- [Flow] CT_START Set
[13:41:23.628] ---- [Event] AutoStop : CT_START
[13:41:23.628] [m_nState] Auto State
[13:41:25.128] ---- [Flow] CT_START Set
[13:42:05.966] ---- [Flow] CT_START Set
[13:42:06.066] ---- [Flow] CT_START Set
[13:42:16.033] ---- [Flow] CT_START Set
[13:51:50.223] ---- [Flow] CT_START Set
[13:52:18.890] ---- [Flow] CT_START Set
[13:52:22.003] ---- [Flow] CT_START Set
[13:52:26.585] ---- [Flow] CT_START Set
[13:52:29.270] ---- [Flow] CT_START Set
[13:52:29.634] ---- [Flow] CT_START Set
[13:52:30.476] ---- [Flow] CT_START Set
[13:54:06.646] ---- [Flow] CT_START Set
[13:54:08.815] ---- [Flow] CT_START Set
[14:03:28.541] ---- [Flow] CT_STOP Set
[14:03:28.562] ---- [Event] Auto : CT_STOP
[14:03:28.562] --------- [Monitor] StopTasks() : before m_stopped
[14:03:28.562] --------- [Monitor] StopTasks() : m_stopped
[14:03:28.562] [m_nState] AutoStop State
[14:03:28.580] ---- [Flow] CT_STOP Set
[14:03:28.881] ---- [Flow] CT_STOP Set
[14:03:29.357] ---- [Flow] CT_STOP Set
[14:03:29.391] ---- [Flow] CT_STOP Set
[14:03:29.498] ---- [Flow] CT_STOP Set
[14:03:29.530] ---- [Flow] CT_STOP Set
[14:03:29.562] ---- [Flow] CT_STOP Set
[14:03:29.594] ---- [Flow] CT_STOP Set
[14:03:29.625] ---- [Flow] CT_STOP Set
[14:03:29.657] ---- [Flow] CT_STOP Set
[14:03:29.688] ---- [Flow] CT_STOP Set
[14:03:29.720] ---- [Flow] CT_STOP Set
[14:03:29.829] ---- [Flow] CT_STOP Set
[14:03:29.861] ---- [Flow] CT_STOP Set
[14:03:29.893] ---- [Flow] CT_STOP Set
[14:03:30.075] ---- [Flow] CT_START Set
[14:03:30.097] ---- [Event] AutoStop : CT_START
[14:03:30.097] [m_nState] Auto State
[14:03:30.687] ---- [Flow] CT_START Set
[14:03:31.353] ---- [Flow] CT_START Set
[14:13:00.774] ---- [Flow] CT_START Set
[14:13:01.067] ---- [Flow] CT_START Set
[14:13:03.628] ---- [Flow] CT_START Set
[14:18:54.833] ---- [Flow] CT_START Set
[14:18:57.800] ---- [Flow] CT_START Set
[14:20:08.465] ---- [Flow] CT_START Set
[14:20:08.933] ---- [Flow] CT_START Set
[14:21:37.125] ---- [Flow] CT_START Set
[14:26:07.800] ---- [Flow] CT_START Set
[14:26:11.454] ---- [Flow] CT_START Set
[14:29:59.291] ---- [Flow] CT_START Set
[14:30:01.888] ---- [Flow] CT_START Set
[14:31:49.343] ---- [Flow] CT_START Set
[14:31:50.140] ---- [Flow] CT_START Set
[14:31:50.565] ---- [Flow] CT_START Set
[14:31:50.858] ---- [Flow] CT_START Set
[14:31:57.521] ---- [Flow] CT_START Set
[14:37:22.102] ---- [Flow] CT_START Set
[14:37:36.991] ---- [Flow] CT_START Set
[14:40:24.360] ---- [Flow] CT_START Set
[14:40:26.352] ---- [Flow] CT_START Set
[14:45:09.407] ---- [Flow] CT_START Set
[14:45:11.979] ---- [Flow] CT_START Set
[14:45:13.777] ---- [Flow] CT_START Set
[14:45:14.382] ---- [Flow] CT_START Set
[14:45:14.680] ---- [Flow] CT_START Set
[14:45:30.187] ---- [Flow] CT_START Set
[14:45:31.568] ---- [Flow] CT_START Set
[14:45:39.499] ---- [Flow] CT_START Set
[14:45:39.766] ---- [Flow] CT_START Set
[14:45:55.295] ---- [Flow] CT_START Set
[14:45:55.880] ---- [Flow] CT_START Set
[14:45:56.322] ---- [Flow] CT_START Set
[14:46:33.507] ---- [Flow] CT_START Set
[14:46:34.206] ---- [Flow] CT_START Set
[14:46:34.826] ---- [Flow] CT_START Set
[14:46:37.634] ---- [Flow] CT_START Set
[14:46:39.062] ---- [Flow] CT_START Set
[14:46:39.768] ---- [Flow] CT_START Set
[14:46:40.658] ---- [Flow] CT_START Set
[14:46:40.963] ---- [Flow] CT_START Set
[14:47:21.286] ---- [Flow] CT_START Set
[14:47:21.739] ---- [Flow] CT_START Set
[14:47:21.999] ---- [Flow] CT_START Set
[14:47:25.385] ---- [Flow] CT_START Set
[14:48:15.127] ---- [Flow] CT_START Set
[14:48:15.482] ---- [Flow] CT_START Set
[14:48:15.730] ---- [Flow] CT_START Set
[14:48:15.994] ---- [Flow] CT_START Set
[14:48:18.789] ---- [Flow] CT_START Set
[14:48:43.983] ---- [Flow] CT_START Set
[14:48:44.445] ---- [Flow] CT_START Set
[14:48:49.674] ---- [Flow] CT_START Set
[14:48:53.994] ---- [Flow] CT_START Set
[14:49:18.729] ---- [Flow] CT_START Set
[14:49:19.039] ---- [Flow] CT_START Set
[14:49:19.527] ---- [Flow] CT_START Set
[14:49:36.743] ---- [Flow] CT_START Set
[14:49:38.635] ---- [Flow] CT_START Set
[14:49:42.545] ---- [Flow] CT_START Set
[14:49:43.414] ---- [Flow] CT_START Set
[14:50:31.460] ---- [Flow] CT_START Set
[14:50:53.610] ---- [Flow] CT_START Set
[14:50:55.239] ---- [Flow] CT_START Set
[14:52:24.965] ---- [Flow] CT_START Set
[14:57:39.846] ---- [Flow] CT_START Set
[14:58:00.913] ---- [Flow] CT_START Set
[15:03:06.720] ---- [Flow] CT_START Set
[15:03:40.019] ---- [Flow] CT_START Set
[15:05:56.140] ---- [Flow] CT_START Set
[15:07:25.158] ---- [Flow] CT_START Set
[15:12:42.150] ---- [Flow] CT_START Set
[15:13:21.380] ---- [Flow] CT_START Set
[15:13:22.046] ---- [Flow] CT_START Set
[15:13:36.166] ---- [Flow] CT_START Set
[15:13:57.118] ---- [Flow] CT_START Set
[15:13:57.456] ---- [Flow] CT_START Set
[15:13:57.804] ---- [Flow] CT_START Set
[15:13:58.677] ---- [Flow] CT_START Set
[15:16:24.148] ---- [Flow] CT_START Set
[15:16:25.746] ---- [Flow] CT_START Set
[15:26:56.227] ---- [Flow] CT_START Set
[15:26:56.954] ---- [Flow] CT_START Set
[15:26:58.017] ---- [Flow] CT_START Set
[15:27:33.608] ---- [Flow] CT_START Set
[15:27:44.447] ---- [Flow] CT_START Set
[15:27:45.260] ---- [Flow] CT_START Set
[15:27:47.083] ---- [Flow] CT_START Set
[15:28:30.130] ---- [Flow] CT_START Set
[15:28:41.198] ---- [Flow] CT_START Set
[15:36:41.158] ---- [Flow] CT_START Set
[15:36:41.443] ---- [Flow] CT_START Set
[15:36:43.407] ---- [Flow] CT_START Set
[15:38:50.719] ---- [Flow] CT_START Set
[15:38:51.455] ---- [Flow] CT_START Set
[15:38:51.793] ---- [Flow] CT_START Set
[15:39:36.240] ---- [Flow] CT_START Set
[15:39:36.546] ---- [Flow] CT_START Set
[15:39:51.774] ---- [Flow] CT_START Set
[15:39:52.070] ---- [Flow] CT_START Set
[15:40:03.033] ---- [Flow] CT_START Set
[15:40:25.502] ---- [Flow] CT_START Set
[15:40:27.384] ---- [Flow] CT_START Set
[15:41:42.706] ---- [Flow] CT_STOP Set
[15:41:42.728] ---- [Event] Auto : CT_STOP
[15:41:42.728] --------- [Monitor] StopTasks() : before m_stopped
[15:41:43.020] --------- [Monitor] StopTasks() : m_stopped
[15:41:43.020] [m_nState] AutoStop State
[15:41:48.630] ---- [Flow] CT_START Set
[15:41:48.651] ---- [Event] AutoStop : CT_START
[15:41:48.651] [m_nState] Auto State
[15:41:50.223] ---- [Flow] CT_START Set
[15:41:55.888] ---- [Flow] CT_START Set
[15:42:15.639] ---- [Flow] CT_START Set
[15:51:29.618] ---- [Flow] CT_START Set
[15:52:09.856] ---- [Flow] CT_START Set
[15:52:10.604] ---- [Flow] CT_START Set
[15:52:10.906] ---- [Flow] CT_START Set
[15:53:02.008] ---- [Flow] CT_START Set
[15:53:15.021] ---- [Flow] CT_START Set
[15:53:15.316] ---- [Flow] CT_START Set
[15:58:50.322] ---- [Flow] CT_START Set
[15:59:03.546] ---- [Flow] CT_START Set
[16:00:21.248] ---- [Flow] CT_START Set
[16:00:21.635] ---- [Flow] CT_START Set
[16:00:54.095] ---- [Flow] CT_START Set
[16:01:15.661] ---- [Flow] CT_START Set
[16:01:16.472] ---- [Flow] CT_START Set
[16:01:17.335] ---- [Flow] CT_START Set
[16:01:34.467] ---- [Flow] CT_START Set
[16:01:35.480] ---- [Flow] CT_START Set
[16:04:47.482] ---- [Flow] CT_START Set
[16:04:52.264] ---- [Flow] CT_START Set
[16:05:04.169] ---- [Flow] CT_START Set
[16:15:49.764] ---- [Flow] CT_START Set
[16:15:53.024] ---- [Flow] CT_START Set
[16:19:08.385] ---- [Flow] CT_START Set
[16:19:08.646] ---- [Flow] CT_START Set
[16:19:59.149] ---- [Flow] CT_START Set
[16:19:59.454] ---- [Flow] CT_START Set
[16:34:44.750] ---- [Flow] CT_START Set
[16:35:10.292] ---- [Flow] CT_START Set
[16:35:24.597] ---- [Flow] CT_START Set
[16:41:39.882] ---- [Flow] CT_START Set
[16:41:45.522] ---- [Flow] CT_START Set
[16:42:35.081] ---- [Flow] CT_START Set
[16:42:47.438] ---- [Flow] CT_START Set
[16:42:47.826] ---- [Flow] CT_START Set
[16:42:54.037] ---- [Flow] CT_START Set
[16:43:13.200] ---- [Flow] CT_START Set
[16:43:37.923] ---- [Flow] CT_START Set
[16:43:56.043] ---- [Flow] CT_START Set
[16:44:05.251] ---- [Flow] CT_START Set
[16:44:38.378] ---- [Flow] CT_START Set
[16:44:44.819] ---- [Flow] CT_START Set
[16:49:07.489] ---- [Flow] CT_START Set
[16:49:16.934] ---- [Flow] CT_START Set
[16:55:06.212] ---- [Flow] CT_START Set
[16:55:06.497] ---- [Flow] CT_START Set
[16:55:06.797] ---- [Flow] CT_START Set
[16:55:07.105] ---- [Flow] CT_START Set
[16:56:26.354] ---- [Flow] CT_START Set
[16:58:07.800] ---- [Flow] CT_START Set
[16:58:08.042] ---- [Flow] CT_START Set
[17:00:07.883] ---- [Flow] CT_START Set
[17:00:10.854] ---- [Flow] CT_START Set
[17:04:51.200] ---- [Flow] CT_START Set
[17:04:51.497] ---- [Flow] CT_START Set
[17:09:05.222] ---- [Flow] CT_START Set
[17:09:05.435] ---- [Flow] CT_START Set
[17:10:34.373] ---- [Flow] CT_START Set
[17:10:34.632] ---- [Flow] CT_START Set
[17:11:22.547] ---- [Flow] CT_START Set
[17:11:23.562] ---- [Flow] CT_START Set
[17:11:34.727] ---- [Flow] CT_START Set
[17:11:35.327] ---- [Flow] CT_START Set
[17:13:11.934] ---- [Flow] CT_START Set
[17:13:47.903] ---- [Flow] CT_START Set
[17:13:51.426] ---- [Flow] CT_START Set
[17:21:23.436] ---- [Flow] CT_START Set
[17:21:23.757] ---- [Flow] CT_START Set
[17:21:26.558] ---- [Flow] CT_START Set
[17:21:26.876] ---- [Flow] CT_START Set
[17:22:00.908] ---- [Flow] CT_START Set
[17:22:02.430] ---- [Flow] CT_START Set
[17:22:04.807] ---- [Flow] CT_START Set
[17:22:05.367] ---- [Flow] CT_START Set
[17:22:05.712] ---- [Flow] CT_START Set
[17:22:28.613] ---- [Flow] CT_START Set
[17:22:30.548] ---- [Flow] CT_START Set
[17:22:32.889] ---- [Flow] CT_START Set
[17:22:52.303] ---- [Flow] CT_START Set
[17:22:58.172] ---- [Flow] CT_START Set
[17:23:42.337] ---- [Flow] CT_START Set
[17:24:32.785] ---- [Flow] CT_START Set
[17:24:35.829] ---- [Flow] CT_START Set
[17:25:17.402] ---- [Flow] CT_START Set
[17:28:12.708] ---- [Flow] CT_START Set
[17:28:14.522] ---- [Flow] CT_START Set
[17:31:37.084] ---- [Flow] CT_START Set
[17:34:46.505] ---- [Flow] CT_START Set
[17:34:48.885] ---- [Flow] CT_START Set
[17:36:08.999] ---- [Flow] CT_START Set
[17:36:11.552] ---- [Flow] CT_START Set
[17:37:21.240] ---- [Flow] CT_START Set
[17:38:00.062] ---- [Flow] CT_START Set
[17:40:07.227] ---- [Flow] CT_START Set
[17:40:28.656] ---- [Flow] CT_START Set
[17:41:37.406] ---- [Flow] CT_START Set
[17:41:42.915] ---- [Flow] CT_START Set
[17:43:06.253] ---- [Flow] CT_START Set
[17:45:37.627] ---- [Flow] CT_START Set
[17:45:38.006] ---- [Flow] CT_START Set
[17:50:01.101] ---- [Flow] CT_START Set
[17:50:02.556] ---- [Flow] CT_START Set
[17:54:03.923] ---- [Flow] CT_START Set
[17:54:08.092] ---- [Flow] CT_START Set
[17:54:23.666] ---- [Flow] CT_START Set
[17:57:34.007] ---- [Flow] CT_START Set
[17:57:38.504] ---- [Flow] CT_START Set
[17:57:41.374] ---- [Flow] CT_START Set
[17:57:42.241] ---- [Flow] CT_START Set
[17:58:13.220] ---- [Flow] CT_START Set
[17:58:16.359] ---- [Flow] CT_START Set
[18:14:23.057] ---- [Flow] CT_START Set
[18:14:36.522] ---- [Flow] CT_START Set
[18:14:53.499] ---- [Flow] CT_START Set
[18:15:48.750] ---- [Flow] CT_START Set
[18:17:54.256] ---- [Flow] CT_START Set
[18:17:59.391] ---- [Flow] CT_START Set
[18:18:13.602] ---- [Flow] CT_START Set
[18:18:16.420] ---- [Flow] CT_START Set
[18:25:16.808] ---- [Flow] CT_START Set
[18:25:17.109] ---- [Flow] CT_START Set
[18:25:58.416] ---- [Flow] CT_START Set
[18:25:58.758] ---- [Flow] CT_START Set
[18:26:52.971] ---- [Flow] CT_START Set
[18:26:54.700] ---- [Flow] CT_START Set
[18:32:33.539] ---- [Flow] CT_START Set
[18:32:33.809] ---- [Flow] CT_START Set
[18:35:33.545] ---- [Flow] CT_START Set
[18:35:47.929] ---- [Flow] CT_START Set
[18:35:48.198] ---- [Flow] CT_START Set
[18:37:13.465] ---- [Flow] CT_START Set
[18:37:57.735] ---- [Flow] CT_START Set
[18:37:57.991] ---- [Flow] CT_START Set
[18:38:03.165] ---- [Flow] CT_START Set
[18:38:16.815] ---- [Flow] CT_START Set
[18:39:17.385] ---- [Flow] CT_START Set
[18:40:50.322] ---- [Flow] CT_START Set
[18:41:34.324] ---- [Flow] CT_START Set
[18:41:34.576] ---- [Flow] CT_START Set
[18:45:08.358] ---- [Flow] CT_START Set
[18:45:08.717] ---- [Flow] CT_START Set
[18:54:12.578] ---- [Flow] CT_START Set
[18:54:13.079] ---- [Flow] CT_START Set
[18:54:13.316] ---- [Flow] CT_START Set
[18:55:26.557] ---- [Flow] CT_START Set
[18:55:31.813] ---- [Flow] CT_START Set
[18:55:33.996] ---- [Flow] CT_START Set
[18:56:09.701] ---- [Flow] CT_START Set
[18:56:19.992] ---- [Flow] CT_START Set
[18:56:20.391] ---- [Flow] CT_START Set
[18:56:23.035] ---- [Flow] CT_START Set
[18:56:23.337] ---- [Flow] CT_START Set
[18:58:25.602] ---- [Flow] CT_START Set
[18:58:25.899] ---- [Flow] CT_START Set
[19:02:39.951] ---- [Flow] CT_START Set
[19:05:56.334] ---- [Flow] CT_START Set
[19:05:56.615] ---- [Flow] CT_START Set
[19:10:15.165] ---- [Flow] CT_STOP Set
[19:10:15.187] ---- [Event] Auto : CT_STOP
[19:10:15.187] --------- [Monitor] StopTasks() : before m_stopped
[19:10:15.187] --------- [Monitor] StopTasks() : m_stopped
[19:10:15.187] [m_nState] AutoStop State
[19:10:15.200] ---- [Flow] CT_STOP Set
[19:10:15.231] ---- [Flow] CT_STOP Set
[19:10:15.265] ---- [Flow] CT_STOP Set
[19:10:15.296] ---- [Flow] CT_STOP Set
[19:10:15.327] ---- [Flow] CT_STOP Set
[19:10:15.358] ---- [Flow] CT_STOP Set
[19:10:15.391] ---- [Flow] CT_STOP Set
[19:10:15.423] ---- [Flow] CT_STOP Set
[19:10:15.455] ---- [Flow] CT_STOP Set
[19:10:15.487] ---- [Flow] CT_STOP Set
[19:10:15.519] ---- [Flow] CT_STOP Set
[19:10:15.552] ---- [Flow] CT_STOP Set
[19:10:15.583] ---- [Flow] CT_STOP Set
[19:10:15.615] ---- [Flow] CT_STOP Set
[19:10:15.647] ---- [Flow] CT_STOP Set
[19:10:15.680] ---- [Flow] CT_STOP Set
[19:10:15.711] ---- [Flow] CT_STOP Set
[19:10:15.743] ---- [Flow] CT_STOP Set
[19:10:15.774] ---- [Flow] CT_STOP Set
[19:10:15.807] ---- [Flow] CT_STOP Set
[19:10:15.838] ---- [Flow] CT_STOP Set
[19:10:15.870] ---- [Flow] CT_STOP Set
[19:10:15.902] ---- [Flow] CT_STOP Set
[19:10:15.934] ---- [Flow] CT_STOP Set
[19:10:15.964] ---- [Flow] CT_STOP Set
[19:10:16.000] ---- [Flow] CT_STOP Set
[19:10:16.034] ---- [Flow] CT_STOP Set
[19:10:16.066] ---- [Flow] CT_STOP Set
[19:10:16.099] ---- [Flow] CT_STOP Set
[19:10:16.113] ---- [Flow] CT_START Set
[19:10:16.135] ---- [Event] AutoStop : CT_START
[19:10:16.135] [m_nState] Auto State
[19:10:16.883] ---- [Flow] CT_STOP Set
[19:10:16.904] ---- [Event] Auto : CT_STOP
[19:10:16.904] --------- [Monitor] StopTasks() : before m_stopped
[19:10:16.924] ---- [Flow] CT_START Set
[19:10:17.421] ---- [Flow] CT_START Set
[19:10:30.029] --------- [Monitor] StopTasks() : m_stopped
[19:10:30.029] [m_nState] AutoStop State
[19:10:31.828] ---- [Flow] CT_START Set
[19:10:31.850] ---- [Event] AutoStop : CT_START
[19:10:31.850] [m_nState] Auto State
[19:10:34.107] ---- [Flow] CT_START Set
[19:11:22.497] ---- [Flow] CT_START Set
[19:11:22.853] ---- [Flow] CT_START Set
[19:11:30.469] ---- [Flow] CT_START Set
[19:11:30.729] ---- [Flow] CT_START Set
[19:12:46.137] ---- [Flow] CT_START Set
[19:12:46.565] ---- [Flow] CT_START Set
[19:14:31.765] ---- [Flow] CT_START Set
[19:14:32.098] ---- [Flow] CT_START Set
[19:14:32.978] ---- [Flow] CT_START Set
[19:14:34.201] ---- [Flow] CT_START Set
[19:14:34.568] ---- [Flow] CT_START Set
[19:14:35.376] ---- [Flow] CT_START Set
[19:15:53.446] ---- [Flow] CT_START Set
[19:15:53.794] ---- [Flow] CT_START Set
[19:16:17.168] ---- [Flow] CT_START Set
[19:16:17.622] ---- [Flow] CT_START Set
[19:16:18.516] ---- [Flow] CT_START Set
[19:17:08.996] ---- [Flow] CT_START Set
[19:17:09.405] ---- [Flow] CT_START Set
[19:40:37.376] ---- [Flow] CT_STOP Set
[19:40:37.397] ---- [Event] Auto : CT_STOP
[19:40:37.397] --------- [Monitor] StopTasks() : before m_stopped
[19:40:37.530] --------- [Monitor] StopTasks() : m_stopped
[19:40:37.530] [m_nState] AutoStop State
[21:07:09.566] ---- [Flow] CT_START Set
[21:07:09.588] ---- [Event] AutoStop : CT_START
[21:07:09.588] [m_nState] Auto State
[21:22:22.953] ---- [Flow] CT_STOP Set
[21:22:22.975] ---- [Event] Auto : CT_STOP
[21:22:22.975] --------- [Monitor] StopTasks() : before m_stopped
[21:22:23.032] --------- [Monitor] StopTasks() : m_stopped
[21:22:23.032] [m_nState] AutoStop State
[21:24:46.542] ---- [Flow] CT_START Set
[21:24:46.563] ---- [Event] AutoStop : CT_START
[21:24:46.563] [m_nState] Auto State
[21:24:58.490] ---- [Flow] CT_STOP Set
[21:24:58.512] ---- [Event] Auto : CT_STOP
[21:24:58.512] --------- [Monitor] StopTasks() : before m_stopped
[21:24:58.537] --------- [Monitor] StopTasks() : m_stopped
[21:24:58.537] [m_nState] AutoStop State
[21:24:59.974] ---- [Flow] CT_START Set
[21:24:59.996] ---- [Event] AutoStop : CT_START
[21:24:59.996] [m_nState] Auto State
[21:25:22.231] ---- [Flow] CT_STOP Set
[21:25:22.253] ---- [Event] Auto : CT_STOP
[21:25:22.253] --------- [Monitor] StopTasks() : before m_stopped
[21:25:23.062] --------- [Monitor] StopTasks() : m_stopped
[21:25:23.063] [m_nState] AutoStop State
[23:14:15.655] ---- [Flow] CT_START Set
[23:14:15.677] ---- [Event] AutoStop : CT_START
[23:14:15.677] [m_nState] Auto State
[23:29:25.748] ---- [Flow] CT_STOP Set
[23:29:25.770] ---- [Event] Auto : CT_STOP
[23:29:25.770] --------- [Monitor] StopTasks() : before m_stopped
[23:29:25.822] --------- [Monitor] StopTasks() : m_stopped
[23:29:25.822] [m_nState] AutoStop State
