[00:08:11.552] ---- [Flow] CT_START Set
[00:09:05.900] ---- [Flow] CT_START Set
[00:09:06.222] ---- [Flow] CT_START Set
[00:10:31.050] ---- [Flow] CT_START Set
[00:10:31.505] ---- [Flow] CT_START Set
[00:10:34.137] ---- [Flow] CT_START Set
[00:28:34.372] ---- [Flow] CT_STOP Set
[00:28:34.393] ---- [Event] Auto : CT_STOP
[00:28:34.393] --------- [Monitor] StopTasks() : before m_stopped
[00:28:34.434] ---- [Flow] CT_STOP Set
[00:28:34.471] ---- [Flow] CT_STOP Set
[00:28:34.517] ---- [Flow] CT_STOP Set
[00:28:34.658] --------- [Monitor] StopTasks() : m_stopped
[00:28:34.658] [m_nState] AutoStop State
[00:30:10.392] ---- [Flow] CT_START Set
[00:30:10.414] ---- [Event] AutoStop : CT_START
[00:30:10.414] [m_nState] Auto State
[00:30:12.179] ---- [Flow] CT_START Set
[00:32:04.989] ---- [Flow] CT_STOP Set
[00:32:05.011] ---- [Event] Auto : CT_STOP
[00:32:05.011] --------- [Monitor] StopTasks() : before m_stopped
[00:32:05.068] --------- [Monitor] StopTasks() : m_stopped
[00:32:05.068] [m_nState] AutoStop State
[00:37:32.808] ---- [Flow] CT_START Set
[00:37:32.830] ---- [Event] AutoStop : CT_START
[00:37:32.831] [m_nState] Auto State
[00:37:33.769] ---- [Flow] CT_START Set
[00:51:44.828] ---- [Flow] CT_START Set
[00:51:45.377] ---- [Flow] CT_START Set
[00:51:45.999] ---- [Flow] CT_START Set
[01:13:52.814] ---- [Flow] CT_START Set
[01:13:53.374] ---- [Flow] CT_START Set
[01:13:53.784] ---- [Flow] CT_START Set
[01:24:21.192] ---- [Flow] CT_START Set
[01:24:21.769] ---- [Flow] CT_START Set
[01:24:22.136] ---- [Flow] CT_START Set
[01:46:11.335] ---- [Flow] CT_START Set
[01:46:11.662] ---- [Flow] CT_START Set
[01:48:22.474] ---- [Flow] CT_START Set
[01:48:22.918] ---- [Flow] CT_START Set
[01:48:23.217] ---- [Flow] CT_START Set
[02:04:13.029] ---- [Flow] CT_START Set
[02:04:13.494] ---- [Flow] CT_START Set
[02:04:13.765] ---- [Flow] CT_START Set
[02:28:39.650] ---- [Flow] CT_STOP Set
[02:28:39.671] ---- [Event] Auto : CT_STOP
[02:28:39.671] --------- [Monitor] StopTasks() : before m_stopped
[02:28:39.680] --------- [Monitor] StopTasks() : m_stopped
[02:28:39.681] [m_nState] AutoStop State
[02:28:39.704] ---- [Flow] CT_STOP Set
[02:28:39.808] ---- [Flow] CT_STOP Set
[02:28:39.840] ---- [Flow] CT_STOP Set
[02:28:39.877] ---- [Flow] CT_STOP Set
[02:58:08.780] ---- [Flow] CT_START Set
[02:58:08.801] ---- [Event] AutoStop : CT_START
[02:58:08.801] [m_nState] Auto State
[02:58:09.690] ---- [Flow] CT_START Set
[02:58:15.791] ---- [Flow] CT_STOP Set
[02:58:15.813] ---- [Event] Auto : CT_STOP
[02:58:15.813] --------- [Monitor] StopTasks() : before m_stopped
[02:58:17.824] --------- [Monitor] StopTasks() : m_stopped
[02:58:17.824] [m_nState] AutoStop State
[02:58:24.425] ---- [Flow] CT_START Set
[02:58:24.447] ---- [Event] AutoStop : CT_START
[02:58:24.447] [m_nState] Auto State
[02:58:25.570] ---- [Flow] CT_START Set
[03:26:48.005] ---- [Flow] CT_START Set
[03:26:48.336] ---- [Flow] CT_START Set
[03:27:05.533] ---- [Flow] CT_START Set
[03:27:05.945] ---- [Flow] CT_START Set
[03:27:06.351] ---- [Flow] CT_START Set
[03:33:26.755] ---- [Flow] CT_START Set
[03:33:27.073] ---- [Flow] CT_START Set
[03:33:46.258] ---- [Flow] CT_START Set
[03:33:47.006] ---- [Flow] CT_START Set
[03:33:47.687] ---- [Flow] CT_START Set
[03:41:49.136] ---- [Flow] CT_START Set
[03:41:49.704] ---- [Flow] CT_START Set
[03:41:50.241] ---- [Flow] CT_START Set
[03:57:47.541] ---- [Flow] CT_START Set
[03:57:47.950] ---- [Flow] CT_START Set
[03:57:48.563] ---- [Flow] CT_START Set
[04:03:06.308] ---- [Flow] CT_START Set
[04:03:06.699] ---- [Flow] CT_START Set
[04:03:06.976] ---- [Flow] CT_START Set
[04:03:12.964] ---- [Flow] CT_START Set
[04:03:49.118] ---- [Flow] CT_START Set
[04:03:49.443] ---- [Flow] CT_START Set
[04:15:26.092] ---- [Flow] CT_STOP Set
[04:15:26.114] ---- [Event] Auto : CT_STOP
[04:15:26.114] --------- [Monitor] StopTasks() : before m_stopped
[04:15:26.124] --------- [Monitor] StopTasks() : m_stopped
[04:15:26.124] [m_nState] AutoStop State
[06:58:35.824] ---- [Flow] CT_START Set
[06:58:35.845] ---- [Event] AutoStop : CT_START
[06:58:35.845] [m_nState] Auto State
[06:58:36.591] ---- [Flow] CT_START Set
[07:40:16.343] ---- [Flow] CT_START Set
[07:40:16.683] ---- [Flow] CT_START Set
[07:40:18.471] ---- [Flow] CT_START Set
[07:40:19.079] ---- [Flow] CT_START Set
[07:40:19.990] ---- [Flow] CT_START Set
[07:40:21.183] ---- [Flow] CT_START Set
[07:40:21.602] ---- [Flow] CT_START Set
[07:40:22.348] ---- [Flow] CT_START Set
[07:40:23.250] ---- [Flow] CT_START Set
[07:40:23.954] ---- [Flow] CT_START Set
[07:40:28.499] ---- [Flow] CT_START Set
[08:04:58.816] ---- [Flow] CT_START Set
[08:04:59.155] ---- [Flow] CT_START Set
[08:11:52.113] ---- [Flow] CT_START Set
[08:11:52.458] ---- [Flow] CT_START Set
[08:11:53.248] ---- [Flow] CT_START Set
[08:11:54.114] ---- [Flow] CT_START Set
[08:11:55.444] ---- [Flow] CT_START Set
[08:11:56.328] ---- [Flow] CT_START Set
[08:11:56.646] ---- [Flow] CT_START Set
[08:11:59.598] ---- [Flow] CT_START Set
[08:32:24.068] ---- [Flow] CT_START Set
[08:32:24.430] ---- [Flow] CT_START Set
[08:38:25.293] ---- [Flow] CT_START Set
[08:38:25.643] ---- [Flow] CT_START Set
[08:41:02.029] ---- [Flow] CT_START Set
[08:41:02.392] ---- [Flow] CT_START Set
[08:41:03.652] ---- [Flow] CT_START Set
[08:41:04.108] ---- [Flow] CT_START Set
[08:41:04.839] ---- [Flow] CT_START Set
[08:41:06.239] ---- [Flow] CT_START Set
[08:41:06.553] ---- [Flow] CT_START Set
[08:41:08.059] ---- [Flow] CT_START Set
[08:41:08.418] ---- [Flow] CT_START Set
[08:41:09.681] ---- [Flow] CT_START Set
[08:41:10.048] ---- [Flow] CT_START Set
[09:28:45.466] ---- [Flow] CT_STOP Set
[09:28:45.489] ---- [Event] Auto : CT_STOP
[09:28:45.489] --------- [Monitor] StopTasks() : before m_stopped
[09:28:45.535] ---- [Flow] CT_STOP Set
[09:28:45.588] ---- [Flow] CT_STOP Set
[09:28:46.070] --------- [Monitor] StopTasks() : m_stopped
[09:28:46.070] [m_nState] AutoStop State
[09:37:09.718] ---- [Flow] CT_START Set
[09:37:09.740] ---- [Event] AutoStop : CT_START
[09:37:09.740] [m_nState] Auto State
[09:37:09.763] ---- [Flow] CT_START Set
[09:38:01.068] ---- [Flow] CT_START Set
[09:49:11.006] ---- [Flow] CT_START Set
[09:49:11.366] ---- [Flow] CT_START Set
[09:49:12.137] ---- [Flow] CT_START Set
[10:00:18.884] ---- [Flow] CT_START Set
[10:00:19.231] ---- [Flow] CT_START Set
[10:00:20.030] ---- [Flow] CT_START Set
[10:00:20.883] ---- [Flow] CT_START Set
[10:00:21.542] ---- [Flow] CT_START Set
[10:23:01.900] ---- [Flow] CT_START Set
[10:23:02.239] ---- [Flow] CT_START Set
[10:31:11.647] ---- [Flow] CT_START Set
[10:31:32.130] ---- [Flow] CT_START Set
[10:31:32.989] ---- [Flow] CT_START Set
[10:31:34.334] ---- [Flow] CT_START Set
[10:31:34.890] ---- [Flow] CT_START Set
[10:31:36.224] ---- [Flow] CT_START Set
[10:31:36.485] ---- [Flow] CT_START Set
[10:31:38.834] ---- [Flow] CT_START Set
[10:56:08.274] ---- [Flow] CT_START Set
[11:04:17.981] ---- [Flow] CT_STOP Set
[11:04:18.002] ---- [Event] Auto : CT_STOP
[11:04:18.002] --------- [Monitor] StopTasks() : before m_stopped
[11:04:18.072] --------- [Monitor] StopTasks() : m_stopped
[11:04:18.073] [m_nState] AutoStop State
[11:04:29.137] ---- [Flow] CT_START Set
[11:04:29.160] ---- [Event] AutoStop : CT_START
[11:04:29.160] [m_nState] Auto State
[11:04:30.003] ---- [Flow] CT_START Set
[11:08:06.599] ---- [Flow] CT_START Set
[11:08:06.948] ---- [Flow] CT_START Set
[11:24:29.542] ---- [Flow] CT_START Set
[11:24:29.884] ---- [Flow] CT_START Set
[11:24:30.592] ---- [Flow] CT_START Set
[11:31:03.347] ---- [Flow] CT_START Set
[11:31:03.701] ---- [Flow] CT_START Set
[11:31:04.535] ---- [Flow] CT_START Set
[11:31:05.462] ---- [Flow] CT_START Set
[11:31:06.220] ---- [Flow] CT_START Set
[11:31:07.141] ---- [Flow] CT_START Set
[11:31:15.857] ---- [Flow] CT_START Set
[11:31:25.295] ---- [Flow] CT_START Set
[11:31:26.127] ---- [Flow] CT_START Set
[11:31:26.539] ---- [Flow] CT_START Set
[11:31:26.778] ---- [Flow] CT_START Set
[11:31:28.414] ---- [Flow] CT_START Set
[11:31:29.180] ---- [Flow] CT_START Set
[11:31:29.455] ---- [Flow] CT_START Set
[11:31:30.180] ---- [Flow] CT_START Set
[11:31:30.872] ---- [Flow] CT_START Set
[11:31:32.945] ---- [Flow] CT_START Set
[11:31:33.607] ---- [Flow] CT_START Set
[11:31:34.518] ---- [Flow] CT_START Set
[11:31:35.604] ---- [Flow] CT_START Set
[11:31:36.044] ---- [Flow] CT_START Set
[11:31:37.248] ---- [Flow] CT_START Set
[11:31:37.651] ---- [Flow] CT_START Set
[11:31:38.420] ---- [Flow] CT_START Set
[11:31:41.270] ---- [Flow] CT_START Set
[11:34:54.228] ---- [Flow] CT_START Set
[11:34:54.706] ---- [Flow] CT_START Set
[11:34:55.025] ---- [Flow] CT_START Set
[11:38:43.243] ---- [Flow] CT_STOP Set
[11:38:43.264] ---- [Event] Auto : CT_STOP
[11:38:43.264] --------- [Monitor] StopTasks() : before m_stopped
[11:38:43.354] --------- [Monitor] StopTasks() : m_stopped
[11:38:43.354] [m_nState] AutoStop State
[11:38:48.282] ---- [Flow] CT_START Set
[11:38:48.303] ---- [Event] AutoStop : CT_START
[11:38:48.303] [m_nState] Auto State
[11:40:04.331] ---- [Flow] CT_STOP Set
[11:40:04.352] ---- [Event] Auto : CT_STOP
[11:40:04.352] --------- [Monitor] StopTasks() : before m_stopped
[11:40:04.621] --------- [Monitor] StopTasks() : m_stopped
[11:40:04.622] [m_nState] AutoStop State
[12:25:05.474] ---- [Flow] CT_START Set
[12:25:05.482] ---- [Flow] CT_START Set
[12:25:05.496] ---- [Event] AutoStop : CT_START
[12:25:05.496] [m_nState] Auto State
[12:29:36.743] ---- [Flow] CT_STOP Set
[12:29:36.764] ---- [Event] Auto : CT_STOP
[12:29:36.764] --------- [Monitor] StopTasks() : before m_stopped
[12:29:37.355] --------- [Monitor] StopTasks() : m_stopped
[12:29:37.355] [m_nState] AutoStop State
[12:29:48.000] ---- [Flow] CT_START Set
[12:29:48.022] ---- [Event] AutoStop : CT_START
[12:29:48.022] [m_nState] Auto State
[12:29:49.073] ---- [Flow] CT_START Set
[12:31:52.057] ---- [Flow] CT_START Set
[12:31:52.363] ---- [Flow] CT_START Set
[12:31:54.824] ---- [Flow] CT_START Set
[12:31:55.190] ---- [Flow] CT_START Set
[12:31:55.898] ---- [Flow] CT_START Set
[12:31:56.600] ---- [Flow] CT_START Set
[12:31:57.311] ---- [Flow] CT_START Set
[12:31:57.579] ---- [Flow] CT_START Set
[12:31:58.461] ---- [Flow] CT_START Set
[12:32:00.435] ---- [Flow] CT_START Set
[12:32:01.140] ---- [Flow] CT_START Set
[12:32:02.054] ---- [Flow] CT_START Set
[12:32:02.883] ---- [Flow] CT_START Set
[12:32:03.750] ---- [Flow] CT_START Set
[12:32:05.991] ---- [Flow] CT_START Set
[12:39:50.092] ---- [Flow] CT_START Set
[12:39:50.850] ---- [Flow] CT_START Set
[12:39:51.234] ---- [Flow] CT_START Set
[12:39:52.067] ---- [Flow] CT_START Set
[12:39:54.083] ---- [Flow] CT_START Set
[12:39:54.381] ---- [Flow] CT_START Set
[12:39:56.755] ---- [Flow] CT_START Set
[12:39:57.623] ---- [Flow] CT_START Set
[12:39:58.601] ---- [Flow] CT_START Set
[12:39:59.486] ---- [Flow] CT_START Set
[12:40:00.222] ---- [Flow] CT_START Set
[12:50:33.390] ---- [Flow] CT_START Set
[12:50:33.708] ---- [Flow] CT_START Set
[12:50:37.159] ---- [Flow] CT_START Set
[12:50:37.494] ---- [Flow] CT_START Set
[12:50:38.161] ---- [Flow] CT_START Set
[12:50:38.834] ---- [Flow] CT_START Set
[12:50:39.813] ---- [Flow] CT_START Set
[12:50:40.539] ---- [Flow] CT_START Set
[12:50:41.470] ---- [Flow] CT_START Set
[12:50:42.243] ---- [Flow] CT_START Set
[12:50:43.743] ---- [Flow] CT_START Set
[12:50:44.000] ---- [Flow] CT_START Set
[12:50:44.976] ---- [Flow] CT_START Set
[12:50:45.641] ---- [Flow] CT_START Set
[12:50:46.537] ---- [Flow] CT_START Set
[12:50:47.286] ---- [Flow] CT_START Set
[12:50:49.802] ---- [Flow] CT_START Set
[12:50:50.157] ---- [Flow] CT_START Set
[12:50:51.015] ---- [Flow] CT_START Set
[12:50:51.964] ---- [Flow] CT_START Set
[12:50:52.707] ---- [Flow] CT_START Set
[12:50:53.615] ---- [Flow] CT_START Set
[12:50:54.405] ---- [Flow] CT_START Set
[12:50:55.313] ---- [Flow] CT_START Set
[12:50:56.062] ---- [Flow] CT_START Set
[12:50:56.983] ---- [Flow] CT_START Set
[12:50:57.758] ---- [Flow] CT_START Set
[12:51:00.120] ---- [Flow] CT_START Set
[12:59:15.471] ---- [Flow] CT_START Set
[12:59:15.769] ---- [Flow] CT_START Set
[12:59:16.526] ---- [Flow] CT_START Set
[13:17:03.849] ---- [Flow] CT_START Set
[13:17:04.224] ---- [Flow] CT_START Set
[13:17:04.513] ---- [Flow] CT_START Set
[13:19:11.898] ---- [Flow] CT_START Set
[13:19:12.257] ---- [Flow] CT_START Set
[13:24:30.564] ---- [Flow] CT_START Set
[13:24:31.174] ---- [Flow] CT_START Set
[13:24:32.486] ---- [Flow] CT_START Set
[13:24:33.070] ---- [Flow] CT_START Set
[13:24:33.348] ---- [Flow] CT_START Set
[13:24:34.064] ---- [Flow] CT_START Set
[13:24:34.756] ---- [Flow] CT_START Set
[13:24:35.107] ---- [Flow] CT_START Set
[13:24:36.216] ---- [Flow] CT_START Set
[13:24:36.572] ---- [Flow] CT_START Set
[13:24:37.234] ---- [Flow] CT_START Set
[13:24:37.506] ---- [Flow] CT_START Set
[13:24:39.369] ---- [Flow] CT_START Set
[13:24:40.372] ---- [Flow] CT_START Set
[13:24:41.497] ---- [Flow] CT_START Set
[13:24:42.239] ---- [Flow] CT_START Set
[13:24:42.715] ---- [Flow] CT_START Set
[13:24:43.498] ---- [Flow] CT_START Set
[13:24:44.343] ---- [Flow] CT_START Set
[13:24:44.666] ---- [Flow] CT_START Set
[13:24:45.491] ---- [Flow] CT_START Set
[13:24:46.466] ---- [Flow] CT_START Set
[13:24:47.243] ---- [Flow] CT_START Set
[13:24:48.208] ---- [Flow] CT_START Set
[13:24:48.961] ---- [Flow] CT_START Set
[13:24:49.651] ---- [Flow] CT_START Set
[13:46:45.231] ---- [Flow] CT_START Set
[13:46:45.583] ---- [Flow] CT_START Set
[13:46:45.868] ---- [Flow] CT_START Set
[13:46:46.149] ---- [Flow] CT_START Set
[13:57:10.140] ---- [Flow] CT_START Set
[13:57:10.497] ---- [Flow] CT_START Set
[14:28:47.887] ---- [Flow] CT_STOP Set
[14:28:47.909] ---- [Event] Auto : CT_STOP
[14:28:47.909] --------- [Monitor] StopTasks() : before m_stopped
[14:28:48.008] ---- [Flow] CT_STOP Set
[14:28:48.048] ---- [Flow] CT_STOP Set
[14:28:48.094] ---- [Flow] CT_STOP Set
[14:28:48.354] --------- [Monitor] StopTasks() : m_stopped
[14:28:48.354] [m_nState] AutoStop State
[14:36:37.541] ---- [Flow] CT_START Set
[14:36:37.563] ---- [Event] AutoStop : CT_START
[14:36:37.563] [m_nState] Auto State
[14:36:38.270] ---- [Flow] CT_START Set
[14:37:52.222] ---- [Flow] CT_START Set
[14:38:51.209] ---- [Flow] CT_START Set
[14:38:51.460] ---- [Flow] CT_START Set
[14:38:52.184] ---- [Flow] CT_START Set
[14:45:48.101] ---- [Flow] CT_START Set
[14:45:48.422] ---- [Flow] CT_START Set
[14:45:50.038] ---- [Flow] CT_START Set
[14:45:50.405] ---- [Flow] CT_START Set
[14:45:51.278] ---- [Flow] CT_START Set
[14:45:51.639] ---- [Flow] CT_START Set
[14:45:52.304] ---- [Flow] CT_START Set
[14:45:53.116] ---- [Flow] CT_START Set
[14:45:53.828] ---- [Flow] CT_START Set
[14:45:54.166] ---- [Flow] CT_START Set
[14:45:55.009] ---- [Flow] CT_START Set
[14:47:43.945] ---- [Flow] CT_START Set
[14:57:28.733] ---- [Flow] CT_START Set
[14:57:33.992] ---- [Flow] CT_START Set
[14:57:34.272] ---- [Flow] CT_START Set
[15:10:49.955] ---- [Flow] CT_START Set
[15:24:25.158] ---- [Flow] CT_START Set
[15:24:25.501] ---- [Flow] CT_START Set
[15:26:29.701] ---- [Flow] CT_START Set
[15:26:30.064] ---- [Flow] CT_START Set
[15:26:30.819] ---- [Flow] CT_START Set
[15:26:31.740] ---- [Flow] CT_START Set
[15:26:32.412] ---- [Flow] CT_START Set
[15:26:33.130] ---- [Flow] CT_START Set
[15:26:33.872] ---- [Flow] CT_START Set
[15:26:34.312] ---- [Flow] CT_START Set
[15:26:35.233] ---- [Flow] CT_START Set
[15:26:35.927] ---- [Flow] CT_START Set
[15:31:44.925] ---- [Flow] CT_STOP Set
[15:31:44.947] ---- [Event] Auto : CT_STOP
[15:31:44.947] --------- [Monitor] StopTasks() : before m_stopped
[15:31:45.312] --------- [Monitor] StopTasks() : m_stopped
[15:31:45.312] [m_nState] AutoStop State
[15:31:52.017] ---- [Flow] CT_START Set
[15:31:52.039] ---- [Event] AutoStop : CT_START
[15:31:52.039] [m_nState] Auto State
[15:31:54.434] ---- [Flow] CT_START Set
[15:33:17.409] ---- [Flow] CT_START Set
[15:33:17.976] ---- [Flow] CT_START Set
[15:33:18.251] ---- [Flow] CT_START Set
[15:50:54.050] ---- [Flow] CT_START Set
[15:50:54.330] ---- [Flow] CT_START Set
[15:56:53.068] ---- [Flow] CT_START Set
[16:06:40.141] ---- [Flow] CT_STOP Set
[16:06:40.163] ---- [Event] Auto : CT_STOP
[16:06:40.163] --------- [Monitor] StopTasks() : before m_stopped
[16:06:40.183] --------- [Monitor] StopTasks() : m_stopped
[16:06:40.183] [m_nState] AutoStop State
[16:06:40.252] ---- [Flow] CT_STOP Set
[18:50:42.805] ---- [Flow] CT_START Set
[18:50:42.827] ---- [Event] AutoStop : CT_START
[18:50:42.827] [m_nState] Auto State
[18:50:43.662] ---- [Flow] CT_START Set
[18:56:27.584] ---- [Flow] CT_START Set
[18:56:28.223] ---- [Flow] CT_START Set
[18:56:28.582] ---- [Flow] CT_START Set
[19:03:30.475] ---- [Flow] CT_START Set
[19:03:30.801] ---- [Flow] CT_START Set
[19:03:35.986] ---- [Flow] CT_START Set
[20:01:51.122] ---- [Flow] CT_START Set
[20:01:51.569] ---- [Flow] CT_START Set
[20:33:27.779] ---- [Flow] CT_START Set
[20:33:28.247] ---- [Flow] CT_START Set
[20:33:29.839] ---- [Flow] CT_START Set
[20:55:31.101] ---- [Flow] CT_START Set
[20:55:31.549] ---- [Flow] CT_START Set
[20:55:32.131] ---- [Flow] CT_START Set
[21:13:46.835] ---- [Flow] CT_START Set
[21:13:47.210] ---- [Flow] CT_START Set
[21:26:58.193] ---- [Flow] CT_START Set
[21:26:58.529] ---- [Flow] CT_START Set
[21:33:26.143] ---- [Flow] CT_START Set
[21:33:26.575] ---- [Flow] CT_START Set
[21:33:26.920] ---- [Flow] CT_START Set
[21:38:07.475] ---- [Flow] CT_START Set
[21:38:08.207] ---- [Flow] CT_START Set
[21:38:08.616] ---- [Flow] CT_START Set
[21:58:18.296] ---- [Flow] CT_STOP Set
[21:58:18.318] ---- [Event] Auto : CT_STOP
[21:58:18.318] --------- [Monitor] StopTasks() : before m_stopped
[21:58:18.600] --------- [Monitor] StopTasks() : m_stopped
[21:58:18.601] [m_nState] AutoStop State
[22:07:47.563] ---- [Flow] CT_START Set
[22:07:47.584] ---- [Event] AutoStop : CT_START
[22:07:47.584] [m_nState] Auto State
[22:07:48.385] ---- [Flow] CT_START Set
[22:08:43.558] ---- [Flow] CT_START Set
[22:08:44.014] ---- [Flow] CT_START Set
[22:08:44.379] ---- [Flow] CT_START Set
[22:26:40.532] ---- [Flow] CT_START Set
[22:26:40.983] ---- [Flow] CT_START Set
[22:26:41.853] ---- [Flow] CT_START Set
[22:47:16.670] ---- [Flow] CT_START Set
[22:47:17.041] ---- [Flow] CT_START Set
[22:47:17.401] ---- [Flow] CT_START Set
[23:31:26.895] ---- [Flow] CT_START Set
[23:31:27.218] ---- [Flow] CT_START Set
[23:38:34.045] ---- [Flow] CT_START Set
[23:38:34.537] ---- [Flow] CT_START Set
[23:38:34.762] ---- [Flow] CT_START Set
[23:44:48.368] ---- [Flow] CT_START Set
[23:44:48.785] ---- [Flow] CT_START Set
[23:44:49.210] ---- [Flow] CT_START Set
[23:50:42.860] ---- [Flow] CT_START Set
[23:50:43.162] ---- [Flow] CT_START Set
[23:50:44.652] ---- [Flow] CT_START Set
[23:50:44.981] ---- [Flow] CT_START Set
[23:51:00.132] ---- [Flow] CT_START Set
[23:51:00.425] ---- [Flow] CT_START Set
[23:51:49.967] ---- [Flow] CT_START Set
[23:51:50.442] ---- [Flow] CT_START Set
[23:51:50.714] ---- [Flow] CT_START Set
[23:52:07.610] ---- [Flow] CT_START Set
[23:52:08.443] ---- [Flow] CT_START Set
[23:52:39.227] ---- [Flow] CT_START Set
[23:52:40.105] ---- [Flow] CT_START Set
[23:58:33.447] ---- [Flow] CT_START Set
[23:58:33.906] ---- [Flow] CT_START Set
