[06:52:34.115] ---- [Flow] CT_START Set
[06:52:34.138] ---- [Event] AutoStop : CT_START
[06:52:34.139] [m_nState] Auto State
[06:52:37.602] ---- [Flow] CT_START Set
[06:55:00.194] ---- [Flow] CT_START Set
[06:55:01.134] ---- [Flow] CT_START Set
[06:55:01.443] ---- [Flow] CT_START Set
[06:55:02.224] ---- [Flow] CT_START Set
[07:01:14.033] ---- [Flow] CT_START Set
[07:01:15.260] ---- [Flow] CT_START Set
[07:01:16.187] ---- [Flow] CT_START Set
[07:01:16.522] ---- [Flow] CT_START Set
[07:08:32.291] ---- [Flow] CT_START Set
[07:08:33.946] ---- [Flow] CT_START Set
[07:08:36.048] ---- [Flow] CT_START Set
[07:08:36.496] ---- [Flow] CT_START Set
[07:15:09.720] ---- [Flow] CT_START Set
[07:15:10.855] ---- [Flow] CT_START Set
[07:18:49.067] ---- [Flow] CT_START Set
[07:18:49.490] ---- [Flow] CT_START Set
[07:18:53.520] ---- [Flow] CT_START Set
[07:18:54.247] ---- [Flow] CT_START Set
[07:18:54.864] ---- [Flow] CT_START Set
[07:25:01.015] ---- [Flow] CT_START Set
[07:26:01.731] ---- [Flow] CT_START Set
[07:26:02.055] ---- [Flow] CT_START Set
[07:26:05.122] ---- [Flow] CT_START Set
[07:26:05.529] ---- [Flow] CT_START Set
[07:26:09.171] ---- [Flow] CT_START Set
[07:26:09.656] ---- [Flow] CT_START Set
[07:33:40.826] ---- [Flow] CT_START Set
[07:33:41.134] ---- [Flow] CT_START Set
[07:33:44.940] ---- [Flow] CT_START Set
[07:33:45.294] ---- [Flow] CT_START Set
[07:33:47.188] ---- [Flow] CT_START Set
[07:33:49.115] ---- [Flow] CT_START Set
[07:33:50.480] ---- [Flow] CT_START Set
[07:39:58.785] ---- [Flow] CT_START Set
[07:40:43.515] ---- [Flow] CT_START Set
[07:40:43.873] ---- [Flow] CT_START Set
[07:40:44.659] ---- [Flow] CT_START Set
[07:40:45.547] ---- [Flow] CT_START Set
[07:40:46.265] ---- [Flow] CT_START Set
[07:40:46.982] ---- [Flow] CT_START Set
[07:40:47.254] ---- [Flow] CT_START Set
[07:40:48.124] ---- [Flow] CT_START Set
[07:40:48.970] ---- [Flow] CT_START Set
[07:40:52.135] ---- [Flow] CT_START Set
[07:40:52.461] ---- [Flow] CT_START Set
[07:40:54.410] ---- [Flow] CT_START Set
[07:40:56.530] ---- [Flow] CT_START Set
[07:40:58.703] ---- [Flow] CT_START Set
[07:40:59.019] ---- [Flow] CT_START Set
[07:41:04.724] ---- [Flow] CT_START Set
[07:41:06.320] ---- [Flow] CT_START Set
[07:48:06.445] ---- [Flow] CT_START Set
[07:48:06.812] ---- [Flow] CT_START Set
[07:48:07.613] ---- [Flow] CT_START Set
[07:48:08.559] ---- [Flow] CT_START Set
[07:48:09.335] ---- [Flow] CT_START Set
[07:48:10.331] ---- [Flow] CT_START Set
[07:48:13.332] ---- [Flow] CT_START Set
[07:48:14.082] ---- [Flow] CT_START Set
[07:48:16.482] ---- [Flow] CT_START Set
[07:55:21.758] ---- [Flow] CT_START Set
[07:55:22.207] ---- [Flow] CT_START Set
[07:55:22.475] ---- [Flow] CT_START Set
[08:04:44.791] ---- [Flow] CT_START Set
[08:04:45.753] ---- [Flow] CT_START Set
[08:13:03.046] ---- [Flow] CT_START Set
[08:13:03.431] ---- [Flow] CT_START Set
[08:13:24.018] ---- [Flow] CT_START Set
[08:13:27.264] ---- [Flow] CT_START Set
[08:13:31.200] ---- [Flow] CT_START Set
[08:13:31.551] ---- [Flow] CT_START Set
[08:13:32.931] ---- [Flow] CT_START Set
[08:13:33.364] ---- [Flow] CT_START Set
[08:13:37.783] ---- [Flow] CT_START Set
[08:13:38.109] ---- [Flow] CT_START Set
[08:22:41.338] ---- [Flow] CT_START Set
[08:22:41.664] ---- [Flow] CT_START Set
[08:22:43.671] ---- [Flow] CT_START Set
[08:27:07.163] ---- [Flow] CT_START Set
[08:27:07.862] ---- [Flow] CT_START Set
[08:27:08.677] ---- [Flow] CT_START Set
[08:27:08.987] ---- [Flow] CT_START Set
[08:27:09.744] ---- [Flow] CT_START Set
[08:27:33.939] ---- [Flow] CT_START Set
[08:27:38.276] ---- [Flow] CT_START Set
[08:27:40.801] ---- [Flow] CT_START Set
[08:27:41.254] ---- [Flow] CT_START Set
[08:35:37.976] ---- [Flow] CT_START Set
[08:35:38.444] ---- [Flow] CT_START Set
[08:35:39.256] ---- [Flow] CT_START Set
[08:35:39.960] ---- [Flow] CT_START Set
[08:35:40.233] ---- [Flow] CT_START Set
[08:35:41.144] ---- [Flow] CT_START Set
[08:42:33.208] ---- [Flow] CT_START Set
[08:43:13.577] ---- [Flow] CT_START Set
[08:48:36.581] ---- [Flow] CT_START Set
[08:49:06.552] ---- [Flow] CT_START Set
[08:49:07.273] ---- [Flow] CT_START Set
[08:49:07.608] ---- [Flow] CT_START Set
[08:55:57.505] ---- [Flow] CT_START Set
[08:55:57.806] ---- [Flow] CT_START Set
[08:55:58.682] ---- [Flow] CT_START Set
[08:55:59.044] ---- [Flow] CT_START Set
[08:55:59.718] ---- [Flow] CT_START Set
[08:56:01.736] ---- [Flow] CT_START Set
[08:56:01.952] ---- [Flow] CT_START Set
[08:56:02.876] ---- [Flow] CT_START Set
[08:56:03.131] ---- [Flow] CT_START Set
[08:56:03.804] ---- [Flow] CT_START Set
[08:56:04.997] ---- [Flow] CT_START Set
[08:56:05.374] ---- [Flow] CT_START Set
[09:03:45.952] ---- [Flow] CT_START Set
[09:03:46.200] ---- [Flow] CT_START Set
[09:03:46.980] ---- [Flow] CT_START Set
[09:05:56.630] ---- [Flow] CT_START Set
[09:05:57.726] ---- [Flow] CT_START Set
[09:10:52.311] ---- [Flow] CT_START Set
[09:10:53.615] ---- [Flow] CT_START Set
[09:13:17.637] ---- [Flow] CT_STOP Set
[09:13:17.660] ---- [Event] Auto : CT_STOP
[09:13:17.661] --------- [Monitor] StopTasks() : before m_stopped
[09:13:17.675] --------- [Monitor] StopTasks() : m_stopped
[09:13:17.676] [m_nState] AutoStop State
[09:13:17.681] ---- [Flow] CT_STOP Set
[09:13:17.717] ---- [Flow] CT_STOP Set
[09:13:17.754] ---- [Flow] CT_STOP Set
[09:13:17.791] ---- [Flow] CT_STOP Set
[09:13:21.770] ---- [Flow] CT_START Set
[09:13:21.792] ---- [Event] AutoStop : CT_START
[09:13:21.793] [m_nState] Auto State
[09:13:22.575] ---- [Flow] CT_START Set
[09:13:23.105] ---- [Flow] CT_START Set
[09:13:49.617] ---- [Flow] CT_START Set
[09:13:49.982] ---- [Flow] CT_START Set
[09:13:50.908] ---- [Flow] CT_START Set
[09:13:51.662] ---- [Flow] CT_START Set
[09:20:22.350] ---- [Flow] CT_START Set
[09:20:41.225] ---- [Flow] CT_START Set
[09:20:41.963] ---- [Flow] CT_START Set
[09:20:44.569] ---- [Flow] CT_START Set
[09:27:07.339] ---- [Flow] CT_START Set
[09:27:07.620] ---- [Flow] CT_START Set
[09:27:15.507] ---- [Flow] CT_START Set
[09:27:15.800] ---- [Flow] CT_START Set
[09:27:16.641] ---- [Flow] CT_START Set
[09:27:16.926] ---- [Flow] CT_START Set
[09:27:17.611] ---- [Flow] CT_START Set
[09:27:18.448] ---- [Flow] CT_START Set
[09:27:19.152] ---- [Flow] CT_START Set
[09:27:19.424] ---- [Flow] CT_START Set
[09:27:20.347] ---- [Flow] CT_START Set
[09:27:21.375] ---- [Flow] CT_START Set
[09:28:39.327] ---- [Flow] CT_STOP Set
[09:28:39.349] ---- [Event] Auto : CT_STOP
[09:28:39.350] --------- [Monitor] StopTasks() : before m_stopped
[09:28:39.370] --------- [Monitor] StopTasks() : m_stopped
[09:28:39.371] [m_nState] AutoStop State
[09:28:39.461] ---- [Flow] CT_STOP Set
[09:28:39.495] ---- [Flow] CT_STOP Set
[09:29:13.343] ---- [Flow] CT_START Set
[09:29:13.366] ---- [Event] AutoStop : CT_START
[09:29:13.367] [m_nState] Auto State
[09:29:13.643] ---- [Flow] CT_START Set
[09:29:14.915] ---- [Flow] CT_START Set
[09:31:29.571] ---- [Flow] CT_START Set
[09:31:30.126] ---- [Flow] CT_START Set
[09:31:30.394] ---- [Flow] CT_START Set
[09:34:43.436] ---- [Flow] CT_START Set
[09:36:34.888] ---- [Flow] CT_START Set
[09:37:00.140] ---- [Flow] CT_START Set
[09:39:50.028] ---- [Flow] CT_START Set
[09:39:50.462] ---- [Flow] CT_START Set
[09:39:54.580] ---- [Flow] CT_START Set
[09:44:55.433] ---- [Flow] CT_START Set
[09:44:56.566] ---- [Flow] CT_START Set
[09:46:15.770] ---- [Flow] CT_START Set
[09:46:16.177] ---- [Flow] CT_START Set
[09:46:17.002] ---- [Flow] CT_START Set
[09:52:35.125] ---- [Flow] CT_START Set
[09:52:36.577] ---- [Flow] CT_START Set
[09:53:40.281] ---- [Flow] CT_START Set
[09:53:40.799] ---- [Flow] CT_START Set
[09:53:42.773] ---- [Flow] CT_START Set
[09:54:08.478] ---- [Flow] CT_START Set
[09:54:08.770] ---- [Flow] CT_START Set
[09:54:09.565] ---- [Flow] CT_START Set
[09:54:09.853] ---- [Flow] CT_START Set
[09:54:11.209] ---- [Flow] CT_START Set
[09:57:06.034] ---- [Flow] CT_STOP Set
[09:57:06.056] ---- [Event] Auto : CT_STOP
[09:57:06.057] --------- [Monitor] StopTasks() : before m_stopped
[09:57:06.355] --------- [Monitor] StopTasks() : m_stopped
[09:57:06.356] [m_nState] AutoStop State
[09:57:14.943] ---- [Flow] CT_START Set
[09:57:14.965] ---- [Event] AutoStop : CT_START
[09:57:14.966] [m_nState] Auto State
[09:57:16.104] ---- [Flow] CT_START Set
[09:57:32.815] ---- [Flow] CT_START Set
[10:01:11.420] ---- [Flow] CT_START Set
[10:01:12.121] ---- [Flow] CT_START Set
[10:01:12.998] ---- [Flow] CT_START Set
[10:06:02.801] ---- [Flow] CT_START Set
[10:06:03.580] ---- [Flow] CT_START Set
[10:06:04.021] ---- [Flow] CT_START Set
[10:06:06.249] ---- [Flow] CT_START Set
[10:06:06.978] ---- [Flow] CT_START Set
[10:06:08.438] ---- [Flow] CT_START Set
[10:06:14.520] ---- [Flow] CT_START Set
[10:06:14.861] ---- [Flow] CT_START Set
[10:06:17.821] ---- [Flow] CT_START Set
[10:06:18.136] ---- [Flow] CT_START Set
[10:12:23.417] ---- [Flow] CT_START Set
[10:12:24.764] ---- [Flow] CT_START Set
[10:18:36.850] ---- [Flow] CT_START Set
[10:18:37.109] ---- [Flow] CT_START Set
[10:19:07.990] ---- [Flow] CT_START Set
[10:25:14.747] ---- [Flow] CT_START Set
[10:25:15.119] ---- [Flow] CT_START Set
[10:25:15.487] ---- [Flow] CT_START Set
[10:25:16.266] ---- [Flow] CT_START Set
[10:25:17.190] ---- [Flow] CT_START Set
[10:25:17.903] ---- [Flow] CT_START Set
[10:25:18.310] ---- [Flow] CT_START Set
[10:32:57.697] ---- [Flow] CT_START Set
[10:32:58.031] ---- [Flow] CT_START Set
[10:34:50.352] ---- [Flow] CT_START Set
[10:39:38.724] ---- [Flow] CT_START Set
[10:39:39.034] ---- [Flow] CT_START Set
[10:40:24.358] ---- [Flow] CT_START Set
[10:40:24.691] ---- [Flow] CT_START Set
[10:40:26.235] ---- [Flow] CT_START Set
[10:40:26.709] ---- [Flow] CT_START Set
[10:40:27.581] ---- [Flow] CT_START Set
[10:40:28.385] ---- [Flow] CT_START Set
[10:40:28.695] ---- [Flow] CT_START Set
[10:40:32.242] ---- [Flow] CT_START Set
[10:40:32.535] ---- [Flow] CT_START Set
[10:43:28.204] ---- [Flow] CT_START Set
[10:43:33.307] ---- [Flow] CT_STOP Set
[10:43:33.330] ---- [Event] Auto : CT_STOP
[10:43:33.331] --------- [Monitor] StopTasks() : before m_stopped
[10:43:33.783] --------- [Monitor] StopTasks() : m_stopped
[10:43:33.785] [m_nState] AutoStop State
[10:43:50.728] ---- [Flow] CT_START Set
[10:43:50.750] ---- [Event] AutoStop : CT_START
[10:43:50.751] [m_nState] Auto State
[10:43:51.504] ---- [Flow] CT_START Set
[10:47:03.586] ---- [Flow] CT_START Set
[10:47:03.946] ---- [Flow] CT_START Set
[10:47:44.740] ---- [Flow] CT_START Set
[10:47:46.130] ---- [Flow] CT_START Set
[10:47:46.776] ---- [Flow] CT_START Set
[10:47:48.097] ---- [Flow] CT_START Set
[10:47:48.790] ---- [Flow] CT_START Set
[10:47:50.370] ---- [Flow] CT_START Set
[10:47:50.822] ---- [Flow] CT_START Set
[10:47:54.458] ---- [Flow] CT_START Set
[10:47:55.227] ---- [Flow] CT_START Set
[10:47:55.466] ---- [Flow] CT_START Set
[10:54:07.178] ---- [Flow] CT_START Set
[10:54:07.605] ---- [Flow] CT_START Set
[10:54:08.850] ---- [Flow] CT_START Set
[10:54:09.200] ---- [Flow] CT_START Set
[10:54:10.541] ---- [Flow] CT_START Set
[10:54:11.215] ---- [Flow] CT_START Set
[10:54:12.770] ---- [Flow] CT_START Set
[10:54:13.037] ---- [Flow] CT_START Set
[10:54:14.673] ---- [Flow] CT_START Set
[10:54:15.000] ---- [Flow] CT_START Set
[10:54:15.792] ---- [Flow] CT_START Set
[10:54:16.060] ---- [Flow] CT_START Set
[11:00:30.889] ---- [Flow] CT_START Set
[11:00:31.222] ---- [Flow] CT_START Set
[11:00:31.957] ---- [Flow] CT_START Set
[11:00:37.263] ---- [Flow] CT_START Set
[11:00:37.629] ---- [Flow] CT_START Set
[11:01:43.355] ---- [Flow] CT_START Set
[11:01:44.562] ---- [Flow] CT_START Set
[11:17:28.620] ---- [Flow] CT_START Set
[11:17:29.221] ---- [Flow] CT_START Set
[11:17:29.549] ---- [Flow] CT_START Set
[11:24:13.498] ---- [Flow] CT_START Set
[11:24:13.769] ---- [Flow] CT_START Set
[11:24:14.572] ---- [Flow] CT_START Set
[11:24:14.962] ---- [Flow] CT_START Set
[11:24:15.661] ---- [Flow] CT_START Set
[11:24:16.360] ---- [Flow] CT_START Set
[11:24:16.667] ---- [Flow] CT_START Set
[11:24:17.362] ---- [Flow] CT_START Set
[11:24:18.545] ---- [Flow] CT_START Set
[11:24:19.132] ---- [Flow] CT_START Set
[11:24:19.861] ---- [Flow] CT_START Set
[11:24:20.088] ---- [Flow] CT_START Set
[11:24:21.687] ---- [Flow] CT_START Set
[11:25:20.038] ---- [Flow] CT_START Set
[11:25:20.462] ---- [Flow] CT_START Set
[11:25:20.834] ---- [Flow] CT_START Set
[11:25:21.467] ---- [Flow] CT_START Set
[11:28:12.243] ---- [Flow] CT_START Set
[11:28:15.183] ---- [Flow] CT_START Set
[11:28:15.602] ---- [Flow] CT_START Set
[11:28:23.159] ---- [Flow] CT_START Set
[11:28:23.808] ---- [Flow] CT_START Set
[11:28:24.150] ---- [Flow] CT_START Set
[11:37:42.684] ---- [Flow] CT_START Set
[11:37:46.824] ---- [Flow] CT_STOP Set
[11:37:46.846] ---- [Event] Auto : CT_STOP
[11:37:46.847] --------- [Monitor] StopTasks() : before m_stopped
[11:37:47.467] --------- [Monitor] StopTasks() : m_stopped
[11:37:47.468] [m_nState] AutoStop State
[12:23:09.623] ---- [Flow] CT_START Set
[12:23:09.645] ---- [Event] AutoStop : CT_START
[12:23:09.646] [m_nState] Auto State
[12:23:10.541] ---- [Flow] CT_START Set
[12:24:58.868] ---- [Flow] CT_START Set
[12:24:59.099] ---- [Flow] CT_START Set
[12:24:59.269] ---- [Flow] CT_START Set
[12:37:16.720] ---- [Flow] CT_START Set
[12:37:17.034] ---- [Flow] CT_START Set
[12:37:26.375] ---- [Flow] CT_START Set
[12:51:55.615] ---- [Flow] CT_START Set
[12:51:57.082] ---- [Flow] CT_START Set
[12:55:14.044] ---- [Flow] CT_START Set
[12:55:14.421] ---- [Flow] CT_START Set
[13:01:14.191] ---- [Flow] CT_START Set
[13:01:14.599] ---- [Flow] CT_START Set
[13:01:14.954] ---- [Flow] CT_START Set
[13:01:28.831] ---- [Flow] CT_START Set
[13:01:29.762] ---- [Flow] CT_START Set
[13:01:35.163] ---- [Flow] CT_START Set
[13:01:37.971] ---- [Flow] CT_START Set
[13:01:38.299] ---- [Flow] CT_START Set
[13:01:41.711] ---- [Flow] CT_START Set
[13:01:42.252] ---- [Flow] CT_START Set
[13:01:47.305] ---- [Flow] CT_START Set
[13:01:53.626] ---- [Flow] CT_START Set
[13:04:20.435] ---- [Flow] CT_START Set
[13:04:21.330] ---- [Flow] CT_START Set
[13:04:26.650] ---- [Flow] CT_START Set
[13:04:32.436] ---- [Flow] CT_START Set
[13:04:32.792] ---- [Flow] CT_START Set
[13:04:33.555] ---- [Flow] CT_START Set
[13:04:33.905] ---- [Flow] CT_START Set
[13:04:36.186] ---- [Flow] CT_START Set
[13:04:36.606] ---- [Flow] CT_START Set
[13:05:13.818] ---- [Flow] CT_START Set
[13:05:14.742] ---- [Flow] CT_START Set
[13:24:59.163] ---- [Flow] CT_START Set
[13:25:19.323] ---- [Flow] CT_START Set
[13:27:31.312] ---- [Flow] CT_START Set
[13:27:32.825] ---- [Flow] CT_START Set
[13:28:40.799] ---- [Flow] CT_START Set
[13:28:42.396] ---- [Flow] CT_START Set
[13:36:34.072] ---- [Flow] CT_START Set
[13:36:34.693] ---- [Flow] CT_START Set
[13:36:35.434] ---- [Flow] CT_START Set
[13:43:27.167] ---- [Flow] CT_START Set
[13:43:27.669] ---- [Flow] CT_START Set
[13:43:28.238] ---- [Flow] CT_START Set
[13:45:30.619] ---- [Flow] CT_START Set
[13:45:32.188] ---- [Flow] CT_START Set
[13:49:26.014] ---- [Flow] CT_START Set
[13:50:52.626] ---- [Flow] CT_START Set
[13:50:56.410] ---- [Flow] CT_START Set
[13:57:58.103] ---- [Flow] CT_START Set
[13:57:58.787] ---- [Flow] CT_START Set
[13:57:59.292] ---- [Flow] CT_START Set
[14:06:37.366] ---- [Flow] CT_START Set
[14:06:40.191] ---- [Flow] CT_START Set
[14:07:58.896] ---- [Flow] CT_START Set
[14:09:58.625] ---- [Flow] CT_START Set
[14:14:06.885] ---- [Flow] CT_START Set
[14:14:07.244] ---- [Flow] CT_START Set
[14:16:18.556] ---- [Flow] CT_START Set
[14:16:19.019] ---- [Flow] CT_START Set
[14:16:19.845] ---- [Flow] CT_START Set
[14:16:20.799] ---- [Flow] CT_START Set
[14:16:29.118] ---- [Flow] CT_START Set
[14:16:29.553] ---- [Flow] CT_START Set
[14:16:29.780] ---- [Flow] CT_START Set
[14:22:04.009] ---- [Flow] CT_START Set
[14:22:04.413] ---- [Flow] CT_START Set
[14:22:05.051] ---- [Flow] CT_START Set
[14:23:39.650] ---- [Flow] CT_START Set
[14:27:45.049] ---- [Flow] CT_STOP Set
[14:27:45.073] ---- [Event] Auto : CT_STOP
[14:27:45.074] --------- [Monitor] StopTasks() : before m_stopped
[14:27:45.125] ---- [Flow] CT_STOP Set
[14:27:45.177] ---- [Flow] CT_STOP Set
[14:27:45.223] ---- [Flow] CT_STOP Set
[14:27:45.379] --------- [Monitor] StopTasks() : m_stopped
[14:27:45.380] [m_nState] AutoStop State
[14:27:46.586] ---- [Flow] CT_START Set
[14:27:46.609] ---- [Event] AutoStop : CT_START
[14:27:46.610] [m_nState] Auto State
[14:27:51.492] ---- [Flow] CT_STOP Set
[14:27:51.514] ---- [Event] Auto : CT_STOP
[14:27:51.515] --------- [Monitor] StopTasks() : before m_stopped
[14:27:51.541] ---- [Flow] CT_STOP Set
[14:27:51.589] ---- [Flow] CT_STOP Set
[14:27:52.064] --------- [Monitor] StopTasks() : m_stopped
[14:27:52.065] [m_nState] AutoStop State
[14:28:54.155] ---- [Flow] CT_STOP Set
[14:28:54.196] ---- [Flow] CT_STOP Set
[14:28:54.232] ---- [Flow] CT_STOP Set
[14:28:54.273] ---- [Flow] CT_STOP Set
[14:28:54.307] ---- [Flow] CT_STOP Set
[14:28:55.405] ---- [Flow] CT_START Set
[14:28:55.427] ---- [Event] AutoStop : CT_START
[14:28:55.428] [m_nState] Auto State
[14:29:10.952] ---- [Flow] CT_START Set
[14:32:04.343] ---- [Flow] CT_STOP Set
[14:32:04.366] ---- [Event] Auto : CT_STOP
[14:32:04.367] --------- [Monitor] StopTasks() : before m_stopped
[14:32:04.377] --------- [Monitor] StopTasks() : m_stopped
[14:32:04.378] [m_nState] AutoStop State
[14:32:04.383] ---- [Flow] CT_STOP Set
[14:32:04.417] ---- [Flow] CT_STOP Set
[14:32:25.023] ---- [Flow] CT_START Set
[14:32:25.045] ---- [Event] AutoStop : CT_START
[14:32:25.046] [m_nState] Auto State
[14:32:45.720] ---- [Flow] CT_START Set
[14:32:45.837] ---- [Flow] CT_START Set
[14:32:46.544] ---- [Flow] CT_STOP Set
[14:32:46.567] ---- [Event] Auto : CT_STOP
[14:32:46.568] --------- [Monitor] StopTasks() : before m_stopped
[14:32:46.611] ---- [Flow] CT_STOP Set
[14:32:46.709] ---- [Flow] CT_STOP Set
[14:32:46.775] ---- [Flow] CT_STOP Set
[14:32:46.867] --------- [Monitor] StopTasks() : m_stopped
[14:32:46.868] [m_nState] AutoStop State
[14:33:22.646] ---- [Flow] CT_START Set
[14:33:22.668] ---- [Event] AutoStop : CT_START
[14:33:22.669] [m_nState] Auto State
[14:33:36.438] ---- [Flow] CT_START Set
[14:33:37.115] ---- [Flow] CT_START Set
[14:33:37.395] ---- [Flow] CT_START Set
[14:34:33.530] ---- [Flow] CT_START Set
[14:34:42.634] ---- [Flow] CT_START Set
[14:40:25.067] ---- [Flow] CT_START Set
[14:40:26.551] ---- [Flow] CT_START Set
[14:40:27.052] ---- [Flow] CT_START Set
[14:41:03.396] ---- [Flow] CT_START Set
[14:41:03.654] ---- [Flow] CT_START Set
[14:41:06.640] ---- [Flow] CT_START Set
[14:48:57.640] ---- [Flow] CT_START Set
[14:48:58.073] ---- [Flow] CT_START Set
[14:48:58.801] ---- [Flow] CT_START Set
[14:49:27.124] ---- [Flow] CT_START Set
[14:49:27.492] ---- [Flow] CT_START Set
[14:49:27.875] ---- [Flow] CT_START Set
[14:49:30.349] ---- [Flow] CT_START Set
[14:49:30.680] ---- [Flow] CT_START Set
[14:49:31.603] ---- [Flow] CT_START Set
[14:49:31.897] ---- [Flow] CT_START Set
[14:49:32.671] ---- [Flow] CT_START Set
[14:49:39.541] ---- [Flow] CT_START Set
[14:56:14.492] ---- [Flow] CT_START Set
[14:56:14.881] ---- [Flow] CT_START Set
[14:56:15.220] ---- [Flow] CT_START Set
[15:03:11.159] ---- [Flow] CT_START Set
[15:03:11.504] ---- [Flow] CT_START Set
[15:10:15.978] ---- [Flow] CT_START Set
[15:10:16.228] ---- [Flow] CT_START Set
[15:16:32.888] ---- [Flow] CT_START Set
[15:16:33.382] ---- [Flow] CT_START Set
[15:16:33.643] ---- [Flow] CT_START Set
[15:16:39.717] ---- [Flow] CT_START Set
[15:16:39.953] ---- [Flow] CT_START Set
[15:16:40.774] ---- [Flow] CT_START Set
[15:16:45.332] ---- [Flow] CT_START Set
[15:16:45.609] ---- [Flow] CT_START Set
[15:17:35.401] ---- [Flow] CT_START Set
[15:17:35.702] ---- [Flow] CT_START Set
[15:17:40.351] ---- [Flow] CT_START Set
[15:18:32.579] ---- [Flow] CT_START Set
[15:18:35.954] ---- [Flow] CT_START Set
[15:19:08.543] ---- [Flow] CT_START Set
[15:19:08.855] ---- [Flow] CT_START Set
[15:21:11.899] ---- [Flow] CT_START Set
[15:21:12.321] ---- [Flow] CT_START Set
[15:21:12.880] ---- [Flow] CT_START Set
[15:21:13.089] ---- [Flow] CT_START Set
[15:21:15.588] ---- [Flow] CT_START Set
[15:25:22.348] ---- [Flow] CT_START Set
[15:25:23.407] ---- [Flow] CT_START Set
[15:26:20.704] ---- [Flow] CT_START Set
[15:26:22.171] ---- [Flow] CT_START Set
[15:30:32.815] ---- [Flow] CT_START Set
[15:30:33.349] ---- [Flow] CT_START Set
[15:30:33.667] ---- [Flow] CT_START Set
[15:34:02.203] ---- [Flow] CT_START Set
[15:34:02.740] ---- [Flow] CT_START Set
[15:34:03.041] ---- [Flow] CT_START Set
[15:35:01.396] ---- [Flow] CT_START Set
[15:35:01.750] ---- [Flow] CT_START Set
[15:35:02.027] ---- [Flow] CT_START Set
[15:35:02.391] ---- [Flow] CT_START Set
[15:35:03.007] ---- [Flow] CT_START Set
[15:35:03.846] ---- [Flow] CT_START Set
[15:35:04.130] ---- [Flow] CT_START Set
[15:35:07.989] ---- [Flow] CT_START Set
[15:35:12.971] ---- [Flow] CT_START Set
[15:49:10.218] ---- [Flow] CT_START Set
[15:49:10.761] ---- [Flow] CT_START Set
[15:49:11.018] ---- [Flow] CT_START Set
[15:53:36.829] ---- [Flow] CT_START Set
[15:53:37.333] ---- [Flow] CT_START Set
[15:53:37.601] ---- [Flow] CT_START Set
[15:55:18.247] ---- [Flow] CT_STOP Set
[15:55:18.269] ---- [Event] Auto : CT_STOP
[15:55:18.270] --------- [Monitor] StopTasks() : before m_stopped
[15:55:18.405] ---- [Flow] CT_STOP Set
[15:55:18.455] ---- [Flow] CT_STOP Set
[15:55:18.834] --------- [Monitor] StopTasks() : m_stopped
[15:55:18.835] [m_nState] AutoStop State
[15:55:37.469] ---- [Flow] CT_START Set
[15:55:37.492] ---- [Event] AutoStop : CT_START
[15:55:37.493] [m_nState] Auto State
[15:55:37.900] ---- [Flow] CT_START Set
[15:55:38.154] ---- [Flow] CT_START Set
[15:55:38.446] ---- [Flow] CT_START Set
[15:55:38.965] ---- [Flow] CT_START Set
[15:57:25.295] ---- [Flow] CT_START Set
[15:57:25.636] ---- [Flow] CT_START Set
[15:57:26.345] ---- [Flow] CT_START Set
[15:59:54.051] ---- [Flow] CT_START Set
[15:59:54.320] ---- [Flow] CT_START Set
[15:59:55.156] ---- [Flow] CT_START Set
[16:06:17.541] ---- [Flow] CT_STOP Set
[16:06:17.563] ---- [Event] Auto : CT_STOP
[16:06:17.564] --------- [Monitor] StopTasks() : before m_stopped
[16:06:17.598] --------- [Monitor] StopTasks() : m_stopped
[16:06:17.599] [m_nState] AutoStop State
[19:44:10.829] ---- [Flow] CT_START Set
[19:44:10.851] ---- [Event] AutoStop : CT_START
[19:44:10.852] [m_nState] Auto State
[19:44:11.978] ---- [Flow] CT_START Set
[19:47:11.889] ---- [Flow] CT_START Set
[19:47:12.254] ---- [Flow] CT_START Set
[19:47:13.509] ---- [Flow] CT_START Set
[19:47:17.951] ---- [Flow] CT_START Set
[19:47:24.957] ---- [Flow] CT_START Set
[19:53:48.750] ---- [Flow] CT_START Set
[19:53:49.194] ---- [Flow] CT_START Set
[19:53:49.468] ---- [Flow] CT_START Set
[19:53:49.741] ---- [Flow] CT_START Set
[20:07:18.931] ---- [Flow] CT_START Set
[20:08:26.877] ---- [Flow] CT_START Set
[20:08:27.572] ---- [Flow] CT_START Set
[20:08:30.394] ---- [Flow] CT_START Set
[20:18:42.779] ---- [Flow] CT_START Set
[20:18:43.050] ---- [Flow] CT_START Set
[20:42:03.405] ---- [Flow] CT_START Set
[20:42:03.855] ---- [Flow] CT_START Set
[20:42:04.082] ---- [Flow] CT_START Set
[20:42:04.299] ---- [Flow] CT_START Set
[20:50:28.106] ---- [Flow] CT_START Set
[20:50:28.431] ---- [Flow] CT_START Set
[20:50:28.671] ---- [Flow] CT_START Set
[20:57:38.646] ---- [Flow] CT_START Set
[20:57:39.148] ---- [Flow] CT_START Set
[20:57:39.425] ---- [Flow] CT_START Set
[20:57:39.719] ---- [Flow] CT_START Set
[21:04:32.611] ---- [Flow] CT_START Set
[21:04:32.945] ---- [Flow] CT_START Set
[21:04:33.623] ---- [Flow] CT_START Set
[21:12:41.430] ---- [Flow] CT_START Set
[21:12:43.639] ---- [Flow] CT_START Set
[21:12:44.361] ---- [Flow] CT_START Set
[21:12:44.673] ---- [Flow] CT_START Set
[21:20:05.221] ---- [Flow] CT_START Set
[21:20:11.193] ---- [Flow] CT_START Set
[21:20:11.459] ---- [Flow] CT_START Set
[21:20:12.176] ---- [Flow] CT_START Set
[21:34:06.418] ---- [Flow] CT_START Set
[21:34:07.084] ---- [Flow] CT_START Set
[21:34:07.343] ---- [Flow] CT_START Set
[21:34:07.648] ---- [Flow] CT_START Set
[21:39:59.857] ---- [Flow] CT_START Set
[21:40:00.142] ---- [Flow] CT_START Set
[21:41:39.494] ---- [Flow] CT_START Set
[21:41:39.810] ---- [Flow] CT_START Set
[21:45:28.324] ---- [Flow] CT_START Set
[21:45:58.064] ---- [Flow] CT_START Set
[21:45:58.374] ---- [Flow] CT_START Set
[21:46:33.663] ---- [Flow] CT_START Set
[21:46:35.118] ---- [Flow] CT_START Set
[21:46:35.794] ---- [Flow] CT_START Set
[21:46:36.049] ---- [Flow] CT_START Set
[21:46:36.833] ---- [Flow] CT_START Set
[21:46:36.927] ---- [Flow] CT_START Set
[21:46:39.135] ---- [Flow] CT_START Set
[21:46:39.260] ---- [Flow] CT_START Set
[21:47:16.144] ---- [Flow] CT_START Set
[21:48:47.394] ---- [Flow] CT_START Set
[21:48:47.875] ---- [Flow] CT_START Set
[21:48:53.466] ---- [Flow] CT_START Set
[21:48:53.840] ---- [Flow] CT_START Set
[21:49:06.948] ---- [Flow] CT_START Set
[21:49:10.015] ---- [Flow] CT_START Set
[21:56:26.950] ---- [Flow] CT_START Set
[21:56:27.409] ---- [Flow] CT_START Set
[21:56:27.708] ---- [Flow] CT_START Set
[21:56:28.001] ---- [Flow] CT_START Set
[21:58:03.993] ---- [Flow] CT_STOP Set
[21:58:04.015] ---- [Event] Auto : CT_STOP
[21:58:04.016] --------- [Monitor] StopTasks() : before m_stopped
[21:58:04.539] --------- [Monitor] StopTasks() : m_stopped
[21:58:04.540] [m_nState] AutoStop State
[22:00:17.961] ---- [Flow] CT_START Set
[22:00:17.984] ---- [Event] AutoStop : CT_START
[22:00:17.985] [m_nState] Auto State
[22:00:18.970] ---- [Flow] CT_START Set
[22:01:55.400] ---- [Flow] CT_START Set
[22:01:55.726] ---- [Flow] CT_START Set
[22:01:56.570] ---- [Flow] CT_START Set
[22:01:56.896] ---- [Flow] CT_START Set
[22:01:57.716] ---- [Flow] CT_START Set
[22:01:58.304] ---- [Flow] CT_START Set
[22:01:58.545] ---- [Flow] CT_START Set
[22:01:58.804] ---- [Flow] CT_START Set
[22:01:59.499] ---- [Flow] CT_START Set
[22:10:52.292] ---- [Flow] CT_START Set
[22:10:52.615] ---- [Flow] CT_START Set
[22:10:52.876] ---- [Flow] CT_START Set
[22:10:55.246] ---- [Flow] CT_START Set
[22:11:35.795] ---- [Flow] CT_START Set
[22:11:36.022] ---- [Flow] CT_START Set
[22:11:36.245] ---- [Flow] CT_START Set
[22:11:36.497] ---- [Flow] CT_START Set
[22:11:36.718] ---- [Flow] CT_START Set
[22:12:25.487] ---- [Flow] CT_START Set
[22:12:26.178] ---- [Flow] CT_START Set
[22:12:26.498] ---- [Flow] CT_START Set
[22:12:26.856] ---- [Flow] CT_START Set
[22:12:28.456] ---- [Flow] CT_START Set
[22:12:28.787] ---- [Flow] CT_START Set
[22:12:29.132] ---- [Flow] CT_START Set
[22:12:29.459] ---- [Flow] CT_START Set
[22:12:36.915] ---- [Flow] CT_START Set
[22:12:37.150] ---- [Flow] CT_START Set
[22:12:37.375] ---- [Flow] CT_START Set
[22:12:37.606] ---- [Flow] CT_START Set
[22:12:37.831] ---- [Flow] CT_START Set
[22:17:58.934] ---- [Flow] CT_START Set
[22:17:59.244] ---- [Flow] CT_START Set
[22:17:59.534] ---- [Flow] CT_START Set
[22:18:02.155] ---- [Flow] CT_START Set
[22:21:19.385] ---- [Flow] CT_START Set
[22:21:19.731] ---- [Flow] CT_START Set
[22:21:20.079] ---- [Flow] CT_START Set
[22:21:20.418] ---- [Flow] CT_START Set
[22:21:21.211] ---- [Flow] CT_START Set
[22:21:22.091] ---- [Flow] CT_START Set
[22:21:25.042] ---- [Flow] CT_START Set
[22:21:25.306] ---- [Flow] CT_START Set
[22:21:25.579] ---- [Flow] CT_START Set
[22:21:25.905] ---- [Flow] CT_START Set
[22:21:29.253] ---- [Flow] CT_START Set
[22:21:29.559] ---- [Flow] CT_START Set
[22:21:32.182] ---- [Flow] CT_START Set
[22:21:33.531] ---- [Flow] CT_START Set
[22:21:43.178] ---- [Flow] CT_START Set
[22:21:43.458] ---- [Flow] CT_START Set
[22:21:43.729] ---- [Flow] CT_START Set
[22:21:44.080] ---- [Flow] CT_START Set
[22:25:42.974] ---- [Flow] CT_START Set
[22:28:58.420] ---- [Flow] CT_START Set
[22:28:59.158] ---- [Flow] CT_START Set
[22:28:59.400] ---- [Flow] CT_START Set
[22:32:37.089] ---- [Flow] CT_START Set
[22:32:37.812] ---- [Flow] CT_START Set
[22:32:38.085] ---- [Flow] CT_START Set
[22:39:59.991] ---- [Flow] CT_START Set
[22:40:00.512] ---- [Flow] CT_START Set
[22:40:00.745] ---- [Flow] CT_START Set
[22:40:00.989] ---- [Flow] CT_START Set
[22:48:40.709] ---- [Flow] CT_START Set
[22:48:49.283] ---- [Flow] CT_START Set
[22:54:33.137] ---- [Flow] CT_START Set
[22:54:38.113] ---- [Flow] CT_START Set
[22:54:38.393] ---- [Flow] CT_START Set
[23:02:24.225] ---- [Flow] CT_START Set
[23:18:43.471] ---- [Flow] CT_START Set
[23:18:43.764] ---- [Flow] CT_START Set
[23:18:44.043] ---- [Flow] CT_START Set
[23:18:44.361] ---- [Flow] CT_START Set
[23:18:52.392] ---- [Flow] CT_START Set
[23:18:52.640] ---- [Flow] CT_START Set
[23:19:03.809] ---- [Flow] CT_START Set
[23:19:04.058] ---- [Flow] CT_START Set
[23:19:20.097] ---- [Flow] CT_START Set
[23:19:20.369] ---- [Flow] CT_START Set
[23:23:28.877] ---- [Flow] CT_START Set
[23:23:29.245] ---- [Flow] CT_START Set
[23:23:29.462] ---- [Flow] CT_START Set
[23:23:29.711] ---- [Flow] CT_START Set
[23:31:05.238] ---- [Flow] CT_START Set
[23:31:05.829] ---- [Flow] CT_START Set
[23:31:06.118] ---- [Flow] CT_START Set
[23:52:01.221] ---- [Flow] CT_START Set
[23:52:01.522] ---- [Flow] CT_START Set
[23:56:32.657] ---- [Flow] CT_STOP Set
[23:56:32.679] ---- [Event] Auto : CT_STOP
[23:56:32.680] --------- [Monitor] StopTasks() : before m_stopped
[23:56:32.807] --------- [Monitor] StopTasks() : m_stopped
[23:56:32.808] [m_nState] AutoStop State
[23:56:32.823] ---- [Flow] CT_STOP Set
[23:56:32.860] ---- [Flow] CT_STOP Set
[23:56:32.897] ---- [Flow] CT_STOP Set
[23:56:32.973] ---- [Flow] CT_STOP Set
[23:56:33.012] ---- [Flow] CT_STOP Set
[23:56:33.045] ---- [Flow] CT_STOP Set
[23:57:23.345] ---- [Flow] CT_STOP Set
[23:57:23.384] ---- [Flow] CT_STOP Set
[23:57:23.426] ---- [Flow] CT_STOP Set
[23:57:25.785] ---- [Flow] CT_START Set
[23:57:25.807] ---- [Event] AutoStop : CT_START
[23:57:25.808] [m_nState] Auto State
[23:57:34.565] ---- [Flow] CT_START Set
[23:57:38.936] ---- [Flow] CT_START Set
