[00:16:54.020] ---- [Flow] CT_START Set
[00:17:04.729] ---- [Flow] CT_START Set
[00:17:05.209] ---- [Flow] CT_START Set
[00:17:25.337] ---- [Flow] CT_START Set
[00:17:25.640] ---- [Flow] CT_START Set
[00:17:29.454] ---- [Flow] CT_START Set
[00:17:29.740] ---- [Flow] CT_START Set
[00:17:30.988] ---- [Flow] CT_START Set
[00:17:31.468] ---- [Flow] CT_START Set
[00:17:32.798] ---- [Flow] CT_START Set
[00:28:17.601] ---- [Flow] CT_STOP Set
[00:28:17.624] ---- [Event] Auto : CT_STOP
[00:28:17.625] --------- [Monitor] StopTasks() : before m_stopped
[00:28:17.676] --------- [Monitor] StopTasks() : m_stopped
[00:28:17.677] [m_nState] AutoStop State
[06:16:02.373] ---- [Flow] CT_START Set
[06:16:02.395] ---- [Event] AutoStop : CT_START
[06:16:02.396] [m_nState] Auto State
[06:16:03.511] ---- [Flow] CT_START Set
[06:43:56.066] ---- [Flow] CT_STOP Set
[06:43:56.088] ---- [Event] Auto : CT_STOP
[06:43:56.089] --------- [Monitor] StopTasks() : before m_stopped
[06:43:56.149] --------- [Monitor] StopTasks() : m_stopped
[06:43:56.150] [m_nState] AutoStop State
[06:58:08.832] ---- [Flow] CT_START Set
[06:58:08.854] ---- [Event] AutoStop : CT_START
[06:58:08.855] [m_nState] Auto State
[06:58:10.045] ---- [Flow] CT_START Set
[07:17:25.765] ---- [Flow] CT_START Set
[07:17:26.092] ---- [Flow] CT_START Set
[07:17:26.757] ---- [Flow] CT_START Set
[07:17:26.959] ---- [Flow] CT_START Set
[07:17:27.881] ---- [Flow] CT_START Set
[07:17:28.646] ---- [Flow] CT_START Set
[07:17:29.512] ---- [Flow] CT_START Set
[07:17:29.940] ---- [Flow] CT_START Set
[07:17:30.697] ---- [Flow] CT_START Set
[07:17:34.590] ---- [Flow] CT_START Set
[07:22:17.948] ---- [Flow] CT_START Set
[07:22:40.274] ---- [Flow] CT_START Set
[07:23:42.146] ---- [Flow] CT_START Set
[07:24:37.069] ---- [Flow] CT_START Set
[07:24:37.476] ---- [Flow] CT_START Set
[07:24:37.817] ---- [Flow] CT_START Set
[07:24:38.162] ---- [Flow] CT_START Set
[07:24:45.846] ---- [Flow] CT_START Set
[07:31:02.169] ---- [Flow] CT_START Set
[07:32:30.875] ---- [Flow] CT_START Set
[07:38:51.994] ---- [Flow] CT_START Set
[07:38:52.409] ---- [Flow] CT_START Set
[07:47:39.063] ---- [Flow] CT_START Set
[07:47:39.480] ---- [Flow] CT_START Set
[07:50:07.934] ---- [Flow] CT_START Set
[07:50:10.042] ---- [Flow] CT_START Set
[08:05:09.970] ---- [Flow] CT_START Set
[08:17:54.816] ---- [Flow] CT_START Set
[08:18:22.199] ---- [Flow] CT_START Set
[08:24:11.335] ---- [Flow] CT_START Set
[08:28:55.333] ---- [Flow] CT_START Set
[08:36:35.108] ---- [Flow] CT_START Set
[08:37:24.693] ---- [Flow] CT_START Set
[08:37:28.790] ---- [Flow] CT_STOP Set
[08:37:28.811] ---- [Event] Auto : CT_STOP
[08:37:28.812] --------- [Monitor] StopTasks() : before m_stopped
[08:37:28.851] ---- [Flow] CT_STOP Set
[08:37:28.893] ---- [Flow] CT_STOP Set
[08:37:28.935] ---- [Flow] CT_STOP Set
[08:37:29.425] --------- [Monitor] StopTasks() : m_stopped
[08:37:29.427] [m_nState] AutoStop State
[08:38:33.254] ---- [Flow] CT_START Set
[08:38:33.277] ---- [Event] AutoStop : CT_START
[08:38:33.278] [m_nState] Auto State
[08:38:50.314] ---- [Flow] CT_START Set
[08:39:11.441] ---- [Flow] CT_START Set
[08:44:13.265] ---- [Flow] CT_START Set
[08:46:54.889] ---- [Flow] CT_START Set
[08:47:08.750] ---- [Flow] CT_START Set
[08:47:17.358] ---- [Flow] CT_START Set
[08:48:20.725] ---- [Flow] CT_START Set
[08:48:21.027] ---- [Flow] CT_START Set
[08:50:00.393] ---- [Flow] CT_START Set
[08:50:01.208] ---- [Flow] CT_START Set
[08:50:02.188] ---- [Flow] CT_START Set
[08:50:02.498] ---- [Flow] CT_START Set
[08:50:03.328] ---- [Flow] CT_START Set
[08:50:03.892] ---- [Flow] CT_START Set
[08:55:59.052] ---- [Flow] CT_START Set
[08:56:05.958] ---- [Flow] CT_START Set
[08:56:06.300] ---- [Flow] CT_START Set
[08:56:06.413] ---- [Flow] CT_START Set
[08:56:06.676] ---- [Flow] CT_START Set
[08:56:07.021] ---- [Flow] CT_START Set
[08:56:07.125] ---- [Flow] CT_START Set
[08:56:07.210] ---- [Flow] CT_START Set
[08:56:07.326] ---- [Flow] CT_START Set
[08:56:07.394] ---- [Flow] CT_START Set
[08:56:07.821] ---- [Flow] CT_START Set
[08:56:07.983] ---- [Flow] CT_START Set
[08:56:08.107] ---- [Flow] CT_START Set
[08:56:08.342] ---- [Flow] CT_START Set
[08:56:08.678] ---- [Flow] CT_START Set
[08:56:08.777] ---- [Flow] CT_START Set
[08:56:09.101] ---- [Flow] CT_START Set
[08:56:09.330] ---- [Flow] CT_START Set
[08:56:09.543] ---- [Flow] CT_START Set
[08:56:09.757] ---- [Flow] CT_START Set
[08:56:09.977] ---- [Flow] CT_START Set
[08:56:11.700] ---- [Flow] CT_START Set
[08:56:12.424] ---- [Flow] CT_START Set
[08:56:12.750] ---- [Flow] CT_START Set
[08:56:13.458] ---- [Flow] CT_START Set
[08:56:13.541] ---- [Flow] CT_START Set
[08:56:13.615] ---- [Flow] CT_START Set
[08:56:13.969] ---- [Flow] CT_START Set
[08:56:14.068] ---- [Flow] CT_START Set
[08:56:14.254] ---- [Flow] CT_START Set
[08:56:15.120] ---- [Flow] CT_START Set
[08:56:15.650] ---- [Flow] CT_START Set
[08:56:16.497] ---- [Flow] CT_START Set
[08:56:16.735] ---- [Flow] CT_START Set
[08:56:16.961] ---- [Flow] CT_START Set
[08:56:17.179] ---- [Flow] CT_START Set
[08:56:17.321] ---- [Flow] CT_START Set
[08:56:17.639] ---- [Flow] CT_START Set
[08:56:20.523] ---- [Flow] CT_START Set
[08:56:20.925] ---- [Flow] CT_START Set
[08:56:21.031] ---- [Flow] CT_START Set
[08:56:21.456] ---- [Flow] CT_START Set
[08:56:21.621] ---- [Flow] CT_START Set
[08:56:21.733] ---- [Flow] CT_START Set
[08:56:22.060] ---- [Flow] CT_START Set
[08:56:22.158] ---- [Flow] CT_START Set
[08:56:22.250] ---- [Flow] CT_START Set
[08:56:22.365] ---- [Flow] CT_START Set
[08:56:22.472] ---- [Flow] CT_START Set
[08:56:22.911] ---- [Flow] CT_START Set
[08:56:23.021] ---- [Flow] CT_START Set
[08:56:23.107] ---- [Flow] CT_START Set
[08:56:23.223] ---- [Flow] CT_START Set
[08:56:23.819] ---- [Flow] CT_START Set
[08:56:23.935] ---- [Flow] CT_START Set
[08:56:24.265] ---- [Flow] CT_START Set
[08:56:24.369] ---- [Flow] CT_START Set
[08:56:52.633] ---- [Flow] CT_START Set
[08:56:52.896] ---- [Flow] CT_START Set
[08:56:53.776] ---- [Flow] CT_START Set
[08:56:54.068] ---- [Flow] CT_START Set
[08:56:54.324] ---- [Flow] CT_START Set
[08:57:16.958] ---- [Flow] CT_START Set
[08:57:17.072] ---- [Flow] CT_START Set
[08:57:17.115] ---- [Flow] CT_START Set
[08:57:22.351] ---- [Flow] CT_START Set
[08:57:27.424] ---- [Flow] CT_STOP Set
[08:57:27.447] ---- [Event] Auto : CT_STOP
[08:57:27.448] --------- [Monitor] StopTasks() : before m_stopped
[08:57:27.459] --------- [Monitor] StopTasks() : m_stopped
[08:57:27.460] [m_nState] AutoStop State
[08:57:27.466] ---- [Flow] CT_STOP Set
[08:57:27.501] ---- [Flow] CT_STOP Set
[08:57:27.538] ---- [Flow] CT_STOP Set
[08:57:27.571] ---- [Flow] CT_STOP Set
[08:57:27.603] ---- [Flow] CT_STOP Set
[08:57:28.840] ---- [Flow] CT_START Set
[08:57:28.863] ---- [Event] AutoStop : CT_START
[08:57:28.864] [m_nState] Auto State
[08:57:35.869] ---- [Flow] CT_START Set
[08:57:53.869] ---- [Flow] CT_START Set
[08:57:54.130] ---- [Flow] CT_START Set
[08:57:54.933] ---- [Flow] CT_START Set
[08:57:55.594] ---- [Flow] CT_START Set
[08:57:56.850] ---- [Flow] CT_START Set
[08:57:57.143] ---- [Flow] CT_START Set
[08:58:02.135] ---- [Flow] CT_START Set
[08:58:05.744] ---- [Flow] CT_START Set
[08:58:15.631] ---- [Flow] CT_START Set
[08:58:17.397] ---- [Flow] CT_START Set
[08:58:25.729] ---- [Flow] CT_START Set
[09:11:46.911] ---- [Flow] CT_START Set
[09:11:47.315] ---- [Flow] CT_START Set
[09:11:48.034] ---- [Flow] CT_START Set
[09:11:48.322] ---- [Flow] CT_START Set
[09:11:49.113] ---- [Flow] CT_START Set
[09:11:49.948] ---- [Flow] CT_START Set
[09:11:50.333] ---- [Flow] CT_START Set
[09:11:50.967] ---- [Flow] CT_START Set
[09:11:51.828] ---- [Flow] CT_START Set
[09:11:52.273] ---- [Flow] CT_START Set
[09:12:57.509] ---- [Flow] CT_START Set
[09:12:57.791] ---- [Flow] CT_START Set
[09:18:32.855] ---- [Flow] CT_START Set
[09:18:54.161] ---- [Flow] CT_START Set
[09:23:11.373] ---- [Flow] CT_START Set
[09:23:11.903] ---- [Flow] CT_START Set
[09:23:35.143] ---- [Flow] CT_START Set
[09:29:39.643] ---- [Flow] CT_START Set
[09:30:05.797] ---- [Flow] CT_START Set
[09:30:06.091] ---- [Flow] CT_START Set
[09:30:07.109] ---- [Flow] CT_START Set
[09:30:07.438] ---- [Flow] CT_START Set
[09:30:08.165] ---- [Flow] CT_START Set
[09:30:08.954] ---- [Flow] CT_START Set
[09:30:09.368] ---- [Flow] CT_START Set
[09:30:10.105] ---- [Flow] CT_START Set
[09:30:11.051] ---- [Flow] CT_START Set
[09:30:11.940] ---- [Flow] CT_START Set
[09:31:15.951] ---- [Flow] CT_START Set
[09:31:16.745] ---- [Flow] CT_START Set
[09:31:17.171] ---- [Flow] CT_START Set
[09:31:18.052] ---- [Flow] CT_START Set
[09:31:18.826] ---- [Flow] CT_START Set
[09:31:19.689] ---- [Flow] CT_START Set
[09:31:20.942] ---- [Flow] CT_START Set
[09:31:21.246] ---- [Flow] CT_START Set
[09:31:26.364] ---- [Flow] CT_START Set
[09:31:26.658] ---- [Flow] CT_START Set
[09:33:33.916] ---- [Flow] CT_START Set
[09:33:34.253] ---- [Flow] CT_START Set
[09:33:44.056] ---- [Flow] CT_START Set
[09:33:44.317] ---- [Flow] CT_START Set
[09:37:45.706] ---- [Flow] CT_START Set
[09:37:46.028] ---- [Flow] CT_START Set
[10:00:28.303] ---- [Flow] CT_START Set
[10:08:30.706] ---- [Flow] CT_START Set
[10:08:45.679] ---- [Flow] CT_START Set
[10:08:46.129] ---- [Flow] CT_START Set
[10:08:50.378] ---- [Flow] CT_START Set
[10:08:51.512] ---- [Flow] CT_START Set
[10:12:53.873] ---- [Flow] CT_START Set
[10:14:47.930] ---- [Flow] CT_START Set
[10:16:22.208] ---- [Flow] CT_START Set
[10:17:24.151] ---- [Flow] CT_START Set
[10:17:50.216] ---- [Flow] CT_START Set
[11:58:48.236] ---- [Flow] CT_START Set
[12:01:23.422] ---- [Flow] CT_START Set
[12:04:51.943] ---- [Flow] CT_START Set
[12:09:50.013] ---- [Flow] CT_START Set
[12:11:24.083] ---- [Flow] CT_START Set
[12:11:32.782] ---- [Flow] CT_START Set
[12:23:03.958] ---- [Flow] CT_START Set
[12:23:12.768] ---- [Flow] CT_START Set
[12:23:13.815] ---- [Flow] CT_START Set
[12:46:19.960] ---- [Flow] CT_START Set
[12:51:15.966] ---- [Flow] CT_START Set
[12:51:16.722] ---- [Flow] CT_START Set
[12:53:30.708] ---- [Flow] CT_START Set
[12:53:31.026] ---- [Flow] CT_START Set
[12:53:31.940] ---- [Flow] CT_START Set
[13:11:13.396] ---- [Flow] CT_START Set
[13:11:13.849] ---- [Flow] CT_START Set
[13:11:14.721] ---- [Flow] CT_START Set
[13:11:15.400] ---- [Flow] CT_START Set
[13:11:15.743] ---- [Flow] CT_START Set
[13:11:16.577] ---- [Flow] CT_START Set
[13:11:17.216] ---- [Flow] CT_START Set
[13:15:04.437] ---- [Flow] CT_START Set
[13:15:15.559] ---- [Flow] CT_START Set
[13:18:03.022] ---- [Flow] CT_START Set
[13:24:19.657] ---- [Flow] CT_START Set
[13:24:48.035] ---- [Flow] CT_START Set
[13:33:54.018] ---- [Flow] CT_START Set
[13:33:54.346] ---- [Flow] CT_START Set
[13:33:55.304] ---- [Flow] CT_START Set
[13:33:55.782] ---- [Flow] CT_START Set
[13:33:56.534] ---- [Flow] CT_START Set
[13:33:57.218] ---- [Flow] CT_START Set
[13:37:03.483] ---- [Flow] CT_START Set
[13:37:03.779] ---- [Flow] CT_START Set
[13:37:04.704] ---- [Flow] CT_START Set
[13:37:04.984] ---- [Flow] CT_START Set
[13:37:05.790] ---- [Flow] CT_START Set
[13:37:06.619] ---- [Flow] CT_START Set
[13:37:06.986] ---- [Flow] CT_START Set
[13:37:07.802] ---- [Flow] CT_START Set
[13:37:08.616] ---- [Flow] CT_START Set
[13:37:08.986] ---- [Flow] CT_START Set
[13:37:09.696] ---- [Flow] CT_START Set
[13:37:57.581] ---- [Flow] CT_START Set
[13:37:57.895] ---- [Flow] CT_START Set
[13:37:58.900] ---- [Flow] CT_START Set
[13:44:18.144] ---- [Flow] CT_START Set
[13:44:18.423] ---- [Flow] CT_START Set
[13:51:16.630] ---- [Flow] CT_START Set
[13:51:16.848] ---- [Flow] CT_START Set
[14:01:50.168] ---- [Flow] CT_START Set
[14:01:52.609] ---- [Flow] CT_START Set
[14:01:54.901] ---- [Flow] CT_START Set
[14:02:02.458] ---- [Flow] CT_START Set
[14:09:54.044] ---- [Flow] CT_START Set
[14:10:00.508] ---- [Flow] CT_START Set
[14:10:03.192] ---- [Flow] CT_START Set
[14:10:03.481] ---- [Flow] CT_START Set
[14:10:04.384] ---- [Flow] CT_START Set
[14:10:04.616] ---- [Flow] CT_START Set
[14:10:05.488] ---- [Flow] CT_START Set
[14:10:06.644] ---- [Flow] CT_START Set
[14:10:07.080] ---- [Flow] CT_START Set
[14:24:26.519] ---- [Flow] CT_START Set
[14:37:16.971] ---- [Flow] CT_START Set
[14:39:31.095] ---- [Flow] CT_START Set
[14:51:26.765] ---- [Flow] CT_START Set
[14:58:00.673] ---- [Flow] CT_START Set
[14:58:01.073] ---- [Flow] CT_START Set
[14:58:01.892] ---- [Flow] CT_START Set
[14:58:02.360] ---- [Flow] CT_START Set
[15:04:58.281] ---- [Flow] CT_START Set
[15:04:58.756] ---- [Flow] CT_START Set
[15:04:59.511] ---- [Flow] CT_START Set
[15:04:59.840] ---- [Flow] CT_START Set
[15:05:00.591] ---- [Flow] CT_START Set
[15:05:01.479] ---- [Flow] CT_START Set
[15:05:02.171] ---- [Flow] CT_START Set
[15:05:02.635] ---- [Flow] CT_START Set
[15:05:04.035] ---- [Flow] CT_START Set
[15:05:04.669] ---- [Flow] CT_START Set
[15:05:05.320] ---- [Flow] CT_START Set
[15:05:05.968] ---- [Flow] CT_START Set
[15:06:08.126] ---- [Flow] CT_START Set
[15:06:08.423] ---- [Flow] CT_START Set
[15:06:09.520] ---- [Flow] CT_START Set
[15:06:10.187] ---- [Flow] CT_START Set
[15:06:10.539] ---- [Flow] CT_START Set
[15:06:11.363] ---- [Flow] CT_START Set
[15:06:11.688] ---- [Flow] CT_START Set
[15:06:12.388] ---- [Flow] CT_START Set
[15:06:13.279] ---- [Flow] CT_START Set
[15:17:57.391] ---- [Flow] CT_START Set
[15:17:57.792] ---- [Flow] CT_START Set
[15:17:58.573] ---- [Flow] CT_START Set
[15:38:09.943] ---- [Flow] CT_START Set
[15:42:49.919] ---- [Flow] CT_START Set
[15:43:11.750] ---- [Flow] CT_START Set
[15:45:44.754] ---- [Flow] CT_START Set
[15:46:07.070] ---- [Flow] CT_START Set
[15:46:07.121] ---- [Flow] CT_START Set
[15:48:37.957] ---- [Flow] CT_START Set
[15:48:38.233] ---- [Flow] CT_START Set
[15:54:22.038] ---- [Flow] CT_START Set
[15:54:22.512] ---- [Flow] CT_START Set
[15:54:23.228] ---- [Flow] CT_START Set
[15:58:03.050] ---- [Flow] CT_START Set
[15:58:03.372] ---- [Flow] CT_START Set
[15:58:04.235] ---- [Flow] CT_START Set
[15:58:04.533] ---- [Flow] CT_START Set
[15:58:05.404] ---- [Flow] CT_START Set
[15:58:06.209] ---- [Flow] CT_START Set
[15:58:06.524] ---- [Flow] CT_START Set
[15:58:07.382] ---- [Flow] CT_START Set
[15:58:08.164] ---- [Flow] CT_START Set
[15:58:08.536] ---- [Flow] CT_START Set
[15:58:10.177] ---- [Flow] CT_START Set
[15:58:10.561] ---- [Flow] CT_START Set
[15:58:11.155] ---- [Flow] CT_START Set
[16:43:50.305] ---- [Flow] CT_STOP Set
[16:43:50.329] ---- [Event] Auto : CT_STOP
[16:43:50.330] --------- [Monitor] StopTasks() : before m_stopped
[16:43:50.366] --------- [Monitor] StopTasks() : m_stopped
[16:43:50.367] [m_nState] AutoStop State
