[06:44:10.075] [m_nState] Init State
[06:44:10.087] ---- [Monitor] Init : m_idle
[06:44:10.109] ---- [Event] Init : CT_IDLE
[06:44:10.110] [m_nState] Idle State
[06:50:33.212] ---- [Flow] CT_START Set
[06:50:33.234] ---- [Event] Idle : CT_START
[06:50:33.235] [m_nState] Auto State
[06:50:33.705] ---- [Flow] CT_START Set
[07:36:05.217] ---- [Flow] CT_START Set
[07:50:53.655] ---- [Flow] CT_START Set
[07:50:53.983] ---- [Flow] CT_START Set
[08:06:38.952] ---- [Flow] CT_START Set
[08:06:39.295] ---- [Flow] CT_START Set
[08:06:40.077] ---- [Flow] CT_START Set
[08:06:40.374] ---- [Flow] CT_START Set
[08:06:41.608] ---- [Flow] CT_START Set
[08:06:41.936] ---- [Flow] CT_START Set
[08:06:42.764] ---- [Flow] CT_START Set
[08:06:43.405] ---- [Flow] CT_START Set
[08:06:43.733] ---- [Flow] CT_START Set
[08:06:44.452] ---- [Flow] CT_START Set
[08:06:45.124] ---- [Flow] CT_START Set
[08:06:45.874] ---- [Flow] CT_START Set
[08:06:46.202] ---- [Flow] CT_START Set
[08:06:47.077] ---- [Flow] CT_START Set
[08:06:47.952] ---- [Flow] CT_START Set
[08:06:48.749] ---- [Flow] CT_START Set
[08:06:49.436] ---- [Flow] CT_START Set
[08:06:49.795] ---- [Flow] CT_START Set
[08:06:50.592] ---- [Flow] CT_START Set
[08:06:52.092] ---- [Flow] CT_START Set
[08:06:52.436] ---- [Flow] CT_START Set
[08:44:14.155] ---- [Flow] CT_START Set
[08:44:14.514] ---- [Flow] CT_START Set
[08:44:15.280] ---- [Flow] CT_START Set
[08:49:16.530] ---- [Flow] CT_START Set
[08:49:16.920] ---- [Flow] CT_START Set
[08:49:17.702] ---- [Flow] CT_START Set
[08:49:18.577] ---- [Flow] CT_START Set
[08:49:19.374] ---- [Flow] CT_START Set
[08:49:20.264] ---- [Flow] CT_START Set
[08:49:21.030] ---- [Flow] CT_START Set
[08:49:21.874] ---- [Flow] CT_START Set
[08:49:22.545] ---- [Flow] CT_START Set
[08:50:16.702] ---- [Flow] CT_START Set
[08:50:17.030] ---- [Flow] CT_START Set
[08:56:03.389] ---- [Flow] CT_START Set
[08:56:03.889] ---- [Flow] CT_START Set
[08:56:04.280] ---- [Flow] CT_START Set
[08:56:05.124] ---- [Flow] CT_START Set
[08:56:13.030] ---- [Flow] CT_START Set
[08:56:14.045] ---- [Flow] CT_START Set
[08:56:15.389] ---- [Flow] CT_START Set
[08:56:15.905] ---- [Flow] CT_START Set
[08:56:16.155] ---- [Flow] CT_START Set
[08:56:16.858] ---- [Flow] CT_START Set
[08:56:17.577] ---- [Flow] CT_START Set
[08:56:17.952] ---- [Flow] CT_START Set
[08:56:18.624] ---- [Flow] CT_START Set
[08:56:19.405] ---- [Flow] CT_START Set
[08:56:20.327] ---- [Flow] CT_START Set
[08:56:21.217] ---- [Flow] CT_START Set
[08:56:22.108] ---- [Flow] CT_START Set
[08:56:22.936] ---- [Flow] CT_START Set
[08:56:23.905] ---- [Flow] CT_START Set
[08:56:24.639] ---- [Flow] CT_START Set
[09:08:35.936] ---- [Flow] CT_START Set
[09:08:36.264] ---- [Flow] CT_START Set
[09:08:37.108] ---- [Flow] CT_START Set
[09:08:37.967] ---- [Flow] CT_START Set
[09:08:38.764] ---- [Flow] CT_START Set
[09:08:40.124] ---- [Flow] CT_START Set
[09:08:40.874] ---- [Flow] CT_START Set
[09:08:42.874] ---- [Flow] CT_START Set
[09:28:53.670] ---- [Flow] CT_STOP Set
[09:28:53.702] ---- [Event] Auto : CT_STOP
[09:28:53.702] --------- [Monitor] StopTasks() : before m_stopped
[09:28:53.749] --------- [Monitor] StopTasks() : m_stopped
[09:28:53.749] [m_nState] AutoStop State
[09:36:20.155] ---- [Flow] CT_START Set
[09:36:20.186] ---- [Event] AutoStop : CT_START
[09:36:20.186] [m_nState] Auto State
[09:38:04.014] ---- [Flow] CT_START Set
[09:43:33.155] ---- [Flow] CT_START Set
[09:49:57.077] ---- [Flow] CT_START Set
[09:49:57.452] ---- [Flow] CT_START Set
[09:49:58.280] ---- [Flow] CT_START Set
[09:49:59.186] ---- [Flow] CT_START Set
[09:50:00.030] ---- [Flow] CT_START Set
[09:50:00.749] ---- [Flow] CT_START Set
[09:50:01.139] ---- [Flow] CT_START Set
[09:50:01.983] ---- [Flow] CT_START Set
[09:50:02.952] ---- [Flow] CT_START Set
[09:50:04.499] ---- [Flow] CT_START Set
[10:17:00.233] ---- [Flow] CT_START Set
[10:17:00.577] ---- [Flow] CT_START Set
[10:17:01.327] ---- [Flow] CT_START Set
[10:32:17.249] ---- [Flow] CT_START Set
[10:38:40.827] ---- [Flow] CT_START Set
[10:38:41.155] ---- [Flow] CT_START Set
[10:38:42.092] ---- [Flow] CT_START Set
[10:38:43.061] ---- [Flow] CT_START Set
[10:38:43.764] ---- [Flow] CT_START Set
[10:43:48.655] ---- [Flow] CT_START Set
[10:43:49.030] ---- [Flow] CT_START Set
[10:43:49.889] ---- [Flow] CT_START Set
[10:43:50.608] ---- [Flow] CT_START Set
[10:43:50.967] ---- [Flow] CT_START Set
[10:43:51.858] ---- [Flow] CT_START Set
[10:43:52.749] ---- [Flow] CT_START Set
[10:43:53.452] ---- [Flow] CT_START Set
[10:43:53.780] ---- [Flow] CT_START Set
[10:43:54.452] ---- [Flow] CT_START Set
[10:43:55.139] ---- [Flow] CT_START Set
[10:43:56.420] ---- [Flow] CT_START Set
[10:44:10.983] ---- [Flow] CT_START Set
[10:44:11.342] ---- [Flow] CT_START Set
[10:47:58.639] ---- [Flow] CT_START Set
[10:47:58.967] ---- [Flow] CT_START Set
[10:50:07.358] ---- [Flow] CT_START Set
[10:50:08.108] ---- [Flow] CT_START Set
[10:50:08.483] ---- [Flow] CT_START Set
[10:57:12.608] ---- [Flow] CT_START Set
[10:57:12.920] ---- [Flow] CT_START Set
[10:57:13.639] ---- [Flow] CT_START Set
[11:23:26.827] ---- [Flow] CT_START Set
[11:23:27.233] ---- [Flow] CT_START Set
[11:23:28.092] ---- [Flow] CT_START Set
[11:29:59.733] ---- [Flow] CT_START Set
[11:30:00.045] ---- [Flow] CT_START Set
[11:38:27.014] ---- [Flow] CT_STOP Set
[11:38:27.045] ---- [Event] Auto : CT_STOP
[11:38:27.045] --------- [Monitor] StopTasks() : before m_stopped
[11:38:27.124] --------- [Monitor] StopTasks() : m_stopped
[11:38:27.124] [m_nState] AutoStop State
[12:26:18.342] ---- [Flow] CT_START Set
[12:26:18.374] ---- [Event] AutoStop : CT_START
[12:26:18.374] [m_nState] Auto State
[12:26:18.827] ---- [Flow] CT_START Set
[12:52:52.999] ---- [Flow] CT_START Set
[12:52:53.389] ---- [Flow] CT_START Set
[12:52:53.702] ---- [Flow] CT_START Set
[12:52:55.592] ---- [Flow] CT_START Set
[12:52:56.264] ---- [Flow] CT_START Set
[12:52:57.139] ---- [Flow] CT_START Set
[12:52:57.858] ---- [Flow] CT_START Set
[12:52:58.545] ---- [Flow] CT_START Set
[12:52:58.874] ---- [Flow] CT_START Set
[12:52:59.670] ---- [Flow] CT_START Set
[12:53:00.342] ---- [Flow] CT_START Set
[12:53:00.717] ---- [Flow] CT_START Set
[12:53:02.592] ---- [Flow] CT_START Set
[12:53:03.217] ---- [Flow] CT_START Set
[12:53:04.858] ---- [Flow] CT_START Set
[12:53:05.749] ---- [Flow] CT_START Set
[12:53:06.045] ---- [Flow] CT_START Set
[12:53:07.249] ---- [Flow] CT_START Set
[13:05:58.342] ---- [Flow] CT_START Set
[13:05:58.670] ---- [Flow] CT_START Set
[13:05:59.577] ---- [Flow] CT_START Set
[13:05:59.952] ---- [Flow] CT_START Set
[13:15:24.827] ---- [Flow] CT_START Set
[13:15:25.155] ---- [Flow] CT_START Set
[13:21:21.374] ---- [Flow] CT_START Set
[13:21:21.717] ---- [Flow] CT_START Set
[13:21:22.452] ---- [Flow] CT_START Set
[13:22:04.952] ---- [Flow] CT_START Set
[13:22:05.342] ---- [Flow] CT_START Set
[13:46:26.405] ---- [Flow] CT_START Set
[13:46:26.749] ---- [Flow] CT_START Set
[13:46:35.811] ---- [Flow] CT_START Set
[14:14:35.405] ---- [Flow] CT_START Set
[14:14:36.155] ---- [Flow] CT_START Set
[14:14:36.389] ---- [Flow] CT_START Set
[14:14:37.045] ---- [Flow] CT_START Set
[14:14:37.358] ---- [Flow] CT_START Set
[14:14:38.061] ---- [Flow] CT_START Set
[14:14:38.389] ---- [Flow] CT_START Set
[14:14:39.045] ---- [Flow] CT_START Set
[14:14:39.749] ---- [Flow] CT_START Set
[14:14:40.092] ---- [Flow] CT_START Set
[14:14:40.702] ---- [Flow] CT_START Set
[14:14:41.436] ---- [Flow] CT_START Set
[14:14:41.733] ---- [Flow] CT_START Set
[14:14:42.452] ---- [Flow] CT_START Set
[14:14:44.545] ---- [Flow] CT_START Set
[14:15:31.045] ---- [Flow] CT_START Set
[14:15:31.374] ---- [Flow] CT_START Set
[14:28:32.733] ---- [Flow] CT_STOP Set
[14:28:32.764] ---- [Event] Auto : CT_STOP
[14:28:32.764] --------- [Monitor] StopTasks() : before m_stopped
[14:28:33.108] --------- [Monitor] StopTasks() : m_stopped
[14:28:33.108] [m_nState] AutoStop State
[14:37:06.967] ---- [Flow] CT_START Set
[14:37:06.999] ---- [Event] AutoStop : CT_START
[14:37:06.999] [m_nState] Auto State
[14:37:07.967] ---- [Flow] CT_START Set
[14:38:44.686] ---- [Flow] CT_START Set
[14:57:48.124] ---- [Flow] CT_STOP Set
[14:57:48.155] ---- [Event] Auto : CT_STOP
[14:57:48.155] --------- [Monitor] StopTasks() : before m_stopped
[14:57:48.155] --------- [Monitor] StopTasks() : m_stopped
[14:57:48.155] [m_nState] AutoStop State
[15:08:31.561] ---- [Flow] CT_START Set
[15:08:31.592] ---- [Event] AutoStop : CT_START
[15:08:31.592] [m_nState] Auto State
[15:41:02.545] ---- [Flow] CT_START Set
[15:42:28.342] ---- [Flow] CT_START Set
[15:42:28.655] ---- [Flow] CT_START Set
[15:42:30.186] ---- [Flow] CT_START Set
[15:42:31.170] ---- [Flow] CT_START Set
[15:46:38.358] ---- [Flow] CT_START Set
[15:46:38.686] ---- [Flow] CT_START Set
[15:46:40.608] ---- [Flow] CT_START Set
[15:46:41.233] ---- [Flow] CT_START Set
[15:46:42.155] ---- [Flow] CT_START Set
[15:46:42.920] ---- [Flow] CT_START Set
[15:46:43.874] ---- [Flow] CT_START Set
[15:46:44.686] ---- [Flow] CT_START Set
[15:46:45.624] ---- [Flow] CT_START Set
[15:46:46.420] ---- [Flow] CT_START Set
[15:46:47.342] ---- [Flow] CT_START Set
[15:46:48.217] ---- [Flow] CT_START Set
[15:46:49.717] ---- [Flow] CT_START Set
[15:46:50.061] ---- [Flow] CT_START Set
[15:46:50.874] ---- [Flow] CT_START Set
[15:52:24.545] ---- [Flow] CT_START Set
[15:52:24.952] ---- [Flow] CT_START Set
[16:09:46.311] ---- [Flow] CT_STOP Set
[16:09:46.342] ---- [Event] Auto : CT_STOP
[16:09:46.342] --------- [Monitor] StopTasks() : before m_stopped
[16:09:46.452] --------- [Monitor] StopTasks() : m_stopped
[16:09:46.452] [m_nState] AutoStop State
[16:09:46.467] ---- [Flow] CT_STOP Set
[16:09:46.499] ---- [Flow] CT_STOP Set
[16:09:46.530] ---- [Flow] CT_STOP Set
[16:09:46.608] ---- [Flow] CT_STOP Set
[16:22:13.014] ---- [Flow] CT_START Set
[16:22:13.045] ---- [Event] AutoStop : CT_START
[16:22:13.045] [m_nState] Auto State
[16:50:09.905] ---- [Flow] CT_STOP Set
[16:50:09.936] ---- [Event] Auto : CT_STOP
[16:50:09.936] --------- [Monitor] StopTasks() : before m_stopped
[16:50:10.077] --------- [Monitor] StopTasks() : m_stopped
[16:50:10.077] [m_nState] AutoStop State
[17:02:11.608] ---- [Flow] CT_START Set
[17:02:11.639] ---- [Event] AutoStop : CT_START
[17:02:11.639] [m_nState] Auto State
[17:05:09.920] ---- [Flow] CT_STOP Set
[17:05:09.952] ---- [Event] Auto : CT_STOP
[17:05:09.952] --------- [Monitor] StopTasks() : before m_stopped
[17:05:10.030] --------- [Monitor] StopTasks() : m_stopped
[17:05:10.030] [m_nState] AutoStop State
[17:05:28.108] ---- [Flow] CT_START Set
[17:05:28.139] ---- [Event] AutoStop : CT_START
[17:05:28.139] [m_nState] Auto State
[17:20:33.858] ---- [Flow] CT_STOP Set
[17:20:33.889] ---- [Event] Auto : CT_STOP
[17:20:33.889] --------- [Monitor] StopTasks() : before m_stopped
[17:20:33.920] --------- [Monitor] StopTasks() : m_stopped
[17:20:33.920] [m_nState] AutoStop State
[17:21:22.936] ---- [Flow] CT_START Set
[17:21:22.967] ---- [Event] AutoStop : CT_START
[17:21:22.967] [m_nState] Auto State
[17:40:31.077] ---- [Flow] CT_STOP Set
[17:40:31.108] ---- [Event] Auto : CT_STOP
[17:40:31.108] --------- [Monitor] StopTasks() : before m_stopped
[17:40:31.202] --------- [Monitor] StopTasks() : m_stopped
[17:40:31.202] [m_nState] AutoStop State
