[17:33:49.856] ---- [Flow] CT_START Set
[17:33:49.879] ---- [Event] AutoStop : CT_START
[17:33:49.880] [m_nState] Auto State
[17:33:50.741] ---- [Flow] CT_START Set
[17:36:07.121] ---- [Flow] CT_STOP Set
[17:36:07.143] ---- [Event] Auto : CT_STOP
[17:36:07.144] --------- [Monitor] StopTasks() : before m_stopped
[17:36:07.189] --------- [Monitor] StopTasks() : m_stopped
[17:36:07.190] [m_nState] AutoStop State
[17:38:33.195] ---- [Flow] CT_START Set
[17:38:33.217] ---- [Event] AutoStop : CT_START
[17:38:33.218] [m_nState] Auto State
[17:45:31.858] ---- [Flow] CT_START Set
[18:20:09.335] ---- [Flow] CT_STOP Set
[18:20:09.357] ---- [Event] Auto : CT_STOP
[18:20:09.358] --------- [Monitor] StopTasks() : before m_stopped
[18:20:09.439] --------- [Monitor] StopTasks() : m_stopped
[18:20:09.440] [m_nState] AutoStop State
[18:21:20.567] ---- [Flow] CT_START Set
[18:21:20.589] ---- [Event] AutoStop : CT_START
[18:21:20.590] [m_nState] Auto State
[18:21:22.161] ---- [Flow] CT_START Set
[18:36:34.403] ---- [Flow] CT_STOP Set
[18:36:34.425] ---- [Event] Auto : CT_STOP
[18:36:34.426] --------- [Monitor] StopTasks() : before m_stopped
[18:36:34.531] --------- [Monitor] StopTasks() : m_stopped
[18:36:34.532] [m_nState] AutoStop State
[18:47:29.274] ---- [Flow] CT_START Set
[18:47:29.296] ---- [Event] AutoStop : CT_START
[18:47:29.297] [m_nState] Auto State
[18:47:29.917] ---- [Flow] CT_START Set
[19:29:33.329] ---- [Flow] CT_STOP Set
[19:29:33.351] ---- [Event] Auto : CT_STOP
[19:29:33.352] --------- [Monitor] StopTasks() : before m_stopped
[19:29:33.373] --------- [Monitor] StopTasks() : m_stopped
[19:29:33.374] [m_nState] AutoStop State
