[08:22:35.649] [LeftPPStation] Unload Buffer Set Not Exist
[09:16:55.595] [RightTransferStation] Vacuum Error
[09:23:53.686] [RightTransferStation] Vacuum Error
[10:39:41.057] [RightTransferStation] Vacuum Error
[10:44:56.075] [RightTransferStation] Move XY Axis Error
[10:45:03.810] [RightTransferStation] Move XY Axis Error
[10:45:05.932] [RightTransferStation] Move XY Axis Error
[10:45:11.660] [RightTransferStation] Move XY Axis Error
[10:58:16.446] [RightPPStation] Unload Cylinder Vacuum Error
[11:15:25.367] [LeftTransferStation] Vacuum Error
[12:23:47.314] [LeftTransferStation] Vacuum Error
[12:40:07.194] [LeftPPStation] Load Buffer Set Exist
[12:41:05.650] [LeftTransferStation] Vacuum Error
[16:02:55.356] [RightTransferStation] Move XY Axis Error
[16:04:51.810] [RightTransferStation] Move XY Axis Error
[16:21:45.315] [MainControlStation] Right Door Open
[16:25:06.155] [RightTransferStation] Move XY Axis Error
[17:19:53.455] [RightTransferStation] Vacuum Error
[18:41:40.300] [RightTransferStation] Vacuum Error
[20:29:05.828] [LeftPPStation] Unload Cylinder Vacuum Error
[21:22:06.090] [RightTransferStation] Move XY Axis Error
[21:22:14.631] [RightTransferStation] Move XY Axis Error
[21:22:17.627] [RightTransferStation] Move XY Axis Error
[21:33:59.468] [RightTransferStation] Move XY Axis Error
[21:34:19.806] [RightTransferStation] Move XY Axis Error
[22:07:26.360] [RightTransferStation] Move XY Axis Error
[22:59:31.026] [RightTransferStation] Vacuum Error
[23:52:50.702] [RightTransferStation] Move XY Axis Error
[23:53:15.846] [RightTransferStation] Move XY Axis Error
