[00:38:52.899] [RightTransferStation] Vacuum Error
[00:38:59.887] [RightTransferStation] Vacuum Error
[01:47:07.035] [RightTransferStation] Move XY Axis Error
[01:47:22.102] [RightTransferStation] Move XY Axis Error
[01:47:54.491] [RightTransferStation] Move XY Axis Error
[01:48:28.296] [RightTransferStation] Move XY Axis Error
[01:48:34.191] [RightTransferStation] Move XY Axis Error
[01:48:51.691] [RightTransferStation] Move XY Axis Error
[01:48:54.427] [RightTransferStation] Move XY Axis Error
[01:49:52.238] [RightTransferStation] Move XY Axis Error
[05:45:40.131] [LeftTransferStation] Vacuum Error
[06:01:46.923] [LeftTransferStation] Vacuum Error
[06:01:54.166] [LeftTransferStation] Vacuum Error
[06:02:23.646] [LeftTransferStation] Vacuum Error
[06:02:35.074] [LeftTransferStation] Vacuum Error
[06:39:28.781] [LeftTransferStation] Vacuum Error
[06:43:15.069] [MainControlStation] Right Door Open
[06:43:25.325] [MainControlStation] Right Door Open
[06:43:32.212] [RightTransferStation] Vacuum Error
[06:43:39.114] [RightTransferStation] Vacuum Error
[08:47:18.623] [RightTransferStation] Move XY Axis Error
[08:47:33.276] [RightTransferStation] Move XY Axis Error
[09:16:40.344] [RightTransferStation] Move XY Axis Error
[09:25:45.046] [LeftTransferStation] Set Double Place
[09:27:09.744] [LeftTransferStation] Set Double Place
[09:27:36.660] [LeftTransferStation] Set Double Place
[09:30:23.761] [LeftTransferStation] Set Double Place
[09:30:51.743] [LeftTransferStation] Set Double Place
[09:31:39.990] [LeftTransferStation] Set Double Place
[09:57:40.718] [RightTransferStation] Move XY Axis Error
[10:03:27.653] [RightTransferStation] Move XY Axis Error
[10:09:05.206] [RightTransferStation] Move XY Axis Error
[10:15:06.830] [RightTransferStation] Move XY Axis Error
[10:16:32.491] [RightTransferStation] Move XY Axis Error
[10:17:52.687] [LeftTransferStation] Vacuum Error
[10:18:57.402] [RightTransferStation] Move XY Axis Error
[10:19:13.330] [RightTransferStation] Move XY Axis Error
[10:19:47.025] [RightTransferStation] Move XY Axis Error
[10:23:33.278] [RightTransferStation] Move XY Axis Error
[10:28:36.220] [RightTransferStation] Move XY Axis Error
[10:29:12.479] [RightTransferStation] Move XY Axis Error
[10:29:24.076] [RightTransferStation] Move XY Axis Error
[10:29:26.822] [RightTransferStation] Move XY Axis Error
[10:29:54.411] [RightTransferStation] Move XY Axis Error
[10:33:18.266] [RightTransferStation] Move XY Axis Error
[10:37:10.970] [RightTransferStation] Move XY Axis Error
[10:38:40.393] [RightTransferStation] Move XY Axis Error
[10:39:02.528] [RightTransferStation] Move XY Axis Error
[10:40:28.757] [RightTransferStation] Move XY Axis Error
[10:40:55.410] [RightTransferStation] Move XY Axis Error
[10:41:00.516] [RightTransferStation] Move XY Axis Error
[10:45:43.837] [RightTransferStation] Move XY Axis Error
[10:51:16.071] [RightTransferStation] Move XY Axis Error
[10:51:31.107] [RightTransferStation] Move XY Axis Error
[10:51:39.300] [RightTransferStation] Move XY Axis Error
[10:52:11.835] [RightTransferStation] Move XY Axis Error
[10:53:48.099] [RightTransferStation] Move XY Axis Error
[10:55:06.824] [RightTransferStation] Move XY Axis Error
[10:59:50.920] [RightTransferStation] Move XY Axis Error
[11:05:31.539] [RightTransferStation] Move XY Axis Error
[11:10:16.700] [RightTransferStation] Move XY Axis Error
[11:10:28.217] [RightTransferStation] Move XY Axis Error
[11:11:13.367] [RightTransferStation] Move XY Axis Error
[11:11:18.576] [RightTransferStation] Move XY Axis Error
[11:17:28.012] [LeftTransferStation] Set Double Place
[11:23:20.521] [LeftTransferStation] Set Double Place
[11:24:13.187] [LeftTransferStation] Set Double Place
[11:25:44.552] [RightTransferStation] Move XY Axis Error
[11:32:15.514] [RightTransferStation] Move XY Axis Error
[11:33:05.500] [RightTransferStation] Move XY Axis Error
[11:36:30.988] [RightTransferStation] Move XY Axis Error
[11:38:55.101] [RightTransferStation] Move XY Axis Error
[11:50:45.926] [LeftTransferStation] Set Double Place
[11:51:21.110] [LeftTransferStation] Set Double Place
[11:51:47.659] [LeftTransferStation] Set Double Place
[11:52:12.395] [LeftTransferStation] Set Double Place
[11:52:37.593] [LeftTransferStation] Set Double Place
[11:53:01.080] [LeftTransferStation] Set Double Place
[11:53:26.382] [LeftTransferStation] Set Double Place
[11:54:45.014] [LeftTransferStation] Set Double Place
[12:00:14.947] [RightTransferStation] Move XY Axis Error
[12:00:28.165] [RightTransferStation] Move XY Axis Error
[12:02:24.442] [RightTransferStation] Move XY Axis Error
[12:05:32.918] [RightTransferStation] Move XY Axis Error
[12:13:06.090] [LeftPPStation] Load Cylinder Vacuum Error
[12:48:23.122] [RightTransferStation] Move XY Axis Error
[12:51:15.166] [RightTransferStation] Move XY Axis Error
[13:00:43.941] [RightTransferStation] Move XY Axis Error
[13:03:13.269] [RightTransferStation] Move XY Axis Error
[13:04:40.006] [LeftPPStation] Load Cylinder Vacuum Error
[13:07:14.909] [RightTransferStation] Move XY Axis Error
[13:08:55.505] [RightTransferStation] Move XY Axis Error
[13:12:32.758] [RightTransferStation] Move XY Axis Error
[13:14:36.554] [RightTransferStation] Move XY Axis Error
[13:17:47.565] [RightTransferStation] Move XY Axis Error
[13:22:27.308] [RightTransferStation] Move XY Axis Error
[13:32:24.397] [RightTransferStation] Move XY Axis Error
[13:34:03.735] [RightTransferStation] Move XY Axis Error
[13:40:44.110] [RightTransferStation] Move XY Axis Error
[13:41:22.677] [RightPPStation] Unload Cylinder Vacuum Error
[13:41:26.722] [RightTransferStation] Move XY Axis Error
[13:41:31.189] [RightPPStation] Unload Cylinder Vacuum Error
[13:41:37.360] [RightPPStation] Unload Cylinder Vacuum Error
[13:41:44.888] [RightPPStation] Unload Cylinder Vacuum Error
[13:41:50.329] [RightPPStation] Unload Cylinder Vacuum Error
[13:48:50.450] [RightTransferStation] Move XY Axis Error
[13:53:41.566] [LeftTransferStation] Set Double Place
[13:54:06.962] [LeftTransferStation] Set Double Place
[13:54:33.659] [LeftTransferStation] Set Double Place
[13:55:02.364] [LeftTransferStation] Set Double Place
[13:55:40.065] [RightTransferStation] Move XY Axis Error
[13:56:01.999] [LeftTransferStation] Set Double Place
[13:56:29.089] [LeftTransferStation] Set Double Place
[13:57:02.497] [LeftTransferStation] Set Double Place
[13:57:14.246] [RightTransferStation] Move XY Axis Error
[13:57:19.058] [RightTransferStation] Move XY Axis Error
[13:57:37.822] [LeftTransferStation] Set Double Place
[13:58:04.272] [LeftTransferStation] Set Double Place
[13:58:28.813] [LeftTransferStation] Set Double Place
[13:59:12.607] [RightTransferStation] Move XY Axis Error
[14:06:07.490] [RightTransferStation] Move XY Axis Error
[14:07:09.603] [RightTransferStation] Move XY Axis Error
[14:07:12.816] [RightTransferStation] Move XY Axis Error
[14:09:33.105] [RightTransferStation] Move XY Axis Error
[14:12:05.545] [RightTransferStation] Move XY Axis Error
[14:13:23.140] [RightTransferStation] Move XY Axis Error
[14:16:15.772] [RightTransferStation] Move XY Axis Error
[14:20:19.118] [RightTransferStation] Move XY Axis Error
[14:24:41.650] [RightTransferStation] Move XY Axis Error
[14:26:51.611] [RightTransferStation] Move XY Axis Error
[14:35:07.572] [RightTransferStation] Move XY Axis Error
[14:36:18.830] [RightTransferStation] Move XY Axis Error
[14:36:24.139] [RightTransferStation] Move XY Axis Error
[14:37:59.615] [RightTransferStation] Move XY Axis Error
[14:39:09.752] [RightTransferStation] Move XY Axis Error
[14:39:31.629] [RightTransferStation] Move XY Axis Error
[14:40:06.391] [RightTransferStation] Move XY Axis Error
[14:40:27.833] [RightTransferStation] Move XY Axis Error
[14:43:10.363] [RightTransferStation] Move XY Axis Error
[14:56:14.202] [RightTransferStation] Move XY Axis Error
[15:02:50.474] [RightTransferStation] Move XY Axis Error
[15:08:03.573] [RightTransferStation] Move XY Axis Error
[15:20:09.128] [RightTransferStation] Move XY Axis Error
[15:37:51.381] [RightTransferStation] Move XY Axis Error
[15:44:52.110] [RightTransferStation] Move XY Axis Error
[16:32:56.357] [RightTransferStation] Move XY Axis Error
[16:40:39.632] [RightTransferStation] Move XY Axis Error
[16:43:54.771] [RightTransferStation] Move XY Axis Error
[16:56:20.390] [RightTransferStation] Move XY Axis Error
[17:05:29.277] [RightTransferStation] Move XY Axis Error
[17:39:23.060] [RightTransferStation] Move XY Axis Error
[17:44:55.800] [RightTransferStation] Move XY Axis Error
[17:45:37.276] [RightTransferStation] Move XY Axis Error
[17:46:58.033] [RightTransferStation] Move XY Axis Error
[17:57:12.322] [RightTransferStation] Move XY Axis Error
[17:58:19.170] [RightTransferStation] Move XY Axis Error
[17:59:23.788] [RightTransferStation] Move Z Axis Error
[17:59:27.967] [RightTransferStation] Move Z Axis Error
[18:01:41.409] [RightTransferStation] Move Z Axis Error
[18:02:39.282] [RightTransferStation] Vacuum Error
[18:02:49.199] [RightTransferStation] Vacuum Error
[18:12:54.962] [RightTransferStation] Move XY Axis Error
[18:21:24.350] [RightTransferStation] Move XY Axis Error
[18:31:32.817] [RightTransferStation] Move XY Axis Error
[18:43:33.891] [RightTransferStation] Move XY Axis Error
[18:43:46.243] [RightTransferStation] Move XY Axis Error
[18:51:30.296] [RightTransferStation] Move XY Axis Error
[18:51:48.155] [RightTransferStation] Move XY Axis Error
[19:17:08.783] [RightTransferStation] Move XY Axis Error
[19:28:37.350] [RightTransferStation] Move XY Axis Error
[20:24:36.143] [RightTransferStation] Move XY Axis Error
[20:24:50.721] [RightTransferStation] Move XY Axis Error
[20:27:59.163] [RightTransferStation] Move XY Axis Error
[20:28:15.062] [RightTransferStation] Move XY Axis Error
[20:28:39.313] [RightTransferStation] Vacuum Error
[20:28:58.187] [RightTransferStation] Vacuum Error
[20:29:41.016] [RightTransferStation] Vacuum Error
[20:29:52.710] [RightTransferStation] Vacuum Error
[20:30:16.510] [RightTransferStation] Vacuum Error
[20:30:56.839] [RightTransferStation] Vacuum Error
[20:31:16.077] [RightTransferStation] Vacuum Error
[20:36:46.441] [RightTransferStation] Move XY Axis Error
[20:37:03.083] [RightTransferStation] Move XY Axis Error
[20:43:05.323] [RightTransferStation] Move XY Axis Error
[20:43:24.323] [RightTransferStation] Move XY Axis Error
[20:47:11.546] [RightTransferStation] Move XY Axis Error
[20:47:26.622] [RightTransferStation] Move XY Axis Error
[20:54:26.978] [LeftTransferStation] Vacuum Error
[21:01:37.222] [RightTransferStation] Move XY Axis Error
[21:01:54.800] [RightTransferStation] Move XY Axis Error
[21:03:39.672] [RightTransferStation] Move XY Axis Error
[21:03:57.166] [RightTransferStation] Move XY Axis Error
[21:09:08.019] [RightTransferStation] Move XY Axis Error
[21:09:26.174] [RightTransferStation] Move XY Axis Error
[21:10:00.836] [RightTransferStation] Move XY Axis Error
[21:10:15.607] [RightTransferStation] Move XY Axis Error
[21:11:23.713] [RightTransferStation] Move XY Axis Error
[21:11:40.709] [RightTransferStation] Move XY Axis Error
[21:12:43.694] [RightTransferStation] Move XY Axis Error
[21:13:04.074] [RightTransferStation] Move XY Axis Error
[21:14:47.379] [RightTransferStation] Move XY Axis Error
[21:15:03.529] [RightTransferStation] Move XY Axis Error
[21:17:13.138] [RightTransferStation] Move XY Axis Error
[21:17:28.519] [RightTransferStation] Move XY Axis Error
[21:18:18.838] [RightTransferStation] Move XY Axis Error
[21:18:53.427] [RightTransferStation] Move XY Axis Error
[21:19:27.407] [RightTransferStation] Move XY Axis Error
[21:19:45.166] [RightTransferStation] Move XY Axis Error
[21:21:36.791] [RightTransferStation] Move XY Axis Error
[21:22:35.907] [RightTransferStation] Move XY Axis Error
[21:23:22.882] [RightTransferStation] Move XY Axis Error
[21:23:36.997] [RightTransferStation] Move XY Axis Error
[21:34:04.678] [RightTransferStation] Unload Buffer Set Exist
[21:34:07.227] [RightTransferStation] Unload Buffer Set Exist
[21:38:00.742] [RightTransferStation] Move XY Axis Error
[21:38:14.827] [RightTransferStation] Move XY Axis Error
[21:57:49.078] [RightTransferStation] Move XY Axis Error
[21:58:05.939] [RightTransferStation] Move XY Axis Error
[22:08:03.312] [RightTransferStation] Move XY Axis Error
[22:08:20.082] [RightTransferStation] Move XY Axis Error
[22:08:23.764] [RightTransferStation] Move XY Axis Error
[22:08:25.858] [RightTransferStation] Move XY Axis Error
[22:08:27.756] [RightTransferStation] Move XY Axis Error
[22:08:29.619] [RightTransferStation] Move XY Axis Error
[22:08:37.382] [RightTransferStation] Move XY Axis Error
[22:08:43.740] [RightTransferStation] Move XY Axis Error
[22:08:47.258] [RightTransferStation] Move XY Axis Error
[22:08:49.566] [RightTransferStation] Move XY Axis Error
[22:09:07.743] [RightTransferStation] Move XY Axis Error
[22:09:10.750] [RightTransferStation] Move XY Axis Error
[22:09:28.639] [RightTransferStation] Move XY Axis Error
[22:09:32.165] [RightTransferStation] Move XY Axis Error
[22:09:33.968] [RightTransferStation] Move XY Axis Error
[23:03:41.781] [RightTransferStation] Move XY Axis Error
[23:03:51.848] [RightTransferStation] Move XY Axis Error
[23:04:01.168] [RightTransferStation] Move XY Axis Error
[23:15:05.563] [RightPPStation] Unload Cylinder Vacuum Error
[23:15:14.609] [RightPPStation] Unload Cylinder Vacuum Error
[23:19:57.601] [RightPPStation] Unload Cylinder Vacuum Error
[23:25:35.639] [RightPPStation] Unload Cylinder Vacuum Error
[23:33:16.211] [RightPPStation] Unload Buffer Set Not Exist
[23:36:42.243] [RightPPStation] Unload Buffer Set Not Exist
[23:37:26.270] [RightPPStation] Unload Cylinder Vacuum Error
[23:40:42.767] [RightPPStation] Unload Cylinder Vacuum Error
[23:45:24.536] [RightTransferStation] Move XY Axis Error
[23:45:43.209] [RightTransferStation] Move XY Axis Error
[23:49:49.947] [RightPPStation] Unload Buffer Set Not Exist
[23:53:58.646] [RightPPStation] Unload Buffer Set Not Exist
[23:58:39.955] [RightPPStation] Unload Buffer Set Not Exist
