[06:47:35.006] ---- [Flow] CT_START Set
[06:47:35.030] ---- [Event] AutoStop : CT_START
[06:47:35.031] [m_nState] Auto State
[06:47:35.713] ---- [Flow] CT_START Set
[06:47:44.530] ---- [Flow] CT_START Set
[06:47:53.084] ---- [Flow] CT_START Set
[06:49:08.573] ---- [Flow] CT_STOP Set
[06:49:08.594] ---- [Event] Auto : CT_STOP
[06:49:08.595] --------- [Monitor] StopTasks() : before m_stopped
[06:49:09.750] --------- [Monitor] StopTasks() : m_stopped
[06:49:09.750] [m_nState] AutoStop State
[06:54:27.656] ---- [Flow] CT_START Set
[06:54:27.678] ---- [Event] AutoStop : CT_START
[06:54:27.679] [m_nState] Auto State
[06:54:28.551] ---- [Flow] CT_START Set
[06:55:46.814] ---- [Flow] CT_START Set
[06:55:47.162] ---- [Flow] CT_START Set
[06:55:48.006] ---- [Flow] CT_START Set
[06:55:49.011] ---- [Flow] CT_START Set
[08:44:01.283] ---- [Flow] CT_START Set
[08:44:01.692] ---- [Flow] CT_START Set
[08:44:02.103] ---- [Flow] CT_START Set
[09:22:00.614] ---- [Flow] CT_START Set
[09:22:00.957] ---- [Flow] CT_START Set
[09:27:12.075] ---- [Flow] CT_START Set
[09:27:19.278] ---- [Flow] CT_STOP Set
[09:27:19.300] ---- [Event] Auto : CT_STOP
[09:27:19.301] --------- [Monitor] StopTasks() : before m_stopped
[09:27:19.346] ---- [Flow] CT_STOP Set
[09:27:19.623] --------- [Monitor] StopTasks() : m_stopped
[09:27:19.624] [m_nState] AutoStop State
[09:32:48.847] ---- [Flow] CT_START Set
[09:32:48.870] ---- [Event] AutoStop : CT_START
[09:32:48.871] [m_nState] Auto State
[09:32:49.560] ---- [Flow] CT_START Set
[11:06:37.323] ---- [Flow] CT_START Set
[11:06:37.731] ---- [Flow] CT_START Set
[11:47:09.426] ---- [Flow] CT_STOP Set
[11:47:09.449] ---- [Event] Auto : CT_STOP
[11:47:09.450] --------- [Monitor] StopTasks() : before m_stopped
[11:47:09.546] --------- [Monitor] StopTasks() : m_stopped
[11:47:09.547] [m_nState] AutoStop State
[12:30:20.877] ---- [Flow] CT_START Set
[12:30:20.900] ---- [Event] AutoStop : CT_START
[12:30:20.901] [m_nState] Auto State
[12:30:21.635] ---- [Flow] CT_START Set
[12:36:32.660] ---- [Flow] CT_START Set
[12:48:40.465] ---- [Flow] CT_START Set
[12:48:41.115] ---- [Flow] CT_START Set
[12:48:41.524] ---- [Flow] CT_START Set
[12:48:42.429] ---- [Flow] CT_START Set
[13:05:20.280] ---- [Flow] CT_START Set
[13:43:31.101] ---- [Flow] CT_STOP Set
[13:43:31.124] ---- [Event] Auto : CT_STOP
[13:43:31.125] --------- [Monitor] StopTasks() : before m_stopped
[13:43:31.125] --------- [Monitor] StopTasks() : m_stopped
[13:43:31.126] [m_nState] AutoStop State
[13:43:31.134] ---- [Flow] CT_STOP Set
[13:43:31.167] ---- [Flow] CT_STOP Set
[13:43:31.200] ---- [Flow] CT_STOP Set
[13:43:31.233] ---- [Flow] CT_STOP Set
[13:43:31.266] ---- [Flow] CT_STOP Set
[13:43:31.297] ---- [Flow] CT_STOP Set
[13:43:31.330] ---- [Flow] CT_STOP Set
[13:43:31.363] ---- [Flow] CT_STOP Set
[13:43:31.396] ---- [Flow] CT_STOP Set
[13:43:31.429] ---- [Flow] CT_STOP Set
[13:43:31.461] ---- [Flow] CT_STOP Set
[13:43:31.495] ---- [Flow] CT_STOP Set
[13:43:31.527] ---- [Flow] CT_STOP Set
[13:43:31.559] ---- [Flow] CT_STOP Set
[13:43:31.592] ---- [Flow] CT_STOP Set
[13:43:31.625] ---- [Flow] CT_STOP Set
[13:43:31.657] ---- [Flow] CT_STOP Set
[13:43:31.690] ---- [Flow] CT_STOP Set
[13:43:31.722] ---- [Flow] CT_STOP Set
[13:43:31.755] ---- [Flow] CT_STOP Set
[13:43:31.788] ---- [Flow] CT_STOP Set
[13:43:31.820] ---- [Flow] CT_STOP Set
[13:43:31.853] ---- [Flow] CT_STOP Set
[13:43:31.885] ---- [Flow] CT_STOP Set
[13:43:31.917] ---- [Flow] CT_STOP Set
[13:43:31.951] ---- [Flow] CT_STOP Set
[13:43:31.984] ---- [Flow] CT_STOP Set
[13:43:32.016] ---- [Flow] CT_STOP Set
[13:43:36.316] ---- [Flow] CT_START Set
[13:43:36.338] ---- [Event] AutoStop : CT_START
[13:43:36.339] [m_nState] Auto State
[13:43:52.115] ---- [Flow] CT_START Set
[13:43:52.518] ---- [Flow] CT_START Set
[13:43:52.791] ---- [Flow] CT_START Set
[13:43:53.059] ---- [Flow] CT_START Set
[13:49:31.356] ---- [Flow] CT_START Set
[13:49:31.783] ---- [Flow] CT_START Set
[13:49:32.118] ---- [Flow] CT_START Set
[13:49:32.820] ---- [Flow] CT_START Set
[14:04:17.039] ---- [Flow] CT_START Set
[14:04:17.369] ---- [Flow] CT_START Set
[14:05:01.366] ---- [Flow] CT_START Set
[14:05:01.700] ---- [Flow] CT_START Set
[14:12:25.559] ---- [Flow] CT_STOP Set
[14:12:25.582] ---- [Event] Auto : CT_STOP
[14:12:25.583] --------- [Monitor] StopTasks() : before m_stopped
[14:12:25.625] ---- [Flow] CT_STOP Set
[14:12:25.662] ---- [Flow] CT_STOP Set
[14:12:25.689] ---- [Flow] CT_STOP Set
[14:12:25.756] --------- [Monitor] StopTasks() : m_stopped
[14:12:25.757] [m_nState] AutoStop State
[14:12:53.449] ---- [Flow] CT_START Set
[14:12:53.471] ---- [Event] AutoStop : CT_START
[14:12:53.472] [m_nState] Auto State
[14:12:53.892] ---- [Flow] CT_START Set
[14:16:40.727] ---- [Flow] CT_START Set
[14:16:41.052] ---- [Flow] CT_START Set
[14:16:41.333] ---- [Flow] CT_START Set
[14:30:04.665] ---- [Flow] CT_START Set
[14:32:31.377] ---- [Flow] CT_STOP Set
[14:32:31.400] ---- [Event] Auto : CT_STOP
[14:32:31.401] --------- [Monitor] StopTasks() : before m_stopped
[14:32:31.758] ---- [Flow] CT_STOP Set
[14:32:31.804] ---- [Flow] CT_STOP Set
[14:32:31.850] ---- [Flow] CT_STOP Set
[14:32:32.457] --------- [Monitor] StopTasks() : m_stopped
[14:32:32.458] [m_nState] AutoStop State
[14:32:56.587] ---- [Flow] CT_START Set
[14:32:56.610] ---- [Event] AutoStop : CT_START
[14:32:56.611] [m_nState] Auto State
[14:32:56.824] ---- [Flow] CT_START Set
[15:50:46.425] ---- [Flow] CT_START Set
[16:09:50.126] ---- [Flow] CT_STOP Set
[16:09:50.149] ---- [Event] Auto : CT_STOP
[16:09:50.150] --------- [Monitor] StopTasks() : before m_stopped
[16:09:50.181] ---- [Flow] CT_STOP Set
[16:09:50.204] ---- [Flow] CT_STOP Set
[16:09:50.226] --------- [Monitor] StopTasks() : m_stopped
[16:09:50.227] [m_nState] AutoStop State
[16:09:50.230] ---- [Flow] CT_STOP Set
[16:09:50.256] ---- [Flow] CT_STOP Set
[16:09:50.270] ---- [Flow] CT_STOP Set
[16:22:03.594] ---- [Flow] CT_START Set
[16:22:03.617] ---- [Event] AutoStop : CT_START
[16:22:03.618] [m_nState] Auto State
[16:22:04.681] ---- [Flow] CT_START Set
[16:23:03.802] ---- [Flow] CT_STOP Set
[16:23:03.825] ---- [Event] Auto : CT_STOP
[16:23:03.826] --------- [Monitor] StopTasks() : before m_stopped
[16:23:03.914] --------- [Monitor] StopTasks() : m_stopped
[16:23:03.915] [m_nState] AutoStop State
[17:09:14.322] ---- [Flow] CT_START Set
[17:09:14.344] ---- [Event] AutoStop : CT_START
[17:09:14.345] [m_nState] Auto State
[17:09:15.389] ---- [Flow] CT_START Set
[17:12:34.545] ---- [Flow] CT_STOP Set
[17:12:34.568] ---- [Event] Auto : CT_STOP
[17:12:34.569] --------- [Monitor] StopTasks() : before m_stopped
[17:12:34.614] --------- [Monitor] StopTasks() : m_stopped
[17:12:34.615] [m_nState] AutoStop State
[20:25:15.189] ---- [Flow] CT_START Set
[20:25:15.211] ---- [Event] AutoStop : CT_START
[20:25:15.212] [m_nState] Auto State
[20:26:38.372] ---- [Flow] CT_START Set
[20:27:10.266] ---- [Flow] CT_START Set
[20:36:00.321] ---- [Flow] CT_START Set
[20:37:18.025] ---- [Flow] CT_STOP Set
[20:37:18.047] ---- [Event] Auto : CT_STOP
[20:37:18.048] --------- [Monitor] StopTasks() : before m_stopped
[20:37:18.154] --------- [Monitor] StopTasks() : m_stopped
[20:37:18.155] [m_nState] AutoStop State
[20:37:35.324] ---- [Flow] CT_START Set
[20:37:35.346] ---- [Event] AutoStop : CT_START
[20:37:35.347] [m_nState] Auto State
[20:37:38.133] ---- [Flow] CT_START Set
[20:37:53.202] ---- [Flow] CT_START Set
[21:35:55.309] ---- [Flow] CT_START Set
[21:57:29.569] ---- [Flow] CT_STOP Set
[21:57:29.591] ---- [Event] Auto : CT_STOP
[21:57:29.592] --------- [Monitor] StopTasks() : before m_stopped
[21:57:29.632] ---- [Flow] CT_STOP Set
[21:57:29.737] ---- [Flow] CT_STOP Set
[21:57:31.042] --------- [Monitor] StopTasks() : m_stopped
[21:57:31.044] [m_nState] AutoStop State
[21:57:51.889] ---- [Flow] CT_START Set
[21:57:51.912] ---- [Event] AutoStop : CT_START
[21:57:51.913] [m_nState] Auto State
[21:57:52.542] ---- [Flow] CT_START Set
