[00:03:12.555] [RightTransferStation] Move XY Axis Error
[00:03:24.567] [RightTransferStation] Move XY Axis Error
[00:05:02.834] [RightTransferStation] Move XY Axis Error
[00:05:57.788] [RightTransferStation] Move XY Axis Error
[00:11:21.347] [RightTransferStation] Move XY Axis Error
[00:11:47.233] [RightTransferStation] Move XY Axis Error
[00:33:19.609] [RightTransferStation] Move XY Axis Error
[00:34:09.562] [RightTransferStation] Move XY Axis Error
[00:41:58.901] [RightTransferStation] Move XY Axis Error
[00:42:21.240] [RightTransferStation] Move XY Axis Error
[00:43:01.320] [RightTransferStation] Move XY Axis Error
[00:43:13.699] [RightTransferStation] Move XY Axis Error
[00:45:35.479] [RightTransferStation] Move XY Axis Error
[00:45:47.802] [RightTransferStation] Move XY Axis Error
[00:53:08.730] [RightTransferStation] Move XY Axis Error
[00:53:24.833] [RightTransferStation] Move XY Axis Error
[00:54:07.665] [RightTransferStation] Move XY Axis Error
[00:54:38.068] [RightTransferStation] Move XY Axis Error
[01:02:10.413] [RightTransferStation] Move XY Axis Error
[01:02:24.988] [RightTransferStation] Move XY Axis Error
[01:07:23.792] [RightTransferStation] Move XY Axis Error
[01:07:35.598] [RightTransferStation] Move XY Axis Error
[01:07:40.016] [RightTransferStation] Move XY Axis Error
[01:08:00.802] [RightTransferStation] Move XY Axis Error
[01:11:59.564] [RightTransferStation] Move XY Axis Error
[01:12:15.684] [RightTransferStation] Move XY Axis Error
[01:14:26.478] [RightTransferStation] Move XY Axis Error
[01:14:36.716] [RightTransferStation] Move XY Axis Error
[01:18:31.469] [RightTransferStation] Move XY Axis Error
[01:18:42.598] [RightTransferStation] Move XY Axis Error
[01:37:29.817] [RightTransferStation] Move XY Axis Error
[01:37:49.706] [RightTransferStation] Move XY Axis Error
[01:37:51.589] [RightTransferStation] Move XY Axis Error
[01:37:54.478] [RightTransferStation] Move XY Axis Error
[01:37:59.945] [RightTransferStation] Move XY Axis Error
[01:38:01.716] [RightTransferStation] Move XY Axis Error
[01:38:04.626] [RightTransferStation] Move XY Axis Error
[01:38:42.343] [RightTransferStation] Move XY Axis Error
[01:38:47.080] [RightTransferStation] Move XY Axis Error
[01:38:50.150] [RightTransferStation] Move XY Axis Error
[01:45:07.211] [RightTransferStation] Move XY Axis Error
[01:45:25.414] [RightTransferStation] Move XY Axis Error
[01:53:14.527] [RightTransferStation] Move XY Axis Error
[01:53:59.113] [RightTransferStation] Move XY Axis Error
[01:59:53.774] [RightTransferStation] Move XY Axis Error
[02:00:16.983] [RightTransferStation] Move XY Axis Error
[02:02:38.087] [RightTransferStation] Move XY Axis Error
[02:02:50.037] [RightTransferStation] Move XY Axis Error
[02:04:17.351] [RightTransferStation] Move XY Axis Error
[02:05:05.948] [RightTransferStation] Move XY Axis Error
[02:06:45.784] [RightTransferStation] Move XY Axis Error
[02:06:56.707] [RightTransferStation] Move XY Axis Error
[02:07:44.856] [RightTransferStation] Move XY Axis Error
[02:08:17.243] [RightTransferStation] Move XY Axis Error
[02:09:05.017] [RightTransferStation] Move XY Axis Error
[02:09:17.191] [RightTransferStation] Move XY Axis Error
[02:20:10.799] [RightTransferStation] Move XY Axis Error
[02:20:25.291] [RightTransferStation] Move XY Axis Error
[02:22:27.491] [RightTransferStation] Move XY Axis Error
[02:23:57.696] [RightTransferStation] Move XY Axis Error
[02:27:24.702] [RightTransferStation] Move XY Axis Error
[02:27:45.545] [RightTransferStation] Move XY Axis Error
[02:27:50.879] [RightTransferStation] Move XY Axis Error
[02:28:30.256] [RightTransferStation] Move XY Axis Error
[02:28:48.522] [RightTransferStation] Move XY Axis Error
[02:29:07.399] [RightTransferStation] Move XY Axis Error
[02:38:36.596] [RightTransferStation] Move XY Axis Error
[02:39:57.484] [RightTransferStation] Move XY Axis Error
[02:50:47.065] [RightTransferStation] Move XY Axis Error
[02:50:57.369] [RightTransferStation] Move XY Axis Error
[02:55:08.876] [RightTransferStation] Move XY Axis Error
[02:55:54.883] [RightTransferStation] Move XY Axis Error
[03:07:42.839] [RightTransferStation] Move XY Axis Error
[03:07:50.821] [RightTransferStation] Move XY Axis Error
[03:29:38.787] [RightTransferStation] Move XY Axis Error
[03:30:41.167] [RightTransferStation] Move XY Axis Error
[03:43:33.061] [RightTransferStation] Move XY Axis Error
[03:44:03.588] [RightTransferStation] Move XY Axis Error
[03:59:38.167] [RightTransferStation] Move XY Axis Error
[03:59:47.173] [RightTransferStation] Move XY Axis Error
[03:59:50.444] [RightTransferStation] Move XY Axis Error
[04:02:34.158] [RightTransferStation] Move XY Axis Error
[04:02:47.638] [RightTransferStation] Move XY Axis Error
[04:08:15.807] [RightTransferStation] Move XY Axis Error
[04:08:34.280] [RightTransferStation] Move XY Axis Error
[04:12:59.173] [RightTransferStation] Move XY Axis Error
[04:13:14.330] [RightTransferStation] Move XY Axis Error
[04:13:16.279] [RightTransferStation] Move XY Axis Error
[04:13:18.252] [RightTransferStation] Move XY Axis Error
[04:13:21.954] [RightTransferStation] Move XY Axis Error
[04:13:33.709] [RightTransferStation] Move XY Axis Error
[04:25:38.555] [RightTransferStation] Move XY Axis Error
[04:25:56.104] [RightTransferStation] Move XY Axis Error
[04:51:02.874] [RightTransferStation] Move XY Axis Error
[04:53:16.193] [RightTransferStation] Move XY Axis Error
[04:53:30.594] [RightTransferStation] Vacuum Error
[04:53:50.257] [RightTransferStation] Vacuum Error
[04:54:03.325] [RightTransferStation] Vacuum Error
[04:54:10.864] [RightTransferStation] Vacuum Error
[04:58:33.012] [RightTransferStation] Move Z Axis Error
[04:58:38.804] [RightTransferStation] Move Z Axis Error
[04:58:40.768] [RightTransferStation] Move Z Axis Error
[04:58:42.697] [RightTransferStation] Move Z Axis Error
[04:58:46.944] [RightTransferStation] Move Z Axis Error
[04:58:48.870] [RightTransferStation] Move Z Axis Error
[04:59:29.126] [RightTransferStation] Move Z Axis Error
[05:09:06.538] [MainControlStation] Right Door Open
[07:19:09.168] [RightTransferStation] Move XY Axis Error
[07:19:20.842] [RightTransferStation] Move XY Axis Error
[07:21:56.228] [RightTransferStation] Move XY Axis Error
[07:28:08.682] [RightTransferStation] Move XY Axis Error
[07:28:11.830] [RightTransferStation] Move XY Axis Error
[07:28:13.675] [RightTransferStation] Move XY Axis Error
[07:28:16.470] [RightTransferStation] Move XY Axis Error
[07:28:18.694] [RightTransferStation] Move XY Axis Error
[07:28:20.661] [RightTransferStation] Move XY Axis Error
[07:28:22.592] [RightTransferStation] Move XY Axis Error
[07:28:24.491] [RightTransferStation] Move XY Axis Error
[07:28:26.467] [RightTransferStation] Move XY Axis Error
[07:28:31.398] [RightTransferStation] Move XY Axis Error
[07:28:33.777] [RightTransferStation] Move XY Axis Error
[07:28:47.236] [RightTransferStation] Move XY Axis Error
[07:28:49.371] [RightTransferStation] Move XY Axis Error
[07:29:01.746] [RightTransferStation] Move XY Axis Error
[07:29:03.585] [RightTransferStation] Move XY Axis Error
[07:29:05.388] [RightTransferStation] Move XY Axis Error
[07:30:10.235] [RightTransferStation] Move XY Axis Error
[07:30:15.337] [RightTransferStation] Move XY Axis Error
[07:30:18.423] [RightTransferStation] Move XY Axis Error
[07:30:25.097] [RightTransferStation] Move XY Axis Error
[07:30:26.959] [RightTransferStation] Move XY Axis Error
[07:30:37.993] [RightTransferStation] Move XY Axis Error
[07:30:42.209] [RightTransferStation] Move XY Axis Error
[07:31:46.627] [RightTransferStation] Move XY Axis Error
[07:31:56.786] [RightTransferStation] Move XY Axis Error
[07:36:49.085] [RightTransferStation] Move XY Axis Error
[07:36:54.709] [RightTransferStation] Move XY Axis Error
[07:36:59.438] [RightTransferStation] Move XY Axis Error
[07:45:08.508] [RightTransferStation] Move XY Axis Error
[07:45:12.262] [RightTransferStation] Move XY Axis Error
[07:45:17.611] [RightTransferStation] Move XY Axis Error
[07:45:22.754] [RightTransferStation] Move XY Axis Error
[07:51:48.083] [RightTransferStation] Move XY Axis Error
[07:51:51.633] [RightTransferStation] Move XY Axis Error
[07:51:53.692] [RightTransferStation] Move XY Axis Error
[07:51:55.735] [RightTransferStation] Move XY Axis Error
[07:52:29.768] [RightTransferStation] Move XY Axis Error
[07:53:52.505] [RightTransferStation] Move XY Axis Error
[07:54:17.131] [RightTransferStation] Move XY Axis Error
[08:04:52.473] [LeftTransferStation] Vacuum Error
[08:05:22.551] [RightTransferStation] Vacuum Error
[08:13:27.781] [RightTransferStation] Move XY Axis Error
[08:13:34.681] [RightTransferStation] Move XY Axis Error
[08:13:36.556] [RightTransferStation] Move XY Axis Error
[08:14:27.242] [RightTransferStation] Move XY Axis Error
[08:14:30.749] [RightTransferStation] Move XY Axis Error
[08:14:36.971] [RightTransferStation] Move XY Axis Error
[08:17:31.754] [RightTransferStation] Move XY Axis Error
[08:17:55.222] [RightTransferStation] Move XY Axis Error
[08:22:42.292] [RightTransferStation] Move XY Axis Error
[08:22:45.961] [RightTransferStation] Move XY Axis Error
[08:22:49.984] [RightTransferStation] Move XY Axis Error
[08:22:53.545] [RightTransferStation] Move XY Axis Error
[08:25:42.199] [RightTransferStation] Move XY Axis Error
[08:25:47.334] [RightTransferStation] Move XY Axis Error
[08:25:54.042] [RightTransferStation] Move XY Axis Error
[08:27:06.598] [RightTransferStation] Move XY Axis Error
[08:27:11.357] [RightTransferStation] Move XY Axis Error
[08:27:34.177] [RightTransferStation] Move XY Axis Error
[08:29:24.065] [RightTransferStation] Move XY Axis Error
[08:29:30.891] [RightTransferStation] Move XY Axis Error
[08:29:33.847] [RightTransferStation] Move XY Axis Error
[08:29:39.928] [RightTransferStation] Move XY Axis Error
[08:29:43.876] [RightTransferStation] Move XY Axis Error
[08:29:49.174] [RightTransferStation] Move XY Axis Error
[08:29:58.000] [RightTransferStation] Move XY Axis Error
[08:30:23.229] [RightTransferStation] Move XY Axis Error
[08:30:26.890] [RightTransferStation] Move XY Axis Error
[08:30:30.871] [RightTransferStation] Move XY Axis Error
[08:30:33.267] [RightTransferStation] Move XY Axis Error
[08:31:37.973] [LeftPPStation] Load Cylinder Vacuum Error
[08:31:48.213] [RightTransferStation] Move XY Axis Error
[08:31:55.149] [RightTransferStation] Move XY Axis Error
[08:31:58.863] [RightTransferStation] Move XY Axis Error
[08:37:39.226] [RightTransferStation] Move XY Axis Error
[08:37:46.447] [RightTransferStation] Move XY Axis Error
[08:37:53.615] [RightTransferStation] Move XY Axis Error
[08:49:32.057] [RightTransferStation] Move XY Axis Error
[08:52:37.621] [RightTransferStation] Move XY Axis Error
[09:01:18.365] [RightTransferStation] Move XY Axis Error
[09:01:22.040] [RightTransferStation] Move XY Axis Error
[09:03:47.663] [RightTransferStation] Move XY Axis Error
[09:04:58.968] [RightTransferStation] Move XY Axis Error
[09:05:15.043] [RightTransferStation] Move XY Axis Error
[09:12:35.498] [RightTransferStation] Move XY Axis Error
[09:12:41.864] [RightTransferStation] Move XY Axis Error
[09:12:43.863] [RightTransferStation] Move XY Axis Error
[09:13:37.278] [RightTransferStation] Move XY Axis Error
[09:13:43.157] [RightTransferStation] Move XY Axis Error
[09:13:46.753] [RightTransferStation] Move XY Axis Error
[09:20:53.451] [RightTransferStation] Move XY Axis Error
[09:21:20.626] [RightTransferStation] Move XY Axis Error
[09:21:26.401] [RightTransferStation] Move XY Axis Error
[09:21:31.877] [RightTransferStation] Move XY Axis Error
[09:22:18.167] [RightTransferStation] Move XY Axis Error
[09:22:33.861] [RightTransferStation] Move XY Axis Error
[09:28:48.012] [RightTransferStation] Move XY Axis Error
[09:28:51.805] [RightTransferStation] Move XY Axis Error
[09:28:55.511] [RightTransferStation] Move XY Axis Error
[09:29:00.361] [RightTransferStation] Move XY Axis Error
[09:29:04.559] [RightTransferStation] Move XY Axis Error
[09:29:32.400] [RightTransferStation] Move XY Axis Error
[09:43:13.082] [RightTransferStation] Move XY Axis Error
[09:48:30.088] [RightTransferStation] Move XY Axis Error
[09:48:32.720] [RightTransferStation] Move XY Axis Error
[09:48:38.848] [RightTransferStation] Move XY Axis Error
[09:48:40.836] [RightTransferStation] Move XY Axis Error
[09:48:44.609] [RightTransferStation] Move XY Axis Error
[09:48:51.186] [RightTransferStation] Move XY Axis Error
[09:48:55.389] [RightTransferStation] Move XY Axis Error
[09:48:57.661] [RightTransferStation] Move XY Axis Error
[09:49:52.514] [RightTransferStation] Move XY Axis Error
[09:49:58.601] [RightTransferStation] Move XY Axis Error
[09:50:02.047] [RightTransferStation] Move XY Axis Error
[09:50:07.918] [RightTransferStation] Move XY Axis Error
[09:51:52.230] [RightTransferStation] Move XY Axis Error
[09:52:00.047] [MainControlStation] Right Door Open
[09:53:32.976] [RightTransferStation] Move XY Axis Error
[09:53:39.029] [RightTransferStation] Move XY Axis Error
[09:53:43.271] [RightTransferStation] Move XY Axis Error
[10:01:16.454] [RightTransferStation] Move XY Axis Error
[10:19:58.462] [RightTransferStation] Move XY Axis Error
[10:27:46.975] [RightTransferStation] Move XY Axis Error
[10:27:57.707] [RightTransferStation] Move XY Axis Error
[10:30:44.016] [RightTransferStation] Move XY Axis Error
[10:30:57.363] [RightTransferStation] Move XY Axis Error
[10:31:35.922] [RightTransferStation] Move XY Axis Error
[10:31:40.657] [RightTransferStation] Move XY Axis Error
[10:31:46.747] [RightTransferStation] Move XY Axis Error
[10:44:13.891] [LeftPPStation] Load Cylinder Vacuum Error
[10:57:28.716] [RightTransferStation] Move XY Axis Error
[10:57:34.469] [RightTransferStation] Move XY Axis Error
[10:57:38.396] [RightTransferStation] Move XY Axis Error
[11:13:17.702] [RightTransferStation] Move XY Axis Error
[11:13:25.635] [RightTransferStation] Move XY Axis Error
[11:14:57.372] [RightTransferStation] Move XY Axis Error
[11:15:01.949] [RightTransferStation] Move XY Axis Error
[11:15:03.724] [RightTransferStation] Move XY Axis Error
[11:15:06.298] [RightTransferStation] Move XY Axis Error
[11:18:33.071] [RightTransferStation] Move XY Axis Error
[11:18:39.781] [RightTransferStation] Move XY Axis Error
[11:18:43.937] [RightTransferStation] Move XY Axis Error
[11:21:41.194] [RightTransferStation] Move XY Axis Error
[11:21:48.119] [RightTransferStation] Move XY Axis Error
[11:21:52.731] [RightTransferStation] Move XY Axis Error
[11:21:58.860] [RightTransferStation] Move XY Axis Error
[11:23:12.980] [RightTransferStation] Move XY Axis Error
[11:31:55.494] [RightTransferStation] Move XY Axis Error
[11:33:53.139] [RightTransferStation] Move XY Axis Error
[11:34:07.704] [RightTransferStation] Move XY Axis Error
[11:35:08.501] [RightTransferStation] Move XY Axis Error
[11:35:29.229] [RightTransferStation] Move XY Axis Error
[11:57:30.864] [RightTransferStation] Move XY Axis Error
[11:58:31.413] [RightTransferStation] Move XY Axis Error
[12:06:35.195] [RightTransferStation] Move XY Axis Error
[12:06:50.344] [RightTransferStation] Move XY Axis Error
[12:06:59.657] [RightTransferStation] Vacuum Error
[12:07:06.999] [RightTransferStation] Vacuum Error
[12:07:10.526] [RightTransferStation] Move XY Axis Error
[12:07:12.465] [RightTransferStation] Move XY Axis Error
[12:07:14.265] [RightTransferStation] Move XY Axis Error
[12:07:16.920] [RightTransferStation] Move XY Axis Error
[12:07:18.704] [RightTransferStation] Move XY Axis Error
[12:07:20.350] [RightTransferStation] Move XY Axis Error
[12:21:24.234] [RightTransferStation] Move XY Axis Error
[12:21:30.450] [RightTransferStation] Move XY Axis Error
[12:21:34.785] [RightTransferStation] Move XY Axis Error
[12:39:17.700] [RightTransferStation] Move XY Axis Error
[12:49:13.199] [RightTransferStation] Move XY Axis Error
[12:51:01.687] [RightTransferStation] Move XY Axis Error
[12:55:59.550] [RightTransferStation] Move XY Axis Error
[12:56:04.779] [RightTransferStation] Move XY Axis Error
[12:56:12.160] [RightTransferStation] Move XY Axis Error
[12:58:42.390] [RightTransferStation] Move XY Axis Error
[12:58:46.250] [RightTransferStation] Move XY Axis Error
[12:58:53.208] [RightTransferStation] Move XY Axis Error
[13:17:29.294] [RightTransferStation] Move XY Axis Error
[13:26:43.334] [RightTransferStation] Move XY Axis Error
[13:34:24.561] [RightTransferStation] Move XY Axis Error
[13:34:28.864] [RightTransferStation] Move XY Axis Error
[13:35:37.845] [RightTransferStation] Move XY Axis Error
[13:38:25.726] [RightTransferStation] Move XY Axis Error
[13:38:33.326] [RightTransferStation] Move XY Axis Error
[13:38:36.468] [RightTransferStation] Move XY Axis Error
[13:43:10.640] [RightTransferStation] Move XY Axis Error
[13:43:25.104] [RightTransferStation] Move XY Axis Error
[14:01:08.913] [RightTransferStation] Move XY Axis Error
[14:01:13.376] [RightTransferStation] Move XY Axis Error
[14:01:22.751] [RightTransferStation] Move XY Axis Error
[14:04:48.084] [RightTransferStation] Move XY Axis Error
[14:04:51.114] [RightTransferStation] Move XY Axis Error
[14:04:56.181] [RightTransferStation] Move XY Axis Error
[14:05:07.382] [RightTransferStation] Move XY Axis Error
[14:05:12.198] [RightTransferStation] Move XY Axis Error
[14:05:16.534] [RightTransferStation] Move XY Axis Error
[14:05:43.032] [RightTransferStation] Move XY Axis Error
[14:09:25.511] [RightTransferStation] Move XY Axis Error
[14:09:28.659] [RightTransferStation] Move XY Axis Error
[14:09:38.568] [RightTransferStation] Move XY Axis Error
[14:09:50.774] [RightTransferStation] Move XY Axis Error
[14:10:04.592] [RightTransferStation] Move XY Axis Error
[14:22:42.796] [RightTransferStation] Move XY Axis Error
[14:22:48.785] [RightTransferStation] Move XY Axis Error
[14:23:45.169] [RightPPStation] Load Cylinder Up Error
[14:23:51.341] [RightPPStation] Load Cylinder Vacuum Error
[14:24:09.519] [RightPPStation] Load Cylinder Up Error
[14:24:19.099] [RightPPStation] Load Cylinder Up Error
[14:24:29.937] [RightPPStation] Load Cylinder Up Error
[14:27:32.370] [RightTransferStation] Move XY Axis Error
[14:27:44.105] [RightTransferStation] Move XY Axis Error
[14:30:38.399] [RightPPStation] Load Cylinder Up Error
[14:30:47.753] [RightPPStation] Load Cylinder Up Error
[14:30:58.688] [RightTransferStation] Move XY Axis Error
[14:31:00.688] [RightTransferStation] Move XY Axis Error
[14:31:04.013] [RightPPStation] Load Cylinder Up Error
[14:31:05.982] [RightTransferStation] Move XY Axis Error
[14:31:08.027] [RightTransferStation] Move XY Axis Error
[14:31:10.155] [RightTransferStation] Move XY Axis Error
[14:31:14.689] [RightPPStation] Load Cylinder Up Error
[14:31:22.829] [RightTransferStation] Move XY Axis Error
[14:31:25.110] [RightTransferStation] Move XY Axis Error
[14:31:27.692] [RightTransferStation] Move XY Axis Error
[14:31:38.094] [RightTransferStation] Move XY Axis Error
[14:32:05.121] [RightPPStation] Load Cylinder Down Error
[14:32:17.886] [RightPPStation] Load Cylinder Down Error
[14:32:24.151] [RightPPStation] Load Cylinder Down Error
[14:32:29.968] [RightPPStation] Load Cylinder Down Error
[14:32:45.211] [RightPPStation] Load Cylinder Down Error
[14:32:50.986] [RightPPStation] Load Cylinder Down Error
[14:33:04.466] [RightPPStation] Load Cylinder Down Error
[14:33:11.122] [RightPPStation] Load Cylinder Up Error
[14:33:18.683] [RightPPStation] Load Cylinder Up Error
[14:33:35.120] [RightPPStation] Load Cylinder Up Error
[14:38:25.994] [RightTransferStation] Move XY Axis Error
[14:39:49.216] [RightTransferStation] Move XY Axis Error
[14:43:08.750] [RightTransferStation] Move XY Axis Error
[14:43:11.399] [RightTransferStation] Move XY Axis Error
[14:43:17.918] [RightTransferStation] Move XY Axis Error
[16:19:07.459] [RightTransferStation] Vacuum Error
[16:19:17.006] [RightTransferStation] Vacuum Error
[16:27:13.601] [RightTransferStation] Move XY Axis Error
[16:28:28.651] [RightTransferStation] Vacuum Error
[16:29:29.804] [RightTransferStation] Move Z Axis Error
[16:29:35.576] [RightTransferStation] Move Z Axis Error
[16:34:42.487] [RightTransferStation] Vacuum Error
[16:35:38.341] [RightTransferStation] Move XY Axis Error
[16:35:43.150] [RightTransferStation] Move XY Axis Error
[16:43:57.879] [RightTransferStation] Vacuum Error
[16:44:00.785] [RightTransferStation] Move XY Axis Error
[16:53:11.671] [LeftTransferStation] Vacuum Error
[17:05:50.666] [RightTransferStation] Move XY Axis Error
[17:09:30.561] [RightTransferStation] Vacuum Error
[17:09:48.257] [RightTransferStation] Vacuum Error
[17:09:55.008] [RightTransferStation] Vacuum Error
[17:10:20.659] [RightTransferStation] Vacuum Error
[17:14:50.729] [RightTransferStation] Move XY Axis Error
[17:15:37.915] [LeftTransferStation] Vacuum Error
[17:16:23.327] [RightTransferStation] Move XY Axis Error
[17:23:10.581] [LeftTransferStation] Vacuum Error
[17:24:54.377] [RightTransferStation] Move XY Axis Error
[17:25:00.012] [RightTransferStation] Move XY Axis Error
[17:25:08.319] [RightTransferStation] Move XY Axis Error
[17:25:16.512] [RightTransferStation] Move XY Axis Error
[17:25:38.168] [RightTransferStation] Move XY Axis Error
[17:25:41.132] [RightTransferStation] Move XY Axis Error
[17:25:48.645] [RightTransferStation] Move XY Axis Error
[17:26:45.027] [RightTransferStation] Move XY Axis Error
[17:27:37.738] [RightTransferStation] Vacuum Error
[17:32:43.683] [RightTransferStation] Move XY Axis Error
[17:35:30.253] [RightTransferStation] Vacuum Error
[17:35:38.037] [RightTransferStation] Vacuum Error
[17:35:43.583] [RightTransferStation] Vacuum Error
[17:35:50.517] [RightTransferStation] Vacuum Error
[17:47:04.282] [RightTransferStation] Move XY Axis Error
[17:48:54.478] [RightTransferStation] Move XY Axis Error
[17:49:05.376] [RightTransferStation] Move XY Axis Error
[17:53:01.981] [RightTransferStation] Move XY Axis Error
[17:54:17.569] [LeftTransferStation] Vacuum Error
[17:57:36.068] [RightTransferStation] Move XY Axis Error
[17:57:39.088] [RightTransferStation] Move XY Axis Error
[17:57:50.234] [RightTransferStation] Move XY Axis Error
[17:57:57.481] [RightTransferStation] Move XY Axis Error
[18:01:59.564] [RightTransferStation] Move XY Axis Error
[18:10:25.673] [RightTransferStation] Move XY Axis Error
[18:10:46.505] [RightTransferStation] Move XY Axis Error
[18:39:40.521] [RightTransferStation] Move XY Axis Error
[18:39:51.091] [RightTransferStation] Move XY Axis Error
[18:40:37.996] [RightTransferStation] Move XY Axis Error
[18:53:44.444] [RightTransferStation] Move XY Axis Error
[18:57:05.393] [RightTransferStation] Vacuum Error
[18:57:55.256] [RightTransferStation] Move Z Axis Error
[18:58:06.140] [RightTransferStation] Move Z Axis Error
[19:02:17.511] [RightTransferStation] Move XY Axis Error
[19:02:31.116] [RightTransferStation] Move XY Axis Error
[19:05:17.251] [RightTransferStation] Move XY Axis Error
[19:13:51.140] [LeftTransferStation] Vacuum Error
[19:16:28.471] [RightTransferStation] Move XY Axis Error
[19:18:21.915] [RightTransferStation] Move XY Axis Error
[19:22:03.159] [RightTransferStation] Move XY Axis Error
[19:30:27.867] [RightTransferStation] Move XY Axis Error
[19:30:38.991] [RightTransferStation] Move XY Axis Error
[20:11:26.780] [RightTransferStation] Move XY Axis Error
[20:12:14.126] [RightTransferStation] Move XY Axis Error
[20:29:31.464] [LeftTransferStation] Vacuum Error
[20:33:56.399] [RightTransferStation] Vacuum Error
[20:34:50.284] [RightTransferStation] Vacuum Error
[20:35:20.958] [RightTransferStation] Vacuum Error
[20:42:23.434] [RightTransferStation] Vacuum Error
[20:45:25.191] [RightTransferStation] Move XY Axis Error
[20:46:10.323] [RightTransferStation] Move XY Axis Error
[20:48:29.332] [RightTransferStation] Move XY Axis Error
[20:49:11.395] [RightTransferStation] Move XY Axis Error
[20:49:38.301] [RightTransferStation] Move XY Axis Error
[20:50:03.187] [RightTransferStation] Move XY Axis Error
[20:50:07.314] [RightTransferStation] Vacuum Error
[20:50:30.848] [RightTransferStation] Move XY Axis Error
[20:50:44.809] [RightTransferStation] Move XY Axis Error
[20:51:19.992] [RightTransferStation] Move XY Axis Error
[20:52:20.085] [RightTransferStation] Vacuum Error
[20:52:53.641] [RightTransferStation] Vacuum Error
[20:53:21.021] [RightTransferStation] Move XY Axis Error
[20:57:53.312] [RightTransferStation] Vacuum Error
[20:57:58.578] [RightTransferStation] Vacuum Error
[21:00:07.606] [RightTransferStation] Move XY Axis Error
[21:00:37.641] [RightTransferStation] Move XY Axis Error
[21:01:35.639] [RightTransferStation] Move XY Axis Error
[21:01:53.876] [RightTransferStation] Move XY Axis Error
[21:02:33.810] [RightTransferStation] Move XY Axis Error
[21:03:34.446] [RightTransferStation] Move XY Axis Error
[21:03:48.545] [RightTransferStation] Move XY Axis Error
[21:04:17.248] [RightTransferStation] Move XY Axis Error
[21:04:21.519] [RightTransferStation] Vacuum Error
[21:04:24.668] [RightTransferStation] Vacuum Error
[21:04:31.161] [RightTransferStation] Vacuum Error
[21:04:45.395] [RightPPStation] Load Buffer Set Exist
[21:08:37.411] [RightTransferStation] Move XY Axis Error
[21:08:47.544] [RightTransferStation] Move XY Axis Error
[21:09:28.564] [RightTransferStation] Move XY Axis Error
[21:09:51.687] [RightTransferStation] Move XY Axis Error
[21:12:18.125] [RightTransferStation] Move XY Axis Error
[21:12:57.017] [RightTransferStation] Move XY Axis Error
[21:14:15.706] [RightTransferStation] Move XY Axis Error
[21:14:25.297] [RightTransferStation] Move XY Axis Error
[21:14:50.283] [RightTransferStation] Move XY Axis Error
[21:15:00.693] [RightTransferStation] Move XY Axis Error
[21:15:03.808] [RightTransferStation] Move XY Axis Error
[21:15:10.752] [RightTransferStation] Move XY Axis Error
[21:15:18.388] [RightTransferStation] Move XY Axis Error
[21:16:28.410] [RightTransferStation] Move XY Axis Error
[21:18:00.679] [RightTransferStation] Move XY Axis Error
[21:18:25.463] [RightTransferStation] Move XY Axis Error
[21:22:43.916] [RightTransferStation] Vacuum Error
[21:22:56.890] [RightTransferStation] Vacuum Error
[21:29:40.612] [RightTransferStation] Vacuum Error
[21:30:18.138] [LeftTransferStation] Vacuum Error
[21:31:24.510] [RightTransferStation] Move XY Axis Error
[21:31:56.794] [RightTransferStation] Move XY Axis Error
[21:33:41.779] [RightTransferStation] Vacuum Error
[21:35:52.882] [RightTransferStation] Move XY Axis Error
[21:36:20.188] [RightTransferStation] Move XY Axis Error
[21:36:48.774] [RightTransferStation] Move XY Axis Error
[21:37:35.588] [RightTransferStation] Move XY Axis Error
[21:39:22.817] [RightTransferStation] Move XY Axis Error
[21:39:57.788] [RightTransferStation] Move XY Axis Error
[21:40:37.174] [RightTransferStation] Vacuum Error
[21:41:17.573] [RightTransferStation] Move XY Axis Error
[21:42:48.668] [RightTransferStation] Move XY Axis Error
[21:43:05.758] [RightTransferStation] Move XY Axis Error
[21:43:40.626] [RightTransferStation] Move XY Axis Error
[21:44:39.247] [RightTransferStation] Move XY Axis Error
[21:46:23.769] [RightTransferStation] Move XY Axis Error
[21:47:35.226] [RightTransferStation] Move XY Axis Error
[21:50:14.317] [RightTransferStation] Vacuum Error
[21:50:33.087] [RightTransferStation] Vacuum Error
[21:50:37.861] [RightTransferStation] Vacuum Error
[21:56:11.719] [RightTransferStation] Vacuum Error
[21:56:33.298] [RightTransferStation] Vacuum Error
[21:59:13.381] [LeftTransferStation] Vacuum Error
[21:59:31.462] [RightTransferStation] Move XY Axis Error
[21:59:43.983] [RightTransferStation] Move XY Axis Error
[21:59:48.590] [RightTransferStation] Move XY Axis Error
[21:59:59.402] [RightTransferStation] Move XY Axis Error
[22:02:08.854] [RightTransferStation] Move XY Axis Error
[22:02:51.618] [RightTransferStation] Move XY Axis Error
[22:03:08.228] [LeftTransferStation] Set Double Place
[22:08:34.624] [RightTransferStation] Vacuum Error
[22:10:37.180] [RightTransferStation] Vacuum Error
[22:11:53.528] [RightTransferStation] Move XY Axis Error
[22:12:28.543] [RightTransferStation] Move XY Axis Error
[22:12:58.960] [RightTransferStation] Move XY Axis Error
[22:13:31.043] [RightTransferStation] Move XY Axis Error
[22:13:48.969] [RightTransferStation] Move XY Axis Error
[22:14:39.053] [RightTransferStation] Move XY Axis Error
[22:15:58.099] [RightTransferStation] Move XY Axis Error
[22:16:47.723] [RightTransferStation] Move XY Axis Error
[22:19:00.628] [RightTransferStation] Move XY Axis Error
[22:19:15.919] [RightTransferStation] Move XY Axis Error
[22:19:41.943] [RightTransferStation] Move XY Axis Error
[22:20:04.402] [RightTransferStation] Move XY Axis Error
[22:22:03.283] [RightTransferStation] Move XY Axis Error
[22:22:33.666] [RightTransferStation] Move XY Axis Error
[22:24:25.459] [RightTransferStation] Move XY Axis Error
[22:24:44.401] [RightTransferStation] Move XY Axis Error
[22:25:23.219] [RightTransferStation] Move XY Axis Error
[22:25:39.943] [RightTransferStation] Move XY Axis Error
[22:26:05.997] [RightTransferStation] Move XY Axis Error
[22:27:03.848] [RightTransferStation] Move XY Axis Error
[22:31:46.176] [RightTransferStation] Move XY Axis Error
[22:32:32.810] [RightTransferStation] Move XY Axis Error
[22:33:52.993] [RightTransferStation] Move XY Axis Error
[22:33:59.271] [RightTransferStation] Move XY Axis Error
[22:34:01.196] [RightTransferStation] Move XY Axis Error
[22:34:03.116] [RightTransferStation] Move XY Axis Error
[22:34:37.800] [RightTransferStation] Move XY Axis Error
[22:35:25.116] [RightTransferStation] Move XY Axis Error
[22:35:55.744] [RightTransferStation] Move XY Axis Error
[22:36:42.608] [RightTransferStation] Move XY Axis Error
[22:41:22.335] [RightTransferStation] Move XY Axis Error
[22:42:00.251] [RightTransferStation] Move XY Axis Error
[22:42:28.127] [RightTransferStation] Move XY Axis Error
[22:42:31.323] [RightTransferStation] Move XY Axis Error
[22:42:53.969] [RightTransferStation] Move XY Axis Error
[22:44:42.249] [RightTransferStation] Move XY Axis Error
[22:45:13.520] [RightTransferStation] Move XY Axis Error
[22:45:36.890] [RightTransferStation] Move XY Axis Error
[22:46:10.459] [RightTransferStation] Move XY Axis Error
[22:47:31.617] [RightTransferStation] Move XY Axis Error
[22:47:47.402] [RightTransferStation] Move XY Axis Error
[22:47:54.139] [RightTransferStation] Move XY Axis Error
[22:48:43.712] [RightTransferStation] Move XY Axis Error
[22:50:30.109] [RightTransferStation] Vacuum Error
[22:50:46.220] [RightTransferStation] Vacuum Error
[22:51:04.398] [RightTransferStation] Vacuum Error
[22:51:22.210] [RightTransferStation] Move XY Axis Error
[22:52:02.449] [RightTransferStation] Move XY Axis Error
[22:52:06.849] [RightTransferStation] Move XY Axis Error
[22:52:08.632] [RightTransferStation] Move XY Axis Error
[22:52:24.621] [RightTransferStation] Move XY Axis Error
[22:53:09.557] [RightTransferStation] Move XY Axis Error
[22:53:28.251] [RightTransferStation] Move XY Axis Error
[22:57:57.469] [RightTransferStation] Move XY Axis Error
[22:58:24.044] [RightTransferStation] Move XY Axis Error
[22:59:05.133] [RightTransferStation] Move XY Axis Error
[22:59:37.973] [RightTransferStation] Move XY Axis Error
[23:02:06.441] [RightTransferStation] Move XY Axis Error
[23:02:54.485] [RightTransferStation] Move XY Axis Error
[23:03:19.126] [RightTransferStation] Move XY Axis Error
[23:06:30.809] [RightTransferStation] Move XY Axis Error
[23:08:29.882] [RightTransferStation] Move XY Axis Error
[23:08:53.865] [RightTransferStation] Move XY Axis Error
[23:17:10.131] [RightTransferStation] Move XY Axis Error
[23:17:44.506] [RightTransferStation] Move XY Axis Error
[23:19:45.420] [RightTransferStation] Move XY Axis Error
[23:20:07.586] [RightTransferStation] Move XY Axis Error
[23:27:43.816] [RightTransferStation] Move XY Axis Error
[23:27:54.101] [RightTransferStation] Move XY Axis Error
[23:28:10.818] [RightTransferStation] Move XY Axis Error
[23:28:30.917] [RightTransferStation] Move XY Axis Error
[23:30:58.098] [RightTransferStation] Move XY Axis Error
[23:31:35.861] [RightTransferStation] Move XY Axis Error
[23:31:46.668] [RightTransferStation] Move XY Axis Error
[23:32:14.367] [RightTransferStation] Move XY Axis Error
[23:32:26.762] [RightTransferStation] Move XY Axis Error
[23:34:32.355] [RightTransferStation] Move XY Axis Error
[23:35:25.787] [RightTransferStation] Move XY Axis Error
[23:36:51.935] [RightTransferStation] Move XY Axis Error
[23:40:27.308] [RightTransferStation] Move XY Axis Error
[23:41:02.464] [RightTransferStation] Move XY Axis Error
[23:42:35.169] [RightTransferStation] Move XY Axis Error
[23:43:57.150] [RightTransferStation] Move XY Axis Error
[23:44:57.338] [RightTransferStation] Move XY Axis Error
[23:45:38.142] [RightTransferStation] Move XY Axis Error
[23:45:40.951] [RightTransferStation] Move XY Axis Error
[23:46:41.564] [RightTransferStation] Move XY Axis Error
[23:46:43.320] [RightTransferStation] Move XY Axis Error
[23:46:47.729] [RightTransferStation] Move XY Axis Error
[23:46:50.421] [RightTransferStation] Move XY Axis Error
[23:47:20.892] [RightTransferStation] Move XY Axis Error
[23:47:23.869] [RightTransferStation] Move XY Axis Error
[23:47:48.400] [RightTransferStation] Move XY Axis Error
[23:48:16.595] [RightTransferStation] Vacuum Error
[23:55:01.108] [RightTransferStation] Move XY Axis Error
[23:55:20.501] [RightTransferStation] Move XY Axis Error
[23:57:48.450] [RightTransferStation] Vacuum Error
[23:57:56.673] [RightTransferStation] Vacuum Error
[23:58:06.821] [RightTransferStation] Vacuum Error
[23:58:09.842] [RightTransferStation] Vacuum Error
[23:58:17.132] [RightTransferStation] Vacuum Error
