[00:04:56.405] [RightTransferStation] Move XY Axis Error
[00:05:08.288] [RightTransferStation] Move XY Axis Error
[00:08:12.634] [RightTransferStation] Move XY Axis Error
[00:08:18.606] [RightTransferStation] Move XY Axis Error
[00:31:41.709] [RightTransferStation] Move XY Axis Error
[00:31:46.487] [RightTransferStation] Move XY Axis Error
[00:31:48.120] [RightTransferStation] Move XY Axis Error
[00:32:57.890] [RightTransferStation] Move XY Axis Error
[00:34:28.169] [RightTransferStation] Move XY Axis Error
[00:34:38.639] [RightTransferStation] Move XY Axis Error
[00:34:41.256] [RightTransferStation] Move XY Axis Error
[00:34:42.876] [RightTransferStation] Move XY Axis Error
[00:34:46.935] [RightTransferStation] Move XY Axis Error
[00:40:34.309] [LeftTransferStation] Vacuum Error
[00:43:46.829] [RightTransferStation] Move XY Axis Error
[00:43:54.370] [RightTransferStation] Move XY Axis Error
[00:43:58.636] [RightTransferStation] Move XY Axis Error
[00:44:14.076] [RightTransferStation] Move XY Axis Error
[00:48:20.268] [RightTransferStation] Move XY Axis Error
[00:48:43.624] [RightTransferStation] Move XY Axis Error
[00:55:05.971] [RightTransferStation] Move XY Axis Error
[00:58:18.831] [RightTransferStation] Move XY Axis Error
[00:58:35.229] [MainControlStation] Left Door Open
[01:09:44.638] [RightTransferStation] Move XY Axis Error
[01:10:01.330] [RightTransferStation] Move XY Axis Error
[01:20:48.827] [RightTransferStation] Move XY Axis Error
[01:21:05.567] [RightTransferStation] Move XY Axis Error
[01:33:17.997] [RightTransferStation] Move XY Axis Error
[01:33:20.872] [RightTransferStation] Move XY Axis Error
[01:33:53.090] [RightTransferStation] Move XY Axis Error
[01:45:02.314] [RightTransferStation] Vacuum Error
[01:48:35.486] [LeftTransferStation] Vacuum Error
[01:57:40.111] [RightTransferStation] Move XY Axis Error
[01:59:52.930] [RightTransferStation] Move XY Axis Error
[02:11:30.384] [RightTransferStation] Move XY Axis Error
[02:11:39.643] [RightTransferStation] Move XY Axis Error
[02:11:41.703] [RightTransferStation] Move XY Axis Error
[02:12:00.818] [RightTransferStation] Move XY Axis Error
[02:12:09.365] [RightTransferStation] Vacuum Error
[02:12:19.724] [RightTransferStation] Vacuum Error
[02:21:54.756] [RightTransferStation] Move XY Axis Error
[02:22:00.328] [RightTransferStation] Move XY Axis Error
[02:22:02.199] [RightTransferStation] Move XY Axis Error
[02:22:06.149] [RightTransferStation] Move XY Axis Error
[02:22:16.534] [RightTransferStation] Move XY Axis Error
[02:22:31.241] [RightTransferStation] Move XY Axis Error
[02:22:46.520] [RightTransferStation] Move XY Axis Error
[02:22:49.696] [RightTransferStation] Move XY Axis Error
[02:25:14.937] [RightTransferStation] Move XY Axis Error
[02:25:23.440] [RightTransferStation] Move XY Axis Error
[02:25:31.704] [RightTransferStation] Move XY Axis Error
[02:25:36.020] [RightTransferStation] Move XY Axis Error
[02:27:33.111] [LeftTransferStation] Move Z Axis Error
[02:27:43.775] [LeftTransferStation] Move Z Axis Error
[02:27:53.250] [LeftTransferStation] Vacuum Error
[02:29:12.610] [RightTransferStation] Move XY Axis Error
[02:29:28.154] [RightTransferStation] Move XY Axis Error
[02:34:04.687] [RightTransferStation] Move XY Axis Error
[02:34:14.229] [RightTransferStation] Move XY Axis Error
[02:34:19.582] [RightTransferStation] Move XY Axis Error
[02:53:56.783] [RightTransferStation] Move XY Axis Error
[02:54:15.185] [RightTransferStation] Move XY Axis Error
[02:54:24.071] [RightTransferStation] Move XY Axis Error
[02:54:26.393] [RightTransferStation] Move XY Axis Error
[03:04:46.933] [RightTransferStation] Move XY Axis Error
[03:05:58.419] [RightTransferStation] Move XY Axis Error
[03:14:55.365] [RightPPStation] Load Cylinder Vacuum Error
[03:16:22.884] [RightTransferStation] Move XY Axis Error
[03:16:49.765] [RightTransferStation] Move XY Axis Error
[03:16:54.608] [RightTransferStation] Move XY Axis Error
[03:16:58.075] [RightTransferStation] Move XY Axis Error
[03:17:00.129] [RightTransferStation] Move XY Axis Error
[03:17:02.208] [RightTransferStation] Move XY Axis Error
[03:17:04.269] [RightTransferStation] Move XY Axis Error
[03:17:39.850] [RightTransferStation] Move XY Axis Error
[03:17:47.626] [RightTransferStation] Move XY Axis Error
[03:17:50.640] [RightTransferStation] Move XY Axis Error
[03:18:06.478] [RightTransferStation] Move XY Axis Error
[03:20:58.904] [RightTransferStation] Vacuum Error
[03:26:43.991] [RightPPStation] Load Cylinder Vacuum Error
[03:34:21.541] [LeftTransferStation] Vacuum Error
[03:41:50.620] [RightTransferStation] Move XY Axis Error
[03:42:08.109] [RightTransferStation] Move XY Axis Error
[03:52:53.942] [RightTransferStation] Move XY Axis Error
[03:53:48.657] [RightTransferStation] Move XY Axis Error
[04:30:01.749] [RightTransferStation] Move XY Axis Error
[04:30:31.250] [RightTransferStation] Move XY Axis Error
[04:35:30.947] [RightTransferStation] Move XY Axis Error
[04:35:43.992] [RightTransferStation] Move XY Axis Error
[04:35:47.353] [RightTransferStation] Move XY Axis Error
[04:52:52.412] [LeftPPStation] Load Cylinder Vacuum Error
[05:04:00.849] [RightTransferStation] Move XY Axis Error
[05:04:04.312] [RightTransferStation] Move XY Axis Error
[05:04:44.534] [RightTransferStation] Move XY Axis Error
[05:08:00.499] [RightTransferStation] Move XY Axis Error
[05:08:26.071] [RightTransferStation] Move XY Axis Error
[05:09:07.497] [RightPPStation] Load Cylinder Vacuum Error
[05:22:29.413] [LeftPPStation] Load Cylinder Vacuum Error
[05:40:18.884] [RightTransferStation] Move XY Axis Error
[05:40:32.537] [RightTransferStation] Move XY Axis Error
[05:57:02.163] [RightPPStation] Load Cylinder Vacuum Error
[05:57:35.977] [RightTransferStation] Move XY Axis Error
[05:57:44.806] [RightTransferStation] Move XY Axis Error
[05:57:47.207] [RightTransferStation] Move XY Axis Error
[05:57:49.197] [RightTransferStation] Move XY Axis Error
[05:57:51.217] [RightTransferStation] Move XY Axis Error
[06:03:54.108] [RightTransferStation] Move XY Axis Error
[06:04:02.776] [RightTransferStation] Move XY Axis Error
[06:04:04.826] [RightTransferStation] Move XY Axis Error
[06:04:08.202] [RightTransferStation] Move XY Axis Error
[06:04:10.168] [RightTransferStation] Move XY Axis Error
[06:04:12.128] [RightTransferStation] Move XY Axis Error
[06:18:19.177] [RightTransferStation] Move XY Axis Error
[07:17:30.037] [LeftPPStation] Load Cylinder Vacuum Error
[08:15:31.288] [RightTransferStation] Move XY Axis Error
[08:16:41.229] [RightTransferStation] Move XY Axis Error
[08:31:54.543] [RightTransferStation] Move XY Axis Error
[08:33:37.881] [RightTransferStation] Move XY Axis Error
[08:40:40.163] [RightTransferStation] Move XY Axis Error
[08:46:22.101] [RightTransferStation] Move XY Axis Error
[08:46:38.997] [RightTransferStation] Move XY Axis Error
[09:03:55.312] [RightTransferStation] Move XY Axis Error
[09:04:14.161] [RightTransferStation] Move XY Axis Error
[09:08:39.521] [RightTransferStation] Move XY Axis Error
[09:08:44.629] [RightTransferStation] Move XY Axis Error
[09:08:47.099] [RightTransferStation] Move XY Axis Error
[09:40:20.173] [LeftPPStation] Load Cylinder Vacuum Error
[09:40:35.048] [LeftPPStation] Load Cylinder Vacuum Error
[10:19:37.931] [RightTransferStation] Move XY Axis Error
[10:20:19.035] [RightTransferStation] Move XY Axis Error
[10:39:48.404] [RightTransferStation] Move XY Axis Error
[10:41:05.133] [RightTransferStation] Move XY Axis Error
[10:41:18.962] [RightTransferStation] Move XY Axis Error
[12:56:29.068] [RightTransferStation] Move XY Axis Error
[12:56:41.897] [RightTransferStation] Move XY Axis Error
[12:56:44.017] [RightTransferStation] Move XY Axis Error
[13:07:40.229] [LeftPPStation] Unload Cylinder Vacuum Error
[13:08:37.538] [LeftPPStation] Unload Buffer Set Not Exist
[13:09:21.943] [LeftTransferStation] Unload Buffer Set Exist
[13:09:25.102] [LeftTransferStation] Unload Buffer Set Exist
[13:09:27.163] [LeftTransferStation] Unload Buffer Set Exist
[13:09:29.183] [LeftTransferStation] Unload Buffer Set Exist
[13:09:31.210] [LeftTransferStation] Unload Buffer Set Exist
[13:09:44.731] [LeftTransferStation] Unload Buffer Set Exist
[13:09:46.879] [LeftTransferStation] Unload Buffer Set Exist
[13:21:19.128] [RightTransferStation] Move XY Axis Error
[13:44:00.320] [RightTransferStation] Move XY Axis Error
[13:44:12.522] [RightTransferStation] Move XY Axis Error
[13:44:15.103] [RightTransferStation] Move XY Axis Error
[14:04:15.625] [RightPPStation] Load Cylinder Vacuum Error
[15:06:43.103] [RightTransferStation] Move XY Axis Error
[15:07:19.552] [RightTransferStation] Move XY Axis Error
[15:40:44.030] [RightTransferStation] Move XY Axis Error
[15:43:01.096] [RightTransferStation] Move XY Axis Error
[15:47:04.435] [RightTransferStation] Move XY Axis Error
[15:47:10.396] [RightTransferStation] Move XY Axis Error
[15:47:12.288] [RightTransferStation] Move XY Axis Error
[15:47:14.255] [RightTransferStation] Move XY Axis Error
[15:47:16.096] [RightTransferStation] Move XY Axis Error
[15:47:18.250] [RightTransferStation] Move XY Axis Error
[15:47:36.733] [RightTransferStation] Move XY Axis Error
[15:55:40.116] [RightTransferStation] Move XY Axis Error
[15:55:57.388] [RightTransferStation] Move XY Axis Error
[16:00:55.068] [RightTransferStation] Move XY Axis Error
[16:01:11.158] [RightTransferStation] Move XY Axis Error
[16:43:57.523] [RightPPStation] Load Buffer Set Exist
[16:47:28.366] [RightTransferStation] Move XY Axis Error
[16:47:32.235] [RightTransferStation] Move XY Axis Error
[16:47:34.158] [RightTransferStation] Move XY Axis Error
[16:47:36.104] [RightTransferStation] Move XY Axis Error
[16:47:38.098] [RightTransferStation] Move XY Axis Error
[16:47:41.233] [RightTransferStation] Move XY Axis Error
[16:47:45.329] [RightTransferStation] Move XY Axis Error
[16:47:56.109] [RightTransferStation] Move XY Axis Error
[16:54:41.588] [RightTransferStation] Move XY Axis Error
[16:55:00.908] [RightTransferStation] Move XY Axis Error
[16:56:39.314] [RightTransferStation] Move XY Axis Error
[16:56:48.395] [RightTransferStation] Move XY Axis Error
[16:57:58.532] [RightTransferStation] Move XY Axis Error
[17:05:36.093] [RightPPStation] Load Cylinder Vacuum Error
[17:05:47.570] [RightPPStation] Load Cylinder Vacuum Error
[17:13:28.929] [RightTransferStation] Move XY Axis Error
[17:16:12.071] [RightTransferStation] Move XY Axis Error
[17:17:35.707] [RightTransferStation] Move XY Axis Error
[17:17:55.131] [RightTransferStation] Move XY Axis Error
[20:40:58.681] [RightTransferStation] Move XY Axis Error
[20:41:30.028] [RightTransferStation] Move XY Axis Error
[20:42:05.561] [RightTransferStation] Move XY Axis Error
[20:42:14.841] [RightTransferStation] Move XY Axis Error
[20:42:24.531] [RightTransferStation] Move XY Axis Error
[20:42:50.673] [RightTransferStation] Vacuum Error
[20:43:00.695] [RightTransferStation] Vacuum Error
[21:06:23.439] [RightTransferStation] Move XY Axis Error
[21:06:45.488] [RightTransferStation] Move XY Axis Error
[21:18:31.940] [RightTransferStation] Move XY Axis Error
[21:19:03.066] [RightTransferStation] Move XY Axis Error
[21:19:05.352] [RightTransferStation] Move XY Axis Error
[22:41:20.223] [RightPPStation] Unload Buffer Set Not Exist
[22:41:35.465] [RightTransferStation] Move Z Axis Error
[22:42:00.196] [RightTransferStation] Move Z Axis Error
[23:37:55.213] [RightTransferStation] Move XY Axis Error
