[00:28:40.502] ---- [Flow] CT_STOP Set
[00:28:40.524] ---- [Event] Auto : CT_STOP
[00:28:40.524] --------- [Monitor] StopTasks() : before m_stopped
[00:28:40.591] --------- [Monitor] StopTasks() : m_stopped
[00:28:40.592] [m_nState] AutoStop State
[00:38:03.772] ---- [Flow] CT_START Set
[00:38:03.793] ---- [Event] AutoStop : CT_START
[00:38:03.793] [m_nState] Auto State
[00:38:24.663] ---- [Flow] CT_START Set
[00:42:27.343] ---- [Flow] CT_START Set
[00:42:27.789] ---- [Flow] CT_START Set
[00:42:28.134] ---- [Flow] CT_START Set
[01:38:01.680] ---- [Flow] CT_START Set
[01:38:02.001] ---- [Flow] CT_START Set
[01:38:18.224] ---- [Flow] CT_START Set
[01:38:20.978] ---- [Flow] CT_START Set
[01:43:19.009] ---- [Flow] CT_START Set
[01:43:19.459] ---- [Flow] CT_START Set
[01:43:19.721] ---- [Flow] CT_START Set
[01:43:21.015] ---- [Flow] CT_START Set
[01:54:06.376] ---- [Flow] CT_START Set
[01:54:08.192] ---- [Flow] CT_START Set
[01:56:57.736] ---- [Flow] CT_START Set
[01:56:58.515] ---- [Flow] CT_START Set
[01:56:58.744] ---- [Flow] CT_START Set
[01:56:59.460] ---- [Flow] CT_START Set
[01:57:00.218] ---- [Flow] CT_START Set
[01:59:19.999] ---- [Flow] CT_START Set
[01:59:20.324] ---- [Flow] CT_START Set
[01:59:20.568] ---- [Flow] CT_START Set
[01:59:21.719] ---- [Flow] CT_START Set
[02:14:15.968] ---- [Flow] CT_START Set
[02:14:16.652] ---- [Flow] CT_START Set
[02:14:16.934] ---- [Flow] CT_START Set
[02:28:44.965] ---- [Flow] CT_STOP Set
[02:28:44.988] ---- [Event] Auto : CT_STOP
[02:28:44.988] --------- [Monitor] StopTasks() : before m_stopped
[02:28:46.218] --------- [Monitor] StopTasks() : m_stopped
[02:28:46.218] [m_nState] AutoStop State
[02:58:00.826] ---- [Flow] CT_START Set
[02:58:00.847] ---- [Event] AutoStop : CT_START
[02:58:00.847] [m_nState] Auto State
[02:58:01.411] ---- [Flow] CT_START Set
[04:06:22.353] ---- [Flow] CT_STOP Set
[04:06:22.375] ---- [Event] Auto : CT_STOP
[04:06:22.375] --------- [Monitor] StopTasks() : before m_stopped
[04:06:22.402] --------- [Monitor] StopTasks() : m_stopped
[04:06:22.403] [m_nState] AutoStop State
[06:51:08.350] ---- [Flow] CT_START Set
[06:51:08.372] ---- [Event] AutoStop : CT_START
[06:51:08.372] [m_nState] Auto State
[06:51:09.262] ---- [Flow] CT_START Set
[09:28:53.009] ---- [Flow] CT_STOP Set
[09:28:53.031] ---- [Event] Auto : CT_STOP
[09:28:53.031] --------- [Monitor] StopTasks() : before m_stopped
[09:28:53.083] --------- [Monitor] StopTasks() : m_stopped
[09:28:53.083] [m_nState] AutoStop State
[09:29:04.239] ---- [Flow] CT_START Set
[09:29:04.260] ---- [Event] AutoStop : CT_START
[09:29:04.260] [m_nState] Auto State
[09:29:31.415] ---- [Flow] CT_STOP Set
[09:29:31.436] ---- [Event] Auto : CT_STOP
[09:29:31.436] --------- [Monitor] StopTasks() : before m_stopped
[09:29:31.487] ---- [Flow] CT_STOP Set
[09:29:31.566] --------- [Monitor] StopTasks() : m_stopped
[09:29:31.567] [m_nState] AutoStop State
[09:38:08.026] ---- [Flow] CT_START Set
[09:38:08.047] ---- [Event] AutoStop : CT_START
[09:38:08.047] [m_nState] Auto State
[09:38:08.781] ---- [Flow] CT_START Set
[11:48:46.917] ---- [Flow] CT_STOP Set
[11:48:46.939] ---- [Event] Auto : CT_STOP
[11:48:46.939] --------- [Monitor] StopTasks() : before m_stopped
[11:48:47.093] ---- [Flow] CT_STOP Set
[11:48:47.932] --------- [Monitor] StopTasks() : m_stopped
[11:48:47.932] [m_nState] AutoStop State
[12:32:15.682] ---- [Flow] CT_START Set
[12:32:15.705] ---- [Event] AutoStop : CT_START
[12:32:15.705] [m_nState] Auto State
[12:32:16.574] ---- [Flow] CT_START Set
[13:28:01.949] ---- [Flow] CT_START Set
[13:28:02.392] ---- [Flow] CT_START Set
[13:28:03.052] ---- [Flow] CT_START Set
[13:30:00.979] ---- [Flow] CT_START Set
[13:30:01.394] ---- [Flow] CT_START Set
[14:08:16.946] ---- [Flow] CT_START Set
[14:29:11.324] ---- [Flow] CT_STOP Set
[14:29:11.345] ---- [Event] Auto : CT_STOP
[14:29:11.345] --------- [Monitor] StopTasks() : before m_stopped
[14:29:11.475] ---- [Flow] CT_STOP Set
[14:29:11.706] --------- [Monitor] StopTasks() : m_stopped
[14:29:11.706] [m_nState] AutoStop State
[14:33:46.572] ---- [Flow] CT_START Set
[14:33:46.593] ---- [Event] AutoStop : CT_START
[14:33:46.593] [m_nState] Auto State
[14:34:22.097] ---- [Flow] CT_START Set
[14:40:27.203] ---- [Flow] CT_START Set
[14:40:27.750] ---- [Flow] CT_START Set
[14:40:30.350] ---- [Flow] CT_START Set
[16:03:37.018] ---- [Flow] CT_STOP Set
[16:03:37.040] ---- [Event] Auto : CT_STOP
[16:03:37.040] --------- [Monitor] StopTasks() : before m_stopped
[16:03:37.151] --------- [Monitor] StopTasks() : m_stopped
[16:03:37.151] [m_nState] AutoStop State
[19:01:10.748] ---- [Flow] CT_START Set
[19:01:10.769] ---- [Event] AutoStop : CT_START
[19:01:10.769] [m_nState] Auto State
[19:01:11.211] ---- [Flow] CT_START Set
[19:14:00.809] ---- [Flow] CT_START Set
[19:14:01.144] ---- [Flow] CT_START Set
[19:14:01.850] ---- [Flow] CT_START Set
[19:16:09.478] ---- [Flow] CT_START Set
[19:16:09.806] ---- [Flow] CT_START Set
[19:34:26.709] ---- [Flow] CT_START Set
[19:34:27.300] ---- [Flow] CT_START Set
[19:34:27.625] ---- [Flow] CT_START Set
[20:21:02.601] ---- [Flow] CT_START Set
[20:21:03.146] ---- [Flow] CT_START Set
[20:21:03.475] ---- [Flow] CT_START Set
[20:27:13.660] ---- [Flow] CT_START Set
[20:27:14.286] ---- [Flow] CT_START Set
[20:27:14.625] ---- [Flow] CT_START Set
[21:25:42.013] ---- [Flow] CT_START Set
[21:25:42.377] ---- [Flow] CT_START Set
[21:25:42.677] ---- [Flow] CT_START Set
[21:27:39.566] ---- [Flow] CT_START Set
[21:27:39.929] ---- [Flow] CT_START Set
[21:30:52.533] ---- [Flow] CT_START Set
[21:30:52.822] ---- [Flow] CT_START Set
[21:41:01.309] ---- [Flow] CT_START Set
[21:52:18.611] ---- [Flow] CT_STOP Set
[21:52:18.632] ---- [Event] Auto : CT_STOP
[21:52:18.632] --------- [Monitor] StopTasks() : before m_stopped
[21:52:18.661] --------- [Monitor] StopTasks() : m_stopped
[21:52:18.662] [m_nState] AutoStop State
[21:52:18.739] ---- [Flow] CT_STOP Set
[21:57:56.090] ---- [Flow] CT_START Set
[21:57:56.112] ---- [Event] AutoStop : CT_START
[21:57:56.112] [m_nState] Auto State
[21:58:58.298] ---- [Flow] CT_STOP Set
[21:58:58.320] ---- [Event] Auto : CT_STOP
[21:58:58.320] --------- [Monitor] StopTasks() : before m_stopped
[21:58:58.368] ---- [Flow] CT_STOP Set
[21:58:58.416] ---- [Flow] CT_STOP Set
[21:58:58.593] --------- [Monitor] StopTasks() : m_stopped
[21:58:58.593] [m_nState] AutoStop State
[22:07:36.844] ---- [Flow] CT_START Set
[22:07:36.867] ---- [Event] AutoStop : CT_START
[22:07:36.867] [m_nState] Auto State
[22:09:49.826] ---- [Flow] CT_START Set
[22:13:37.895] ---- [Flow] CT_STOP Set
[22:13:37.916] ---- [Event] Auto : CT_STOP
[22:13:37.916] --------- [Monitor] StopTasks() : before m_stopped
[22:13:37.948] --------- [Monitor] StopTasks() : m_stopped
[22:13:37.949] [m_nState] AutoStop State
[22:13:52.672] ---- [Flow] CT_START Set
[22:13:52.694] ---- [Event] AutoStop : CT_START
[22:13:52.694] [m_nState] Auto State
[22:13:53.789] ---- [Flow] CT_START Set
[22:48:52.193] ---- [Flow] CT_START Set
[22:48:53.625] ---- [Flow] CT_START Set
[22:49:31.093] ---- [Flow] CT_START Set
[22:49:31.358] ---- [Flow] CT_START Set
[22:49:31.636] ---- [Flow] CT_START Set
[22:51:40.522] ---- [Flow] CT_START Set
[22:51:40.830] ---- [Flow] CT_START Set
[23:23:01.152] ---- [Flow] CT_START Set
[23:23:01.388] ---- [Flow] CT_START Set
