[07:25:59.357] [RightTransferStation] Move XY Axis Error
[07:26:05.175] [RightTransferStation] Move XY Axis Error
[07:26:07.043] [RightTransferStation] Move XY Axis Error
[07:26:09.080] [RightTransferStation] Move XY Axis Error
[08:31:07.554] [RightTransferStation] Move XY Axis Error
[09:03:03.871] [MainControlStation] Left Door Open
[09:10:55.796] [RightTransferStation] Vacuum Error
[09:11:09.255] [RightTransferStation] Vacuum Error
[09:21:30.765] [RightTransferStation] Move XY Axis Error
[09:35:58.788] [RightTransferStation] Vacuum Error
[09:36:08.934] [RightTransferStation] Vacuum Error
[09:36:33.128] [RightTransferStation] Vacuum Error
[09:36:44.826] [RightTransferStation] Vacuum Error
[09:40:37.561] [RightTransferStation] Move XY Axis Error
[09:40:41.840] [RightTransferStation] Move XY Axis Error
[10:21:29.971] [RightTransferStation] Move XY Axis Error
[10:21:36.781] [RightTransferStation] Move XY Axis Error
[10:21:39.626] [RightTransferStation] Move XY Axis Error
[10:21:43.708] [RightTransferStation] Move XY Axis Error
[10:30:00.530] [RightTransferStation] Move XY Axis Error
[10:30:05.428] [RightTransferStation] Move XY Axis Error
[11:45:04.164] [LeftPPStation] Load Cylinder Up Error
[11:45:11.976] [LeftPPStation] Load Cylinder Up Error
[11:45:18.603] [LeftPPStation] Load Cylinder Up Error
[11:45:31.219] [LeftPPStation] Load Cylinder Up Error
[11:45:45.249] [LeftPPStation] Load Cylinder Vacuum Error
[11:56:54.691] [RightPPStation] Load Cylinder Up Error
[11:57:02.221] [RightPPStation] Load Cylinder Up Error
[11:57:11.250] [RightPPStation] Load Cylinder Vacuum Error
[12:06:30.349] [RightTransferStation] Move XY Axis Error
[12:13:44.161] [RightTransferStation] Move XY Axis Error
[12:13:53.898] [RightTransferStation] Move XY Axis Error
[12:13:57.887] [RightTransferStation] Move XY Axis Error
[12:14:52.677] [RightTransferStation] Move XY Axis Error
[12:14:56.761] [RightTransferStation] Move XY Axis Error
[12:35:48.831] [RightTransferStation] Move XY Axis Error
[13:13:25.444] [MainControlStation] Left Door Open
[13:15:52.258] [RightTransferStation] Move XY Axis Error
[13:15:55.415] [RightTransferStation] Move XY Axis Error
[13:16:04.741] [RightTransferStation] Move XY Axis Error
[13:16:07.167] [RightTransferStation] Move XY Axis Error
[13:16:09.679] [RightTransferStation] Move XY Axis Error
[13:16:22.343] [RightTransferStation] Move XY Axis Error
[13:16:24.932] [RightTransferStation] Move XY Axis Error
[13:16:40.828] [RightTransferStation] Move XY Axis Error
[13:20:52.174] [MainControlStation] Right Door Open
[13:30:49.219] [RightTransferStation] Move XY Axis Error
[13:30:53.493] [RightTransferStation] Move XY Axis Error
[13:30:58.243] [RightTransferStation] Move XY Axis Error
[13:31:00.482] [RightTransferStation] Move XY Axis Error
[13:31:33.128] [RightTransferStation] Move XY Axis Error
[13:37:50.800] [RightTransferStation] Move XY Axis Error
[13:37:53.594] [RightTransferStation] Move XY Axis Error
[13:38:48.774] [RightTransferStation] Move XY Axis Error
[13:38:52.905] [RightTransferStation] Move XY Axis Error
[13:38:54.813] [RightTransferStation] Move XY Axis Error
[13:38:56.639] [RightTransferStation] Move XY Axis Error
[13:39:04.238] [RightTransferStation] Move XY Axis Error
[13:39:28.040] [RightTransferStation] Move XY Axis Error
[13:39:55.564] [RightTransferStation] Move XY Axis Error
[13:44:37.099] [RightTransferStation] Move XY Axis Error
[13:44:44.632] [RightTransferStation] Move XY Axis Error
[13:44:46.478] [RightTransferStation] Move XY Axis Error
[13:50:15.714] [RightTransferStation] Move XY Axis Error
[13:50:19.337] [RightTransferStation] Move XY Axis Error
[13:50:22.255] [RightTransferStation] Move XY Axis Error
[13:51:48.691] [RightTransferStation] Move XY Axis Error
[13:51:52.873] [RightTransferStation] Move XY Axis Error
[13:58:27.016] [RightTransferStation] Move XY Axis Error
[13:58:32.011] [RightTransferStation] Move XY Axis Error
[14:00:15.999] [RightTransferStation] Move XY Axis Error
[14:05:34.067] [RightTransferStation] Move XY Axis Error
[14:05:38.791] [RightTransferStation] Move XY Axis Error
[14:14:44.270] [RightTransferStation] Move XY Axis Error
[14:14:48.194] [RightTransferStation] Move XY Axis Error
[14:14:50.113] [RightTransferStation] Move XY Axis Error
[14:16:39.827] [RightTransferStation] Move XY Axis Error
[14:16:45.234] [RightTransferStation] Move XY Axis Error
[14:16:57.639] [RightTransferStation] Move XY Axis Error
[14:17:00.723] [RightTransferStation] Move XY Axis Error
[14:17:17.009] [RightTransferStation] Move XY Axis Error
[14:18:23.621] [LeftPPStation] Load Buffer Set Exist
[14:19:03.366] [LeftTransferStation] Vacuum Error
[14:19:32.334] [RightTransferStation] Move XY Axis Error
[14:19:37.991] [RightTransferStation] Move XY Axis Error
[14:19:40.688] [RightTransferStation] Move XY Axis Error
[14:20:07.290] [RightTransferStation] Move XY Axis Error
[14:20:20.298] [RightTransferStation] Move XY Axis Error
[14:22:49.574] [RightTransferStation] Move XY Axis Error
[14:23:33.846] [RightTransferStation] Move XY Axis Error
[14:23:36.960] [RightTransferStation] Move XY Axis Error
[14:24:19.203] [LeftPPStation] Load Cylinder Up Error
[14:24:27.419] [LeftPPStation] Load Cylinder Up Error
[14:27:09.034] [RightTransferStation] Move XY Axis Error
[14:27:13.621] [RightTransferStation] Move XY Axis Error
[14:39:02.093] [RightTransferStation] Move XY Axis Error
[14:39:48.030] [RightTransferStation] Move XY Axis Error
[14:41:04.725] [RightTransferStation] Move XY Axis Error
[14:41:12.544] [RightTransferStation] Move XY Axis Error
[14:41:15.595] [RightTransferStation] Move XY Axis Error
[16:45:49.000] [RightPPStation] Load Cylinder Up Error
[16:45:55.770] [RightPPStation] Load Cylinder Up Error
[16:46:02.727] [RightPPStation] Load Cylinder Up Error
[16:46:25.493] [RightPPStation] Load Cylinder Up Error
[16:46:39.412] [RightPPStation] Load Cylinder Up Error
[16:46:49.420] [RightPPStation] Load Cylinder Up Error
[16:47:27.676] [RightPPStation] Load Cylinder Up Error
[16:47:32.372] [RightPPStation] Load Cylinder Vacuum Error
[17:36:47.218] [RightPPStation] Load Cylinder Up Error
[17:36:52.750] [RightPPStation] Load Cylinder Vacuum Error
[17:38:31.641] [LeftPPStation] Load Cylinder Vacuum Error
[17:48:10.280] [RightTransferStation] Vacuum Error
[17:48:29.955] [RightTransferStation] Vacuum Error
[23:27:15.078] [MainControlStation] Left Door Open
[23:43:53.305] [MainControlStation] Left Door Open
