[00:22:56.316] ---- [Flow] CT_START Set
[00:22:56.687] ---- [Flow] CT_START Set
[00:22:56.969] ---- [Flow] CT_START Set
[00:29:50.512] ---- [Flow] CT_STOP Set
[00:29:50.534] ---- [Event] Auto : CT_STOP
[00:29:50.534] --------- [Monitor] StopTasks() : before m_stopped
[00:29:51.040] --------- [Monitor] StopTasks() : m_stopped
[00:29:51.041] [m_nState] AutoStop State
[00:37:50.940] ---- [Flow] CT_START Set
[00:37:50.961] ---- [Event] AutoStop : CT_START
[00:37:50.961] [m_nState] Auto State
[00:37:51.659] ---- [Flow] CT_START Set
[02:29:37.428] ---- [Flow] CT_STOP Set
[02:29:37.450] ---- [Event] Auto : CT_STOP
[02:29:37.450] --------- [Monitor] StopTasks() : before m_stopped
[02:29:38.415] --------- [Monitor] StopTasks() : m_stopped
[02:29:38.416] [m_nState] AutoStop State
[02:56:22.307] ---- [Flow] CT_START Set
[02:56:22.330] ---- [Event] AutoStop : CT_START
[02:56:22.330] [m_nState] Auto State
[02:56:23.072] ---- [Flow] CT_START Set
[04:20:06.093] ---- [Flow] CT_STOP Set
[04:20:06.115] ---- [Event] Auto : CT_STOP
[04:20:06.115] --------- [Monitor] StopTasks() : before m_stopped
[04:20:06.154] ---- [Flow] CT_STOP Set
[04:20:06.223] --------- [Monitor] StopTasks() : m_stopped
[04:20:06.223] [m_nState] AutoStop State
[04:20:15.934] ---- [Flow] CT_START Set
[04:20:15.956] ---- [Event] AutoStop : CT_START
[04:20:15.956] [m_nState] Auto State
[04:20:36.156] ---- [Flow] CT_STOP Set
[04:20:36.177] ---- [Event] Auto : CT_STOP
[04:20:36.177] --------- [Monitor] StopTasks() : before m_stopped
[04:20:36.190] --------- [Monitor] StopTasks() : m_stopped
[04:20:36.190] [m_nState] AutoStop State
[04:20:36.218] ---- [Flow] CT_STOP Set
[04:20:36.259] ---- [Flow] CT_STOP Set
[04:20:36.293] ---- [Flow] CT_STOP Set
[04:20:36.332] ---- [Flow] CT_STOP Set
[04:20:36.368] ---- [Flow] CT_STOP Set
[04:20:36.824] ---- [Flow] CT_STOP Set
[04:20:36.857] ---- [Flow] CT_STOP Set
[04:29:34.431] ---- [Flow] CT_START Set
[04:29:34.453] ---- [Event] AutoStop : CT_START
[04:29:34.453] [m_nState] Auto State
[04:29:35.141] ---- [Flow] CT_START Set
[04:48:32.272] ---- [Flow] CT_START Set
[04:48:58.592] ---- [Flow] CT_START Set
[04:49:07.675] ---- [Flow] CT_START Set
[05:12:04.627] ---- [Flow] CT_START Set
[05:12:08.572] ---- [Flow] CT_STOP Set
[05:12:08.594] ---- [Event] Auto : CT_STOP
[05:12:08.594] --------- [Monitor] StopTasks() : before m_stopped
[05:12:08.624] ---- [Flow] CT_STOP Set
[05:12:08.664] ---- [Flow] CT_STOP Set
[05:12:09.165] --------- [Monitor] StopTasks() : m_stopped
[05:12:09.165] [m_nState] AutoStop State
[05:12:11.015] ---- [Flow] CT_STOP Set
[05:12:11.046] ---- [Flow] CT_STOP Set
[05:12:11.079] ---- [Flow] CT_STOP Set
[05:12:11.110] ---- [Flow] CT_STOP Set
[05:12:11.141] ---- [Flow] CT_STOP Set
[05:12:11.173] ---- [Flow] CT_STOP Set
[05:12:11.204] ---- [Flow] CT_STOP Set
[05:12:29.213] ---- [Flow] CT_START Set
[05:12:29.235] ---- [Event] AutoStop : CT_START
[05:12:29.235] [m_nState] Auto State
[05:12:30.568] ---- [Flow] CT_START Set
[05:12:38.480] ---- [Flow] CT_START Set
[05:50:09.346] ---- [Flow] CT_START Set
[05:59:01.594] ---- [Flow] CT_STOP Set
[05:59:01.616] ---- [Event] Auto : CT_STOP
[05:59:01.616] --------- [Monitor] StopTasks() : before m_stopped
[05:59:02.436] --------- [Monitor] StopTasks() : m_stopped
[05:59:02.436] [m_nState] AutoStop State
[05:59:45.774] ---- [Flow] CT_START Set
[05:59:45.795] ---- [Event] AutoStop : CT_START
[05:59:45.795] [m_nState] Auto State
[05:59:48.269] ---- [Flow] CT_START Set
[06:29:42.936] ---- [Flow] CT_STOP Set
[06:29:42.958] ---- [Event] Auto : CT_STOP
[06:29:42.958] --------- [Monitor] StopTasks() : before m_stopped
[06:29:43.076] --------- [Monitor] StopTasks() : m_stopped
[06:29:43.077] [m_nState] AutoStop State
[06:29:43.084] ---- [Flow] CT_STOP Set
[06:29:43.122] ---- [Flow] CT_STOP Set
[06:29:43.155] ---- [Flow] CT_STOP Set
[06:29:43.188] ---- [Flow] CT_STOP Set
[06:29:43.221] ---- [Flow] CT_STOP Set
[06:58:27.504] ---- [Flow] CT_START Set
[06:58:27.526] ---- [Event] AutoStop : CT_START
[06:58:27.526] [m_nState] Auto State
[06:58:29.180] ---- [Flow] CT_START Set
[07:11:36.335] ---- [Flow] CT_START Set
[07:11:40.029] ---- [Flow] CT_START Set
[07:11:53.179] ---- [Flow] CT_START Set
[07:11:53.846] ---- [Flow] CT_START Set
[07:45:08.037] ---- [Flow] CT_START Set
[07:45:11.546] ---- [Flow] CT_START Set
[08:25:50.755] ---- [Flow] CT_START Set
[08:25:51.097] ---- [Flow] CT_START Set
[09:05:41.045] ---- [Flow] CT_START Set
[09:05:44.473] ---- [Flow] CT_START Set
[10:54:52.827] ---- [Flow] CT_START Set
[10:54:56.612] ---- [Flow] CT_START Set
[11:02:05.127] ---- [Flow] CT_START Set
[11:02:08.538] ---- [Flow] CT_START Set
[11:16:29.301] ---- [Flow] CT_START Set
[11:16:32.460] ---- [Flow] CT_START Set
[11:47:14.141] ---- [Flow] CT_STOP Set
[11:47:14.163] ---- [Event] Auto : CT_STOP
[11:47:14.163] --------- [Monitor] StopTasks() : before m_stopped
[11:47:14.221] --------- [Monitor] StopTasks() : m_stopped
[11:47:14.221] [m_nState] AutoStop State
[12:16:59.208] ---- [Flow] CT_START Set
[12:16:59.231] ---- [Event] AutoStop : CT_START
[12:16:59.231] [m_nState] Auto State
[12:16:59.942] ---- [Flow] CT_START Set
[12:22:49.384] ---- [Flow] CT_START Set
[12:22:51.863] ---- [Flow] CT_START Set
[12:27:47.171] ---- [Flow] CT_START Set
[12:32:08.291] ---- [Flow] CT_START Set
[12:32:10.945] ---- [Flow] CT_START Set
[12:39:16.072] ---- [Flow] CT_START Set
[12:39:18.983] ---- [Flow] CT_START Set
[12:55:20.748] ---- [Flow] CT_START Set
[12:55:23.409] ---- [Flow] CT_START Set
[12:55:40.935] ---- [Flow] CT_START Set
[13:02:51.483] ---- [Flow] CT_START Set
[13:02:56.647] ---- [Flow] CT_START Set
[13:10:16.988] ---- [Flow] CT_START Set
[13:19:31.493] ---- [Flow] CT_START Set
[13:19:34.177] ---- [Flow] CT_START Set
[13:38:20.492] ---- [Flow] CT_START Set
[13:38:22.952] ---- [Flow] CT_START Set
[13:55:02.177] ---- [Flow] CT_START Set
[13:55:06.618] ---- [Flow] CT_START Set
[14:02:39.873] ---- [Flow] CT_START Set
[14:02:42.452] ---- [Flow] CT_START Set
[14:44:03.247] ---- [Flow] CT_START Set
[14:44:03.663] ---- [Flow] CT_START Set
[14:53:40.407] ---- [Flow] CT_START Set
[14:53:42.882] ---- [Flow] CT_START Set
[15:00:06.670] ---- [Flow] CT_START Set
[15:00:09.884] ---- [Flow] CT_START Set
[15:36:08.285] ---- [Flow] CT_START Set
[15:36:10.359] ---- [Flow] CT_START Set
[16:05:17.941] ---- [Flow] CT_START Set
[16:05:20.100] ---- [Flow] CT_START Set
[16:09:46.928] ---- [Flow] CT_STOP Set
[16:09:46.950] ---- [Event] Auto : CT_STOP
[16:09:46.950] --------- [Monitor] StopTasks() : before m_stopped
[16:09:48.335] --------- [Monitor] StopTasks() : m_stopped
[16:09:48.335] [m_nState] AutoStop State
[16:19:31.139] ---- [Flow] CT_START Set
[16:19:31.161] ---- [Event] AutoStop : CT_START
[16:19:31.161] [m_nState] Auto State
[16:19:31.516] ---- [Flow] CT_START Set
[17:07:58.544] ---- [Flow] CT_START Set
[17:08:01.248] ---- [Flow] CT_START Set
[17:35:13.579] ---- [Flow] CT_START Set
[17:35:16.066] ---- [Flow] CT_START Set
[17:41:55.288] ---- [Flow] CT_STOP Set
[17:41:55.309] ---- [Event] Auto : CT_STOP
[17:41:55.309] --------- [Monitor] StopTasks() : before m_stopped
[17:41:55.405] --------- [Monitor] StopTasks() : m_stopped
[17:41:55.405] [m_nState] AutoStop State
[18:59:07.374] ---- [Flow] CT_START Set
[18:59:07.395] ---- [Event] AutoStop : CT_START
[18:59:07.395] [m_nState] Auto State
[18:59:08.538] ---- [Flow] CT_START Set
[21:27:10.983] ---- [Flow] CT_START Set
[21:27:11.531] ---- [Flow] CT_START Set
[21:27:11.823] ---- [Flow] CT_START Set
[21:36:35.401] ---- [Flow] CT_START Set
[21:36:37.263] ---- [Flow] CT_START Set
[21:59:34.607] ---- [Flow] CT_STOP Set
[21:59:34.628] ---- [Event] Auto : CT_STOP
[21:59:34.628] --------- [Monitor] StopTasks() : before m_stopped
[21:59:34.668] ---- [Flow] CT_STOP Set
[21:59:34.714] ---- [Flow] CT_STOP Set
[21:59:34.758] ---- [Flow] CT_STOP Set
[21:59:35.292] --------- [Monitor] StopTasks() : m_stopped
[21:59:35.292] [m_nState] AutoStop State
[22:09:31.921] ---- [Flow] CT_START Set
[22:09:31.943] ---- [Event] AutoStop : CT_START
[22:09:31.943] [m_nState] Auto State
[22:09:32.801] ---- [Flow] CT_START Set
[22:23:45.135] ---- [Flow] CT_START Set
[22:23:48.481] ---- [Flow] CT_START Set
