[00:17:53.745] [RightPPStation] Load Cylinder Vacuum Error
[00:55:08.815] [RightPPStation] Load Cylinder Vacuum Error
[01:08:34.963] [RightPPStation] Unload Cylinder Vacuum Error
[01:24:21.722] [RightTransferStation] Vacuum Error
[01:25:59.630] [LeftTransferStation] Vacuum Error
[02:12:24.775] [LeftTransferStation] Vacuum Error
[02:12:43.505] [LeftTransferStation] Vacuum Error
[02:19:06.484] [LeftPPStation] Load Cylinder Vacuum Error
[02:28:15.213] [LeftTransferStation] Vacuum Error
[02:33:55.962] [LeftPPStation] Unload Cylinder Vacuum Error
[02:54:18.331] [LeftPPStation] Load Cylinder Vacuum Error
[02:54:49.884] [LeftPPStation] Load Cylinder Vacuum Error
[02:57:15.966] [RightTransferStation] Vacuum Error
[02:57:33.946] [RightTransferStation] Move Z Axis Error
[02:58:04.141] [RightTransferStation] Move Z Axis Error
[02:59:13.382] [RightTransferStation] Vacuum Error
[02:59:28.909] [RightTransferStation] Vacuum Error
[03:04:55.801] [LeftTransferStation] Vacuum Error
[03:05:10.893] [LeftTransferStation] Vacuum Error
[03:05:36.198] [MainControlStation] Left Door Open
[03:07:39.956] [LeftTransferStation] Move Z Axis Error
[03:07:48.971] [LeftTransferStation] Move Z Axis Error
[03:10:11.412] [RightTransferStation] Vacuum Error
[03:11:07.360] [LeftTransferStation] Vacuum Error
[03:11:17.048] [LeftTransferStation] Vacuum Error
[03:24:36.593] [LeftPPStation] Load Cylinder Up Error
[03:24:48.589] [LeftPPStation] Load Cylinder Up Error
[03:24:57.805] [LeftPPStation] Load Cylinder Up Error
[03:25:06.242] [LeftPPStation] Load Cylinder Vacuum Error
[03:34:32.958] [RightTransferStation] Vacuum Error
[03:35:31.136] [LeftTransferStation] Vacuum Error
[03:35:49.533] [LeftTransferStation] Vacuum Error
[03:36:46.284] [RightTransferStation] Vacuum Error
[03:55:16.152] [LeftPPStation] Unload Cylinder Vacuum Error
[04:03:21.563] [RightTransferStation] Vacuum Error
[04:09:49.232] [LeftTransferStation] Vacuum Error
[04:26:42.663] [RightTransferStation] Vacuum Error
[04:28:37.357] [LeftPPStation] Load Cylinder Vacuum Error
[04:29:14.331] [RightTransferStation] Move Z Axis Error
[04:29:18.303] [RightTransferStation] Move Z Axis Error
[04:29:20.388] [RightTransferStation] Move Z Axis Error
[04:32:46.913] [LeftPPStation] Load Cylinder Vacuum Error
[04:33:04.086] [LeftPPStation] Load Cylinder Vacuum Error
[04:33:53.179] [LeftPPStation] Load Cylinder Vacuum Error
[04:52:39.100] [RightTransferStation] Vacuum Error
[04:54:01.045] [RightTransferStation] Vacuum Error
[04:54:19.189] [RightTransferStation] Vacuum Error
[05:45:37.198] [RightTransferStation] Vacuum Error
[05:47:56.009] [RightTransferStation] Vacuum Error
[05:48:53.366] [RightPPStation] Load Cylinder Vacuum Error
[06:08:20.466] [LeftPPStation] Unload Cylinder Vacuum Error
[07:05:07.418] [RightTransferStation] Vacuum Error
[07:56:39.165] [RightPPStation] Load Cylinder Vacuum Error
[07:57:20.626] [RightTransferStation] Vacuum Error
[07:57:31.164] [RightTransferStation] Vacuum Error
[08:08:07.206] [MainControlStation] Left Door Open
[09:43:05.121] [RightTransferStation] Move XY Axis Error
[09:43:20.815] [RightTransferStation] Move XY Axis Error
[18:42:49.133] [LeftTransferStation] Vacuum Error
[18:51:32.640] [LeftTransferStation] Vacuum Error
[19:06:04.470] [LeftTransferStation] Vacuum Error
[19:09:43.983] [LeftTransferStation] Vacuum Error
[19:10:31.189] [LeftTransferStation] Vacuum Error
[19:22:41.914] [MainControlStation] Left Door Open
[19:22:51.483] [MainControlStation] Left Door Open
[19:23:36.312] [RightTransferStation] Vacuum Error
[19:24:16.763] [RightTransferStation] Vacuum Error
[19:32:36.071] [MainControlStation] Right Door Open
