[07:01:37.459] ---- [Flow] CT_START Set
[07:01:37.483] ---- [Event] AutoStop : CT_START
[07:01:37.484] [m_nState] Auto State
[07:01:39.104] ---- [Flow] CT_START Set
[07:22:07.849] ---- [Flow] CT_START Set
[07:22:08.226] ---- [Flow] CT_START Set
[08:18:14.981] ---- [Flow] CT_START Set
[08:18:15.312] ---- [Flow] CT_START Set
[08:18:16.312] ---- [Flow] CT_START Set
[08:18:18.661] ---- [Flow] CT_START Set
[08:18:18.989] ---- [Flow] CT_START Set
[08:18:22.594] ---- [Flow] CT_START Set
[08:18:39.323] ---- [Flow] CT_START Set
[08:36:29.617] ---- [Flow] CT_START Set
[08:36:40.608] ---- [Flow] CT_START Set
[08:37:15.309] ---- [Flow] CT_START Set
[08:39:39.379] ---- [Flow] CT_START Set
[08:39:47.548] ---- [Flow] CT_START Set
[08:47:46.050] ---- [Flow] CT_START Set
[08:47:46.339] ---- [Flow] CT_START Set
[08:48:18.476] ---- [Flow] CT_START Set
[08:48:18.572] ---- [Flow] CT_START Set
[08:48:55.927] ---- [Flow] CT_START Set
[08:48:56.256] ---- [Flow] CT_START Set
[09:03:17.226] ---- [Flow] CT_START Set
[09:03:17.657] ---- [Flow] CT_START Set
[09:04:52.667] ---- [Flow] CT_START Set
[09:21:22.803] ---- [Flow] CT_START Set
[09:21:23.510] ---- [Flow] CT_START Set
[09:21:23.740] ---- [Flow] CT_START Set
[09:22:50.881] ---- [Flow] CT_START Set
[09:22:51.421] ---- [Flow] CT_START Set
[09:22:51.765] ---- [Flow] CT_START Set
[09:26:05.094] ---- [Flow] CT_START Set
[09:26:05.432] ---- [Flow] CT_START Set
[09:26:05.704] ---- [Flow] CT_START Set
[09:26:05.983] ---- [Flow] CT_START Set
[09:27:31.477] ---- [Flow] CT_STOP Set
[09:27:31.500] ---- [Event] Auto : CT_STOP
[09:27:31.500] --------- [Monitor] StopTasks() : before m_stopped
[09:27:31.584] --------- [Monitor] StopTasks() : m_stopped
[09:27:31.585] [m_nState] AutoStop State
[09:27:31.588] ---- [Flow] CT_STOP Set
[09:27:31.623] ---- [Flow] CT_STOP Set
[09:27:31.695] ---- [Flow] CT_STOP Set
[09:33:10.173] ---- [Flow] CT_START Set
[09:33:10.196] ---- [Event] AutoStop : CT_START
[09:33:10.197] [m_nState] Auto State
[09:33:10.973] ---- [Flow] CT_START Set
[09:34:08.574] ---- [Flow] CT_START Set
[09:34:08.944] ---- [Flow] CT_START Set
[09:43:56.386] ---- [Flow] CT_START Set
[09:43:57.209] ---- [Flow] CT_START Set
[09:43:57.878] ---- [Flow] CT_START Set
[09:43:58.251] ---- [Flow] CT_START Set
[09:45:29.586] ---- [Flow] CT_START Set
[09:45:29.946] ---- [Flow] CT_START Set
[09:49:08.232] ---- [Flow] CT_START Set
[09:52:03.480] ---- [Flow] CT_START Set
[09:57:59.502] ---- [Flow] CT_STOP Set
[09:57:59.525] ---- [Event] Auto : CT_STOP
[09:57:59.526] --------- [Monitor] StopTasks() : before m_stopped
[09:57:59.532] --------- [Monitor] StopTasks() : m_stopped
[09:57:59.533] [m_nState] AutoStop State
[09:57:59.543] ---- [Flow] CT_STOP Set
[09:57:59.577] ---- [Flow] CT_STOP Set
[09:57:59.609] ---- [Flow] CT_STOP Set
[09:57:59.641] ---- [Flow] CT_STOP Set
[09:58:03.440] ---- [Flow] CT_START Set
[09:58:03.462] ---- [Event] AutoStop : CT_START
[09:58:03.463] [m_nState] Auto State
[09:58:05.994] ---- [Flow] CT_START Set
[09:58:06.282] ---- [Flow] CT_START Set
[09:58:06.641] ---- [Flow] CT_START Set
[09:58:08.749] ---- [Flow] CT_START Set
[09:58:09.361] ---- [Flow] CT_START Set
[09:58:09.592] ---- [Flow] CT_START Set
[09:58:13.049] ---- [Flow] CT_START Set
[09:58:13.436] ---- [Flow] CT_START Set
[09:58:15.184] ---- [Flow] CT_START Set
[09:58:18.198] ---- [Flow] CT_START Set
[09:58:24.864] ---- [Flow] CT_START Set
[09:58:25.166] ---- [Flow] CT_START Set
[09:58:33.082] ---- [Flow] CT_START Set
[10:00:13.865] ---- [Flow] CT_START Set
[10:00:25.071] ---- [Flow] CT_START Set
[10:05:31.030] ---- [Flow] CT_START Set
[10:05:31.372] ---- [Flow] CT_START Set
[10:05:31.679] ---- [Flow] CT_START Set
[10:05:32.379] ---- [Flow] CT_START Set
[10:05:33.193] ---- [Flow] CT_START Set
[10:05:33.487] ---- [Flow] CT_START Set
[10:09:42.113] ---- [Flow] CT_START Set
[10:09:42.407] ---- [Flow] CT_START Set
[10:11:39.954] ---- [Flow] CT_START Set
[10:11:40.259] ---- [Flow] CT_START Set
[10:11:40.539] ---- [Flow] CT_START Set
[10:11:41.234] ---- [Flow] CT_START Set
[10:17:50.807] ---- [Flow] CT_START Set
[10:17:51.288] ---- [Flow] CT_START Set
[10:17:51.540] ---- [Flow] CT_START Set
[10:17:54.019] ---- [Flow] CT_START Set
[10:17:54.625] ---- [Flow] CT_START Set
[10:17:54.942] ---- [Flow] CT_START Set
[10:19:04.737] ---- [Flow] CT_START Set
[10:22:38.294] ---- [Flow] CT_START Set
[10:24:08.014] ---- [Flow] CT_START Set
[10:24:08.390] ---- [Flow] CT_START Set
[10:24:08.688] ---- [Flow] CT_START Set
[10:26:03.652] ---- [Flow] CT_START Set
[10:26:03.960] ---- [Flow] CT_START Set
[10:26:07.288] ---- [Flow] CT_START Set
[10:27:56.545] ---- [Flow] CT_START Set
[10:27:56.902] ---- [Flow] CT_START Set
[10:27:57.264] ---- [Flow] CT_START Set
[10:27:58.180] ---- [Flow] CT_START Set
[10:27:59.004] ---- [Flow] CT_START Set
[10:27:59.333] ---- [Flow] CT_START Set
[10:29:00.603] ---- [Flow] CT_START Set
[10:35:09.100] ---- [Flow] CT_START Set
[10:35:09.577] ---- [Flow] CT_START Set
[10:40:59.547] ---- [Flow] CT_START Set
[10:43:51.530] ---- [Flow] CT_START Set
[10:43:52.281] ---- [Flow] CT_START Set
[10:43:52.639] ---- [Flow] CT_START Set
[10:59:48.708] ---- [Flow] CT_START Set
[11:31:06.284] ---- [Flow] CT_START Set
[11:31:19.180] ---- [Flow] CT_START Set
[11:31:19.494] ---- [Flow] CT_START Set
[11:47:39.537] ---- [Flow] CT_START Set
[11:55:25.303] ---- [Flow] CT_START Set
[11:55:25.657] ---- [Flow] CT_START Set
[11:55:26.584] ---- [Flow] CT_START Set
[11:55:26.965] ---- [Flow] CT_START Set
[11:55:27.629] ---- [Flow] CT_START Set
[11:58:22.839] ---- [Flow] CT_START Set
[11:58:23.201] ---- [Flow] CT_START Set
[12:41:14.452] ---- [Flow] CT_START Set
[12:48:32.593] ---- [Flow] CT_START Set
[12:48:33.150] ---- [Flow] CT_START Set
[12:48:38.483] ---- [Flow] CT_START Set
[13:02:48.114] ---- [Flow] CT_START Set
[13:03:13.595] ---- [Flow] CT_START Set
[13:25:59.930] ---- [Flow] CT_START Set
[13:36:20.915] ---- [Flow] CT_START Set
[13:36:21.634] ---- [Flow] CT_START Set
[13:36:22.396] ---- [Flow] CT_START Set
[13:49:02.278] ---- [Flow] CT_START Set
[13:49:02.670] ---- [Flow] CT_START Set
[13:56:23.905] ---- [Flow] CT_START Set
[13:56:24.006] ---- [Flow] CT_START Set
[13:59:22.532] ---- [Flow] CT_START Set
[14:10:10.831] ---- [Flow] CT_START Set
[14:10:11.132] ---- [Flow] CT_START Set
[14:10:11.471] ---- [Flow] CT_START Set
[14:27:34.242] ---- [Flow] CT_STOP Set
[14:27:34.264] ---- [Event] Auto : CT_STOP
[14:27:34.265] --------- [Monitor] StopTasks() : before m_stopped
[14:27:35.114] --------- [Monitor] StopTasks() : m_stopped
[14:27:35.115] [m_nState] AutoStop State
[14:33:44.381] ---- [Flow] CT_START Set
[14:33:44.404] ---- [Event] AutoStop : CT_START
[14:33:44.405] [m_nState] Auto State
[14:33:47.083] ---- [Flow] CT_START Set
[14:49:14.795] ---- [Flow] CT_START Set
[14:49:15.380] ---- [Flow] CT_START Set
[14:49:15.588] ---- [Flow] CT_START Set
[14:49:15.816] ---- [Flow] CT_START Set
[14:49:16.043] ---- [Flow] CT_START Set
[14:49:16.298] ---- [Flow] CT_START Set
[14:49:24.821] ---- [Flow] CT_START Set
[14:59:49.264] ---- [Flow] CT_START Set
[14:59:49.513] ---- [Flow] CT_START Set
[14:59:49.775] ---- [Flow] CT_START Set
[14:59:50.090] ---- [Flow] CT_START Set
[15:01:42.583] ---- [Flow] CT_START Set
[15:01:42.909] ---- [Flow] CT_START Set
[15:05:47.526] ---- [Flow] CT_START Set
[15:05:48.288] ---- [Flow] CT_START Set
[15:07:13.493] ---- [Flow] CT_START Set
[15:07:49.416] ---- [Flow] CT_START Set
[15:07:49.903] ---- [Flow] CT_START Set
[15:07:50.164] ---- [Flow] CT_START Set
[15:07:50.496] ---- [Flow] CT_START Set
[15:08:56.828] ---- [Flow] CT_START Set
[15:08:57.065] ---- [Flow] CT_START Set
[15:08:58.904] ---- [Flow] CT_START Set
[15:08:59.179] ---- [Flow] CT_START Set
[15:14:07.899] ---- [Flow] CT_START Set
[15:14:08.152] ---- [Flow] CT_START Set
[15:19:59.038] ---- [Flow] CT_START Set
[15:19:59.328] ---- [Flow] CT_START Set
[15:20:01.663] ---- [Flow] CT_START Set
[15:20:03.536] ---- [Flow] CT_START Set
[15:20:03.881] ---- [Flow] CT_START Set
[15:20:08.296] ---- [Flow] CT_START Set
[15:26:07.571] ---- [Flow] CT_START Set
[15:26:08.302] ---- [Flow] CT_START Set
[15:26:08.584] ---- [Flow] CT_START Set
[15:28:09.957] ---- [Flow] CT_START Set
[15:28:10.236] ---- [Flow] CT_START Set
[15:28:10.497] ---- [Flow] CT_START Set
[15:33:48.032] ---- [Flow] CT_START Set
[15:33:48.285] ---- [Flow] CT_START Set
[15:33:50.011] ---- [Flow] CT_START Set
[15:41:13.843] ---- [Flow] CT_STOP Set
[15:41:13.866] ---- [Event] Auto : CT_STOP
[15:41:13.867] --------- [Monitor] StopTasks() : before m_stopped
[15:41:14.036] --------- [Monitor] StopTasks() : m_stopped
[15:41:14.038] [m_nState] AutoStop State
[15:41:17.596] ---- [Flow] CT_START Set
[15:41:17.619] ---- [Event] AutoStop : CT_START
[15:41:17.620] [m_nState] Auto State
[15:41:17.625] ---- [Flow] CT_START Set
[15:41:38.928] ---- [Flow] CT_STOP Set
[15:41:38.951] ---- [Event] Auto : CT_STOP
[15:41:38.952] --------- [Monitor] StopTasks() : before m_stopped
[15:41:38.968] ---- [Flow] CT_STOP Set
[15:41:38.997] ---- [Flow] CT_STOP Set
[15:41:39.001] --------- [Monitor] StopTasks() : m_stopped
[15:41:39.002] [m_nState] AutoStop State
[15:41:39.024] ---- [Flow] CT_STOP Set
[15:41:39.064] ---- [Flow] CT_STOP Set
[15:41:39.082] ---- [Flow] CT_STOP Set
[15:42:00.727] ---- [Flow] CT_START Set
[15:42:00.750] ---- [Event] AutoStop : CT_START
[15:42:00.751] [m_nState] Auto State
[15:42:02.926] ---- [Flow] CT_START Set
[15:44:31.619] ---- [Flow] CT_START Set
[15:44:31.932] ---- [Flow] CT_START Set
[15:44:32.253] ---- [Flow] CT_START Set
[15:44:32.518] ---- [Flow] CT_START Set
[15:44:32.861] ---- [Flow] CT_START Set
[15:44:34.173] ---- [Flow] CT_START Set
[15:44:35.712] ---- [Flow] CT_START Set
[15:44:35.986] ---- [Flow] CT_START Set
[15:44:36.282] ---- [Flow] CT_START Set
[15:45:13.062] ---- [Flow] CT_START Set
[15:45:13.438] ---- [Flow] CT_START Set
[15:45:13.769] ---- [Flow] CT_START Set
[15:45:14.023] ---- [Flow] CT_START Set
[15:45:14.338] ---- [Flow] CT_START Set
[15:45:14.621] ---- [Flow] CT_START Set
[15:47:32.969] ---- [Flow] CT_START Set
[15:47:33.267] ---- [Flow] CT_START Set
[15:47:34.991] ---- [Flow] CT_START Set
[15:47:35.267] ---- [Flow] CT_START Set
[15:47:35.578] ---- [Flow] CT_START Set
[15:47:35.844] ---- [Flow] CT_START Set
[15:47:36.133] ---- [Flow] CT_START Set
[15:50:03.669] ---- [Flow] CT_START Set
[15:50:03.926] ---- [Flow] CT_START Set
[15:50:05.891] ---- [Flow] CT_START Set
[15:50:06.191] ---- [Flow] CT_START Set
[15:51:34.259] ---- [Flow] CT_START Set
[15:51:34.553] ---- [Flow] CT_START Set
[15:51:34.940] ---- [Flow] CT_START Set
[15:51:35.261] ---- [Flow] CT_START Set
[15:51:36.388] ---- [Flow] CT_START Set
[15:51:42.401] ---- [Flow] CT_START Set
[15:53:17.995] ---- [Flow] CT_STOP Set
[15:53:18.017] ---- [Event] Auto : CT_STOP
[15:53:18.018] --------- [Monitor] StopTasks() : before m_stopped
[15:53:18.186] ---- [Flow] CT_STOP Set
[15:53:18.676] --------- [Monitor] StopTasks() : m_stopped
[15:53:18.677] [m_nState] AutoStop State
[15:53:47.617] ---- [Flow] CT_START Set
[15:53:47.639] ---- [Event] AutoStop : CT_START
[15:53:47.640] [m_nState] Auto State
[15:53:47.794] ---- [Flow] CT_START Set
[15:54:21.802] ---- [Flow] CT_START Set
[15:54:22.481] ---- [Flow] CT_START Set
[15:54:22.749] ---- [Flow] CT_START Set
[15:54:55.177] ---- [Flow] CT_START Set
[15:54:55.519] ---- [Flow] CT_START Set
[15:54:57.243] ---- [Flow] CT_START Set
[15:54:57.616] ---- [Flow] CT_START Set
[15:56:25.232] ---- [Flow] CT_START Set
[15:56:25.482] ---- [Flow] CT_START Set
[15:56:55.365] ---- [Flow] CT_START Set
[15:56:55.695] ---- [Flow] CT_START Set
[15:56:55.947] ---- [Flow] CT_START Set
[15:56:57.522] ---- [Flow] CT_START Set
[15:56:57.819] ---- [Flow] CT_START Set
[15:56:58.103] ---- [Flow] CT_START Set
[15:56:58.391] ---- [Flow] CT_START Set
[15:57:04.697] ---- [Flow] CT_START Set
[15:57:05.187] ---- [Flow] CT_START Set
[15:57:05.459] ---- [Flow] CT_START Set
[15:58:02.809] ---- [Flow] CT_START Set
[15:58:03.119] ---- [Flow] CT_START Set
[15:58:04.217] ---- [Flow] CT_START Set
[15:58:05.864] ---- [Flow] CT_START Set
[15:58:06.159] ---- [Flow] CT_START Set
[15:58:06.477] ---- [Flow] CT_START Set
[15:58:06.746] ---- [Flow] CT_START Set
[15:58:07.984] ---- [Flow] CT_STOP Set
[15:58:08.001] ---- [Flow] CT_STOP Set
[15:58:08.007] ---- [Event] Auto : CT_STOP
[15:58:08.008] --------- [Monitor] StopTasks() : before m_stopped
[15:58:08.042] ---- [Flow] CT_STOP Set
[15:58:08.057] ---- [Flow] CT_STOP Set
[15:58:08.088] ---- [Flow] CT_STOP Set
[15:58:08.615] --------- [Monitor] StopTasks() : m_stopped
[15:58:08.616] [m_nState] AutoStop State
[15:58:30.539] ---- [Flow] CT_START Set
[15:58:30.561] ---- [Event] AutoStop : CT_START
[15:58:30.562] [m_nState] Auto State
[15:58:31.173] ---- [Flow] CT_START Set
[15:58:31.777] ---- [Flow] CT_START Set
[15:58:32.020] ---- [Flow] CT_START Set
[15:58:37.614] ---- [Flow] CT_START Set
[15:58:37.922] ---- [Flow] CT_START Set
[16:02:34.071] ---- [Flow] CT_START Set
[16:02:35.265] ---- [Flow] CT_START Set
[16:02:35.598] ---- [Flow] CT_START Set
[16:06:00.577] ---- [Flow] CT_START Set
[16:07:10.976] ---- [Flow] CT_START Set
[16:08:12.974] ---- [Flow] CT_START Set
[16:14:39.104] ---- [Flow] CT_START Set
[16:14:39.121] ---- [Flow] CT_START Set
[16:14:42.847] ---- [Flow] CT_START Set
[16:30:36.692] ---- [Flow] CT_STOP Set
[16:30:36.714] ---- [Event] Auto : CT_STOP
[16:30:36.715] --------- [Monitor] StopTasks() : before m_stopped
[16:30:36.758] --------- [Monitor] StopTasks() : m_stopped
[16:30:36.759] [m_nState] AutoStop State
[16:37:04.348] ---- [Flow] CT_START Set
[16:37:04.371] ---- [Event] AutoStop : CT_START
[16:37:04.372] [m_nState] Auto State
[16:37:04.950] ---- [Flow] CT_START Set
[16:37:14.982] ---- [Flow] CT_START Set
[16:37:15.331] ---- [Flow] CT_START Set
[16:40:11.495] ---- [Flow] CT_START Set
[16:40:12.666] ---- [Flow] CT_START Set
[16:51:09.247] ---- [Flow] CT_STOP Set
[16:51:09.269] ---- [Event] Auto : CT_STOP
[16:51:09.270] --------- [Monitor] StopTasks() : before m_stopped
[16:51:09.343] --------- [Monitor] StopTasks() : m_stopped
[16:51:09.344] [m_nState] AutoStop State
[16:51:23.665] ---- [Flow] CT_START Set
[16:51:23.687] ---- [Event] AutoStop : CT_START
[16:51:23.688] [m_nState] Auto State
[16:51:24.565] ---- [Flow] CT_START Set
[16:51:26.358] ---- [Flow] CT_STOP Set
[16:51:26.380] ---- [Event] Auto : CT_STOP
[16:51:26.381] --------- [Monitor] StopTasks() : before m_stopped
[16:51:26.439] --------- [Monitor] StopTasks() : m_stopped
[16:51:26.440] [m_nState] AutoStop State
[16:51:27.673] ---- [Flow] CT_STOP Set
[16:51:27.707] ---- [Flow] CT_STOP Set
[16:51:43.441] ---- [Flow] CT_START Set
[16:51:43.464] ---- [Event] AutoStop : CT_START
[16:51:43.465] [m_nState] Auto State
[16:51:44.283] ---- [Flow] CT_START Set
[16:51:58.645] ---- [Flow] CT_START Set
[16:53:16.483] ---- [Flow] CT_START Set
[16:53:29.713] ---- [Flow] CT_START Set
[16:53:35.795] ---- [Flow] CT_START Set
[16:53:36.476] ---- [Flow] CT_START Set
[17:27:10.767] ---- [Flow] CT_STOP Set
[17:27:10.790] ---- [Event] Auto : CT_STOP
[17:27:10.791] --------- [Monitor] StopTasks() : before m_stopped
[17:27:10.859] --------- [Monitor] StopTasks() : m_stopped
[17:27:10.860] [m_nState] AutoStop State
