[00:01:29.125] ---- [Flow] CT_START Set
[00:01:30.024] ---- [Flow] CT_START Set
[00:01:45.109] ---- [Flow] CT_START Set
[00:01:50.891] ---- [Flow] CT_START Set
[00:29:27.719] ---- [Flow] CT_STOP Set
[00:29:27.741] ---- [Event] Auto : CT_STOP
[00:29:27.741] --------- [Monitor] StopTasks() : before m_stopped
[00:29:27.751] --------- [Monitor] StopTasks() : m_stopped
[00:29:27.751] [m_nState] AutoStop State
[00:38:22.583] ---- [Flow] CT_START Set
[00:38:22.604] ---- [Event] AutoStop : CT_START
[00:38:22.604] [m_nState] Auto State
[00:38:23.156] ---- [Flow] CT_START Set
[00:43:15.131] ---- [Flow] CT_START Set
[00:43:15.970] ---- [Flow] CT_START Set
[01:01:14.439] ---- [Flow] CT_START Set
[01:01:15.355] ---- [Flow] CT_START Set
[01:06:45.972] ---- [Flow] CT_START Set
[01:06:47.006] ---- [Flow] CT_START Set
[01:06:55.203] ---- [Flow] CT_START Set
[01:30:30.680] ---- [Flow] CT_START Set
[01:30:31.141] ---- [Flow] CT_START Set
[01:36:23.144] ---- [Flow] CT_START Set
[01:36:23.737] ---- [Flow] CT_START Set
[01:36:24.814] ---- [Flow] CT_START Set
[01:36:40.885] ---- [Flow] CT_START Set
[01:36:47.864] ---- [Flow] CT_START Set
[01:37:07.234] ---- [Flow] CT_START Set
[01:37:08.227] ---- [Flow] CT_START Set
[01:43:01.079] ---- [Flow] CT_START Set
[01:43:01.860] ---- [Flow] CT_START Set
[01:43:03.537] ---- [Flow] CT_START Set
[01:46:11.719] ---- [Flow] CT_START Set
[01:46:13.533] ---- [Flow] CT_START Set
[01:49:15.139] ---- [Flow] CT_START Set
[01:49:16.137] ---- [Flow] CT_START Set
[01:49:31.095] ---- [Flow] CT_START Set
[01:49:41.117] ---- [Flow] CT_START Set
[01:49:55.419] ---- [Flow] CT_START Set
[02:29:26.463] ---- [Flow] CT_STOP Set
[02:29:26.485] ---- [Event] Auto : CT_STOP
[02:29:26.485] --------- [Monitor] StopTasks() : before m_stopped
[02:29:26.541] --------- [Monitor] StopTasks() : m_stopped
[02:29:26.541] [m_nState] AutoStop State
[02:58:37.797] ---- [Flow] CT_START Set
[02:58:37.819] ---- [Event] AutoStop : CT_START
[02:58:37.819] [m_nState] Auto State
[02:58:38.866] ---- [Flow] CT_START Set
[03:18:04.782] ---- [Flow] CT_START Set
[03:18:05.625] ---- [Flow] CT_START Set
[03:24:16.279] ---- [Flow] CT_START Set
[03:24:17.563] ---- [Flow] CT_START Set
[03:24:36.293] ---- [Flow] CT_START Set
[03:24:41.894] ---- [Flow] CT_START Set
[03:45:38.402] ---- [Flow] CT_START Set
[03:45:39.647] ---- [Flow] CT_START Set
[03:45:52.929] ---- [Flow] CT_START Set
[03:45:57.946] ---- [Flow] CT_START Set
[03:46:00.949] ---- [Flow] CT_START Set
[03:46:30.209] ---- [Flow] CT_START Set
[03:46:30.967] ---- [Flow] CT_START Set
[03:46:32.876] ---- [Flow] CT_START Set
[03:50:47.999] ---- [Flow] CT_START Set
[03:50:48.693] ---- [Flow] CT_START Set
[03:50:51.088] ---- [Flow] CT_START Set
[04:05:20.444] ---- [Flow] CT_STOP Set
[04:05:20.465] ---- [Event] Auto : CT_STOP
[04:05:20.465] --------- [Monitor] StopTasks() : before m_stopped
[04:05:20.486] --------- [Monitor] StopTasks() : m_stopped
[04:05:20.487] [m_nState] AutoStop State
[04:41:48.140] ---- [Flow] CT_START Set
[04:41:48.162] ---- [Event] AutoStop : CT_START
[04:41:48.162] [m_nState] Auto State
[04:46:47.509] ---- [Flow] CT_STOP Set
[04:46:47.531] ---- [Event] Auto : CT_STOP
[04:46:47.531] --------- [Monitor] StopTasks() : before m_stopped
[04:46:47.545] --------- [Monitor] StopTasks() : m_stopped
[04:46:47.545] [m_nState] AutoStop State
[04:46:47.560] ---- [Flow] CT_STOP Set
[06:32:45.633] ---- [Flow] CT_START Set
[06:32:45.655] ---- [Event] AutoStop : CT_START
[06:32:45.655] [m_nState] Auto State
[06:32:46.962] ---- [Flow] CT_STOP Set
[06:32:46.984] ---- [Event] Auto : CT_STOP
[06:32:46.984] --------- [Monitor] StopTasks() : before m_stopped
[06:32:47.015] ---- [Flow] CT_STOP Set
[06:32:47.028] --------- [Monitor] StopTasks() : m_stopped
[06:32:47.028] [m_nState] AutoStop State
[06:32:47.052] ---- [Flow] CT_STOP Set
[06:32:47.084] ---- [Flow] CT_STOP Set
[06:54:24.560] ---- [Flow] CT_START Set
[06:54:24.582] ---- [Event] AutoStop : CT_START
[06:54:24.582] [m_nState] Auto State
[06:54:25.567] ---- [Flow] CT_START Set
[06:59:27.493] ---- [Flow] CT_START Set
[06:59:27.938] ---- [Flow] CT_START Set
[06:59:33.154] ---- [Flow] CT_START Set
[07:05:26.643] ---- [Flow] CT_START Set
[07:05:26.975] ---- [Flow] CT_START Set
[07:08:30.873] ---- [Flow] CT_START Set
[07:08:31.238] ---- [Flow] CT_START Set
[07:08:32.806] ---- [Flow] CT_START Set
[07:15:52.817] ---- [Flow] CT_START Set
[07:16:20.584] ---- [Flow] CT_START Set
[07:16:51.659] ---- [Flow] CT_STOP Set
[07:16:51.680] ---- [Event] Auto : CT_STOP
[07:16:51.680] --------- [Monitor] StopTasks() : before m_stopped
[07:16:51.737] ---- [Flow] CT_STOP Set
[07:16:51.786] ---- [Flow] CT_STOP Set
[07:16:51.833] ---- [Flow] CT_STOP Set
[07:16:52.735] ---- [Flow] CT_STOP Set
[07:16:52.739] --------- [Monitor] StopTasks() : m_stopped
[07:16:52.740] [m_nState] AutoStop State
[07:16:52.766] ---- [Flow] CT_STOP Set
[07:16:52.797] ---- [Flow] CT_STOP Set
[07:16:52.829] ---- [Flow] CT_STOP Set
[07:16:53.359] ---- [Flow] CT_START Set
[07:16:53.380] ---- [Event] AutoStop : CT_START
[07:16:53.380] [m_nState] Auto State
[07:16:56.929] ---- [Flow] CT_START Set
[07:17:15.740] ---- [Flow] CT_START Set
[07:56:33.827] ---- [Flow] CT_START Set
[07:57:34.597] ---- [Flow] CT_START Set
[07:57:34.956] ---- [Flow] CT_START Set
[07:57:35.428] ---- [Flow] CT_START Set
[07:58:11.388] ---- [Flow] CT_START Set
[07:58:11.568] ---- [Flow] CT_START Set
[07:58:13.144] ---- [Flow] CT_START Set
[07:58:13.236] ---- [Flow] CT_START Set
[07:58:53.055] ---- [Flow] CT_START Set
[08:28:24.697] ---- [Flow] CT_START Set
[08:30:25.355] ---- [Flow] CT_START Set
[08:31:20.969] ---- [Flow] CT_START Set
[08:31:21.968] ---- [Flow] CT_START Set
[08:31:42.262] ---- [Flow] CT_START Set
[08:31:42.583] ---- [Flow] CT_START Set
[09:21:28.434] ---- [Flow] CT_START Set
[09:22:34.502] ---- [Flow] CT_START Set
[09:29:39.068] ---- [Flow] CT_STOP Set
[09:29:39.089] ---- [Event] Auto : CT_STOP
[09:29:39.089] --------- [Monitor] StopTasks() : before m_stopped
[09:29:39.443] --------- [Monitor] StopTasks() : m_stopped
[09:29:39.443] [m_nState] AutoStop State
[09:38:25.400] ---- [Flow] CT_START Set
[09:38:25.421] ---- [Event] AutoStop : CT_START
[09:38:25.421] [m_nState] Auto State
[09:38:26.108] ---- [Flow] CT_START Set
[09:41:05.535] ---- [Flow] CT_START Set
[09:41:05.933] ---- [Flow] CT_START Set
[09:47:08.024] ---- [Flow] CT_START Set
[09:47:24.305] ---- [Flow] CT_START Set
[09:59:52.314] ---- [Flow] CT_START Set
[09:59:52.674] ---- [Flow] CT_START Set
[09:59:56.019] ---- [Flow] CT_START Set
[10:01:33.380] ---- [Flow] CT_START Set
[10:29:38.873] ---- [Flow] CT_START Set
[10:29:39.124] ---- [Flow] CT_START Set
[10:29:40.294] ---- [Flow] CT_START Set
[10:35:19.906] ---- [Flow] CT_START Set
[10:35:21.689] ---- [Flow] CT_START Set
[11:39:12.771] ---- [Flow] CT_STOP Set
[11:39:12.792] ---- [Event] Auto : CT_STOP
[11:39:12.792] --------- [Monitor] StopTasks() : before m_stopped
[11:39:12.832] ---- [Flow] CT_STOP Set
[11:39:12.870] ---- [Flow] CT_STOP Set
[11:39:13.071] --------- [Monitor] StopTasks() : m_stopped
[11:39:13.071] [m_nState] AutoStop State
[12:21:53.609] ---- [Flow] CT_START Set
[12:21:53.630] ---- [Event] AutoStop : CT_START
[12:21:53.630] [m_nState] Auto State
[12:21:55.308] ---- [Flow] CT_START Set
[12:32:44.660] ---- [Flow] CT_START Set
[12:32:44.946] ---- [Flow] CT_START Set
[12:33:02.596] ---- [Flow] CT_START Set
[12:46:12.394] ---- [Flow] CT_START Set
[13:42:30.537] ---- [Flow] CT_START Set
[13:42:30.913] ---- [Flow] CT_START Set
[13:42:31.263] ---- [Flow] CT_START Set
[13:53:29.665] ---- [Flow] CT_START Set
[14:29:41.957] ---- [Flow] CT_STOP Set
[14:29:41.978] ---- [Event] Auto : CT_STOP
[14:29:41.978] --------- [Monitor] StopTasks() : before m_stopped
[14:29:42.027] ---- [Flow] CT_STOP Set
[14:29:42.182] --------- [Monitor] StopTasks() : m_stopped
[14:29:42.182] [m_nState] AutoStop State
[14:38:37.073] ---- [Flow] CT_START Set
[14:38:37.094] ---- [Event] AutoStop : CT_START
[14:38:37.094] [m_nState] Auto State
[14:38:37.823] ---- [Flow] CT_START Set
[14:40:53.329] ---- [Flow] CT_START Set
[14:41:04.605] ---- [Flow] CT_START Set
[14:42:37.383] ---- [Flow] CT_START Set
[16:09:10.723] ---- [Flow] CT_STOP Set
[16:09:10.745] ---- [Event] Auto : CT_STOP
[16:09:10.745] --------- [Monitor] StopTasks() : before m_stopped
[16:09:11.481] --------- [Monitor] StopTasks() : m_stopped
[16:09:11.481] [m_nState] AutoStop State
[16:13:34.953] ---- [Flow] CT_START Set
[16:13:34.974] ---- [Event] AutoStop : CT_START
[16:13:34.974] [m_nState] Auto State
[16:13:45.666] ---- [Flow] CT_STOP Set
[16:13:45.687] ---- [Event] Auto : CT_STOP
[16:13:45.687] --------- [Monitor] StopTasks() : before m_stopped
[16:13:46.114] --------- [Monitor] StopTasks() : m_stopped
[16:13:46.114] [m_nState] AutoStop State
[16:17:48.595] ---- [Flow] CT_START Set
[16:17:48.617] ---- [Event] AutoStop : CT_START
[16:17:48.617] [m_nState] Auto State
[16:17:49.395] ---- [Flow] CT_START Set
[16:29:44.903] ---- [Flow] CT_START Set
[16:29:45.218] ---- [Flow] CT_START Set
[16:33:49.096] ---- [Flow] CT_START Set
[16:33:50.000] ---- [Flow] CT_START Set
[16:42:42.271] ---- [Flow] CT_START Set
[16:42:42.760] ---- [Flow] CT_START Set
[16:42:43.140] ---- [Flow] CT_START Set
[16:45:18.856] ---- [Flow] CT_START Set
[16:45:34.034] ---- [Flow] CT_START Set
[16:49:30.404] ---- [Flow] CT_START Set
[16:49:31.028] ---- [Flow] CT_START Set
[16:49:33.282] ---- [Flow] CT_START Set
[16:55:57.699] ---- [Flow] CT_START Set
[16:55:58.434] ---- [Flow] CT_START Set
[16:55:59.273] ---- [Flow] CT_START Set
[16:56:06.254] ---- [Flow] CT_START Set
[16:56:38.078] ---- [Flow] CT_START Set
[16:56:38.657] ---- [Flow] CT_START Set
[16:56:40.322] ---- [Flow] CT_START Set
[18:08:44.325] ---- [Flow] CT_STOP Set
[18:08:44.346] ---- [Event] Auto : CT_STOP
[18:08:44.346] --------- [Monitor] StopTasks() : before m_stopped
[18:08:44.390] --------- [Monitor] StopTasks() : m_stopped
[18:08:44.390] [m_nState] AutoStop State
[18:58:08.655] ---- [Flow] CT_START Set
[18:58:08.676] ---- [Event] AutoStop : CT_START
[18:58:08.676] [m_nState] Auto State
[18:58:09.927] ---- [Flow] CT_START Set
[19:03:09.348] ---- [Flow] CT_START Set
[19:03:10.267] ---- [Flow] CT_START Set
[19:16:44.485] ---- [Flow] CT_START Set
[19:16:45.583] ---- [Flow] CT_START Set
[19:17:00.105] ---- [Flow] CT_START Set
[19:17:06.029] ---- [Flow] CT_START Set
[19:30:05.236] ---- [Flow] CT_STOP Set
[19:30:05.257] ---- [Event] Auto : CT_STOP
[19:30:05.257] --------- [Monitor] StopTasks() : before m_stopped
[19:30:05.307] --------- [Monitor] StopTasks() : m_stopped
[19:30:05.308] [m_nState] AutoStop State
[19:30:05.318] ---- [Flow] CT_STOP Set
[19:30:05.350] ---- [Flow] CT_STOP Set
[19:32:42.219] ---- [Flow] CT_START Set
[19:32:42.241] ---- [Event] AutoStop : CT_START
[19:32:42.241] [m_nState] Auto State
[19:32:43.010] ---- [Flow] CT_START Set
[20:15:22.216] ---- [Flow] CT_STOP Set
[20:15:22.238] ---- [Event] Auto : CT_STOP
[20:15:22.238] --------- [Monitor] StopTasks() : before m_stopped
[20:15:22.319] --------- [Monitor] StopTasks() : m_stopped
[20:15:22.319] [m_nState] AutoStop State
[20:15:24.277] ---- [Flow] CT_START Set
[20:15:24.298] ---- [Event] AutoStop : CT_START
[20:15:24.298] [m_nState] Auto State
[20:15:25.283] ---- [Flow] CT_START Set
[20:16:47.998] ---- [Flow] CT_START Set
[20:16:48.124] ---- [Flow] CT_START Set
[20:16:49.285] ---- [Flow] CT_START Set
[20:16:49.397] ---- [Flow] CT_START Set
[20:51:49.183] ---- [Flow] CT_START Set
[20:51:50.121] ---- [Flow] CT_START Set
[21:05:58.599] ---- [Flow] CT_START Set
[21:05:59.627] ---- [Flow] CT_START Set
[21:06:15.891] ---- [Flow] CT_START Set
[21:06:17.404] ---- [Flow] CT_START Set
[21:06:29.617] ---- [Flow] CT_START Set
[21:06:30.625] ---- [Flow] CT_START Set
[21:06:42.165] ---- [Flow] CT_START Set
[21:06:48.116] ---- [Flow] CT_START Set
[21:07:07.775] ---- [Flow] CT_START Set
[21:07:08.903] ---- [Flow] CT_START Set
[21:59:41.426] ---- [Flow] CT_STOP Set
[21:59:41.448] ---- [Event] Auto : CT_STOP
[21:59:41.448] --------- [Monitor] StopTasks() : before m_stopped
[21:59:41.550] --------- [Monitor] StopTasks() : m_stopped
[21:59:41.550] [m_nState] AutoStop State
[21:59:42.912] ---- [Flow] CT_START Set
[21:59:42.933] ---- [Event] AutoStop : CT_START
[21:59:42.933] [m_nState] Auto State
[21:59:47.119] ---- [Flow] CT_STOP Set
[21:59:47.140] ---- [Event] Auto : CT_STOP
[21:59:47.140] --------- [Monitor] StopTasks() : before m_stopped
[21:59:48.312] --------- [Monitor] StopTasks() : m_stopped
[21:59:48.312] [m_nState] AutoStop State
[21:59:49.314] ---- [Flow] CT_START Set
[21:59:49.335] ---- [Event] AutoStop : CT_START
[21:59:49.335] [m_nState] Auto State
[21:59:59.122] ---- [Flow] CT_START Set
[21:59:59.169] ---- [Flow] CT_START Set
[22:00:00.548] ---- [Flow] CT_STOP Set
[22:00:00.570] ---- [Event] Auto : CT_STOP
[22:00:00.570] --------- [Monitor] StopTasks() : before m_stopped
[22:00:00.658] ---- [Flow] CT_STOP Set
[22:00:00.704] ---- [Flow] CT_STOP Set
[22:00:01.236] --------- [Monitor] StopTasks() : m_stopped
[22:00:01.236] [m_nState] AutoStop State
[22:07:07.358] ---- [Flow] CT_START Set
[22:07:07.380] ---- [Event] AutoStop : CT_START
[22:07:07.380] [m_nState] Auto State
[22:07:07.913] ---- [Flow] CT_START Set
[22:07:53.582] ---- [Flow] CT_STOP Set
[22:07:53.603] ---- [Event] Auto : CT_STOP
[22:07:53.603] --------- [Monitor] StopTasks() : before m_stopped
[22:07:54.703] --------- [Monitor] StopTasks() : m_stopped
[22:07:54.703] [m_nState] AutoStop State
[22:07:54.907] ---- [Flow] CT_START Set
[22:07:54.928] ---- [Event] AutoStop : CT_START
[22:07:54.928] [m_nState] Auto State
[22:07:55.771] ---- [Flow] CT_START Set
[22:20:52.238] ---- [Flow] CT_START Set
[22:21:03.992] ---- [Flow] CT_START Set
