[00:50:28.720] [RightPPStation] Load Buffer Set Exist
[00:52:17.658] [RightTransferStation] Move XY Axis Error
[00:53:05.564] [RightTransferStation] Move XY Axis Error
[01:01:32.371] [RightTransferStation] Move XY Axis Error
[01:01:38.592] [RightTransferStation] Move XY Axis Error
[01:01:40.499] [RightTransferStation] Move XY Axis Error
[01:06:33.425] [RightTransferStation] Unload Buffer Set Exist
[01:08:31.418] [RightTransferStation] Unload Buffer Set Exist
[01:09:14.513] [RightTransferStation] Unload Buffer Set Exist
[01:10:23.619] [RightTransferStation] Move XY Axis Error
[01:10:27.449] [RightPPStation] Unload Buffer Set Not Exist
[01:14:02.348] [RightTransferStation] Move XY Axis Error
[01:23:00.290] [RightTransferStation] Move XY Axis Error
[01:23:04.830] [RightTransferStation] Move XY Axis Error
[02:31:10.035] [RightTransferStation] Move XY Axis Error
[02:31:21.446] [RightTransferStation] Move XY Axis Error
[02:38:30.826] [LeftPPStation] Load Cylinder Up Error
[02:38:38.806] [LeftPPStation] Load Cylinder Up Error
[02:38:47.950] [LeftPPStation] Load Cylinder Up Error
[02:38:56.875] [LeftPPStation] Load Cylinder Vacuum Error
[02:39:25.266] [RightTransferStation] Move XY Axis Error
[02:39:38.297] [RightTransferStation] Move XY Axis Error
[02:40:43.118] [MainControlStation] Right Door Open
[02:46:04.073] [MainControlStation] Left Door Open
[02:47:29.937] [RightTransferStation] Move XY Axis Error
[02:47:35.938] [RightTransferStation] Move XY Axis Error
[02:47:37.574] [RightTransferStation] Move XY Axis Error
[02:47:40.097] [RightTransferStation] Move XY Axis Error
[02:48:31.731] [RightTransferStation] Vacuum Error
[02:50:35.827] [RightTransferStation] Move XY Axis Error
[02:52:01.916] [RightTransferStation] Move XY Axis Error
[02:55:28.498] [RightTransferStation] Move XY Axis Error
[02:56:17.271] [RightTransferStation] Move XY Axis Error
[02:56:20.928] [RightTransferStation] Move XY Axis Error
[02:56:33.817] [RightTransferStation] Move XY Axis Error
[02:56:37.970] [RightTransferStation] Move XY Axis Error
[02:56:47.708] [RightTransferStation] Move XY Axis Error
[02:56:50.414] [RightTransferStation] Move XY Axis Error
[02:56:59.500] [RightTransferStation] Move XY Axis Error
[02:57:01.307] [RightTransferStation] Move XY Axis Error
[02:57:03.072] [RightTransferStation] Move XY Axis Error
[02:57:12.195] [RightTransferStation] Move XY Axis Error
[02:57:13.977] [RightTransferStation] Move XY Axis Error
[02:57:37.250] [RightTransferStation] Move XY Axis Error
[02:58:51.781] [MainControlStation] Left Door Open
[03:07:22.880] [RightTransferStation] Move XY Axis Error
[03:07:39.872] [RightTransferStation] Move XY Axis Error
[03:08:44.742] [RightTransferStation] Move XY Axis Error
[03:09:17.969] [RightTransferStation] Move XY Axis Error
[03:11:57.517] [MainControlStation] Left Door Open
[03:16:03.859] [MainControlStation] Left Door Open
[03:17:10.726] [MainControlStation] Left Door Open
[03:19:03.678] [MainControlStation] Left Door Open
[03:20:50.909] [RightTransferStation] Move XY Axis Error
[03:21:25.754] [RightTransferStation] Move XY Axis Error
[03:21:42.256] [MainControlStation] Left Door Open
[03:24:59.545] [RightTransferStation] Move XY Axis Error
[03:25:09.031] [RightTransferStation] Move XY Axis Error
[03:26:54.827] [RightTransferStation] Move XY Axis Error
[03:27:09.150] [RightTransferStation] Move XY Axis Error
[03:27:37.417] [RightTransferStation] Move XY Axis Error
[03:27:50.206] [RightTransferStation] Move XY Axis Error
[03:32:06.266] [RightTransferStation] Move XY Axis Error
[03:36:55.670] [RightTransferStation] Move XY Axis Error
[06:46:11.826] [RightTransferStation] Move XY Axis Error
[06:46:32.580] [RightTransferStation] Move XY Axis Error
[06:51:03.185] [RightTransferStation] Move XY Axis Error
[06:51:52.916] [RightTransferStation] Move XY Axis Error
[06:56:08.097] [RightTransferStation] Move XY Axis Error
[06:56:19.802] [RightTransferStation] Move XY Axis Error
[06:59:24.122] [RightTransferStation] Move XY Axis Error
[06:59:41.162] [RightTransferStation] Move XY Axis Error
[07:00:03.512] [RightTransferStation] Move XY Axis Error
[07:03:10.610] [RightTransferStation] Move XY Axis Error
[07:08:49.745] [RightTransferStation] Move XY Axis Error
[07:09:11.512] [RightTransferStation] Move XY Axis Error
[07:09:13.282] [RightTransferStation] Move XY Axis Error
[07:10:32.072] [RightTransferStation] Move XY Axis Error
[07:10:45.553] [RightTransferStation] Move XY Axis Error
[07:10:48.179] [RightTransferStation] Move XY Axis Error
[07:10:49.908] [RightTransferStation] Move XY Axis Error
[07:10:51.548] [RightTransferStation] Move XY Axis Error
[07:10:53.134] [RightTransferStation] Move XY Axis Error
[07:10:54.764] [RightTransferStation] Move XY Axis Error
[07:11:03.618] [RightTransferStation] Move XY Axis Error
[07:12:23.454] [RightTransferStation] Move XY Axis Error
[07:12:32.500] [RightTransferStation] Move XY Axis Error
[07:12:34.136] [RightTransferStation] Move XY Axis Error
[07:12:35.761] [RightTransferStation] Move XY Axis Error
[07:15:29.514] [RightTransferStation] Move XY Axis Error
[07:15:45.976] [RightTransferStation] Move XY Axis Error
[07:15:52.799] [RightTransferStation] Move XY Axis Error
[07:15:54.549] [RightTransferStation] Move XY Axis Error
[07:15:56.555] [RightTransferStation] Move XY Axis Error
[07:16:30.462] [RightTransferStation] Move XY Axis Error
[07:16:46.745] [RightTransferStation] Move XY Axis Error
[07:22:51.024] [RightTransferStation] Move XY Axis Error
[07:23:04.969] [RightTransferStation] Move XY Axis Error
[07:23:10.519] [RightTransferStation] Move XY Axis Error
[07:23:23.829] [RightTransferStation] Move XY Axis Error
[07:25:00.777] [RightTransferStation] Move XY Axis Error
[07:25:20.983] [RightTransferStation] Move XY Axis Error
[07:31:48.125] [RightTransferStation] Move XY Axis Error
[07:32:22.266] [RightTransferStation] Move XY Axis Error
[07:33:08.424] [RightTransferStation] Move XY Axis Error
[07:34:04.141] [RightTransferStation] Move XY Axis Error
[07:42:38.462] [RightTransferStation] Move XY Axis Error
[07:43:29.625] [RightTransferStation] Move XY Axis Error
[07:48:45.144] [RightTransferStation] Move XY Axis Error
[07:48:56.381] [RightTransferStation] Move XY Axis Error
[07:48:58.117] [RightTransferStation] Move XY Axis Error
[07:49:00.954] [RightTransferStation] Move XY Axis Error
[07:49:02.715] [RightTransferStation] Move XY Axis Error
[07:49:11.103] [RightTransferStation] Move XY Axis Error
[07:49:13.931] [RightTransferStation] Move XY Axis Error
[07:49:31.402] [RightTransferStation] Move XY Axis Error
[07:49:36.399] [RightTransferStation] Move XY Axis Error
[07:49:38.797] [RightTransferStation] Move XY Axis Error
[07:49:40.570] [RightTransferStation] Move XY Axis Error
[07:49:42.321] [RightTransferStation] Move XY Axis Error
[07:49:44.170] [RightTransferStation] Move XY Axis Error
[07:49:50.270] [RightTransferStation] Move XY Axis Error
[07:50:08.285] [RightTransferStation] Move XY Axis Error
[07:50:20.625] [RightTransferStation] Move XY Axis Error
[07:50:23.526] [RightTransferStation] Move XY Axis Error
[07:50:35.454] [RightTransferStation] Move XY Axis Error
[07:50:38.355] [RightTransferStation] Move XY Axis Error
[07:50:40.131] [RightTransferStation] Move XY Axis Error
[07:58:00.304] [RightTransferStation] Move XY Axis Error
[08:00:35.153] [RightTransferStation] Move XY Axis Error
[08:00:50.942] [RightTransferStation] Move XY Axis Error
[08:03:33.889] [RightTransferStation] Move XY Axis Error
[08:03:53.288] [RightTransferStation] Move XY Axis Error
[08:03:55.141] [RightTransferStation] Move XY Axis Error
[08:03:56.930] [RightTransferStation] Move XY Axis Error
[08:18:04.018] [RightTransferStation] Move XY Axis Error
[08:18:24.273] [RightTransferStation] Move XY Axis Error
[08:19:20.178] [RightTransferStation] Move XY Axis Error
[08:19:31.701] [RightTransferStation] Move XY Axis Error
[08:19:33.549] [RightTransferStation] Move XY Axis Error
[08:19:44.119] [RightTransferStation] Move XY Axis Error
[08:21:40.219] [RightTransferStation] Move XY Axis Error
[08:22:02.768] [RightTransferStation] Move XY Axis Error
[08:23:27.479] [RightTransferStation] Move XY Axis Error
[08:23:55.245] [RightTransferStation] Move XY Axis Error
[08:25:46.801] [RightTransferStation] Move XY Axis Error
[08:25:55.383] [RightTransferStation] Move XY Axis Error
[08:26:34.903] [RightTransferStation] Move XY Axis Error
[08:26:58.020] [RightTransferStation] Move XY Axis Error
[08:27:10.513] [RightTransferStation] Move XY Axis Error
[08:32:22.915] [RightTransferStation] Move XY Axis Error
[08:33:10.144] [RightTransferStation] Move XY Axis Error
[08:34:32.825] [RightTransferStation] Move XY Axis Error
[08:34:46.677] [LeftTransferStation] Vacuum Error
[08:35:14.519] [RightTransferStation] Move XY Axis Error
[08:37:56.505] [RightTransferStation] Move XY Axis Error
[08:38:15.608] [RightTransferStation] Move XY Axis Error
[08:39:08.499] [RightTransferStation] Move XY Axis Error
[08:39:21.982] [RightTransferStation] Move XY Axis Error
[08:39:42.386] [RightTransferStation] Move XY Axis Error
[08:40:39.152] [RightTransferStation] Move XY Axis Error
[08:49:34.404] [RightTransferStation] Move XY Axis Error
[08:56:57.280] [RightTransferStation] Move XY Axis Error
[08:57:09.841] [RightTransferStation] Move XY Axis Error
[08:58:59.357] [RightTransferStation] Move XY Axis Error
[08:59:11.024] [RightTransferStation] Move XY Axis Error
[09:04:22.302] [RightTransferStation] Move XY Axis Error
[09:04:38.240] [RightTransferStation] Move XY Axis Error
[09:05:34.847] [RightTransferStation] Move XY Axis Error
[09:05:47.110] [RightTransferStation] Move XY Axis Error
[09:12:35.330] [RightTransferStation] Move XY Axis Error
[09:12:46.432] [RightTransferStation] Move XY Axis Error
[09:13:07.762] [RightTransferStation] Move XY Axis Error
[09:13:21.331] [RightTransferStation] Move XY Axis Error
[09:14:44.553] [RightTransferStation] Move XY Axis Error
[09:14:51.990] [RightTransferStation] Move XY Axis Error
[09:14:53.823] [RightTransferStation] Move XY Axis Error
[09:16:02.357] [RightTransferStation] Move XY Axis Error
[09:16:52.663] [RightTransferStation] Move XY Axis Error
[09:19:59.267] [RightTransferStation] Move XY Axis Error
[09:20:15.255] [RightTransferStation] Move XY Axis Error
[09:21:03.298] [RightTransferStation] Move XY Axis Error
[09:21:43.277] [RightTransferStation] Move XY Axis Error
[09:23:52.138] [RightTransferStation] Move XY Axis Error
[09:26:18.123] [RightTransferStation] Move XY Axis Error
[09:36:23.055] [RightTransferStation] Move XY Axis Error
[09:36:34.064] [RightTransferStation] Move XY Axis Error
[09:36:35.843] [RightTransferStation] Move XY Axis Error
[09:37:02.153] [RightTransferStation] Move XY Axis Error
[09:40:45.693] [RightTransferStation] Move XY Axis Error
[09:46:55.297] [RightTransferStation] Move XY Axis Error
[09:47:26.666] [RightTransferStation] Move XY Axis Error
[09:51:52.715] [RightTransferStation] Move XY Axis Error
[09:52:03.818] [RightTransferStation] Move XY Axis Error
[09:54:04.154] [RightTransferStation] Move XY Axis Error
[09:55:05.677] [RightTransferStation] Move XY Axis Error
[09:55:17.604] [RightTransferStation] Move XY Axis Error
[09:55:31.669] [RightTransferStation] Move XY Axis Error
[09:59:05.768] [RightTransferStation] Move XY Axis Error
[09:59:49.154] [RightTransferStation] Move XY Axis Error
[10:03:51.323] [RightTransferStation] Move XY Axis Error
[10:04:02.147] [RightTransferStation] Move XY Axis Error
[10:05:31.868] [RightTransferStation] Move XY Axis Error
[10:05:43.583] [RightTransferStation] Move XY Axis Error
[10:07:09.292] [RightTransferStation] Move XY Axis Error
[10:07:23.599] [RightTransferStation] Move XY Axis Error
[10:08:18.746] [RightTransferStation] Move XY Axis Error
[10:08:49.392] [RightTransferStation] Move XY Axis Error
[10:09:15.171] [RightTransferStation] Move XY Axis Error
[10:09:46.619] [RightTransferStation] Move XY Axis Error
[10:09:48.323] [RightTransferStation] Move XY Axis Error
[10:10:02.515] [RightTransferStation] Move XY Axis Error
[10:12:36.719] [RightTransferStation] Move XY Axis Error
[10:13:03.507] [RightPPStation] Move Axis Error
[10:13:05.243] [RightPPStation] Move Axis Error
[10:16:46.120] [RightTransferStation] Move XY Axis Error
[10:20:32.685] [RightTransferStation] Move XY Axis Error
[10:22:05.140] [RightTransferStation] Move XY Axis Error
[10:44:03.245] [MainControlStation] Right Door Open
[10:53:38.871] [RightTransferStation] Move XY Axis Error
[10:54:41.910] [RightTransferStation] Move XY Axis Error
[11:14:39.171] [RightTransferStation] Move XY Axis Error
[11:15:17.198] [RightTransferStation] Move XY Axis Error
[11:30:52.352] [RightTransferStation] Move XY Axis Error
[11:31:05.076] [RightTransferStation] Move XY Axis Error
[11:31:52.603] [RightTransferStation] Move XY Axis Error
[11:32:06.655] [RightTransferStation] Move XY Axis Error
[11:33:14.121] [RightTransferStation] Move XY Axis Error
[11:33:29.074] [RightTransferStation] Move XY Axis Error
[11:36:31.342] [RightTransferStation] Move XY Axis Error
[11:38:11.432] [RightTransferStation] Move XY Axis Error
[11:39:55.132] [RightTransferStation] Move XY Axis Error
[11:40:16.115] [RightTransferStation] Move XY Axis Error
[11:40:18.699] [RightTransferStation] Move XY Axis Error
[11:40:20.877] [RightTransferStation] Move XY Axis Error
[11:40:27.286] [RightTransferStation] Move XY Axis Error
[11:40:28.934] [RightTransferStation] Move XY Axis Error
[12:37:48.745] [RightTransferStation] Move XY Axis Error
[12:38:05.448] [RightTransferStation] Move XY Axis Error
[12:38:14.854] [RightTransferStation] Move XY Axis Error
[12:38:49.536] [RightTransferStation] Move XY Axis Error
[12:39:48.620] [RightTransferStation] Move XY Axis Error
[12:40:19.400] [RightTransferStation] Move XY Axis Error
[12:43:37.744] [RightTransferStation] Move XY Axis Error
[12:47:43.056] [RightTransferStation] Move XY Axis Error
[13:10:18.140] [RightTransferStation] Move XY Axis Error
[13:10:28.437] [RightTransferStation] Move XY Axis Error
[13:10:30.162] [RightTransferStation] Move XY Axis Error
[13:11:43.623] [RightTransferStation] Move XY Axis Error
[13:19:37.097] [RightTransferStation] Move XY Axis Error
[13:19:59.045] [RightTransferStation] Move XY Axis Error
[13:20:01.739] [RightTransferStation] Move XY Axis Error
[13:20:16.708] [RightTransferStation] Move XY Axis Error
[13:20:24.062] [RightTransferStation] Move XY Axis Error
[13:20:48.311] [RightTransferStation] Move XY Axis Error
[13:29:09.409] [RightTransferStation] Move XY Axis Error
[13:29:20.116] [RightTransferStation] Move XY Axis Error
[13:35:49.347] [RightTransferStation] Move XY Axis Error
[13:36:52.679] [RightTransferStation] Move XY Axis Error
[13:36:54.292] [RightTransferStation] Move XY Axis Error
[13:37:39.780] [RightTransferStation] Move XY Axis Error
[13:37:41.505] [RightTransferStation] Move XY Axis Error
[13:37:43.225] [RightTransferStation] Move XY Axis Error
[13:37:45.032] [RightTransferStation] Move XY Axis Error
[13:37:48.188] [RightTransferStation] Move XY Axis Error
[13:37:49.918] [RightTransferStation] Move XY Axis Error
[13:55:22.358] [RightTransferStation] Move XY Axis Error
[13:59:20.676] [RightTransferStation] Move XY Axis Error
[13:59:45.810] [RightTransferStation] Move XY Axis Error
[14:05:44.319] [RightTransferStation] Move XY Axis Error
[14:06:09.358] [RightTransferStation] Move XY Axis Error
[14:09:44.137] [RightTransferStation] Move XY Axis Error
[14:09:58.239] [RightTransferStation] Move XY Axis Error
[14:11:57.309] [RightTransferStation] Move XY Axis Error
[14:12:22.828] [RightTransferStation] Move XY Axis Error
[14:12:25.768] [RightTransferStation] Move XY Axis Error
[14:12:27.527] [RightTransferStation] Move XY Axis Error
[14:12:30.991] [RightTransferStation] Move XY Axis Error
[14:12:32.788] [RightTransferStation] Move XY Axis Error
[14:12:44.238] [RightTransferStation] Move XY Axis Error
[14:13:07.699] [RightTransferStation] Move XY Axis Error
[14:14:55.590] [RightTransferStation] Move XY Axis Error
[14:15:12.912] [RightTransferStation] Move XY Axis Error
[14:17:16.908] [RightTransferStation] Move XY Axis Error
[14:18:20.199] [RightTransferStation] Move XY Axis Error
[14:18:32.777] [RightTransferStation] Move XY Axis Error
[14:23:32.610] [RightTransferStation] Move XY Axis Error
[14:23:42.655] [RightTransferStation] Move XY Axis Error
[14:23:44.560] [RightTransferStation] Move XY Axis Error
[14:23:46.395] [RightTransferStation] Move XY Axis Error
[14:23:55.305] [RightTransferStation] Move XY Axis Error
[14:24:10.186] [RightTransferStation] Move XY Axis Error
[14:26:27.127] [RightTransferStation] Move XY Axis Error
[14:33:18.601] [RightTransferStation] Move XY Axis Error
[14:33:34.415] [RightTransferStation] Move XY Axis Error
[14:45:12.197] [RightTransferStation] Move XY Axis Error
[14:48:35.013] [RightTransferStation] Move XY Axis Error
[14:55:48.257] [RightTransferStation] Move XY Axis Error
[14:56:08.404] [RightTransferStation] Move XY Axis Error
[14:56:13.526] [RightTransferStation] Move XY Axis Error
[14:57:03.669] [RightTransferStation] Move XY Axis Error
[14:59:00.335] [RightTransferStation] Move XY Axis Error
[14:59:18.127] [RightTransferStation] Move XY Axis Error
[15:00:13.184] [RightTransferStation] Move XY Axis Error
[15:00:48.811] [RightTransferStation] Move XY Axis Error
[15:02:34.098] [RightTransferStation] Move XY Axis Error
[15:04:11.236] [RightTransferStation] Move XY Axis Error
[15:04:17.821] [RightTransferStation] Move XY Axis Error
[15:04:29.865] [RightTransferStation] Move XY Axis Error
[15:05:31.760] [RightTransferStation] Move XY Axis Error
[15:05:54.997] [RightTransferStation] Move XY Axis Error
[15:06:49.904] [RightTransferStation] Move XY Axis Error
[15:07:04.710] [RightTransferStation] Move XY Axis Error
[15:10:32.859] [RightTransferStation] Move XY Axis Error
[15:11:43.758] [RightTransferStation] Move XY Axis Error
[15:12:17.355] [RightTransferStation] Move XY Axis Error
[15:12:27.905] [RightTransferStation] Move XY Axis Error
[15:13:43.247] [RightTransferStation] Move XY Axis Error
[15:14:33.073] [RightTransferStation] Move XY Axis Error
[15:14:56.511] [RightTransferStation] Move XY Axis Error
[15:17:02.386] [RightTransferStation] Move XY Axis Error
[15:19:17.771] [RightTransferStation] Move XY Axis Error
[15:19:55.843] [RightTransferStation] Move XY Axis Error
[15:19:58.595] [RightTransferStation] Move XY Axis Error
[15:20:09.696] [RightTransferStation] Move XY Axis Error
[15:20:11.521] [RightTransferStation] Move XY Axis Error
[15:21:22.767] [RightTransferStation] Move XY Axis Error
[15:21:37.623] [RightTransferStation] Move XY Axis Error
[15:22:08.474] [RightTransferStation] Move XY Axis Error
[15:22:43.957] [RightTransferStation] Move XY Axis Error
[15:24:00.501] [RightTransferStation] Move XY Axis Error
[15:24:26.714] [RightTransferStation] Move XY Axis Error
[15:25:17.280] [RightTransferStation] Move XY Axis Error
[15:25:27.934] [RightTransferStation] Move XY Axis Error
[15:27:06.725] [RightTransferStation] Move XY Axis Error
[15:27:13.855] [RightTransferStation] Move XY Axis Error
[15:27:15.644] [RightTransferStation] Move XY Axis Error
[15:27:23.855] [RightTransferStation] Move XY Axis Error
[15:27:35.521] [RightTransferStation] Move XY Axis Error
[15:27:49.903] [RightTransferStation] Move XY Axis Error
[15:29:01.238] [RightTransferStation] Move XY Axis Error
[15:31:05.796] [RightTransferStation] Move XY Axis Error
[15:31:13.379] [RightTransferStation] Move XY Axis Error
[15:31:37.677] [RightTransferStation] Move XY Axis Error
[15:35:05.814] [RightTransferStation] Move XY Axis Error
[15:35:44.938] [RightTransferStation] Move XY Axis Error
[15:36:00.208] [RightTransferStation] Move XY Axis Error
[15:36:11.944] [RightTransferStation] Move XY Axis Error
[15:38:19.706] [RightTransferStation] Move XY Axis Error
[15:38:43.770] [RightTransferStation] Move XY Axis Error
[15:41:09.990] [RightTransferStation] Move XY Axis Error
[15:41:34.148] [RightTransferStation] Move XY Axis Error
[15:41:44.128] [RightTransferStation] Move XY Axis Error
[15:41:47.800] [RightTransferStation] Move XY Axis Error
[15:41:49.631] [RightTransferStation] Move XY Axis Error
[15:42:14.800] [RightTransferStation] Move XY Axis Error
[15:42:26.632] [RightTransferStation] Move XY Axis Error
[15:45:16.478] [RightTransferStation] Move XY Axis Error
[15:46:31.746] [RightTransferStation] Move XY Axis Error
[15:47:16.607] [RightTransferStation] Move XY Axis Error
[15:47:27.677] [RightTransferStation] Move XY Axis Error
[15:48:54.851] [RightTransferStation] Move XY Axis Error
[15:49:09.692] [RightTransferStation] Move XY Axis Error
[15:49:12.362] [RightTransferStation] Move XY Axis Error
[15:55:50.544] [RightTransferStation] Move XY Axis Error
[16:05:17.798] [RightTransferStation] Move XY Axis Error
[16:06:56.453] [MainControlStation] Right Door Open
[16:07:38.727] [MainControlStation] Right Door Open
[16:08:03.320] [MainControlStation] Left Door Open
[20:56:21.561] [LeftPPStation] Load Cylinder Up Error
[20:56:33.672] [LeftPPStation] Load Cylinder Up Error
[20:56:45.773] [LeftPPStation] Load Cylinder Up Error
[20:56:52.032] [MainControlStation] Left Door Open
[20:56:57.085] [LeftPPStation] Load Cylinder Vacuum Error
[22:08:41.411] [LeftPPStation] Load Cylinder Vacuum Error
[22:18:20.948] [LeftPPStation] Load Cylinder Up Error
[22:18:30.173] [LeftPPStation] Load Cylinder Up Error
[22:18:43.250] [LeftPPStation] Load Cylinder Up Error
[22:18:56.161] [LeftPPStation] Load Cylinder Up Error
[22:19:08.608] [LeftPPStation] Load Cylinder Up Error
[22:19:35.071] [LeftPPStation] Load Cylinder Up Error
[22:20:36.100] [LeftPPStation] Load Cylinder Vacuum Error
[22:32:34.927] [RightTransferStation] Move XY Axis Error
[22:32:40.436] [RightTransferStation] Move XY Axis Error
[22:32:42.052] [RightTransferStation] Move XY Axis Error
[22:32:44.617] [RightTransferStation] Move XY Axis Error
[22:32:46.195] [RightTransferStation] Move XY Axis Error
[22:41:10.475] [RightTransferStation] Move XY Axis Error
[22:41:19.071] [RightTransferStation] Move XY Axis Error
[22:41:20.769] [RightTransferStation] Move XY Axis Error
[22:41:22.482] [RightTransferStation] Move XY Axis Error
[22:41:24.184] [RightTransferStation] Move XY Axis Error
[22:41:25.874] [RightTransferStation] Move XY Axis Error
[22:41:27.781] [RightTransferStation] Move XY Axis Error
[22:41:29.476] [RightTransferStation] Move XY Axis Error
[22:57:52.398] [RightTransferStation] Move XY Axis Error
[22:58:01.958] [RightTransferStation] Move XY Axis Error
[22:58:03.755] [RightTransferStation] Move XY Axis Error
[22:58:05.445] [RightTransferStation] Move XY Axis Error
[22:58:07.141] [RightTransferStation] Move XY Axis Error
[22:58:08.841] [RightTransferStation] Move XY Axis Error
[22:58:30.071] [RightTransferStation] Move XY Axis Error
[22:59:09.274] [RightTransferStation] Move XY Axis Error
[22:59:12.768] [RightTransferStation] Move XY Axis Error
[22:59:14.416] [RightTransferStation] Move XY Axis Error
[22:59:16.438] [RightTransferStation] Move XY Axis Error
[22:59:26.631] [RightTransferStation] Move XY Axis Error
[22:59:30.333] [RightTransferStation] Move XY Axis Error
[22:59:54.079] [RightTransferStation] Move XY Axis Error
[22:59:55.728] [RightTransferStation] Move XY Axis Error
[22:59:57.830] [RightTransferStation] Move XY Axis Error
[23:00:04.393] [RightTransferStation] Move XY Axis Error
[23:00:07.196] [RightTransferStation] Move XY Axis Error
[23:00:08.940] [RightTransferStation] Move XY Axis Error
[23:00:10.598] [RightTransferStation] Move XY Axis Error
[23:00:12.331] [RightTransferStation] Move XY Axis Error
[23:00:27.144] [RightTransferStation] Move XY Axis Error
[23:03:59.732] [RightTransferStation] Move XY Axis Error
[23:08:35.061] [RightTransferStation] Move XY Axis Error
[23:08:42.479] [RightTransferStation] Move XY Axis Error
[23:08:44.162] [RightTransferStation] Move XY Axis Error
[23:08:51.479] [RightTransferStation] Move XY Axis Error
[23:34:49.896] [RightTransferStation] Move XY Axis Error
[23:34:54.145] [RightTransferStation] Move XY Axis Error
[23:34:55.842] [RightTransferStation] Move XY Axis Error
[23:34:57.460] [RightTransferStation] Move XY Axis Error
[23:35:01.150] [RightTransferStation] Move XY Axis Error
[23:35:02.867] [RightTransferStation] Move XY Axis Error
[23:35:04.641] [RightTransferStation] Move XY Axis Error
[23:35:07.367] [RightTransferStation] Move XY Axis Error
[23:35:09.113] [RightTransferStation] Move XY Axis Error
[23:35:26.708] [RightTransferStation] Move XY Axis Error
[23:35:29.339] [RightTransferStation] Move XY Axis Error
[23:35:31.129] [RightTransferStation] Move XY Axis Error
[23:35:32.882] [RightTransferStation] Move XY Axis Error
[23:35:34.737] [RightTransferStation] Move XY Axis Error
[23:35:37.709] [RightTransferStation] Move XY Axis Error
[23:35:39.482] [RightTransferStation] Move XY Axis Error
[23:35:41.302] [RightTransferStation] Move XY Axis Error
[23:35:43.163] [RightTransferStation] Move XY Axis Error
[23:35:44.935] [RightTransferStation] Move XY Axis Error
[23:38:20.472] [RightTransferStation] Move XY Axis Error
[23:38:24.429] [RightTransferStation] Move XY Axis Error
[23:38:26.205] [RightTransferStation] Move XY Axis Error
[23:38:27.977] [RightTransferStation] Move XY Axis Error
[23:38:29.787] [RightTransferStation] Move XY Axis Error
[23:39:31.505] [RightTransferStation] Move XY Axis Error
[23:39:34.437] [RightTransferStation] Move XY Axis Error
[23:39:36.050] [RightTransferStation] Move XY Axis Error
[23:39:43.023] [RightTransferStation] Move XY Axis Error
[23:41:17.543] [RightTransferStation] Move XY Axis Error
[23:43:14.148] [RightTransferStation] Move XY Axis Error
[23:47:29.085] [RightTransferStation] Move XY Axis Error
[23:47:33.107] [RightTransferStation] Move XY Axis Error
[23:47:34.754] [RightTransferStation] Move XY Axis Error
[23:47:37.829] [RightTransferStation] Move XY Axis Error
[23:47:52.478] [RightTransferStation] Move XY Axis Error
[23:47:56.733] [RightTransferStation] Move XY Axis Error
[23:47:59.998] [RightTransferStation] Move XY Axis Error
[23:48:02.203] [RightTransferStation] Move XY Axis Error
[23:48:04.090] [RightTransferStation] Move XY Axis Error
[23:57:40.758] [RightTransferStation] Move XY Axis Error
[23:57:43.687] [RightTransferStation] Move XY Axis Error
[23:57:45.413] [RightTransferStation] Move XY Axis Error
[23:57:47.104] [RightTransferStation] Move XY Axis Error
[23:57:48.778] [RightTransferStation] Move XY Axis Error
[23:57:50.655] [RightTransferStation] Move XY Axis Error
[23:58:13.660] [RightTransferStation] Move XY Axis Error
[23:58:36.074] [RightTransferStation] Move XY Axis Error
[23:59:01.279] [RightTransferStation] Move XY Axis Error
[23:59:12.315] [RightTransferStation] Move XY Axis Error
[23:59:14.498] [RightTransferStation] Move XY Axis Error
