[07:33:54.350] [RightTransferStation] Vacuum Error
[07:34:01.822] [RightTransferStation] Vacuum Error
[07:35:08.491] [RightTransferStation] Vacuum Error
[07:39:55.105] [RightTransferStation] Vacuum Error
[07:40:23.482] [RightTransferStation] Vacuum Error
[07:41:26.717] [RightTransferStation] Vacuum Error
[07:41:31.482] [RightTransferStation] Vacuum Error
[07:41:57.582] [RightTransferStation] Vacuum Error
[07:42:51.592] [RightTransferStation] Vacuum Error
[07:42:55.784] [RightTransferStation] Vacuum Error
[07:43:59.706] [RightTransferStation] Vacuum Error
[07:45:03.332] [RightTransferStation] Vacuum Error
[07:45:37.731] [RightTransferStation] Vacuum Error
[07:45:51.588] [LeftPPStation] Load Cylinder Up Error
[07:49:24.822] [RightTransferStation] Vacuum Error
[07:52:27.172] [RightTransferStation] Vacuum Error
[07:53:18.909] [RightTransferStation] Vacuum Error
[07:54:32.737] [RightTransferStation] Vacuum Error
[07:56:50.720] [RightPPStation] Load Cylinder Vacuum Error
[07:57:12.216] [RightPPStation] Load Cylinder Vacuum Error
[07:57:18.418] [RightPPStation] Load Cylinder Vacuum Error
[07:57:34.676] [RightTransferStation] Move Z Axis Error
[07:58:16.077] [RightPPStation] Load Cylinder Up Error
[07:58:24.018] [RightPPStation] Load Cylinder Up Error
[07:58:31.156] [RightPPStation] Load Buffer Set Exist
[07:58:39.166] [LeftPPStation] Load Cylinder Vacuum Error
[07:58:44.625] [RightPPStation] Unload Buffer Set Not Exist
[07:58:51.239] [LeftPPStation] Load Cylinder Vacuum Error
[07:59:05.700] [RightPPStation] Load Cylinder Vacuum Error
[07:59:27.153] [RightPPStation] Load Cylinder Up Error
[07:59:56.194] [RightPPStation] Load Cylinder Up Error
[08:00:06.845] [RightPPStation] Load Cylinder Up Error
[08:00:17.192] [RightPPStation] Load Cylinder Up Error
[08:00:45.817] [RightPPStation] Load Cylinder Up Error
[08:02:04.376] [MainControlStation] Right Door Open
[08:03:23.568] [RightTransferStation] Vacuum Error
[08:03:34.813] [RightTransferStation] Vacuum Error
[08:04:24.042] [LeftPPStation] Load Cylinder Vacuum Error
[08:05:20.590] [RightTransferStation] Vacuum Error
[11:20:49.041] [RightTransferStation] Vacuum Error
[12:12:49.085] [LeftTransferStation] Vacuum Error
[15:43:56.871] [MainControlStation] Right Door Open
[16:39:31.502] [RightPPStation] Move Axis Error
[16:39:41.076] [RightPPStation] Move Axis Error
[16:39:44.083] [LeftTransferStation] Vacuum Error
[16:39:50.343] [RightPPStation] Load Cylinder Vacuum Error
[23:30:55.834] [RightTransferStation] Move Z Axis Error
[23:30:59.813] [RightTransferStation] Move Z Axis Error
[23:31:04.143] [RightTransferStation] Move Z Axis Error
[23:31:06.415] [RightTransferStation] Move Z Axis Error
[23:31:14.848] [RightTransferStation] Move Z Axis Error
[23:31:17.288] [RightTransferStation] Move Z Axis Error
[23:32:19.799] [RightTransferStation] Move Z Axis Error
[23:40:45.163] [RightTransferStation] Vacuum Error
[23:40:56.605] [RightTransferStation] Vacuum Error
