[03:43:44.194] ---- [Flow] CT_START Set
[03:43:44.218] ---- [Event] AutoStop : CT_START
[03:43:44.219] [m_nState] Auto State
[03:43:45.009] ---- [Flow] CT_START Set
[03:43:58.892] ---- [Flow] CT_START Set
[03:44:07.256] ---- [Flow] CT_START Set
[03:44:29.440] ---- [Flow] CT_START Set
[03:45:13.772] ---- [Flow] CT_START Set
[03:45:54.432] ---- [Flow] CT_START Set
[03:46:20.330] ---- [Flow] CT_START Set
[03:46:20.554] ---- [Flow] CT_START Set
[03:46:21.239] ---- [Flow] CT_START Set
[03:46:21.775] ---- [Flow] CT_START Set
[03:46:35.141] ---- [Flow] CT_START Set
[03:46:37.035] ---- [Flow] CT_START Set
[03:46:58.178] ---- [Flow] CT_START Set
[03:46:59.762] ---- [Flow] CT_START Set
[03:47:14.595] ---- [Flow] CT_START Set
[03:47:14.739] ---- [Flow] CT_START Set
[03:47:17.722] ---- [Flow] CT_START Set
[03:47:17.935] ---- [Flow] CT_START Set
[03:47:18.640] ---- [Flow] CT_START Set
[03:47:19.919] ---- [Flow] CT_START Set
[03:47:20.093] ---- [Flow] CT_START Set
[03:49:46.559] ---- [Flow] CT_START Set
[03:49:46.849] ---- [Flow] CT_START Set
[03:49:47.634] ---- [Flow] CT_START Set
[03:49:48.187] ---- [Flow] CT_START Set
[03:49:49.021] ---- [Flow] CT_START Set
[03:49:49.713] ---- [Flow] CT_START Set
[03:49:50.229] ---- [Flow] CT_START Set
[03:49:50.866] ---- [Flow] CT_START Set
[03:50:09.596] ---- [Flow] CT_START Set
[03:50:15.893] ---- [Flow] CT_START Set
[03:50:27.923] ---- [Flow] CT_START Set
[03:51:50.969] ---- [Flow] CT_START Set
[03:52:01.774] ---- [Flow] CT_START Set
[03:52:03.107] ---- [Flow] CT_START Set
[03:52:04.705] ---- [Flow] CT_START Set
[03:52:41.927] ---- [Flow] CT_START Set
[03:52:45.590] ---- [Flow] CT_START Set
[03:52:45.854] ---- [Flow] CT_START Set
[03:52:46.563] ---- [Flow] CT_START Set
[03:52:46.695] ---- [Flow] CT_START Set
[03:54:45.306] ---- [Flow] CT_START Set
[03:54:45.926] ---- [Flow] CT_START Set
[03:54:46.144] ---- [Flow] CT_START Set
[03:54:46.255] ---- [Flow] CT_START Set
[03:54:46.579] ---- [Flow] CT_START Set
[03:54:46.688] ---- [Flow] CT_START Set
[03:54:46.872] ---- [Flow] CT_START Set
[03:54:47.312] ---- [Flow] CT_START Set
[03:54:47.552] ---- [Flow] CT_START Set
[03:54:57.780] ---- [Flow] CT_START Set
[03:54:58.810] ---- [Flow] CT_START Set
[03:54:58.971] ---- [Flow] CT_START Set
[03:54:59.779] ---- [Flow] CT_START Set
[03:54:59.909] ---- [Flow] CT_START Set
[03:55:21.610] ---- [Flow] CT_START Set
[03:55:22.308] ---- [Flow] CT_START Set
[03:55:22.425] ---- [Flow] CT_START Set
[03:55:24.189] ---- [Flow] CT_START Set
[03:55:56.855] ---- [Flow] CT_START Set
[03:56:00.156] ---- [Flow] CT_START Set
[03:56:00.683] ---- [Flow] CT_START Set
[03:56:00.946] ---- [Flow] CT_START Set
[03:57:15.236] ---- [Flow] CT_START Set
[03:57:15.941] ---- [Flow] CT_START Set
[03:57:32.516] ---- [Flow] CT_START Set
[03:58:13.202] ---- [Flow] CT_START Set
[03:58:20.985] ---- [Flow] CT_START Set
[04:22:14.985] ---- [Flow] CT_START Set
[04:22:19.495] ---- [Flow] CT_START Set
[04:23:48.880] ---- [Flow] CT_START Set
[04:23:49.131] ---- [Flow] CT_START Set
[04:23:51.125] ---- [Flow] CT_START Set
[04:25:12.898] ---- [Flow] CT_START Set
[04:25:14.512] ---- [Flow] CT_START Set
[04:25:15.284] ---- [Flow] CT_START Set
[04:27:39.205] ---- [Flow] CT_START Set
[04:27:39.365] ---- [Flow] CT_START Set
[04:27:39.486] ---- [Flow] CT_START Set
[04:28:04.466] ---- [Flow] CT_START Set
[04:28:15.353] ---- [Flow] CT_START Set
[04:28:23.799] ---- [Flow] CT_START Set
[04:28:41.088] ---- [Flow] CT_START Set
[04:28:41.267] ---- [Flow] CT_START Set
[04:28:42.749] ---- [Flow] CT_START Set
[04:29:17.016] ---- [Flow] CT_START Set
[04:29:27.681] ---- [Flow] CT_START Set
[04:29:41.075] ---- [Flow] CT_START Set
[04:29:52.559] ---- [Flow] CT_START Set
[04:53:50.267] ---- [Flow] CT_START Set
[04:54:00.233] ---- [Flow] CT_START Set
[04:59:26.426] ---- [Flow] CT_STOP Set
[04:59:26.448] ---- [Event] Auto : CT_STOP
[04:59:26.449] --------- [Monitor] StopTasks() : before m_stopped
[04:59:26.483] --------- [Monitor] StopTasks() : m_stopped
[04:59:26.484] [m_nState] AutoStop State
[06:54:13.308] ---- [Flow] CT_STOP Set
[06:54:14.423] ---- [Flow] CT_START Set
[06:54:14.445] ---- [Event] AutoStop : CT_START
[06:54:14.446] [m_nState] Auto State
[06:58:40.043] ---- [Flow] CT_START Set
[06:59:12.149] ---- [Flow] CT_STOP Set
[06:59:12.172] ---- [Event] Auto : CT_STOP
[06:59:12.173] --------- [Monitor] StopTasks() : before m_stopped
[06:59:12.626] --------- [Monitor] StopTasks() : m_stopped
[06:59:12.627] [m_nState] AutoStop State
[06:59:21.824] ---- [Flow] CT_START Set
[06:59:21.847] ---- [Event] AutoStop : CT_START
[06:59:21.848] [m_nState] Auto State
[06:59:22.494] ---- [Flow] CT_START Set
[06:59:31.377] ---- [Flow] CT_START Set
[06:59:49.654] ---- [Flow] CT_START Set
[07:27:44.706] ---- [Flow] CT_START Set
[07:46:10.016] ---- [Flow] CT_START Set
[08:06:32.796] ---- [Flow] CT_START Set
[08:18:35.676] ---- [Flow] CT_START Set
[08:21:35.275] ---- [Flow] CT_START Set
[08:36:32.845] ---- [Flow] CT_START Set
[08:36:35.369] ---- [Flow] CT_START Set
[09:30:03.098] ---- [Flow] CT_START Set
[09:30:14.436] ---- [Flow] CT_START Set
[09:51:24.662] ---- [Flow] CT_START Set
[10:46:40.103] ---- [Flow] CT_START Set
[10:50:16.108] ---- [Flow] CT_START Set
[13:17:35.388] ---- [Flow] CT_START Set
[13:25:50.985] ---- [Flow] CT_START Set
[13:37:06.804] ---- [Flow] CT_START Set
[15:28:17.417] ---- [Flow] CT_START Set
[15:37:18.059] ---- [Flow] CT_START Set
[15:39:09.613] ---- [Flow] CT_START Set
[15:39:27.242] ---- [Flow] CT_START Set
[15:42:28.982] ---- [Flow] CT_START Set
[15:48:09.832] ---- [Flow] CT_START Set
[15:56:30.842] ---- [Flow] CT_STOP Set
[15:56:30.864] ---- [Event] Auto : CT_STOP
[15:56:30.865] --------- [Monitor] StopTasks() : before m_stopped
[15:56:31.595] --------- [Monitor] StopTasks() : m_stopped
[15:56:31.596] [m_nState] AutoStop State
[15:57:12.102] ---- [Flow] CT_START Set
[15:57:12.125] ---- [Event] AutoStop : CT_START
[15:57:12.126] [m_nState] Auto State
[15:57:12.693] ---- [Flow] CT_START Set
[15:57:19.117] ---- [Flow] CT_START Set
[15:57:28.261] ---- [Flow] CT_START Set
[15:57:30.652] ---- [Flow] CT_START Set
[15:59:58.905] ---- [Flow] CT_START Set
[16:13:55.648] ---- [Flow] CT_START Set
[16:14:39.283] ---- [Flow] CT_START Set
[16:14:41.082] ---- [Flow] CT_START Set
[16:22:27.428] ---- [Flow] CT_START Set
[16:31:28.981] ---- [Flow] CT_START Set
[16:34:07.995] ---- [Flow] CT_START Set
[16:43:57.632] ---- [Flow] CT_START Set
[16:43:58.205] ---- [Flow] CT_START Set
[16:43:58.617] ---- [Flow] CT_START Set
[16:48:13.172] ---- [Flow] CT_START Set
[16:48:22.520] ---- [Flow] CT_START Set
[16:48:31.441] ---- [Flow] CT_START Set
[16:48:39.501] ---- [Flow] CT_START Set
[16:51:48.615] ---- [Flow] CT_START Set
[16:52:01.110] ---- [Flow] CT_START Set
[16:55:27.946] ---- [Flow] CT_START Set
[17:27:52.748] ---- [Flow] CT_START Set
[17:35:24.411] ---- [Flow] CT_START Set
[18:25:53.174] ---- [Flow] CT_START Set
[18:25:54.073] ---- [Flow] CT_START Set
[19:35:09.267] ---- [Flow] CT_STOP Set
[19:35:09.290] ---- [Event] Auto : CT_STOP
[19:35:09.291] --------- [Monitor] StopTasks() : before m_stopped
[19:35:09.760] --------- [Monitor] StopTasks() : m_stopped
[19:35:09.761] [m_nState] AutoStop State
[19:57:06.032] ---- [Flow] CT_START Set
[19:57:06.055] ---- [Event] AutoStop : CT_START
[19:57:06.056] [m_nState] Auto State
[19:58:28.791] ---- [Flow] CT_START Set
[21:53:37.898] ---- [Flow] CT_START Set
[21:53:44.087] ---- [Flow] CT_START Set
[22:03:21.502] ---- [Flow] CT_START Set
[22:04:12.222] ---- [Flow] CT_START Set
[22:04:13.220] ---- [Flow] CT_START Set
[23:47:32.041] ---- [Flow] CT_START Set
[23:47:32.355] ---- [Flow] CT_START Set
