[07:05:11.226] [RightPPStation] Load Cylinder Down Error
[07:05:19.511] [RightPPStation] Load Cylinder Down Error
[07:07:23.831] [RightPPStation] Load Cylinder Down Error
[07:07:33.458] [RightPPStation] Load Cylinder Down Error
[07:13:11.219] [LeftPPStation] Unload Cylinder Vacuum Error
[08:10:08.422] [LeftPPStation] Load Cylinder Up Error
[14:26:16.801] [RightPPStation] Load Cylinder Vacuum Error
[17:10:17.990] [RightPPStation] Load Cylinder Up Error
[17:10:22.193] [RightPPStation] Load Cylinder Vacuum Error
[17:10:32.788] [RightPPStation] Load Cylinder Down Error
[17:10:55.306] [RightPPStation] Load Cylinder Up Error
[17:20:14.103] [LeftPPStation] Load Cylinder Up Error
[17:20:59.112] [LeftPPStation] Load Cylinder Vacuum Error
[17:21:14.090] [LeftPPStation] Load Cylinder Vacuum Error
[17:21:33.764] [LeftPPStation] Load Cylinder Vacuum Error
[20:07:04.389] [LeftPPStation] Unload Cylinder Vacuum Error
[20:17:37.046] [RightTransferStation] Vacuum Error
[21:02:27.618] [LeftPPStation] Unload Cylinder Vacuum Error
[21:33:38.095] [RightTransferStation] Vacuum Error
[22:12:48.137] [LeftPPStation] Load Cylinder Vacuum Error
[22:13:03.877] [RightPPStation] Load Cylinder Up Error
[22:13:07.731] [RightPPStation] Load Cylinder Vacuum Error
[22:13:25.014] [RightPPStation] Load Cylinder Down Error
[22:13:33.903] [RightPPStation] Load Cylinder Down Error
[22:13:40.376] [RightPPStation] Load Cylinder Down Error
[22:13:50.415] [RightPPStation] Load Cylinder Down Error
[22:13:56.381] [RightPPStation] Load Cylinder Down Error
[22:14:11.541] [RightPPStation] Load Cylinder Down Error
[22:14:19.979] [RightPPStation] Load Cylinder Vacuum Error
[22:27:36.645] [RightTransferStation] Vacuum Error
[22:40:48.041] [RightPPStation] Load Buffer Set Exist
[22:41:12.913] [RightTransferStation] Vacuum Error
[23:44:49.434] [RightTransferStation] Vacuum Error
[23:56:36.889] [LeftTransferStation] Vacuum Error
