[00:07:10.830] [RightTransferStation] Move XY Axis Error
[00:10:07.554] [RightTransferStation] Vacuum Error
[00:10:13.750] [RightTransferStation] Vacuum Error
[00:10:18.556] [RightTransferStation] Vacuum Error
[00:10:23.674] [RightTransferStation] Vacuum Error
[00:10:31.372] [RightTransferStation] Vacuum Error
[00:10:54.608] [RightTransferStation] Vacuum Error
[00:11:09.484] [RightTransferStation] Vacuum Error
[00:20:19.264] [RightTransferStation] Move XY Axis Error
[00:20:24.807] [RightTransferStation] Move XY Axis Error
[00:20:43.470] [RightTransferStation] Move XY Axis Error
[00:58:56.523] [RightTransferStation] Move XY Axis Error
[01:00:42.177] [RightTransferStation] Move XY Axis Error
[01:01:43.951] [RightTransferStation] Vacuum Error
[01:12:01.346] [LeftPPStation] Unload Cylinder Vacuum Error
[01:18:01.666] [RightTransferStation] Move XY Axis Error
[01:18:05.144] [RightTransferStation] Move XY Axis Error
[01:34:45.462] [RightTransferStation] Vacuum Error
[01:44:14.543] [RightTransferStation] Vacuum Error
[01:45:17.510] [RightTransferStation] Move XY Axis Error
[01:45:47.197] [RightTransferStation] Move XY Axis Error
[01:46:19.747] [RightTransferStation] Vacuum Error
[01:47:13.301] [RightTransferStation] Vacuum Error
[01:47:32.563] [RightTransferStation] Vacuum Error
[02:00:49.194] [RightTransferStation] Move XY Axis Error
[02:01:20.410] [RightTransferStation] Move XY Axis Error
[02:01:29.755] [LeftTransferStation] Set Double Place
[02:02:59.865] [RightTransferStation] Move XY Axis Error
[02:03:19.898] [RightTransferStation] Move XY Axis Error
[02:04:04.678] [RightTransferStation] Move XY Axis Error
[02:04:07.718] [RightTransferStation] Move XY Axis Error
[02:04:16.067] [RightTransferStation] Move XY Axis Error
[02:05:04.981] [RightTransferStation] Move XY Axis Error
[02:05:18.192] [RightTransferStation] Move XY Axis Error
[02:10:26.694] [RightTransferStation] Move XY Axis Error
[02:10:37.939] [RightTransferStation] Move XY Axis Error
[02:11:05.668] [RightTransferStation] Vacuum Error
[02:11:55.221] [RightTransferStation] Move XY Axis Error
[02:12:11.668] [RightTransferStation] Move XY Axis Error
[02:13:20.031] [RightTransferStation] Move XY Axis Error
[02:13:57.211] [RightTransferStation] Move XY Axis Error
[02:16:10.305] [RightTransferStation] Move XY Axis Error
[02:16:34.005] [RightTransferStation] Move XY Axis Error
[02:45:01.041] [RightTransferStation] Move XY Axis Error
[02:45:26.320] [RightTransferStation] Move XY Axis Error
[02:47:09.653] [RightTransferStation] Vacuum Error
[02:47:34.524] [RightTransferStation] Vacuum Error
[02:48:10.854] [RightTransferStation] Move XY Axis Error
[02:48:28.206] [RightTransferStation] Move XY Axis Error
[02:51:01.977] [RightTransferStation] Move XY Axis Error
[02:51:45.110] [RightTransferStation] Move XY Axis Error
[02:53:28.372] [RightTransferStation] Move XY Axis Error
[02:53:38.717] [RightTransferStation] Move XY Axis Error
[02:54:02.420] [RightTransferStation] Move XY Axis Error
[02:55:02.705] [RightTransferStation] Move XY Axis Error
[02:55:30.281] [RightTransferStation] Move XY Axis Error
[02:55:50.719] [RightTransferStation] Move XY Axis Error
[02:56:56.695] [RightTransferStation] Move XY Axis Error
[02:57:24.260] [RightTransferStation] Move XY Axis Error
[02:58:06.225] [RightTransferStation] Move XY Axis Error
[02:58:41.984] [RightTransferStation] Move XY Axis Error
[03:01:17.656] [RightTransferStation] Move XY Axis Error
[03:01:35.948] [RightTransferStation] Move XY Axis Error
[03:03:23.437] [RightTransferStation] Move XY Axis Error
[03:03:43.322] [RightTransferStation] Move XY Axis Error
[03:05:42.428] [RightTransferStation] Move XY Axis Error
[03:05:52.191] [RightTransferStation] Move XY Axis Error
[03:06:13.611] [RightTransferStation] Move XY Axis Error
[03:06:52.367] [RightTransferStation] Move XY Axis Error
[03:09:38.119] [RightTransferStation] Move XY Axis Error
[03:10:07.188] [RightTransferStation] Move XY Axis Error
[03:10:11.521] [RightTransferStation] Move XY Axis Error
[03:12:15.890] [RightTransferStation] Move XY Axis Error
[03:12:33.292] [RightTransferStation] Move XY Axis Error
[03:14:56.211] [RightTransferStation] Vacuum Error
[03:15:50.263] [RightTransferStation] Vacuum Error
[03:18:37.346] [RightTransferStation] Move XY Axis Error
[03:18:50.937] [RightTransferStation] Move XY Axis Error
[03:20:10.476] [RightTransferStation] Move XY Axis Error
[03:20:31.387] [RightTransferStation] Move XY Axis Error
[03:29:20.310] [RightTransferStation] Move XY Axis Error
[03:29:35.155] [RightTransferStation] Move XY Axis Error
[03:29:50.145] [RightTransferStation] Vacuum Error
[03:34:02.303] [RightTransferStation] Vacuum Error
[03:35:57.965] [RightTransferStation] Move XY Axis Error
[03:36:03.107] [RightTransferStation] Move XY Axis Error
[03:36:13.635] [RightTransferStation] Move XY Axis Error
[03:44:55.507] [LeftPPStation] Unload Cylinder Vacuum Error
[03:46:50.678] [RightTransferStation] Move XY Axis Error
[03:47:33.532] [RightTransferStation] Move XY Axis Error
[03:47:37.378] [RightTransferStation] Vacuum Error
[03:55:33.495] [RightTransferStation] Move XY Axis Error
[03:55:48.617] [RightTransferStation] Move XY Axis Error
[04:03:32.390] [RightTransferStation] Move XY Axis Error
[04:03:56.485] [RightTransferStation] Move XY Axis Error
[04:27:17.891] [RightTransferStation] Move XY Axis Error
[04:27:43.414] [RightTransferStation] Move XY Axis Error
[05:39:21.672] [LeftTransferStation] Vacuum Error
[07:12:24.271] [RightTransferStation] Move XY Axis Error
[07:12:29.504] [RightTransferStation] Move XY Axis Error
[07:12:33.393] [RightTransferStation] Move XY Axis Error
[07:12:36.800] [RightTransferStation] Move XY Axis Error
[07:52:07.474] [RightTransferStation] Move XY Axis Error
[07:52:21.529] [RightTransferStation] Move XY Axis Error
[09:50:48.196] [LeftPPStation] Load Cylinder Vacuum Error
[10:03:28.726] [RightTransferStation] Move XY Axis Error
[10:03:59.693] [RightTransferStation] Move XY Axis Error
[10:04:04.033] [RightTransferStation] Move XY Axis Error
[10:04:08.116] [RightTransferStation] Move XY Axis Error
[10:04:10.062] [RightTransferStation] Move XY Axis Error
[10:15:35.723] [RightTransferStation] Move XY Axis Error
[10:15:41.812] [RightTransferStation] Move XY Axis Error
[10:15:44.995] [RightTransferStation] Move XY Axis Error
[10:16:14.765] [RightTransferStation] Move XY Axis Error
[10:34:13.717] [RightPPStation] Unload Cylinder Vacuum Error
[10:36:15.395] [RightTransferStation] Move XY Axis Error
[10:36:21.536] [RightTransferStation] Move XY Axis Error
[10:36:48.890] [RightTransferStation] Move XY Axis Error
[10:36:56.783] [RightTransferStation] Move XY Axis Error
[10:36:58.741] [RightTransferStation] Move XY Axis Error
[10:42:50.083] [RightTransferStation] Move XY Axis Error
[10:43:12.999] [RightTransferStation] Move XY Axis Error
[10:43:24.852] [RightTransferStation] Move XY Axis Error
[10:43:26.710] [RightTransferStation] Move XY Axis Error
[10:43:52.943] [RightTransferStation] Move XY Axis Error
[10:45:57.240] [RightTransferStation] Move XY Axis Error
[10:45:59.958] [RightTransferStation] Move XY Axis Error
[10:46:10.835] [RightTransferStation] Move XY Axis Error
[11:02:55.358] [RightTransferStation] Move XY Axis Error
[11:03:03.910] [RightTransferStation] Move XY Axis Error
[11:03:08.838] [RightTransferStation] Move XY Axis Error
[11:05:24.802] [RightTransferStation] Move XY Axis Error
[11:05:36.006] [RightTransferStation] Move XY Axis Error
[11:08:01.979] [RightTransferStation] Move XY Axis Error
[11:08:13.562] [RightTransferStation] Move XY Axis Error
[11:09:50.301] [RightTransferStation] Move XY Axis Error
[11:10:11.223] [RightTransferStation] Move XY Axis Error
[11:11:03.480] [RightTransferStation] Move XY Axis Error
[11:11:38.447] [RightTransferStation] Move XY Axis Error
[11:14:06.619] [RightTransferStation] Move XY Axis Error
[11:14:17.824] [RightTransferStation] Move XY Axis Error
[11:14:22.365] [RightTransferStation] Move XY Axis Error
[11:14:28.936] [RightTransferStation] Move XY Axis Error
[11:14:33.570] [RightTransferStation] Move XY Axis Error
[11:14:37.383] [RightTransferStation] Move XY Axis Error
[11:14:42.877] [RightTransferStation] Move XY Axis Error
[11:17:30.454] [RightTransferStation] Move XY Axis Error
[11:18:33.354] [RightTransferStation] Move XY Axis Error
[11:18:38.183] [RightTransferStation] Move XY Axis Error
[11:18:41.970] [RightTransferStation] Move XY Axis Error
[11:19:15.270] [RightTransferStation] Move XY Axis Error
[11:19:20.167] [RightTransferStation] Move XY Axis Error
[11:19:24.232] [RightTransferStation] Move XY Axis Error
[11:19:28.951] [RightTransferStation] Move XY Axis Error
[11:19:38.282] [RightTransferStation] Move XY Axis Error
[11:19:42.469] [RightTransferStation] Move XY Axis Error
[11:20:05.359] [RightTransferStation] Move XY Axis Error
[11:20:12.643] [RightTransferStation] Move XY Axis Error
[11:20:16.558] [RightTransferStation] Move XY Axis Error
[11:20:20.489] [RightTransferStation] Move XY Axis Error
[11:20:24.446] [RightTransferStation] Move XY Axis Error
[11:20:30.828] [RightTransferStation] Move XY Axis Error
[11:21:41.128] [MainControlStation] Right Door Open
[11:22:03.936] [MainControlStation] Right Door Open
[11:30:51.477] [RightTransferStation] Move XY Axis Error
[11:31:05.370] [RightTransferStation] Move XY Axis Error
[11:31:10.260] [RightTransferStation] Move XY Axis Error
[11:31:21.887] [RightTransferStation] Move XY Axis Error
[11:31:25.977] [RightTransferStation] Move XY Axis Error
[11:31:38.434] [RightTransferStation] Move XY Axis Error
[11:31:50.758] [RightTransferStation] Move XY Axis Error
[11:31:56.581] [RightTransferStation] Move XY Axis Error
[11:32:00.806] [RightTransferStation] Move XY Axis Error
[11:32:47.252] [RightTransferStation] Move XY Axis Error
[11:33:06.485] [RightTransferStation] Move XY Axis Error
[11:43:12.255] [RightTransferStation] Move XY Axis Error
[11:43:17.328] [RightTransferStation] Move XY Axis Error
[11:44:00.194] [RightTransferStation] Move XY Axis Error
[11:44:12.273] [RightTransferStation] Move XY Axis Error
[11:45:06.146] [RightTransferStation] Move XY Axis Error
[11:45:13.856] [LeftTransferStation] Move XY Axis Error
[11:45:20.534] [RightTransferStation] Move XY Axis Error
[12:36:25.677] [LeftTransferStation] Vacuum Error
[12:40:12.899] [RightTransferStation] Move XY Axis Error
[12:40:25.972] [RightTransferStation] Move XY Axis Error
[12:40:30.812] [RightTransferStation] Move XY Axis Error
[12:41:43.028] [RightTransferStation] Move XY Axis Error
[12:42:37.853] [RightTransferStation] Move XY Axis Error
[12:42:45.142] [RightTransferStation] Move XY Axis Error
[12:42:49.937] [RightTransferStation] Move XY Axis Error
[12:43:17.112] [RightTransferStation] Move XY Axis Error
[12:47:49.827] [RightTransferStation] Move XY Axis Error
[12:48:01.324] [RightTransferStation] Move XY Axis Error
[12:48:15.582] [RightTransferStation] Move XY Axis Error
[12:57:23.125] [LeftTransferStation] Vacuum Error
[12:57:39.163] [LeftTransferStation] Vacuum Error
[12:59:26.646] [RightTransferStation] Move XY Axis Error
[12:59:40.485] [RightTransferStation] Move XY Axis Error
[13:02:20.221] [RightTransferStation] Move XY Axis Error
[13:02:32.288] [RightTransferStation] Move XY Axis Error
[13:03:02.552] [RightTransferStation] Move XY Axis Error
[13:03:14.964] [RightTransferStation] Move XY Axis Error
[13:04:08.882] [RightTransferStation] Move XY Axis Error
[13:04:19.847] [RightTransferStation] Move XY Axis Error
[13:13:55.453] [RightTransferStation] Move XY Axis Error
[13:14:07.860] [RightTransferStation] Move XY Axis Error
[13:14:34.733] [RightTransferStation] Move XY Axis Error
[13:14:47.222] [RightTransferStation] Move XY Axis Error
[13:15:46.118] [RightTransferStation] Move XY Axis Error
[13:15:57.824] [RightTransferStation] Move XY Axis Error
[13:16:11.851] [RightTransferStation] Move XY Axis Error
[13:16:20.733] [RightTransferStation] Move XY Axis Error
[13:16:25.698] [RightTransferStation] Move XY Axis Error
[13:17:25.852] [RightTransferStation] Move XY Axis Error
[13:20:34.674] [RightTransferStation] Vacuum Error
[13:20:47.851] [RightTransferStation] Vacuum Error
[13:20:57.799] [RightTransferStation] Vacuum Error
[13:22:36.623] [RightTransferStation] Move XY Axis Error
[13:22:48.412] [RightTransferStation] Move XY Axis Error
[13:22:53.472] [RightTransferStation] Move XY Axis Error
[13:23:17.867] [RightTransferStation] Move XY Axis Error
[13:26:09.890] [RightTransferStation] Move XY Axis Error
[13:26:27.448] [RightTransferStation] Move XY Axis Error
[13:27:04.240] [RightTransferStation] Move XY Axis Error
[13:27:24.596] [RightTransferStation] Move XY Axis Error
[13:32:09.134] [RightTransferStation] Move XY Axis Error
[13:32:21.314] [RightTransferStation] Move XY Axis Error
[13:33:38.442] [RightTransferStation] Move XY Axis Error
[13:33:57.835] [RightTransferStation] Move XY Axis Error
[13:37:13.945] [RightTransferStation] Move XY Axis Error
[13:37:31.263] [RightTransferStation] Move XY Axis Error
[13:43:46.465] [RightTransferStation] Move XY Axis Error
[13:44:01.734] [RightTransferStation] Move XY Axis Error
[13:44:31.494] [RightTransferStation] Move XY Axis Error
[13:44:48.258] [RightTransferStation] Move XY Axis Error
[13:44:52.691] [RightTransferStation] Move XY Axis Error
[13:44:57.477] [RightTransferStation] Move XY Axis Error
[13:45:05.837] [RightTransferStation] Move XY Axis Error
[13:46:06.003] [RightTransferStation] Move XY Axis Error
[13:49:13.845] [RightTransferStation] Move XY Axis Error
[13:51:29.959] [RightTransferStation] Move XY Axis Error
[13:51:40.184] [RightTransferStation] Move XY Axis Error
[13:52:05.812] [RightTransferStation] Move XY Axis Error
[13:52:22.776] [RightTransferStation] Move XY Axis Error
[13:53:17.946] [RightTransferStation] Move XY Axis Error
[13:53:38.158] [RightTransferStation] Move XY Axis Error
[13:54:03.064] [RightTransferStation] Move XY Axis Error
[13:54:19.273] [RightTransferStation] Move XY Axis Error
[13:54:46.128] [RightPPStation] Load Buffer Set Exist
[13:58:03.910] [RightTransferStation] Move XY Axis Error
[13:58:16.019] [RightTransferStation] Move XY Axis Error
[13:58:37.561] [RightTransferStation] Move XY Axis Error
[13:58:54.386] [RightTransferStation] Move XY Axis Error
[14:00:37.973] [RightTransferStation] Move XY Axis Error
[14:00:51.000] [RightTransferStation] Move XY Axis Error
[14:01:50.066] [RightTransferStation] Move XY Axis Error
[14:01:57.834] [RightTransferStation] Move XY Axis Error
[14:04:12.642] [RightTransferStation] Move XY Axis Error
[14:04:20.542] [RightTransferStation] Move XY Axis Error
[14:04:30.757] [RightTransferStation] Move XY Axis Error
[14:05:16.918] [RightTransferStation] Move XY Axis Error
[14:05:41.144] [RightTransferStation] Move XY Axis Error
[14:06:32.813] [RightTransferStation] Move XY Axis Error
[14:06:45.191] [RightTransferStation] Move XY Axis Error
[14:08:16.917] [RightTransferStation] Move XY Axis Error
[14:08:26.072] [RightTransferStation] Move XY Axis Error
[14:15:20.584] [RightTransferStation] Move XY Axis Error
[14:15:31.805] [RightTransferStation] Move XY Axis Error
[14:15:36.677] [RightTransferStation] Move XY Axis Error
[14:16:05.222] [RightTransferStation] Move XY Axis Error
[14:16:25.546] [RightTransferStation] Move XY Axis Error
[14:17:51.025] [RightTransferStation] Move XY Axis Error
[14:18:11.850] [RightTransferStation] Move XY Axis Error
[14:19:07.754] [RightTransferStation] Move XY Axis Error
[14:19:23.568] [RightTransferStation] Move XY Axis Error
[14:20:19.903] [RightTransferStation] Move XY Axis Error
[14:20:30.312] [RightTransferStation] Move XY Axis Error
[14:20:58.990] [RightTransferStation] Move XY Axis Error
[14:21:11.032] [RightTransferStation] Move XY Axis Error
[14:21:14.572] [RightTransferStation] Vacuum Error
[14:21:32.894] [RightTransferStation] Move Z Axis Error
[14:21:36.526] [RightTransferStation] Move Z Axis Error
[14:22:15.722] [RightTransferStation] Move Z Axis Error
[14:23:11.379] [RightTransferStation] Move XY Axis Error
[14:23:31.172] [RightTransferStation] Move XY Axis Error
[14:23:49.358] [MainControlStation] Right Door Open
[14:24:04.506] [RightTransferStation] Move XY Axis Error
[14:24:14.491] [RightTransferStation] Move XY Axis Error
[14:24:17.618] [RightTransferStation] Move XY Axis Error
[14:24:21.094] [RightTransferStation] Move XY Axis Error
[14:24:27.072] [RightTransferStation] Move XY Axis Error
[14:26:24.927] [RightTransferStation] Move XY Axis Error
[14:26:39.010] [RightTransferStation] Move XY Axis Error
[14:27:09.211] [LeftTransferStation] Vacuum Error
[14:27:58.982] [RightTransferStation] Move XY Axis Error
[14:28:38.802] [RightTransferStation] Move XY Axis Error
[14:29:56.697] [RightTransferStation] Move XY Axis Error
[14:30:02.240] [RightTransferStation] Move XY Axis Error
[14:30:37.394] [RightTransferStation] Move XY Axis Error
[14:30:41.780] [RightTransferStation] Move XY Axis Error
[14:31:02.668] [RightTransferStation] Move XY Axis Error
[14:31:07.533] [RightTransferStation] Move XY Axis Error
[14:31:30.373] [RightTransferStation] Move XY Axis Error
[14:32:22.040] [RightTransferStation] Move XY Axis Error
[14:32:26.550] [RightTransferStation] Move XY Axis Error
[14:32:30.919] [RightTransferStation] Move XY Axis Error
[14:32:35.629] [RightTransferStation] Move XY Axis Error
[14:32:40.206] [RightTransferStation] Move XY Axis Error
[14:33:46.662] [RightTransferStation] Move XY Axis Error
[14:34:18.780] [RightTransferStation] Move XY Axis Error
[14:34:23.976] [RightTransferStation] Move XY Axis Error
[14:34:55.487] [RightTransferStation] Move XY Axis Error
[14:34:59.671] [RightTransferStation] Move XY Axis Error
[14:39:17.981] [RightTransferStation] Move XY Axis Error
[14:39:24.301] [RightTransferStation] Move XY Axis Error
[14:39:33.202] [RightTransferStation] Move XY Axis Error
[14:44:10.973] [RightTransferStation] Move XY Axis Error
[14:44:25.452] [RightTransferStation] Move XY Axis Error
[14:49:59.403] [RightTransferStation] Move XY Axis Error
[14:50:47.688] [RightTransferStation] Move XY Axis Error
[14:55:16.089] [MainControlStation] Left Door Open
[14:57:32.867] [RightTransferStation] Move XY Axis Error
[14:57:49.250] [RightTransferStation] Move XY Axis Error
[15:00:08.383] [LeftPPStation] Load Cylinder Vacuum Error
[15:01:52.235] [RightTransferStation] Move XY Axis Error
[15:12:15.828] [RightTransferStation] Move XY Axis Error
[15:12:33.984] [RightTransferStation] Move XY Axis Error
[15:20:24.381] [LeftTransferStation] Set Double Place
[15:43:11.825] [LeftTransferStation] Set Double Place
[15:44:24.341] [LeftTransferStation] Set Double Place
[15:48:37.521] [RightTransferStation] Move XY Axis Error
[15:48:51.143] [RightTransferStation] Move XY Axis Error
[15:50:45.604] [RightTransferStation] Move XY Axis Error
[15:51:22.719] [RightTransferStation] Move XY Axis Error
[15:57:33.879] [RightTransferStation] Move XY Axis Error
[15:57:50.080] [RightTransferStation] Move XY Axis Error
[16:11:25.181] [RightTransferStation] Move XY Axis Error
[16:11:27.025] [RightTransferStation] Move XY Axis Error
[16:11:30.774] [RightTransferStation] Move XY Axis Error
[16:20:48.911] [RightTransferStation] Move XY Axis Error
[16:20:58.991] [RightTransferStation] Move XY Axis Error
[16:23:46.131] [LeftTransferStation] Vacuum Error
[16:29:13.395] [RightTransferStation] Move XY Axis Error
[16:29:38.013] [RightTransferStation] Move XY Axis Error
[16:29:45.052] [RightTransferStation] Vacuum Error
[16:29:53.787] [RightTransferStation] Vacuum Error
[16:29:55.922] [RightTransferStation] Move XY Axis Error
[16:31:37.937] [RightTransferStation] Move XY Axis Error
[16:31:41.411] [RightTransferStation] Move XY Axis Error
[16:31:43.336] [RightTransferStation] Move XY Axis Error
[16:31:51.801] [RightTransferStation] Move XY Axis Error
[16:33:25.279] [RightTransferStation] Move XY Axis Error
[16:33:29.825] [RightTransferStation] Move XY Axis Error
[16:33:43.020] [RightTransferStation] Move XY Axis Error
[17:32:29.961] [RightTransferStation] Move XY Axis Error
[17:32:35.179] [RightTransferStation] Move XY Axis Error
[17:32:41.745] [RightTransferStation] Move XY Axis Error
[17:32:43.622] [RightTransferStation] Move XY Axis Error
[17:32:53.810] [RightTransferStation] Move XY Axis Error
[17:33:31.739] [RightTransferStation] Move XY Axis Error
[17:33:40.868] [RightTransferStation] Move XY Axis Error
[17:33:42.900] [RightTransferStation] Move XY Axis Error
[17:33:44.934] [RightTransferStation] Move XY Axis Error
[17:33:46.867] [RightTransferStation] Move XY Axis Error
[17:34:04.032] [RightTransferStation] Vacuum Error
[17:34:40.957] [RightPPStation] Unload Buffer Set Not Exist
[17:39:16.656] [RightTransferStation] Move XY Axis Error
[17:39:30.128] [RightTransferStation] Move XY Axis Error
[18:07:30.199] [RightTransferStation] Move XY Axis Error
[18:07:39.807] [RightTransferStation] Move XY Axis Error
[18:08:07.976] [RightTransferStation] Move XY Axis Error
[18:08:13.807] [RightTransferStation] Move XY Axis Error
[18:08:15.831] [RightTransferStation] Move XY Axis Error
[18:08:17.789] [RightTransferStation] Move XY Axis Error
[20:41:03.026] [RightTransferStation] Move XY Axis Error
[20:41:07.021] [RightTransferStation] Move XY Axis Error
[20:41:15.000] [RightTransferStation] Move XY Axis Error
[20:54:09.148] [RightTransferStation] Move XY Axis Error
[20:54:14.870] [RightTransferStation] Move XY Axis Error
[20:54:16.810] [RightTransferStation] Move XY Axis Error
[20:54:18.674] [RightTransferStation] Move XY Axis Error
[21:04:01.748] [LeftTransferStation] Vacuum Error
[21:04:07.280] [LeftTransferStation] Vacuum Error
[21:04:18.570] [LeftTransferStation] Vacuum Error
[21:08:55.766] [LeftPPStation] Move Axis Error
[21:12:06.259] [LeftTransferStation] Vacuum Error
[21:21:28.159] [LeftTransferStation] Vacuum Error
[21:21:37.004] [LeftTransferStation] Vacuum Error
[21:21:44.104] [LeftTransferStation] Vacuum Error
[21:21:47.366] [LeftTransferStation] Vacuum Error
[21:21:50.609] [LeftTransferStation] Vacuum Error
[21:24:33.651] [LeftTransferStation] Vacuum Error
[21:24:39.936] [LeftTransferStation] Vacuum Error
[21:25:24.978] [LeftTransferStation] Vacuum Error
[21:25:48.726] [LeftTransferStation] Vacuum Error
[21:25:52.876] [LeftTransferStation] Vacuum Error
[21:25:57.126] [LeftTransferStation] Vacuum Error
[21:26:37.223] [LeftTransferStation] Vacuum Error
[21:26:48.303] [LeftTransferStation] Vacuum Error
[21:27:16.127] [RightTransferStation] Move XY Axis Error
[21:27:20.279] [RightTransferStation] Move XY Axis Error
[21:29:35.905] [LeftTransferStation] Vacuum Error
[21:29:40.174] [LeftTransferStation] Vacuum Error
[21:33:28.212] [LeftTransferStation] Vacuum Error
[21:34:33.925] [LeftTransferStation] Vacuum Error
[21:35:47.492] [LeftTransferStation] Vacuum Error
[21:43:23.875] [LeftTransferStation] Vacuum Error
[21:43:29.767] [LeftTransferStation] Vacuum Error
[22:08:14.406] [MainControlStation] Left Door Open
[22:10:32.465] [LeftTransferStation] Vacuum Error
[22:11:15.853] [LeftTransferStation] Vacuum Error
[22:13:19.200] [RightTransferStation] Vacuum Error
[22:13:37.841] [RightTransferStation] Vacuum Error
[22:13:57.984] [RightTransferStation] Vacuum Error
[22:14:06.655] [RightTransferStation] Vacuum Error
[22:14:15.331] [MainControlStation] Right Door Open
[22:19:45.933] [LeftTransferStation] Vacuum Error
[22:30:36.401] [RightTransferStation] Move XY Axis Error
[22:30:40.210] [RightTransferStation] Move XY Axis Error
[22:30:42.315] [RightTransferStation] Move XY Axis Error
[22:30:46.416] [RightTransferStation] Move XY Axis Error
[22:41:50.043] [LeftTransferStation] Vacuum Error
[22:42:00.256] [LeftTransferStation] Vacuum Error
[22:45:33.473] [LeftTransferStation] Vacuum Error
[22:45:43.981] [LeftTransferStation] Vacuum Error
[22:45:57.057] [LeftTransferStation] Vacuum Error
[22:46:04.022] [LeftTransferStation] Vacuum Error
[22:46:10.844] [LeftTransferStation] Vacuum Error
[22:46:19.405] [LeftTransferStation] Vacuum Error
[22:46:27.384] [LeftPPStation] Load Buffer Set Exist
[22:46:30.591] [LeftPPStation] Load Buffer Set Exist
[22:46:41.896] [LeftPPStation] Load Buffer Set Exist
[22:46:44.893] [LeftPPStation] Load Buffer Set Exist
[22:46:49.787] [LeftPPStation] Load Buffer Set Exist
[22:47:16.241] [LeftTransferStation] Vacuum Error
[22:47:57.281] [RightTransferStation] Move XY Axis Error
[22:55:36.874] [LeftTransferStation] Vacuum Error
[22:55:43.175] [LeftTransferStation] Vacuum Error
[22:56:24.465] [LeftTransferStation] Vacuum Error
[22:56:34.642] [LeftTransferStation] Vacuum Error
[23:27:55.687] [RightTransferStation] Move XY Axis Error
[23:27:59.616] [RightTransferStation] Move XY Axis Error
[23:28:01.550] [RightTransferStation] Move XY Axis Error
[23:28:03.563] [RightTransferStation] Move XY Axis Error
[23:28:06.742] [RightTransferStation] Move XY Axis Error
[23:33:23.501] [LeftTransferStation] Vacuum Error
[23:47:37.465] [RightPPStation] Load Buffer Set Exist
[23:52:19.374] [RightTransferStation] Move XY Axis Error
[23:53:44.166] [RightTransferStation] Move XY Axis Error
[23:53:47.990] [RightTransferStation] Move XY Axis Error
