[08:04:02.370] [RightTransferStation] Set Double Place
[08:04:41.416] [RightTransferStation] Set Double Place
[09:34:28.807] [RightTransferStation] Move XY Axis Error
[09:37:27.416] [RightTransferStation] Move XY Axis Error
[09:44:37.338] [RightTransferStation] Move XY Axis Error
[09:45:07.104] [RightTransferStation] Move XY Axis Error
[10:01:39.057] [RightTransferStation] Move XY Axis Error
[10:01:57.041] [RightTransferStation] Move XY Axis Error
[10:11:20.401] [RightTransferStation] Move XY Axis Error
[10:13:31.229] [RightTransferStation] Move XY Axis Error
[10:19:26.885] [RightTransferStation] Move XY Axis Error
[10:19:43.901] [RightTransferStation] Move XY Axis Error
[10:57:32.604] [RightTransferStation] Move XY Axis Error
[10:57:47.541] [RightTransferStation] Move XY Axis Error
[11:31:25.620] [RightTransferStation] Move XY Axis Error
[11:31:43.370] [RightTransferStation] Move XY Axis Error
[11:37:47.010] [RightTransferStation] Move XY Axis Error
[11:38:07.307] [RightTransferStation] Move XY Axis Error
[11:59:59.198] [RightTransferStation] Move XY Axis Error
[12:00:15.510] [RightTransferStation] Move XY Axis Error
[16:26:32.776] [LeftTransferStation] Vacuum Error
[20:45:15.870] [LeftPPStation] Load Cylinder Up Error
[21:07:49.151] [LeftPPStation] Load Cylinder Vacuum Error
[21:31:41.120] [RightTransferStation] Move XY Axis Error
[21:32:38.948] [LeftPPStation] Load Cylinder Up Error
[21:36:20.541] [RightTransferStation] Vacuum Error
[21:42:56.885] [LeftTransferStation] Vacuum Error
[22:02:05.729] [RightTransferStation] Vacuum Error
[22:30:06.291] [RightTransferStation] Vacuum Error
[22:38:09.416] [RightTransferStation] Move XY Axis Error
[22:38:13.479] [RightTransferStation] Move XY Axis Error
[22:38:15.120] [RightTransferStation] Move XY Axis Error
[22:38:16.729] [RightTransferStation] Move XY Axis Error
[22:38:22.010] [RightTransferStation] Move XY Axis Error
[23:10:34.510] [RightTransferStation] Move XY Axis Error
[23:10:50.229] [RightTransferStation] Move XY Axis Error
[23:25:58.729] [RightPPStation] Move Axis Error
[23:27:14.463] [RightPPStation] Move Axis Error
