[00:03:09.581] ---- [Flow] CT_START Set
[00:03:09.903] ---- [Flow] CT_START Set
[00:03:10.727] ---- [Flow] CT_START Set
[00:03:11.036] ---- [Flow] CT_START Set
[00:03:11.746] ---- [Flow] CT_START Set
[00:03:12.491] ---- [Flow] CT_START Set
[00:03:12.784] ---- [Flow] CT_START Set
[00:03:13.491] ---- [Flow] CT_START Set
[00:17:01.922] ---- [Flow] CT_START Set
[00:17:02.206] ---- [Flow] CT_START Set
[00:17:03.004] ---- [Flow] CT_START Set
[00:17:03.242] ---- [Flow] CT_START Set
[00:17:04.112] ---- [Flow] CT_START Set
[00:17:04.922] ---- [Flow] CT_START Set
[00:17:05.272] ---- [Flow] CT_START Set
[00:17:08.194] ---- [Flow] CT_START Set
[00:17:10.668] ---- [Flow] CT_START Set
[00:21:34.414] ---- [Flow] CT_START Set
[00:24:42.629] ---- [Flow] CT_START Set
[00:24:42.971] ---- [Flow] CT_START Set
[00:26:19.042] ---- [Flow] CT_START Set
[00:31:01.226] ---- [Flow] CT_START Set
[00:49:44.841] ---- [Flow] CT_START Set
[00:49:45.135] ---- [Flow] CT_START Set
[00:49:45.948] ---- [Flow] CT_START Set
[00:49:46.216] ---- [Flow] CT_START Set
[00:49:46.862] ---- [Flow] CT_START Set
[01:01:11.758] ---- [Flow] CT_START Set
[01:01:11.865] ---- [Flow] CT_START Set
[01:01:14.683] ---- [Flow] CT_START Set
[01:01:14.773] ---- [Flow] CT_START Set
[01:01:14.887] ---- [Flow] CT_START Set
[01:01:14.994] ---- [Flow] CT_START Set
[01:01:15.108] ---- [Flow] CT_START Set
[01:01:19.151] ---- [Flow] CT_START Set
[01:08:32.567] ---- [Flow] CT_START Set
[01:08:49.100] ---- [Flow] CT_START Set
[01:09:01.658] ---- [Flow] CT_START Set
[01:11:10.020] ---- [Flow] CT_STOP Set
[01:11:10.041] ---- [Event] Auto : CT_STOP
[01:11:10.041] --------- [Monitor] StopTasks() : before m_stopped
[01:11:10.041] --------- [Monitor] StopTasks() : m_stopped
[01:11:10.041] [m_nState] AutoStop State
[01:11:10.089] ---- [Flow] CT_STOP Set
[01:18:44.924] ---- [Flow] CT_START Set
[01:18:44.945] ---- [Event] AutoStop : CT_START
[01:18:44.945] [m_nState] Auto State
[01:19:18.339] ---- [Flow] CT_START Set
[01:25:29.997] ---- [Flow] CT_START Set
[01:28:28.141] ---- [Flow] CT_START Set
[01:41:27.524] ---- [Flow] CT_START Set
[01:41:43.024] ---- [Flow] CT_STOP Set
[01:41:43.046] ---- [Event] Auto : CT_STOP
[01:41:43.046] --------- [Monitor] StopTasks() : before m_stopped
[01:41:43.395] --------- [Monitor] StopTasks() : m_stopped
[01:41:43.395] [m_nState] AutoStop State
[01:41:47.965] ---- [Flow] CT_START Set
[01:41:47.986] ---- [Event] AutoStop : CT_START
[01:41:47.986] [m_nState] Auto State
[01:41:48.274] ---- [Flow] CT_START Set
[01:44:52.540] ---- [Flow] CT_START Set
[01:44:52.874] ---- [Flow] CT_START Set
[01:44:53.743] ---- [Flow] CT_START Set
[01:44:54.106] ---- [Flow] CT_START Set
[02:01:29.091] ---- [Flow] CT_START Set
[02:04:21.902] ---- [Flow] CT_START Set
[02:05:58.928] ---- [Flow] CT_START Set
[02:06:01.235] ---- [Flow] CT_START Set
[02:06:01.345] ---- [Flow] CT_START Set
[02:06:12.159] ---- [Flow] CT_START Set
[02:06:12.259] ---- [Flow] CT_START Set
[02:06:18.616] ---- [Flow] CT_START Set
[02:06:30.855] ---- [Flow] CT_START Set
[02:09:40.164] ---- [Flow] CT_START Set
[02:09:40.515] ---- [Flow] CT_START Set
[02:09:41.380] ---- [Flow] CT_START Set
[02:09:41.729] ---- [Flow] CT_START Set
[02:09:42.396] ---- [Flow] CT_START Set
[02:09:43.197] ---- [Flow] CT_START Set
[02:09:43.885] ---- [Flow] CT_START Set
[02:23:35.799] ---- [Flow] CT_START Set
[02:24:15.343] ---- [Flow] CT_START Set
[02:29:58.147] ---- [Flow] CT_STOP Set
[02:29:58.170] ---- [Event] Auto : CT_STOP
[02:29:58.170] --------- [Monitor] StopTasks() : before m_stopped
[02:29:58.669] --------- [Monitor] StopTasks() : m_stopped
[02:29:58.669] [m_nState] AutoStop State
[03:12:26.156] ---- [Flow] CT_START Set
[03:12:26.178] ---- [Event] AutoStop : CT_START
[03:12:26.178] [m_nState] Auto State
[03:12:26.201] ---- [Flow] CT_START Set
[03:12:27.120] ---- [Flow] CT_START Set
[03:14:06.918] ---- [Flow] CT_START Set
[03:14:52.478] ---- [Flow] CT_START Set
[03:15:13.760] ---- [Flow] CT_START Set
[03:27:16.662] ---- [Flow] CT_START Set
[03:27:17.725] ---- [Flow] CT_START Set
[03:46:50.570] ---- [Flow] CT_START Set
[03:47:07.422] ---- [Flow] CT_STOP Set
[03:47:07.443] ---- [Event] Auto : CT_STOP
[03:47:07.443] --------- [Monitor] StopTasks() : before m_stopped
[03:47:08.062] --------- [Monitor] StopTasks() : m_stopped
[03:47:08.062] [m_nState] AutoStop State
[03:47:11.882] ---- [Flow] CT_START Set
[03:47:11.903] ---- [Event] AutoStop : CT_START
[03:47:11.903] [m_nState] Auto State
[03:51:55.295] ---- [Flow] CT_START Set
[04:16:17.735] ---- [Flow] CT_STOP Set
[04:16:17.758] ---- [Event] Auto : CT_STOP
[04:16:17.758] --------- [Monitor] StopTasks() : before m_stopped
[04:16:17.761] --------- [Monitor] StopTasks() : m_stopped
[04:16:17.761] [m_nState] AutoStop State
[04:16:22.892] ---- [Flow] CT_START Set
[04:16:22.913] ---- [Event] AutoStop : CT_START
[04:16:22.913] [m_nState] Auto State
[04:17:53.015] ---- [Flow] CT_STOP Set
[04:17:53.036] ---- [Event] Auto : CT_STOP
[04:17:53.036] --------- [Monitor] StopTasks() : before m_stopped
[04:17:53.045] --------- [Monitor] StopTasks() : m_stopped
[04:17:53.045] [m_nState] AutoStop State
[04:17:53.108] ---- [Flow] CT_STOP Set
[04:17:53.218] ---- [Flow] CT_STOP Set
[06:38:11.506] ---- [Flow] CT_START Set
[06:38:11.527] ---- [Event] AutoStop : CT_START
[06:38:11.527] [m_nState] Auto State
[06:38:33.031] ---- [Flow] CT_START Set
[06:49:11.314] ---- [Flow] CT_STOP Set
[06:49:11.336] ---- [Event] Auto : CT_STOP
[06:49:11.336] --------- [Monitor] StopTasks() : before m_stopped
[06:49:13.925] --------- [Monitor] StopTasks() : m_stopped
[06:49:13.926] [m_nState] AutoStop State
[06:55:32.446] ---- [Flow] CT_START Set
[06:55:32.468] ---- [Event] AutoStop : CT_START
[06:55:32.468] [m_nState] Auto State
[06:55:33.465] ---- [Flow] CT_START Set
[06:56:57.883] ---- [Flow] CT_START Set
[07:15:41.266] ---- [Flow] CT_START Set
[07:16:56.478] ---- [Flow] CT_START Set
[08:06:34.972] ---- [Flow] CT_STOP Set
[08:06:34.993] ---- [Event] Auto : CT_STOP
[08:06:34.993] --------- [Monitor] StopTasks() : before m_stopped
[08:06:35.166] --------- [Monitor] StopTasks() : m_stopped
[08:06:35.166] [m_nState] AutoStop State
[08:06:36.590] ---- [Flow] CT_START Set
[08:06:36.611] ---- [Event] AutoStop : CT_START
[08:06:36.611] [m_nState] Auto State
[08:06:39.185] ---- [Flow] CT_STOP Set
[08:06:39.206] ---- [Event] Auto : CT_STOP
[08:06:39.206] --------- [Monitor] StopTasks() : before m_stopped
[08:06:39.215] --------- [Monitor] StopTasks() : m_stopped
[08:06:39.215] [m_nState] AutoStop State
[08:06:39.232] ---- [Flow] CT_STOP Set
[08:06:39.271] ---- [Flow] CT_STOP Set
[08:06:45.517] ---- [Flow] CT_START Set
[08:06:45.538] ---- [Event] AutoStop : CT_START
[08:06:45.538] [m_nState] Auto State
[08:06:46.520] ---- [Flow] CT_START Set
[08:06:54.655] ---- [Flow] CT_START Set
[08:07:03.989] ---- [Flow] CT_START Set
[08:11:16.362] ---- [Flow] CT_START Set
[08:11:30.877] ---- [Flow] CT_START Set
[08:16:53.804] ---- [Flow] CT_START Set
[08:17:30.049] ---- [Flow] CT_START Set
[09:41:39.182] ---- [Flow] CT_START Set
[09:41:39.455] ---- [Flow] CT_START Set
[09:41:44.200] ---- [Flow] CT_START Set
[09:41:46.703] ---- [Flow] CT_START Set
[09:50:11.299] ---- [Flow] CT_START Set
[09:50:20.048] ---- [Flow] CT_START Set
[10:41:07.356] ---- [Flow] CT_START Set
[10:57:55.659] ---- [Flow] CT_START Set
[10:59:45.737] ---- [Flow] CT_START Set
[11:03:46.801] ---- [Flow] CT_START Set
[11:13:03.844] ---- [Flow] CT_START Set
[11:13:05.437] ---- [Flow] CT_START Set
[11:28:35.189] ---- [Flow] CT_STOP Set
[11:28:35.211] ---- [Event] Auto : CT_STOP
[11:28:35.211] --------- [Monitor] StopTasks() : before m_stopped
[11:28:35.620] --------- [Monitor] StopTasks() : m_stopped
[11:28:35.621] [m_nState] AutoStop State
[11:28:37.560] ---- [Flow] CT_START Set
[11:28:37.581] ---- [Event] AutoStop : CT_START
[11:28:37.581] [m_nState] Auto State
[11:28:38.285] ---- [Flow] CT_START Set
[11:46:44.068] ---- [Flow] CT_STOP Set
[11:46:44.090] ---- [Event] Auto : CT_STOP
[11:46:44.090] --------- [Monitor] StopTasks() : before m_stopped
[11:46:46.155] --------- [Monitor] StopTasks() : m_stopped
[11:46:46.155] [m_nState] AutoStop State
[12:07:16.890] ---- [Flow] CT_START Set
[12:07:16.911] ---- [Event] AutoStop : CT_START
[12:07:16.911] [m_nState] Auto State
[12:07:17.632] ---- [Flow] CT_START Set
[12:07:58.417] ---- [Flow] CT_START Set
[12:08:03.494] ---- [Flow] CT_START Set
[13:06:59.070] ---- [Flow] CT_START Set
[13:07:33.952] ---- [Flow] CT_START Set
[13:18:51.714] ---- [Flow] CT_START Set
[13:18:52.060] ---- [Flow] CT_START Set
[13:18:52.370] ---- [Flow] CT_START Set
[13:18:52.696] ---- [Flow] CT_START Set
[13:18:55.154] ---- [Flow] CT_START Set
[13:19:52.421] ---- [Flow] CT_START Set
[13:26:32.456] ---- [Flow] CT_START Set
[13:33:09.328] ---- [Flow] CT_START Set
[14:01:19.699] ---- [Flow] CT_START Set
[14:06:58.225] ---- [Flow] CT_START Set
[14:06:58.546] ---- [Flow] CT_START Set
[14:07:00.971] ---- [Flow] CT_START Set
[14:21:01.409] ---- [Flow] CT_STOP Set
[14:21:01.431] ---- [Event] Auto : CT_STOP
[14:21:01.431] --------- [Monitor] StopTasks() : before m_stopped
[14:21:01.460] ---- [Flow] CT_STOP Set
[14:21:01.473] --------- [Monitor] StopTasks() : m_stopped
[14:21:01.473] [m_nState] AutoStop State
[14:21:01.480] ---- [Flow] CT_STOP Set
[14:21:01.494] ---- [Flow] CT_STOP Set
[14:21:01.515] ---- [Flow] CT_STOP Set
[14:21:01.524] ---- [Flow] CT_STOP Set
[14:21:01.545] ---- [Flow] CT_STOP Set
[14:21:01.562] ---- [Flow] CT_STOP Set
[14:23:14.189] ---- [Flow] CT_START Set
[14:23:14.211] ---- [Event] AutoStop : CT_START
[14:23:14.211] [m_nState] Auto State
[14:23:15.291] ---- [Flow] CT_START Set
[14:25:50.290] ---- [Flow] CT_STOP Set
[14:25:50.315] ---- [Event] Auto : CT_STOP
[14:25:50.315] --------- [Monitor] StopTasks() : before m_stopped
[14:25:50.387] ---- [Flow] CT_STOP Set
[14:25:50.435] ---- [Flow] CT_STOP Set
[14:25:50.730] --------- [Monitor] StopTasks() : m_stopped
[14:25:50.731] [m_nState] AutoStop State
[14:28:03.676] ---- [Flow] CT_START Set
[14:28:03.697] ---- [Event] AutoStop : CT_START
[14:28:03.697] [m_nState] Auto State
[14:28:04.649] ---- [Flow] CT_START Set
[16:50:28.337] ---- [Flow] CT_START Set
[16:52:15.564] ---- [Flow] CT_START Set
[16:52:15.903] ---- [Flow] CT_START Set
[16:59:45.158] ---- [Flow] CT_STOP Set
[16:59:45.181] ---- [Event] Auto : CT_STOP
[16:59:45.181] --------- [Monitor] StopTasks() : before m_stopped
[16:59:45.191] --------- [Monitor] StopTasks() : m_stopped
[16:59:45.192] [m_nState] AutoStop State
[17:00:06.570] ---- [Flow] CT_START Set
[17:00:06.592] ---- [Event] AutoStop : CT_START
[17:00:06.592] [m_nState] Auto State
[17:00:08.059] ---- [Flow] CT_START Set
[17:08:57.788] ---- [Flow] CT_START Set
[17:09:15.920] ---- [Flow] CT_START Set
[17:34:06.572] ---- [Flow] CT_START Set
[17:34:06.835] ---- [Flow] CT_START Set
[17:34:11.013] ---- [Flow] CT_START Set
[17:34:11.269] ---- [Flow] CT_START Set
[17:34:13.183] ---- [Flow] CT_START Set
[17:40:37.084] ---- [Flow] CT_START Set
[17:40:37.425] ---- [Flow] CT_START Set
[17:40:39.369] ---- [Flow] CT_START Set
[17:40:45.495] ---- [Flow] CT_START Set
[17:55:18.450] ---- [Flow] CT_START Set
[17:55:18.721] ---- [Flow] CT_START Set
[17:55:19.903] ---- [Flow] CT_START Set
[17:55:20.237] ---- [Flow] CT_START Set
[17:55:20.505] ---- [Flow] CT_START Set
[17:55:24.295] ---- [Flow] CT_START Set
[17:55:25.770] ---- [Flow] CT_START Set
[17:59:45.471] ---- [Flow] CT_START Set
[18:06:29.088] ---- [Flow] CT_START Set
[18:06:29.435] ---- [Flow] CT_START Set
[18:06:31.466] ---- [Flow] CT_START Set
[18:06:31.813] ---- [Flow] CT_START Set
[18:06:34.026] ---- [Flow] CT_START Set
[18:06:34.368] ---- [Flow] CT_START Set
[18:11:36.219] ---- [Flow] CT_START Set
[18:11:36.586] ---- [Flow] CT_START Set
[18:11:38.128] ---- [Flow] CT_START Set
[18:11:39.096] ---- [Flow] CT_START Set
[18:11:39.750] ---- [Flow] CT_START Set
[18:11:41.627] ---- [Flow] CT_START Set
[18:20:38.254] ---- [Flow] CT_STOP Set
[18:20:38.275] ---- [Event] Auto : CT_STOP
[18:20:38.275] --------- [Monitor] StopTasks() : before m_stopped
[18:20:38.355] --------- [Monitor] StopTasks() : m_stopped
[18:20:38.355] [m_nState] AutoStop State
[18:48:32.356] ---- [Flow] CT_START Set
[18:48:32.378] ---- [Event] AutoStop : CT_START
[18:48:32.378] [m_nState] Auto State
[18:48:33.107] ---- [Flow] CT_START Set
[19:14:14.800] ---- [Flow] CT_START Set
[19:32:28.373] ---- [Flow] CT_START Set
[19:32:28.722] ---- [Flow] CT_START Set
[19:32:29.523] ---- [Flow] CT_START Set
[19:32:30.471] ---- [Flow] CT_START Set
[19:40:41.645] ---- [Flow] CT_START Set
[19:54:00.480] ---- [Flow] CT_START Set
[19:54:00.867] ---- [Flow] CT_START Set
[19:54:01.665] ---- [Flow] CT_START Set
[19:54:02.607] ---- [Flow] CT_START Set
[19:54:03.383] ---- [Flow] CT_START Set
[19:54:04.084] ---- [Flow] CT_START Set
[20:00:53.106] ---- [Flow] CT_START Set
[20:00:53.445] ---- [Flow] CT_START Set
[20:00:54.321] ---- [Flow] CT_START Set
[20:02:00.410] ---- [Flow] CT_START Set
[20:02:37.956] ---- [Flow] CT_START Set
[20:02:38.187] ---- [Flow] CT_START Set
[20:02:51.679] ---- [Flow] CT_START Set
[20:02:58.678] ---- [Flow] CT_START Set
[20:11:46.213] ---- [Flow] CT_START Set
[20:11:46.556] ---- [Flow] CT_START Set
[20:11:47.450] ---- [Flow] CT_START Set
[20:11:48.386] ---- [Flow] CT_START Set
[20:14:42.029] ---- [Flow] CT_START Set
[20:14:52.471] ---- [Flow] CT_START Set
[20:19:53.597] ---- [Flow] CT_START Set
[20:25:20.843] ---- [Flow] CT_START Set
[20:25:21.198] ---- [Flow] CT_START Set
[20:25:22.026] ---- [Flow] CT_START Set
[20:25:22.969] ---- [Flow] CT_START Set
[20:25:23.774] ---- [Flow] CT_START Set
[20:38:51.612] ---- [Flow] CT_START Set
[20:38:51.983] ---- [Flow] CT_START Set
[21:02:53.232] ---- [Flow] CT_START Set
[21:03:05.411] ---- [Flow] CT_START Set
[21:29:17.992] ---- [Flow] CT_START Set
[22:04:47.857] ---- [Flow] CT_START Set
[23:05:08.173] ---- [Flow] CT_STOP Set
[23:05:08.194] ---- [Event] Auto : CT_STOP
[23:05:08.194] --------- [Monitor] StopTasks() : before m_stopped
[23:05:08.224] ---- [Flow] CT_STOP Set
[23:05:08.237] --------- [Monitor] StopTasks() : m_stopped
[23:05:08.237] [m_nState] AutoStop State
[23:05:08.260] ---- [Flow] CT_STOP Set
[23:05:13.271] ---- [Flow] CT_START Set
[23:05:13.293] ---- [Event] AutoStop : CT_START
[23:05:13.293] [m_nState] Auto State
[23:05:14.480] ---- [Flow] CT_START Set
[23:11:40.704] ---- [Flow] CT_START Set
[23:13:08.831] ---- [Flow] CT_START Set
[23:28:51.131] ---- [Flow] CT_START Set
[23:30:29.218] ---- [Flow] CT_START Set
