[07:10:20.142] [RightPPStation] Load Cylinder Vacuum Error
[07:11:18.852] [RightTransferStation] Move XY Axis Error
[07:26:42.122] [RightTransferStation] Move XY Axis Error
[07:28:51.305] [RightTransferStation] Move XY Axis Error
[07:31:23.541] [RightTransferStation] Move XY Axis Error
[07:31:30.901] [RightTransferStation] Move XY Axis Error
[07:31:33.919] [RightTransferStation] Move XY Axis Error
[07:31:36.143] [RightTransferStation] Move XY Axis Error
[07:31:41.566] [RightTransferStation] Move XY Axis Error
[07:32:56.175] [RightTransferStation] Move XY Axis Error
[07:33:05.259] [RightTransferStation] Move XY Axis Error
[07:33:11.484] [RightTransferStation] Move XY Axis Error
[07:40:56.634] [RightTransferStation] Move Z Axis Error
[07:44:21.873] [RightTransferStation] Move XY Axis Error
[07:52:45.031] [RightTransferStation] Move XY Axis Error
[07:53:39.320] [RightTransferStation] Move XY Axis Error
[07:53:46.822] [RightTransferStation] Move XY Axis Error
[07:53:48.509] [RightTransferStation] Move XY Axis Error
[07:53:50.203] [RightTransferStation] Move XY Axis Error
[08:00:15.280] [RightTransferStation] Move XY Axis Error
[08:00:35.052] [RightTransferStation] Move XY Axis Error
[08:01:03.762] [RightTransferStation] Move XY Axis Error
[08:01:57.847] [RightTransferStation] Move XY Axis Error
[08:02:07.676] [RightTransferStation] Move XY Axis Error
[08:04:29.512] [RightTransferStation] Move XY Axis Error
[08:05:02.518] [RightTransferStation] Move XY Axis Error
[08:05:35.372] [RightTransferStation] Move XY Axis Error
[08:11:58.456] [RightTransferStation] Move XY Axis Error
[08:12:24.971] [RightTransferStation] Move XY Axis Error
[08:13:52.643] [RightTransferStation] Move XY Axis Error
[08:14:00.402] [RightTransferStation] Move XY Axis Error
[08:14:21.236] [RightTransferStation] Move XY Axis Error
[08:14:59.914] [RightTransferStation] Move XY Axis Error
[08:15:32.919] [RightTransferStation] Move XY Axis Error
[08:16:29.848] [RightTransferStation] Move XY Axis Error
[08:19:00.592] [RightTransferStation] Move XY Axis Error
[08:19:07.973] [RightTransferStation] Move XY Axis Error
[08:19:16.334] [RightTransferStation] Move XY Axis Error
[08:21:33.435] [RightTransferStation] Move XY Axis Error
[08:21:38.563] [RightTransferStation] Move XY Axis Error
[08:21:47.144] [RightTransferStation] Move XY Axis Error
[08:21:57.783] [RightTransferStation] Move XY Axis Error
[08:22:22.099] [RightTransferStation] Move XY Axis Error
[08:23:33.407] [RightTransferStation] Move XY Axis Error
[08:25:04.878] [RightTransferStation] Move XY Axis Error
[08:25:14.225] [RightTransferStation] Move XY Axis Error
[08:26:29.361] [RightTransferStation] Move XY Axis Error
[08:28:19.914] [RightTransferStation] Move XY Axis Error
[08:31:33.952] [RightTransferStation] Move XY Axis Error
[08:40:52.329] [RightTransferStation] Move XY Axis Error
[08:43:51.701] [RightTransferStation] Move XY Axis Error
[08:43:55.261] [RightTransferStation] Move XY Axis Error
[08:43:57.842] [RightTransferStation] Move XY Axis Error
[08:43:59.882] [RightTransferStation] Move XY Axis Error
[08:44:02.045] [RightTransferStation] Move XY Axis Error
[08:44:06.179] [RightTransferStation] Move XY Axis Error
[08:44:29.097] [RightTransferStation] Move XY Axis Error
[08:44:39.653] [RightTransferStation] Move XY Axis Error
[08:48:22.875] [RightTransferStation] Move XY Axis Error
[08:48:30.661] [RightTransferStation] Move XY Axis Error
[08:48:36.061] [RightTransferStation] Move XY Axis Error
[08:48:38.967] [RightTransferStation] Move XY Axis Error
[08:48:50.211] [RightTransferStation] Move XY Axis Error
[08:52:12.083] [RightTransferStation] Move XY Axis Error
[08:53:04.416] [RightTransferStation] Move XY Axis Error
[08:55:32.330] [RightTransferStation] Move XY Axis Error
[08:55:43.066] [RightTransferStation] Move XY Axis Error
[08:57:25.257] [RightTransferStation] Move XY Axis Error
[08:58:54.501] [RightTransferStation] Move XY Axis Error
[09:00:12.959] [RightTransferStation] Move XY Axis Error
[09:01:09.236] [RightTransferStation] Move XY Axis Error
[09:03:27.648] [RightTransferStation] Move XY Axis Error
[09:03:33.742] [RightTransferStation] Move XY Axis Error
[09:03:36.664] [RightTransferStation] Move XY Axis Error
[09:06:52.283] [RightTransferStation] Move XY Axis Error
[09:06:59.182] [RightTransferStation] Move XY Axis Error
[09:07:03.863] [RightTransferStation] Move XY Axis Error
[09:08:16.759] [RightTransferStation] Move XY Axis Error
[09:23:26.394] [RightTransferStation] Move XY Axis Error
[09:26:17.595] [RightTransferStation] Move XY Axis Error
[09:30:46.084] [RightTransferStation] Move XY Axis Error
[09:38:05.267] [RightTransferStation] Move XY Axis Error
[09:38:40.667] [RightTransferStation] Move XY Axis Error
[09:41:58.842] [RightTransferStation] Move XY Axis Error
[09:42:10.222] [RightTransferStation] Move XY Axis Error
[09:46:43.219] [RightTransferStation] Move XY Axis Error
[09:46:55.032] [RightTransferStation] Move XY Axis Error
[09:47:04.429] [RightTransferStation] Move XY Axis Error
[09:47:31.528] [RightTransferStation] Move XY Axis Error
[09:48:00.953] [RightTransferStation] Move XY Axis Error
[09:48:02.726] [RightTransferStation] Move XY Axis Error
[09:48:05.609] [RightTransferStation] Move XY Axis Error
[09:48:09.270] [RightTransferStation] Move XY Axis Error
[09:56:53.459] [RightTransferStation] Move XY Axis Error
[09:57:02.938] [RightTransferStation] Move XY Axis Error
[09:57:23.825] [RightTransferStation] Move XY Axis Error
[09:59:51.738] [RightTransferStation] Move XY Axis Error
[09:59:57.326] [RightTransferStation] Move XY Axis Error
[10:00:01.599] [RightTransferStation] Move XY Axis Error
[10:00:03.363] [RightTransferStation] Move XY Axis Error
[10:02:03.514] [RightTransferStation] Move XY Axis Error
[10:02:08.953] [RightTransferStation] Move XY Axis Error
[10:02:41.314] [RightTransferStation] Move XY Axis Error
[10:03:50.773] [RightTransferStation] Move XY Axis Error
[10:04:05.212] [RightTransferStation] Move XY Axis Error
[10:04:20.223] [RightTransferStation] Move XY Axis Error
[10:04:41.380] [RightTransferStation] Move XY Axis Error
[10:04:43.132] [RightTransferStation] Move XY Axis Error
[10:07:55.499] [RightTransferStation] Move XY Axis Error
[10:11:16.672] [RightTransferStation] Move XY Axis Error
[10:13:10.545] [RightTransferStation] Move XY Axis Error
[10:13:32.897] [RightTransferStation] Move XY Axis Error
[10:17:16.909] [RightTransferStation] Move XY Axis Error
[10:17:20.187] [RightTransferStation] Move XY Axis Error
[10:17:32.333] [RightTransferStation] Move XY Axis Error
[10:18:33.017] [RightTransferStation] Move XY Axis Error
[10:18:38.069] [RightTransferStation] Move XY Axis Error
[10:18:52.829] [RightTransferStation] Move XY Axis Error
[10:26:29.220] [RightTransferStation] Move XY Axis Error
[10:26:34.917] [RightTransferStation] Move XY Axis Error
[10:26:36.759] [RightTransferStation] Move XY Axis Error
[10:26:48.516] [RightTransferStation] Move XY Axis Error
[10:36:26.679] [RightTransferStation] Move XY Axis Error
[10:39:35.260] [RightTransferStation] Move XY Axis Error
[10:39:51.767] [RightTransferStation] Move XY Axis Error
[10:40:04.408] [RightTransferStation] Move XY Axis Error
[10:41:04.753] [RightTransferStation] Move XY Axis Error
[10:41:24.981] [RightTransferStation] Move XY Axis Error
[10:42:44.508] [RightTransferStation] Move XY Axis Error
[10:43:06.662] [RightTransferStation] Move XY Axis Error
[10:44:21.302] [RightTransferStation] Move XY Axis Error
[10:44:24.976] [RightTransferStation] Move XY Axis Error
[10:44:27.328] [RightTransferStation] Move XY Axis Error
[10:44:29.534] [RightTransferStation] Move XY Axis Error
[10:44:31.693] [RightTransferStation] Move XY Axis Error
[10:45:04.693] [RightTransferStation] Move XY Axis Error
[10:45:08.291] [RightTransferStation] Move XY Axis Error
[10:45:12.840] [RightTransferStation] Move XY Axis Error
[10:45:14.674] [RightTransferStation] Move XY Axis Error
[10:45:54.464] [RightTransferStation] Move XY Axis Error
[10:45:58.186] [RightTransferStation] Move XY Axis Error
[10:46:17.232] [RightTransferStation] Move XY Axis Error
[10:46:42.048] [LeftTransferStation] Move Z Axis Error
[10:47:35.671] [LeftTransferStation] Move Z Axis Error
[11:02:00.324] [RightTransferStation] Move XY Axis Error
[11:02:05.700] [RightTransferStation] Move XY Axis Error
[11:02:29.459] [RightTransferStation] Move XY Axis Error
[11:03:21.558] [RightTransferStation] Move XY Axis Error
[11:03:32.250] [RightTransferStation] Move XY Axis Error
[11:05:30.084] [RightTransferStation] Move XY Axis Error
[11:05:33.587] [RightTransferStation] Move XY Axis Error
[11:05:36.470] [RightTransferStation] Move XY Axis Error
[11:05:39.249] [RightTransferStation] Move XY Axis Error
[11:07:06.810] [LeftPPStation] Load Cylinder Vacuum Error
[11:12:54.384] [RightTransferStation] Move XY Axis Error
[11:15:46.079] [RightTransferStation] Move XY Axis Error
[11:17:16.339] [RightTransferStation] Move XY Axis Error
[11:17:24.456] [RightTransferStation] Move XY Axis Error
[11:17:41.802] [RightTransferStation] Move XY Axis Error
[11:26:40.949] [RightTransferStation] Move XY Axis Error
[11:27:24.906] [RightTransferStation] Move XY Axis Error
[11:34:26.153] [RightTransferStation] Move XY Axis Error
[11:34:40.995] [RightTransferStation] Vacuum Error
[11:35:20.724] [LeftPPStation] Unload Cylinder Down Error
[11:35:36.645] [RightTransferStation] Move XY Axis Error
[11:43:09.714] [LeftPPStation] Load Cylinder Down Error
[11:43:14.991] [RightTransferStation] Vacuum Error
[11:43:23.565] [RightTransferStation] Vacuum Error
[11:43:57.431] [RightTransferStation] Move XY Axis Error
[11:44:06.168] [RightTransferStation] Move XY Axis Error
[11:44:10.180] [RightTransferStation] Move XY Axis Error
[11:44:24.529] [RightTransferStation] Move XY Axis Error
[11:44:55.791] [RightTransferStation] Move XY Axis Error
[11:45:39.477] [RightTransferStation] Move XY Axis Error
[11:45:51.488] [RightTransferStation] Move XY Axis Error
[11:49:02.666] [RightTransferStation] Move XY Axis Error
[12:04:46.509] [RightTransferStation] Move XY Axis Error
[12:11:22.596] [RightTransferStation] Move XY Axis Error
[12:14:02.449] [RightTransferStation] Move XY Axis Error
[12:15:21.436] [RightTransferStation] Move XY Axis Error
[12:16:14.088] [RightTransferStation] Move XY Axis Error
[12:18:43.243] [RightTransferStation] Move XY Axis Error
[12:19:15.744] [RightTransferStation] Move XY Axis Error
[12:19:17.450] [RightTransferStation] Move XY Axis Error
[12:19:20.953] [RightTransferStation] Move XY Axis Error
[12:19:29.702] [RightTransferStation] Move XY Axis Error
[12:21:56.512] [RightTransferStation] Move XY Axis Error
[12:22:04.344] [RightTransferStation] Move XY Axis Error
[12:22:07.176] [RightTransferStation] Move XY Axis Error
[12:22:11.221] [RightTransferStation] Move XY Axis Error
[12:22:14.789] [RightTransferStation] Move XY Axis Error
[12:22:28.713] [RightTransferStation] Move XY Axis Error
[12:22:44.292] [RightTransferStation] Move XY Axis Error
[12:22:52.014] [RightTransferStation] Move XY Axis Error
[12:22:53.731] [RightTransferStation] Move XY Axis Error
[12:22:55.583] [RightTransferStation] Move XY Axis Error
[12:24:32.341] [RightTransferStation] Move XY Axis Error
[12:24:39.973] [RightTransferStation] Move XY Axis Error
[12:24:41.814] [RightTransferStation] Move XY Axis Error
[12:24:43.610] [RightTransferStation] Move XY Axis Error
[12:24:46.131] [RightTransferStation] Move XY Axis Error
[12:26:30.989] [RightTransferStation] Move XY Axis Error
[12:26:39.077] [RightTransferStation] Move XY Axis Error
[12:26:44.348] [RightTransferStation] Move XY Axis Error
[12:28:00.798] [RightTransferStation] Move XY Axis Error
[12:28:13.758] [RightTransferStation] Move XY Axis Error
[12:29:27.046] [RightTransferStation] Move XY Axis Error
[12:29:41.419] [RightTransferStation] Move XY Axis Error
[12:29:48.956] [RightTransferStation] Move XY Axis Error
[12:29:54.998] [RightTransferStation] Move XY Axis Error
[12:30:57.604] [RightTransferStation] Move XY Axis Error
[12:31:09.920] [RightTransferStation] Move XY Axis Error
[12:32:32.224] [RightTransferStation] Move XY Axis Error
[12:35:50.548] [RightTransferStation] Move XY Axis Error
[12:36:43.898] [RightTransferStation] Move XY Axis Error
[12:37:02.002] [RightTransferStation] Move XY Axis Error
[12:37:57.136] [RightTransferStation] Move XY Axis Error
[12:38:32.328] [RightTransferStation] Move XY Axis Error
[12:39:06.568] [RightTransferStation] Move XY Axis Error
[12:39:20.351] [RightTransferStation] Move XY Axis Error
[12:39:25.875] [RightTransferStation] Move XY Axis Error
[12:39:38.955] [RightTransferStation] Move XY Axis Error
[12:42:03.632] [RightTransferStation] Move XY Axis Error
[12:43:43.163] [RightTransferStation] Move XY Axis Error
[12:43:56.313] [RightTransferStation] Move XY Axis Error
[12:44:00.060] [RightTransferStation] Move XY Axis Error
[12:44:07.816] [RightTransferStation] Move XY Axis Error
[12:45:32.817] [RightTransferStation] Move XY Axis Error
[12:45:44.556] [RightTransferStation] Move XY Axis Error
[12:46:32.219] [RightTransferStation] Move XY Axis Error
[12:48:42.316] [RightTransferStation] Move XY Axis Error
[12:48:54.834] [RightTransferStation] Move XY Axis Error
[12:53:07.585] [RightPPStation] Unload Cylinder Vacuum Error
[12:53:52.231] [RightTransferStation] Move XY Axis Error
[12:53:56.101] [RightPPStation] Unload Cylinder Vacuum Error
[12:57:25.515] [RightTransferStation] Move XY Axis Error
[13:00:33.685] [RightTransferStation] Move XY Axis Error
[13:01:12.698] [RightTransferStation] Move XY Axis Error
[13:01:14.450] [RightPPStation] Unload Cylinder Vacuum Error
[13:01:18.555] [RightPPStation] Unload Cylinder Vacuum Error
[13:01:22.839] [RightTransferStation] Move XY Axis Error
[13:04:17.773] [RightTransferStation] Move XY Axis Error
[13:07:02.761] [RightTransferStation] Move XY Axis Error
[13:09:15.099] [RightTransferStation] Move XY Axis Error
[13:24:58.068] [RightTransferStation] Move XY Axis Error
[13:26:37.337] [RightTransferStation] Move XY Axis Error
[13:27:10.906] [RightTransferStation] Move XY Axis Error
[13:28:03.236] [RightTransferStation] Move XY Axis Error
[13:30:11.562] [RightTransferStation] Move XY Axis Error
[13:32:15.180] [LeftTransferStation] Vacuum Error
[13:33:10.866] [LeftTransferStation] Vacuum Error
[13:34:39.370] [LeftTransferStation] Vacuum Error
[13:38:23.804] [RightTransferStation] Move XY Axis Error
[13:44:13.264] [RightTransferStation] Vacuum Error
[13:44:43.047] [RightTransferStation] Vacuum Error
[13:45:16.789] [RightTransferStation] Set Double Place
[13:45:51.550] [RightTransferStation] Move XY Axis Error
[13:57:51.824] [LeftTransferStation] Vacuum Error
[14:05:57.709] [RightPPStation] Unload Cylinder Vacuum Error
[14:06:07.941] [RightPPStation] Unload Cylinder Vacuum Error
[14:13:16.299] [RightTransferStation] Move XY Axis Error
[14:13:50.803] [RightTransferStation] Move XY Axis Error
[14:13:55.064] [RightTransferStation] Move XY Axis Error
[14:14:08.106] [RightTransferStation] Move XY Axis Error
[14:21:44.024] [LeftPPStation] Load Cylinder Up Error
[14:22:14.128] [LeftPPStation] Load Cylinder Up Error
[14:22:24.742] [LeftPPStation] Load Cylinder Up Error
[14:22:33.603] [LeftPPStation] Load Cylinder Up Error
[14:23:04.036] [LeftPPStation] Load Cylinder Vacuum Error
[14:49:57.060] [RightTransferStation] Move XY Axis Error
[15:33:23.327] [RightTransferStation] Move XY Axis Error
[15:34:00.452] [RightTransferStation] Move XY Axis Error
[15:36:27.262] [RightTransferStation] Move XY Axis Error
[15:36:30.114] [RightTransferStation] Move XY Axis Error
[15:36:31.951] [RightTransferStation] Move XY Axis Error
[15:36:33.820] [RightTransferStation] Move XY Axis Error
[15:36:37.414] [RightTransferStation] Move XY Axis Error
[15:36:39.265] [RightTransferStation] Move XY Axis Error
[15:37:40.447] [LeftTransferStation] Vacuum Error
[15:46:33.375] [RightTransferStation] Vacuum Error
[15:46:44.876] [RightTransferStation] Vacuum Error
