[00:03:34.386] ---- [Flow] CT_START Set
[00:09:38.877] ---- [Flow] CT_START Set
[00:12:38.026] ---- [Flow] CT_START Set
[00:55:56.119] ---- [Flow] CT_START Set
[01:09:08.658] ---- [Flow] CT_START Set
[01:11:10.343] ---- [Flow] CT_STOP Set
[01:11:10.364] ---- [Event] Auto : CT_STOP
[01:11:10.364] --------- [Monitor] StopTasks() : before m_stopped
[01:11:10.406] --------- [Monitor] StopTasks() : m_stopped
[01:11:10.406] [m_nState] AutoStop State
[01:18:19.414] ---- [Flow] CT_START Set
[01:18:19.436] ---- [Event] AutoStop : CT_START
[01:18:19.436] [m_nState] Auto State
[01:18:56.307] ---- [Flow] CT_START Set
[01:23:24.451] ---- [Flow] CT_START Set
[02:19:29.071] ---- [Flow] CT_START Set
[02:25:56.768] ---- [Flow] CT_START Set
[02:30:14.137] ---- [Flow] CT_STOP Set
[02:30:14.158] ---- [Event] Auto : CT_STOP
[02:30:14.158] --------- [Monitor] StopTasks() : before m_stopped
[02:30:14.543] --------- [Monitor] StopTasks() : m_stopped
[02:30:14.544] [m_nState] AutoStop State
[03:09:41.905] ---- [Flow] CT_START Set
[03:09:41.928] ---- [Event] AutoStop : CT_START
[03:09:41.928] [m_nState] Auto State
[03:11:40.638] ---- [Flow] CT_START Set
[03:27:14.184] ---- [Flow] CT_START Set
[03:27:14.275] ---- [Flow] CT_START Set
[03:27:14.369] ---- [Flow] CT_START Set
[03:27:23.961] ---- [Flow] CT_START Set
[03:27:28.842] ---- [Flow] CT_START Set
[03:27:29.353] ---- [Flow] CT_START Set
[03:27:40.565] ---- [Flow] CT_START Set
[03:27:40.663] ---- [Flow] CT_START Set
[03:27:40.977] ---- [Flow] CT_START Set
[03:27:41.396] ---- [Flow] CT_START Set
[03:27:41.749] ---- [Flow] CT_START Set
[03:27:42.612] ---- [Flow] CT_START Set
[03:27:45.894] ---- [Flow] CT_START Set
[03:27:45.974] ---- [Flow] CT_START Set
[03:27:46.232] ---- [Flow] CT_START Set
[03:27:46.303] ---- [Flow] CT_START Set
[03:27:46.641] ---- [Flow] CT_START Set
[03:27:46.733] ---- [Flow] CT_START Set
[03:27:46.944] ---- [Flow] CT_START Set
[03:27:47.029] ---- [Flow] CT_START Set
[03:27:57.783] ---- [Flow] CT_START Set
[03:27:57.865] ---- [Flow] CT_START Set
[03:27:57.957] ---- [Flow] CT_START Set
[03:27:58.035] ---- [Flow] CT_START Set
[03:27:58.192] ---- [Flow] CT_START Set
[03:28:38.840] ---- [Flow] CT_START Set
[03:28:38.950] ---- [Flow] CT_START Set
[03:28:39.059] ---- [Flow] CT_START Set
[03:28:45.422] ---- [Flow] CT_START Set
[03:28:45.508] ---- [Flow] CT_START Set
[03:28:45.603] ---- [Flow] CT_START Set
[03:28:45.693] ---- [Flow] CT_START Set
[03:28:47.564] ---- [Flow] CT_START Set
[03:28:47.651] ---- [Flow] CT_START Set
[03:28:47.754] ---- [Flow] CT_START Set
[03:28:47.844] ---- [Flow] CT_START Set
[03:28:49.382] ---- [Flow] CT_START Set
[03:28:49.456] ---- [Flow] CT_START Set
[03:28:49.529] ---- [Flow] CT_START Set
[03:28:49.698] ---- [Flow] CT_START Set
[03:28:49.781] ---- [Flow] CT_START Set
[03:28:49.860] ---- [Flow] CT_START Set
[03:28:49.959] ---- [Flow] CT_START Set
[03:28:50.054] ---- [Flow] CT_START Set
[03:28:54.888] ---- [Flow] CT_START Set
[03:28:54.979] ---- [Flow] CT_START Set
[03:28:55.051] ---- [Flow] CT_START Set
[03:28:55.130] ---- [Flow] CT_START Set
[03:28:56.706] ---- [Flow] CT_START Set
[03:28:56.792] ---- [Flow] CT_START Set
[03:28:56.879] ---- [Flow] CT_START Set
[03:28:59.064] ---- [Flow] CT_START Set
[03:28:59.170] ---- [Flow] CT_START Set
[03:29:10.367] ---- [Flow] CT_START Set
[03:29:14.046] ---- [Flow] CT_START Set
[03:29:22.399] ---- [Flow] CT_START Set
[03:58:39.688] ---- [Flow] CT_STOP Set
[03:58:39.709] ---- [Event] Auto : CT_STOP
[03:58:39.709] --------- [Monitor] StopTasks() : before m_stopped
[03:58:39.725] --------- [Monitor] StopTasks() : m_stopped
[03:58:39.725] [m_nState] AutoStop State
[06:54:29.170] ---- [Flow] CT_START Set
[06:54:29.192] ---- [Event] AutoStop : CT_START
[06:54:29.192] [m_nState] Auto State
[06:54:29.943] ---- [Flow] CT_START Set
[07:03:36.531] ---- [Flow] CT_START Set
[07:07:35.009] ---- [Flow] CT_START Set
[07:28:41.310] ---- [Flow] CT_STOP Set
[07:28:41.331] ---- [Event] Auto : CT_STOP
[07:28:41.331] --------- [Monitor] StopTasks() : before m_stopped
[07:28:41.355] ---- [Flow] CT_START Set
[07:28:41.411] ---- [Flow] CT_STOP Set
[07:28:42.570] --------- [Monitor] StopTasks() : m_stopped
[07:28:42.570] [m_nState] AutoStop State
[07:28:51.472] ---- [Flow] CT_START Set
[07:28:51.493] ---- [Event] AutoStop : CT_START
[07:28:51.493] [m_nState] Auto State
[07:28:51.516] ---- [Flow] CT_START Set
[07:28:52.382] ---- [Flow] CT_START Set
[08:48:17.993] ---- [Flow] CT_START Set
[08:48:21.031] ---- [Flow] CT_STOP Set
[08:48:21.054] ---- [Event] Auto : CT_STOP
[08:48:21.054] --------- [Monitor] StopTasks() : before m_stopped
[08:48:21.349] --------- [Monitor] StopTasks() : m_stopped
[08:48:21.349] [m_nState] AutoStop State
[08:48:25.966] ---- [Flow] CT_START Set
[08:48:25.987] ---- [Event] AutoStop : CT_START
[08:48:25.987] [m_nState] Auto State
[08:48:26.234] ---- [Flow] CT_START Set
[09:30:22.576] ---- [Flow] CT_STOP Set
[09:30:22.599] ---- [Event] Auto : CT_STOP
[09:30:22.599] --------- [Monitor] StopTasks() : before m_stopped
[09:30:23.421] --------- [Monitor] StopTasks() : m_stopped
[09:30:23.421] [m_nState] AutoStop State
[09:39:00.969] ---- [Flow] CT_START Set
[09:39:00.990] ---- [Event] AutoStop : CT_START
[09:39:00.990] [m_nState] Auto State
[09:39:01.503] ---- [Flow] CT_START Set
[09:39:25.148] ---- [Flow] CT_STOP Set
[09:39:25.170] ---- [Event] Auto : CT_STOP
[09:39:25.170] --------- [Monitor] StopTasks() : before m_stopped
[09:39:26.096] --------- [Monitor] StopTasks() : m_stopped
[09:39:26.096] [m_nState] AutoStop State
[09:39:37.548] ---- [Flow] CT_START Set
[09:39:37.570] ---- [Event] AutoStop : CT_START
[09:39:37.570] [m_nState] Auto State
[09:39:37.903] ---- [Flow] CT_START Set
[10:11:04.481] ---- [Flow] CT_START Set
[10:11:14.335] ---- [Flow] CT_START Set
[10:11:18.854] ---- [Flow] CT_START Set
[10:19:23.686] ---- [Flow] CT_STOP Set
[10:19:23.707] ---- [Event] Auto : CT_STOP
[10:19:23.707] --------- [Monitor] StopTasks() : before m_stopped
[10:19:23.988] ---- [Flow] CT_STOP Set
[10:19:24.046] ---- [Flow] CT_STOP Set
[10:19:24.144] ---- [Flow] CT_STOP Set
[10:19:24.246] --------- [Monitor] StopTasks() : m_stopped
[10:19:24.246] [m_nState] AutoStop State
[10:19:28.480] ---- [Flow] CT_START Set
[10:19:28.501] ---- [Event] AutoStop : CT_START
[10:19:28.501] [m_nState] Auto State
[10:19:29.338] ---- [Flow] CT_START Set
[10:19:31.847] ---- [Flow] CT_STOP Set
[10:19:31.868] ---- [Event] Auto : CT_STOP
[10:19:31.868] --------- [Monitor] StopTasks() : before m_stopped
[10:19:31.968] ---- [Flow] CT_STOP Set
[10:19:32.020] ---- [Flow] CT_STOP Set
[10:19:32.134] ---- [Flow] CT_STOP Set
[10:19:32.799] --------- [Monitor] StopTasks() : m_stopped
[10:19:32.799] [m_nState] AutoStop State
[10:19:36.174] ---- [Flow] CT_START Set
[10:19:36.196] ---- [Event] AutoStop : CT_START
[10:19:36.196] [m_nState] Auto State
[10:19:36.895] ---- [Flow] CT_START Set
[10:43:11.333] ---- [Flow] CT_START Set
[10:43:47.786] ---- [Flow] CT_START Set
[10:44:01.885] ---- [Flow] CT_START Set
[11:40:15.601] ---- [Flow] CT_STOP Set
[11:40:15.623] ---- [Event] Auto : CT_STOP
[11:40:15.623] --------- [Monitor] StopTasks() : before m_stopped
[11:40:16.105] --------- [Monitor] StopTasks() : m_stopped
[11:40:16.105] [m_nState] AutoStop State
[12:19:36.834] ---- [Flow] CT_START Set
[12:19:36.856] ---- [Event] AutoStop : CT_START
[12:19:36.856] [m_nState] Auto State
[12:19:37.384] ---- [Flow] CT_START Set
[12:38:13.073] ---- [Flow] CT_STOP Set
[12:38:13.095] ---- [Event] Auto : CT_STOP
[12:38:13.095] --------- [Monitor] StopTasks() : before m_stopped
[12:38:13.184] --------- [Monitor] StopTasks() : m_stopped
[12:38:13.184] [m_nState] AutoStop State
[12:38:17.391] ---- [Flow] CT_START Set
[12:38:17.412] ---- [Event] AutoStop : CT_START
[12:38:17.412] [m_nState] Auto State
[12:38:18.362] ---- [Flow] CT_START Set
[12:47:14.538] ---- [Flow] CT_START Set
[13:06:08.005] ---- [Flow] CT_STOP Set
[13:06:08.027] ---- [Event] Auto : CT_STOP
[13:06:08.027] --------- [Monitor] StopTasks() : before m_stopped
[13:06:08.155] ---- [Flow] CT_STOP Set
[13:06:08.196] ---- [Flow] CT_STOP Set
[13:06:08.237] ---- [Flow] CT_STOP Set
[13:06:08.370] ---- [Flow] CT_STOP Set
[13:06:08.673] --------- [Monitor] StopTasks() : m_stopped
[13:06:08.673] [m_nState] AutoStop State
[13:06:09.381] ---- [Flow] CT_START Set
[13:06:09.403] ---- [Event] AutoStop : CT_START
[13:06:09.403] [m_nState] Auto State
[13:06:09.972] ---- [Flow] CT_START Set
[13:38:08.640] ---- [Flow] CT_START Set
[14:03:34.427] ---- [Flow] CT_START Set
[14:16:25.112] ---- [Flow] CT_START Set
[14:20:17.388] ---- [Flow] CT_STOP Set
[14:20:17.409] ---- [Event] Auto : CT_STOP
[14:20:17.409] --------- [Monitor] StopTasks() : before m_stopped
[14:20:17.557] --------- [Monitor] StopTasks() : m_stopped
[14:20:17.557] [m_nState] AutoStop State
[14:29:20.872] ---- [Flow] CT_START Set
[14:29:20.895] ---- [Event] AutoStop : CT_START
[14:29:20.895] [m_nState] Auto State
[14:29:21.486] ---- [Flow] CT_START Set
[15:36:44.419] ---- [Flow] CT_START Set
[15:37:12.434] ---- [Flow] CT_START Set
[16:00:15.488] ---- [Flow] CT_STOP Set
[16:00:15.510] ---- [Event] Auto : CT_STOP
[16:00:15.510] --------- [Monitor] StopTasks() : before m_stopped
[16:00:15.526] ---- [Flow] CT_STOP Set
[16:00:15.567] ---- [Flow] CT_STOP Set
[16:00:15.596] ---- [Flow] CT_STOP Set
[16:00:15.831] --------- [Monitor] StopTasks() : m_stopped
[16:00:15.831] [m_nState] AutoStop State
[16:00:22.487] ---- [Flow] CT_START Set
[16:00:22.509] ---- [Event] AutoStop : CT_START
[16:00:22.509] [m_nState] Auto State
[16:00:58.294] ---- [Flow] CT_STOP Set
[16:00:58.316] ---- [Event] Auto : CT_STOP
[16:00:58.316] --------- [Monitor] StopTasks() : before m_stopped
[16:01:00.782] --------- [Monitor] StopTasks() : m_stopped
[16:01:00.782] [m_nState] AutoStop State
[16:03:06.344] ---- [Flow] CT_START Set
[16:03:06.365] ---- [Event] AutoStop : CT_START
[16:03:06.365] [m_nState] Auto State
[16:03:55.911] ---- [Flow] CT_STOP Set
[16:03:55.933] ---- [Event] Auto : CT_STOP
[16:03:55.933] --------- [Monitor] StopTasks() : before m_stopped
[16:03:56.032] --------- [Monitor] StopTasks() : m_stopped
[16:03:56.032] [m_nState] AutoStop State
[16:08:38.271] ---- [Flow] CT_START Set
[16:08:38.292] ---- [Event] AutoStop : CT_START
[16:08:38.292] [m_nState] Auto State
[16:08:38.790] ---- [Flow] CT_START Set
[16:25:34.584] ---- [Flow] CT_START Set
[16:37:40.284] ---- [Flow] CT_START Set
[16:45:13.478] ---- [Flow] CT_START Set
[16:45:13.571] ---- [Flow] CT_START Set
[16:45:13.753] ---- [Flow] CT_START Set
[16:45:13.948] ---- [Flow] CT_START Set
[16:45:14.048] ---- [Flow] CT_START Set
[16:45:14.656] ---- [Flow] CT_START Set
[16:45:14.852] ---- [Flow] CT_START Set
[16:45:14.939] ---- [Flow] CT_START Set
[16:45:15.227] ---- [Flow] CT_START Set
[16:45:15.323] ---- [Flow] CT_START Set
[16:45:15.550] ---- [Flow] CT_START Set
[16:45:15.654] ---- [Flow] CT_START Set
[16:45:23.698] ---- [Flow] CT_START Set
[16:45:47.269] ---- [Flow] CT_START Set
[17:37:20.224] ---- [Flow] CT_START Set
[17:43:45.154] ---- [Flow] CT_STOP Set
[17:43:45.176] ---- [Event] Auto : CT_STOP
[17:43:45.176] --------- [Monitor] StopTasks() : before m_stopped
[17:43:45.391] --------- [Monitor] StopTasks() : m_stopped
[17:43:45.391] [m_nState] AutoStop State
[17:43:46.679] ---- [Flow] CT_START Set
[17:43:46.700] ---- [Event] AutoStop : CT_START
[17:43:46.700] [m_nState] Auto State
[17:43:46.961] ---- [Flow] CT_START Set
[17:59:13.360] ---- [Flow] CT_STOP Set
[17:59:13.381] ---- [Event] Auto : CT_STOP
[17:59:13.381] --------- [Monitor] StopTasks() : before m_stopped
[17:59:13.776] ---- [Flow] CT_STOP Set
[17:59:13.796] ---- [Flow] CT_STOP Set
[17:59:13.817] ---- [Flow] CT_STOP Set
[17:59:15.202] ---- [Flow] CT_START Set
[17:59:15.384] ---- [Flow] CT_START Set
[17:59:23.396] ---- [Flow] CT_STOP Set
[17:59:23.436] --------- [Monitor] StopTasks() : m_stopped
[17:59:23.436] [m_nState] AutoStop State
[17:59:25.887] ---- [Flow] CT_START Set
[17:59:25.905] ---- [Flow] CT_START Set
[17:59:25.909] ---- [Event] AutoStop : CT_START
[17:59:25.909] [m_nState] Auto State
[17:59:35.624] ---- [Flow] CT_START Set
[17:59:35.822] ---- [Flow] CT_START Set
[18:20:48.266] ---- [Flow] CT_STOP Set
[18:20:48.287] ---- [Event] Auto : CT_STOP
[18:20:48.287] --------- [Monitor] StopTasks() : before m_stopped
[18:20:48.330] --------- [Monitor] StopTasks() : m_stopped
[18:20:48.330] [m_nState] AutoStop State
[18:20:48.334] ---- [Flow] CT_STOP Set
[18:20:48.370] ---- [Flow] CT_STOP Set
[18:20:50.158] ---- [Flow] CT_START Set
[18:20:50.180] ---- [Event] AutoStop : CT_START
[18:20:50.180] [m_nState] Auto State
[18:25:49.138] ---- [Flow] CT_STOP Set
[18:25:49.159] ---- [Event] Auto : CT_STOP
[18:25:49.159] --------- [Monitor] StopTasks() : before m_stopped
[18:25:49.190] --------- [Monitor] StopTasks() : m_stopped
[18:25:49.190] [m_nState] AutoStop State
[18:36:56.669] ---- [Flow] CT_START Set
[18:36:56.691] ---- [Event] AutoStop : CT_START
[18:36:56.691] [m_nState] Auto State
[18:36:57.904] ---- [Flow] CT_START Set
[18:50:26.565] ---- [Flow] CT_STOP Set
[18:50:26.587] ---- [Event] Auto : CT_STOP
[18:50:26.587] --------- [Monitor] StopTasks() : before m_stopped
[18:50:26.779] --------- [Monitor] StopTasks() : m_stopped
[18:50:26.779] [m_nState] AutoStop State
[18:56:04.308] ---- [Flow] CT_START Set
[18:56:04.329] ---- [Event] AutoStop : CT_START
[18:56:04.329] [m_nState] Auto State
[18:56:04.675] ---- [Flow] CT_START Set
[19:12:27.807] ---- [Flow] CT_START Set
[19:52:53.865] ---- [Flow] CT_START Set
[20:15:55.554] ---- [Flow] CT_START Set
[21:01:34.175] ---- [Flow] CT_START Set
[21:01:53.064] ---- [Flow] CT_START Set
[21:20:39.128] ---- [Flow] CT_STOP Set
[21:20:39.151] ---- [Event] Auto : CT_STOP
[21:20:39.151] --------- [Monitor] StopTasks() : before m_stopped
[21:20:39.268] ---- [Flow] CT_STOP Set
[21:20:39.515] --------- [Monitor] StopTasks() : m_stopped
[21:20:39.516] [m_nState] AutoStop State
[21:20:46.411] ---- [Flow] CT_START Set
[21:20:46.433] ---- [Event] AutoStop : CT_START
[21:20:46.433] [m_nState] Auto State
[21:20:47.183] ---- [Flow] CT_START Set
[21:24:49.846] ---- [Flow] CT_STOP Set
[21:24:49.867] ---- [Event] Auto : CT_STOP
[21:24:49.867] --------- [Monitor] StopTasks() : before m_stopped
[21:24:50.644] --------- [Monitor] StopTasks() : m_stopped
[21:24:50.644] [m_nState] AutoStop State
[21:24:51.650] ---- [Flow] CT_START Set
[21:24:51.671] ---- [Event] AutoStop : CT_START
[21:24:51.671] [m_nState] Auto State
[21:28:23.629] ---- [Flow] CT_START Set
[22:42:43.641] ---- [Flow] CT_START Set
[23:20:25.452] ---- [Flow] CT_STOP Set
[23:20:25.474] ---- [Event] Auto : CT_STOP
[23:20:25.474] --------- [Monitor] StopTasks() : before m_stopped
[23:20:26.443] --------- [Monitor] StopTasks() : m_stopped
[23:20:26.444] [m_nState] AutoStop State
[23:28:38.499] ---- [Flow] CT_START Set
[23:28:38.521] ---- [Event] AutoStop : CT_START
[23:28:38.521] [m_nState] Auto State
[23:28:45.271] ---- [Flow] CT_START Set
[23:28:45.917] ---- [Flow] CT_START Set
