[07:56:26.872] [LeftPPStation] Load Cylinder Vacuum Error
[08:18:30.671] [RightTransferStation] Move Z Axis Error
[08:18:41.914] [RightTransferStation] Move Z Axis Error
[08:30:08.248] [RightPPStation] Unload Buffer Set Not Exist
[08:31:07.979] [RightPPStation] Unload Cylinder Vacuum Error
[08:31:21.011] [RightPPStation] Unload Cylinder Vacuum Error
[08:31:42.907] [RightPPStation] Unload Cylinder Vacuum Error
[08:31:56.535] [RightPPStation] Unload Cylinder Vacuum Error
[08:40:40.704] [RightPPStation] Unload Buffer Set Not Exist
[08:49:51.266] [LeftPPStation] Load Cylinder Up Error
[08:50:01.143] [LeftPPStation] Load Cylinder Vacuum Error
[08:51:01.071] [RightPPStation] Unload Buffer Set Not Exist
[09:03:21.212] [LeftTransferStation] Vacuum Error
[09:03:33.933] [LeftTransferStation] Vacuum Error
[09:06:40.800] [RightPPStation] Unload Buffer Set Not Exist
[09:20:44.601] [RightPPStation] Unload Buffer Set Not Exist
[10:18:14.066] [LeftPPStation] Unload Cylinder Vacuum Error
[10:18:20.644] [LeftPPStation] Unload Cylinder Vacuum Error
[10:49:52.024] [RightTransferStation] Vacuum Error
[10:50:03.265] [RightTransferStation] Vacuum Error
[10:54:55.988] [LeftPPStation] Load Cylinder Up Error
[10:55:02.332] [LeftPPStation] Load Cylinder Vacuum Error
[11:06:42.145] [LeftPPStation] Load Cylinder Up Error
[11:20:39.445] [LeftPPStation] Load Cylinder Vacuum Error
[12:48:32.211] [LeftPPStation] Load Cylinder Up Error
[12:55:41.400] [RightTransferStation] Vacuum Error
[12:55:58.045] [RightTransferStation] Vacuum Error
[13:07:28.425] [RightTransferStation] Vacuum Error
[15:23:24.062] [LeftTransferStation] Vacuum Error
[15:35:37.177] [LeftTransferStation] Vacuum Error
[15:40:13.017] [LeftPPStation] Load Cylinder Vacuum Error
[17:17:04.716] [LeftTransferStation] Vacuum Error
[18:24:54.751] [RightTransferStation] Move XY Axis Error
[18:42:04.729] [LeftPPStation] Load Cylinder Up Error
[21:06:55.080] [MainControlStation] Left Door Open
[21:06:57.914] [LeftTransferStation] Move XY Axis Error
[21:06:59.374] [LeftTransferStation] Move XY Axis Error
[21:14:24.287] [RightTransferStation] Vacuum Error
[21:14:35.234] [RightTransferStation] Vacuum Error
[21:15:52.527] [LeftTransferStation] Move XY Axis Error
[21:17:57.756] [LeftTransferStation] Vacuum Error
[21:36:56.390] [LeftTransferStation] Vacuum Error
[21:54:24.459] [LeftTransferStation] Vacuum Error
[21:55:05.365] [LeftPPStation] Unload Cylinder Vacuum Error
[21:55:10.411] [LeftPPStation] Unload Cylinder Vacuum Error
