[00:47:30.411] ---- [Flow] CT_START Set
[01:58:38.395] ---- [Flow] CT_START Set
[03:35:55.187] ---- [Flow] CT_START Set
[06:29:49.505] ---- [Flow] CT_STOP Set
[06:29:49.528] ---- [Event] Auto : CT_STOP
[06:29:49.529] --------- [Monitor] StopTasks() : before m_stopped
[06:29:49.561] --------- [Monitor] StopTasks() : m_stopped
[06:29:49.562] [m_nState] AutoStop State
[06:59:54.106] ---- [Flow] CT_START Set
[06:59:54.128] ---- [Event] AutoStop : CT_START
[06:59:54.129] [m_nState] Auto State
[07:25:43.848] ---- [Flow] CT_START Set
[09:05:20.866] ---- [Flow] CT_START Set
[09:05:34.350] ---- [Flow] CT_START Set
[09:08:18.656] ---- [Flow] CT_START Set
[09:08:31.392] ---- [Flow] CT_START Set
[10:24:31.176] ---- [Flow] CT_START Set
[10:24:35.370] ---- [Flow] CT_START Set
[10:24:48.034] ---- [Flow] CT_START Set
[11:04:37.496] ---- [Flow] CT_START Set
[11:04:39.891] ---- [Flow] CT_START Set
[11:05:11.534] ---- [Flow] CT_START Set
[11:05:14.866] ---- [Flow] CT_START Set
[14:39:57.866] ---- [Flow] CT_START Set
[14:40:01.338] ---- [Flow] CT_START Set
[14:40:05.443] ---- [Flow] CT_START Set
[14:40:16.898] ---- [Flow] CT_START Set
[14:40:30.333] ---- [Flow] CT_START Set
[14:40:30.507] ---- [Flow] CT_START Set
[15:29:31.032] ---- [Flow] CT_START Set
[15:34:26.068] ---- [Flow] CT_START Set
[15:43:31.097] ---- [Flow] CT_START Set
[15:44:10.300] ---- [Flow] CT_START Set
[15:44:10.454] ---- [Flow] CT_START Set
[15:44:36.543] ---- [Flow] CT_START Set
[15:52:59.547] ---- [Flow] CT_START Set
[15:53:11.232] ---- [Flow] CT_START Set
[16:32:17.626] ---- [Flow] CT_START Set
[16:32:20.899] ---- [Flow] CT_START Set
[17:35:32.691] ---- [Flow] CT_STOP Set
[17:35:32.713] ---- [Event] Auto : CT_STOP
[17:35:32.714] --------- [Monitor] StopTasks() : before m_stopped
[17:35:32.739] --------- [Monitor] StopTasks() : m_stopped
[17:35:32.740] [m_nState] AutoStop State
[17:35:53.038] ---- [Flow] CT_START Set
[17:35:53.060] ---- [Event] AutoStop : CT_START
[17:35:53.061] [m_nState] Auto State
[17:35:53.667] ---- [Flow] CT_START Set
[18:46:46.258] ---- [Flow] CT_STOP Set
[18:46:46.282] ---- [Event] Auto : CT_STOP
[18:46:46.283] --------- [Monitor] StopTasks() : before m_stopped
[18:46:46.292] --------- [Monitor] StopTasks() : m_stopped
[18:46:46.293] [m_nState] AutoStop State
[19:20:46.467] ---- [Flow] CT_START Set
[19:20:46.490] ---- [Event] AutoStop : CT_START
[19:20:46.491] [m_nState] Auto State
[19:20:47.290] ---- [Flow] CT_START Set
[19:26:08.102] ---- [Flow] CT_START Set
[19:26:08.213] ---- [Flow] CT_START Set
[19:26:32.321] ---- [Flow] CT_START Set
[19:27:09.174] ---- [Flow] CT_STOP Set
[19:27:09.197] ---- [Event] Auto : CT_STOP
[19:27:09.198] --------- [Monitor] StopTasks() : before m_stopped
[19:27:09.237] --------- [Monitor] StopTasks() : m_stopped
[19:27:09.238] [m_nState] AutoStop State
[19:27:09.278] ---- [Flow] CT_STOP Set
[19:27:09.332] ---- [Flow] CT_STOP Set
[19:27:11.339] ---- [Flow] CT_START Set
[19:27:11.362] ---- [Event] AutoStop : CT_START
[19:27:11.363] [m_nState] Auto State
[19:27:47.477] ---- [Flow] CT_START Set
[19:27:47.693] ---- [Flow] CT_START Set
[19:27:47.901] ---- [Flow] CT_START Set
[19:27:48.641] ---- [Flow] CT_START Set
[19:29:46.026] ---- [Flow] CT_STOP Set
[19:29:46.048] ---- [Event] Auto : CT_STOP
[19:29:46.049] --------- [Monitor] StopTasks() : before m_stopped
[19:29:46.050] --------- [Monitor] StopTasks() : m_stopped
[19:29:46.051] [m_nState] AutoStop State
[19:29:46.118] ---- [Flow] CT_STOP Set
[19:29:46.158] ---- [Flow] CT_STOP Set
[19:29:46.194] ---- [Flow] CT_STOP Set
[19:29:46.652] ---- [Flow] CT_STOP Set
[19:29:46.860] ---- [Flow] CT_STOP Set
[19:29:46.900] ---- [Flow] CT_STOP Set
[19:29:46.935] ---- [Flow] CT_STOP Set
[19:29:46.977] ---- [Flow] CT_STOP Set
[19:29:47.009] ---- [Flow] CT_STOP Set
[19:29:47.042] ---- [Flow] CT_STOP Set
[19:29:56.772] ---- [Flow] CT_STOP Set
[19:29:56.903] ---- [Flow] CT_STOP Set
[19:29:56.943] ---- [Flow] CT_STOP Set
[19:30:05.858] ---- [Flow] CT_STOP Set
[19:30:06.201] ---- [Flow] CT_STOP Set
[19:30:06.240] ---- [Flow] CT_STOP Set
[19:30:06.277] ---- [Flow] CT_STOP Set
[19:30:06.318] ---- [Flow] CT_STOP Set
[19:30:06.353] ---- [Flow] CT_STOP Set
[19:30:06.391] ---- [Flow] CT_STOP Set
[19:30:06.425] ---- [Flow] CT_STOP Set
[19:30:06.902] ---- [Flow] CT_STOP Set
[19:30:06.942] ---- [Flow] CT_STOP Set
[19:30:06.978] ---- [Flow] CT_STOP Set
[19:30:07.010] ---- [Flow] CT_STOP Set
[19:30:07.051] ---- [Flow] CT_STOP Set
[19:30:07.084] ---- [Flow] CT_STOP Set
[19:30:07.123] ---- [Flow] CT_STOP Set
[19:30:07.603] ---- [Flow] CT_STOP Set
[19:30:07.641] ---- [Flow] CT_STOP Set
[19:30:07.679] ---- [Flow] CT_STOP Set
[19:30:07.714] ---- [Flow] CT_STOP Set
[19:30:07.755] ---- [Flow] CT_STOP Set
[19:30:07.790] ---- [Flow] CT_STOP Set
[19:30:07.828] ---- [Flow] CT_STOP Set
[19:30:08.874] ---- [Flow] CT_STOP Set
[19:30:09.004] ---- [Flow] CT_STOP Set
[19:30:09.043] ---- [Flow] CT_STOP Set
[19:30:09.312] ---- [Flow] CT_STOP Set
[19:30:09.769] ---- [Flow] CT_STOP Set
[19:30:09.810] ---- [Flow] CT_STOP Set
[19:30:09.843] ---- [Flow] CT_STOP Set
[19:30:09.878] ---- [Flow] CT_STOP Set
[19:30:09.915] ---- [Flow] CT_STOP Set
[19:30:20.634] ---- [Flow] CT_STOP Set
[19:30:21.151] ---- [Flow] CT_STOP Set
[19:30:21.189] ---- [Flow] CT_STOP Set
[19:30:21.226] ---- [Flow] CT_STOP Set
[19:30:21.269] ---- [Flow] CT_STOP Set
[19:30:21.302] ---- [Flow] CT_STOP Set
[19:30:21.377] ---- [Flow] CT_STOP Set
[19:30:31.927] ---- [Flow] CT_START Set
[19:30:31.950] ---- [Event] AutoStop : CT_START
[19:30:31.951] [m_nState] Auto State
[19:34:03.133] ---- [Flow] CT_START Set
[20:05:42.879] ---- [Flow] CT_STOP Set
[20:05:42.902] ---- [Event] Auto : CT_STOP
[20:05:42.903] --------- [Monitor] StopTasks() : before m_stopped
[20:05:42.940] --------- [Monitor] StopTasks() : m_stopped
[20:05:42.941] [m_nState] AutoStop State
[20:08:12.477] ---- [Flow] CT_START Set
[20:08:12.499] ---- [Event] AutoStop : CT_START
[20:08:12.500] [m_nState] Auto State
[20:08:13.372] ---- [Flow] CT_START Set
[21:06:40.688] ---- [Flow] CT_START Set
[21:06:47.703] ---- [Flow] CT_START Set
[21:07:03.102] ---- [Flow] CT_START Set
[21:07:04.432] ---- [Flow] CT_START Set
[21:13:05.617] ---- [Flow] CT_START Set
[21:44:18.357] ---- [Flow] CT_START Set
[21:44:50.436] ---- [Flow] CT_START Set
[21:52:02.887] ---- [Flow] CT_START Set
[23:21:54.421] ---- [Flow] CT_START Set
[23:21:59.138] ---- [Flow] CT_START Set
[23:23:09.829] ---- [Flow] CT_START Set
[23:23:18.184] ---- [Flow] CT_START Set
[23:23:18.390] ---- [Flow] CT_START Set
[23:27:13.510] ---- [Flow] CT_START Set
[23:27:25.728] ---- [Flow] CT_START Set
[23:27:33.893] ---- [Flow] CT_START Set
[23:31:34.165] ---- [Flow] CT_START Set
[23:31:46.700] ---- [Flow] CT_START Set
[23:38:34.687] ---- [Flow] CT_START Set
[23:38:41.684] ---- [Flow] CT_START Set
[23:38:51.182] ---- [Flow] CT_START Set
[23:38:57.105] ---- [Flow] CT_START Set
[23:39:18.798] ---- [Flow] CT_START Set
[23:39:29.424] ---- [Flow] CT_START Set
[23:39:38.677] ---- [Flow] CT_START Set
[23:40:13.152] ---- [Flow] CT_START Set
[23:40:37.575] ---- [Flow] CT_START Set
[23:40:42.610] ---- [Flow] CT_START Set
[23:40:56.097] ---- [Flow] CT_START Set
[23:41:01.248] ---- [Flow] CT_START Set
[23:41:20.775] ---- [Flow] CT_START Set
[23:44:48.560] ---- [Flow] CT_STOP Set
[23:44:48.582] ---- [Event] Auto : CT_STOP
[23:44:48.583] --------- [Monitor] StopTasks() : before m_stopped
[23:44:48.654] ---- [Flow] CT_STOP Set
[23:44:48.729] ---- [Flow] CT_STOP Set
[23:44:52.082] --------- [Monitor] StopTasks() : m_stopped
[23:44:52.083] [m_nState] AutoStop State
[23:44:58.123] ---- [Flow] CT_START Set
[23:44:58.145] ---- [Event] AutoStop : CT_START
[23:44:58.146] [m_nState] Auto State
[23:44:58.464] ---- [Flow] CT_START Set
[23:44:58.509] ---- [Flow] CT_START Set
[23:46:46.927] ---- [Flow] CT_STOP Set
[23:46:46.950] ---- [Event] Auto : CT_STOP
[23:46:46.951] --------- [Monitor] StopTasks() : before m_stopped
[23:46:47.007] --------- [Monitor] StopTasks() : m_stopped
[23:46:47.008] [m_nState] AutoStop State
[23:46:51.521] ---- [Flow] CT_START Set
[23:46:51.543] ---- [Event] AutoStop : CT_START
[23:46:51.544] [m_nState] Auto State
[23:46:51.711] ---- [Flow] CT_START Set
[23:48:29.864] ---- [Flow] CT_START Set
[23:51:37.568] ---- [Flow] CT_START Set
[23:51:37.667] ---- [Flow] CT_START Set
[23:56:06.278] ---- [Flow] CT_START Set
[23:58:34.012] ---- [Flow] CT_START Set
