[06:29:51.736] ---- [Flow] CT_START Set
[06:29:51.757] ---- [Event] AutoStop : CT_START
[06:29:51.757] [m_nState] Auto State
[06:29:52.667] ---- [Flow] CT_START Set
[06:46:13.560] ---- [Flow] CT_STOP Set
[06:46:13.582] ---- [Event] Auto : CT_STOP
[06:46:13.582] --------- [Monitor] StopTasks() : before m_stopped
[06:46:13.695] ---- [Flow] CT_STOP Set
[06:46:13.736] ---- [Flow] CT_STOP Set
[06:46:13.794] --------- [Monitor] StopTasks() : m_stopped
[06:46:13.794] [m_nState] AutoStop State
[06:51:02.040] ---- [Flow] CT_START Set
[06:51:02.061] ---- [Event] AutoStop : CT_START
[06:51:02.061] [m_nState] Auto State
[06:51:02.997] ---- [Flow] CT_START Set
[07:06:35.257] ---- [Flow] CT_STOP Set
[07:06:35.279] ---- [Event] Auto : CT_STOP
[07:06:35.279] --------- [Monitor] StopTasks() : before m_stopped
[07:06:35.428] --------- [Monitor] StopTasks() : m_stopped
[07:06:35.428] [m_nState] AutoStop State
[07:07:21.490] ---- [Flow] CT_START Set
[07:07:21.511] ---- [Event] AutoStop : CT_START
[07:07:21.511] [m_nState] Auto State
[07:07:22.390] ---- [Flow] CT_START Set
[07:07:29.433] ---- [Flow] CT_START Set
[09:28:54.553] ---- [Flow] CT_STOP Set
[09:28:54.575] ---- [Event] Auto : CT_STOP
[09:28:54.575] --------- [Monitor] StopTasks() : before m_stopped
[09:28:54.590] --------- [Monitor] StopTasks() : m_stopped
[09:28:54.591] [m_nState] AutoStop State
[09:28:54.605] ---- [Flow] CT_STOP Set
[09:37:28.625] ---- [Flow] CT_START Set
[09:37:28.646] ---- [Event] AutoStop : CT_START
[09:37:28.646] [m_nState] Auto State
[09:37:29.494] ---- [Flow] CT_START Set
[09:58:45.118] ---- [Flow] CT_START Set
[09:58:45.453] ---- [Flow] CT_START Set
[11:38:56.636] ---- [Flow] CT_STOP Set
[11:38:56.658] ---- [Event] Auto : CT_STOP
[11:38:56.658] --------- [Monitor] StopTasks() : before m_stopped
[11:38:57.507] --------- [Monitor] StopTasks() : m_stopped
[11:38:57.507] [m_nState] AutoStop State
[12:24:46.297] ---- [Flow] CT_START Set
[12:24:46.319] ---- [Event] AutoStop : CT_START
[12:24:46.319] [m_nState] Auto State
[12:24:47.062] ---- [Flow] CT_START Set
[13:48:46.167] ---- [Flow] CT_START Set
[13:52:41.115] ---- [Flow] CT_START Set
[13:52:41.564] ---- [Flow] CT_START Set
[14:29:24.429] ---- [Flow] CT_STOP Set
[14:29:24.451] ---- [Event] Auto : CT_STOP
[14:29:24.451] --------- [Monitor] StopTasks() : before m_stopped
[14:29:24.503] --------- [Monitor] StopTasks() : m_stopped
[14:29:24.504] [m_nState] AutoStop State
[14:38:54.004] ---- [Flow] CT_START Set
[14:38:54.026] ---- [Event] AutoStop : CT_START
[14:38:54.026] [m_nState] Auto State
[14:38:55.362] ---- [Flow] CT_START Set
[16:09:12.652] ---- [Flow] CT_STOP Set
[16:09:12.673] ---- [Event] Auto : CT_STOP
[16:09:12.673] --------- [Monitor] StopTasks() : before m_stopped
[16:09:12.740] --------- [Monitor] StopTasks() : m_stopped
[16:09:12.740] [m_nState] AutoStop State
[16:26:43.991] ---- [Flow] CT_START Set
[16:26:44.013] ---- [Event] AutoStop : CT_START
[16:26:44.013] [m_nState] Auto State
[16:26:44.918] ---- [Flow] CT_START Set
[16:29:54.280] ---- [Flow] CT_STOP Set
[16:29:54.301] ---- [Event] Auto : CT_STOP
[16:29:54.301] --------- [Monitor] StopTasks() : before m_stopped
[16:29:54.332] --------- [Monitor] StopTasks() : m_stopped
[16:29:54.332] [m_nState] AutoStop State
[16:41:15.943] ---- [Flow] CT_START Set
[16:41:15.965] ---- [Event] AutoStop : CT_START
[16:41:15.965] [m_nState] Auto State
[16:41:16.746] ---- [Flow] CT_START Set
[16:44:39.415] ---- [Flow] CT_STOP Set
[16:44:39.437] ---- [Event] Auto : CT_STOP
[16:44:39.437] --------- [Monitor] StopTasks() : before m_stopped
[16:44:39.478] --------- [Monitor] StopTasks() : m_stopped
[16:44:39.479] [m_nState] AutoStop State
[17:15:35.335] ---- [Flow] CT_START Set
[17:15:35.357] ---- [Event] AutoStop : CT_START
[17:15:35.357] [m_nState] Auto State
[17:15:36.625] ---- [Flow] CT_START Set
[17:29:11.367] ---- [Flow] CT_STOP Set
[17:29:11.388] ---- [Event] Auto : CT_STOP
[17:29:11.388] --------- [Monitor] StopTasks() : before m_stopped
[17:29:11.447] --------- [Monitor] StopTasks() : m_stopped
[17:29:11.448] [m_nState] AutoStop State
[17:49:17.799] ---- [Flow] CT_START Set
[17:49:17.821] ---- [Event] AutoStop : CT_START
[17:49:17.821] [m_nState] Auto State
[17:49:19.111] ---- [Flow] CT_START Set
[18:14:46.406] ---- [Flow] CT_STOP Set
[18:14:46.427] ---- [Event] Auto : CT_STOP
[18:14:46.427] --------- [Monitor] StopTasks() : before m_stopped
[18:14:46.457] --------- [Monitor] StopTasks() : m_stopped
[18:14:46.457] [m_nState] AutoStop State
[18:14:46.490] ---- [Flow] CT_STOP Set
[19:01:46.907] ---- [Flow] CT_START Set
[19:01:46.928] ---- [Event] AutoStop : CT_START
[19:01:46.928] [m_nState] Auto State
[19:01:47.403] ---- [Flow] CT_START Set
[19:40:50.324] ---- [Flow] CT_START Set
[19:41:37.071] ---- [Flow] CT_START Set
[19:45:36.854] ---- [Flow] CT_START Set
[19:45:37.435] ---- [Flow] CT_START Set
[19:45:38.357] ---- [Flow] CT_START Set
[19:46:34.215] ---- [Flow] CT_START Set
[19:46:34.582] ---- [Flow] CT_START Set
[19:46:34.836] ---- [Flow] CT_START Set
[19:46:35.910] ---- [Flow] CT_START Set
[20:40:19.305] ---- [Flow] CT_START Set
[20:40:20.277] ---- [Flow] CT_START Set
[21:12:25.836] ---- [Flow] CT_START Set
[21:12:26.352] ---- [Flow] CT_START Set
[21:12:26.627] ---- [Flow] CT_START Set
[21:58:54.646] ---- [Flow] CT_STOP Set
[21:58:54.667] ---- [Event] Auto : CT_STOP
[21:58:54.667] --------- [Monitor] StopTasks() : before m_stopped
[21:58:54.805] --------- [Monitor] StopTasks() : m_stopped
[21:58:54.805] [m_nState] AutoStop State
[22:07:23.783] ---- [Flow] CT_START Set
[22:07:23.804] ---- [Event] AutoStop : CT_START
[22:07:23.804] [m_nState] Auto State
[22:07:24.228] ---- [Flow] CT_START Set
[23:01:32.766] ---- [Flow] CT_START Set
[23:01:33.082] ---- [Flow] CT_START Set
[23:08:03.557] ---- [Flow] CT_START Set
[23:08:03.857] ---- [Flow] CT_START Set
[23:16:20.843] ---- [Flow] CT_START Set
[23:16:21.189] ---- [Flow] CT_START Set
[23:16:21.973] ---- [Flow] CT_START Set
[23:17:40.009] ---- [Flow] CT_START Set
[23:17:53.166] ---- [Flow] CT_START Set
[23:17:53.550] ---- [Flow] CT_START Set
[23:17:53.821] ---- [Flow] CT_START Set
[23:21:32.149] ---- [Flow] CT_START Set
[23:21:36.592] ---- [Flow] CT_START Set
[23:29:49.086] ---- [Flow] CT_START Set
[23:29:52.808] ---- [Flow] CT_START Set
