[00:30:04.650] ---- [Flow] CT_STOP Set
[00:30:04.671] ---- [Event] Auto : CT_STOP
[00:30:04.671] --------- [Monitor] StopTasks() : before m_stopped
[00:30:04.697] --------- [Monitor] StopTasks() : m_stopped
[00:30:04.697] [m_nState] AutoStop State
[00:30:04.760] ---- [Flow] CT_STOP Set
[00:30:04.801] ---- [Flow] CT_STOP Set
[00:30:04.838] ---- [Flow] CT_STOP Set
[00:30:04.872] ---- [Flow] CT_STOP Set
[00:38:39.576] ---- [Flow] CT_START Set
[00:38:39.597] ---- [Event] AutoStop : CT_START
[00:38:39.597] [m_nState] Auto State
[00:38:40.364] ---- [Flow] CT_START Set
[01:00:47.266] ---- [Flow] CT_START Set
[01:28:48.818] ---- [Flow] CT_START Set
[01:28:52.618] ---- [Flow] CT_START Set
[02:34:57.079] ---- [Flow] CT_STOP Set
[02:34:57.100] ---- [Event] Auto : CT_STOP
[02:34:57.100] --------- [Monitor] StopTasks() : before m_stopped
[02:34:57.116] --------- [Monitor] StopTasks() : m_stopped
[02:34:57.116] [m_nState] AutoStop State
[02:34:57.137] ---- [Flow] CT_STOP Set
[02:34:57.176] ---- [Flow] CT_STOP Set
[02:34:57.211] ---- [Flow] CT_STOP Set
[02:35:01.363] ---- [Flow] CT_START Set
[02:35:01.384] ---- [Event] AutoStop : CT_START
[02:35:01.384] [m_nState] Auto State
[02:35:02.454] ---- [Flow] CT_STOP Set
[02:35:02.475] ---- [Event] Auto : CT_STOP
[02:35:02.475] --------- [Monitor] StopTasks() : before m_stopped
[02:35:02.521] ---- [Flow] CT_STOP Set
[02:35:02.563] ---- [Flow] CT_STOP Set
[02:35:03.614] --------- [Monitor] StopTasks() : m_stopped
[02:35:03.615] [m_nState] AutoStop State
[02:35:48.453] ---- [Flow] CT_START Set
[02:35:48.474] ---- [Event] AutoStop : CT_START
[02:35:48.474] [m_nState] Auto State
[02:35:50.721] ---- [Flow] CT_STOP Set
[02:35:50.743] ---- [Event] Auto : CT_STOP
[02:35:50.743] --------- [Monitor] StopTasks() : before m_stopped
[02:35:50.750] --------- [Monitor] StopTasks() : m_stopped
[02:35:50.750] [m_nState] AutoStop State
[02:35:50.758] ---- [Flow] CT_STOP Set
[02:35:51.348] ---- [Flow] CT_START Set
[02:35:51.370] ---- [Event] AutoStop : CT_START
[02:35:51.370] [m_nState] Auto State
[02:35:54.288] ---- [Flow] CT_STOP Set
[02:35:54.309] ---- [Event] Auto : CT_STOP
[02:35:54.309] --------- [Monitor] StopTasks() : before m_stopped
[02:35:54.350] ---- [Flow] CT_STOP Set
[02:35:54.382] --------- [Monitor] StopTasks() : m_stopped
[02:35:54.382] [m_nState] AutoStop State
[02:35:54.390] ---- [Flow] CT_STOP Set
[02:35:54.423] ---- [Flow] CT_STOP Set
[02:35:54.801] ---- [Flow] CT_START Set
[02:35:54.823] ---- [Event] AutoStop : CT_START
[02:35:54.823] [m_nState] Auto State
[02:46:33.564] ---- [Flow] CT_STOP Set
[02:46:33.585] ---- [Event] Auto : CT_STOP
[02:46:33.585] --------- [Monitor] StopTasks() : before m_stopped
[02:46:33.585] --------- [Monitor] StopTasks() : m_stopped
[02:46:33.585] [m_nState] AutoStop State
[02:46:33.595] ---- [Flow] CT_STOP Set
[02:46:33.626] ---- [Flow] CT_STOP Set
[02:46:33.658] ---- [Flow] CT_STOP Set
[02:46:40.210] ---- [Flow] CT_START Set
[02:46:40.233] ---- [Event] AutoStop : CT_START
[02:46:40.233] [m_nState] Auto State
[02:50:33.518] ---- [Flow] CT_START Set
[02:53:50.296] ---- [Flow] CT_START Set
[03:05:30.553] ---- [Flow] CT_START Set
[03:05:45.094] ---- [Flow] CT_START Set
[03:18:55.440] ---- [Flow] CT_START Set
[03:18:55.758] ---- [Flow] CT_START Set
[03:20:48.546] ---- [Flow] CT_START Set
[03:20:51.404] ---- [Flow] CT_START Set
[03:33:22.393] ---- [Flow] CT_START Set
[03:33:25.025] ---- [Flow] CT_START Set
[03:41:27.307] ---- [Flow] CT_START Set
[03:41:28.080] ---- [Flow] CT_START Set
[03:41:43.436] ---- [Flow] CT_START Set
[03:41:52.517] ---- [Flow] CT_START Set
[03:41:53.771] ---- [Flow] CT_START Set
[04:22:27.526] ---- [Flow] CT_START Set
[04:22:27.876] ---- [Flow] CT_START Set
[04:28:56.850] ---- [Flow] CT_START Set
[04:28:57.193] ---- [Flow] CT_START Set
[05:09:51.203] ---- [Flow] CT_STOP Set
[05:09:51.224] ---- [Event] Auto : CT_STOP
[05:09:51.224] --------- [Monitor] StopTasks() : before m_stopped
[05:09:51.284] --------- [Monitor] StopTasks() : m_stopped
[05:09:51.285] [m_nState] AutoStop State
[05:09:51.355] ---- [Flow] CT_STOP Set
[05:09:51.397] ---- [Flow] CT_STOP Set
