[00:47:14.286] [LeftPPStation] Load Cylinder Vacuum Error
[01:05:14.848] [LeftTransferStation] Unload Buffer Set Exist
[01:11:47.646] [RightPPStation] Load Cylinder Up Error
[01:11:55.058] [RightPPStation] Load Cylinder Up Error
[01:11:58.586] [RightPPStation] Load Cylinder Vacuum Error
[01:12:18.884] [RightPPStation] Load Cylinder Vacuum Error
[01:12:27.964] [RightPPStation] Load Cylinder Vacuum Error
[01:13:00.594] [RightPPStation] Load Cylinder Vacuum Error
[01:13:08.034] [RightPPStation] Load Cylinder Vacuum Error
[01:13:28.807] [RightPPStation] Load Cylinder Down Error
[01:13:54.940] [RightPPStation] Load Cylinder Down Error
[01:14:00.789] [RightPPStation] Load Cylinder Down Error
[01:14:12.327] [RightPPStation] Load Cylinder Down Error
[01:14:20.461] [RightPPStation] Load Cylinder Down Error
[01:14:41.575] [RightPPStation] Load Cylinder Up Error
[01:14:46.383] [RightPPStation] Load Cylinder Up Error
[01:14:57.746] [RightPPStation] Load Cylinder Up Error
[01:15:41.563] [RightPPStation] Load Cylinder Up Error
[01:17:39.717] [LeftPPStation] Load Cylinder Up Error
[01:17:44.537] [LeftPPStation] Load Cylinder Vacuum Error
[01:18:19.614] [LeftTransferStation] Unload Buffer Set Exist
[01:33:21.385] [RightPPStation] Load Cylinder Vacuum Error
[01:33:29.320] [RightPPStation] Load Cylinder Vacuum Error
[01:33:36.795] [RightPPStation] Load Cylinder Vacuum Error
[01:33:44.354] [RightPPStation] Load Cylinder Vacuum Error
[01:33:54.542] [RightPPStation] Load Cylinder Down Error
[01:34:01.659] [RightPPStation] Load Cylinder Down Error
[01:34:15.562] [RightPPStation] Load Cylinder Down Error
[01:34:37.524] [RightPPStation] Load Cylinder Down Error
[01:34:57.608] [RightPPStation] Load Cylinder Down Error
[01:35:23.218] [RightPPStation] Load Cylinder Down Error
[01:35:48.619] [RightPPStation] Load Cylinder Down Error
[01:35:56.410] [RightPPStation] Load Cylinder Down Error
[01:36:03.027] [RightPPStation] Load Cylinder Down Error
[01:36:18.350] [RightPPStation] Load Cylinder Down Error
[01:36:28.043] [RightPPStation] Load Cylinder Down Error
[01:37:16.713] [RightPPStation] Load Cylinder Down Error
[01:38:28.791] [RightPPStation] Load Cylinder Down Error
[01:38:49.859] [RightPPStation] Load Cylinder Down Error
[01:38:54.622] [RightPPStation] Load Cylinder Down Error
[01:39:04.608] [RightPPStation] Load Cylinder Vacuum Error
[01:39:12.419] [RightPPStation] Unload Buffer Set Not Exist
