[03:54:22.851] [RightTransferStation] Vacuum Error
[03:54:48.495] [RightTransferStation] Vacuum Error
[04:18:54.291] [RightTransferStation] Vacuum Error
[04:19:44.134] [RightPPStation] Load Buffer Set Exist
[04:20:05.348] [RightTransferStation] Vacuum Error
[05:15:52.509] [RightPPStation] Load Cylinder Vacuum Error
[07:31:20.563] [RightTransferStation] Vacuum Error
[07:31:41.732] [RightTransferStation] Vacuum Error
[07:59:15.503] [RightTransferStation] Vacuum Error
[07:59:33.791] [MainControlStation] Right Door Open
[10:15:50.074] [LeftTransferStation] Vacuum Error
[14:42:14.911] [RightTransferStation] Vacuum Error
[14:43:01.244] [RightTransferStation] Move Z Axis Error
[14:43:19.797] [RightTransferStation] Move Z Axis Error
[14:46:41.329] [LeftTransferStation] Vacuum Error
[14:51:56.105] [LeftTransferStation] Vacuum Error
[15:03:04.800] [LeftTransferStation] Set Double Place
[15:12:42.863] [RightTransferStation] Vacuum Error
[15:55:11.994] [LeftTransferStation] Vacuum Error
[18:07:18.679] [RightTransferStation] Vacuum Error
[18:10:36.388] [RightTransferStation] Vacuum Error
[18:10:46.841] [RightTransferStation] Vacuum Error
[18:44:04.906] [RightTransferStation] Vacuum Error
[19:23:13.218] [RightTransferStation] Vacuum Error
[19:23:29.714] [MainControlStation] Right Door Open
[20:09:48.788] [LeftTransferStation] Unload Buffer Set Exist
[20:31:52.499] [LeftTransferStation] Set Double Place
[22:41:24.777] [RightPPStation] Load Cylinder Vacuum Error
[23:40:56.354] [LeftPPStation] Load Cylinder Down Error
[23:47:59.586] [LeftTransferStation] Vacuum Error
