[00:08:31.310] [LeftTransferStation] Vacuum Error
[00:11:23.013] [LeftPPStation] Load Cylinder Vacuum Error
[00:16:04.506] [LeftTransferStation] Vacuum Error
[00:50:54.306] [RightPPStation] Load Buffer Set Exist
[00:51:11.497] [RightTransferStation] Vacuum Error
[01:02:58.885] [LeftTransferStation] Vacuum Error
[01:03:39.700] [LeftPPStation] Load Cylinder Vacuum Error
[02:24:43.487] [RightPPStation] Load Cylinder Vacuum Error
[02:38:02.462] [RightTransferStation] Move XY Axis Error
[03:02:28.165] [LeftTransferStation] Vacuum Error
[03:20:42.356] [LeftPPStation] Load Cylinder Up Error
[04:37:35.083] [LeftTransferStation] Vacuum Error
[04:49:03.077] [LeftPPStation] Unload Buffer Set Not Exist
[05:32:56.294] [LeftTransferStation] Vacuum Error
[05:40:18.828] [RightPPStation] Load Cylinder Vacuum Error
[06:06:29.340] [MainControlStation] Right Door Open
[06:16:24.498] [LeftTransferStation] Set Double Place
[06:16:26.458] [LeftPPStation] Load Cylinder Vacuum Error
[06:25:38.986] [RightPPStation] Load Cylinder Vacuum Error
[06:26:23.898] [LeftTransferStation] Vacuum Error
[06:41:52.916] [LeftPPStation] Load Cylinder Vacuum Error
[06:41:54.778] [MainControlStation] Right Door Open
