[00:47:48.041] [RightTransferStation] Move XY Axis Error
[00:48:40.010] [RightTransferStation] Move XY Axis Error
[00:57:59.575] [RightPPStation] Load Cylinder Up Error
[00:58:11.759] [RightPPStation] Load Cylinder Up Error
[00:58:16.155] [RightPPStation] Load Cylinder Vacuum Error
[02:23:52.594] [RightTransferStation] Move XY Axis Error
[02:24:08.850] [RightTransferStation] Move XY Axis Error
[02:24:11.366] [RightPPStation] Load Cylinder Vacuum Error
[02:25:35.142] [RightTransferStation] Move XY Axis Error
[02:26:30.771] [RightTransferStation] Move XY Axis Error
[03:12:18.901] [RightTransferStation] Move XY Axis Error
[03:12:37.604] [RightTransferStation] Move XY Axis Error
[08:03:52.662] [RightTransferStation] Move XY Axis Error
[08:04:49.563] [RightTransferStation] Move XY Axis Error
[09:16:00.783] [RightTransferStation] Move XY Axis Error
[09:16:41.266] [RightTransferStation] Move XY Axis Error
[10:03:44.061] [RightTransferStation] Move XY Axis Error
[10:03:58.046] [RightTransferStation] Move XY Axis Error
[10:15:58.953] [RightTransferStation] Move XY Axis Error
[10:16:10.547] [RightTransferStation] Move XY Axis Error
[13:05:06.658] [RightTransferStation] Move XY Axis Error
[13:05:25.471] [RightTransferStation] Move XY Axis Error
[13:11:36.898] [RightTransferStation] Move XY Axis Error
[13:11:51.381] [RightTransferStation] Move XY Axis Error
[13:11:54.035] [RightTransferStation] Move XY Axis Error
[13:22:59.212] [RightTransferStation] Move XY Axis Error
[13:23:31.380] [RightTransferStation] Move XY Axis Error
[13:45:01.742] [RightTransferStation] Move XY Axis Error
[13:45:17.848] [RightTransferStation] Move XY Axis Error
[13:55:37.812] [RightTransferStation] Move XY Axis Error
[13:55:52.473] [RightTransferStation] Move XY Axis Error
[14:42:02.873] [RightTransferStation] Move XY Axis Error
[14:42:33.266] [RightTransferStation] Move XY Axis Error
[15:18:06.149] [RightTransferStation] Move XY Axis Error
[15:18:28.023] [RightTransferStation] Move XY Axis Error
[17:11:08.670] [RightTransferStation] Move XY Axis Error
[17:11:58.445] [RightTransferStation] Move XY Axis Error
[17:29:57.578] [RightTransferStation] Move XY Axis Error
[17:30:20.287] [RightTransferStation] Move XY Axis Error
[17:35:41.970] [LeftPPStation] Load Buffer Set Exist
[17:35:48.677] [RightPPStation] Load Cylinder Up Error
[17:36:19.084] [RightPPStation] Load Cylinder Vacuum Error
[17:36:29.291] [LeftTransferStation] Vacuum Error
[17:36:52.525] [RightTransferStation] Vacuum Error
[17:37:02.114] [RightTransferStation] Move XY Axis Error
[17:37:46.573] [RightTransferStation] Move XY Axis Error
[17:38:06.464] [RightPPStation] Unload Buffer Set Not Exist
[20:02:45.466] [RightTransferStation] Move XY Axis Error
[20:03:09.392] [RightTransferStation] Move XY Axis Error
[20:18:37.201] [RightTransferStation] Move XY Axis Error
[20:19:00.926] [RightTransferStation] Move XY Axis Error
[21:42:19.371] [RightTransferStation] Move XY Axis Error
[21:42:56.477] [RightTransferStation] Move XY Axis Error
[22:09:35.814] [RightTransferStation] Move XY Axis Error
[22:10:14.425] [RightTransferStation] Move XY Axis Error
[22:10:20.776] [RightTransferStation] Move XY Axis Error
[22:10:22.763] [RightTransferStation] Move XY Axis Error
[22:10:32.336] [RightTransferStation] Move XY Axis Error
[22:12:54.133] [RightTransferStation] Move XY Axis Error
[22:13:04.939] [RightTransferStation] Move XY Axis Error
[22:13:08.753] [RightTransferStation] Move XY Axis Error
[22:13:23.241] [RightTransferStation] Move XY Axis Error
[22:13:25.854] [RightTransferStation] Move XY Axis Error
[22:13:38.403] [RightTransferStation] Move XY Axis Error
[22:13:41.441] [RightTransferStation] Move XY Axis Error
[22:14:03.554] [RightTransferStation] Move XY Axis Error
[22:14:05.971] [RightTransferStation] Move XY Axis Error
[22:14:41.222] [RightTransferStation] Move XY Axis Error
[22:14:43.523] [RightTransferStation] Move XY Axis Error
[22:15:32.401] [RightTransferStation] Move XY Axis Error
[22:15:35.541] [RightTransferStation] Move XY Axis Error
[22:15:49.493] [RightTransferStation] Move XY Axis Error
[22:19:47.194] [RightTransferStation] Move XY Axis Error
[22:20:08.756] [RightTransferStation] Move XY Axis Error
[22:20:15.166] [RightTransferStation] Move XY Axis Error
[22:20:34.911] [RightTransferStation] Move XY Axis Error
[22:31:45.666] [RightTransferStation] Move XY Axis Error
[22:33:37.570] [RightTransferStation] Move XY Axis Error
[22:33:39.864] [RightTransferStation] Move XY Axis Error
[22:34:10.454] [RightTransferStation] Move XY Axis Error
[22:35:32.430] [RightTransferStation] Move XY Axis Error
[22:35:56.787] [RightTransferStation] Move XY Axis Error
[22:38:39.168] [RightTransferStation] Move XY Axis Error
[22:39:17.654] [RightTransferStation] Move XY Axis Error
[22:41:08.936] [RightTransferStation] Move XY Axis Error
[22:41:43.917] [RightTransferStation] Move XY Axis Error
[22:47:58.451] [RightTransferStation] Move XY Axis Error
[22:48:25.970] [RightTransferStation] Move XY Axis Error
[22:49:08.796] [RightTransferStation] Move XY Axis Error
[22:49:44.702] [RightTransferStation] Move XY Axis Error
[22:55:17.849] [RightTransferStation] Move XY Axis Error
[22:55:32.794] [RightTransferStation] Move XY Axis Error
[22:55:38.938] [RightTransferStation] Move XY Axis Error
[22:56:00.802] [RightTransferStation] Move XY Axis Error
[22:56:03.093] [RightTransferStation] Move XY Axis Error
[22:56:15.960] [RightTransferStation] Move XY Axis Error
[23:10:05.371] [RightTransferStation] Move XY Axis Error
[23:10:23.695] [RightTransferStation] Move XY Axis Error
[23:10:28.546] [RightTransferStation] Move XY Axis Error
[23:10:48.746] [RightTransferStation] Move XY Axis Error
[23:10:51.452] [RightTransferStation] Move XY Axis Error
[23:10:56.457] [RightTransferStation] Move XY Axis Error
[23:10:58.101] [RightTransferStation] Move XY Axis Error
[23:11:04.725] [RightTransferStation] Move XY Axis Error
[23:11:09.309] [RightTransferStation] Move XY Axis Error
[23:11:12.724] [RightTransferStation] Move XY Axis Error
[23:18:10.193] [RightTransferStation] Move XY Axis Error
[23:18:29.028] [RightTransferStation] Move XY Axis Error
[23:18:34.419] [RightTransferStation] Move XY Axis Error
[23:18:51.375] [RightTransferStation] Move XY Axis Error
[23:29:07.062] [RightTransferStation] Move XY Axis Error
[23:29:36.750] [RightTransferStation] Move XY Axis Error
[23:35:49.347] [RightTransferStation] Move XY Axis Error
[23:36:06.356] [RightTransferStation] Move XY Axis Error
[23:40:06.292] [RightTransferStation] Move XY Axis Error
[23:40:25.255] [RightTransferStation] Move XY Axis Error
[23:47:03.481] [RightTransferStation] Move XY Axis Error
[23:47:18.148] [RightTransferStation] Move XY Axis Error
[23:54:51.984] [RightTransferStation] Move XY Axis Error
[23:56:16.857] [RightTransferStation] Move XY Axis Error
