[00:07:13.496] [] 
[00:07:20.172] [] 
[00:07:24.611] [] 
[00:13:21.663] [] 
[00:20:03.693] [] 
[00:20:32.254] [] 
[00:20:39.560] [] 
[00:23:11.807] [] 
[00:24:21.423] [] 
[00:35:48.614] [MainControl] SHELF 내 SET 감지 센서
[03:59:41.049] [] 
[03:59:46.787] [MainControl] SHELF 내 SET 감지 센서
[05:41:06.409] [] 
[05:41:26.111] [] 
[05:41:32.980] [] 
[05:44:11.650] [] 
[05:45:37.192] [] 
[05:50:58.641] [] 
[05:51:35.102] [] 
[09:37:50.049] [] 
[09:52:46.168] [MainControl] SHELF 내 SET 감지 센서
[10:15:03.663] [] 
[10:18:44.959] [] 
[16:55:46.017] [RightTransferStation] Vacuum Fail
[16:55:48.703] [LeftTransferStation] Vacuum Fail
[16:55:53.332] [RightPPStation] Loading Vacuum Fail
[16:56:03.637] [RightTransferStation] Vacuum Fail
[17:36:10.221] [MainControlStation] Left Door Open
[17:37:34.205] [MainControlStation] Right Door Open
[17:37:39.230] [MainControlStation] Right Door Open
[18:35:59.824] [RightTransferStation] Move X,Y Axis Fail
[18:36:12.261] [RightTransferStation] Move X,Y Axis Fail
[19:25:29.241] [LeftTransferStation] Set Double Placed
[20:18:01.521] [RightPPStation] Unloading Buffer Not Exist
[20:18:26.689] [RightTransferStation] Set Double Placed
[20:19:11.585] [MainControlStation] Right Door Open
[20:36:44.569] [RightPPStation] Unloading Buffer Not Exist
[20:37:12.272] [RightTransferStation] Set Double Placed
[20:37:49.004] [RightTransferStation] Move X,Y Axis Fail
[20:38:00.799] [RightTransferStation] Move X,Y Axis Fail
[21:18:50.698] [LeftTransferStation] Set Double Placed
[22:18:41.326] [RightPPStation] Unloading Buffer Not Exist
[22:44:31.742] [LeftTransferStation] Set Double Placed
[23:55:29.761] [LeftTransferStation] Set Double Placed
