[13:39:26.129] ---- [Flow] CT_START Set
[13:39:26.152] ---- [Event] AutoStop : CT_START
[13:39:26.153] [m_nState] Auto State
[13:39:37.569] ---- [Flow] CT_STOP Set
[13:39:37.591] ---- [Event] Auto : CT_STOP
[13:39:37.592] --------- [Monitor] StopTasks() : before m_stopped
[13:39:37.636] --------- [Monitor] StopTasks() : m_stopped
[13:39:37.637] [m_nState] AutoStop State
[13:39:37.725] ---- [Flow] CT_STOP Set
[13:39:37.764] ---- [Flow] CT_STOP Set
[13:39:45.657] ---- [Flow] CT_START Set
[13:39:45.679] ---- [Event] AutoStop : CT_START
[13:39:45.680] [m_nState] Auto State
[13:40:13.534] ---- [Flow] CT_STOP Set
[13:40:13.556] ---- [Event] Auto : CT_STOP
[13:40:13.557] --------- [Monitor] StopTasks() : before m_stopped
[13:40:13.605] ---- [Flow] CT_STOP Set
[13:40:13.696] --------- [Monitor] StopTasks() : m_stopped
[13:40:13.697] [m_nState] AutoStop State
[13:40:32.011] ---- [Flow] CT_START Set
[13:40:32.034] ---- [Event] AutoStop : CT_START
[13:40:32.035] [m_nState] Auto State
[13:40:41.703] ---- [Flow] CT_STOP Set
[13:40:41.725] ---- [Event] Auto : CT_STOP
[13:40:41.726] --------- [Monitor] StopTasks() : before m_stopped
[13:40:41.796] --------- [Monitor] StopTasks() : m_stopped
[13:40:41.797] [m_nState] AutoStop State
[13:40:48.432] ---- [Flow] CT_START Set
[13:40:48.454] ---- [Event] AutoStop : CT_START
[13:40:48.455] [m_nState] Auto State
[13:40:56.311] ---- [Flow] CT_STOP Set
[13:40:56.333] ---- [Event] Auto : CT_STOP
[13:40:56.334] --------- [Monitor] StopTasks() : before m_stopped
[13:40:56.494] --------- [Monitor] StopTasks() : m_stopped
[13:40:56.494] [m_nState] AutoStop State
[13:42:33.325] ---- [Flow] CT_START Set
[13:42:33.347] ---- [Event] AutoStop : CT_START
[13:42:33.348] [m_nState] Auto State
[13:42:55.835] ---- [Flow] CT_STOP Set
[13:42:55.858] ---- [Event] Auto : CT_STOP
[13:42:55.859] --------- [Monitor] StopTasks() : before m_stopped
[13:42:55.900] ---- [Flow] CT_STOP Set
[13:42:55.904] --------- [Monitor] StopTasks() : m_stopped
[13:42:55.905] [m_nState] AutoStop State
[13:42:55.938] ---- [Flow] CT_STOP Set
[16:30:55.807] ---- [Flow] CT_START Set
[16:30:55.829] ---- [Event] AutoStop : CT_START
[16:30:55.830] [m_nState] Auto State
[16:30:55.958] ---- [Flow] CT_START Set
[16:31:13.125] ---- [Flow] CT_START Set
[16:31:21.533] ---- [Flow] CT_START Set
[16:33:29.393] ---- [Flow] CT_STOP Set
[16:33:29.415] ---- [Event] Auto : CT_STOP
[16:33:29.416] --------- [Monitor] StopTasks() : before m_stopped
[16:33:29.432] --------- [Monitor] StopTasks() : m_stopped
[16:33:29.433] [m_nState] AutoStop State
[16:33:29.613] ---- [Flow] CT_STOP Set
[16:33:29.650] ---- [Flow] CT_STOP Set
[17:16:36.188] ---- [Flow] CT_START Set
[17:16:36.210] ---- [Event] AutoStop : CT_START
[17:16:36.211] [m_nState] Auto State
[17:16:44.320] ---- [Flow] CT_STOP Set
[17:16:44.342] ---- [Event] Auto : CT_STOP
[17:16:44.343] --------- [Monitor] StopTasks() : before m_stopped
[17:16:44.380] --------- [Monitor] StopTasks() : m_stopped
[17:16:44.381] [m_nState] AutoStop State
[18:36:59.205] ---- [Flow] CT_START Set
[18:36:59.228] ---- [Event] AutoStop : CT_START
[18:36:59.229] [m_nState] Auto State
[18:37:20.223] ---- [Flow] CT_START Set
[18:37:27.851] ---- [Flow] CT_START Set
[18:37:27.935] ---- [Flow] CT_START Set
[19:03:21.406] ---- [Flow] CT_START Set
[19:03:21.481] ---- [Flow] CT_START Set
[19:03:22.811] ---- [Flow] CT_START Set
[19:03:25.757] ---- [Flow] CT_START Set
[19:03:25.919] ---- [Flow] CT_START Set
[19:03:25.992] ---- [Flow] CT_START Set
[19:03:27.800] ---- [Flow] CT_START Set
[19:03:27.885] ---- [Flow] CT_START Set
[19:03:36.116] ---- [Flow] CT_START Set
[19:03:36.954] ---- [Flow] CT_START Set
[19:05:29.398] ---- [Flow] CT_STOP Set
[19:05:29.420] ---- [Event] Auto : CT_STOP
[19:05:29.421] --------- [Monitor] StopTasks() : before m_stopped
[19:05:29.452] --------- [Monitor] StopTasks() : m_stopped
[19:05:29.453] [m_nState] AutoStop State
[19:05:29.595] ---- [Flow] CT_STOP Set
[19:05:36.680] ---- [Flow] CT_START Set
[19:05:36.703] ---- [Event] AutoStop : CT_START
[19:05:36.703] [m_nState] Auto State
[19:07:59.422] ---- [Flow] CT_START Set
[19:08:01.124] ---- [Flow] CT_START Set
[19:08:01.216] ---- [Flow] CT_START Set
[19:08:01.300] ---- [Flow] CT_START Set
[19:08:01.380] ---- [Flow] CT_START Set
[19:08:06.293] ---- [Flow] CT_START Set
[19:08:08.390] ---- [Flow] CT_START Set
[19:08:08.478] ---- [Flow] CT_START Set
[19:08:08.545] ---- [Flow] CT_START Set
[19:08:40.700] ---- [Flow] CT_START Set
[19:08:40.780] ---- [Flow] CT_START Set
[19:09:13.473] ---- [Flow] CT_STOP Set
[19:09:13.495] ---- [Event] Auto : CT_STOP
[19:09:13.496] --------- [Monitor] StopTasks() : before m_stopped
[19:09:14.037] --------- [Monitor] StopTasks() : m_stopped
[19:09:14.038] [m_nState] AutoStop State
[19:09:16.289] ---- [Flow] CT_ABORT Set
[19:09:16.341] [m_nState] Init State
[19:09:16.353] ---- [Monitor] Init : m_idle
[19:09:16.375] ---- [Event] Init : CT_IDLE
[19:09:16.376] [m_nState] Idle State
[19:09:30.026] ---- [Flow] CT_START Set
[19:09:30.048] ---- [Event] Idle : CT_START
[19:09:30.049] [m_nState] Auto State
[19:09:30.613] ---- [Flow] CT_START Set
[19:09:48.006] ---- [Flow] CT_START Set
[19:09:48.078] ---- [Flow] CT_START Set
[19:09:48.137] ---- [Flow] CT_START Set
[19:28:53.677] ---- [Flow] CT_STOP Set
[19:28:53.700] ---- [Event] Auto : CT_STOP
[19:28:53.701] --------- [Monitor] StopTasks() : before m_stopped
[19:28:53.711] --------- [Monitor] StopTasks() : m_stopped
[19:28:53.712] [m_nState] AutoStop State
[19:52:16.327] ---- [Flow] CT_START Set
[19:52:16.349] ---- [Event] AutoStop : CT_START
[19:52:16.350] [m_nState] Auto State
[20:07:33.005] ---- [Flow] CT_STOP Set
[20:07:33.028] ---- [Event] Auto : CT_STOP
[20:07:33.029] --------- [Monitor] StopTasks() : before m_stopped
[20:07:33.085] --------- [Monitor] StopTasks() : m_stopped
[20:07:33.086] [m_nState] AutoStop State
[22:20:32.645] ---- [Flow] CT_START Set
[22:20:32.668] ---- [Event] AutoStop : CT_START
[22:20:32.669] [m_nState] Auto State
[22:20:32.926] ---- [Flow] CT_START Set
[22:20:32.977] ---- [Flow] CT_START Set
[22:20:34.524] ---- [Flow] CT_STOP Set
[22:20:34.546] ---- [Event] Auto : CT_STOP
[22:20:34.547] --------- [Monitor] StopTasks() : before m_stopped
[22:20:34.553] --------- [Monitor] StopTasks() : m_stopped
[22:20:34.554] [m_nState] AutoStop State
[22:20:34.566] ---- [Flow] CT_STOP Set
[22:20:37.476] ---- [Flow] CT_STOP Set
[22:21:02.808] ---- [Flow] CT_START Set
[22:21:02.830] ---- [Event] AutoStop : CT_START
[22:21:02.831] [m_nState] Auto State
[22:21:11.460] ---- [Flow] CT_STOP Set
[22:21:11.483] ---- [Event] Auto : CT_STOP
[22:21:11.484] --------- [Monitor] StopTasks() : before m_stopped
[22:21:11.487] --------- [Monitor] StopTasks() : m_stopped
[22:21:11.488] [m_nState] AutoStop State
[22:21:11.500] ---- [Flow] CT_STOP Set
[22:21:11.989] ---- [Flow] CT_START Set
[22:21:12.011] ---- [Event] AutoStop : CT_START
[22:21:12.012] [m_nState] Auto State
[22:21:12.031] ---- [Flow] CT_START Set
[22:21:12.081] ---- [Flow] CT_START Set
[22:21:18.548] ---- [Flow] CT_STOP Set
[22:21:18.571] ---- [Event] Auto : CT_STOP
[22:21:18.572] --------- [Monitor] StopTasks() : before m_stopped
[22:21:18.575] --------- [Monitor] StopTasks() : m_stopped
[22:21:18.576] [m_nState] AutoStop State
[22:21:18.583] ---- [Flow] CT_STOP Set
[22:21:18.622] ---- [Flow] CT_STOP Set
[22:21:18.655] ---- [Flow] CT_STOP Set
[22:21:20.365] ---- [Flow] CT_STOP Set
[22:21:26.895] ---- [Flow] CT_START Set
[22:21:26.917] ---- [Event] AutoStop : CT_START
[22:21:26.918] [m_nState] Auto State
[22:21:27.056] ---- [Flow] CT_START Set
[22:21:27.112] ---- [Flow] CT_START Set
[22:21:46.091] ---- [Flow] CT_START Set
[22:21:48.273] ---- [Flow] CT_START Set
[22:21:48.320] ---- [Flow] CT_START Set
[22:21:48.367] ---- [Flow] CT_START Set
[22:21:48.418] ---- [Flow] CT_START Set
[22:21:48.465] ---- [Flow] CT_START Set
[22:21:55.790] ---- [Flow] CT_STOP Set
[22:21:55.813] ---- [Event] Auto : CT_STOP
[22:21:55.814] --------- [Monitor] StopTasks() : before m_stopped
[22:21:55.817] --------- [Monitor] StopTasks() : m_stopped
[22:21:55.818] [m_nState] AutoStop State
[22:21:55.826] ---- [Flow] CT_STOP Set
[22:21:59.130] ---- [Flow] CT_ABORT Set
[22:21:59.182] [m_nState] Init State
[22:21:59.275] ---- [Monitor] Init : m_idle
[22:21:59.297] ---- [Event] Init : CT_IDLE
[22:21:59.298] [m_nState] Idle State
[22:21:59.753] ---- [Flow] CT_START Set
[22:21:59.776] ---- [Event] Idle : CT_START
[22:21:59.777] [m_nState] Auto State
[22:22:03.378] ---- [Flow] CT_START Set
[22:22:07.174] ---- [Flow] CT_START Set
[22:22:28.279] ---- [Flow] CT_STOP Set
[22:22:28.301] ---- [Event] Auto : CT_STOP
[22:22:28.302] --------- [Monitor] StopTasks() : before m_stopped
[22:22:28.305] --------- [Monitor] StopTasks() : m_stopped
[22:22:28.306] [m_nState] AutoStop State
[22:22:28.318] ---- [Flow] CT_STOP Set
[22:22:29.400] ---- [Flow] CT_START Set
[22:22:29.422] ---- [Event] AutoStop : CT_START
[22:22:29.423] [m_nState] Auto State
[22:22:29.443] ---- [Flow] CT_START Set
[22:22:29.497] ---- [Flow] CT_START Set
[22:22:29.553] ---- [Flow] CT_START Set
[22:22:31.625] ---- [Flow] CT_STOP Set
[22:22:31.648] ---- [Event] Auto : CT_STOP
[22:22:31.649] --------- [Monitor] StopTasks() : before m_stopped
[22:22:31.655] --------- [Monitor] StopTasks() : m_stopped
[22:22:31.656] [m_nState] AutoStop State
[22:22:34.115] ---- [Flow] CT_START Set
[22:22:34.137] ---- [Event] AutoStop : CT_START
[22:22:34.138] [m_nState] Auto State
[22:22:52.619] ---- [Flow] CT_STOP Set
[22:22:52.642] ---- [Event] Auto : CT_STOP
[22:22:52.643] --------- [Monitor] StopTasks() : before m_stopped
[22:22:52.649] --------- [Monitor] StopTasks() : m_stopped
[22:22:52.650] [m_nState] AutoStop State
[22:22:53.176] ---- [Flow] CT_STOP Set
[22:22:55.133] ---- [Flow] CT_START Set
[22:22:55.156] ---- [Event] AutoStop : CT_START
[22:22:55.157] [m_nState] Auto State
[22:22:56.502] ---- [Flow] CT_STOP Set
[22:22:56.525] ---- [Event] Auto : CT_STOP
[22:22:56.526] --------- [Monitor] StopTasks() : before m_stopped
[22:22:56.527] --------- [Monitor] StopTasks() : m_stopped
[22:22:56.529] [m_nState] AutoStop State
[22:22:56.540] ---- [Flow] CT_STOP Set
[22:22:56.573] ---- [Flow] CT_STOP Set
[22:22:56.605] ---- [Flow] CT_STOP Set
[22:23:07.439] ---- [Flow] CT_STOP Set
[22:23:12.339] [m_nState] Init State
[22:23:12.351] ---- [Monitor] Init : m_idle
[22:23:12.373] ---- [Event] Init : CT_IDLE
[22:23:12.374] [m_nState] Idle State
[22:23:23.803] ---- [Flow] CT_START Set
[22:23:23.826] ---- [Event] Idle : CT_START
[22:23:23.827] [m_nState] Auto State
[22:23:28.991] ---- [Flow] CT_START Set
[22:23:44.021] ---- [Flow] CT_STOP Set
[22:23:44.043] ---- [Event] Auto : CT_STOP
[22:23:44.044] --------- [Monitor] StopTasks() : before m_stopped
[22:23:44.127] --------- [Monitor] StopTasks() : m_stopped
[22:23:44.128] [m_nState] AutoStop State
[22:23:49.668] ---- [Flow] CT_START Set
[22:23:49.691] ---- [Event] AutoStop : CT_START
[22:23:49.692] [m_nState] Auto State
[22:24:08.317] ---- [Flow] CT_START Set
[22:24:08.367] ---- [Flow] CT_START Set
[22:24:12.174] ---- [Flow] CT_STOP Set
[22:24:12.197] ---- [Event] Auto : CT_STOP
[22:24:12.198] --------- [Monitor] StopTasks() : before m_stopped
[22:24:12.200] --------- [Monitor] StopTasks() : m_stopped
[22:24:12.201] [m_nState] AutoStop State
[22:25:13.375] ---- [Flow] CT_START Set
[22:25:13.398] ---- [Event] AutoStop : CT_START
[22:25:13.399] [m_nState] Auto State
[22:25:14.865] ---- [Flow] CT_STOP Set
[22:25:14.887] ---- [Event] Auto : CT_STOP
[22:25:14.888] --------- [Monitor] StopTasks() : before m_stopped
[22:25:14.890] --------- [Monitor] StopTasks() : m_stopped
[22:25:14.891] [m_nState] AutoStop State
[22:25:14.903] ---- [Flow] CT_STOP Set
[22:25:15.374] ---- [Flow] CT_STOP Set
[22:25:15.414] ---- [Flow] CT_STOP Set
[22:25:15.524] ---- [Flow] CT_STOP Set
[22:25:15.937] ---- [Flow] CT_STOP Set
[22:25:15.970] ---- [Flow] CT_STOP Set
[22:25:29.102] ---- [Flow] CT_START Set
[22:25:29.124] ---- [Event] AutoStop : CT_START
[22:25:29.125] [m_nState] Auto State
[22:25:55.476] ---- [Flow] CT_STOP Set
[22:25:55.498] ---- [Event] Auto : CT_STOP
[22:25:55.499] --------- [Monitor] StopTasks() : before m_stopped
[22:25:55.749] --------- [Monitor] StopTasks() : m_stopped
[22:25:55.750] [m_nState] AutoStop State
[22:25:55.803] ---- [Flow] CT_STOP Set
[22:25:55.836] ---- [Flow] CT_STOP Set
[22:25:55.942] ---- [Flow] CT_STOP Set
[22:26:08.620] ---- [Flow] CT_START Set
[22:26:08.643] ---- [Event] AutoStop : CT_START
[22:26:08.644] [m_nState] Auto State
[22:26:16.409] ---- [Flow] CT_STOP Set
[22:26:16.431] ---- [Event] Auto : CT_STOP
[22:26:16.432] --------- [Monitor] StopTasks() : before m_stopped
[22:26:16.433] --------- [Monitor] StopTasks() : m_stopped
[22:26:16.434] [m_nState] AutoStop State
[22:26:16.442] ---- [Flow] CT_STOP Set
[22:26:16.594] ---- [Flow] CT_STOP Set
[22:26:17.213] ---- [Flow] CT_STOP Set
[22:26:17.634] ---- [Flow] CT_START Set
[22:26:17.657] ---- [Event] AutoStop : CT_START
[22:26:17.658] [m_nState] Auto State
[22:26:26.764] ---- [Flow] CT_STOP Set
[22:26:26.786] ---- [Event] Auto : CT_STOP
[22:26:26.787] --------- [Monitor] StopTasks() : before m_stopped
[22:26:26.788] --------- [Monitor] StopTasks() : m_stopped
[22:26:26.789] [m_nState] AutoStop State
[22:26:26.802] ---- [Flow] CT_STOP Set
[22:26:34.343] ---- [Flow] CT_START Set
[22:26:34.366] ---- [Event] AutoStop : CT_START
[22:26:34.367] [m_nState] Auto State
[22:26:44.331] ---- [Flow] CT_STOP Set
[22:26:44.354] ---- [Event] Auto : CT_STOP
[22:26:44.355] --------- [Monitor] StopTasks() : before m_stopped
[22:26:44.356] --------- [Monitor] StopTasks() : m_stopped
[22:26:44.357] [m_nState] AutoStop State
[22:26:44.365] ---- [Flow] CT_STOP Set
[22:26:47.508] ---- [Flow] CT_START Set
[22:26:47.531] ---- [Event] AutoStop : CT_START
[22:26:47.532] [m_nState] Auto State
[22:27:04.014] ---- [Flow] CT_STOP Set
[22:27:04.037] ---- [Event] Auto : CT_STOP
[22:27:04.038] --------- [Monitor] StopTasks() : before m_stopped
[22:27:04.044] --------- [Monitor] StopTasks() : m_stopped
[22:27:04.045] [m_nState] AutoStop State
[22:27:04.057] ---- [Flow] CT_STOP Set
[22:27:04.554] ---- [Flow] CT_STOP Set
[22:27:04.592] ---- [Flow] CT_STOP Set
[22:27:04.780] ---- [Flow] CT_STOP Set
[22:27:05.140] ---- [Flow] CT_STOP Set
[22:27:05.178] ---- [Flow] CT_STOP Set
[22:27:05.325] ---- [Flow] CT_STOP Set
[22:27:05.672] ---- [Flow] CT_STOP Set
[22:27:05.862] ---- [Flow] CT_STOP Set
[22:27:06.276] ---- [Flow] CT_STOP Set
[22:27:06.315] ---- [Flow] CT_STOP Set
[22:27:06.462] ---- [Flow] CT_STOP Set
[22:27:28.335] ---- [Flow] CT_START Set
[22:27:28.358] ---- [Event] AutoStop : CT_START
[22:27:28.359] [m_nState] Auto State
[22:27:51.906] ---- [Flow] CT_START Set
[22:28:03.457] ---- [Flow] CT_STOP Set
[22:28:03.480] ---- [Event] Auto : CT_STOP
[22:28:03.481] --------- [Monitor] StopTasks() : before m_stopped
[22:28:03.517] --------- [Monitor] StopTasks() : m_stopped
[22:28:03.518] [m_nState] AutoStop State
[22:28:17.250] ---- [Flow] CT_START Set
[22:28:17.273] ---- [Event] AutoStop : CT_START
[22:28:17.274] [m_nState] Auto State
[22:28:32.245] ---- [Flow] CT_STOP Set
[22:28:32.269] ---- [Event] Auto : CT_STOP
[22:28:32.270] --------- [Monitor] StopTasks() : before m_stopped
[22:28:32.271] --------- [Monitor] StopTasks() : m_stopped
[22:28:32.272] [m_nState] AutoStop State
[22:28:32.394] ---- [Flow] CT_STOP Set
[22:28:32.743] ---- [Flow] CT_STOP Set
[22:28:32.853] ---- [Flow] CT_STOP Set
[22:28:33.494] ---- [Flow] CT_START Set
[22:28:33.516] ---- [Event] AutoStop : CT_START
[22:28:33.517] [m_nState] Auto State
[22:28:41.548] ---- [Flow] CT_START Set
[22:28:41.736] ---- [Flow] CT_STOP Set
[22:28:41.758] ---- [Event] Auto : CT_STOP
[22:28:41.759] --------- [Monitor] StopTasks() : before m_stopped
[22:28:41.817] --------- [Monitor] StopTasks() : m_stopped
[22:28:41.818] [m_nState] AutoStop State
[22:28:42.078] ---- [Flow] CT_STOP Set
[22:28:42.186] ---- [Flow] CT_START Set
[22:28:42.208] ---- [Event] AutoStop : CT_START
[22:28:42.209] [m_nState] Auto State
[22:29:25.654] ---- [Flow] CT_STOP Set
[22:29:25.676] ---- [Event] Auto : CT_STOP
[22:29:25.677] --------- [Monitor] StopTasks() : before m_stopped
[22:29:25.747] --------- [Monitor] StopTasks() : m_stopped
[22:29:25.748] [m_nState] AutoStop State
[22:30:20.415] ---- [Flow] CT_START Set
[22:30:20.438] ---- [Event] AutoStop : CT_START
[22:30:20.439] [m_nState] Auto State
[22:32:27.125] ---- [Flow] CT_START Set
[22:32:27.176] ---- [Flow] CT_START Set
[22:32:27.224] ---- [Flow] CT_START Set
[22:32:31.985] ---- [Flow] CT_STOP Set
[22:32:32.007] ---- [Event] Auto : CT_STOP
[22:32:32.008] --------- [Monitor] StopTasks() : before m_stopped
[22:32:32.011] --------- [Monitor] StopTasks() : m_stopped
[22:32:32.012] [m_nState] AutoStop State
[22:32:32.020] ---- [Flow] CT_STOP Set
[22:32:32.052] ---- [Flow] CT_STOP Set
[22:32:32.090] ---- [Flow] CT_STOP Set
[22:32:34.766] ---- [Flow] CT_START Set
[22:32:34.788] ---- [Event] AutoStop : CT_START
[22:32:34.789] [m_nState] Auto State
[22:32:35.251] ---- [Flow] CT_START Set
[22:32:35.301] ---- [Flow] CT_START Set
[22:32:36.926] ---- [Flow] CT_STOP Set
[22:32:36.949] ---- [Event] Auto : CT_STOP
[22:32:36.950] --------- [Monitor] StopTasks() : before m_stopped
[22:32:36.955] --------- [Monitor] StopTasks() : m_stopped
[22:32:36.956] [m_nState] AutoStop State
[22:32:36.968] ---- [Flow] CT_STOP Set
[22:32:37.002] ---- [Flow] CT_STOP Set
[22:32:46.242] ---- [Flow] CT_START Set
[22:32:46.264] ---- [Event] AutoStop : CT_START
[22:32:46.265] [m_nState] Auto State
[22:32:47.933] ---- [Flow] CT_STOP Set
[22:32:47.955] ---- [Event] Auto : CT_STOP
[22:32:47.956] --------- [Monitor] StopTasks() : before m_stopped
[22:32:47.957] --------- [Monitor] StopTasks() : m_stopped
[22:32:47.958] [m_nState] AutoStop State
[22:32:47.969] ---- [Flow] CT_STOP Set
[22:32:48.003] ---- [Flow] CT_STOP Set
[22:32:48.573] ---- [Flow] CT_START Set
[22:32:48.595] ---- [Event] AutoStop : CT_START
[22:32:48.596] [m_nState] Auto State
[22:32:48.616] ---- [Flow] CT_START Set
[22:32:48.670] ---- [Flow] CT_START Set
[22:32:50.371] ---- [Flow] CT_STOP Set
[22:32:50.394] ---- [Event] Auto : CT_STOP
[22:32:50.395] --------- [Monitor] StopTasks() : before m_stopped
[22:32:50.397] --------- [Monitor] StopTasks() : m_stopped
[22:32:50.398] [m_nState] AutoStop State
[22:32:50.410] ---- [Flow] CT_STOP Set
[22:32:50.443] ---- [Flow] CT_STOP Set
[22:32:50.477] ---- [Flow] CT_STOP Set
[22:32:53.272] ---- [Flow] CT_STOP Set
[22:32:53.618] ---- [Flow] CT_STOP Set
[22:32:53.660] ---- [Flow] CT_STOP Set
[22:32:53.768] ---- [Flow] CT_START Set
[22:32:53.790] ---- [Event] AutoStop : CT_START
[22:32:53.791] [m_nState] Auto State
[22:32:54.330] ---- [Flow] CT_START Set
[22:32:54.380] ---- [Flow] CT_START Set
[22:33:06.324] ---- [Flow] CT_START Set
[22:33:06.373] ---- [Flow] CT_START Set
[22:33:06.424] ---- [Flow] CT_START Set
[22:33:16.763] ---- [Flow] CT_START Set
[22:33:16.937] ---- [Flow] CT_START Set
[22:33:20.558] ---- [Flow] CT_STOP Set
[22:33:20.580] ---- [Event] Auto : CT_STOP
[22:33:20.581] --------- [Monitor] StopTasks() : before m_stopped
[22:33:20.583] --------- [Monitor] StopTasks() : m_stopped
[22:33:20.584] [m_nState] AutoStop State
[22:33:24.618] ---- [Flow] CT_ABORT Set
[22:33:24.669] [m_nState] Init State
[22:33:24.742] ---- [Monitor] Init : m_idle
[22:33:24.764] ---- [Event] Init : CT_IDLE
[22:33:24.765] [m_nState] Idle State
[22:33:27.995] ---- [Flow] CT_START Set
[22:33:28.018] ---- [Event] Idle : CT_START
[22:33:28.019] [m_nState] Auto State
[22:33:53.955] ---- [Flow] CT_STOP Set
[22:33:53.978] ---- [Event] Auto : CT_STOP
[22:33:53.979] --------- [Monitor] StopTasks() : before m_stopped
[22:33:54.145] ---- [Flow] CT_STOP Set
[22:33:54.307] --------- [Monitor] StopTasks() : m_stopped
[22:33:54.308] [m_nState] AutoStop State
[22:33:54.868] ---- [Flow] CT_START Set
[22:33:54.890] ---- [Event] AutoStop : CT_START
[22:33:54.891] [m_nState] Auto State
[22:33:56.369] ---- [Flow] CT_STOP Set
[22:33:56.392] ---- [Event] Auto : CT_STOP
[22:33:56.393] --------- [Monitor] StopTasks() : before m_stopped
[22:33:56.474] --------- [Monitor] StopTasks() : m_stopped
[22:33:56.475] [m_nState] AutoStop State
[22:33:56.499] ---- [Flow] CT_STOP Set
[22:33:56.534] ---- [Flow] CT_STOP Set
[22:33:56.569] ---- [Flow] CT_STOP Set
[22:33:56.608] ---- [Flow] CT_STOP Set
[22:34:01.046] ---- [Flow] CT_START Set
[22:34:01.069] ---- [Event] AutoStop : CT_START
[22:34:01.070] [m_nState] Auto State
[22:34:20.637] ---- [Flow] CT_START Set
[22:34:23.249] ---- [Flow] CT_START Set
[22:34:36.476] ---- [Flow] CT_STOP Set
[22:34:36.498] ---- [Event] Auto : CT_STOP
[22:34:36.499] --------- [Monitor] StopTasks() : before m_stopped
[22:34:36.503] --------- [Monitor] StopTasks() : m_stopped
[22:34:36.504] [m_nState] AutoStop State
[22:34:36.516] ---- [Flow] CT_STOP Set
[22:34:49.985] ---- [Flow] CT_STOP Set
[22:34:50.061] ---- [Flow] CT_STOP Set
[22:34:50.094] ---- [Flow] CT_STOP Set
[22:34:50.131] ---- [Flow] CT_STOP Set
[22:34:50.526] ---- [Flow] CT_START Set
[22:34:50.548] ---- [Event] AutoStop : CT_START
[22:34:50.549] [m_nState] Auto State
[22:34:50.617] ---- [Flow] CT_START Set
[22:34:50.662] ---- [Flow] CT_START Set
[22:34:50.710] ---- [Flow] CT_START Set
[22:34:52.328] ---- [Flow] CT_STOP Set
[22:34:52.350] ---- [Event] Auto : CT_STOP
[22:34:52.351] --------- [Monitor] StopTasks() : before m_stopped
[22:34:52.352] --------- [Monitor] StopTasks() : m_stopped
[22:34:52.353] [m_nState] AutoStop State
[22:34:52.408] ---- [Flow] CT_STOP Set
[22:34:52.440] ---- [Flow] CT_STOP Set
[22:34:52.478] ---- [Flow] CT_STOP Set
[22:34:52.517] ---- [Flow] CT_STOP Set
[22:35:03.118] ---- [Flow] CT_STOP Set
[22:35:03.162] ---- [Flow] CT_STOP Set
[22:35:03.197] ---- [Flow] CT_STOP Set
[22:35:03.229] ---- [Flow] CT_STOP Set
[22:35:03.316] ---- [Flow] CT_STOP Set
[22:35:03.349] ---- [Flow] CT_STOP Set
[22:35:03.383] ---- [Flow] CT_STOP Set
[22:35:04.500] ---- [Flow] CT_START Set
[22:35:04.523] ---- [Event] AutoStop : CT_START
[22:35:04.524] [m_nState] Auto State
[22:35:15.483] ---- [Flow] CT_STOP Set
[22:35:15.505] ---- [Event] Auto : CT_STOP
[22:35:15.506] --------- [Monitor] StopTasks() : before m_stopped
[22:35:15.512] --------- [Monitor] StopTasks() : m_stopped
[22:35:15.513] [m_nState] AutoStop State
[22:35:15.587] ---- [Flow] CT_STOP Set
[22:35:15.620] ---- [Flow] CT_STOP Set
[22:35:15.653] ---- [Flow] CT_STOP Set
[22:35:19.307] ---- [Flow] CT_STOP Set
[22:35:19.340] ---- [Flow] CT_STOP Set
[22:35:19.373] ---- [Flow] CT_STOP Set
[22:35:19.406] ---- [Flow] CT_STOP Set
[22:35:19.638] ---- [Flow] CT_START Set
[22:35:19.661] ---- [Event] AutoStop : CT_START
[22:35:19.661] [m_nState] Auto State
[22:37:08.745] ---- [Flow] CT_STOP Set
[22:37:08.768] ---- [Event] Auto : CT_STOP
[22:37:08.769] --------- [Monitor] StopTasks() : before m_stopped
[22:37:09.287] --------- [Monitor] StopTasks() : m_stopped
[22:37:09.289] [m_nState] AutoStop State
[22:37:19.452] ---- [Flow] CT_START Set
[22:37:19.474] ---- [Event] AutoStop : CT_START
[22:37:19.475] [m_nState] Auto State
[22:37:21.375] ---- [Flow] CT_STOP Set
[22:37:21.398] ---- [Event] Auto : CT_STOP
[22:37:21.399] --------- [Monitor] StopTasks() : before m_stopped
[22:37:21.600] --------- [Monitor] StopTasks() : m_stopped
[22:37:21.601] [m_nState] AutoStop State
[22:37:26.554] ---- [Flow] CT_START Set
[22:37:26.577] ---- [Event] AutoStop : CT_START
[22:37:26.578] [m_nState] Auto State
[22:37:34.213] ---- [Flow] CT_START Set
[22:43:16.707] ---- [Flow] CT_START Set
[22:48:44.085] ---- [Flow] CT_START Set
[22:48:58.821] ---- [Flow] CT_START Set
[22:49:15.686] ---- [Flow] CT_START Set
[22:49:22.781] ---- [Flow] CT_START Set
[22:49:23.586] ---- [Flow] CT_START Set
[22:49:24.156] ---- [Flow] CT_START Set
[22:49:26.078] ---- [Flow] CT_START Set
[22:49:26.215] ---- [Flow] CT_START Set
[22:49:26.319] ---- [Flow] CT_START Set
[22:49:40.633] ---- [Flow] CT_START Set
[22:49:43.235] ---- [Flow] CT_START Set
[22:51:57.348] ---- [Flow] CT_START Set
[22:54:06.387] ---- [Flow] CT_START Set
[22:54:16.975] ---- [Flow] CT_START Set
[22:54:53.155] ---- [Flow] CT_START Set
[22:55:12.658] ---- [Flow] CT_START Set
[22:55:20.337] ---- [Flow] CT_START Set
[22:57:21.353] ---- [Flow] CT_STOP Set
[22:57:21.375] ---- [Event] Auto : CT_STOP
[22:57:21.376] --------- [Monitor] StopTasks() : before m_stopped
[22:57:21.438] --------- [Monitor] StopTasks() : m_stopped
[22:57:21.439] [m_nState] AutoStop State
[22:57:56.641] ---- [Flow] CT_START Set
[22:57:56.663] ---- [Event] AutoStop : CT_START
[22:57:56.664] [m_nState] Auto State
[23:10:33.068] ---- [Flow] CT_START Set
[23:10:45.284] ---- [Flow] CT_START Set
[23:11:04.561] ---- [Flow] CT_START Set
[23:16:41.573] ---- [Flow] CT_START Set
[23:16:41.619] ---- [Flow] CT_START Set
[23:16:41.668] ---- [Flow] CT_START Set
[23:16:42.820] ---- [Flow] CT_START Set
[23:16:43.084] ---- [Flow] CT_START Set
[23:16:43.127] ---- [Flow] CT_START Set
[23:16:43.166] ---- [Flow] CT_START Set
[23:16:43.213] ---- [Flow] CT_START Set
[23:16:44.306] ---- [Flow] CT_START Set
[23:16:44.548] ---- [Flow] CT_START Set
[23:16:44.599] ---- [Flow] CT_START Set
[23:16:44.644] ---- [Flow] CT_START Set
[23:16:45.041] ---- [Flow] CT_START Set
[23:16:45.087] ---- [Flow] CT_START Set
[23:16:45.130] ---- [Flow] CT_START Set
[23:16:45.265] ---- [Flow] CT_START Set
[23:16:49.627] ---- [Flow] CT_STOP Set
[23:16:49.650] ---- [Event] Auto : CT_STOP
[23:16:49.651] --------- [Monitor] StopTasks() : before m_stopped
[23:16:49.653] --------- [Monitor] StopTasks() : m_stopped
[23:16:49.654] [m_nState] AutoStop State
[23:16:49.665] ---- [Flow] CT_STOP Set
[23:16:49.698] ---- [Flow] CT_STOP Set
[23:16:50.821] ---- [Flow] CT_START Set
[23:16:50.843] ---- [Event] AutoStop : CT_START
[23:16:50.844] [m_nState] Auto State
[23:16:52.337] ---- [Flow] CT_STOP Set
[23:16:52.360] ---- [Event] Auto : CT_STOP
[23:16:52.361] --------- [Monitor] StopTasks() : before m_stopped
[23:16:52.365] --------- [Monitor] StopTasks() : m_stopped
[23:16:52.366] [m_nState] AutoStop State
[23:16:52.373] ---- [Flow] CT_STOP Set
[23:16:52.406] ---- [Flow] CT_STOP Set
[23:16:52.440] ---- [Flow] CT_STOP Set
[23:17:12.122] ---- [Flow] CT_START Set
[23:17:12.145] ---- [Event] AutoStop : CT_START
[23:17:12.146] [m_nState] Auto State
[23:17:13.317] ---- [Flow] CT_START Set
[23:17:13.359] ---- [Flow] CT_START Set
[23:17:13.578] ---- [Flow] CT_START Set
[23:17:15.179] ---- [Flow] CT_START Set
[23:17:15.226] ---- [Flow] CT_START Set
[23:17:15.278] ---- [Flow] CT_START Set
[23:17:15.411] ---- [Flow] CT_STOP Set
[23:17:15.433] ---- [Event] Auto : CT_STOP
[23:17:15.434] --------- [Monitor] StopTasks() : before m_stopped
[23:17:16.078] --------- [Monitor] StopTasks() : m_stopped
[23:17:16.079] [m_nState] AutoStop State
[23:17:16.202] ---- [Flow] CT_START Set
[23:17:16.224] ---- [Event] AutoStop : CT_START
[23:17:16.225] [m_nState] Auto State
[23:17:16.248] ---- [Flow] CT_START Set
[23:17:16.302] ---- [Flow] CT_START Set
[23:17:16.591] ---- [Flow] CT_START Set
[23:17:16.838] ---- [Flow] CT_START Set
[23:17:16.886] ---- [Flow] CT_START Set
[23:17:17.089] ---- [Flow] CT_START Set
[23:17:17.295] ---- [Flow] CT_START Set
[23:17:17.905] ---- [Flow] CT_START Set
[23:17:17.956] ---- [Flow] CT_START Set
[23:17:18.542] ---- [Flow] CT_START Set
[23:17:18.896] ---- [Flow] CT_START Set
[23:17:18.943] ---- [Flow] CT_START Set
[23:17:18.989] ---- [Flow] CT_START Set
[23:17:20.372] ---- [Flow] CT_START Set
[23:17:22.661] ---- [Flow] CT_START Set
[23:17:22.709] ---- [Flow] CT_START Set
[23:17:27.804] ---- [Flow] CT_START Set
[23:17:27.851] ---- [Flow] CT_START Set
[23:17:27.898] ---- [Flow] CT_START Set
[23:17:29.379] ---- [Flow] CT_STOP Set
[23:17:29.402] ---- [Event] Auto : CT_STOP
[23:17:29.403] --------- [Monitor] StopTasks() : before m_stopped
[23:17:29.406] --------- [Monitor] StopTasks() : m_stopped
[23:17:29.407] [m_nState] AutoStop State
[23:17:29.419] ---- [Flow] CT_STOP Set
[23:17:29.531] ---- [Flow] CT_STOP Set
[23:17:30.232] ---- [Flow] CT_STOP Set
[23:17:30.267] ---- [Flow] CT_STOP Set
[23:17:30.309] ---- [Flow] CT_STOP Set
[23:17:31.235] ---- [Flow] CT_START Set
[23:17:31.257] ---- [Event] AutoStop : CT_START
[23:17:31.258] [m_nState] Auto State
[23:17:32.253] ---- [Flow] CT_START Set
[23:17:32.469] ---- [Flow] CT_START Set
[23:17:32.519] ---- [Flow] CT_START Set
[23:17:34.211] ---- [Flow] CT_STOP Set
[23:17:34.234] ---- [Event] Auto : CT_STOP
[23:17:34.235] --------- [Monitor] StopTasks() : before m_stopped
[23:17:34.239] --------- [Monitor] StopTasks() : m_stopped
[23:17:34.240] [m_nState] AutoStop State
[23:17:34.251] ---- [Flow] CT_STOP Set
[23:17:34.286] ---- [Flow] CT_STOP Set
[23:17:34.941] ---- [Flow] CT_STOP Set
[23:17:34.980] ---- [Flow] CT_STOP Set
[23:17:35.126] ---- [Flow] CT_STOP Set
[23:17:35.650] ---- [Flow] CT_STOP Set
[23:17:35.798] ---- [Flow] CT_STOP Set
[23:17:35.837] ---- [Flow] CT_STOP Set
[23:17:35.950] ---- [Flow] CT_STOP Set
[23:17:36.450] ---- [Flow] CT_STOP Set
[23:17:36.485] ---- [Flow] CT_STOP Set
[23:17:36.604] ---- [Flow] CT_STOP Set
[23:17:40.275] ---- [Flow] CT_START Set
[23:17:40.297] ---- [Event] AutoStop : CT_START
[23:17:40.298] [m_nState] Auto State
[23:17:40.329] ---- [Flow] CT_START Set
[23:17:40.501] ---- [Flow] CT_START Set
[23:17:40.708] ---- [Flow] CT_START Set
[23:17:41.143] ---- [Flow] CT_START Set
[23:17:41.327] ---- [Flow] CT_STOP Set
[23:17:41.349] ---- [Event] Auto : CT_STOP
[23:17:41.350] --------- [Monitor] StopTasks() : before m_stopped
[23:17:41.351] --------- [Monitor] StopTasks() : m_stopped
[23:17:41.352] [m_nState] AutoStop State
[23:17:41.361] ---- [Flow] CT_STOP Set
[23:17:42.743] ---- [Flow] CT_START Set
[23:17:42.765] ---- [Event] AutoStop : CT_START
[23:17:42.766] [m_nState] Auto State
[23:17:42.785] ---- [Flow] CT_START Set
[23:17:42.834] ---- [Flow] CT_START Set
[23:17:42.882] ---- [Flow] CT_START Set
[23:17:42.930] ---- [Flow] CT_START Set
[23:17:42.981] ---- [Flow] CT_START Set
[23:17:43.031] ---- [Flow] CT_START Set
[23:17:43.559] ---- [Flow] CT_START Set
[23:17:43.606] ---- [Flow] CT_START Set
[23:17:43.652] ---- [Flow] CT_START Set
[23:17:43.703] ---- [Flow] CT_START Set
[23:17:44.305] ---- [Flow] CT_STOP Set
[23:17:44.328] ---- [Event] Auto : CT_STOP
[23:17:44.328] --------- [Monitor] StopTasks() : before m_stopped
[23:17:44.332] --------- [Monitor] StopTasks() : m_stopped
[23:17:44.333] [m_nState] AutoStop State
[23:17:44.341] ---- [Flow] CT_STOP Set
[23:17:44.944] ---- [Flow] CT_STOP Set
[23:17:47.814] ---- [Flow] CT_STOP Set
[23:17:48.346] ---- [Flow] CT_STOP Set
[23:17:48.380] ---- [Flow] CT_STOP Set
[23:17:50.812] ---- [Flow] CT_START Set
[23:17:50.834] ---- [Event] AutoStop : CT_START
[23:17:50.835] [m_nState] Auto State
[23:17:50.854] ---- [Flow] CT_START Set
[23:17:54.270] ---- [Flow] CT_STOP Set
[23:17:54.293] ---- [Event] Auto : CT_STOP
[23:17:54.294] --------- [Monitor] StopTasks() : before m_stopped
[23:17:54.295] --------- [Monitor] StopTasks() : m_stopped
[23:17:54.296] [m_nState] AutoStop State
[23:17:54.306] ---- [Flow] CT_STOP Set
[23:17:54.338] ---- [Flow] CT_STOP Set
[23:18:03.469] ---- [Flow] CT_START Set
[23:18:03.492] ---- [Event] AutoStop : CT_START
[23:18:03.493] [m_nState] Auto State
[23:18:05.078] ---- [Flow] CT_STOP Set
[23:18:05.100] ---- [Event] Auto : CT_STOP
[23:18:05.101] --------- [Monitor] StopTasks() : before m_stopped
[23:18:05.105] --------- [Monitor] StopTasks() : m_stopped
[23:18:05.106] [m_nState] AutoStop State
[23:18:05.118] ---- [Flow] CT_STOP Set
[23:18:05.152] ---- [Flow] CT_STOP Set
[23:18:05.310] ---- [Flow] CT_STOP Set
[23:18:05.823] ---- [Flow] CT_STOP Set
[23:18:06.167] ---- [Flow] CT_START Set
[23:18:06.190] ---- [Event] AutoStop : CT_START
[23:18:06.191] [m_nState] Auto State
[23:18:06.644] ---- [Flow] CT_START Set
[23:18:06.711] ---- [Flow] CT_STOP Set
[23:18:06.734] ---- [Event] Auto : CT_STOP
[23:18:06.735] --------- [Monitor] StopTasks() : before m_stopped
[23:18:06.800] --------- [Monitor] StopTasks() : m_stopped
[23:18:06.801] [m_nState] AutoStop State
[23:18:06.972] ---- [Flow] CT_STOP Set
[23:18:07.017] ---- [Flow] CT_STOP Set
[23:18:07.104] ---- [Flow] CT_STOP Set
[23:18:24.566] ---- [Flow] CT_START Set
[23:18:24.589] ---- [Event] AutoStop : CT_START
[23:18:24.590] [m_nState] Auto State
[23:18:24.623] ---- [Flow] CT_START Set
[23:18:24.780] ---- [Flow] CT_START Set
[23:18:25.566] ---- [Flow] CT_STOP Set
[23:18:25.588] ---- [Event] Auto : CT_STOP
[23:18:25.589] --------- [Monitor] StopTasks() : before m_stopped
[23:18:25.590] --------- [Monitor] StopTasks() : m_stopped
[23:18:25.591] [m_nState] AutoStop State
[23:18:25.600] ---- [Flow] CT_STOP Set
[23:18:25.739] ---- [Flow] CT_STOP Set
[23:18:27.239] ---- [Flow] CT_START Set
[23:18:27.261] ---- [Event] AutoStop : CT_START
[23:18:27.262] [m_nState] Auto State
[23:18:27.284] ---- [Flow] CT_START Set
[23:18:27.459] ---- [Flow] CT_START Set
[23:18:27.998] ---- [Flow] CT_STOP Set
[23:18:28.021] ---- [Event] Auto : CT_STOP
[23:18:28.022] --------- [Monitor] StopTasks() : before m_stopped
[23:18:28.028] --------- [Monitor] StopTasks() : m_stopped
[23:18:28.029] [m_nState] AutoStop State
[23:18:28.041] ---- [Flow] CT_STOP Set
[23:18:28.184] ---- [Flow] CT_STOP Set
[23:19:31.263] ---- [Flow] CT_START Set
[23:19:31.286] ---- [Event] AutoStop : CT_START
[23:19:31.287] [m_nState] Auto State
[23:19:31.335] ---- [Flow] CT_START Set
[23:19:32.666] ---- [Flow] CT_START Set
[23:19:32.713] ---- [Flow] CT_START Set
[23:19:33.423] ---- [Flow] CT_START Set
[23:19:33.469] ---- [Flow] CT_START Set
[23:19:33.516] ---- [Flow] CT_START Set
[23:19:34.045] ---- [Flow] CT_START Set
[23:19:34.091] ---- [Flow] CT_START Set
[23:19:39.679] ---- [Flow] CT_STOP Set
[23:19:39.702] ---- [Event] Auto : CT_STOP
[23:19:39.703] --------- [Monitor] StopTasks() : before m_stopped
[23:19:39.703] --------- [Monitor] StopTasks() : m_stopped
[23:19:39.704] [m_nState] AutoStop State
[23:19:39.714] ---- [Flow] CT_STOP Set
[23:19:39.748] ---- [Flow] CT_STOP Set
[23:19:39.781] ---- [Flow] CT_STOP Set
[23:19:57.203] ---- [Flow] CT_START Set
[23:19:57.226] ---- [Event] AutoStop : CT_START
[23:19:57.227] [m_nState] Auto State
[23:20:29.356] ---- [Flow] CT_STOP Set
[23:20:29.378] ---- [Event] Auto : CT_STOP
[23:20:29.379] --------- [Monitor] StopTasks() : before m_stopped
[23:20:29.380] --------- [Monitor] StopTasks() : m_stopped
[23:20:29.381] [m_nState] AutoStop State
[23:20:29.393] ---- [Flow] CT_STOP Set
[23:20:29.539] ---- [Flow] CT_STOP Set
[23:20:29.998] ---- [Flow] CT_START Set
[23:20:30.021] ---- [Event] AutoStop : CT_START
[23:20:30.022] [m_nState] Auto State
[23:20:31.448] ---- [Flow] CT_STOP Set
[23:20:31.470] ---- [Event] Auto : CT_STOP
[23:20:31.471] --------- [Monitor] StopTasks() : before m_stopped
[23:20:31.475] --------- [Monitor] StopTasks() : m_stopped
[23:20:31.476] [m_nState] AutoStop State
[23:20:31.488] ---- [Flow] CT_STOP Set
[23:20:31.522] ---- [Flow] CT_STOP Set
[23:20:32.077] ---- [Flow] CT_START Set
[23:20:32.099] ---- [Event] AutoStop : CT_START
[23:20:32.100] [m_nState] Auto State
[23:20:32.122] ---- [Flow] CT_START Set
[23:20:32.178] ---- [Flow] CT_START Set
[23:20:32.224] ---- [Flow] CT_START Set
[23:20:32.272] ---- [Flow] CT_START Set
[23:20:32.318] ---- [Flow] CT_START Set
[23:20:32.373] ---- [Flow] CT_START Set
[23:20:32.432] ---- [Flow] CT_START Set
[23:20:33.082] ---- [Flow] CT_START Set
[23:20:33.130] ---- [Flow] CT_START Set
[23:20:33.176] ---- [Flow] CT_START Set
[23:20:33.223] ---- [Flow] CT_START Set
[23:20:33.279] ---- [Flow] CT_START Set
[23:20:33.321] ---- [Flow] CT_START Set
[23:20:34.017] ---- [Flow] CT_START Set
[23:20:34.063] ---- [Flow] CT_START Set
[23:20:34.110] ---- [Flow] CT_START Set
[23:20:34.152] ---- [Flow] CT_START Set
[23:20:34.202] ---- [Flow] CT_START Set
[23:20:34.258] ---- [Flow] CT_START Set
[23:20:34.308] ---- [Flow] CT_START Set
[23:20:34.363] ---- [Flow] CT_START Set
[23:20:37.161] ---- [Flow] CT_STOP Set
[23:20:37.183] ---- [Event] Auto : CT_STOP
[23:20:37.184] --------- [Monitor] StopTasks() : before m_stopped
[23:20:37.185] --------- [Monitor] StopTasks() : m_stopped
[23:20:37.187] [m_nState] AutoStop State
[23:20:37.199] ---- [Flow] CT_STOP Set
[23:20:41.590] ---- [Flow] CT_ABORT Set
[23:20:41.642] [m_nState] Init State
[23:20:41.714] ---- [Monitor] Init : m_idle
[23:20:41.737] ---- [Event] Init : CT_IDLE
[23:20:41.738] [m_nState] Idle State
[23:20:47.503] ---- [Flow] CT_START Set
[23:20:47.526] ---- [Event] Idle : CT_START
[23:20:47.527] [m_nState] Auto State
[23:20:48.582] ---- [Flow] CT_STOP Set
[23:20:48.605] ---- [Event] Auto : CT_STOP
[23:20:48.606] --------- [Monitor] StopTasks() : before m_stopped
[23:20:48.610] --------- [Monitor] StopTasks() : m_stopped
[23:20:48.611] [m_nState] AutoStop State
[23:20:48.630] ---- [Flow] CT_STOP Set
[23:20:48.668] ---- [Flow] CT_STOP Set
[23:20:49.164] ---- [Flow] CT_STOP Set
[23:20:49.199] ---- [Flow] CT_STOP Set
[23:20:49.238] ---- [Flow] CT_STOP Set
[23:20:49.905] ---- [Flow] CT_START Set
[23:20:49.927] ---- [Event] AutoStop : CT_START
[23:20:49.928] [m_nState] Auto State
[23:21:05.749] ---- [Flow] CT_STOP Set
[23:21:05.773] ---- [Event] Auto : CT_STOP
[23:21:05.774] --------- [Monitor] StopTasks() : before m_stopped
[23:21:05.775] --------- [Monitor] StopTasks() : m_stopped
[23:21:05.776] [m_nState] AutoStop State
[23:21:05.786] ---- [Flow] CT_STOP Set
[23:21:06.425] ---- [Flow] CT_STOP Set
[23:21:06.465] ---- [Flow] CT_STOP Set
[23:21:06.981] ---- [Flow] CT_STOP Set
[23:21:07.167] ---- [Flow] CT_STOP Set
[23:21:07.201] ---- [Flow] CT_STOP Set
[23:21:07.579] ---- [Flow] CT_START Set
[23:21:07.602] ---- [Event] AutoStop : CT_START
[23:21:07.603] [m_nState] Auto State
[23:21:07.976] ---- [Flow] CT_START Set
[23:21:08.031] ---- [Flow] CT_START Set
[23:21:08.662] ---- [Flow] CT_STOP Set
[23:21:08.685] ---- [Event] Auto : CT_STOP
[23:21:08.686] --------- [Monitor] StopTasks() : before m_stopped
[23:21:08.687] --------- [Monitor] StopTasks() : m_stopped
[23:21:08.688] [m_nState] AutoStop State
[23:21:08.857] ---- [Flow] CT_STOP Set
[23:21:09.578] ---- [Flow] CT_STOP Set
[23:21:09.617] ---- [Flow] CT_STOP Set
[23:21:26.512] ---- [Flow] CT_START Set
[23:21:26.535] ---- [Event] AutoStop : CT_START
[23:21:26.536] [m_nState] Auto State
[23:21:26.554] ---- [Flow] CT_START Set
[23:21:26.739] ---- [Flow] CT_START Set
[23:21:27.772] ---- [Flow] CT_START Set
[23:21:27.953] ---- [Flow] CT_START Set
[23:21:28.108] ---- [Flow] CT_START Set
[23:21:28.285] ---- [Flow] CT_START Set
[23:21:28.462] ---- [Flow] CT_START Set
[23:21:28.631] ---- [Flow] CT_START Set
[23:21:30.538] ---- [Flow] CT_START Set
[23:21:30.584] ---- [Flow] CT_START Set
[23:21:30.745] ---- [Flow] CT_START Set
[23:21:30.801] ---- [Flow] CT_START Set
[23:21:30.969] ---- [Flow] CT_START Set
[23:21:31.142] ---- [Flow] CT_START Set
[23:21:31.293] ---- [Flow] CT_START Set
[23:21:31.339] ---- [Flow] CT_START Set
[23:21:31.419] ---- [Flow] CT_START Set
[23:21:31.458] ---- [Flow] CT_START Set
[23:21:31.504] ---- [Flow] CT_START Set
[23:21:31.598] ---- [Flow] CT_START Set
[23:21:31.641] ---- [Flow] CT_START Set
[23:21:31.683] ---- [Flow] CT_START Set
[23:21:31.774] ---- [Flow] CT_START Set
[23:21:31.824] ---- [Flow] CT_START Set
[23:21:31.870] ---- [Flow] CT_START Set
[23:21:31.959] ---- [Flow] CT_START Set
[23:21:32.000] ---- [Flow] CT_START Set
[23:21:32.047] ---- [Flow] CT_START Set
[23:21:32.136] ---- [Flow] CT_START Set
[23:21:32.187] ---- [Flow] CT_START Set
[23:21:32.238] ---- [Flow] CT_START Set
[23:21:32.335] ---- [Flow] CT_START Set
[23:21:32.385] ---- [Flow] CT_START Set
[23:21:32.482] ---- [Flow] CT_START Set
[23:21:32.528] ---- [Flow] CT_START Set
[23:21:32.587] ---- [Flow] CT_START Set
[23:21:32.688] ---- [Flow] CT_START Set
[23:21:32.734] ---- [Flow] CT_START Set
[23:21:32.783] ---- [Flow] CT_START Set
[23:21:32.867] ---- [Flow] CT_START Set
[23:21:32.917] ---- [Flow] CT_START Set
[23:21:33.020] ---- [Flow] CT_START Set
[23:21:33.066] ---- [Flow] CT_START Set
[23:21:33.111] ---- [Flow] CT_START Set
[23:21:33.215] ---- [Flow] CT_START Set
[23:21:33.265] ---- [Flow] CT_START Set
[23:21:33.362] ---- [Flow] CT_START Set
[23:21:33.409] ---- [Flow] CT_START Set
[23:21:33.455] ---- [Flow] CT_START Set
[23:21:33.562] ---- [Flow] CT_START Set
[23:21:33.613] ---- [Flow] CT_START Set
[23:21:33.715] ---- [Flow] CT_START Set
[23:21:33.753] ---- [Flow] CT_START Set
[23:21:33.799] ---- [Flow] CT_START Set
[23:21:33.884] ---- [Flow] CT_START Set
[23:21:33.934] ---- [Flow] CT_START Set
[23:21:33.981] ---- [Flow] CT_START Set
[23:21:34.066] ---- [Flow] CT_START Set
[23:21:34.113] ---- [Flow] CT_START Set
[23:21:34.159] ---- [Flow] CT_START Set
[23:21:34.472] ---- [Flow] CT_STOP Set
[23:21:34.494] ---- [Event] Auto : CT_STOP
[23:21:34.495] --------- [Monitor] StopTasks() : before m_stopped
[23:21:34.496] --------- [Monitor] StopTasks() : m_stopped
[23:21:34.497] [m_nState] AutoStop State
[23:21:34.519] ---- [Flow] CT_STOP Set
[23:21:34.631] ---- [Flow] CT_STOP Set
[23:21:34.669] ---- [Flow] CT_STOP Set
[23:21:34.795] ---- [Flow] CT_STOP Set
[23:21:34.833] ---- [Flow] CT_STOP Set
[23:21:34.948] ---- [Flow] CT_STOP Set
[23:21:34.981] ---- [Flow] CT_STOP Set
[23:21:35.111] ---- [Flow] CT_STOP Set
[23:21:35.147] ---- [Flow] CT_STOP Set
[23:21:35.257] ---- [Flow] CT_STOP Set
[23:21:35.402] ---- [Flow] CT_STOP Set
[23:21:36.547] ---- [Flow] CT_STOP Set
[23:21:36.584] ---- [Flow] CT_STOP Set
[23:21:36.619] ---- [Flow] CT_STOP Set
[23:21:36.783] ---- [Flow] CT_STOP Set
[23:21:36.817] ---- [Flow] CT_STOP Set
[23:21:37.029] ---- [Flow] CT_START Set
[23:21:37.050] ---- [Event] AutoStop : CT_START
[23:21:37.051] [m_nState] Auto State
[23:21:37.098] ---- [Flow] CT_START Set
[23:21:38.652] ---- [Flow] CT_STOP Set
[23:21:38.674] ---- [Event] Auto : CT_STOP
[23:21:38.675] --------- [Monitor] StopTasks() : before m_stopped
[23:21:38.678] --------- [Monitor] StopTasks() : m_stopped
[23:21:38.679] [m_nState] AutoStop State
[23:21:38.973] ---- [Flow] CT_STOP Set
[23:21:39.007] ---- [Flow] CT_STOP Set
[23:21:39.039] ---- [Flow] CT_STOP Set
[23:21:39.073] ---- [Flow] CT_STOP Set
[23:21:40.929] ---- [Flow] CT_START Set
[23:21:40.952] ---- [Event] AutoStop : CT_START
[23:21:40.953] [m_nState] Auto State
[23:21:40.993] ---- [Flow] CT_START Set
[23:21:41.043] ---- [Flow] CT_START Set
[23:21:41.922] ---- [Flow] CT_STOP Set
[23:21:41.945] ---- [Event] Auto : CT_STOP
[23:21:41.946] --------- [Monitor] StopTasks() : before m_stopped
[23:21:41.947] --------- [Monitor] StopTasks() : m_stopped
[23:21:41.948] [m_nState] AutoStop State
[23:21:42.011] ---- [Flow] CT_STOP Set
[23:21:42.044] ---- [Flow] CT_STOP Set
[23:21:42.077] ---- [Flow] CT_STOP Set
[23:22:30.876] ---- [Flow] CT_START Set
[23:22:30.900] ---- [Event] AutoStop : CT_START
[23:22:30.901] [m_nState] Auto State
[23:22:30.949] ---- [Flow] CT_START Set
[23:22:30.995] ---- [Flow] CT_START Set
[23:22:31.046] ---- [Flow] CT_START Set
[23:22:32.954] ---- [Flow] CT_STOP Set
[23:22:32.977] ---- [Event] Auto : CT_STOP
[23:22:32.978] --------- [Monitor] StopTasks() : before m_stopped
[23:22:32.982] --------- [Monitor] StopTasks() : m_stopped
[23:22:32.983] [m_nState] AutoStop State
[23:22:32.994] ---- [Flow] CT_STOP Set
[23:22:33.028] ---- [Flow] CT_STOP Set
[23:22:33.060] ---- [Flow] CT_STOP Set
[23:22:33.093] ---- [Flow] CT_STOP Set
[23:22:33.125] ---- [Flow] CT_STOP Set
[23:22:33.159] ---- [Flow] CT_STOP Set
[23:22:33.197] ---- [Flow] CT_STOP Set
[23:22:33.230] ---- [Flow] CT_STOP Set
[23:22:33.263] ---- [Flow] CT_STOP Set
[23:22:33.296] ---- [Flow] CT_STOP Set
[23:22:33.329] ---- [Flow] CT_STOP Set
[23:22:33.362] ---- [Flow] CT_STOP Set
[23:22:33.399] ---- [Flow] CT_STOP Set
[23:22:34.007] ---- [Flow] CT_START Set
[23:22:34.030] ---- [Event] AutoStop : CT_START
[23:22:34.031] [m_nState] Auto State
[23:22:34.049] ---- [Flow] CT_START Set
[23:22:34.105] ---- [Flow] CT_START Set
[23:22:34.152] ---- [Flow] CT_START Set
[23:22:34.194] ---- [Flow] CT_START Set
[23:22:34.241] ---- [Flow] CT_START Set
[23:22:34.286] ---- [Flow] CT_START Set
[23:22:34.337] ---- [Flow] CT_START Set
[23:22:34.384] ---- [Flow] CT_START Set
[23:22:34.430] ---- [Flow] CT_START Set
[23:22:34.477] ---- [Flow] CT_START Set
[23:22:34.523] ---- [Flow] CT_START Set
[23:22:34.574] ---- [Flow] CT_START Set
[23:22:34.617] ---- [Flow] CT_START Set
[23:22:34.671] ---- [Flow] CT_START Set
[23:22:34.722] ---- [Flow] CT_START Set
[23:22:34.768] ---- [Flow] CT_START Set
[23:22:34.812] ---- [Flow] CT_START Set
[23:22:34.864] ---- [Flow] CT_START Set
[23:22:34.905] ---- [Flow] CT_START Set
[23:22:36.132] ---- [Flow] CT_STOP Set
[23:22:36.155] ---- [Event] Auto : CT_STOP
[23:22:36.156] --------- [Monitor] StopTasks() : before m_stopped
[23:22:36.160] --------- [Monitor] StopTasks() : m_stopped
[23:22:36.161] [m_nState] AutoStop State
[23:22:36.168] ---- [Flow] CT_STOP Set
[23:22:36.201] ---- [Flow] CT_STOP Set
[23:22:36.234] ---- [Flow] CT_STOP Set
[23:22:36.272] ---- [Flow] CT_STOP Set
[23:22:36.305] ---- [Flow] CT_STOP Set
[23:22:36.338] ---- [Flow] CT_STOP Set
[23:22:36.376] ---- [Flow] CT_STOP Set
[23:22:47.926] ---- [Flow] CT_START Set
[23:22:47.949] ---- [Event] AutoStop : CT_START
[23:22:47.950] [m_nState] Auto State
[23:22:47.972] ---- [Flow] CT_START Set
[23:22:48.028] ---- [Flow] CT_START Set
[23:22:48.074] ---- [Flow] CT_START Set
[23:22:48.116] ---- [Flow] CT_START Set
[23:22:48.166] ---- [Flow] CT_START Set
[23:22:50.192] ---- [Flow] CT_START Set
[23:22:50.239] ---- [Flow] CT_START Set
[23:22:50.285] ---- [Flow] CT_START Set
[23:22:50.335] ---- [Flow] CT_START Set
[23:22:51.810] ---- [Flow] CT_STOP Set
[23:22:51.832] ---- [Event] Auto : CT_STOP
[23:22:51.833] --------- [Monitor] StopTasks() : before m_stopped
[23:22:51.834] --------- [Monitor] StopTasks() : m_stopped
[23:22:51.835] [m_nState] AutoStop State
[23:22:51.843] ---- [Flow] CT_STOP Set
[23:22:51.880] ---- [Flow] CT_STOP Set
[23:22:51.914] ---- [Flow] CT_STOP Set
[23:22:52.763] ---- [Flow] CT_STOP Set
[23:22:52.795] ---- [Flow] CT_STOP Set
[23:22:52.828] ---- [Flow] CT_STOP Set
[23:22:52.862] ---- [Flow] CT_STOP Set
[23:22:52.894] ---- [Flow] CT_STOP Set
[23:22:56.578] ---- [Flow] CT_STOP Set
[23:22:56.616] ---- [Flow] CT_STOP Set
[23:22:56.650] ---- [Flow] CT_STOP Set
[23:22:56.682] ---- [Flow] CT_STOP Set
[23:22:56.911] ---- [Flow] CT_STOP Set
[23:22:56.944] ---- [Flow] CT_STOP Set
[23:22:56.977] ---- [Flow] CT_STOP Set
[23:22:57.206] ---- [Flow] CT_STOP Set
[23:22:57.240] ---- [Flow] CT_STOP Set
[23:22:57.273] ---- [Flow] CT_STOP Set
[23:22:57.305] ---- [Flow] CT_STOP Set
[23:22:57.338] ---- [Flow] CT_STOP Set
[23:22:57.801] ---- [Flow] CT_STOP Set
[23:22:57.834] ---- [Flow] CT_STOP Set
[23:22:57.868] ---- [Flow] CT_STOP Set
[23:22:57.901] ---- [Flow] CT_STOP Set
[23:22:57.933] ---- [Flow] CT_STOP Set
[23:22:58.702] ---- [Flow] CT_START Set
[23:22:58.724] ---- [Event] AutoStop : CT_START
[23:22:58.725] [m_nState] Auto State
[23:22:58.772] ---- [Flow] CT_START Set
[23:22:58.819] ---- [Flow] CT_START Set
[23:22:58.873] ---- [Flow] CT_START Set
[23:22:58.919] ---- [Flow] CT_START Set
[23:22:58.962] ---- [Flow] CT_START Set
[23:22:59.014] ---- [Flow] CT_START Set
[23:22:59.061] ---- [Flow] CT_START Set
[23:22:59.107] ---- [Flow] CT_START Set
[23:22:59.149] ---- [Flow] CT_START Set
[23:22:59.191] ---- [Flow] CT_START Set
[23:22:59.239] ---- [Flow] CT_START Set
[23:22:59.289] ---- [Flow] CT_START Set
[23:22:59.335] ---- [Flow] CT_START Set
[23:22:59.385] ---- [Flow] CT_START Set
[23:22:59.432] ---- [Flow] CT_START Set
[23:22:59.483] ---- [Flow] CT_START Set
[23:22:59.530] ---- [Flow] CT_START Set
[23:22:59.573] ---- [Flow] CT_START Set
[23:22:59.619] ---- [Flow] CT_START Set
[23:22:59.665] ---- [Flow] CT_START Set
[23:22:59.712] ---- [Flow] CT_START Set
[23:22:59.758] ---- [Flow] CT_START Set
[23:22:59.809] ---- [Flow] CT_START Set
[23:22:59.851] ---- [Flow] CT_START Set
[23:22:59.903] ---- [Flow] CT_START Set
[23:22:59.949] ---- [Flow] CT_START Set
[23:22:59.994] ---- [Flow] CT_START Set
[23:23:00.045] ---- [Flow] CT_START Set
[23:23:00.096] ---- [Flow] CT_START Set
[23:23:00.143] ---- [Flow] CT_START Set
[23:23:00.185] ---- [Flow] CT_START Set
[23:23:00.235] ---- [Flow] CT_START Set
[23:23:00.282] ---- [Flow] CT_START Set
[23:23:00.329] ---- [Flow] CT_START Set
[23:23:00.380] ---- [Flow] CT_START Set
[23:23:00.430] ---- [Flow] CT_START Set
[23:23:00.476] ---- [Flow] CT_START Set
[23:23:00.523] ---- [Flow] CT_START Set
[23:23:00.573] ---- [Flow] CT_START Set
[23:23:00.615] ---- [Flow] CT_START Set
[23:23:00.657] ---- [Flow] CT_START Set
[23:23:00.706] ---- [Flow] CT_START Set
[23:23:00.753] ---- [Flow] CT_START Set
[23:23:00.792] ---- [Flow] CT_START Set
[23:23:00.847] ---- [Flow] CT_START Set
[23:23:00.893] ---- [Flow] CT_START Set
[23:23:00.936] ---- [Flow] CT_START Set
[23:23:00.983] ---- [Flow] CT_START Set
[23:23:01.026] ---- [Flow] CT_START Set
[23:23:01.072] ---- [Flow] CT_START Set
[23:23:01.122] ---- [Flow] CT_START Set
[23:23:01.169] ---- [Flow] CT_START Set
[23:23:01.212] ---- [Flow] CT_START Set
[23:23:01.262] ---- [Flow] CT_START Set
[23:23:01.308] ---- [Flow] CT_START Set
[23:23:01.351] ---- [Flow] CT_START Set
[23:23:01.402] ---- [Flow] CT_START Set
[23:23:01.449] ---- [Flow] CT_START Set
[23:23:01.494] ---- [Flow] CT_START Set
[23:23:01.541] ---- [Flow] CT_START Set
[23:23:02.219] ---- [Flow] CT_START Set
[23:23:02.265] ---- [Flow] CT_START Set
[23:23:02.312] ---- [Flow] CT_START Set
[23:23:02.461] ---- [Flow] CT_START Set
[23:23:02.503] ---- [Flow] CT_START Set
[23:23:02.555] ---- [Flow] CT_START Set
[23:23:02.614] ---- [Flow] CT_START Set
[23:23:02.762] ---- [Flow] CT_START Set
[23:23:02.817] ---- [Flow] CT_START Set
[23:23:02.872] ---- [Flow] CT_START Set
[23:23:02.918] ---- [Flow] CT_START Set
[23:23:03.579] ---- [Flow] CT_START Set
[23:23:03.626] ---- [Flow] CT_START Set
[23:23:03.682] ---- [Flow] CT_START Set
[23:23:03.728] ---- [Flow] CT_START Set
[23:23:03.770] ---- [Flow] CT_START Set
[23:23:03.826] ---- [Flow] CT_START Set
[23:23:04.528] ---- [Flow] CT_START Set
[23:23:04.579] ---- [Flow] CT_START Set
[23:23:04.629] ---- [Flow] CT_START Set
[23:23:04.686] ---- [Flow] CT_START Set
[23:23:04.733] ---- [Flow] CT_START Set
[23:23:04.778] ---- [Flow] CT_START Set
[23:23:04.828] ---- [Flow] CT_START Set
[23:23:04.885] ---- [Flow] CT_START Set
[23:23:06.536] ---- [Flow] CT_STOP Set
[23:23:06.559] ---- [Event] Auto : CT_STOP
[23:23:06.560] --------- [Monitor] StopTasks() : before m_stopped
[23:23:06.564] --------- [Monitor] StopTasks() : m_stopped
[23:23:06.565] [m_nState] AutoStop State
[23:23:06.573] ---- [Flow] CT_STOP Set
[23:23:06.605] ---- [Flow] CT_STOP Set
[23:23:06.638] ---- [Flow] CT_STOP Set
[23:23:07.179] ---- [Flow] CT_STOP Set
[23:23:07.213] ---- [Flow] CT_STOP Set
[23:23:08.211] ---- [Flow] CT_STOP Set
[23:23:48.675] ---- [Flow] CT_START Set
[23:23:48.698] ---- [Event] AutoStop : CT_START
[23:23:48.699] [m_nState] Auto State
[23:23:48.739] ---- [Flow] CT_START Set
[23:23:48.781] ---- [Flow] CT_START Set
[23:23:53.526] ---- [Flow] CT_STOP Set
[23:23:53.548] ---- [Event] Auto : CT_STOP
[23:23:53.549] --------- [Monitor] StopTasks() : before m_stopped
[23:23:53.554] --------- [Monitor] StopTasks() : m_stopped
[23:23:53.555] [m_nState] AutoStop State
[23:23:53.568] ---- [Flow] CT_STOP Set
[23:23:53.605] ---- [Flow] CT_STOP Set
[23:24:11.038] ---- [Flow] CT_START Set
[23:24:11.061] ---- [Event] AutoStop : CT_START
[23:24:11.062] [m_nState] Auto State
[23:24:11.080] ---- [Flow] CT_START Set
[23:24:11.234] ---- [Flow] CT_START Set
[23:24:12.088] ---- [Flow] CT_STOP Set
[23:24:12.111] ---- [Event] Auto : CT_STOP
[23:24:12.112] --------- [Monitor] StopTasks() : before m_stopped
[23:24:12.113] --------- [Monitor] StopTasks() : m_stopped
[23:24:12.114] [m_nState] AutoStop State
[23:24:12.124] ---- [Flow] CT_STOP Set
[23:24:12.165] ---- [Flow] CT_STOP Set
[23:24:13.066] ---- [Flow] CT_START Set
[23:24:13.088] ---- [Event] AutoStop : CT_START
[23:24:13.089] [m_nState] Auto State
[23:24:13.141] ---- [Flow] CT_START Set
[23:24:14.774] ---- [Flow] CT_STOP Set
[23:24:14.796] ---- [Event] Auto : CT_STOP
[23:24:14.797] --------- [Monitor] StopTasks() : before m_stopped
[23:24:14.799] --------- [Monitor] StopTasks() : m_stopped
[23:24:14.800] [m_nState] AutoStop State
[23:24:14.890] ---- [Flow] CT_STOP Set
[23:24:14.923] ---- [Flow] CT_STOP Set
[23:24:16.871] ---- [Flow] CT_START Set
[23:24:16.894] ---- [Event] AutoStop : CT_START
[23:24:16.895] [m_nState] Auto State
[23:24:18.631] ---- [Flow] CT_STOP Set
[23:24:18.654] ---- [Event] Auto : CT_STOP
[23:24:18.655] --------- [Monitor] StopTasks() : before m_stopped
[23:24:18.659] --------- [Monitor] StopTasks() : m_stopped
[23:24:18.660] [m_nState] AutoStop State
[23:24:37.276] ---- [Flow] CT_START Set
[23:24:37.298] ---- [Event] AutoStop : CT_START
[23:24:37.299] [m_nState] Auto State
[23:24:53.416] ---- [Flow] CT_STOP Set
[23:24:53.439] ---- [Event] Auto : CT_STOP
[23:24:53.440] --------- [Monitor] StopTasks() : before m_stopped
[23:24:53.441] --------- [Monitor] StopTasks() : m_stopped
[23:24:53.442] [m_nState] AutoStop State
[23:24:53.467] ---- [Flow] CT_STOP Set
[23:24:53.505] ---- [Flow] CT_STOP Set
[23:24:53.539] ---- [Flow] CT_STOP Set
[23:24:56.128] ---- [Flow] CT_ABORT Set
[23:24:56.180] [m_nState] Init State
[23:24:56.226] ---- [Monitor] Init : m_idle
[23:24:56.248] ---- [Event] Init : CT_IDLE
[23:24:56.249] [m_nState] Idle State
[23:24:59.421] ---- [Flow] CT_START Set
[23:24:59.444] ---- [Event] Idle : CT_START
[23:24:59.445] [m_nState] Auto State
[23:25:19.366] ---- [Flow] CT_START Set
[23:25:22.606] ---- [Flow] CT_START Set
[23:25:27.104] ---- [Flow] CT_START Set
[23:26:01.134] ---- [Flow] CT_STOP Set
[23:26:01.157] ---- [Event] Auto : CT_STOP
[23:26:01.158] --------- [Monitor] StopTasks() : before m_stopped
[23:26:01.202] ---- [Flow] CT_STOP Set
[23:26:01.256] ---- [Flow] CT_STOP Set
[23:26:01.856] --------- [Monitor] StopTasks() : m_stopped
[23:26:01.857] [m_nState] AutoStop State
[23:27:00.710] ---- [Flow] CT_START Set
[23:27:00.733] ---- [Event] AutoStop : CT_START
[23:27:00.734] [m_nState] Auto State
[23:27:03.628] ---- [Flow] CT_STOP Set
[23:27:03.651] ---- [Event] Auto : CT_STOP
[23:27:03.652] --------- [Monitor] StopTasks() : before m_stopped
[23:27:03.653] --------- [Monitor] StopTasks() : m_stopped
[23:27:03.654] [m_nState] AutoStop State
[23:27:03.663] ---- [Flow] CT_STOP Set
[23:27:03.696] ---- [Flow] CT_STOP Set
[23:27:03.846] ---- [Flow] CT_STOP Set
[23:27:04.199] ---- [Flow] CT_STOP Set
[23:27:04.345] ---- [Flow] CT_STOP Set
[23:27:04.386] ---- [Flow] CT_STOP Set
[23:27:04.498] ---- [Flow] CT_STOP Set
[23:27:04.862] ---- [Flow] CT_STOP Set
[23:27:04.896] ---- [Flow] CT_STOP Set
[23:27:05.047] ---- [Flow] CT_STOP Set
[23:27:05.089] ---- [Flow] CT_STOP Set
[23:27:05.516] ---- [Flow] CT_START Set
[23:27:05.538] ---- [Event] AutoStop : CT_START
[23:27:05.539] [m_nState] Auto State
[23:27:05.562] ---- [Flow] CT_START Set
[23:27:05.618] ---- [Flow] CT_START Set
[23:27:05.668] ---- [Flow] CT_START Set
[23:27:05.719] ---- [Flow] CT_START Set
[23:27:05.765] ---- [Flow] CT_START Set
[23:27:05.815] ---- [Flow] CT_START Set
[23:27:06.480] ---- [Flow] CT_START Set
[23:27:06.526] ---- [Flow] CT_START Set
[23:27:06.568] ---- [Flow] CT_START Set
[23:27:06.622] ---- [Flow] CT_START Set
[23:27:06.672] ---- [Flow] CT_START Set
[23:27:06.719] ---- [Flow] CT_START Set
[23:27:06.766] ---- [Flow] CT_START Set
[23:27:06.818] ---- [Flow] CT_START Set
[23:27:07.444] ---- [Flow] CT_START Set
[23:27:07.494] ---- [Flow] CT_START Set
[23:27:07.540] ---- [Flow] CT_START Set
[23:27:07.586] ---- [Flow] CT_START Set
[23:27:07.633] ---- [Flow] CT_START Set
[23:27:07.679] ---- [Flow] CT_START Set
[23:27:07.721] ---- [Flow] CT_START Set
[23:27:07.767] ---- [Flow] CT_START Set
[23:27:08.422] ---- [Flow] CT_START Set
[23:27:08.468] ---- [Flow] CT_START Set
[23:27:08.525] ---- [Flow] CT_START Set
[23:27:08.572] ---- [Flow] CT_START Set
[23:27:08.619] ---- [Flow] CT_START Set
[23:27:08.670] ---- [Flow] CT_START Set
[23:27:09.299] ---- [Flow] CT_START Set
[23:27:09.355] ---- [Flow] CT_START Set
[23:27:09.400] ---- [Flow] CT_START Set
[23:27:09.446] ---- [Flow] CT_START Set
[23:27:09.496] ---- [Flow] CT_START Set
[23:27:09.542] ---- [Flow] CT_START Set
[23:27:09.588] ---- [Flow] CT_START Set
[23:27:09.643] ---- [Flow] CT_START Set
[23:27:10.294] ---- [Flow] CT_START Set
[23:27:10.905] ---- [Flow] CT_START Set
[23:27:10.952] ---- [Flow] CT_START Set
[23:27:11.002] ---- [Flow] CT_START Set
[23:27:11.053] ---- [Flow] CT_START Set
[23:27:11.105] ---- [Flow] CT_START Set
[23:27:11.151] ---- [Flow] CT_START Set
[23:27:11.198] ---- [Flow] CT_START Set
[23:27:11.248] ---- [Flow] CT_START Set
[23:27:11.894] ---- [Flow] CT_START Set
[23:27:12.507] ---- [Flow] CT_START Set
[23:27:12.554] ---- [Flow] CT_START Set
[23:27:12.606] ---- [Flow] CT_START Set
[23:27:12.661] ---- [Flow] CT_START Set
[23:27:12.703] ---- [Flow] CT_START Set
[23:27:12.754] ---- [Flow] CT_START Set
[23:27:12.802] ---- [Flow] CT_START Set
[23:27:12.857] ---- [Flow] CT_START Set
[23:27:13.494] ---- [Flow] CT_START Set
[23:27:14.124] ---- [Flow] CT_START Set
[23:27:14.174] ---- [Flow] CT_START Set
[23:27:14.225] ---- [Flow] CT_START Set
[23:27:14.271] ---- [Flow] CT_START Set
[23:27:14.317] ---- [Flow] CT_START Set
[23:27:14.369] ---- [Flow] CT_START Set
[23:27:14.415] ---- [Flow] CT_START Set
[23:27:14.462] ---- [Flow] CT_START Set
[23:27:15.122] ---- [Flow] CT_START Set
[23:27:15.743] ---- [Flow] CT_START Set
[23:27:15.787] ---- [Flow] CT_START Set
[23:27:15.838] ---- [Flow] CT_START Set
[23:27:15.890] ---- [Flow] CT_START Set
[23:27:15.936] ---- [Flow] CT_START Set
[23:27:15.983] ---- [Flow] CT_START Set
[23:27:16.029] ---- [Flow] CT_START Set
[23:27:16.077] ---- [Flow] CT_START Set
[23:27:19.041] ---- [Flow] CT_STOP Set
[23:27:19.064] ---- [Event] Auto : CT_STOP
[23:27:19.065] --------- [Monitor] StopTasks() : before m_stopped
[23:27:19.069] --------- [Monitor] StopTasks() : m_stopped
[23:27:19.070] [m_nState] AutoStop State
[23:27:19.078] ---- [Flow] CT_STOP Set
[23:27:19.110] ---- [Flow] CT_STOP Set
[23:28:17.974] ---- [Flow] CT_START Set
[23:28:17.996] ---- [Event] AutoStop : CT_START
[23:28:17.997] [m_nState] Auto State
[23:28:19.701] ---- [Flow] CT_STOP Set
[23:28:19.723] ---- [Event] Auto : CT_STOP
[23:28:19.724] --------- [Monitor] StopTasks() : before m_stopped
[23:28:19.728] --------- [Monitor] StopTasks() : m_stopped
[23:28:19.729] [m_nState] AutoStop State
[23:28:19.741] ---- [Flow] CT_STOP Set
[23:28:19.774] ---- [Flow] CT_STOP Set
[23:28:21.731] ---- [Flow] CT_START Set
[23:28:21.753] ---- [Event] AutoStop : CT_START
[23:28:21.754] [m_nState] Auto State
[23:28:21.773] ---- [Flow] CT_START Set
[23:28:21.841] ---- [Flow] CT_START Set
[23:28:21.892] ---- [Flow] CT_START Set
[23:28:22.549] ---- [Flow] CT_START Set
[23:28:23.141] ---- [Flow] CT_START Set
[23:28:23.274] ---- [Flow] CT_START Set
[23:28:23.328] ---- [Flow] CT_START Set
[23:28:23.385] ---- [Flow] CT_START Set
[23:28:23.531] ---- [Flow] CT_START Set
[23:28:24.789] ---- [Flow] CT_START Set
[23:28:24.840] ---- [Flow] CT_START Set
[23:28:24.888] ---- [Flow] CT_START Set
[23:28:28.506] ---- [Flow] CT_STOP Set
[23:28:28.529] ---- [Event] Auto : CT_STOP
[23:28:28.530] --------- [Monitor] StopTasks() : before m_stopped
[23:28:28.531] --------- [Monitor] StopTasks() : m_stopped
[23:28:28.532] [m_nState] AutoStop State
[23:28:28.543] ---- [Flow] CT_STOP Set
[23:28:28.578] ---- [Flow] CT_STOP Set
[23:28:39.304] ---- [Flow] CT_START Set
[23:28:39.327] ---- [Event] AutoStop : CT_START
[23:28:39.328] [m_nState] Auto State
[23:28:39.351] ---- [Flow] CT_START Set
[23:28:41.042] ---- [Flow] CT_STOP Set
[23:28:41.065] ---- [Event] Auto : CT_STOP
[23:28:41.066] --------- [Monitor] StopTasks() : before m_stopped
[23:28:41.073] --------- [Monitor] StopTasks() : m_stopped
[23:28:41.074] [m_nState] AutoStop State
[23:28:41.086] ---- [Flow] CT_STOP Set
[23:31:34.336] ---- [Flow] CT_START Set
[23:31:34.360] ---- [Event] AutoStop : CT_START
[23:31:34.361] [m_nState] Auto State
[23:31:34.409] ---- [Flow] CT_START Set
[23:31:34.455] ---- [Flow] CT_START Set
[23:31:34.502] ---- [Flow] CT_START Set
[23:31:34.552] ---- [Flow] CT_START Set
[23:31:34.599] ---- [Flow] CT_START Set
[23:31:36.033] ---- [Flow] CT_STOP Set
[23:31:36.055] ---- [Event] Auto : CT_STOP
[23:31:36.056] --------- [Monitor] StopTasks() : before m_stopped
[23:31:36.078] ---- [Flow] CT_STOP Set
[23:31:36.120] ---- [Flow] CT_STOP Set
[23:31:36.161] ---- [Flow] CT_STOP Set
[23:31:36.200] ---- [Flow] CT_STOP Set
[23:31:36.238] ---- [Flow] CT_STOP Set
[23:31:36.277] ---- [Flow] CT_STOP Set
[23:31:36.456] --------- [Monitor] StopTasks() : m_stopped
[23:31:36.457] [m_nState] AutoStop State
[23:32:14.879] ---- [Flow] CT_START Set
[23:32:14.903] ---- [Event] AutoStop : CT_START
[23:32:14.904] [m_nState] Auto State
[23:32:14.944] ---- [Flow] CT_START Set
[23:32:14.994] ---- [Flow] CT_START Set
[23:32:15.041] ---- [Flow] CT_START Set
[23:32:15.091] ---- [Flow] CT_START Set
[23:32:18.011] ---- [Flow] CT_STOP Set
[23:32:18.034] ---- [Event] Auto : CT_STOP
[23:32:18.035] --------- [Monitor] StopTasks() : before m_stopped
[23:32:18.036] --------- [Monitor] StopTasks() : m_stopped
[23:32:18.036] [m_nState] AutoStop State
[23:32:18.047] ---- [Flow] CT_STOP Set
[23:32:18.080] ---- [Flow] CT_STOP Set
[23:32:18.113] ---- [Flow] CT_STOP Set
[23:32:22.008] ---- [Flow] CT_ABORT Set
[23:32:22.060] [m_nState] Init State
[23:32:22.124] ---- [Monitor] Init : m_idle
[23:32:22.147] ---- [Event] Init : CT_IDLE
[23:32:22.148] [m_nState] Idle State
[23:32:24.194] ---- [Flow] CT_START Set
[23:32:24.216] ---- [Event] Idle : CT_START
[23:32:24.217] [m_nState] Auto State
[23:32:25.529] ---- [Flow] CT_STOP Set
[23:32:25.551] ---- [Event] Auto : CT_STOP
[23:32:25.552] --------- [Monitor] StopTasks() : before m_stopped
[23:32:25.597] --------- [Monitor] StopTasks() : m_stopped
[23:32:25.598] [m_nState] AutoStop State
[23:32:25.642] ---- [Flow] CT_STOP Set
[23:32:26.822] ---- [Flow] CT_START Set
[23:32:26.844] ---- [Event] AutoStop : CT_START
[23:32:26.845] [m_nState] Auto State
[23:32:48.952] ---- [Flow] CT_STOP Set
[23:32:48.974] ---- [Event] Auto : CT_STOP
[23:32:48.975] --------- [Monitor] StopTasks() : before m_stopped
[23:32:48.981] --------- [Monitor] StopTasks() : m_stopped
[23:32:48.982] [m_nState] AutoStop State
[23:32:49.086] ---- [Flow] CT_STOP Set
[23:33:21.671] ---- [Flow] CT_START Set
[23:33:21.694] ---- [Event] AutoStop : CT_START
[23:33:21.695] [m_nState] Auto State
[23:33:22.129] ---- [Flow] CT_START Set
[23:33:22.176] ---- [Flow] CT_START Set
[23:33:22.694] ---- [Flow] CT_START Set
[23:33:22.953] ---- [Flow] CT_START Set
[23:33:22.999] ---- [Flow] CT_START Set
[23:33:23.054] ---- [Flow] CT_START Set
[23:33:23.105] ---- [Flow] CT_START Set
[23:33:23.157] ---- [Flow] CT_START Set
[23:33:23.203] ---- [Flow] CT_START Set
[23:33:23.249] ---- [Flow] CT_START Set
[23:33:23.296] ---- [Flow] CT_START Set
[23:33:23.339] ---- [Flow] CT_START Set
[23:33:23.390] ---- [Flow] CT_START Set
[23:33:23.436] ---- [Flow] CT_START Set
[23:33:23.478] ---- [Flow] CT_START Set
[23:33:23.530] ---- [Flow] CT_START Set
[23:33:24.132] ---- [Flow] CT_START Set
[23:33:24.179] ---- [Flow] CT_START Set
[23:33:24.229] ---- [Flow] CT_START Set
[23:33:24.280] ---- [Flow] CT_START Set
[23:33:24.327] ---- [Flow] CT_START Set
[23:33:24.987] ---- [Flow] CT_START Set
[23:33:25.588] ---- [Flow] CT_START Set
[23:33:25.639] ---- [Flow] CT_START Set
[23:33:25.686] ---- [Flow] CT_START Set
[23:33:25.732] ---- [Flow] CT_START Set
[23:33:25.783] ---- [Flow] CT_START Set
[23:33:27.834] ---- [Flow] CT_STOP Set
[23:33:27.857] ---- [Event] Auto : CT_STOP
[23:33:27.858] --------- [Monitor] StopTasks() : before m_stopped
[23:33:27.859] --------- [Monitor] StopTasks() : m_stopped
[23:33:27.860] [m_nState] AutoStop State
[23:33:27.870] ---- [Flow] CT_STOP Set
[23:33:28.365] ---- [Flow] CT_STOP Set
[23:33:28.403] ---- [Flow] CT_STOP Set
[23:33:28.547] ---- [Flow] CT_STOP Set
[23:33:28.995] ---- [Flow] CT_START Set
[23:33:29.018] ---- [Event] AutoStop : CT_START
[23:33:29.019] [m_nState] Auto State
[23:33:29.573] ---- [Flow] CT_START Set
[23:33:29.810] ---- [Flow] CT_START Set
[23:33:31.009] ---- [Flow] CT_STOP Set
[23:33:31.032] ---- [Event] Auto : CT_STOP
[23:33:31.033] --------- [Monitor] StopTasks() : before m_stopped
[23:33:31.034] --------- [Monitor] StopTasks() : m_stopped
[23:33:31.035] [m_nState] AutoStop State
[23:33:31.043] ---- [Flow] CT_STOP Set
[23:34:12.939] ---- [Flow] CT_STOP Set
[23:34:13.298] ---- [Flow] CT_STOP Set
[23:34:13.814] ---- [Flow] CT_STOP Set
[23:34:13.847] ---- [Flow] CT_STOP Set
[23:34:14.367] ---- [Flow] CT_STOP Set
[23:34:14.408] ---- [Flow] CT_STOP Set
[23:34:14.886] ---- [Flow] CT_STOP Set
[23:34:14.924] ---- [Flow] CT_STOP Set
[23:34:14.957] ---- [Flow] CT_STOP Set
[23:34:15.430] ---- [Flow] CT_START Set
[23:34:15.453] ---- [Event] AutoStop : CT_START
[23:34:15.453] [m_nState] Auto State
[23:34:15.497] ---- [Flow] CT_START Set
[23:34:20.409] ---- [Flow] CT_STOP Set
[23:34:20.431] ---- [Event] Auto : CT_STOP
[23:34:20.432] --------- [Monitor] StopTasks() : before m_stopped
[23:34:20.433] --------- [Monitor] StopTasks() : m_stopped
[23:34:20.434] [m_nState] AutoStop State
[23:34:20.444] ---- [Flow] CT_STOP Set
[23:34:20.477] ---- [Flow] CT_STOP Set
[23:34:20.950] ---- [Flow] CT_START Set
[23:34:20.972] ---- [Event] AutoStop : CT_START
[23:34:20.973] [m_nState] Auto State
[23:34:20.996] ---- [Flow] CT_START Set
[23:34:21.051] ---- [Flow] CT_START Set
[23:34:21.222] ---- [Flow] CT_START Set
[23:34:21.933] ---- [Flow] CT_START Set
[23:34:21.980] ---- [Flow] CT_START Set
[23:34:22.027] ---- [Flow] CT_START Set
[23:34:35.951] ---- [Flow] CT_STOP Set
[23:34:35.973] ---- [Event] Auto : CT_STOP
[23:34:35.974] --------- [Monitor] StopTasks() : before m_stopped
[23:34:35.975] --------- [Monitor] StopTasks() : m_stopped
[23:34:35.976] [m_nState] AutoStop State
[23:34:35.983] ---- [Flow] CT_STOP Set
[23:34:36.135] ---- [Flow] CT_STOP Set
[23:34:41.105] ---- [Flow] CT_STOP Set
[23:34:41.186] ---- [Flow] CT_START Set
[23:34:41.208] ---- [Event] AutoStop : CT_START
[23:34:41.209] [m_nState] Auto State
[23:35:08.125] ---- [Flow] CT_STOP Set
[23:35:08.148] ---- [Event] Auto : CT_STOP
[23:35:08.149] --------- [Monitor] StopTasks() : before m_stopped
[23:35:08.209] --------- [Monitor] StopTasks() : m_stopped
[23:35:08.210] [m_nState] AutoStop State
[23:35:08.310] ---- [Flow] CT_STOP Set
[23:35:21.145] ---- [Flow] CT_STOP Set
[23:35:21.182] ---- [Flow] CT_STOP Set
[23:35:21.219] ---- [Flow] CT_STOP Set
[23:35:21.332] ---- [Flow] CT_STOP Set
[23:35:21.370] ---- [Flow] CT_STOP Set
[23:35:21.481] ---- [Flow] CT_STOP Set
[23:35:21.520] ---- [Flow] CT_STOP Set
[23:35:21.556] ---- [Flow] CT_STOP Set
[23:35:21.668] ---- [Flow] CT_STOP Set
[23:35:21.701] ---- [Flow] CT_STOP Set
[23:35:24.089] ---- [Flow] CT_ABORT Set
[23:35:24.141] [m_nState] Init State
[23:35:24.204] ---- [Monitor] Init : m_idle
[23:35:24.227] ---- [Event] Init : CT_IDLE
[23:35:24.228] [m_nState] Idle State
[23:35:25.291] ---- [Flow] CT_START Set
[23:35:25.314] ---- [Event] Idle : CT_START
[23:35:25.315] [m_nState] Auto State
[23:35:54.398] ---- [Flow] CT_STOP Set
[23:35:54.420] ---- [Event] Auto : CT_STOP
[23:35:54.421] --------- [Monitor] StopTasks() : before m_stopped
[23:35:54.425] --------- [Monitor] StopTasks() : m_stopped
[23:35:54.426] [m_nState] AutoStop State
[23:35:54.438] ---- [Flow] CT_STOP Set
[23:35:54.472] ---- [Flow] CT_STOP Set
[23:35:54.504] ---- [Flow] CT_STOP Set
[23:35:54.958] ---- [Flow] CT_STOP Set
[23:35:54.994] ---- [Flow] CT_STOP Set
[23:35:55.031] ---- [Flow] CT_STOP Set
[23:36:01.523] ---- [Flow] CT_START Set
[23:36:01.545] ---- [Event] AutoStop : CT_START
[23:36:01.546] [m_nState] Auto State
[23:36:05.456] ---- [Flow] CT_START Set
[23:36:09.043] ---- [Flow] CT_STOP Set
[23:36:09.066] ---- [Event] Auto : CT_STOP
[23:36:09.067] --------- [Monitor] StopTasks() : before m_stopped
[23:36:09.606] --------- [Monitor] StopTasks() : m_stopped
[23:36:09.607] [m_nState] AutoStop State
[23:36:10.445] ---- [Flow] CT_STOP Set
[23:36:10.479] ---- [Flow] CT_STOP Set
[23:36:11.848] ---- [Flow] CT_START Set
[23:36:11.870] ---- [Event] AutoStop : CT_START
[23:36:11.871] [m_nState] Auto State
[23:36:26.814] ---- [Flow] CT_STOP Set
[23:36:26.836] ---- [Event] Auto : CT_STOP
[23:36:26.837] --------- [Monitor] StopTasks() : before m_stopped
[23:36:26.872] ---- [Flow] CT_STOP Set
[23:36:26.915] ---- [Flow] CT_STOP Set
[23:36:26.932] --------- [Monitor] StopTasks() : m_stopped
[23:36:26.933] [m_nState] AutoStop State
[23:36:29.772] ---- [Flow] CT_START Set
[23:36:29.794] ---- [Event] AutoStop : CT_START
[23:36:29.795] [m_nState] Auto State
[23:36:42.326] ---- [Flow] CT_STOP Set
[23:36:42.348] ---- [Event] Auto : CT_STOP
[23:36:42.349] --------- [Monitor] StopTasks() : before m_stopped
[23:36:42.424] --------- [Monitor] StopTasks() : m_stopped
[23:36:42.425] [m_nState] AutoStop State
[23:36:44.334] ---- [Flow] CT_ABORT Set
[23:36:44.386] [m_nState] Init State
[23:36:44.438] ---- [Monitor] Init : m_idle
[23:36:44.460] ---- [Event] Init : CT_IDLE
[23:36:44.461] [m_nState] Idle State
[23:36:44.870] ---- [Flow] CT_START Set
[23:36:44.893] ---- [Event] Idle : CT_START
[23:36:44.894] [m_nState] Auto State
[23:37:07.940] ---- [Flow] CT_START Set
[23:37:56.674] ---- [Flow] CT_STOP Set
[23:37:56.697] ---- [Event] Auto : CT_STOP
[23:37:56.698] --------- [Monitor] StopTasks() : before m_stopped
[23:37:56.949] ---- [Flow] CT_STOP Set
[23:37:56.994] ---- [Flow] CT_STOP Set
[23:37:57.040] ---- [Flow] CT_STOP Set
[23:37:57.079] ---- [Flow] CT_STOP Set
[23:37:57.520] ---- [Flow] CT_STOP Set
[23:37:57.532] --------- [Monitor] StopTasks() : m_stopped
[23:37:57.533] [m_nState] AutoStop State
[23:37:57.555] ---- [Flow] CT_STOP Set
[23:38:04.300] ---- [Flow] CT_START Set
[23:38:04.323] ---- [Event] AutoStop : CT_START
[23:38:04.324] [m_nState] Auto State
[23:38:06.536] ---- [Flow] CT_STOP Set
[23:38:06.559] ---- [Event] Auto : CT_STOP
[23:38:06.560] --------- [Monitor] StopTasks() : before m_stopped
[23:38:06.561] --------- [Monitor] StopTasks() : m_stopped
[23:38:06.562] [m_nState] AutoStop State
[23:38:06.573] ---- [Flow] CT_STOP Set
[23:38:07.117] ---- [Flow] CT_START Set
[23:38:07.139] ---- [Event] AutoStop : CT_START
[23:38:07.140] [m_nState] Auto State
[23:38:13.869] ---- [Flow] CT_START Set
[23:38:25.629] ---- [Flow] CT_START Set
[23:38:37.766] ---- [Flow] CT_START Set
[23:38:42.160] ---- [Flow] CT_STOP Set
[23:38:42.182] ---- [Event] Auto : CT_STOP
[23:38:42.183] --------- [Monitor] StopTasks() : before m_stopped
[23:38:42.320] ---- [Flow] CT_STOP Set
[23:38:42.464] ---- [Flow] CT_STOP Set
[23:38:44.103] ---- [Flow] CT_START Set
[23:38:44.111] --------- [Monitor] StopTasks() : m_stopped
[23:38:44.112] [m_nState] AutoStop State
[23:38:59.048] ---- [Flow] CT_STOP Set
[23:38:59.081] ---- [Flow] CT_STOP Set
[23:38:59.119] ---- [Flow] CT_STOP Set
[23:38:59.600] ---- [Flow] CT_STOP Set
[23:38:59.633] ---- [Flow] CT_STOP Set
[23:38:59.784] ---- [Flow] CT_STOP Set
[23:39:00.121] ---- [Flow] CT_STOP Set
[23:39:00.155] ---- [Flow] CT_STOP Set
[23:39:00.265] ---- [Flow] CT_STOP Set
[23:39:01.549] ---- [Flow] CT_START Set
[23:39:01.572] ---- [Event] AutoStop : CT_START
[23:39:01.573] [m_nState] Auto State
[23:39:04.191] ---- [Flow] CT_STOP Set
[23:39:04.213] ---- [Event] Auto : CT_STOP
[23:39:04.214] --------- [Monitor] StopTasks() : before m_stopped
[23:39:04.215] --------- [Monitor] StopTasks() : m_stopped
[23:39:04.216] [m_nState] AutoStop State
[23:39:04.224] ---- [Flow] CT_STOP Set
[23:39:04.257] ---- [Flow] CT_STOP Set
[23:39:04.926] ---- [Flow] CT_START Set
[23:39:04.949] ---- [Event] AutoStop : CT_START
[23:39:04.950] [m_nState] Auto State
[23:39:18.729] ---- [Flow] CT_STOP Set
[23:39:18.751] ---- [Event] Auto : CT_STOP
[23:39:18.752] --------- [Monitor] StopTasks() : before m_stopped
[23:39:18.792] ---- [Flow] CT_STOP Set
[23:39:18.842] ---- [Flow] CT_STOP Set
[23:39:18.999] --------- [Monitor] StopTasks() : m_stopped
[23:39:19.000] [m_nState] AutoStop State
[23:40:09.156] ---- [Flow] CT_START Set
[23:40:09.178] ---- [Event] AutoStop : CT_START
[23:40:09.179] [m_nState] Auto State
[23:43:44.937] ---- [Flow] CT_START Set
[23:44:17.250] ---- [Flow] CT_START Set
[23:49:11.813] ---- [Flow] CT_START Set
[23:49:22.286] ---- [Flow] CT_START Set
[23:49:27.147] ---- [Flow] CT_START Set
