[07:00:14.839] [RightTransferStation] Move XY Axis Error
[07:00:27.310] [RightTransferStation] Move XY Axis Error
[08:46:00.163] [RightTransferStation] Move XY Axis Error
[08:53:45.499] [RightTransferStation] Move XY Axis Error
[09:03:21.627] [RightTransferStation] Move XY Axis Error
[09:03:32.582] [RightTransferStation] Move XY Axis Error
[09:07:27.892] [RightTransferStation] Move XY Axis Error
[09:07:38.197] [RightTransferStation] Move XY Axis Error
[09:54:51.885] [RightTransferStation] Vacuum Error
[10:07:10.939] [RightTransferStation] Move XY Axis Error
[10:07:30.272] [RightTransferStation] Vacuum Error
[10:10:50.343] [RightTransferStation] Vacuum Error
[12:47:50.262] [RightTransferStation] Vacuum Error
[12:48:43.826] [RightTransferStation] Vacuum Error
[12:55:41.563] [RightTransferStation] Move XY Axis Error
[12:55:46.989] [RightTransferStation] Move XY Axis Error
[12:55:48.857] [RightTransferStation] Move XY Axis Error
[12:55:57.421] [RightTransferStation] Move XY Axis Error
[12:55:59.249] [RightTransferStation] Move XY Axis Error
[12:56:01.749] [RightTransferStation] Move XY Axis Error
[13:04:48.029] [RightPPStation] Unload Buffer Set Not Exist
[13:06:34.779] [RightPPStation] Unload Buffer Set Not Exist
[13:07:47.109] [RightPPStation] Unload Buffer Set Not Exist
[13:09:08.060] [RightPPStation] Unload Buffer Set Not Exist
[13:11:24.470] [RightPPStation] Unload Cylinder Up Error
[13:11:35.216] [RightPPStation] Unload Cylinder Up Error
[13:12:21.921] [RightPPStation] Unload Cylinder Vacuum Error
[13:12:37.421] [RightPPStation] Unload Buffer Set Not Exist
[13:14:29.570] [RightTransferStation] Unload Buffer Set Exist
[13:14:44.716] [RightPPStation] Load Cylinder Vacuum Error
[13:16:23.877] [RightTransferStation] Move XY Axis Error
[13:17:33.510] [RightTransferStation] Move XY Axis Error
[13:17:40.971] [RightTransferStation] Move XY Axis Error
[14:00:57.875] [RightTransferStation] Move XY Axis Error
[14:01:13.275] [RightTransferStation] Move XY Axis Error
[14:02:49.837] [RightTransferStation] Move XY Axis Error
[14:03:13.541] [RightTransferStation] Move XY Axis Error
[15:46:30.841] [RightTransferStation] Move XY Axis Error
[15:48:09.177] [RightTransferStation] Move XY Axis Error
[15:53:28.999] [RightTransferStation] Move XY Axis Error
[15:53:42.682] [RightTransferStation] Move XY Axis Error
[15:53:48.853] [RightTransferStation] Move XY Axis Error
[15:54:03.289] [RightTransferStation] Move XY Axis Error
