[06:53:53.793] ---- [Flow] CT_START Set
[06:53:53.816] ---- [Event] AutoStop : CT_START
[06:53:53.816] [m_nState] Auto State
[06:53:54.476] ---- [Flow] CT_START Set
[07:00:26.084] ---- [Flow] CT_START Set
[07:00:27.170] ---- [Flow] CT_START Set
[07:04:26.970] ---- [Flow] CT_STOP Set
[07:04:26.992] ---- [Event] Auto : CT_STOP
[07:04:26.992] --------- [Monitor] StopTasks() : before m_stopped
[07:04:27.942] --------- [Monitor] StopTasks() : m_stopped
[07:04:27.942] [m_nState] AutoStop State
[07:04:30.729] ---- [Flow] CT_START Set
[07:04:30.750] ---- [Event] AutoStop : CT_START
[07:04:30.750] [m_nState] Auto State
[07:04:31.333] ---- [Flow] CT_START Set
[07:05:56.996] ---- [Flow] CT_START Set
[07:07:04.146] ---- [Flow] CT_START Set
[07:07:23.138] ---- [Flow] CT_START Set
[07:08:48.785] ---- [Flow] CT_START Set
[07:43:50.896] ---- [Flow] CT_START Set
[07:49:43.077] ---- [Flow] CT_STOP Set
[07:49:43.098] ---- [Event] Auto : CT_STOP
[07:49:43.098] --------- [Monitor] StopTasks() : before m_stopped
[07:49:43.105] --------- [Monitor] StopTasks() : m_stopped
[07:49:43.105] [m_nState] AutoStop State
[07:49:43.156] ---- [Flow] CT_STOP Set
[07:49:43.197] ---- [Flow] CT_STOP Set
[07:49:43.234] ---- [Flow] CT_STOP Set
[07:49:43.266] ---- [Flow] CT_STOP Set
[07:50:39.876] ---- [Flow] CT_START Set
[07:50:39.898] ---- [Event] AutoStop : CT_START
[07:50:39.898] [m_nState] Auto State
[07:50:41.091] ---- [Flow] CT_START Set
[08:25:38.356] ---- [Flow] CT_STOP Set
[08:25:38.377] ---- [Event] Auto : CT_STOP
[08:25:38.377] --------- [Monitor] StopTasks() : before m_stopped
[08:25:38.435] --------- [Monitor] StopTasks() : m_stopped
[08:25:38.435] [m_nState] AutoStop State
[08:27:48.880] ---- [Flow] CT_START Set
[08:27:48.902] ---- [Event] AutoStop : CT_START
[08:27:48.902] [m_nState] Auto State
[08:40:38.376] ---- [Flow] CT_STOP Set
[08:40:38.399] ---- [Event] Auto : CT_STOP
[08:40:38.399] --------- [Monitor] StopTasks() : before m_stopped
[08:40:38.463] --------- [Monitor] StopTasks() : m_stopped
[08:40:38.463] [m_nState] AutoStop State
[08:44:55.982] ---- [Flow] CT_START Set
[08:44:56.003] ---- [Event] AutoStop : CT_START
[08:44:56.003] [m_nState] Auto State
[08:46:01.571] ---- [Flow] CT_STOP Set
[08:46:01.592] ---- [Event] Auto : CT_STOP
[08:46:01.592] --------- [Monitor] StopTasks() : before m_stopped
[08:46:01.596] --------- [Monitor] StopTasks() : m_stopped
[08:46:01.596] [m_nState] AutoStop State
[08:46:01.609] ---- [Flow] CT_STOP Set
[08:46:01.642] ---- [Flow] CT_STOP Set
[08:46:01.672] ---- [Flow] CT_STOP Set
[08:46:07.801] ---- [Flow] CT_START Set
[08:46:07.823] ---- [Event] AutoStop : CT_START
[08:46:07.823] [m_nState] Auto State
[08:53:50.491] ---- [Flow] CT_STOP Set
[08:53:50.512] ---- [Event] Auto : CT_STOP
[08:53:50.512] --------- [Monitor] StopTasks() : before m_stopped
[08:53:50.515] --------- [Monitor] StopTasks() : m_stopped
[08:53:50.516] [m_nState] AutoStop State
[08:53:50.528] ---- [Flow] CT_STOP Set
[08:53:50.562] ---- [Flow] CT_STOP Set
[08:53:50.592] ---- [Flow] CT_STOP Set
[08:53:57.856] ---- [Flow] CT_START Set
[08:53:57.877] ---- [Event] AutoStop : CT_START
[08:53:57.877] [m_nState] Auto State
[09:03:23.090] ---- [Flow] CT_STOP Set
[09:03:23.112] ---- [Event] Auto : CT_STOP
[09:03:23.112] --------- [Monitor] StopTasks() : before m_stopped
[09:03:23.115] --------- [Monitor] StopTasks() : m_stopped
[09:03:23.116] [m_nState] AutoStop State
[09:03:23.127] ---- [Flow] CT_STOP Set
[09:03:23.162] ---- [Flow] CT_STOP Set
[09:03:23.192] ---- [Flow] CT_STOP Set
[09:03:31.761] ---- [Flow] CT_START Set
[09:03:31.783] ---- [Event] AutoStop : CT_START
[09:03:31.783] [m_nState] Auto State
[09:03:32.900] ---- [Flow] CT_START Set
[09:07:30.175] ---- [Flow] CT_STOP Set
[09:07:30.197] ---- [Event] Auto : CT_STOP
[09:07:30.197] --------- [Monitor] StopTasks() : before m_stopped
[09:07:30.197] --------- [Monitor] StopTasks() : m_stopped
[09:07:30.197] [m_nState] AutoStop State
[09:07:30.208] ---- [Flow] CT_STOP Set
[09:07:30.650] ---- [Flow] CT_STOP Set
[09:07:37.658] ---- [Flow] CT_START Set
[09:07:37.679] ---- [Event] AutoStop : CT_START
[09:07:37.679] [m_nState] Auto State
[09:07:38.533] ---- [Flow] CT_START Set
[09:11:43.066] ---- [Flow] CT_STOP Set
[09:11:43.088] ---- [Event] Auto : CT_STOP
[09:11:43.088] --------- [Monitor] StopTasks() : before m_stopped
[09:11:43.897] --------- [Monitor] StopTasks() : m_stopped
[09:11:43.897] [m_nState] AutoStop State
[09:11:59.650] ---- [Flow] CT_START Set
[09:11:59.671] ---- [Event] AutoStop : CT_START
[09:11:59.671] [m_nState] Auto State
[09:20:33.837] ---- [Flow] CT_STOP Set
[09:20:33.859] ---- [Event] Auto : CT_STOP
[09:20:33.859] --------- [Monitor] StopTasks() : before m_stopped
[09:20:33.954] --------- [Monitor] StopTasks() : m_stopped
[09:20:33.954] [m_nState] AutoStop State
[09:26:43.780] ---- [Flow] CT_ABORT Set
[09:26:43.832] [m_nState] Init State
[09:26:43.909] ---- [Monitor] Init : m_idle
[09:26:43.930] ---- [Event] Init : CT_IDLE
[09:26:43.930] [m_nState] Idle State
[09:26:51.651] [m_nState] Init State
[09:26:51.662] ---- [Monitor] Init : m_idle
[09:26:51.683] ---- [Event] Init : CT_IDLE
[09:26:51.683] [m_nState] Idle State
[09:54:06.053] ---- [Flow] CT_ABORT Set
[09:54:06.453] [m_nState] Init State
[09:54:06.485] ---- [Monitor] Init : m_idle
[09:54:06.506] ---- [Event] Init : CT_IDLE
[09:54:06.506] [m_nState] Idle State
[09:54:13.303] ---- [Flow] CT_START Set
[09:54:13.325] ---- [Event] Idle : CT_START
[09:54:13.325] [m_nState] Auto State
[09:54:20.790] ---- [Flow] CT_START Set
[09:54:28.864] ---- [Flow] CT_START Set
[09:54:53.480] ---- [Flow] CT_STOP Set
[09:54:53.501] ---- [Event] Auto : CT_STOP
[09:54:53.501] --------- [Monitor] StopTasks() : before m_stopped
[09:54:53.505] --------- [Monitor] StopTasks() : m_stopped
[09:54:53.505] [m_nState] AutoStop State
[09:54:53.518] ---- [Flow] CT_STOP Set
[09:54:53.549] ---- [Flow] CT_STOP Set
[09:55:16.037] ---- [Flow] CT_ABORT Set
[09:55:16.087] [m_nState] Init State
[09:55:16.098] ---- [Monitor] Init : m_idle
[09:55:16.120] ---- [Event] Init : CT_IDLE
[09:55:16.120] [m_nState] Idle State
[09:55:19.535] ---- [Flow] CT_ABORT Set
[09:55:19.585] [m_nState] Init State
[09:55:19.619] ---- [Monitor] Init : m_idle
[09:55:19.640] ---- [Event] Init : CT_IDLE
[09:55:19.640] [m_nState] Idle State
[09:55:26.089] ---- [Flow] CT_ABORT Set
[09:55:26.140] [m_nState] Init State
[09:55:26.157] ---- [Monitor] Init : m_idle
[09:55:26.178] ---- [Event] Init : CT_IDLE
[09:55:26.178] [m_nState] Idle State
[09:55:27.458] ---- [Flow] CT_START Set
[09:55:27.480] ---- [Event] Idle : CT_START
[09:55:27.480] [m_nState] Auto State
[09:55:28.278] ---- [Flow] CT_START Set
[09:56:20.309] ---- [Flow] CT_STOP Set
[09:56:20.331] ---- [Event] Auto : CT_STOP
[09:56:20.331] --------- [Monitor] StopTasks() : before m_stopped
[09:56:20.334] --------- [Monitor] StopTasks() : m_stopped
[09:56:20.334] [m_nState] AutoStop State
[10:07:01.643] ---- [Flow] CT_START Set
[10:07:01.651] ---- [Flow] CT_START Set
[10:07:01.665] ---- [Event] AutoStop : CT_START
[10:07:01.665] [m_nState] Auto State
[10:07:05.427] ---- [Flow] CT_START Set
[10:07:22.410] ---- [Flow] CT_START Set
[10:10:51.923] ---- [Flow] CT_STOP Set
[10:10:51.946] ---- [Event] Auto : CT_STOP
[10:10:51.946] --------- [Monitor] StopTasks() : before m_stopped
[10:10:52.012] --------- [Monitor] StopTasks() : m_stopped
[10:10:52.012] [m_nState] AutoStop State
[10:12:26.262] ---- [Flow] CT_START Set
[10:12:26.284] ---- [Event] AutoStop : CT_START
[10:12:26.284] [m_nState] Auto State
[10:12:30.286] ---- [Flow] CT_STOP Set
[10:12:30.307] ---- [Event] Auto : CT_STOP
[10:12:30.307] --------- [Monitor] StopTasks() : before m_stopped
[10:12:30.383] --------- [Monitor] StopTasks() : m_stopped
[10:12:30.384] [m_nState] AutoStop State
[10:14:44.399] ---- [Flow] CT_ABORT Set
[10:14:44.450] [m_nState] Init State
[10:14:44.467] ---- [Monitor] Init : m_idle
[10:14:44.489] ---- [Event] Init : CT_IDLE
[10:14:44.489] [m_nState] Idle State
[10:14:46.757] ---- [Flow] CT_ABORT Set
[10:14:46.808] [m_nState] Init State
[10:14:46.881] ---- [Monitor] Init : m_idle
[10:14:46.903] ---- [Event] Init : CT_IDLE
[10:14:46.903] [m_nState] Idle State
[11:35:13.444] ---- [Flow] CT_START Set
[11:35:13.465] ---- [Event] Idle : CT_START
[11:35:13.465] [m_nState] Auto State
[11:35:14.286] ---- [Flow] CT_START Set
[11:35:50.747] ---- [Flow] CT_STOP Set
[11:35:50.768] ---- [Event] Auto : CT_STOP
[11:35:50.768] --------- [Monitor] StopTasks() : before m_stopped
[11:35:50.804] --------- [Monitor] StopTasks() : m_stopped
[11:35:50.804] [m_nState] AutoStop State
[12:23:40.553] ---- [Flow] CT_START Set
[12:23:40.575] ---- [Event] AutoStop : CT_START
[12:23:40.575] [m_nState] Auto State
[12:38:04.975] ---- [Flow] CT_START Set
[12:39:44.026] ---- [Flow] CT_STOP Set
[12:39:44.047] ---- [Event] Auto : CT_STOP
[12:39:44.047] --------- [Monitor] StopTasks() : before m_stopped
[12:39:44.113] --------- [Monitor] StopTasks() : m_stopped
[12:39:44.113] [m_nState] AutoStop State
[12:42:33.379] ---- [Flow] CT_START Set
[12:42:33.401] ---- [Event] AutoStop : CT_START
[12:42:33.401] [m_nState] Auto State
[12:42:35.588] ---- [Flow] CT_STOP Set
[12:42:35.610] ---- [Event] Auto : CT_STOP
[12:42:35.610] --------- [Monitor] StopTasks() : before m_stopped
[12:42:35.671] --------- [Monitor] StopTasks() : m_stopped
[12:42:35.671] [m_nState] AutoStop State
[12:42:35.750] ---- [Flow] CT_STOP Set
[12:42:35.783] ---- [Flow] CT_STOP Set
[12:42:35.816] ---- [Flow] CT_STOP Set
[12:42:36.831] ---- [Flow] CT_START Set
[12:42:36.852] ---- [Event] AutoStop : CT_START
[12:42:36.852] [m_nState] Auto State
[12:45:54.778] ---- [Flow] CT_START Set
[12:48:34.535] ---- [Flow] CT_START Set
[12:55:12.281] ---- [Flow] CT_START Set
[12:55:46.478] ---- [Flow] CT_START Set
[12:55:47.916] ---- [Flow] CT_START Set
[12:55:48.000] ---- [Flow] CT_START Set
[12:55:57.110] ---- [Flow] CT_START Set
[12:55:57.300] ---- [Flow] CT_START Set
[12:55:57.386] ---- [Flow] CT_START Set
[12:55:57.465] ---- [Flow] CT_START Set
[12:55:57.560] ---- [Flow] CT_START Set
[12:55:58.213] ---- [Flow] CT_START Set
[12:55:58.292] ---- [Flow] CT_START Set
[12:55:58.371] ---- [Flow] CT_START Set
[12:55:58.441] ---- [Flow] CT_START Set
[12:55:59.131] ---- [Flow] CT_START Set
[12:55:59.197] ---- [Flow] CT_START Set
[12:55:59.292] ---- [Flow] CT_START Set
[12:55:59.391] ---- [Flow] CT_START Set
[12:56:00.048] ---- [Flow] CT_START Set
[12:56:00.120] ---- [Flow] CT_START Set
[12:56:00.199] ---- [Flow] CT_START Set
[12:56:00.664] ---- [Flow] CT_START Set
[12:56:00.743] ---- [Flow] CT_START Set
[12:56:00.833] ---- [Flow] CT_START Set
[12:56:00.909] ---- [Flow] CT_START Set
[12:56:01.730] ---- [Flow] CT_START Set
[12:56:01.869] ---- [Flow] CT_START Set
[12:56:02.533] ---- [Flow] CT_START Set
[12:56:02.607] ---- [Flow] CT_START Set
[12:56:02.690] ---- [Flow] CT_START Set
[12:56:02.760] ---- [Flow] CT_START Set
[12:56:02.839] ---- [Flow] CT_START Set
[12:56:44.965] ---- [Flow] CT_START Set
[13:05:08.286] ---- [Flow] CT_START Set
[13:06:36.931] ---- [Flow] CT_START Set
[13:07:20.401] ---- [Flow] CT_START Set
[13:08:29.787] ---- [Flow] CT_START Set
[13:08:53.901] ---- [Flow] CT_START Set
[13:11:17.207] ---- [Flow] CT_START Set
[13:11:38.414] ---- [Flow] CT_START Set
[13:11:38.480] ---- [Flow] CT_START Set
[13:12:19.401] ---- [Flow] CT_START Set
[13:12:22.374] ---- [Flow] CT_START Set
[13:12:40.899] ---- [Flow] CT_START Set
[13:14:24.597] ---- [Flow] CT_START Set
[13:14:44.605] ---- [Flow] CT_START Set
[13:14:44.688] ---- [Flow] CT_START Set
[13:16:59.945] ---- [Flow] CT_STOP Set
[13:16:59.967] ---- [Event] Auto : CT_STOP
[13:16:59.967] --------- [Monitor] StopTasks() : before m_stopped
[13:17:00.024] ---- [Flow] CT_STOP Set
[13:17:00.037] --------- [Monitor] StopTasks() : m_stopped
[13:17:00.038] [m_nState] AutoStop State
[13:17:00.789] ---- [Flow] CT_START Set
[13:17:00.810] ---- [Event] AutoStop : CT_START
[13:17:00.810] [m_nState] Auto State
[13:17:02.608] ---- [Flow] CT_STOP Set
[13:17:02.629] ---- [Event] Auto : CT_STOP
[13:17:02.629] --------- [Monitor] StopTasks() : before m_stopped
[13:17:02.665] --------- [Monitor] StopTasks() : m_stopped
[13:17:02.665] [m_nState] AutoStop State
[13:17:02.718] ---- [Flow] CT_STOP Set
[13:17:02.759] ---- [Flow] CT_STOP Set
[13:17:02.795] ---- [Flow] CT_STOP Set
[13:17:02.828] ---- [Flow] CT_STOP Set
[13:17:02.867] ---- [Flow] CT_STOP Set
[13:17:02.902] ---- [Flow] CT_STOP Set
[13:17:24.619] ---- [Flow] CT_START Set
[13:17:24.640] ---- [Event] AutoStop : CT_START
[13:17:24.640] [m_nState] Auto State
[13:17:24.951] ---- [Flow] CT_START Set
[13:17:25.260] ---- [Flow] CT_START Set
[13:17:27.261] ---- [Flow] CT_START Set
[13:17:30.426] ---- [Flow] CT_STOP Set
[13:17:30.448] ---- [Event] Auto : CT_STOP
[13:17:30.448] --------- [Monitor] StopTasks() : before m_stopped
[13:17:30.451] --------- [Monitor] StopTasks() : m_stopped
[13:17:30.451] [m_nState] AutoStop State
[13:17:30.463] ---- [Flow] CT_STOP Set
[13:17:30.502] ---- [Flow] CT_STOP Set
[13:17:30.534] ---- [Flow] CT_STOP Set
[13:17:30.565] ---- [Flow] CT_STOP Set
[13:17:30.596] ---- [Flow] CT_STOP Set
[13:17:30.627] ---- [Flow] CT_STOP Set
[13:17:30.659] ---- [Flow] CT_STOP Set
[13:17:30.691] ---- [Flow] CT_STOP Set
[13:17:37.338] ---- [Flow] CT_START Set
[13:17:37.360] ---- [Event] AutoStop : CT_START
[13:17:37.360] [m_nState] Auto State
[13:17:40.207] ---- [Flow] CT_START Set
[13:17:41.094] ---- [Flow] CT_START Set
[13:47:37.083] ---- [Flow] CT_START Set
[14:01:12.553] ---- [Flow] CT_START Set
[14:01:16.797] ---- [Flow] CT_START Set
[14:03:12.378] ---- [Flow] CT_START Set
[14:03:13.166] ---- [Flow] CT_START Set
[15:48:08.104] ---- [Flow] CT_START Set
[15:48:09.304] ---- [Flow] CT_START Set
[15:53:42.135] ---- [Flow] CT_START Set
[15:53:43.381] ---- [Flow] CT_START Set
[15:54:02.344] ---- [Flow] CT_START Set
[15:54:03.457] ---- [Flow] CT_START Set
[16:04:47.587] ---- [Flow] CT_STOP Set
[16:04:47.609] ---- [Event] Auto : CT_STOP
[16:04:47.609] --------- [Monitor] StopTasks() : before m_stopped
[16:04:47.634] --------- [Monitor] StopTasks() : m_stopped
[16:04:47.634] [m_nState] AutoStop State
