[07:53:18.953] [RightPPStation] Load Cylinder Vacuum Error
[11:55:38.804] [LeftTransferStation] Vacuum Error
[11:56:18.669] [LeftTransferStation] Vacuum Error
[11:56:41.633] [LeftPPStation] Load Cylinder Vacuum Error
[11:56:58.750] [LeftPPStation] Load Cylinder Vacuum Error
[11:57:32.141] [LeftPPStation] Load Cylinder Vacuum Error
[11:58:26.888] [LeftPPStation] Load Cylinder Vacuum Error
[12:03:48.441] [RightPPStation] Load Cylinder Up Error
[12:03:56.893] [RightPPStation] Load Cylinder Up Error
[12:03:58.739] [RightPPStation] Load Cylinder Vacuum Error
[12:08:49.495] [LeftPPStation] Load Cylinder Up Error
[12:08:53.475] [LeftPPStation] Load Cylinder Vacuum Error
[12:10:27.221] [RightPPStation] Load Cylinder Up Error
[12:10:34.451] [RightPPStation] Load Cylinder Vacuum Error
[12:11:04.057] [RightPPStation] Load Cylinder Vacuum Error
[12:11:14.248] [RightPPStation] Load Cylinder Vacuum Error
[12:11:19.505] [RightPPStation] Load Cylinder Vacuum Error
[12:11:48.436] [RightPPStation] Load Cylinder Vacuum Error
[12:11:53.645] [RightPPStation] Load Cylinder Vacuum Error
[12:12:10.910] [RightPPStation] Load Cylinder Vacuum Error
[12:12:35.784] [RightPPStation] Load Cylinder Vacuum Error
[13:17:40.734] [RightTransferStation] Move XY Axis Error
[15:45:03.098] [LeftPPStation] Load Cylinder Up Error
[15:45:09.710] [LeftPPStation] Load Cylinder Vacuum Error
[15:55:34.534] [RightTransferStation] Move XY Axis Error
[16:32:10.083] [LeftPPStation] Load Cylinder Up Error
[16:32:18.320] [LeftPPStation] Load Cylinder Up Error
[16:32:27.106] [LeftPPStation] Load Cylinder Up Error
[16:32:36.012] [LeftPPStation] Load Cylinder Up Error
[16:32:43.257] [LeftPPStation] Load Cylinder Vacuum Error
[17:21:27.620] [RightTransferStation] Vacuum Error
[17:54:24.045] [LeftTransferStation] Vacuum Error
[17:54:37.003] [LeftTransferStation] Vacuum Error
