[06:55:39.662] ---- [Flow] CT_START Set
[06:55:39.685] ---- [Event] AutoStop : CT_START
[06:55:39.686] [m_nState] Auto State
[06:55:40.835] ---- [Flow] CT_START Set
[07:53:18.309] ---- [Flow] CT_START Set
[07:53:19.844] ---- [Flow] CT_START Set
[11:40:14.587] ---- [Flow] CT_STOP Set
[11:40:14.609] ---- [Event] Auto : CT_STOP
[11:40:14.610] --------- [Monitor] StopTasks() : before m_stopped
[11:40:14.718] ---- [Flow] CT_STOP Set
[11:40:14.839] ---- [Flow] CT_STOP Set
[11:40:14.865] --------- [Monitor] StopTasks() : m_stopped
[11:40:14.866] [m_nState] AutoStop State
[11:41:39.389] ---- [Flow] CT_START Set
[11:41:39.411] ---- [Event] AutoStop : CT_START
[11:41:39.412] [m_nState] Auto State
[11:41:40.138] ---- [Flow] CT_START Set
[11:56:11.252] ---- [Flow] CT_START Set
[11:56:19.510] ---- [Flow] CT_START Set
[11:56:52.965] ---- [Flow] CT_START Set
[11:57:03.713] ---- [Flow] CT_START Set
[11:58:21.491] ---- [Flow] CT_START Set
[11:58:29.040] ---- [Flow] CT_START Set
[11:58:48.002] ---- [Flow] CT_START Set
[12:03:51.329] ---- [Flow] CT_START Set
[12:03:53.064] ---- [Flow] CT_START Set
[12:03:56.387] ---- [Flow] CT_START Set
[12:03:58.235] ---- [Flow] CT_START Set
[12:08:51.107] ---- [Flow] CT_START Set
[12:08:52.488] ---- [Flow] CT_START Set
[12:10:33.542] ---- [Flow] CT_START Set
[12:10:34.324] ---- [Flow] CT_START Set
[12:11:08.379] ---- [Flow] CT_START Set
[12:11:13.472] ---- [Flow] CT_START Set
[12:11:42.773] ---- [Flow] CT_START Set
[12:11:48.039] ---- [Flow] CT_START Set
[12:12:03.709] ---- [Flow] CT_START Set
[12:12:05.227] ---- [Flow] CT_START Set
[12:12:19.176] ---- [Flow] CT_STOP Set
[12:12:19.198] ---- [Event] Auto : CT_STOP
[12:12:19.199] --------- [Monitor] StopTasks() : before m_stopped
[12:12:19.210] --------- [Monitor] StopTasks() : m_stopped
[12:12:19.211] [m_nState] AutoStop State
[12:12:19.225] ---- [Flow] CT_STOP Set
[12:12:19.260] ---- [Flow] CT_STOP Set
[12:12:19.333] ---- [Flow] CT_STOP Set
[12:12:19.369] ---- [Flow] CT_STOP Set
[12:12:19.402] ---- [Flow] CT_STOP Set
[12:12:19.434] ---- [Flow] CT_STOP Set
[12:12:19.467] ---- [Flow] CT_STOP Set
[12:12:19.499] ---- [Flow] CT_STOP Set
[12:12:24.091] ---- [Flow] CT_START Set
[12:12:24.113] ---- [Event] AutoStop : CT_START
[12:12:24.114] [m_nState] Auto State
[12:12:24.133] ---- [Flow] CT_START Set
[12:12:30.171] ---- [Flow] CT_START Set
[12:12:45.285] ---- [Flow] CT_START Set
[13:17:43.906] ---- [Flow] CT_START Set
[15:45:07.458] ---- [Flow] CT_START Set
[15:45:09.795] ---- [Flow] CT_START Set
[15:55:38.006] ---- [Flow] CT_START Set
[16:32:12.209] ---- [Flow] CT_START Set
[16:32:20.989] ---- [Flow] CT_START Set
[16:32:29.969] ---- [Flow] CT_START Set
[16:32:38.448] ---- [Flow] CT_START Set
[16:32:43.808] ---- [Flow] CT_START Set
[17:18:32.766] ---- [Flow] CT_STOP Set
[17:18:32.788] ---- [Event] Auto : CT_STOP
[17:18:32.789] --------- [Monitor] StopTasks() : before m_stopped
[17:18:32.844] --------- [Monitor] StopTasks() : m_stopped
[17:18:32.846] [m_nState] AutoStop State
[17:18:33.022] ---- [Flow] CT_STOP Set
[17:18:33.062] ---- [Flow] CT_STOP Set
[17:18:33.098] ---- [Flow] CT_STOP Set
[17:18:33.137] ---- [Flow] CT_STOP Set
[17:18:33.174] ---- [Flow] CT_STOP Set
[17:18:33.211] ---- [Flow] CT_STOP Set
[17:18:33.249] ---- [Flow] CT_STOP Set
[17:18:33.288] ---- [Flow] CT_STOP Set
[17:18:38.528] ---- [Flow] CT_START Set
[17:18:38.551] ---- [Event] AutoStop : CT_START
[17:18:38.552] [m_nState] Auto State
[17:18:39.239] ---- [Flow] CT_START Set
[17:21:12.236] ---- [Flow] CT_START Set
[17:22:10.893] ---- [Flow] CT_START Set
[17:54:29.129] ---- [Flow] CT_START Set
[17:54:39.745] ---- [Flow] CT_START Set
[18:20:35.314] ---- [Flow] CT_STOP Set
[18:20:35.338] ---- [Event] Auto : CT_STOP
[18:20:35.339] --------- [Monitor] StopTasks() : before m_stopped
[18:20:35.356] --------- [Monitor] StopTasks() : m_stopped
[18:20:35.357] [m_nState] AutoStop State
[18:20:35.392] ---- [Flow] CT_STOP Set
[18:20:35.426] ---- [Flow] CT_STOP Set
[18:39:29.373] ---- [Flow] CT_START Set
[18:39:29.395] ---- [Event] AutoStop : CT_START
[18:39:29.396] [m_nState] Auto State
[18:39:29.829] ---- [Flow] CT_START Set
[19:27:10.104] ---- [Flow] CT_STOP Set
[19:27:10.127] ---- [Event] Auto : CT_STOP
[19:27:10.128] --------- [Monitor] StopTasks() : before m_stopped
[19:27:10.217] --------- [Monitor] StopTasks() : m_stopped
[19:27:10.219] [m_nState] AutoStop State
[20:00:58.417] ---- [Flow] CT_START Set
[20:00:58.439] ---- [Event] AutoStop : CT_START
[20:00:58.440] [m_nState] Auto State
[20:00:59.143] ---- [Flow] CT_START Set
[20:01:27.249] ---- [Flow] CT_STOP Set
[20:01:27.271] ---- [Event] Auto : CT_STOP
[20:01:27.272] --------- [Monitor] StopTasks() : before m_stopped
[20:01:27.302] --------- [Monitor] StopTasks() : m_stopped
[20:01:27.303] [m_nState] AutoStop State
[20:05:57.750] ---- [Flow] CT_START Set
[20:05:57.772] ---- [Event] AutoStop : CT_START
[20:05:57.773] [m_nState] Auto State
[20:05:58.521] ---- [Flow] CT_START Set
[21:07:36.381] ---- [Flow] CT_START Set
[21:44:09.851] ---- [Flow] CT_START Set
[22:16:48.757] ---- [Flow] CT_START Set
[22:36:02.557] ---- [Flow] CT_START Set
[23:10:52.156] ---- [Flow] CT_START Set
