[00:00:46.403] ---- [Flow] CT_START Set
[00:00:46.700] ---- [Flow] CT_START Set
[00:01:06.418] ---- [Flow] CT_START Set
[00:01:29.028] ---- [Flow] CT_START Set
[00:01:29.325] ---- [Flow] CT_START Set
[00:07:52.778] ---- [Flow] CT_START Set
[00:07:56.184] ---- [Flow] CT_START Set
[00:07:56.668] ---- [Flow] CT_START Set
[00:13:56.840] ---- [Flow] CT_START Set
[00:14:02.262] ---- [Flow] CT_START Set
[00:15:32.200] ---- [Flow] CT_START Set
[00:15:32.575] ---- [Flow] CT_START Set
[00:17:13.747] ---- [Flow] CT_START Set
[00:17:14.122] ---- [Flow] CT_START Set
[00:17:22.184] ---- [Flow] CT_START Set
[00:17:22.590] ---- [Flow] CT_START Set
[00:17:32.153] ---- [Flow] CT_START Set
[00:17:32.481] ---- [Flow] CT_START Set
[00:17:36.590] ---- [Flow] CT_START Set
[00:17:36.918] ---- [Flow] CT_START Set
[00:19:09.418] ---- [Flow] CT_START Set
[00:19:09.762] ---- [Flow] CT_START Set
[00:19:15.387] ---- [Flow] CT_START Set
[00:19:15.747] ---- [Flow] CT_START Set
[00:19:25.168] ---- [Flow] CT_START Set
[00:28:16.450] ---- [Flow] CT_STOP Set
[00:28:16.481] ---- [Event] Auto : CT_STOP
[00:28:16.481] --------- [Monitor] StopTasks() : before m_stopped
[00:28:16.512] ---- [Flow] CT_STOP Set
[00:28:16.543] ---- [Flow] CT_STOP Set
[00:28:17.215] --------- [Monitor] StopTasks() : m_stopped
[00:28:17.215] [m_nState] AutoStop State
[00:38:09.403] ---- [Flow] CT_START Set
[00:38:09.434] ---- [Event] AutoStop : CT_START
[00:38:09.434] [m_nState] Auto State
[00:38:10.309] ---- [Flow] CT_START Set
[00:38:16.622] ---- [Flow] CT_START Set
[00:59:18.090] ---- [Flow] CT_START Set
[00:59:25.715] ---- [Flow] CT_START Set
[00:59:26.184] ---- [Flow] CT_START Set
[01:05:52.618] ---- [Flow] CT_START Set
[01:05:52.989] ---- [Flow] CT_START Set
[01:12:20.458] ---- [Flow] CT_START Set
[01:12:27.159] ---- [Flow] CT_START Set
[01:12:35.803] ---- [Flow] CT_START Set
[01:12:36.269] ---- [Flow] CT_START Set
[01:13:02.598] ---- [Flow] CT_START Set
[01:13:02.974] ---- [Flow] CT_START Set
[01:13:09.408] ---- [Flow] CT_START Set
[01:13:09.743] ---- [Flow] CT_START Set
[01:13:19.593] ---- [Flow] CT_START Set
[01:18:24.368] ---- [Flow] CT_START Set
[01:28:43.410] ---- [Flow] CT_START Set
[01:28:45.594] ---- [Flow] CT_START Set
[01:28:45.951] ---- [Flow] CT_START Set
[01:28:53.282] ---- [Flow] CT_START Set
[01:35:18.884] ---- [Flow] CT_START Set
[01:35:29.425] ---- [Flow] CT_START Set
[01:35:34.000] ---- [Flow] CT_START Set
[01:36:47.429] ---- [Flow] CT_START Set
[01:42:33.443] ---- [Flow] CT_START Set
[01:42:33.679] ---- [Flow] CT_START Set
[01:42:40.155] ---- [Flow] CT_START Set
[01:42:40.518] ---- [Flow] CT_START Set
[01:49:20.546] ---- [Flow] CT_START Set
[01:49:30.893] ---- [Flow] CT_START Set
[01:49:31.231] ---- [Flow] CT_START Set
[01:49:37.937] ---- [Flow] CT_START Set
[01:51:08.226] ---- [Flow] CT_START Set
[01:51:08.666] ---- [Flow] CT_START Set
[01:56:51.770] ---- [Flow] CT_START Set
[01:56:52.070] ---- [Flow] CT_START Set
[02:01:34.294] ---- [Flow] CT_START Set
[02:01:34.730] ---- [Flow] CT_START Set
[02:06:28.468] ---- [Flow] CT_START Set
[02:06:28.790] ---- [Flow] CT_START Set
[02:06:37.306] ---- [Flow] CT_START Set
[02:08:55.782] ---- [Flow] CT_START Set
[02:08:56.050] ---- [Flow] CT_START Set
[02:08:56.841] ---- [Flow] CT_START Set
[02:09:02.473] ---- [Flow] CT_START Set
[02:09:02.836] ---- [Flow] CT_START Set
[02:14:33.623] ---- [Flow] CT_START Set
[02:14:36.879] ---- [Flow] CT_START Set
[02:14:43.048] ---- [Flow] CT_START Set
[02:14:43.580] ---- [Flow] CT_START Set
[02:14:52.884] ---- [Flow] CT_START Set
[02:15:46.049] ---- [Flow] CT_START Set
[02:15:46.371] ---- [Flow] CT_START Set
[02:15:47.270] ---- [Flow] CT_START Set
[02:15:56.234] ---- [Flow] CT_START Set
[02:15:56.568] ---- [Flow] CT_START Set
[02:15:57.208] ---- [Flow] CT_START Set
[02:16:39.277] ---- [Flow] CT_START Set
[02:16:39.602] ---- [Flow] CT_START Set
[02:16:40.425] ---- [Flow] CT_START Set
[02:16:43.536] ---- [Flow] CT_START Set
[02:16:43.833] ---- [Flow] CT_START Set
[02:16:51.138] ---- [Flow] CT_START Set
[02:17:16.202] ---- [Flow] CT_START Set
[02:23:28.999] ---- [Flow] CT_START Set
[02:23:29.399] ---- [Flow] CT_START Set
[02:28:14.050] ---- [Flow] CT_STOP Set
[02:28:14.073] ---- [Event] Auto : CT_STOP
[02:28:14.074] --------- [Monitor] StopTasks() : before m_stopped
[02:28:14.145] --------- [Monitor] StopTasks() : m_stopped
[02:28:14.146] [m_nState] AutoStop State
[02:28:14.775] ---- [Flow] CT_STOP Set
[02:57:22.916] ---- [Flow] CT_START Set
[02:57:22.939] ---- [Event] AutoStop : CT_START
[02:57:22.940] [m_nState] Auto State
[02:57:23.843] ---- [Flow] CT_START Set
[03:17:45.560] ---- [Flow] CT_START Set
[03:17:46.048] ---- [Flow] CT_START Set
[03:17:52.755] ---- [Flow] CT_START Set
[03:17:53.293] ---- [Flow] CT_START Set
[03:18:01.571] ---- [Flow] CT_START Set
[03:23:50.189] ---- [Flow] CT_START Set
[03:23:50.637] ---- [Flow] CT_START Set
[03:24:26.220] ---- [Flow] CT_START Set
[03:26:57.365] ---- [Flow] CT_START Set
[03:26:58.625] ---- [Flow] CT_START Set
[03:40:09.014] ---- [Flow] CT_START Set
[03:40:10.684] ---- [Flow] CT_START Set
[03:43:54.235] ---- [Flow] CT_START Set
[03:43:54.529] ---- [Flow] CT_START Set
[03:44:02.064] ---- [Flow] CT_START Set
[03:44:02.336] ---- [Flow] CT_START Set
[03:54:32.814] ---- [Flow] CT_START Set
[03:54:33.211] ---- [Flow] CT_START Set
[03:54:33.985] ---- [Flow] CT_START Set
[03:54:40.620] ---- [Flow] CT_START Set
[03:54:41.047] ---- [Flow] CT_START Set
[03:58:12.686] ---- [Flow] CT_START Set
[03:58:12.987] ---- [Flow] CT_START Set
[03:59:33.511] ---- [Flow] CT_START Set
[03:59:33.799] ---- [Flow] CT_START Set
[04:16:35.202] ---- [Flow] CT_START Set
[04:16:35.624] ---- [Flow] CT_START Set
[04:21:41.366] ---- [Flow] CT_STOP Set
[04:21:41.388] ---- [Event] Auto : CT_STOP
[04:21:41.389] --------- [Monitor] StopTasks() : before m_stopped
[04:21:41.465] --------- [Monitor] StopTasks() : m_stopped
[04:21:41.467] [m_nState] AutoStop State
[04:22:25.936] ---- [Flow] CT_START Set
[04:22:25.958] ---- [Event] AutoStop : CT_START
[04:22:25.959] [m_nState] Auto State
[04:22:26.834] ---- [Flow] CT_START Set
[04:23:44.594] ---- [Flow] CT_START Set
[04:23:53.055] ---- [Flow] CT_START Set
[04:25:34.493] ---- [Flow] CT_STOP Set
[04:25:34.515] ---- [Event] Auto : CT_STOP
[04:25:34.516] --------- [Monitor] StopTasks() : before m_stopped
[04:25:34.572] --------- [Monitor] StopTasks() : m_stopped
[04:25:34.573] [m_nState] AutoStop State
[06:36:41.824] ---- [Flow] CT_START Set
[06:36:41.846] ---- [Event] AutoStop : CT_START
[06:36:41.847] [m_nState] Auto State
[06:36:42.724] ---- [Flow] CT_START Set
[06:40:18.920] ---- [Flow] CT_START Set
[06:40:19.237] ---- [Flow] CT_START Set
[06:40:20.022] ---- [Flow] CT_START Set
[06:48:01.505] ---- [Flow] CT_START Set
[06:48:01.829] ---- [Flow] CT_START Set
[06:50:08.703] ---- [Flow] CT_STOP Set
[06:50:08.725] ---- [Event] Auto : CT_STOP
[06:50:08.726] --------- [Monitor] StopTasks() : before m_stopped
[06:50:10.502] --------- [Monitor] StopTasks() : m_stopped
[06:50:10.503] [m_nState] AutoStop State
[06:54:14.766] ---- [Flow] CT_START Set
[06:54:14.789] ---- [Event] AutoStop : CT_START
[06:54:14.790] [m_nState] Auto State
[06:54:15.490] ---- [Flow] CT_START Set
[06:54:25.521] ---- [Flow] CT_START Set
[06:57:15.325] ---- [Flow] CT_START Set
[06:57:15.645] ---- [Flow] CT_START Set
[07:04:48.238] ---- [Flow] CT_START Set
[07:04:48.551] ---- [Flow] CT_START Set
[07:10:55.260] ---- [Flow] CT_START Set
[07:10:55.513] ---- [Flow] CT_START Set
[07:11:34.631] ---- [Flow] CT_START Set
[07:11:34.922] ---- [Flow] CT_START Set
[07:11:35.841] ---- [Flow] CT_START Set
[07:11:36.546] ---- [Flow] CT_START Set
[07:11:36.886] ---- [Flow] CT_START Set
[07:11:37.738] ---- [Flow] CT_START Set
[07:11:38.439] ---- [Flow] CT_START Set
[07:11:39.368] ---- [Flow] CT_START Set
[07:11:39.705] ---- [Flow] CT_START Set
[07:11:47.150] ---- [Flow] CT_START Set
[07:18:37.564] ---- [Flow] CT_START Set
[07:18:37.874] ---- [Flow] CT_START Set
[07:18:44.745] ---- [Flow] CT_START Set
[07:18:45.061] ---- [Flow] CT_START Set
[07:18:45.912] ---- [Flow] CT_START Set
[07:18:46.833] ---- [Flow] CT_START Set
[07:18:47.642] ---- [Flow] CT_START Set
[07:18:48.549] ---- [Flow] CT_START Set
[07:25:01.403] ---- [Flow] CT_START Set
[07:27:05.879] ---- [Flow] CT_START Set
[07:27:06.131] ---- [Flow] CT_START Set
[07:28:13.382] ---- [Flow] CT_START Set
[07:28:13.737] ---- [Flow] CT_START Set
[07:35:00.922] ---- [Flow] CT_START Set
[07:35:01.297] ---- [Flow] CT_START Set
[07:42:03.575] ---- [Flow] CT_START Set
[07:42:04.108] ---- [Flow] CT_START Set
[07:48:15.754] ---- [Flow] CT_START Set
[07:48:16.017] ---- [Flow] CT_START Set
[07:48:39.663] ---- [Flow] CT_START Set
[07:48:39.887] ---- [Flow] CT_START Set
[07:54:42.635] ---- [Flow] CT_START Set
[07:54:42.923] ---- [Flow] CT_START Set
[07:54:43.885] ---- [Flow] CT_START Set
[07:54:44.566] ---- [Flow] CT_START Set
[08:03:15.841] ---- [Flow] CT_START Set
[08:03:16.170] ---- [Flow] CT_START Set
[08:03:16.892] ---- [Flow] CT_START Set
[08:08:50.817] ---- [Flow] CT_START Set
[08:08:51.109] ---- [Flow] CT_START Set
[08:14:09.574] ---- [Flow] CT_START Set
[08:14:09.850] ---- [Flow] CT_START Set
[08:17:24.420] ---- [Flow] CT_START Set
[08:17:25.025] ---- [Flow] CT_START Set
[08:17:26.126] ---- [Flow] CT_START Set
[08:17:27.991] ---- [Flow] CT_START Set
[08:17:28.309] ---- [Flow] CT_START Set
[08:18:01.194] ---- [Flow] CT_START Set
[08:18:01.479] ---- [Flow] CT_START Set
[08:30:29.349] ---- [Flow] CT_START Set
[08:30:29.675] ---- [Flow] CT_START Set
[08:36:50.097] ---- [Flow] CT_START Set
[08:36:50.390] ---- [Flow] CT_START Set
[08:36:50.660] ---- [Flow] CT_START Set
[08:36:50.923] ---- [Flow] CT_START Set
[08:50:06.722] ---- [Flow] CT_START Set
[08:50:07.051] ---- [Flow] CT_START Set
[08:50:07.375] ---- [Flow] CT_START Set
[08:50:07.676] ---- [Flow] CT_START Set
[08:50:07.952] ---- [Flow] CT_START Set
[08:50:08.214] ---- [Flow] CT_START Set
[08:50:45.821] ---- [Flow] CT_START Set
[08:50:46.078] ---- [Flow] CT_START Set
[08:50:46.362] ---- [Flow] CT_START Set
[08:50:46.659] ---- [Flow] CT_START Set
[08:56:14.414] ---- [Flow] CT_START Set
[08:56:14.710] ---- [Flow] CT_START Set
[08:56:14.947] ---- [Flow] CT_START Set
[08:56:15.136] ---- [Flow] CT_START Set
[08:56:15.351] ---- [Flow] CT_START Set
[09:01:36.014] ---- [Flow] CT_START Set
[09:01:36.524] ---- [Flow] CT_START Set
[09:01:36.836] ---- [Flow] CT_START Set
[09:01:46.812] ---- [Flow] CT_START Set
[09:01:47.129] ---- [Flow] CT_START Set
[09:03:03.426] ---- [Flow] CT_START Set
[09:03:03.580] ---- [Flow] CT_START Set
[09:09:36.347] ---- [Flow] CT_START Set
[09:09:36.558] ---- [Flow] CT_START Set
[09:09:36.751] ---- [Flow] CT_START Set
[09:09:37.012] ---- [Flow] CT_START Set
[09:09:37.291] ---- [Flow] CT_START Set
[09:10:32.753] ---- [Flow] CT_START Set
[09:10:33.178] ---- [Flow] CT_START Set
[09:10:33.509] ---- [Flow] CT_START Set
[09:10:33.832] ---- [Flow] CT_START Set
[09:18:48.581] ---- [Flow] CT_START Set
[09:18:48.886] ---- [Flow] CT_START Set
[09:18:49.193] ---- [Flow] CT_START Set
[09:18:49.455] ---- [Flow] CT_START Set
[09:19:28.673] ---- [Flow] CT_START Set
[09:19:29.003] ---- [Flow] CT_START Set
[09:19:29.321] ---- [Flow] CT_START Set
[09:19:29.624] ---- [Flow] CT_START Set
[09:19:30.410] ---- [Flow] CT_START Set
[09:19:30.723] ---- [Flow] CT_START Set
[09:19:31.002] ---- [Flow] CT_START Set
[09:19:31.319] ---- [Flow] CT_START Set
[09:19:31.640] ---- [Flow] CT_START Set
[09:24:20.712] ---- [Flow] CT_START Set
[09:24:20.862] ---- [Flow] CT_START Set
[09:24:20.958] ---- [Flow] CT_START Set
[09:24:21.048] ---- [Flow] CT_START Set
[09:24:24.074] ---- [Flow] CT_START Set
[09:24:24.225] ---- [Flow] CT_START Set
[09:24:24.324] ---- [Flow] CT_START Set
[09:24:32.432] ---- [Flow] CT_START Set
[09:24:32.518] ---- [Flow] CT_START Set
[09:24:32.637] ---- [Flow] CT_START Set
[09:24:32.744] ---- [Flow] CT_START Set
[09:24:32.845] ---- [Flow] CT_START Set
[09:24:34.987] ---- [Flow] CT_START Set
[09:24:35.082] ---- [Flow] CT_START Set
[09:24:35.188] ---- [Flow] CT_START Set
[09:24:43.617] ---- [Flow] CT_START Set
[09:24:43.711] ---- [Flow] CT_START Set
[09:24:43.875] ---- [Flow] CT_START Set
[09:24:43.975] ---- [Flow] CT_START Set
[09:24:44.085] ---- [Flow] CT_START Set
[09:24:44.175] ---- [Flow] CT_START Set
[09:24:44.320] ---- [Flow] CT_START Set
[09:24:44.418] ---- [Flow] CT_START Set
[09:24:44.533] ---- [Flow] CT_START Set
[09:24:44.639] ---- [Flow] CT_START Set
[09:24:44.742] ---- [Flow] CT_START Set
[09:24:44.844] ---- [Flow] CT_START Set
[09:24:44.946] ---- [Flow] CT_START Set
[09:24:45.070] ---- [Flow] CT_START Set
[09:24:45.197] ---- [Flow] CT_START Set
[09:24:45.292] ---- [Flow] CT_START Set
[09:24:45.403] ---- [Flow] CT_START Set
[09:24:57.483] ---- [Flow] CT_START Set
[09:24:59.825] ---- [Flow] CT_START Set
[09:24:59.942] ---- [Flow] CT_START Set
[09:25:00.172] ---- [Flow] CT_START Set
[09:25:00.379] ---- [Flow] CT_START Set
[09:25:24.691] ---- [Flow] CT_START Set
[09:26:42.534] ---- [Flow] CT_START Set
[09:26:42.867] ---- [Flow] CT_START Set
[09:28:00.983] ---- [Flow] CT_STOP Set
[09:28:01.005] ---- [Event] Auto : CT_STOP
[09:28:01.006] --------- [Monitor] StopTasks() : before m_stopped
[09:28:01.008] --------- [Monitor] StopTasks() : m_stopped
[09:28:01.010] [m_nState] AutoStop State
[09:28:01.031] ---- [Flow] CT_STOP Set
[09:28:01.063] ---- [Flow] CT_STOP Set
[09:28:01.094] ---- [Flow] CT_STOP Set
[09:28:01.125] ---- [Flow] CT_STOP Set
[09:28:01.157] ---- [Flow] CT_STOP Set
[09:28:21.290] ---- [Flow] CT_START Set
[09:28:21.312] ---- [Event] AutoStop : CT_START
[09:28:21.313] [m_nState] Auto State
[09:28:21.583] ---- [Flow] CT_START Set
[09:28:23.877] ---- [Flow] CT_STOP Set
[09:28:23.900] ---- [Event] Auto : CT_STOP
[09:28:23.901] --------- [Monitor] StopTasks() : before m_stopped
[09:28:23.910] --------- [Monitor] StopTasks() : m_stopped
[09:28:23.912] [m_nState] AutoStop State
[09:28:23.922] ---- [Flow] CT_STOP Set
[09:28:23.960] ---- [Flow] CT_STOP Set
[09:28:24.000] ---- [Flow] CT_STOP Set
[09:28:24.038] ---- [Flow] CT_STOP Set
[09:28:24.078] ---- [Flow] CT_STOP Set
[09:28:24.112] ---- [Flow] CT_STOP Set
[09:28:24.145] ---- [Flow] CT_STOP Set
[09:30:14.203] ---- [Flow] CT_START Set
[09:30:14.225] ---- [Event] AutoStop : CT_START
[09:30:14.226] [m_nState] Auto State
[09:30:26.376] ---- [Flow] CT_START Set
[09:30:27.769] ---- [Flow] CT_START Set
[09:31:00.833] ---- [Flow] CT_STOP Set
[09:31:00.856] ---- [Event] Auto : CT_STOP
[09:31:00.857] --------- [Monitor] StopTasks() : before m_stopped
[09:31:00.960] ---- [Flow] CT_STOP Set
[09:31:01.009] ---- [Flow] CT_STOP Set
[09:31:02.258] --------- [Monitor] StopTasks() : m_stopped
[09:31:02.259] [m_nState] AutoStop State
[09:31:38.137] ---- [Flow] CT_START Set
[09:31:38.160] ---- [Event] AutoStop : CT_START
[09:31:38.161] [m_nState] Auto State
[09:31:39.695] ---- [Flow] CT_STOP Set
[09:31:39.717] ---- [Event] Auto : CT_STOP
[09:31:39.718] --------- [Monitor] StopTasks() : before m_stopped
[09:31:39.729] --------- [Monitor] StopTasks() : m_stopped
[09:31:39.730] [m_nState] AutoStop State
[09:31:39.747] ---- [Flow] CT_STOP Set
[09:33:42.977] ---- [Flow] CT_START Set
[09:33:43.000] ---- [Event] AutoStop : CT_START
[09:33:43.000] [m_nState] Auto State
[09:33:43.382] ---- [Flow] CT_START Set
[09:35:37.553] ---- [Flow] CT_START Set
[09:35:37.798] ---- [Flow] CT_START Set
[09:36:18.814] ---- [Flow] CT_START Set
[09:36:19.067] ---- [Flow] CT_START Set
[09:37:24.492] ---- [Flow] CT_START Set
[09:37:24.825] ---- [Flow] CT_START Set
[09:37:25.576] ---- [Flow] CT_START Set
[09:42:20.870] ---- [Flow] CT_START Set
[09:42:21.181] ---- [Flow] CT_START Set
[09:42:51.325] ---- [Flow] CT_START Set
[09:42:51.572] ---- [Flow] CT_START Set
[09:42:52.328] ---- [Flow] CT_START Set
[09:47:45.940] ---- [Flow] CT_START Set
[09:47:46.272] ---- [Flow] CT_START Set
[09:52:39.052] ---- [Flow] CT_START Set
[09:52:39.378] ---- [Flow] CT_START Set
[10:01:35.864] ---- [Flow] CT_START Set
[10:01:36.170] ---- [Flow] CT_START Set
[10:07:48.595] ---- [Flow] CT_START Set
[10:07:48.916] ---- [Flow] CT_START Set
[10:11:29.607] ---- [Flow] CT_START Set
[10:14:15.457] ---- [Flow] CT_START Set
[10:14:15.700] ---- [Flow] CT_START Set
[10:27:21.013] ---- [Flow] CT_START Set
[10:27:21.278] ---- [Flow] CT_START Set
[10:35:54.793] ---- [Flow] CT_START Set
[10:35:55.108] ---- [Flow] CT_START Set
[10:35:55.896] ---- [Flow] CT_START Set
[10:42:21.020] ---- [Flow] CT_START Set
[10:42:21.326] ---- [Flow] CT_START Set
[10:42:22.708] ---- [Flow] CT_START Set
[10:42:23.217] ---- [Flow] CT_START Set
[10:42:34.472] ---- [Flow] CT_START Set
[10:42:34.953] ---- [Flow] CT_START Set
[10:42:35.216] ---- [Flow] CT_START Set
[10:47:13.372] ---- [Flow] CT_START Set
[10:47:13.694] ---- [Flow] CT_START Set
[10:47:50.677] ---- [Flow] CT_START Set
[10:47:50.930] ---- [Flow] CT_START Set
[10:53:19.262] ---- [Flow] CT_START Set
[10:53:19.531] ---- [Flow] CT_START Set
[10:56:50.104] ---- [Flow] CT_START Set
[10:56:50.435] ---- [Flow] CT_START Set
[11:03:58.388] ---- [Flow] CT_START Set
[11:03:58.702] ---- [Flow] CT_START Set
[11:10:04.959] ---- [Flow] CT_START Set
[11:10:05.278] ---- [Flow] CT_START Set
[11:16:50.676] ---- [Flow] CT_START Set
[11:16:51.004] ---- [Flow] CT_START Set
[11:18:20.481] ---- [Flow] CT_START Set
[11:18:20.779] ---- [Flow] CT_START Set
[11:24:35.835] ---- [Flow] CT_START Set
[11:24:36.342] ---- [Flow] CT_START Set
[11:24:36.642] ---- [Flow] CT_START Set
[11:28:14.004] ---- [Flow] CT_START Set
[11:28:14.371] ---- [Flow] CT_START Set
[11:37:43.681] ---- [Flow] CT_START Set
[11:37:44.036] ---- [Flow] CT_START Set
[11:37:44.772] ---- [Flow] CT_START Set
[11:37:48.119] ---- [Flow] CT_STOP Set
[11:37:48.141] ---- [Event] Auto : CT_STOP
[11:37:48.142] --------- [Monitor] StopTasks() : before m_stopped
[11:37:48.231] ---- [Flow] CT_STOP Set
[11:37:48.285] ---- [Flow] CT_STOP Set
[11:37:48.337] ---- [Flow] CT_STOP Set
[11:37:49.672] --------- [Monitor] StopTasks() : m_stopped
[11:37:49.673] [m_nState] AutoStop State
[11:37:50.172] ---- [Flow] CT_START Set
[11:37:50.195] ---- [Event] AutoStop : CT_START
[11:37:50.196] [m_nState] Auto State
[11:37:51.145] ---- [Flow] CT_STOP Set
[11:37:51.167] ---- [Event] Auto : CT_STOP
[11:37:51.168] --------- [Monitor] StopTasks() : before m_stopped
[11:37:51.169] --------- [Monitor] StopTasks() : m_stopped
[11:37:51.170] [m_nState] AutoStop State
[11:37:51.207] ---- [Flow] CT_STOP Set
[11:38:04.554] ---- [Flow] CT_START Set
[11:38:04.577] ---- [Event] AutoStop : CT_START
[11:38:04.578] [m_nState] Auto State
[11:38:05.083] ---- [Flow] CT_START Set
[11:38:05.402] ---- [Flow] CT_START Set
[11:38:08.612] ---- [Flow] CT_STOP Set
[11:38:08.635] ---- [Event] Auto : CT_STOP
[11:38:08.636] --------- [Monitor] StopTasks() : before m_stopped
[11:38:08.682] ---- [Flow] CT_STOP Set
[11:38:08.732] ---- [Flow] CT_STOP Set
[11:38:08.838] ---- [Flow] CT_STOP Set
[11:38:09.047] --------- [Monitor] StopTasks() : m_stopped
[11:38:09.048] [m_nState] AutoStop State
[12:17:17.120] ---- [Flow] CT_START Set
[12:17:17.142] ---- [Event] AutoStop : CT_START
[12:17:17.143] [m_nState] Auto State
[12:17:18.646] ---- [Flow] CT_START Set
[12:21:17.055] ---- [Flow] CT_START Set
[12:21:17.396] ---- [Flow] CT_START Set
[12:27:09.590] ---- [Flow] CT_START Set
[12:27:09.895] ---- [Flow] CT_START Set
[12:27:10.591] ---- [Flow] CT_START Set
[12:27:11.273] ---- [Flow] CT_START Set
[12:27:49.235] ---- [Flow] CT_START Set
[12:27:49.661] ---- [Flow] CT_START Set
[12:31:55.394] ---- [Flow] CT_START Set
[12:31:55.730] ---- [Flow] CT_START Set
[12:37:20.000] ---- [Flow] CT_START Set
[12:37:20.325] ---- [Flow] CT_START Set
[12:43:48.845] ---- [Flow] CT_START Set
[12:43:49.258] ---- [Flow] CT_START Set
[12:45:30.874] ---- [Flow] CT_START Set
[12:45:31.269] ---- [Flow] CT_START Set
[12:51:50.599] ---- [Flow] CT_START Set
[12:51:50.942] ---- [Flow] CT_START Set
[12:58:18.917] ---- [Flow] CT_START Set
[12:58:19.232] ---- [Flow] CT_START Set
[13:11:03.380] ---- [Flow] CT_START Set
[13:11:03.794] ---- [Flow] CT_START Set
[13:13:03.041] ---- [Flow] CT_START Set
[13:13:03.341] ---- [Flow] CT_START Set
[13:17:39.985] ---- [Flow] CT_START Set
[13:17:40.420] ---- [Flow] CT_START Set
[13:20:55.902] ---- [Flow] CT_START Set
[13:20:56.241] ---- [Flow] CT_START Set
[13:27:50.903] ---- [Flow] CT_START Set
[13:27:51.151] ---- [Flow] CT_START Set
[13:30:24.891] ---- [Flow] CT_START Set
[13:30:25.307] ---- [Flow] CT_START Set
[13:36:03.153] ---- [Flow] CT_START Set
[13:36:03.479] ---- [Flow] CT_START Set
[13:43:25.459] ---- [Flow] CT_START Set
[13:43:25.723] ---- [Flow] CT_START Set
[13:43:27.752] ---- [Flow] CT_START Set
[13:43:28.641] ---- [Flow] CT_START Set
[13:43:29.168] ---- [Flow] CT_START Set
[13:43:30.563] ---- [Flow] CT_START Set
[13:43:30.844] ---- [Flow] CT_START Set
[13:43:38.999] ---- [Flow] CT_START Set
[13:43:39.247] ---- [Flow] CT_START Set
[13:43:40.048] ---- [Flow] CT_START Set
[13:49:14.570] ---- [Flow] CT_START Set
[13:49:14.905] ---- [Flow] CT_START Set
[13:50:58.982] ---- [Flow] CT_START Set
[13:50:59.235] ---- [Flow] CT_START Set
[13:57:35.316] ---- [Flow] CT_START Set
[13:57:35.642] ---- [Flow] CT_START Set
[14:03:29.396] ---- [Flow] CT_START Set
[14:03:29.711] ---- [Flow] CT_START Set
[14:05:24.044] ---- [Flow] CT_START Set
[14:05:24.468] ---- [Flow] CT_START Set
[14:10:37.746] ---- [Flow] CT_START Set
[14:10:38.044] ---- [Flow] CT_START Set
[14:11:30.581] ---- [Flow] CT_START Set
[14:11:30.881] ---- [Flow] CT_START Set
[14:14:15.419] ---- [Flow] CT_START Set
[14:14:15.728] ---- [Flow] CT_START Set
[14:15:07.871] ---- [Flow] CT_START Set
[14:15:08.125] ---- [Flow] CT_START Set
[14:15:10.070] ---- [Flow] CT_START Set
[14:15:10.628] ---- [Flow] CT_START Set
[14:17:28.776] ---- [Flow] CT_START Set
[14:17:29.053] ---- [Flow] CT_START Set
[14:24:03.307] ---- [Flow] CT_START Set
[14:24:03.662] ---- [Flow] CT_START Set
[14:28:23.325] ---- [Flow] CT_STOP Set
[14:28:23.347] ---- [Event] Auto : CT_STOP
[14:28:23.348] --------- [Monitor] StopTasks() : before m_stopped
[14:28:23.382] ---- [Flow] CT_STOP Set
[14:28:23.403] --------- [Monitor] StopTasks() : m_stopped
[14:28:23.404] [m_nState] AutoStop State
[14:36:18.976] ---- [Flow] CT_START Set
[14:36:18.999] ---- [Event] AutoStop : CT_START
[14:36:19.000] [m_nState] Auto State
[14:36:20.782] ---- [Flow] CT_START Set
[14:39:29.145] ---- [Flow] CT_START Set
[14:39:29.564] ---- [Flow] CT_START Set
[14:42:22.164] ---- [Flow] CT_STOP Set
[14:42:22.186] ---- [Event] Auto : CT_STOP
[14:42:22.187] --------- [Monitor] StopTasks() : before m_stopped
[14:42:22.634] --------- [Monitor] StopTasks() : m_stopped
[14:42:22.635] [m_nState] AutoStop State
[14:42:30.361] ---- [Flow] CT_START Set
[14:42:30.383] ---- [Event] AutoStop : CT_START
[14:42:30.384] [m_nState] Auto State
[14:42:30.958] ---- [Flow] CT_START Set
[14:45:50.268] ---- [Flow] CT_START Set
[14:45:50.617] ---- [Flow] CT_START Set
[14:53:18.708] ---- [Flow] CT_START Set
[14:53:18.968] ---- [Flow] CT_START Set
[14:53:52.988] ---- [Flow] CT_START Set
[14:53:53.265] ---- [Flow] CT_START Set
[14:54:29.602] ---- [Flow] CT_START Set
[14:54:29.927] ---- [Flow] CT_START Set
[15:01:10.276] ---- [Flow] CT_START Set
[15:01:10.502] ---- [Flow] CT_START Set
[15:04:21.988] ---- [Flow] CT_START Set
[15:04:22.237] ---- [Flow] CT_START Set
[15:08:16.002] ---- [Flow] CT_START Set
[15:08:16.285] ---- [Flow] CT_START Set
[15:14:11.731] ---- [Flow] CT_START Set
[15:14:23.982] ---- [Flow] CT_START Set
[15:15:09.344] ---- [Flow] CT_START Set
[15:15:09.575] ---- [Flow] CT_START Set
[15:17:25.868] ---- [Flow] CT_START Set
[15:17:26.290] ---- [Flow] CT_START Set
[15:17:27.644] ---- [Flow] CT_START Set
[15:18:04.968] ---- [Flow] CT_START Set
[15:18:08.301] ---- [Flow] CT_START Set
[15:26:00.078] ---- [Flow] CT_START Set
[15:26:00.405] ---- [Flow] CT_START Set
[15:34:20.485] ---- [Flow] CT_START Set
[15:34:20.735] ---- [Flow] CT_START Set
[15:38:16.750] ---- [Flow] CT_START Set
[15:38:17.096] ---- [Flow] CT_START Set
[15:45:21.256] ---- [Flow] CT_START Set
[15:45:21.618] ---- [Flow] CT_START Set
[15:47:00.077] ---- [Flow] CT_START Set
[15:47:00.402] ---- [Flow] CT_START Set
[15:52:22.816] ---- [Flow] CT_START Set
[15:52:23.042] ---- [Flow] CT_START Set
[15:52:52.471] ---- [Flow] CT_START Set
[15:52:52.777] ---- [Flow] CT_START Set
[15:54:04.670] ---- [Flow] CT_START Set
[15:54:04.967] ---- [Flow] CT_START Set
[15:59:42.835] ---- [Flow] CT_START Set
[15:59:43.180] ---- [Flow] CT_START Set
[16:06:19.954] ---- [Flow] CT_START Set
[16:06:20.288] ---- [Flow] CT_START Set
[16:08:14.714] ---- [Flow] CT_STOP Set
[16:08:14.737] ---- [Event] Auto : CT_STOP
[16:08:14.738] --------- [Monitor] StopTasks() : before m_stopped
[16:08:14.916] ---- [Flow] CT_STOP Set
[16:08:14.963] ---- [Flow] CT_STOP Set
[16:08:15.006] ---- [Flow] CT_STOP Set
[16:08:15.051] ---- [Flow] CT_STOP Set
[16:08:15.310] --------- [Monitor] StopTasks() : m_stopped
[16:08:15.311] [m_nState] AutoStop State
[16:17:16.725] ---- [Flow] CT_START Set
[16:17:16.748] ---- [Event] AutoStop : CT_START
[16:17:16.749] [m_nState] Auto State
[16:17:44.213] ---- [Flow] CT_START Set
[16:20:08.234] ---- [Flow] CT_START Set
[16:20:08.738] ---- [Flow] CT_START Set
[16:20:09.234] ---- [Flow] CT_START Set
[16:33:21.490] ---- [Flow] CT_START Set
[16:33:21.740] ---- [Flow] CT_START Set
[16:33:22.458] ---- [Flow] CT_START Set
[16:40:09.894] ---- [Flow] CT_START Set
[16:40:10.210] ---- [Flow] CT_START Set
[16:46:14.975] ---- [Flow] CT_START Set
[16:46:15.495] ---- [Flow] CT_START Set
[16:47:49.915] ---- [Flow] CT_START Set
[16:47:50.261] ---- [Flow] CT_START Set
[16:56:41.496] ---- [Flow] CT_START Set
[16:56:41.827] ---- [Flow] CT_START Set
[17:02:10.874] ---- [Flow] CT_START Set
[17:02:11.100] ---- [Flow] CT_START Set
[17:02:57.960] ---- [Flow] CT_START Set
[17:02:58.237] ---- [Flow] CT_START Set
[17:07:32.344] ---- [Flow] CT_START Set
[17:07:32.691] ---- [Flow] CT_START Set
[17:07:41.865] ---- [Flow] CT_START Set
[17:08:34.806] ---- [Flow] CT_START Set
[17:08:35.374] ---- [Flow] CT_START Set
[17:08:35.657] ---- [Flow] CT_START Set
[17:12:16.745] ---- [Flow] CT_START Set
[17:12:17.048] ---- [Flow] CT_START Set
[17:13:44.045] ---- [Flow] CT_START Set
[17:13:44.459] ---- [Flow] CT_START Set
[17:27:06.693] ---- [Flow] CT_START Set
[17:27:07.031] ---- [Flow] CT_START Set
[17:27:24.219] ---- [Flow] CT_START Set
[17:27:24.543] ---- [Flow] CT_START Set
[17:33:42.389] ---- [Flow] CT_START Set
[17:33:42.612] ---- [Flow] CT_START Set
[17:33:43.313] ---- [Flow] CT_START Set
[17:34:57.216] ---- [Flow] CT_START Set
[17:34:57.638] ---- [Flow] CT_START Set
[17:35:04.894] ---- [Flow] CT_START Set
[17:35:05.313] ---- [Flow] CT_START Set
[17:35:06.029] ---- [Flow] CT_START Set
[17:35:06.945] ---- [Flow] CT_START Set
[17:35:08.272] ---- [Flow] CT_START Set
[17:35:08.690] ---- [Flow] CT_START Set
[17:35:09.455] ---- [Flow] CT_START Set
[17:48:35.222] ---- [Flow] CT_STOP Set
[17:48:35.245] ---- [Event] Auto : CT_STOP
[17:48:35.246] --------- [Monitor] StopTasks() : before m_stopped
[17:48:35.266] --------- [Monitor] StopTasks() : m_stopped
[17:48:35.267] [m_nState] AutoStop State
[18:49:10.139] ---- [Flow] CT_START Set
[18:49:10.162] ---- [Event] AutoStop : CT_START
[18:49:10.163] [m_nState] Auto State
[18:49:11.945] ---- [Flow] CT_START Set
[18:50:58.354] ---- [Flow] CT_START Set
[18:50:58.674] ---- [Flow] CT_START Set
[18:51:03.785] ---- [Flow] CT_START Set
[18:51:04.296] ---- [Flow] CT_START Set
[18:51:09.689] ---- [Flow] CT_START Set
[18:51:10.066] ---- [Flow] CT_START Set
[18:54:27.398] ---- [Flow] CT_START Set
[18:54:27.708] ---- [Flow] CT_START Set
[18:54:28.604] ---- [Flow] CT_START Set
[18:54:30.562] ---- [Flow] CT_START Set
[18:54:30.956] ---- [Flow] CT_START Set
[18:54:40.776] ---- [Flow] CT_START Set
[18:54:41.106] ---- [Flow] CT_START Set
[18:54:48.753] ---- [Flow] CT_START Set
[18:54:49.092] ---- [Flow] CT_START Set
[18:54:55.771] ---- [Flow] CT_START Set
[18:54:56.253] ---- [Flow] CT_START Set
[18:55:04.207] ---- [Flow] CT_START Set
[18:55:04.536] ---- [Flow] CT_START Set
[18:55:14.430] ---- [Flow] CT_START Set
[18:55:14.736] ---- [Flow] CT_START Set
[18:55:16.250] ---- [Flow] CT_START Set
[18:57:09.277] ---- [Flow] CT_START Set
[18:57:09.585] ---- [Flow] CT_START Set
[18:57:15.772] ---- [Flow] CT_START Set
[18:57:19.154] ---- [Flow] CT_START Set
[19:03:42.314] ---- [Flow] CT_START Set
[19:03:42.730] ---- [Flow] CT_START Set
[19:03:47.952] ---- [Flow] CT_START Set
[19:03:48.274] ---- [Flow] CT_START Set
[19:05:18.249] ---- [Flow] CT_START Set
[19:05:18.516] ---- [Flow] CT_START Set
[19:05:21.030] ---- [Flow] CT_START Set
[19:05:22.493] ---- [Flow] CT_START Set
[19:05:22.827] ---- [Flow] CT_START Set
[19:05:23.067] ---- [Flow] CT_START Set
[19:05:30.678] ---- [Flow] CT_START Set
[19:10:50.029] ---- [Flow] CT_START Set
[19:10:50.446] ---- [Flow] CT_START Set
[19:10:58.304] ---- [Flow] CT_START Set
[19:10:58.766] ---- [Flow] CT_START Set
[19:11:30.154] ---- [Flow] CT_START Set
[19:11:34.344] ---- [Flow] CT_START Set
[19:11:34.913] ---- [Flow] CT_START Set
[19:11:39.699] ---- [Flow] CT_START Set
[19:11:39.995] ---- [Flow] CT_START Set
[19:12:35.441] ---- [Flow] CT_START Set
[19:12:36.078] ---- [Flow] CT_START Set
[19:12:45.581] ---- [Flow] CT_START Set
[19:12:45.876] ---- [Flow] CT_START Set
[19:18:10.977] ---- [Flow] CT_START Set
[19:18:13.388] ---- [Flow] CT_START Set
[19:18:13.670] ---- [Flow] CT_START Set
[19:18:18.174] ---- [Flow] CT_START Set
[19:18:20.540] ---- [Flow] CT_START Set
[19:18:26.199] ---- [Flow] CT_START Set
[19:18:36.545] ---- [Flow] CT_START Set
[19:18:36.887] ---- [Flow] CT_START Set
[19:18:43.403] ---- [Flow] CT_START Set
[19:18:46.684] ---- [Flow] CT_START Set
[19:25:18.430] ---- [Flow] CT_START Set
[19:25:19.225] ---- [Flow] CT_START Set
[19:25:20.830] ---- [Flow] CT_START Set
[19:33:18.659] ---- [Flow] CT_START Set
[19:33:18.972] ---- [Flow] CT_START Set
[19:33:21.561] ---- [Flow] CT_START Set
[19:34:02.382] ---- [Flow] CT_START Set
[19:34:02.909] ---- [Flow] CT_START Set
[19:34:03.268] ---- [Flow] CT_START Set
[19:39:16.370] ---- [Flow] CT_START Set
[19:39:16.773] ---- [Flow] CT_START Set
[19:39:16.987] ---- [Flow] CT_START Set
[19:39:24.205] ---- [Flow] CT_START Set
[19:39:24.612] ---- [Flow] CT_START Set
[19:39:25.552] ---- [Flow] CT_START Set
[19:48:52.755] ---- [Flow] CT_START Set
[19:48:58.249] ---- [Flow] CT_START Set
[19:53:53.174] ---- [Flow] CT_STOP Set
[19:53:53.197] ---- [Event] Auto : CT_STOP
[19:53:53.198] --------- [Monitor] StopTasks() : before m_stopped
[19:53:53.247] --------- [Monitor] StopTasks() : m_stopped
[19:53:53.249] [m_nState] AutoStop State
[19:53:53.348] ---- [Flow] CT_STOP Set
[19:53:53.400] ---- [Flow] CT_STOP Set
[19:54:04.663] ---- [Flow] CT_ABORT Set
[19:54:04.714] [m_nState] Init State
[19:54:04.750] ---- [Monitor] Init : m_idle
[19:54:04.773] ---- [Event] Init : CT_IDLE
[19:54:04.774] [m_nState] Idle State
[19:54:42.686] ---- [Flow] CT_STOP Set
[19:54:42.720] ---- [Flow] CT_STOP Set
[19:54:42.753] ---- [Flow] CT_STOP Set
[19:54:42.794] ---- [Flow] CT_STOP Set
[19:54:42.829] ---- [Flow] CT_STOP Set
[19:54:43.995] ---- [Flow] CT_START Set
[19:54:44.017] ---- [Event] Idle : CT_START
[19:54:44.018] [m_nState] Auto State
[19:54:46.984] ---- [Flow] CT_START Set
[19:55:31.274] ---- [Flow] CT_START Set
[19:56:45.820] ---- [Flow] CT_START Set
[19:59:54.066] ---- [Flow] CT_START Set
[19:59:54.840] ---- [Flow] CT_START Set
[19:59:55.327] ---- [Flow] CT_START Set
[19:59:56.203] ---- [Flow] CT_START Set
[20:00:00.000] ---- [Flow] CT_START Set
[20:00:00.380] ---- [Flow] CT_START Set
[20:00:01.967] ---- [Flow] CT_START Set
[20:00:02.356] ---- [Flow] CT_START Set
[20:00:03.232] ---- [Flow] CT_START Set
[20:00:03.679] ---- [Flow] CT_START Set
[20:00:04.330] ---- [Flow] CT_START Set
[20:00:05.547] ---- [Flow] CT_START Set
[20:00:07.047] ---- [Flow] CT_START Set
[20:00:07.401] ---- [Flow] CT_START Set
[20:00:08.079] ---- [Flow] CT_START Set
[20:00:08.951] ---- [Flow] CT_START Set
[20:00:09.273] ---- [Flow] CT_START Set
[20:00:09.964] ---- [Flow] CT_START Set
[20:00:12.734] ---- [Flow] CT_START Set
[20:00:13.154] ---- [Flow] CT_START Set
[20:00:13.902] ---- [Flow] CT_START Set
[20:00:14.219] ---- [Flow] CT_START Set
[20:00:15.838] ---- [Flow] CT_START Set
[20:00:19.454] ---- [Flow] CT_START Set
[20:00:19.975] ---- [Flow] CT_START Set
[20:00:22.770] ---- [Flow] CT_START Set
[20:00:26.289] ---- [Flow] CT_START Set
[20:00:26.578] ---- [Flow] CT_START Set
[20:00:26.878] ---- [Flow] CT_START Set
[20:00:27.636] ---- [Flow] CT_START Set
[20:00:28.625] ---- [Flow] CT_START Set
[20:00:31.362] ---- [Flow] CT_START Set
[20:00:36.857] ---- [Flow] CT_START Set
[20:00:38.286] ---- [Flow] CT_START Set
[20:00:56.588] ---- [Flow] CT_START Set
[20:00:58.422] ---- [Flow] CT_START Set
[20:01:28.108] ---- [Flow] CT_START Set
[20:08:11.974] ---- [Flow] CT_START Set
[20:08:14.099] ---- [Flow] CT_START Set
[20:08:17.631] ---- [Flow] CT_START Set
[20:08:23.067] ---- [Flow] CT_START Set
[20:10:22.788] ---- [Flow] CT_START Set
[20:10:23.127] ---- [Flow] CT_START Set
[20:10:24.017] ---- [Flow] CT_START Set
[20:10:24.288] ---- [Flow] CT_START Set
[20:17:45.288] ---- [Flow] CT_START Set
[20:17:45.758] ---- [Flow] CT_START Set
[20:17:48.466] ---- [Flow] CT_START Set
[20:17:49.004] ---- [Flow] CT_START Set
[20:25:13.087] ---- [Flow] CT_START Set
[20:25:13.446] ---- [Flow] CT_START Set
[20:25:13.932] ---- [Flow] CT_START Set
[20:25:44.973] ---- [Flow] CT_START Set
[20:25:45.501] ---- [Flow] CT_START Set
[20:25:48.920] ---- [Flow] CT_START Set
[20:25:49.682] ---- [Flow] CT_START Set
[20:25:53.233] ---- [Flow] CT_START Set
[20:31:26.632] ---- [Flow] CT_START Set
[20:31:27.009] ---- [Flow] CT_START Set
[20:31:30.067] ---- [Flow] CT_START Set
[20:31:30.349] ---- [Flow] CT_START Set
[20:31:37.668] ---- [Flow] CT_START Set
[20:32:41.239] ---- [Flow] CT_START Set
[20:32:44.761] ---- [Flow] CT_START Set
[20:32:45.329] ---- [Flow] CT_START Set
[20:38:20.179] ---- [Flow] CT_START Set
[20:38:29.613] ---- [Flow] CT_START Set
[20:38:30.065] ---- [Flow] CT_START Set
[20:38:37.456] ---- [Flow] CT_START Set
[20:38:38.057] ---- [Flow] CT_START Set
[20:39:04.308] ---- [Flow] CT_START Set
[20:39:04.630] ---- [Flow] CT_START Set
[20:39:16.792] ---- [Flow] CT_START Set
[20:39:17.233] ---- [Flow] CT_START Set
[20:39:17.492] ---- [Flow] CT_START Set
[20:39:26.316] ---- [Flow] CT_START Set
[20:39:35.250] ---- [Flow] CT_START Set
[20:39:48.670] ---- [Flow] CT_START Set
[20:46:02.618] ---- [Flow] CT_START Set
[20:46:09.460] ---- [Flow] CT_START Set
[20:46:09.936] ---- [Flow] CT_START Set
[20:46:11.612] ---- [Flow] CT_START Set
[20:47:21.488] ---- [Flow] CT_START Set
[20:47:22.138] ---- [Flow] CT_START Set
[20:47:24.267] ---- [Flow] CT_START Set
[20:51:21.806] ---- [Flow] CT_START Set
[20:51:22.145] ---- [Flow] CT_START Set
[20:51:25.653] ---- [Flow] CT_START Set
[20:51:26.130] ---- [Flow] CT_START Set
[20:51:31.613] ---- [Flow] CT_START Set
[20:53:11.509] ---- [Flow] CT_START Set
[20:53:12.132] ---- [Flow] CT_START Set
[20:53:12.441] ---- [Flow] CT_START Set
[20:53:15.325] ---- [Flow] CT_START Set
[20:53:20.281] ---- [Flow] CT_START Set
[21:10:27.308] ---- [Flow] CT_START Set
[21:10:30.600] ---- [Flow] CT_START Set
[21:10:38.096] ---- [Flow] CT_START Set
[21:10:38.373] ---- [Flow] CT_START Set
[21:16:48.299] ---- [Flow] CT_START Set
[21:16:48.728] ---- [Flow] CT_START Set
[21:28:45.062] ---- [Flow] CT_START Set
[21:28:45.458] ---- [Flow] CT_START Set
[21:28:45.825] ---- [Flow] CT_START Set
[21:28:48.669] ---- [Flow] CT_START Set
[21:31:00.859] ---- [Flow] CT_START Set
[21:31:01.217] ---- [Flow] CT_START Set
[21:35:40.719] ---- [Flow] CT_START Set
[21:36:10.544] ---- [Flow] CT_START Set
[21:36:11.125] ---- [Flow] CT_START Set
[21:36:11.531] ---- [Flow] CT_START Set
[21:36:13.869] ---- [Flow] CT_START Set
[21:36:14.150] ---- [Flow] CT_START Set
[21:36:22.057] ---- [Flow] CT_START Set
[21:36:22.482] ---- [Flow] CT_START Set
[21:41:32.647] ---- [Flow] CT_START Set
[21:41:33.056] ---- [Flow] CT_START Set
[21:41:33.486] ---- [Flow] CT_START Set
[21:41:39.339] ---- [Flow] CT_START Set
[21:41:39.671] ---- [Flow] CT_START Set
[21:46:00.336] ---- [Flow] CT_START Set
[21:46:01.062] ---- [Flow] CT_START Set
[21:46:01.867] ---- [Flow] CT_START Set
[21:48:54.857] ---- [Flow] CT_START Set
[21:48:55.208] ---- [Flow] CT_START Set
[21:48:57.766] ---- [Flow] CT_START Set
[21:48:58.134] ---- [Flow] CT_START Set
[21:48:59.445] ---- [Flow] CT_START Set
[21:49:00.104] ---- [Flow] CT_START Set
[21:55:35.273] ---- [Flow] CT_START Set
[21:55:35.698] ---- [Flow] CT_START Set
[21:55:43.859] ---- [Flow] CT_START Set
[21:55:44.233] ---- [Flow] CT_START Set
[21:57:55.053] ---- [Flow] CT_STOP Set
[21:57:55.076] ---- [Event] Auto : CT_STOP
[21:57:55.077] --------- [Monitor] StopTasks() : before m_stopped
[21:57:55.196] ---- [Flow] CT_STOP Set
[21:57:55.305] ---- [Flow] CT_STOP Set
[21:57:55.629] --------- [Monitor] StopTasks() : m_stopped
[21:57:55.630] [m_nState] AutoStop State
[22:06:59.855] ---- [Flow] CT_START Set
[22:06:59.877] ---- [Event] AutoStop : CT_START
[22:06:59.878] [m_nState] Auto State
[22:07:00.642] ---- [Flow] CT_START Set
[22:15:49.917] ---- [Flow] CT_START Set
[22:15:50.538] ---- [Flow] CT_START Set
[22:16:08.682] ---- [Flow] CT_START Set
[22:16:09.028] ---- [Flow] CT_START Set
[22:22:10.282] ---- [Flow] CT_START Set
[22:22:10.534] ---- [Flow] CT_START Set
[22:22:11.393] ---- [Flow] CT_START Set
[22:22:11.783] ---- [Flow] CT_START Set
[22:22:18.218] ---- [Flow] CT_START Set
[22:24:48.134] ---- [Flow] CT_START Set
[22:24:48.502] ---- [Flow] CT_START Set
[22:26:41.503] ---- [Flow] CT_START Set
[22:26:50.783] ---- [Flow] CT_START Set
[22:26:51.357] ---- [Flow] CT_START Set
[22:26:53.376] ---- [Flow] CT_START Set
[22:30:53.222] ---- [Flow] CT_START Set
[22:30:53.843] ---- [Flow] CT_START Set
[22:30:55.829] ---- [Flow] CT_START Set
[22:30:56.790] ---- [Flow] CT_START Set
[22:31:00.201] ---- [Flow] CT_START Set
[22:39:56.856] ---- [Flow] CT_START Set
[22:39:57.262] ---- [Flow] CT_START Set
[22:40:04.191] ---- [Flow] CT_START Set
[22:40:04.616] ---- [Flow] CT_START Set
[22:44:59.095] ---- [Flow] CT_START Set
[22:44:59.428] ---- [Flow] CT_START Set
[22:45:00.352] ---- [Flow] CT_START Set
[22:45:00.830] ---- [Flow] CT_START Set
[22:45:01.606] ---- [Flow] CT_START Set
[22:45:02.196] ---- [Flow] CT_START Set
[22:45:02.543] ---- [Flow] CT_START Set
[22:45:03.221] ---- [Flow] CT_START Set
[22:45:10.701] ---- [Flow] CT_START Set
[22:45:12.750] ---- [Flow] CT_START Set
[22:45:13.668] ---- [Flow] CT_START Set
[22:45:14.052] ---- [Flow] CT_START Set
[22:45:18.826] ---- [Flow] CT_START Set
[22:45:19.109] ---- [Flow] CT_START Set
[22:45:20.047] ---- [Flow] CT_START Set
[22:45:20.376] ---- [Flow] CT_START Set
[22:45:21.130] ---- [Flow] CT_START Set
[22:45:22.859] ---- [Flow] CT_START Set
[22:47:13.926] ---- [Flow] CT_START Set
[22:47:14.554] ---- [Flow] CT_START Set
[22:47:17.746] ---- [Flow] CT_START Set
[22:47:18.115] ---- [Flow] CT_START Set
[22:47:24.554] ---- [Flow] CT_START Set
[23:02:56.965] ---- [Flow] CT_START Set
[23:02:57.512] ---- [Flow] CT_START Set
[23:02:58.957] ---- [Flow] CT_START Set
[23:03:07.715] ---- [Flow] CT_START Set
[23:03:08.152] ---- [Flow] CT_START Set
[23:08:28.724] ---- [Flow] CT_START Set
[23:08:29.117] ---- [Flow] CT_START Set
[23:08:42.451] ---- [Flow] CT_START Set
[23:10:58.767] ---- [Flow] CT_START Set
[23:10:59.229] ---- [Flow] CT_START Set
[23:11:08.372] ---- [Flow] CT_START Set
[23:11:08.654] ---- [Flow] CT_START Set
[23:16:34.953] ---- [Flow] CT_START Set
[23:16:35.908] ---- [Flow] CT_START Set
[23:16:44.342] ---- [Flow] CT_START Set
[23:16:44.701] ---- [Flow] CT_START Set
[23:16:52.053] ---- [Flow] CT_START Set
[23:16:52.473] ---- [Flow] CT_START Set
[23:22:09.467] ---- [Flow] CT_START Set
[23:22:19.192] ---- [Flow] CT_START Set
[23:22:25.837] ---- [Flow] CT_START Set
[23:22:35.333] ---- [Flow] CT_START Set
[23:22:35.708] ---- [Flow] CT_START Set
[23:29:52.478] ---- [Flow] CT_START Set
[23:29:52.917] ---- [Flow] CT_START Set
[23:37:03.940] ---- [Flow] CT_START Set
[23:37:04.341] ---- [Flow] CT_START Set
[23:37:14.784] ---- [Flow] CT_START Set
[23:37:29.817] ---- [Flow] CT_START Set
[23:38:32.870] ---- [Flow] CT_START Set
[23:48:43.033] ---- [Flow] CT_START Set
[23:48:49.583] ---- [Flow] CT_START Set
[23:48:49.993] ---- [Flow] CT_START Set
[23:57:10.506] ---- [Flow] CT_START Set
[23:57:10.844] ---- [Flow] CT_START Set
[23:57:17.622] ---- [Flow] CT_START Set
[23:57:18.265] ---- [Flow] CT_START Set
[23:57:19.206] ---- [Flow] CT_START Set
