[00:09:34.455] [RightTransferStation] Move XY Axis Error
[00:09:37.648] [RightTransferStation] Move XY Axis Error
[00:10:20.234] [RightTransferStation] Move XY Axis Error
[00:14:19.784] [MainControlStation] Right Door Open
[00:18:44.833] [RightTransferStation] Vacuum Error
[00:19:35.405] [RightTransferStation] Vacuum Error
[00:20:11.936] [RightTransferStation] Vacuum Error
[00:21:55.155] [RightTransferStation] Vacuum Error
[00:22:26.955] [RightTransferStation] Vacuum Error
[00:22:42.007] [RightTransferStation] Vacuum Error
[00:22:54.065] [RightTransferStation] Vacuum Error
[00:23:18.673] [RightTransferStation] Vacuum Error
[00:23:33.080] [RightTransferStation] Vacuum Error
[00:23:39.795] [RightTransferStation] Vacuum Error
[00:23:48.340] [RightTransferStation] Vacuum Error
[00:24:07.138] [RightTransferStation] Vacuum Error
[00:25:08.120] [RightTransferStation] Vacuum Error
[00:26:19.896] [RightPPStation] Move Axis Error
[00:27:22.770] [RightPPStation] Move Axis Error
[00:27:30.609] [RightTransferStation] Vacuum Error
[00:32:20.409] [MainControlStation] Right Door Open
[00:32:40.496] [RightTransferStation] Vacuum Error
[00:33:35.095] [MainControlStation] Right Door Open
[00:43:40.281] [RightTransferStation] Move XY Axis Error
[00:43:45.016] [RightTransferStation] Move XY Axis Error
[00:43:49.830] [RightTransferStation] Move XY Axis Error
[00:43:55.280] [RightTransferStation] Move XY Axis Error
[00:43:58.987] [RightTransferStation] Move XY Axis Error
[00:44:14.566] [RightTransferStation] Move XY Axis Error
[00:44:20.793] [RightTransferStation] Move XY Axis Error
[00:45:23.208] [RightTransferStation] Move XY Axis Error
[00:45:35.278] [RightTransferStation] Vacuum Error
[00:45:42.232] [RightTransferStation] Vacuum Error
[01:26:30.810] [RightPPStation] Unload Buffer Set Not Exist
[01:28:42.752] [MainControlStation] Right Door Open
[03:29:56.525] [RightPPStation] Unload Buffer Set Not Exist
[03:35:44.236] [RightPPStation] Unload Buffer Set Not Exist
[03:53:23.498] [RightPPStation] Unload Buffer Set Not Exist
[04:16:43.292] [RightPPStation] Unload Buffer Set Not Exist
[04:22:28.897] [RightTransferStation] Move Z Axis Error
[04:22:42.433] [RightTransferStation] Move Z Axis Error
[04:36:51.396] [RightPPStation] Unload Buffer Set Not Exist
[05:25:38.029] [RightPPStation] Unload Buffer Set Not Exist
[05:36:23.227] [RightPPStation] Unload Buffer Set Not Exist
[05:45:54.246] [RightPPStation] Unload Buffer Set Not Exist
[05:48:06.216] [RightTransferStation] Move Z Axis Error
[05:49:06.302] [RightTransferStation] Move Z Axis Error
[05:49:07.744] [RightTransferStation] Move Z Axis Error
[05:49:20.132] [RightTransferStation] Move Z Axis Error
[05:58:05.843] [RightPPStation] Unload Buffer Set Not Exist
[05:59:15.145] [RightTransferStation] Move Z Axis Error
[06:00:20.793] [RightTransferStation] Move Z Axis Error
[06:00:22.159] [RightTransferStation] Move Z Axis Error
[06:01:53.770] [RightTransferStation] Move Z Axis Error
[06:08:37.175] [RightPPStation] Unload Buffer Set Not Exist
[06:15:20.168] [RightPPStation] Unload Buffer Set Not Exist
[08:01:58.200] [LeftTransferStation] Move Z Axis Error
[08:02:03.376] [LeftTransferStation] Move Z Axis Error
[08:02:07.235] [LeftTransferStation] Move Z Axis Error
[08:40:59.609] [RightPPStation] Unload Buffer Set Not Exist
[08:42:18.376] [RightTransferStation] Unload Buffer Set Exist
[08:46:33.233] [RightTransferStation] Move XY Axis Error
[08:46:54.778] [RightTransferStation] Move XY Axis Error
[08:50:26.562] [RightPPStation] Unload Buffer Set Not Exist
[08:55:03.909] [RightTransferStation] Move XY Axis Error
[08:55:55.908] [RightTransferStation] Move XY Axis Error
[08:59:02.890] [RightPPStation] Unload Buffer Set Not Exist
[09:04:42.988] [RightTransferStation] Move XY Axis Error
[09:11:39.092] [RightPPStation] Unload Buffer Set Not Exist
[09:19:16.715] [RightPPStation] Unload Buffer Set Not Exist
[09:29:43.718] [LeftTransferStation] Vacuum Error
[09:30:00.247] [LeftPPStation] Load Cylinder Vacuum Error
[09:39:04.015] [RightTransferStation] Move XY Axis Error
[09:39:19.619] [RightTransferStation] Move XY Axis Error
[09:39:27.684] [RightTransferStation] Move XY Axis Error
[09:39:38.373] [RightPPStation] Unload Buffer Set Not Exist
[09:40:14.318] [RightTransferStation] Vacuum Error
[09:55:01.252] [RightTransferStation] Move XY Axis Error
[09:55:09.712] [RightTransferStation] Move XY Axis Error
[09:58:52.039] [RightPPStation] Unload Buffer Set Not Exist
[09:59:24.700] [RightTransferStation] Move XY Axis Error
[09:59:33.271] [RightTransferStation] Move XY Axis Error
[09:59:45.401] [RightTransferStation] Move XY Axis Error
[10:00:32.496] [RightTransferStation] Move Z Axis Error
[10:04:12.168] [RightTransferStation] Move XY Axis Error
[10:04:24.485] [RightTransferStation] Move XY Axis Error
[10:04:26.453] [RightTransferStation] Move XY Axis Error
[10:16:15.413] [RightPPStation] Unload Buffer Set Not Exist
[10:41:16.413] [RightPPStation] Unload Buffer Set Not Exist
[10:48:46.066] [RightPPStation] Unload Buffer Set Not Exist
[10:58:34.533] [RightPPStation] Unload Buffer Set Not Exist
[11:06:43.154] [RightPPStation] Unload Buffer Set Not Exist
[11:14:52.208] [RightPPStation] Unload Buffer Set Not Exist
[11:26:58.197] [RightPPStation] Unload Buffer Set Not Exist
[11:31:47.121] [MainControlStation] Right Door Open
[11:39:55.165] [RightTransferStation] Move XY Axis Error
[11:40:09.334] [RightTransferStation] Move XY Axis Error
[12:49:35.253] [RightPPStation] Unload Buffer Set Not Exist
[13:12:30.121] [RightPPStation] Unload Buffer Set Not Exist
[13:12:50.051] [RightTransferStation] Unload Buffer Set Exist
[13:18:58.688] [RightPPStation] Unload Buffer Set Not Exist
[13:25:42.905] [RightPPStation] Unload Buffer Set Not Exist
[13:26:35.039] [RightPPStation] Unload Buffer Set Not Exist
[13:31:56.593] [RightPPStation] Unload Buffer Set Not Exist
[13:38:53.657] [RightPPStation] Unload Buffer Set Not Exist
[13:45:05.877] [RightPPStation] Unload Buffer Set Not Exist
[13:46:03.572] [RightTransferStation] Move XY Axis Error
[13:46:22.109] [RightTransferStation] Move XY Axis Error
[14:00:26.518] [RightPPStation] Unload Buffer Set Not Exist
[14:01:21.360] [RightTransferStation] Move XY Axis Error
[14:01:26.182] [RightTransferStation] Move XY Axis Error
[14:01:30.096] [RightTransferStation] Move XY Axis Error
[14:01:34.541] [RightTransferStation] Move XY Axis Error
[14:01:51.768] [RightTransferStation] Move XY Axis Error
[14:07:07.155] [RightPPStation] Unload Buffer Set Not Exist
[14:13:44.603] [RightTransferStation] Vacuum Error
[14:14:03.171] [RightTransferStation] Vacuum Error
[14:20:19.783] [RightPPStation] Unload Buffer Set Not Exist
[14:26:38.871] [RightPPStation] Unload Buffer Set Not Exist
[14:51:05.373] [RightPPStation] Unload Buffer Set Not Exist
[14:51:16.422] [RightTransferStation] Unload Buffer Set Exist
[15:09:26.774] [RightPPStation] Unload Buffer Set Not Exist
[15:17:52.473] [RightPPStation] Unload Buffer Set Not Exist
[15:24:41.053] [RightPPStation] Unload Buffer Set Not Exist
[15:24:57.441] [RightTransferStation] Unload Buffer Set Exist
[15:29:03.878] [RightTransferStation] Vacuum Error
[15:29:11.361] [RightTransferStation] Vacuum Error
[15:30:36.810] [LeftTransferStation] Set Double Place
[15:31:10.445] [RightTransferStation] Move Z Axis Error
[15:31:26.447] [RightTransferStation] Move Z Axis Error
[15:31:53.506] [RightTransferStation] Move Z Axis Error
[15:31:58.205] [RightTransferStation] Move Z Axis Error
[15:32:13.761] [RightTransferStation] Move Z Axis Error
[15:32:16.547] [RightTransferStation] Move Z Axis Error
[15:32:23.672] [RightTransferStation] Move Z Axis Error
[15:32:36.203] [RightPPStation] Unload Buffer Set Not Exist
[15:40:59.948] [RightPPStation] Unload Buffer Set Not Exist
[15:47:32.634] [RightPPStation] Unload Buffer Set Not Exist
[15:47:41.250] [MainControlStation] Right Door Open
[15:47:43.175] [RightPPStation] Move Axis Error
[15:55:26.869] [LeftTransferStation] Vacuum Error
[15:55:39.977] [LeftTransferStation] Vacuum Error
[15:58:37.961] [RightTransferStation] Move XY Axis Error
[15:58:42.480] [RightTransferStation] Move XY Axis Error
[16:00:03.223] [RightTransferStation] Move XY Axis Error
[16:00:56.332] [RightPPStation] Unload Buffer Set Not Exist
[16:01:36.263] [RightTransferStation] Vacuum Error
[16:01:44.150] [RightTransferStation] Vacuum Error
[16:15:07.399] [RightPPStation] Unload Buffer Set Not Exist
[16:15:42.641] [LeftTransferStation] Vacuum Error
[16:16:09.051] [LeftTransferStation] Vacuum Error
[16:29:03.148] [RightPPStation] Unload Buffer Set Not Exist
[16:33:57.830] [LeftTransferStation] Move XY Axis Error
[16:36:10.285] [RightPPStation] Unload Buffer Set Not Exist
[16:47:58.418] [LeftPPStation] Unload Cylinder Vacuum Error
[16:50:03.447] [LeftPPStation] Unload Cylinder Vacuum Error
[16:50:23.053] [LeftPPStation] Unload Cylinder Vacuum Error
[16:50:29.796] [LeftPPStation] Unload Cylinder Vacuum Error
[16:51:09.293] [LeftPPStation] Unload Cylinder Vacuum Error
[16:51:41.503] [LeftPPStation] Unload Cylinder Vacuum Error
[16:53:06.653] [RightTransferStation] Move XY Axis Error
[16:53:16.099] [RightTransferStation] Move XY Axis Error
[16:53:20.772] [RightTransferStation] Move XY Axis Error
[17:09:55.666] [RightTransferStation] Move XY Axis Error
[17:09:58.388] [RightTransferStation] Move XY Axis Error
[17:10:12.887] [LeftTransferStation] Move XY Axis Error
[17:17:42.514] [RightTransferStation] Move XY Axis Error
[17:18:16.231] [RightTransferStation] Move XY Axis Error
[17:19:59.362] [RightPPStation] Unload Buffer Set Not Exist
[17:29:40.881] [RightTransferStation] Move XY Axis Error
[17:29:47.686] [RightTransferStation] Move XY Axis Error
[17:50:23.202] [RightTransferStation] Move XY Axis Error
[17:54:26.769] [RightTransferStation] Move XY Axis Error
[17:54:31.542] [RightTransferStation] Move XY Axis Error
[18:05:35.962] [MainControlStation] Right Door Open
[18:53:38.266] [RightTransferStation] Move XY Axis Error
[18:57:08.586] [RightTransferStation] Move XY Axis Error
[19:04:07.590] [RightTransferStation] Move XY Axis Error
[19:04:40.245] [RightTransferStation] Move XY Axis Error
[19:05:48.630] [RightTransferStation] Move XY Axis Error
[19:22:51.729] [RightTransferStation] Move XY Axis Error
[19:23:16.760] [RightTransferStation] Move XY Axis Error
[19:24:53.039] [RightTransferStation] Move XY Axis Error
[19:25:32.202] [RightTransferStation] Move XY Axis Error
