[00:29:15.091] ---- [Flow] CT_STOP Set
[00:29:15.113] ---- [Event] Auto : CT_STOP
[00:29:15.113] --------- [Monitor] StopTasks() : before m_stopped
[00:29:15.159] ---- [Flow] CT_STOP Set
[00:29:15.502] --------- [Monitor] StopTasks() : m_stopped
[00:29:15.502] [m_nState] AutoStop State
[00:38:36.842] ---- [Flow] CT_START Set
[00:38:36.864] ---- [Event] AutoStop : CT_START
[00:38:36.864] [m_nState] Auto State
[00:38:37.292] ---- [Flow] CT_START Set
[00:44:21.997] ---- [Flow] CT_START Set
[00:44:22.901] ---- [Flow] CT_START Set
[00:44:58.023] ---- [Flow] CT_START Set
[00:44:59.163] ---- [Flow] CT_START Set
[00:45:36.284] ---- [Flow] CT_START Set
[00:45:37.598] ---- [Flow] CT_START Set
[00:50:42.236] ---- [Flow] CT_START Set
[00:50:43.071] ---- [Flow] CT_START Set
[01:01:33.613] ---- [Flow] CT_START Set
[01:01:35.450] ---- [Flow] CT_START Set
[01:02:23.177] ---- [Flow] CT_START Set
[01:02:24.708] ---- [Flow] CT_START Set
[01:40:03.178] ---- [Flow] CT_START Set
[01:40:05.189] ---- [Flow] CT_START Set
[01:54:38.376] ---- [Flow] CT_START Set
[01:54:39.217] ---- [Flow] CT_START Set
[02:00:44.434] ---- [Flow] CT_START Set
[02:00:45.983] ---- [Flow] CT_START Set
[02:01:02.117] ---- [Flow] CT_START Set
[02:01:03.077] ---- [Flow] CT_START Set
[02:21:01.494] ---- [Flow] CT_START Set
[02:21:02.506] ---- [Flow] CT_START Set
[02:27:12.939] ---- [Flow] CT_START Set
[02:27:13.926] ---- [Flow] CT_START Set
[02:28:15.365] ---- [Flow] CT_START Set
[02:28:17.419] ---- [Flow] CT_START Set
[02:28:30.481] ---- [Flow] CT_START Set
[02:28:31.919] ---- [Flow] CT_START Set
[02:28:57.193] ---- [Flow] CT_START Set
[02:28:58.268] ---- [Flow] CT_START Set
[02:29:15.857] ---- [Flow] CT_STOP Set
[02:29:15.879] ---- [Event] Auto : CT_STOP
[02:29:15.879] --------- [Monitor] StopTasks() : before m_stopped
[02:29:15.913] --------- [Monitor] StopTasks() : m_stopped
[02:29:15.913] [m_nState] AutoStop State
[02:57:17.652] ---- [Flow] CT_START Set
[02:57:17.673] ---- [Event] AutoStop : CT_START
[02:57:17.673] [m_nState] Auto State
[02:57:18.292] ---- [Flow] CT_START Set
[02:57:19.248] ---- [Flow] CT_START Set
[02:59:40.224] ---- [Flow] CT_START Set
[02:59:54.310] ---- [Flow] CT_START Set
[02:59:55.881] ---- [Flow] CT_START Set
[03:08:15.632] ---- [Flow] CT_START Set
[03:08:16.456] ---- [Flow] CT_START Set
[03:14:31.718] ---- [Flow] CT_START Set
[03:14:33.741] ---- [Flow] CT_START Set
[03:15:35.354] ---- [Flow] CT_START Set
[03:15:37.043] ---- [Flow] CT_START Set
[03:15:54.848] ---- [Flow] CT_START Set
[03:15:55.865] ---- [Flow] CT_START Set
[03:19:26.135] ---- [Flow] CT_START Set
[03:19:27.219] ---- [Flow] CT_START Set
[04:04:36.170] ---- [Flow] CT_START Set
[04:04:37.986] ---- [Flow] CT_START Set
[04:05:02.525] ---- [Flow] CT_START Set
[04:05:04.491] ---- [Flow] CT_START Set
[04:09:07.975] ---- [Flow] CT_STOP Set
[04:09:07.997] ---- [Event] Auto : CT_STOP
[04:09:07.997] --------- [Monitor] StopTasks() : before m_stopped
[04:09:08.005] --------- [Monitor] StopTasks() : m_stopped
[04:09:08.005] [m_nState] AutoStop State
[04:09:08.083] ---- [Flow] CT_STOP Set
[06:40:06.996] ---- [Flow] CT_START Set
[06:40:07.018] ---- [Event] AutoStop : CT_START
[06:40:07.018] [m_nState] Auto State
[06:40:07.795] ---- [Flow] CT_START Set
[06:41:57.190] ---- [Flow] CT_START Set
[06:42:05.598] ---- [Flow] CT_START Set
[06:44:53.150] ---- [Flow] CT_START Set
[06:44:53.444] ---- [Flow] CT_START Set
[06:47:57.323] ---- [Flow] CT_STOP Set
[06:47:57.345] ---- [Event] Auto : CT_STOP
[06:47:57.345] --------- [Monitor] StopTasks() : before m_stopped
[06:47:57.427] --------- [Monitor] StopTasks() : m_stopped
[06:47:57.427] [m_nState] AutoStop State
[06:52:36.252] ---- [Flow] CT_START Set
[06:52:36.275] ---- [Event] AutoStop : CT_START
[06:52:36.275] [m_nState] Auto State
[06:52:37.619] ---- [Flow] CT_START Set
[06:54:30.235] ---- [Flow] CT_START Set
[06:54:30.561] ---- [Flow] CT_START Set
[06:55:00.922] ---- [Flow] CT_START Set
[06:55:03.551] ---- [Flow] CT_START Set
[06:56:39.009] ---- [Flow] CT_START Set
[06:56:39.467] ---- [Flow] CT_START Set
[06:56:40.783] ---- [Flow] CT_START Set
[07:02:15.036] ---- [Flow] CT_START Set
[07:02:15.612] ---- [Flow] CT_START Set
[07:02:15.863] ---- [Flow] CT_START Set
[07:06:44.286] ---- [Flow] CT_START Set
[07:06:44.619] ---- [Flow] CT_START Set
[07:06:47.699] ---- [Flow] CT_START Set
[09:04:53.983] ---- [Flow] CT_START Set
[09:04:54.321] ---- [Flow] CT_START Set
[09:11:25.569] ---- [Flow] CT_START Set
[09:11:26.793] ---- [Flow] CT_START Set
[09:12:15.669] ---- [Flow] CT_START Set
[09:32:19.126] ---- [Flow] CT_STOP Set
[09:32:19.148] ---- [Event] Auto : CT_STOP
[09:32:19.148] --------- [Monitor] StopTasks() : before m_stopped
[09:32:19.750] --------- [Monitor] StopTasks() : m_stopped
[09:32:19.750] [m_nState] AutoStop State
[09:38:23.519] ---- [Flow] CT_START Set
[09:38:23.541] ---- [Event] AutoStop : CT_START
[09:38:23.541] [m_nState] Auto State
[09:38:23.666] ---- [Flow] CT_START Set
[09:41:40.068] ---- [Flow] CT_START Set
[09:41:41.960] ---- [Flow] CT_START Set
[09:47:43.362] ---- [Flow] CT_START Set
[09:47:43.693] ---- [Flow] CT_START Set
[09:47:44.424] ---- [Flow] CT_START Set
[09:50:50.081] ---- [Flow] CT_START Set
[09:50:50.800] ---- [Flow] CT_START Set
[09:50:52.961] ---- [Flow] CT_START Set
[09:51:34.794] ---- [Flow] CT_START Set
[09:51:35.082] ---- [Flow] CT_START Set
[09:51:39.681] ---- [Flow] CT_START Set
[10:03:55.019] ---- [Flow] CT_START Set
[10:03:55.407] ---- [Flow] CT_START Set
[10:06:52.157] ---- [Flow] CT_START Set
[10:06:52.500] ---- [Flow] CT_START Set
[10:09:30.656] ---- [Flow] CT_START Set
[10:09:30.993] ---- [Flow] CT_START Set
[10:11:43.755] ---- [Flow] CT_START Set
[10:11:44.257] ---- [Flow] CT_START Set
[10:11:44.571] ---- [Flow] CT_START Set
[11:39:12.901] ---- [Flow] CT_STOP Set
[11:39:12.922] ---- [Event] Auto : CT_STOP
[11:39:12.922] --------- [Monitor] StopTasks() : before m_stopped
[11:39:12.984] --------- [Monitor] StopTasks() : m_stopped
[11:39:12.984] [m_nState] AutoStop State
[12:27:13.630] ---- [Flow] CT_START Set
[12:27:13.652] ---- [Event] AutoStop : CT_START
[12:27:13.652] [m_nState] Auto State
[12:27:14.343] ---- [Flow] CT_START Set
[12:39:05.644] ---- [Flow] CT_START Set
[12:39:10.768] ---- [Flow] CT_START Set
[12:45:48.459] ---- [Flow] CT_START Set
[12:45:50.602] ---- [Flow] CT_START Set
[12:51:14.100] ---- [Flow] CT_START Set
[12:51:14.909] ---- [Flow] CT_START Set
[12:51:43.292] ---- [Flow] CT_START Set
[12:51:44.266] ---- [Flow] CT_START Set
[13:08:59.539] ---- [Flow] CT_START Set
[13:17:57.566] ---- [Flow] CT_START Set
[13:17:57.896] ---- [Flow] CT_START Set
[13:18:15.553] ---- [Flow] CT_START Set
[13:18:15.878] ---- [Flow] CT_START Set
[13:37:53.756] ---- [Flow] CT_START Set
[13:37:54.073] ---- [Flow] CT_START Set
[13:38:06.220] ---- [Flow] CT_START Set
[13:38:06.797] ---- [Flow] CT_START Set
[13:43:36.790] ---- [Flow] CT_START Set
[13:43:41.692] ---- [Flow] CT_START Set
[13:44:01.087] ---- [Flow] CT_START Set
[13:44:01.587] ---- [Flow] CT_START Set
[13:44:01.854] ---- [Flow] CT_START Set
[13:46:18.367] ---- [Flow] CT_START Set
[13:46:18.733] ---- [Flow] CT_START Set
[13:46:19.069] ---- [Flow] CT_START Set
[13:46:27.664] ---- [Flow] CT_START Set
[14:16:36.341] ---- [Flow] CT_START Set
[14:16:36.665] ---- [Flow] CT_START Set
[14:21:36.018] ---- [Flow] CT_START Set
[14:21:36.405] ---- [Flow] CT_START Set
[14:29:40.717] ---- [Flow] CT_START Set
[14:29:41.955] ---- [Flow] CT_STOP Set
[14:29:41.976] ---- [Event] Auto : CT_STOP
[14:29:41.976] --------- [Monitor] StopTasks() : before m_stopped
[14:29:42.378] --------- [Monitor] StopTasks() : m_stopped
[14:29:42.378] [m_nState] AutoStop State
[14:29:44.508] ---- [Flow] CT_STOP Set
[14:29:44.541] ---- [Flow] CT_STOP Set
[14:29:44.572] ---- [Flow] CT_STOP Set
[14:29:44.603] ---- [Flow] CT_STOP Set
[14:38:15.487] ---- [Flow] CT_START Set
[14:38:15.508] ---- [Event] AutoStop : CT_START
[14:38:15.508] [m_nState] Auto State
[14:38:16.117] ---- [Flow] CT_START Set
[14:41:21.813] ---- [Flow] CT_START Set
[14:41:22.202] ---- [Flow] CT_START Set
[14:41:22.453] ---- [Flow] CT_START Set
[14:41:27.709] ---- [Flow] CT_START Set
[14:41:30.170] ---- [Flow] CT_START Set
[14:41:30.588] ---- [Flow] CT_START Set
[14:41:31.210] ---- [Flow] CT_START Set
[14:41:41.003] ---- [Flow] CT_START Set
[14:41:43.579] ---- [Flow] CT_START Set
[15:41:44.150] ---- [Flow] CT_START Set
[15:41:44.462] ---- [Flow] CT_START Set
[15:45:02.403] ---- [Flow] CT_START Set
[15:56:41.668] ---- [Flow] CT_START Set
[15:56:42.120] ---- [Flow] CT_START Set
[15:56:45.221] ---- [Flow] CT_START Set
[15:56:58.424] ---- [Flow] CT_START Set
[15:56:58.752] ---- [Flow] CT_START Set
[15:57:06.983] ---- [Flow] CT_START Set
[15:57:11.737] ---- [Flow] CT_START Set
[15:57:15.773] ---- [Flow] CT_START Set
[15:57:27.550] ---- [Flow] CT_START Set
[15:57:37.589] ---- [Flow] CT_START Set
[15:57:56.400] ---- [Flow] CT_START Set
[15:57:58.604] ---- [Flow] CT_START Set
[15:58:12.568] ---- [Flow] CT_START Set
[15:58:14.095] ---- [Flow] CT_START Set
[16:09:12.192] ---- [Flow] CT_STOP Set
[16:09:12.213] ---- [Event] Auto : CT_STOP
[16:09:12.213] --------- [Monitor] StopTasks() : before m_stopped
[16:09:12.255] ---- [Flow] CT_STOP Set
[16:09:12.296] ---- [Flow] CT_STOP Set
[16:09:12.570] --------- [Monitor] StopTasks() : m_stopped
[16:09:12.570] [m_nState] AutoStop State
[16:14:54.044] ---- [Flow] CT_START Set
[16:14:54.066] ---- [Event] AutoStop : CT_START
[16:14:54.066] [m_nState] Auto State
[16:14:54.728] ---- [Flow] CT_START Set
[16:18:26.906] ---- [Flow] CT_START Set
[16:23:30.739] ---- [Flow] CT_START Set
[16:23:31.385] ---- [Flow] CT_START Set
[16:29:46.938] ---- [Flow] CT_START Set
[16:30:09.872] ---- [Flow] CT_START Set
[16:30:24.235] ---- [Flow] CT_START Set
[16:30:37.492] ---- [Flow] CT_START Set
[16:30:49.786] ---- [Flow] CT_START Set
[16:30:50.583] ---- [Flow] CT_START Set
[17:07:12.736] ---- [Flow] CT_START Set
[17:07:16.876] ---- [Flow] CT_START Set
[17:07:39.375] ---- [Flow] CT_START Set
[17:07:44.881] ---- [Flow] CT_START Set
[17:13:52.149] ---- [Flow] CT_START Set
[17:13:52.554] ---- [Flow] CT_START Set
[17:24:57.061] ---- [Flow] CT_START Set
[17:24:57.989] ---- [Flow] CT_START Set
[17:25:15.489] ---- [Flow] CT_START Set
[17:25:15.799] ---- [Flow] CT_START Set
[17:25:16.013] ---- [Flow] CT_START Set
[17:25:18.249] ---- [Flow] CT_START Set
[18:19:37.903] ---- [Flow] CT_STOP Set
[18:19:37.924] ---- [Event] Auto : CT_STOP
[18:19:37.924] --------- [Monitor] StopTasks() : before m_stopped
[18:19:37.938] --------- [Monitor] StopTasks() : m_stopped
[18:19:37.938] [m_nState] AutoStop State
[18:19:37.960] ---- [Flow] CT_STOP Set
[18:19:37.993] ---- [Flow] CT_STOP Set
[18:19:38.025] ---- [Flow] CT_STOP Set
[19:00:51.894] ---- [Flow] CT_START Set
[19:00:51.916] ---- [Event] AutoStop : CT_START
[19:00:51.916] [m_nState] Auto State
[19:00:52.946] ---- [Flow] CT_START Set
[19:07:31.654] ---- [Flow] CT_START Set
[19:07:33.520] ---- [Flow] CT_START Set
[19:07:36.342] ---- [Flow] CT_START Set
[19:17:46.467] ---- [Flow] CT_START Set
[19:17:47.695] ---- [Flow] CT_START Set
[19:18:13.999] ---- [Flow] CT_START Set
[19:18:15.959] ---- [Flow] CT_START Set
[19:19:44.427] ---- [Flow] CT_STOP Set
[19:19:44.449] ---- [Event] Auto : CT_STOP
[19:19:44.449] --------- [Monitor] StopTasks() : before m_stopped
[19:19:44.478] --------- [Monitor] StopTasks() : m_stopped
[19:19:44.478] [m_nState] AutoStop State
[19:26:01.432] ---- [Flow] CT_START Set
[19:26:01.454] ---- [Event] AutoStop : CT_START
[19:26:01.454] [m_nState] Auto State
[19:26:02.182] ---- [Flow] CT_START Set
[20:08:21.875] ---- [Flow] CT_STOP Set
[20:08:21.898] ---- [Event] Auto : CT_STOP
[20:08:21.898] --------- [Monitor] StopTasks() : before m_stopped
[20:08:21.993] --------- [Monitor] StopTasks() : m_stopped
[20:08:21.994] [m_nState] AutoStop State
[20:19:57.290] ---- [Flow] CT_START Set
[20:19:57.311] ---- [Event] AutoStop : CT_START
[20:19:57.311] [m_nState] Auto State
[20:42:23.921] ---- [Flow] CT_START Set
[20:44:40.227] ---- [Flow] CT_START Set
[20:44:40.520] ---- [Flow] CT_START Set
[20:44:40.801] ---- [Flow] CT_START Set
[20:44:41.571] ---- [Flow] CT_START Set
[20:44:42.246] ---- [Flow] CT_START Set
[21:01:12.671] ---- [Flow] CT_START Set
[21:01:14.641] ---- [Flow] CT_START Set
[21:01:19.897] ---- [Flow] CT_START Set
[21:07:02.584] ---- [Flow] CT_START Set
[21:07:03.516] ---- [Flow] CT_START Set
[21:07:22.355] ---- [Flow] CT_START Set
[21:07:22.454] ---- [Flow] CT_START Set
[21:07:22.529] ---- [Flow] CT_START Set
[21:07:23.789] ---- [Flow] CT_START Set
[21:07:33.460] ---- [Flow] CT_START Set
[21:07:51.008] ---- [Flow] CT_START Set
[21:07:51.856] ---- [Flow] CT_START Set
[21:07:57.544] ---- [Flow] CT_START Set
[21:08:01.443] ---- [Flow] CT_START Set
[21:08:10.532] ---- [Flow] CT_STOP Set
[21:08:10.553] ---- [Event] Auto : CT_STOP
[21:08:10.553] --------- [Monitor] StopTasks() : before m_stopped
[21:08:10.688] ---- [Flow] CT_STOP Set
[21:08:10.734] ---- [Flow] CT_STOP Set
[21:08:10.780] ---- [Flow] CT_STOP Set
[21:08:10.827] ---- [Flow] CT_STOP Set
[21:08:10.874] ---- [Flow] CT_STOP Set
[21:08:10.919] ---- [Flow] CT_STOP Set
[21:08:10.941] --------- [Monitor] StopTasks() : m_stopped
[21:08:10.941] [m_nState] AutoStop State
[21:08:10.957] ---- [Flow] CT_STOP Set
[21:08:10.989] ---- [Flow] CT_STOP Set
[21:08:21.535] ---- [Flow] CT_START Set
[21:08:21.556] ---- [Event] AutoStop : CT_START
[21:08:21.556] [m_nState] Auto State
[21:08:22.268] ---- [Flow] CT_START Set
[21:18:28.248] ---- [Flow] CT_START Set
[21:18:30.717] ---- [Flow] CT_START Set
[21:32:03.784] ---- [Flow] CT_START Set
[21:32:04.907] ---- [Flow] CT_START Set
[21:50:54.455] ---- [Flow] CT_START Set
[21:50:55.362] ---- [Flow] CT_START Set
[21:51:11.644] ---- [Flow] CT_START Set
[21:51:13.018] ---- [Flow] CT_START Set
[21:59:22.359] ---- [Flow] CT_START Set
[21:59:36.739] ---- [Flow] CT_STOP Set
[21:59:36.760] ---- [Event] Auto : CT_STOP
[21:59:36.760] --------- [Monitor] StopTasks() : before m_stopped
[21:59:37.832] --------- [Monitor] StopTasks() : m_stopped
[21:59:37.832] [m_nState] AutoStop State
[22:06:27.716] ---- [Flow] CT_START Set
[22:06:27.738] ---- [Event] AutoStop : CT_START
[22:06:27.738] [m_nState] Auto State
[22:06:28.636] ---- [Flow] CT_START Set
[22:45:45.316] ---- [Flow] CT_START Set
