[00:28:54.136] [RightTransferStation] Move XY Axis Error
[00:29:03.962] [RightTransferStation] Move XY Axis Error
[00:29:08.017] [RightTransferStation] Move XY Axis Error
[00:45:15.199] [RightTransferStation] Move XY Axis Error
[00:45:21.956] [RightTransferStation] Move XY Axis Error
[01:11:41.242] [LeftTransferStation] Vacuum Error
[01:15:57.599] [RightTransferStation] Move XY Axis Error
[01:16:08.125] [RightTransferStation] Move XY Axis Error
[01:33:02.514] [RightTransferStation] Move XY Axis Error
[01:39:31.913] [RightTransferStation] Move XY Axis Error
[01:41:20.464] [RightTransferStation] Move XY Axis Error
[01:41:24.278] [RightTransferStation] Move XY Axis Error
[01:57:53.191] [RightTransferStation] Move XY Axis Error
[01:58:03.145] [RightTransferStation] Move XY Axis Error
[02:12:37.113] [RightTransferStation] Move XY Axis Error
[02:14:11.333] [RightTransferStation] Move XY Axis Error
[02:17:50.695] [RightTransferStation] Move XY Axis Error
[02:17:57.241] [RightTransferStation] Move XY Axis Error
[02:18:03.208] [RightTransferStation] Move XY Axis Error
[02:18:26.217] [RightTransferStation] Vacuum Error
[02:19:31.452] [RightTransferStation] Move XY Axis Error
[02:19:36.607] [RightTransferStation] Move XY Axis Error
[02:19:47.303] [RightTransferStation] Move XY Axis Error
[02:26:14.429] [RightTransferStation] Move XY Axis Error
[02:26:20.237] [RightTransferStation] Move XY Axis Error
[02:30:39.508] [RightTransferStation] Move XY Axis Error
[02:30:45.692] [RightTransferStation] Move XY Axis Error
[02:45:23.209] [RightTransferStation] Move XY Axis Error
[02:51:33.689] [RightTransferStation] Move XY Axis Error
[02:51:51.935] [RightTransferStation] Move XY Axis Error
[02:51:55.786] [RightTransferStation] Move XY Axis Error
[02:59:16.533] [RightTransferStation] Move XY Axis Error
[02:59:23.437] [RightTransferStation] Move XY Axis Error
[03:02:43.598] [RightTransferStation] Vacuum Error
[03:03:06.291] [RightTransferStation] Vacuum Error
[03:06:32.573] [RightTransferStation] Vacuum Error
[03:29:45.825] [LeftPPStation] Load Cylinder Up Error
[03:29:51.726] [LeftPPStation] Load Cylinder Vacuum Error
[03:48:25.448] [RightTransferStation] Move XY Axis Error
[04:03:48.500] [RightTransferStation] Move XY Axis Error
[04:04:01.367] [RightTransferStation] Move XY Axis Error
[04:07:20.444] [RightTransferStation] Move XY Axis Error
[04:07:27.930] [RightTransferStation] Move XY Axis Error
[04:07:31.919] [RightTransferStation] Move XY Axis Error
[04:13:30.840] [RightTransferStation] Move XY Axis Error
[04:13:35.260] [RightTransferStation] Move XY Axis Error
[04:13:58.779] [RightTransferStation] Move XY Axis Error
[04:14:50.837] [RightTransferStation] Move XY Axis Error
[04:15:36.323] [RightTransferStation] Move XY Axis Error
[04:15:40.458] [RightTransferStation] Move XY Axis Error
[04:16:53.862] [RightTransferStation] Move XY Axis Error
[04:16:58.190] [RightTransferStation] Move XY Axis Error
[04:20:20.633] [RightTransferStation] Move XY Axis Error
[04:20:24.942] [RightTransferStation] Move XY Axis Error
[04:21:09.881] [RightTransferStation] Move XY Axis Error
[04:21:13.690] [RightTransferStation] Move XY Axis Error
[04:21:17.424] [RightTransferStation] Move XY Axis Error
[04:21:23.791] [RightTransferStation] Move XY Axis Error
[04:21:48.180] [RightTransferStation] Move XY Axis Error
[04:21:54.106] [RightTransferStation] Move XY Axis Error
[04:43:10.926] [RightTransferStation] Vacuum Error
[05:03:45.996] [RightTransferStation] Move XY Axis Error
[05:04:21.141] [RightTransferStation] Move XY Axis Error
[05:06:58.020] [RightTransferStation] Move XY Axis Error
[05:07:04.076] [RightTransferStation] Move XY Axis Error
[05:09:28.232] [RightTransferStation] Move XY Axis Error
[05:11:19.794] [RightTransferStation] Move XY Axis Error
[05:11:25.073] [RightTransferStation] Move XY Axis Error
[05:11:29.136] [RightTransferStation] Move XY Axis Error
[05:11:37.881] [RightTransferStation] Move XY Axis Error
[05:13:07.773] [LeftTransferStation] Unload Buffer Set Exist
[05:13:34.201] [LeftTransferStation] Unload Buffer Set Exist
[05:13:37.972] [LeftTransferStation] Unload Buffer Set Exist
[05:13:45.912] [LeftTransferStation] Unload Buffer Set Exist
[05:14:22.201] [LeftTransferStation] Unload Buffer Set Exist
[05:14:46.875] [LeftPPStation] Unload Buffer Set Not Exist
[06:09:41.977] [LeftTransferStation] Vacuum Error
[06:16:20.849] [LeftTransferStation] Vacuum Error
[06:17:02.812] [RightPPStation] Unload Cylinder Vacuum Error
[06:17:07.515] [RightPPStation] Unload Cylinder Vacuum Error
[06:17:10.853] [RightPPStation] Unload Cylinder Vacuum Error
[06:17:14.234] [RightPPStation] Unload Cylinder Vacuum Error
[06:17:54.081] [LeftTransferStation] Vacuum Error
[06:18:03.685] [LeftTransferStation] Vacuum Error
[07:18:17.977] [RightTransferStation] Move XY Axis Error
[07:18:33.554] [RightTransferStation] Move XY Axis Error
[07:19:16.195] [RightTransferStation] Move XY Axis Error
[07:20:05.984] [RightTransferStation] Move XY Axis Error
[07:33:07.562] [RightTransferStation] Move XY Axis Error
[07:33:19.007] [RightTransferStation] Move XY Axis Error
[07:37:22.826] [RightTransferStation] Move XY Axis Error
[07:37:37.686] [RightTransferStation] Move XY Axis Error
[07:39:17.521] [RightTransferStation] Move XY Axis Error
[07:39:31.580] [RightTransferStation] Move XY Axis Error
[07:39:55.664] [RightTransferStation] Move XY Axis Error
[07:40:11.143] [RightTransferStation] Move XY Axis Error
[07:43:02.230] [RightTransferStation] Move XY Axis Error
[07:43:18.206] [RightTransferStation] Move XY Axis Error
[07:45:49.453] [RightTransferStation] Move XY Axis Error
[07:46:01.908] [RightTransferStation] Move XY Axis Error
[07:48:00.743] [RightTransferStation] Move XY Axis Error
[07:48:14.244] [RightTransferStation] Move XY Axis Error
[07:50:43.455] [RightTransferStation] Move XY Axis Error
[07:51:03.283] [RightTransferStation] Move XY Axis Error
[07:51:07.416] [RightTransferStation] Move XY Axis Error
[07:51:35.619] [RightTransferStation] Move XY Axis Error
[08:02:00.227] [RightTransferStation] Move XY Axis Error
[08:02:15.495] [RightTransferStation] Move XY Axis Error
[08:05:17.823] [RightTransferStation] Move XY Axis Error
[08:06:19.918] [RightTransferStation] Move XY Axis Error
[08:06:46.211] [RightTransferStation] Move XY Axis Error
[08:07:00.397] [RightTransferStation] Move XY Axis Error
[08:08:00.357] [RightPPStation] Unload Cylinder Vacuum Error
[08:10:54.421] [RightTransferStation] Move XY Axis Error
[08:11:16.348] [RightTransferStation] Move XY Axis Error
[08:11:31.363] [RightTransferStation] Move XY Axis Error
[08:14:41.055] [RightTransferStation] Move XY Axis Error
[08:14:53.542] [RightTransferStation] Move XY Axis Error
[08:15:18.400] [RightTransferStation] Move XY Axis Error
[08:15:36.797] [RightTransferStation] Move XY Axis Error
[08:17:48.806] [RightTransferStation] Move XY Axis Error
[08:18:04.856] [RightTransferStation] Move XY Axis Error
[08:22:03.303] [RightTransferStation] Move XY Axis Error
[08:22:18.173] [RightTransferStation] Move XY Axis Error
[08:22:41.803] [RightTransferStation] Move XY Axis Error
[08:23:05.728] [RightTransferStation] Move XY Axis Error
[08:25:46.177] [RightTransferStation] Move XY Axis Error
[08:26:13.874] [RightTransferStation] Move XY Axis Error
[08:32:55.872] [RightTransferStation] Move XY Axis Error
[08:33:07.620] [RightTransferStation] Move XY Axis Error
[08:38:53.429] [RightTransferStation] Move XY Axis Error
[08:39:05.450] [RightTransferStation] Move XY Axis Error
[08:40:42.146] [RightTransferStation] Move XY Axis Error
[08:41:00.244] [RightTransferStation] Move XY Axis Error
[08:43:29.943] [RightTransferStation] Move XY Axis Error
[08:44:51.393] [RightTransferStation] Move XY Axis Error
[08:45:20.675] [RightTransferStation] Move XY Axis Error
[08:45:48.866] [RightTransferStation] Move XY Axis Error
[08:47:54.594] [RightTransferStation] Move XY Axis Error
[08:48:14.075] [RightTransferStation] Move XY Axis Error
[08:48:30.993] [RightTransferStation] Move XY Axis Error
[08:50:31.365] [RightTransferStation] Move XY Axis Error
[08:50:49.120] [RightTransferStation] Move XY Axis Error
[08:51:37.767] [RightTransferStation] Move XY Axis Error
[08:51:50.040] [RightTransferStation] Move XY Axis Error
[08:54:53.497] [RightTransferStation] Vacuum Error
[08:55:09.899] [RightTransferStation] Move XY Axis Error
[08:55:21.980] [RightTransferStation] Set Double Place
[08:58:19.841] [RightTransferStation] Move XY Axis Error
[08:58:32.978] [RightTransferStation] Move XY Axis Error
[09:01:03.024] [RightTransferStation] Move XY Axis Error
[09:01:16.934] [RightTransferStation] Move XY Axis Error
[09:02:39.679] [RightPPStation] Unload Cylinder Vacuum Error
[09:02:48.988] [RightPPStation] Unload Cylinder Vacuum Error
[09:03:32.444] [RightTransferStation] Move XY Axis Error
[09:04:01.668] [RightTransferStation] Move XY Axis Error
[09:04:27.559] [RightTransferStation] Move XY Axis Error
[09:04:40.504] [RightTransferStation] Move XY Axis Error
[09:05:06.273] [RightTransferStation] Move XY Axis Error
[09:05:19.551] [RightTransferStation] Move XY Axis Error
[09:11:40.205] [RightTransferStation] Move XY Axis Error
[09:12:25.388] [RightTransferStation] Move XY Axis Error
[09:12:46.163] [LeftTransferStation] Move Z Axis Error
[09:16:06.749] [RightTransferStation] Move XY Axis Error
[09:16:21.486] [RightTransferStation] Move XY Axis Error
[09:16:44.916] [RightTransferStation] Move XY Axis Error
[09:16:48.898] [RightTransferStation] Move XY Axis Error
[09:17:12.001] [RightTransferStation] Move XY Axis Error
[09:17:26.528] [RightTransferStation] Move XY Axis Error
[09:22:25.300] [RightTransferStation] Move XY Axis Error
[09:22:51.404] [RightTransferStation] Move XY Axis Error
[09:23:12.327] [RightTransferStation] Move XY Axis Error
[09:23:27.550] [RightTransferStation] Move XY Axis Error
[09:40:03.566] [RightTransferStation] Move XY Axis Error
[09:40:37.178] [RightTransferStation] Move XY Axis Error
[09:41:00.812] [RightTransferStation] Move XY Axis Error
[09:41:12.697] [RightTransferStation] Move XY Axis Error
[09:45:00.673] [RightTransferStation] Move XY Axis Error
[09:45:14.230] [RightTransferStation] Move XY Axis Error
[09:46:00.375] [RightTransferStation] Move XY Axis Error
[09:46:14.933] [RightTransferStation] Move XY Axis Error
[09:47:29.488] [RightTransferStation] Move XY Axis Error
[09:47:45.043] [RightTransferStation] Move XY Axis Error
[09:49:49.351] [RightTransferStation] Move XY Axis Error
[09:50:05.838] [RightTransferStation] Move XY Axis Error
[09:50:15.708] [RightTransferStation] Move XY Axis Error
[09:50:24.268] [RightTransferStation] Move XY Axis Error
[09:52:10.554] [RightTransferStation] Move XY Axis Error
[09:52:38.541] [RightTransferStation] Move XY Axis Error
[09:57:24.065] [RightTransferStation] Move XY Axis Error
[09:57:38.139] [RightTransferStation] Move XY Axis Error
[10:03:34.790] [RightTransferStation] Move XY Axis Error
[10:03:52.527] [RightTransferStation] Move XY Axis Error
[10:04:07.350] [RightTransferStation] Move XY Axis Error
[10:04:53.648] [RightTransferStation] Move XY Axis Error
[10:05:07.280] [RightTransferStation] Move XY Axis Error
[10:09:07.916] [RightTransferStation] Move XY Axis Error
[10:09:22.515] [RightTransferStation] Move XY Axis Error
[10:09:46.645] [RightTransferStation] Move XY Axis Error
[10:10:01.966] [RightTransferStation] Move XY Axis Error
[10:10:50.338] [RightTransferStation] Move XY Axis Error
[10:11:00.506] [RightTransferStation] Move XY Axis Error
[10:11:10.522] [RightTransferStation] Move XY Axis Error
[10:11:15.592] [RightTransferStation] Move XY Axis Error
[10:11:35.741] [LeftTransferStation] Set Double Place
[10:11:58.439] [RightTransferStation] Move XY Axis Error
[10:12:49.670] [RightTransferStation] Move XY Axis Error
[10:12:59.556] [RightTransferStation] Move XY Axis Error
[10:15:22.174] [RightTransferStation] Move XY Axis Error
[10:15:33.655] [RightTransferStation] Move XY Axis Error
[10:15:57.930] [RightTransferStation] Move XY Axis Error
[10:16:09.562] [RightTransferStation] Move XY Axis Error
[10:19:34.823] [RightTransferStation] Move XY Axis Error
[10:19:48.304] [RightTransferStation] Move XY Axis Error
[10:21:08.201] [RightTransferStation] Move XY Axis Error
[10:21:53.278] [RightTransferStation] Set Double Place
[10:22:06.782] [RightTransferStation] Move XY Axis Error
[10:22:12.762] [RightTransferStation] Move XY Axis Error
[10:22:23.400] [RightTransferStation] Move XY Axis Error
[10:23:16.666] [RightTransferStation] Vacuum Error
[10:23:26.454] [RightTransferStation] Vacuum Error
[10:31:55.500] [RightPPStation] Unload Cylinder Vacuum Error
[10:32:03.510] [RightPPStation] Unload Cylinder Vacuum Error
[10:41:06.271] [RightTransferStation] Vacuum Error
[10:41:18.947] [RightTransferStation] Vacuum Error
[10:43:06.739] [RightTransferStation] Move XY Axis Error
[10:43:16.140] [RightTransferStation] Move XY Axis Error
[10:43:43.074] [RightTransferStation] Move XY Axis Error
[10:44:05.351] [RightTransferStation] Move XY Axis Error
[10:44:29.450] [RightTransferStation] Move XY Axis Error
[10:44:41.014] [RightTransferStation] Move XY Axis Error
[10:45:30.737] [RightTransferStation] Move XY Axis Error
[10:45:57.400] [LeftTransferStation] Move XY Axis Error
[10:47:01.114] [RightTransferStation] Move XY Axis Error
[10:47:16.608] [RightTransferStation] Move XY Axis Error
[10:47:46.600] [RightTransferStation] Move XY Axis Error
[10:47:54.292] [RightTransferStation] Move XY Axis Error
[10:59:37.970] [RightTransferStation] Move XY Axis Error
[10:59:50.216] [RightTransferStation] Move XY Axis Error
[11:01:07.077] [RightTransferStation] Move XY Axis Error
[11:01:30.544] [RightTransferStation] Move XY Axis Error
[11:01:45.783] [RightTransferStation] Move XY Axis Error
[11:08:14.446] [RightTransferStation] Move XY Axis Error
[11:08:23.428] [RightTransferStation] Move XY Axis Error
[11:08:49.968] [RightTransferStation] Move XY Axis Error
[11:08:58.900] [RightTransferStation] Move XY Axis Error
[11:09:23.064] [RightTransferStation] Move XY Axis Error
[11:09:38.711] [RightTransferStation] Move XY Axis Error
[11:09:42.567] [RightTransferStation] Move XY Axis Error
[11:12:12.073] [RightTransferStation] Move XY Axis Error
[11:12:25.243] [RightTransferStation] Move XY Axis Error
[11:12:33.355] [RightTransferStation] Move XY Axis Error
[11:12:54.382] [RightTransferStation] Move XY Axis Error
[11:13:08.404] [RightTransferStation] Move XY Axis Error
[11:16:36.297] [RightTransferStation] Set Double Place
[11:16:42.986] [MainControlStation] Left Door Open
[11:21:47.899] [MainControlStation] Left Door Open
[11:25:33.969] [RightTransferStation] Move XY Axis Error
[11:25:40.111] [RightTransferStation] Move XY Axis Error
[11:32:09.355] [RightTransferStation] Move XY Axis Error
[11:32:20.377] [RightTransferStation] Move XY Axis Error
[11:34:16.715] [LeftTransferStation] Vacuum Error
[11:34:31.123] [LeftTransferStation] Vacuum Error
[11:34:43.643] [RightTransferStation] Move XY Axis Error
[11:34:51.685] [RightTransferStation] Move XY Axis Error
[11:55:56.395] [RightTransferStation] Move XY Axis Error
[11:56:11.647] [RightTransferStation] Move XY Axis Error
[12:15:01.911] [LeftTransferStation] Vacuum Error
[12:17:52.450] [RightTransferStation] Move XY Axis Error
[12:17:59.934] [RightTransferStation] Move XY Axis Error
[12:18:04.438] [RightTransferStation] Move XY Axis Error
[12:46:48.495] [RightTransferStation] Move XY Axis Error
[12:47:03.983] [RightTransferStation] Move XY Axis Error
[12:48:24.166] [RightTransferStation] Vacuum Error
[12:49:13.008] [RightTransferStation] Vacuum Error
[12:51:00.597] [RightTransferStation] Vacuum Error
[12:51:34.139] [RightTransferStation] Vacuum Error
[12:52:02.880] [RightTransferStation] Move XY Axis Error
[12:52:10.036] [RightTransferStation] Move XY Axis Error
[12:59:50.153] [MainControlStation] Right Door Open
[13:11:07.224] [RightTransferStation] Vacuum Error
[13:11:48.456] [RightTransferStation] Vacuum Error
[13:34:21.422] [RightTransferStation] Move XY Axis Error
[13:34:26.492] [RightTransferStation] Move XY Axis Error
[13:43:51.751] [LeftTransferStation] Vacuum Error
[13:44:20.599] [LeftTransferStation] Vacuum Error
[13:50:03.291] [RightTransferStation] Move XY Axis Error
[13:53:00.780] [LeftTransferStation] Vacuum Error
[13:53:31.675] [LeftTransferStation] Vacuum Error
[13:54:20.374] [MainControlStation] Left Door Open
[14:31:15.208] [RightTransferStation] Move XY Axis Error
[14:31:21.678] [RightTransferStation] Move XY Axis Error
[14:43:33.447] [MainControlStation] Right Door Open
[14:48:22.111] [RightTransferStation] Move XY Axis Error
[14:48:40.101] [RightTransferStation] Move XY Axis Error
[14:49:29.458] [RightTransferStation] Move XY Axis Error
[14:49:40.634] [RightTransferStation] Move XY Axis Error
[14:50:11.427] [RightTransferStation] Vacuum Error
[14:50:42.209] [RightTransferStation] Vacuum Error
[14:53:11.125] [RightTransferStation] Move XY Axis Error
[14:53:16.938] [RightTransferStation] Move XY Axis Error
[14:55:41.416] [RightTransferStation] Move XY Axis Error
[14:55:45.532] [RightTransferStation] Move XY Axis Error
[14:56:37.468] [RightTransferStation] Move XY Axis Error
[15:07:25.917] [RightTransferStation] Move XY Axis Error
[15:07:30.030] [RightTransferStation] Move XY Axis Error
[16:19:44.812] [LeftTransferStation] Vacuum Error
[16:23:00.663] [LeftTransferStation] Vacuum Error
[16:23:29.861] [RightPPStation] Load Cylinder Vacuum Error
[16:25:03.750] [LeftTransferStation] Vacuum Error
[16:27:05.727] [RightTransferStation] Move XY Axis Error
[16:28:38.878] [RightTransferStation] Move XY Axis Error
[16:28:43.865] [LeftTransferStation] Vacuum Error
[16:37:09.411] [LeftTransferStation] Set Double Place
[16:37:36.191] [LeftTransferStation] Set Double Place
[16:38:40.582] [LeftTransferStation] Set Double Place
[16:42:05.706] [RightTransferStation] Move XY Axis Error
[16:42:13.717] [RightTransferStation] Move XY Axis Error
[16:54:26.097] [LeftTransferStation] Vacuum Error
[16:55:01.837] [LeftTransferStation] Vacuum Error
[16:56:32.168] [RightTransferStation] Move XY Axis Error
[16:58:43.936] [RightTransferStation] Move XY Axis Error
[17:01:27.670] [RightTransferStation] Move XY Axis Error
[17:01:32.789] [RightTransferStation] Move XY Axis Error
[17:01:38.338] [RightTransferStation] Move XY Axis Error
[17:12:43.443] [RightPPStation] Load Cylinder Vacuum Error
[17:12:52.080] [RightPPStation] Load Cylinder Vacuum Error
[17:16:16.222] [RightPPStation] Unload Cylinder Up Error
[17:19:03.011] [RightTransferStation] Move XY Axis Error
[17:19:33.944] [RightTransferStation] Move XY Axis Error
[17:38:15.147] [RightTransferStation] Move XY Axis Error
[17:38:27.825] [RightTransferStation] Move XY Axis Error
[17:39:42.319] [RightTransferStation] Move XY Axis Error
[17:40:50.106] [RightTransferStation] Move XY Axis Error
[17:41:58.301] [RightTransferStation] Move XY Axis Error
[18:18:34.277] [RightTransferStation] Move XY Axis Error
[18:21:27.475] [RightTransferStation] Move XY Axis Error
[18:21:47.873] [RightTransferStation] Move XY Axis Error
[18:23:08.279] [RightTransferStation] Move XY Axis Error
[18:23:21.650] [RightTransferStation] Move XY Axis Error
[18:23:24.494] [RightTransferStation] Move XY Axis Error
[18:23:26.070] [RightTransferStation] Move XY Axis Error
[18:23:27.654] [RightTransferStation] Move XY Axis Error
[18:24:59.514] [RightTransferStation] Move XY Axis Error
[18:33:07.214] [RightTransferStation] Vacuum Error
[18:33:28.885] [RightTransferStation] Vacuum Error
[18:38:01.849] [MainControlStation] Right Door Open
