[00:46:44.775] [LeftTransferStation] Vacuum Error
[00:47:21.888] [LeftTransferStation] Set Double Place
[01:15:41.009] [MainControlStation] Right Door Open
[05:10:03.007] [RightTransferStation] Vacuum Error
[05:19:35.817] [RightTransferStation] Vacuum Error
[05:20:29.775] [RightTransferStation] Move Z Axis Error
[05:20:33.045] [RightTransferStation] Move Z Axis Error
[05:20:34.714] [RightTransferStation] Move Z Axis Error
[05:20:36.451] [RightTransferStation] Move Z Axis Error
[20:27:30.361] [LeftTransferStation] Vacuum Error
[20:28:11.753] [LeftTransferStation] Set Double Place
[20:34:02.541] [LeftTransferStation] Vacuum Error
[20:40:45.234] [LeftTransferStation] Vacuum Error
[22:07:13.288] [LeftTransferStation] Vacuum Error
[22:08:31.214] [LeftTransferStation] Set Double Place
[22:15:38.456] [LeftTransferStation] Vacuum Error
[22:24:10.863] [LeftTransferStation] Vacuum Error
[22:30:20.962] [LeftTransferStation] Vacuum Error
[22:36:43.364] [LeftTransferStation] Vacuum Error
[22:42:31.291] [LeftTransferStation] Vacuum Error
[22:49:28.975] [LeftTransferStation] Vacuum Error
[22:55:45.986] [LeftTransferStation] Vacuum Error
[23:02:07.866] [LeftTransferStation] Vacuum Error
[23:02:27.175] [MainControlStation] Left Door Open
[23:07:10.456] [LeftTransferStation] Vacuum Error
[23:14:43.296] [LeftTransferStation] Vacuum Error
[23:21:25.836] [LeftTransferStation] Vacuum Error
[23:27:37.672] [LeftTransferStation] Vacuum Error
