[00:38:42.770] [RightPPStation] Load Cylinder Vacuum Error
[00:42:47.977] [LeftPPStation] Load Cylinder Vacuum Error
[00:57:51.981] [RightPPStation] Load Cylinder Vacuum Error
[00:58:47.563] [RightTransferStation] Unload Buffer Set Exist
[01:35:36.287] [LeftPPStation] Unload Cylinder Vacuum Error
[01:35:46.194] [LeftPPStation] Unload Cylinder Vacuum Error
[01:36:26.268] [LeftPPStation] Unload Cylinder Vacuum Error
[02:16:47.074] [LeftTransferStation] Vacuum Error
[02:45:50.056] [LeftTransferStation] Vacuum Error
[02:46:08.227] [LeftTransferStation] Vacuum Error
[02:48:20.612] [LeftTransferStation] Set Double Place
[03:31:39.075] [RightTransferStation] Vacuum Error
[05:10:10.536] [RightPPStation] Unload Buffer Set Not Exist
[05:11:26.804] [RightTransferStation] Set Double Place
[05:28:41.975] [LeftPPStation] Unload Cylinder Vacuum Error
[06:56:06.913] [RightPPStation] Unload Cylinder Vacuum Error
[07:20:21.772] [LeftTransferStation] Vacuum Error
[07:35:57.185] [LeftPPStation] Unload Cylinder Vacuum Error
[07:43:45.620] [RightTransferStation] Vacuum Error
[07:46:06.424] [RightPPStation] Load Buffer Set Exist
[07:49:01.750] [LeftPPStation] Unload Cylinder Vacuum Error
[07:56:57.908] [LeftTransferStation] Vacuum Error
[08:04:44.871] [LeftPPStation] Unload Cylinder Vacuum Error
[08:04:58.754] [MainControlStation] Right Door Open
[08:47:02.334] [LeftPPStation] Unload Cylinder Vacuum Error
[08:47:49.145] [LeftPPStation] Unload Cylinder Vacuum Error
[08:48:02.860] [MainControlStation] Right Door Open
[08:54:14.725] [RightTransferStation] Vacuum Error
[09:06:34.777] [RightTransferStation] Vacuum Error
[09:58:14.175] [LeftPPStation] Load Cylinder Vacuum Error
[09:58:38.602] [LeftTransferStation] Vacuum Error
[10:05:21.380] [RightTransferStation] Move XY Axis Error
[10:05:27.317] [RightTransferStation] Move XY Axis Error
[10:05:35.474] [RightTransferStation] Move XY Axis Error
[10:05:54.385] [RightTransferStation] Move XY Axis Error
[10:35:55.528] [RightTransferStation] Vacuum Error
[10:46:29.413] [LeftPPStation] Unload Cylinder Vacuum Error
[11:50:03.203] [RightPPStation] Load Cylinder Vacuum Error
[12:58:43.825] [LeftTransferStation] Vacuum Error
[13:04:25.977] [LeftTransferStation] Vacuum Error
[13:04:40.360] [LeftTransferStation] Vacuum Error
[13:09:53.069] [RightPPStation] Load Cylinder Vacuum Error
[13:37:38.210] [RightTransferStation] Vacuum Error
[15:12:39.862] [RightPPStation] Load Cylinder Vacuum Error
