[02:19:29.960] [LeftPPStation] Unload Cylinder Up Error
[02:19:42.583] [LeftPPStation] Unload Cylinder Up Error
[02:20:06.070] [LeftPPStation] Unload Cylinder Up Error
[02:20:21.033] [LeftPPStation] Unload Cylinder Up Error
[02:20:26.625] [LeftPPStation] Unload Cylinder Vacuum Error
[02:20:53.464] [RightTransferStation] Move XY Axis Error
[02:20:57.288] [RightTransferStation] Move XY Axis Error
[02:20:59.063] [RightTransferStation] Move XY Axis Error
[02:21:08.348] [RightTransferStation] Move XY Axis Error
[07:20:02.032] [RightTransferStation] Move XY Axis Error
[07:20:05.300] [RightTransferStation] Move XY Axis Error
[07:21:58.271] [RightTransferStation] Move XY Axis Error
[07:22:32.571] [RightTransferStation] Move XY Axis Error
[07:22:43.245] [RightTransferStation] Vacuum Error
[07:22:48.666] [RightTransferStation] Vacuum Error
[07:24:31.886] [LeftPPStation] Unload Cylinder Up Error
[07:35:08.863] [LeftTransferStation] Vacuum Error
[07:54:35.742] [RightTransferStation] Move XY Axis Error
[07:55:04.612] [RightTransferStation] Move XY Axis Error
[07:55:30.537] [RightTransferStation] Move XY Axis Error
[07:55:39.521] [RightTransferStation] Move XY Axis Error
[07:55:57.415] [RightTransferStation] Move XY Axis Error
[08:06:39.549] [RightTransferStation] Move XY Axis Error
[08:07:07.826] [RightTransferStation] Move XY Axis Error
[08:07:36.140] [RightTransferStation] Move XY Axis Error
[08:08:19.452] [RightTransferStation] Move XY Axis Error
[08:17:42.059] [RightTransferStation] Move XY Axis Error
[08:18:04.872] [RightTransferStation] Move XY Axis Error
[08:18:43.842] [RightTransferStation] Move XY Axis Error
[08:19:41.464] [RightTransferStation] Move XY Axis Error
[08:20:25.454] [RightTransferStation] Move XY Axis Error
[08:20:55.714] [RightTransferStation] Move XY Axis Error
[08:27:50.069] [RightTransferStation] Move XY Axis Error
[08:27:58.399] [RightTransferStation] Move XY Axis Error
[08:28:13.630] [RightTransferStation] Move XY Axis Error
[08:29:36.911] [RightTransferStation] Move XY Axis Error
[08:30:11.529] [RightTransferStation] Move XY Axis Error
[08:30:57.791] [RightTransferStation] Move XY Axis Error
[08:31:11.886] [RightTransferStation] Move XY Axis Error
[08:32:04.823] [RightTransferStation] Move XY Axis Error
[08:32:56.864] [RightTransferStation] Move XY Axis Error
[08:41:04.731] [RightTransferStation] Move XY Axis Error
[08:41:32.003] [RightTransferStation] Move XY Axis Error
[08:41:59.424] [RightTransferStation] Move XY Axis Error
[08:42:25.581] [RightTransferStation] Move XY Axis Error
[08:42:28.711] [RightTransferStation] Move XY Axis Error
[08:42:30.981] [RightTransferStation] Move XY Axis Error
[08:43:24.548] [RightTransferStation] Move XY Axis Error
[08:45:03.815] [RightTransferStation] Move XY Axis Error
[08:45:25.720] [RightTransferStation] Move XY Axis Error
[08:45:28.964] [RightTransferStation] Move XY Axis Error
[08:45:48.612] [RightTransferStation] Move XY Axis Error
[08:55:06.536] [RightTransferStation] Move XY Axis Error
[08:55:33.743] [RightTransferStation] Move XY Axis Error
[08:56:52.288] [RightTransferStation] Move XY Axis Error
[08:56:55.018] [RightTransferStation] Move XY Axis Error
[08:57:32.358] [RightTransferStation] Move XY Axis Error
[08:58:16.346] [RightTransferStation] Move XY Axis Error
[08:58:46.705] [RightTransferStation] Move XY Axis Error
[09:08:47.452] [RightTransferStation] Move XY Axis Error
[09:09:02.612] [RightTransferStation] Move XY Axis Error
[09:09:07.049] [RightTransferStation] Move XY Axis Error
[09:09:21.454] [RightTransferStation] Move XY Axis Error
[09:15:44.981] [LeftPPStation] Unload Cylinder Up Error
[09:15:56.574] [LeftPPStation] Unload Cylinder Up Error
[09:16:04.398] [LeftPPStation] Unload Cylinder Vacuum Error
[09:17:11.430] [RightTransferStation] Move XY Axis Error
[09:17:51.449] [RightTransferStation] Move XY Axis Error
[09:18:41.298] [RightTransferStation] Move XY Axis Error
[09:19:10.132] [RightTransferStation] Move XY Axis Error
[09:19:59.780] [RightTransferStation] Move XY Axis Error
[09:20:42.579] [RightTransferStation] Move XY Axis Error
[09:28:50.484] [MainControlStation] Left Door Open
[09:28:53.218] [LeftTransferStation] Move Z Axis Error
[09:31:29.629] [MainControlStation] Right Door Open
[09:34:49.586] [RightTransferStation] Vacuum Error
[09:34:58.559] [RightTransferStation] Vacuum Error
[09:35:44.238] [MainControlStation] Right Door Open
[09:42:50.383] [RightTransferStation] Move XY Axis Error
[09:43:39.968] [RightTransferStation] Move XY Axis Error
[09:58:30.722] [LeftPPStation] Load Cylinder Vacuum Error
[09:58:54.608] [LeftPPStation] Unload Buffer Set Not Exist
[10:05:33.664] [RightTransferStation] Move XY Axis Error
[10:06:23.113] [RightTransferStation] Move XY Axis Error
[10:16:04.762] [RightTransferStation] Move XY Axis Error
[10:16:38.115] [RightTransferStation] Move XY Axis Error
[10:18:23.101] [RightTransferStation] Move XY Axis Error
[10:18:32.217] [RightTransferStation] Move XY Axis Error
[10:20:09.465] [RightTransferStation] Move XY Axis Error
[10:29:20.797] [RightTransferStation] Move XY Axis Error
[10:30:15.287] [RightTransferStation] Move XY Axis Error
[10:44:20.187] [RightPPStation] Unload Buffer Set Not Exist
[10:44:39.181] [RightTransferStation] Move Z Axis Error
[10:45:00.119] [RightTransferStation] Move Z Axis Error
[10:45:16.923] [RightPPStation] Unload Cylinder Up Error
[10:45:22.070] [RightPPStation] Unload Cylinder Vacuum Error
[10:45:27.742] [RightPPStation] Unload Cylinder Vacuum Error
[10:45:39.925] [RightPPStation] Unload Cylinder Vacuum Error
[10:45:46.600] [RightPPStation] Unload Cylinder Vacuum Error
[10:46:09.057] [RightPPStation] Unload Cylinder Vacuum Error
[10:46:59.690] [RightPPStation] Unload Cylinder Vacuum Error
[10:56:19.817] [RightPPStation] Unload Buffer Set Not Exist
[10:56:34.292] [RightTransferStation] Vacuum Error
[10:56:46.807] [RightTransferStation] Vacuum Error
[10:57:10.382] [RightTransferStation] Vacuum Error
[10:57:20.560] [RightTransferStation] Vacuum Error
[10:57:31.821] [RightTransferStation] Vacuum Error
[10:57:40.481] [RightTransferStation] Vacuum Error
[10:57:57.993] [RightTransferStation] Vacuum Error
[10:58:15.697] [RightTransferStation] Vacuum Error
[10:58:50.785] [RightTransferStation] Vacuum Error
[10:58:57.877] [RightTransferStation] Vacuum Error
[10:59:10.512] [RightTransferStation] Vacuum Error
[10:59:31.892] [RightTransferStation] Vacuum Error
[10:59:55.830] [RightTransferStation] Vacuum Error
[11:00:55.293] [LeftPPStation] Unload Cylinder Up Error
[11:01:04.162] [LeftPPStation] Unload Cylinder Up Error
[11:01:38.010] [LeftPPStation] Unload Cylinder Up Error
[11:01:53.396] [RightTransferStation] Vacuum Error
[11:02:04.016] [RightTransferStation] Vacuum Error
[11:02:11.704] [LeftPPStation] Unload Cylinder Up Error
[11:03:31.863] [RightTransferStation] Vacuum Error
[11:20:09.525] [RightTransferStation] Vacuum Error
[11:20:11.817] [RightTransferStation] Move XY Axis Error
[11:20:22.091] [RightTransferStation] Vacuum Error
[11:20:29.838] [RightTransferStation] Vacuum Error
[11:21:17.885] [LeftPPStation] Unload Cylinder Up Error
[11:22:33.742] [RightTransferStation] Move Z Axis Error
[11:34:15.950] [RightTransferStation] Vacuum Error
[11:52:27.060] [LeftPPStation] Unload Cylinder Up Error
[12:15:49.752] [LeftPPStation] Unload Cylinder Up Error
[12:16:08.779] [LeftPPStation] Unload Cylinder Up Error
[12:22:09.902] [MainControlStation] Right Door Open
[13:02:20.003] [RightTransferStation] Move XY Axis Error
[13:02:55.398] [RightTransferStation] Move XY Axis Error
[13:03:07.568] [RightTransferStation] Vacuum Error
[13:10:21.083] [RightPPStation] Load Cylinder Vacuum Error
[13:10:30.795] [RightPPStation] Load Buffer Set Exist
[13:10:43.896] [RightPPStation] Load Buffer Set Exist
[13:11:14.589] [RightTransferStation] Vacuum Error
[13:16:56.144] [RightTransferStation] Move XY Axis Error
[13:17:12.404] [RightTransferStation] Move XY Axis Error
[13:17:28.659] [MainControlStation] Right Door Open
[13:20:06.348] [LeftPPStation] Unload Cylinder Up Error
[13:20:50.751] [LeftPPStation] Unload Cylinder Up Error
[13:21:19.089] [RightTransferStation] Move XY Axis Error
[13:21:25.912] [LeftPPStation] Unload Cylinder Up Error
[13:22:00.254] [LeftPPStation] Unload Cylinder Up Error
[13:22:27.148] [RightTransferStation] Move XY Axis Error
[13:25:47.109] [LeftPPStation] Load Cylinder Vacuum Error
[13:31:02.283] [RightTransferStation] Move XY Axis Error
[13:31:53.123] [RightTransferStation] Move XY Axis Error
[13:34:14.570] [RightTransferStation] Move XY Axis Error
[13:34:53.449] [RightTransferStation] Move XY Axis Error
[13:39:19.998] [RightTransferStation] Move XY Axis Error
[13:39:53.734] [RightTransferStation] Move XY Axis Error
[13:39:55.765] [RightTransferStation] Move XY Axis Error
[13:39:58.199] [RightTransferStation] Move XY Axis Error
[13:40:28.917] [RightTransferStation] Move XY Axis Error
[13:51:18.679] [RightTransferStation] Move XY Axis Error
[13:51:52.099] [RightTransferStation] Move XY Axis Error
[13:52:59.154] [RightTransferStation] Move XY Axis Error
[13:53:41.938] [RightTransferStation] Move XY Axis Error
[14:07:44.825] [RightTransferStation] Move XY Axis Error
[14:07:57.738] [LeftPPStation] Unload Cylinder Up Error
[14:08:15.509] [RightTransferStation] Move XY Axis Error
[14:09:12.031] [LeftPPStation] Unload Cylinder Up Error
[14:10:13.026] [LeftPPStation] Unload Cylinder Up Error
[14:10:35.663] [RightTransferStation] Vacuum Error
[14:10:49.054] [RightPPStation] Load Buffer Set Exist
[14:12:02.177] [LeftPPStation] Unload Cylinder Up Error
[14:17:53.278] [RightTransferStation] Move XY Axis Error
[14:18:13.768] [RightTransferStation] Move XY Axis Error
[14:19:00.608] [RightTransferStation] Move XY Axis Error
[14:19:42.068] [RightTransferStation] Move XY Axis Error
[14:22:22.827] [RightTransferStation] Move XY Axis Error
[14:23:09.335] [RightTransferStation] Move XY Axis Error
[14:30:17.342] [RightTransferStation] Move XY Axis Error
[14:31:15.567] [RightTransferStation] Move XY Axis Error
[14:39:22.798] [RightTransferStation] Move XY Axis Error
[14:40:45.399] [RightTransferStation] Move XY Axis Error
[14:59:27.833] [LeftPPStation] Unload Cylinder Up Error
[15:00:05.257] [LeftPPStation] Unload Cylinder Up Error
[15:01:42.854] [LeftPPStation] Unload Cylinder Up Error
[15:02:34.427] [LeftPPStation] Unload Cylinder Up Error
[15:09:58.096] [RightTransferStation] Move XY Axis Error
[15:10:40.756] [RightTransferStation] Move XY Axis Error
[15:15:15.627] [RightTransferStation] Move XY Axis Error
[15:15:43.162] [RightTransferStation] Move XY Axis Error
[15:16:08.432] [RightTransferStation] Move XY Axis Error
[15:17:17.168] [RightTransferStation] Move XY Axis Error
[15:18:42.521] [RightTransferStation] Move XY Axis Error
[15:19:36.966] [RightTransferStation] Move XY Axis Error
[15:24:52.147] [LeftTransferStation] Vacuum Error
[15:33:13.303] [RightTransferStation] Move XY Axis Error
[15:33:47.809] [RightTransferStation] Move XY Axis Error
[15:41:56.773] [RightPPStation] Unload Buffer Set Not Exist
[15:42:43.918] [RightTransferStation] Move XY Axis Error
[15:43:17.939] [RightTransferStation] Move XY Axis Error
[15:43:35.336] [RightTransferStation] Move XY Axis Error
[15:43:59.937] [RightTransferStation] Move XY Axis Error
[15:44:07.057] [RightTransferStation] Unload Buffer Set Exist
[15:53:02.979] [LeftPPStation] Unload Cylinder Up Error
[15:53:18.001] [LeftPPStation] Unload Cylinder Up Error
[15:53:56.082] [LeftPPStation] Unload Cylinder Up Error
[15:54:20.106] [RightTransferStation] Move XY Axis Error
[15:54:33.805] [RightTransferStation] Move XY Axis Error
[15:54:42.146] [LeftPPStation] Unload Cylinder Up Error
[15:55:33.513] [RightTransferStation] Move XY Axis Error
[15:56:16.942] [RightTransferStation] Move XY Axis Error
[15:57:07.025] [RightTransferStation] Move XY Axis Error
[15:57:35.500] [RightTransferStation] Move XY Axis Error
[16:07:22.819] [RightTransferStation] Move XY Axis Error
[16:08:20.309] [RightTransferStation] Move XY Axis Error
[16:16:10.083] [LeftPPStation] Unload Cylinder Up Error
[16:20:36.664] [RightTransferStation] Move XY Axis Error
[16:20:54.317] [RightTransferStation] Move XY Axis Error
[16:30:25.214] [RightTransferStation] Move XY Axis Error
[16:30:41.604] [RightTransferStation] Move XY Axis Error
[16:31:37.798] [RightTransferStation] Move XY Axis Error
[16:32:05.204] [RightTransferStation] Move XY Axis Error
[16:32:08.580] [RightTransferStation] Move XY Axis Error
[16:32:10.644] [RightTransferStation] Move XY Axis Error
[16:32:12.690] [RightTransferStation] Move XY Axis Error
[16:32:14.694] [RightTransferStation] Move XY Axis Error
[16:32:16.652] [RightTransferStation] Move XY Axis Error
[16:32:50.687] [RightTransferStation] Move XY Axis Error
[16:33:37.836] [RightTransferStation] Move XY Axis Error
[16:34:33.989] [RightTransferStation] Move XY Axis Error
[16:44:42.842] [RightTransferStation] Move XY Axis Error
[16:45:16.324] [RightTransferStation] Move XY Axis Error
[16:45:36.612] [RightTransferStation] Move XY Axis Error
[16:46:06.310] [LeftPPStation] Unload Cylinder Up Error
[16:46:18.028] [RightTransferStation] Move XY Axis Error
[16:46:41.958] [LeftPPStation] Unload Cylinder Up Error
[16:47:17.936] [LeftPPStation] Unload Cylinder Up Error
[16:48:14.380] [LeftPPStation] Unload Cylinder Up Error
[16:57:25.662] [RightTransferStation] Move XY Axis Error
[16:57:41.141] [RightTransferStation] Move XY Axis Error
[17:07:45.562] [RightTransferStation] Move XY Axis Error
[17:08:29.354] [RightTransferStation] Move XY Axis Error
[17:08:55.455] [RightTransferStation] Move XY Axis Error
[17:10:07.986] [RightTransferStation] Move XY Axis Error
[17:11:21.470] [RightTransferStation] Move XY Axis Error
[17:11:56.160] [RightTransferStation] Move XY Axis Error
[17:20:15.490] [RightTransferStation] Vacuum Error
[17:20:38.929] [RightTransferStation] Move XY Axis Error
[17:20:57.003] [RightTransferStation] Move XY Axis Error
[17:21:01.458] [RightTransferStation] Move XY Axis Error
[17:21:52.493] [RightTransferStation] Move XY Axis Error
[17:30:57.024] [RightTransferStation] Move XY Axis Error
[17:31:42.018] [RightTransferStation] Move XY Axis Error
[17:32:26.380] [RightTransferStation] Move XY Axis Error
[17:32:56.475] [RightTransferStation] Move XY Axis Error
[17:33:01.146] [RightTransferStation] Move XY Axis Error
[17:33:30.355] [RightTransferStation] Move XY Axis Error
[17:33:32.405] [LeftPPStation] Unload Cylinder Up Error
[17:34:17.721] [RightTransferStation] Move XY Axis Error
[17:34:57.761] [LeftPPStation] Unload Cylinder Up Error
[17:35:05.919] [LeftPPStation] Unload Cylinder Up Error
[17:35:34.092] [LeftPPStation] Unload Cylinder Up Error
[17:37:22.868] [RightTransferStation] Move XY Axis Error
[17:47:26.557] [RightTransferStation] Move XY Axis Error
[17:47:45.455] [RightTransferStation] Move XY Axis Error
[17:47:57.895] [RightTransferStation] Move XY Axis Error
[17:48:22.027] [RightTransferStation] Move XY Axis Error
[17:51:13.799] [RightPPStation] Load Buffer Set Exist
[17:51:29.671] [RightPPStation] Load Buffer Set Exist
[17:51:35.320] [RightPPStation] Load Buffer Set Exist
[17:51:37.447] [RightPPStation] Load Buffer Set Exist
[17:52:04.494] [RightTransferStation] Vacuum Error
[17:52:24.847] [LeftPPStation] Unload Cylinder Up Error
[17:56:04.152] [RightTransferStation] Move XY Axis Error
[17:56:26.203] [RightTransferStation] Move XY Axis Error
[17:58:38.968] [RightTransferStation] Move XY Axis Error
[18:00:21.130] [RightTransferStation] Move XY Axis Error
[18:00:46.157] [RightTransferStation] Move XY Axis Error
[18:03:00.865] [RightTransferStation] Move XY Axis Error
[18:03:27.765] [RightTransferStation] Move XY Axis Error
[18:03:42.746] [RightTransferStation] Move XY Axis Error
[18:05:04.214] [RightTransferStation] Move XY Axis Error
[18:05:09.363] [RightTransferStation] Move XY Axis Error
[18:06:19.958] [RightTransferStation] Move XY Axis Error
[18:06:23.222] [RightTransferStation] Move XY Axis Error
[18:06:28.029] [RightTransferStation] Move XY Axis Error
[18:06:47.791] [RightTransferStation] Move XY Axis Error
[18:09:49.623] [RightTransferStation] Move XY Axis Error
[18:10:05.988] [RightTransferStation] Move XY Axis Error
[18:17:03.001] [RightTransferStation] Move XY Axis Error
[18:17:22.341] [RightTransferStation] Move XY Axis Error
[18:17:24.394] [RightTransferStation] Move XY Axis Error
[18:17:29.269] [RightTransferStation] Move XY Axis Error
[18:17:58.713] [RightTransferStation] Move XY Axis Error
[18:18:01.913] [RightTransferStation] Move XY Axis Error
[18:18:03.790] [RightTransferStation] Move XY Axis Error
[18:18:05.877] [RightTransferStation] Move XY Axis Error
[18:18:16.113] [RightTransferStation] Move XY Axis Error
[18:19:10.374] [RightTransferStation] Move XY Axis Error
[18:22:35.725] [LeftPPStation] Unload Cylinder Up Error
[18:22:45.840] [LeftPPStation] Unload Cylinder Up Error
[18:23:08.937] [LeftPPStation] Unload Cylinder Up Error
[18:23:19.964] [LeftPPStation] Unload Cylinder Up Error
[18:23:52.818] [LeftPPStation] Unload Cylinder Up Error
[18:24:46.645] [LeftPPStation] Unload Cylinder Up Error
[18:24:55.271] [LeftPPStation] Unload Cylinder Vacuum Error
[18:25:57.238] [LeftPPStation] Unload Cylinder Up Error
[18:26:16.423] [LeftPPStation] Unload Cylinder Up Error
[18:26:22.623] [LeftPPStation] Unload Cylinder Vacuum Error
[18:28:37.672] [LeftPPStation] Unload Cylinder Up Error
[18:28:47.453] [LeftPPStation] Unload Cylinder Vacuum Error
[18:29:16.079] [LeftPPStation] Unload Cylinder Up Error
[18:35:54.809] [RightPPStation] Unload Buffer Set Not Exist
[20:22:16.204] [MainControlStation] Right Door Open
[21:27:26.066] [MainControlStation] Left Door Open
