[00:07:34.576] ---- [Flow] CT_START Set
[00:07:40.133] ---- [Flow] CT_START Set
[00:15:32.544] ---- [Flow] CT_START Set
[00:15:35.039] ---- [Flow] CT_START Set
[00:36:33.641] ---- [Flow] CT_START Set
[00:37:37.491] ---- [Flow] CT_START Set
[00:39:48.743] ---- [Flow] CT_START Set
[00:45:01.571] ---- [Flow] CT_START Set
[00:47:17.127] ---- [Flow] CT_START Set
[00:47:37.215] ---- [Flow] CT_START Set
[00:48:19.726] ---- [Flow] CT_START Set
[00:48:23.649] ---- [Flow] CT_START Set
[00:48:38.103] ---- [Flow] CT_START Set
[00:51:24.979] ---- [Flow] CT_START Set
[00:53:08.773] ---- [Flow] CT_START Set
[00:53:22.202] ---- [Flow] CT_START Set
[00:56:19.077] ---- [Flow] CT_START Set
[01:10:57.769] ---- [Flow] CT_START Set
[01:14:57.298] ---- [Flow] CT_START Set
[01:33:49.828] ---- [Flow] CT_START Set
[01:48:07.020] ---- [Flow] CT_START Set
[01:58:41.444] ---- [Flow] CT_START Set
[01:59:25.328] ---- [Flow] CT_START Set
[01:59:25.613] ---- [Flow] CT_START Set
[01:59:28.676] ---- [Flow] CT_START Set
[02:18:12.584] ---- [Flow] CT_START Set
[02:27:39.906] ---- [Flow] CT_START Set
[02:27:57.464] ---- [Flow] CT_START Set
[02:44:29.026] ---- [Flow] CT_START Set
[02:44:56.691] ---- [Flow] CT_START Set
[02:45:45.059] ---- [Flow] CT_START Set
[03:14:33.219] ---- [Flow] CT_START Set
[03:27:37.812] ---- [Flow] CT_START Set
[03:29:09.355] ---- [Flow] CT_START Set
[03:29:10.208] ---- [Flow] CT_START Set
[03:29:10.978] ---- [Flow] CT_START Set
[03:29:11.359] ---- [Flow] CT_START Set
[03:29:57.034] ---- [Flow] CT_START Set
[03:29:59.538] ---- [Flow] CT_START Set
[03:30:09.030] ---- [Flow] CT_START Set
[03:30:11.516] ---- [Flow] CT_START Set
[03:31:46.358] ---- [Flow] CT_START Set
[03:32:00.729] ---- [Flow] CT_START Set
[03:32:07.448] ---- [Flow] CT_START Set
[03:32:08.940] ---- [Flow] CT_START Set
[03:32:12.582] ---- [Flow] CT_START Set
[03:37:32.517] ---- [Flow] CT_START Set
[03:48:04.549] ---- [Flow] CT_START Set
[03:51:25.844] ---- [Flow] CT_START Set
[03:55:36.195] ---- [Flow] CT_START Set
[04:00:19.834] ---- [Flow] CT_START Set
[04:00:53.777] ---- [Flow] CT_START Set
[04:01:56.385] ---- [Flow] CT_START Set
[04:33:00.312] ---- [Flow] CT_START Set
[04:38:54.388] ---- [Flow] CT_START Set
[04:51:03.294] ---- [Flow] CT_START Set
[04:51:08.113] ---- [Flow] CT_START Set
[05:12:59.265] ---- [Flow] CT_START Set
[05:21:03.788] ---- [Flow] CT_START Set
[05:34:41.636] ---- [Flow] CT_START Set
[05:34:42.271] ---- [Flow] CT_START Set
[05:34:44.510] ---- [Flow] CT_START Set
[05:37:41.248] ---- [Flow] CT_START Set
[05:52:19.162] ---- [Flow] CT_START Set
[06:01:05.460] ---- [Flow] CT_START Set
[06:01:06.415] ---- [Flow] CT_START Set
[06:03:30.669] ---- [Flow] CT_START Set
[06:04:44.888] ---- [Flow] CT_START Set
[06:04:56.882] ---- [Flow] CT_START Set
[06:04:57.030] ---- [Flow] CT_START Set
[06:04:58.495] ---- [Flow] CT_START Set
[06:06:30.942] ---- [Flow] CT_START Set
[06:07:30.064] ---- [Flow] CT_START Set
[06:07:32.215] ---- [Flow] CT_START Set
[06:07:34.824] ---- [Flow] CT_START Set
[06:07:38.739] ---- [Flow] CT_START Set
[06:07:43.914] ---- [Flow] CT_START Set
[06:07:52.464] ---- [Flow] CT_START Set
[06:12:12.799] ---- [Flow] CT_START Set
[06:12:13.372] ---- [Flow] CT_START Set
[06:12:14.889] ---- [Flow] CT_START Set
[06:12:17.700] ---- [Flow] CT_START Set
[06:12:26.580] ---- [Flow] CT_START Set
[06:12:27.484] ---- [Flow] CT_START Set
[06:14:32.842] ---- [Flow] CT_START Set
[06:14:34.000] ---- [Flow] CT_START Set
[06:19:03.904] ---- [Flow] CT_START Set
[06:19:04.512] ---- [Flow] CT_START Set
[06:19:08.309] ---- [Flow] CT_START Set
[06:19:09.288] ---- [Flow] CT_START Set
[06:22:00.769] ---- [Flow] CT_START Set
[06:22:01.325] ---- [Flow] CT_START Set
[06:22:03.991] ---- [Flow] CT_START Set
[06:29:45.605] ---- [Flow] CT_START Set
[06:33:00.916] ---- [Flow] CT_START Set
[06:33:19.802] ---- [Flow] CT_START Set
[06:34:01.679] ---- [Flow] CT_STOP Set
[06:34:01.701] ---- [Event] Auto : CT_STOP
[06:34:01.701] --------- [Monitor] StopTasks() : before m_stopped
[06:34:01.741] ---- [Flow] CT_STOP Set
[06:34:01.800] --------- [Monitor] StopTasks() : m_stopped
[06:34:01.800] [m_nState] AutoStop State
[06:34:01.831] ---- [Flow] CT_STOP Set
[06:46:49.301] ---- [Flow] CT_START Set
[06:46:49.322] ---- [Event] AutoStop : CT_START
[06:46:49.322] [m_nState] Auto State
[06:46:50.689] ---- [Flow] CT_START Set
[06:47:03.217] ---- [Flow] CT_START Set
[06:47:10.975] ---- [Flow] CT_START Set
[06:48:53.426] ---- [Flow] CT_STOP Set
[06:48:53.447] ---- [Event] Auto : CT_STOP
[06:48:53.447] --------- [Monitor] StopTasks() : before m_stopped
[06:48:54.781] --------- [Monitor] StopTasks() : m_stopped
[06:48:54.781] [m_nState] AutoStop State
[06:50:24.158] ---- [Flow] CT_START Set
[06:50:24.180] ---- [Event] AutoStop : CT_START
[06:50:24.180] [m_nState] Auto State
[06:51:12.331] ---- [Flow] CT_ABORT Set
[06:51:12.382] [m_nState] Init State
[06:51:12.625] ---- [Monitor] Init : m_idle
[06:51:12.646] ---- [Event] Init : CT_IDLE
[06:51:12.646] [m_nState] Idle State
[06:54:26.983] ---- [Flow] CT_START Set
[06:54:27.005] ---- [Event] Idle : CT_START
[06:54:27.005] [m_nState] Auto State
[06:54:43.472] ---- [Flow] CT_START Set
[06:54:44.221] ---- [Flow] CT_STOP Set
[06:54:44.243] ---- [Event] Auto : CT_STOP
[06:54:44.243] --------- [Monitor] StopTasks() : before m_stopped
[06:54:44.244] --------- [Monitor] StopTasks() : m_stopped
[06:54:44.244] [m_nState] AutoStop State
[06:54:44.274] ---- [Flow] CT_STOP Set
[06:54:44.310] ---- [Flow] CT_STOP Set
[06:54:58.173] ---- [Flow] CT_START Set
[06:54:58.194] ---- [Event] AutoStop : CT_START
[06:54:58.194] [m_nState] Auto State
[06:56:43.237] ---- [Flow] CT_START Set
[07:35:17.389] ---- [Flow] CT_START Set
[07:35:17.559] ---- [Flow] CT_START Set
[07:35:17.666] ---- [Flow] CT_START Set
[07:35:22.766] ---- [Flow] CT_START Set
[07:35:22.937] ---- [Flow] CT_START Set
[07:35:28.820] ---- [Flow] CT_START Set
[07:35:29.082] ---- [Flow] CT_START Set
[07:35:30.019] ---- [Flow] CT_START Set
[07:35:35.258] ---- [Flow] CT_START Set
[07:55:54.296] ---- [Flow] CT_START Set
[07:55:54.544] ---- [Flow] CT_START Set
[07:55:54.850] ---- [Flow] CT_START Set
[07:56:01.965] ---- [Flow] CT_START Set
[07:56:02.250] ---- [Flow] CT_START Set
[07:56:03.137] ---- [Flow] CT_START Set
[07:56:03.406] ---- [Flow] CT_START Set
[07:56:04.146] ---- [Flow] CT_START Set
[07:56:17.190] ---- [Flow] CT_START Set
[07:56:17.484] ---- [Flow] CT_START Set
[07:56:19.434] ---- [Flow] CT_START Set
[07:56:20.346] ---- [Flow] CT_START Set
[07:56:31.493] ---- [Flow] CT_START Set
[07:56:31.767] ---- [Flow] CT_START Set
[07:56:34.176] ---- [Flow] CT_START Set
[07:56:34.577] ---- [Flow] CT_START Set
[07:56:34.925] ---- [Flow] CT_START Set
[07:56:36.129] ---- [Flow] CT_START Set
[07:56:36.914] ---- [Flow] CT_START Set
[07:56:50.880] ---- [Flow] CT_START Set
[07:56:51.540] ---- [Flow] CT_START Set
[07:56:51.802] ---- [Flow] CT_START Set
[08:03:17.951] ---- [Flow] CT_START Set
[08:03:18.235] ---- [Flow] CT_START Set
[08:03:18.476] ---- [Flow] CT_START Set
[08:03:20.056] ---- [Flow] CT_START Set
[08:03:21.053] ---- [Flow] CT_START Set
[08:03:21.784] ---- [Flow] CT_START Set
[08:03:22.131] ---- [Flow] CT_START Set
[08:03:23.325] ---- [Flow] CT_START Set
[08:03:23.766] ---- [Flow] CT_START Set
[08:03:24.166] ---- [Flow] CT_START Set
[08:03:24.891] ---- [Flow] CT_START Set
[08:03:25.552] ---- [Flow] CT_START Set
[08:03:25.849] ---- [Flow] CT_START Set
[08:03:26.613] ---- [Flow] CT_START Set
[08:03:28.053] ---- [Flow] CT_START Set
[08:03:38.948] ---- [Flow] CT_START Set
[08:03:39.260] ---- [Flow] CT_START Set
[08:03:39.537] ---- [Flow] CT_START Set
[08:03:39.838] ---- [Flow] CT_START Set
[08:06:26.015] ---- [Flow] CT_START Set
[08:06:26.438] ---- [Flow] CT_START Set
[08:06:26.729] ---- [Flow] CT_START Set
[08:06:27.421] ---- [Flow] CT_START Set
[08:06:28.521] ---- [Flow] CT_START Set
[08:06:28.780] ---- [Flow] CT_START Set
[08:06:29.675] ---- [Flow] CT_START Set
[08:06:41.694] ---- [Flow] CT_START Set
[08:06:41.996] ---- [Flow] CT_START Set
[08:13:57.719] ---- [Flow] CT_START Set
[08:13:58.266] ---- [Flow] CT_START Set
[08:13:58.538] ---- [Flow] CT_START Set
[08:20:41.612] ---- [Flow] CT_START Set
[08:20:42.143] ---- [Flow] CT_START Set
[08:20:42.432] ---- [Flow] CT_START Set
[08:20:45.410] ---- [Flow] CT_START Set
[08:20:45.794] ---- [Flow] CT_START Set
[08:20:46.892] ---- [Flow] CT_START Set
[08:20:47.301] ---- [Flow] CT_START Set
[08:20:47.603] ---- [Flow] CT_START Set
[08:20:58.601] ---- [Flow] CT_START Set
[08:21:00.329] ---- [Flow] CT_START Set
[08:24:52.743] ---- [Flow] CT_START Set
[08:24:53.245] ---- [Flow] CT_START Set
[08:24:53.542] ---- [Flow] CT_START Set
[08:26:35.048] ---- [Flow] CT_START Set
[08:26:35.382] ---- [Flow] CT_START Set
[08:26:35.757] ---- [Flow] CT_START Set
[08:26:36.437] ---- [Flow] CT_START Set
[08:35:28.493] ---- [Flow] CT_START Set
[08:35:28.815] ---- [Flow] CT_START Set
[08:35:29.636] ---- [Flow] CT_START Set
[08:35:29.932] ---- [Flow] CT_START Set
[08:35:36.114] ---- [Flow] CT_START Set
[08:38:52.011] ---- [Flow] CT_START Set
[08:43:45.387] ---- [Flow] CT_START Set
[08:43:45.722] ---- [Flow] CT_START Set
[08:43:45.899] ---- [Flow] CT_START Set
[08:43:46.072] ---- [Flow] CT_START Set
[08:45:00.016] ---- [Flow] CT_START Set
[08:45:00.272] ---- [Flow] CT_START Set
[08:45:01.100] ---- [Flow] CT_START Set
[08:45:01.409] ---- [Flow] CT_START Set
[08:45:02.196] ---- [Flow] CT_START Set
[08:45:11.572] ---- [Flow] CT_START Set
[08:45:11.874] ---- [Flow] CT_START Set
[08:45:12.150] ---- [Flow] CT_START Set
[08:45:12.360] ---- [Flow] CT_START Set
[08:51:06.745] ---- [Flow] CT_START Set
[08:51:49.725] ---- [Flow] CT_START Set
[09:02:52.698] ---- [Flow] CT_START Set
[09:02:53.042] ---- [Flow] CT_START Set
[09:02:53.321] ---- [Flow] CT_START Set
[09:08:13.796] ---- [Flow] CT_START Set
[09:10:49.352] ---- [Flow] CT_START Set
[09:14:09.855] ---- [Flow] CT_START Set
[09:19:14.299] ---- [Flow] CT_START Set
[09:28:52.787] ---- [Flow] CT_STOP Set
[09:28:52.809] ---- [Event] Auto : CT_STOP
[09:28:52.809] --------- [Monitor] StopTasks() : before m_stopped
[09:28:53.469] --------- [Monitor] StopTasks() : m_stopped
[09:28:53.469] [m_nState] AutoStop State
[09:38:37.715] ---- [Flow] CT_START Set
[09:38:37.736] ---- [Event] AutoStop : CT_START
[09:38:37.736] [m_nState] Auto State
[09:38:38.344] ---- [Flow] CT_START Set
[10:04:55.190] ---- [Flow] CT_START Set
[10:04:55.512] ---- [Flow] CT_START Set
[10:08:13.081] ---- [Flow] CT_START Set
[10:08:13.374] ---- [Flow] CT_START Set
[10:18:40.986] ---- [Flow] CT_START Set
[10:18:41.515] ---- [Flow] CT_START Set
[10:18:41.740] ---- [Flow] CT_START Set
[10:18:41.930] ---- [Flow] CT_START Set
[10:20:10.204] ---- [Flow] CT_START Set
[10:20:10.422] ---- [Flow] CT_START Set
[10:45:26.521] ---- [Flow] CT_START Set
[10:46:29.346] ---- [Flow] CT_START Set
[10:46:29.673] ---- [Flow] CT_START Set
[11:59:51.150] ---- [Flow] CT_START Set
[12:00:27.278] ---- [Flow] CT_START Set
[12:01:27.849] ---- [Flow] CT_START Set
[12:49:01.389] ---- [Flow] CT_START Set
[12:49:01.872] ---- [Flow] CT_START Set
[12:49:02.171] ---- [Flow] CT_START Set
[12:49:02.405] ---- [Flow] CT_START Set
[12:53:27.266] ---- [Flow] CT_START Set
[13:15:32.834] ---- [Flow] CT_START Set
[13:15:46.437] ---- [Flow] CT_START Set
[13:21:59.901] ---- [Flow] CT_STOP Set
[13:21:59.923] ---- [Event] Auto : CT_STOP
[13:21:59.923] --------- [Monitor] StopTasks() : before m_stopped
[13:22:00.023] ---- [Flow] CT_STOP Set
[13:22:01.229] --------- [Monitor] StopTasks() : m_stopped
[13:22:01.229] [m_nState] AutoStop State
[13:22:01.880] ---- [Flow] CT_START Set
[13:22:01.901] ---- [Event] AutoStop : CT_START
[13:22:01.901] [m_nState] Auto State
[13:22:02.539] ---- [Flow] CT_START Set
[13:42:27.526] ---- [Flow] CT_START Set
[13:42:28.177] ---- [Flow] CT_START Set
[13:42:28.472] ---- [Flow] CT_START Set
[13:46:48.565] ---- [Flow] CT_START Set
[13:49:57.186] ---- [Flow] CT_START Set
[14:01:45.805] ---- [Flow] CT_START Set
[14:01:46.169] ---- [Flow] CT_START Set
[14:01:46.459] ---- [Flow] CT_START Set
[14:11:46.595] ---- [Flow] CT_START Set
[14:11:47.211] ---- [Flow] CT_START Set
[14:11:47.469] ---- [Flow] CT_START Set
[14:14:19.983] ---- [Flow] CT_START Set
[14:29:16.111] ---- [Flow] CT_STOP Set
[14:29:16.134] ---- [Event] Auto : CT_STOP
[14:29:16.134] --------- [Monitor] StopTasks() : before m_stopped
[14:29:16.206] ---- [Flow] CT_STOP Set
[14:29:16.222] --------- [Monitor] StopTasks() : m_stopped
[14:29:16.222] [m_nState] AutoStop State
[14:38:15.528] ---- [Flow] CT_START Set
[14:38:15.550] ---- [Event] AutoStop : CT_START
[14:38:15.550] [m_nState] Auto State
[14:38:18.914] ---- [Flow] CT_START Set
[16:09:02.566] ---- [Flow] CT_STOP Set
[16:09:02.588] ---- [Event] Auto : CT_STOP
[16:09:02.588] --------- [Monitor] StopTasks() : before m_stopped
[16:09:02.601] --------- [Monitor] StopTasks() : m_stopped
[16:09:02.601] [m_nState] AutoStop State
[16:17:14.828] ---- [Flow] CT_START Set
[16:17:14.850] ---- [Event] AutoStop : CT_START
[16:17:14.850] [m_nState] Auto State
[16:17:15.593] ---- [Flow] CT_START Set
[16:37:42.063] ---- [Flow] CT_START Set
[16:52:38.178] ---- [Flow] CT_START Set
[17:30:18.978] ---- [Flow] CT_START Set
[17:58:36.598] ---- [Flow] CT_START Set
[18:03:44.963] ---- [Flow] CT_START Set
[18:24:31.725] ---- [Flow] CT_START Set
[18:43:17.128] ---- [Flow] CT_START Set
[18:43:24.205] ---- [Flow] CT_START Set
[19:08:28.912] ---- [Flow] CT_START Set
[19:08:45.748] ---- [Flow] CT_START Set
[19:08:53.954] ---- [Flow] CT_START Set
[19:11:43.973] ---- [Flow] CT_START Set
[19:15:06.465] ---- [Flow] CT_START Set
[19:15:14.375] ---- [Flow] CT_START Set
[19:33:28.484] ---- [Flow] CT_STOP Set
[19:33:28.506] ---- [Event] Auto : CT_STOP
[19:33:28.506] --------- [Monitor] StopTasks() : before m_stopped
[19:33:28.582] --------- [Monitor] StopTasks() : m_stopped
[19:33:28.582] [m_nState] AutoStop State
[19:59:31.482] ---- [Flow] CT_START Set
[19:59:31.504] ---- [Event] AutoStop : CT_START
[19:59:31.504] [m_nState] Auto State
[19:59:34.330] ---- [Flow] CT_START Set
[20:55:01.608] ---- [Flow] CT_START Set
[20:55:13.936] ---- [Flow] CT_START Set
[21:27:29.832] ---- [Flow] CT_START Set
[21:27:30.563] ---- [Flow] CT_START Set
[21:27:32.251] ---- [Flow] CT_START Set
[21:31:37.404] ---- [Flow] CT_START Set
[21:31:38.424] ---- [Flow] CT_START Set
[21:35:50.078] ---- [Flow] CT_START Set
[21:40:20.363] ---- [Flow] CT_START Set
[21:40:21.331] ---- [Flow] CT_START Set
[21:59:30.101] ---- [Flow] CT_START Set
[21:59:30.465] ---- [Flow] CT_START Set
[21:59:31.360] ---- [Flow] CT_START Set
[21:59:36.771] ---- [Flow] CT_START Set
[22:10:44.218] ---- [Flow] CT_START Set
[22:53:14.170] ---- [Flow] CT_START Set
[22:53:15.209] ---- [Flow] CT_START Set
[22:54:44.438] ---- [Flow] CT_START Set
[22:54:45.375] ---- [Flow] CT_START Set
[22:58:20.201] ---- [Flow] CT_START Set
[22:58:21.033] ---- [Flow] CT_START Set
[23:12:43.383] ---- [Flow] CT_START Set
[23:12:44.227] ---- [Flow] CT_START Set
[23:25:38.894] ---- [Flow] CT_START Set
