[06:47:30.378] ---- [Flow] CT_STOP Set
[06:47:30.413] ---- [Flow] CT_STOP Set
[06:47:30.507] ---- [Flow] CT_STOP Set
[06:47:30.538] ---- [Flow] CT_STOP Set
[06:47:31.253] ---- [Flow] CT_STOP Set
[06:47:31.285] ---- [Flow] CT_STOP Set
[06:47:31.329] ---- [Flow] CT_STOP Set
[06:47:31.405] ---- [Flow] CT_STOP Set
[10:12:52.766] ---- [Flow] CT_START Set
[10:12:52.787] ---- [Event] Idle : CT_START
[10:12:52.787] [m_nState] Auto State
[10:12:59.080] ---- [Flow] CT_STOP Set
[10:12:59.102] ---- [Event] Auto : CT_STOP
[10:12:59.102] --------- [Monitor] StopTasks() : before m_stopped
[10:12:59.137] ---- [Flow] CT_STOP Set
[10:12:59.153] --------- [Monitor] StopTasks() : m_stopped
[10:12:59.153] [m_nState] AutoStop State
[10:12:59.168] ---- [Flow] CT_STOP Set
[10:12:59.199] ---- [Flow] CT_STOP Set
[10:12:59.232] ---- [Flow] CT_STOP Set
[10:43:17.409] ---- [Flow] CT_START Set
[10:43:17.431] ---- [Event] AutoStop : CT_START
[10:43:17.431] [m_nState] Auto State
[10:43:18.024] ---- [Flow] CT_START Set
[12:40:17.664] ---- [Flow] CT_STOP Set
[12:40:17.686] ---- [Event] Auto : CT_STOP
[12:40:17.686] --------- [Monitor] StopTasks() : before m_stopped
[12:40:17.701] --------- [Monitor] StopTasks() : m_stopped
[12:40:17.701] [m_nState] AutoStop State
[12:40:28.191] ---- [Flow] CT_ABORT Set
[12:40:28.241] [m_nState] Init State
[12:40:28.302] ---- [Monitor] Init : m_idle
[12:40:28.323] ---- [Event] Init : CT_IDLE
[12:40:28.323] [m_nState] Idle State
[12:41:53.462] ---- [Flow] CT_START Set
[12:41:53.484] ---- [Event] Idle : CT_START
[12:41:53.484] [m_nState] Auto State
[12:41:54.017] ---- [Flow] CT_START Set
[12:54:34.806] ---- [Flow] CT_STOP Set
[12:54:34.828] ---- [Event] Auto : CT_STOP
[12:54:34.828] --------- [Monitor] StopTasks() : before m_stopped
[12:54:34.905] --------- [Monitor] StopTasks() : m_stopped
[12:54:34.905] [m_nState] AutoStop State
[13:13:25.769] ---- [Flow] CT_START Set
[13:13:25.790] ---- [Event] AutoStop : CT_START
[13:13:25.790] [m_nState] Auto State
[13:15:03.171] ---- [Flow] CT_START Set
[13:18:11.306] ---- [Flow] CT_START Set
[13:42:36.286] ---- [Flow] CT_START Set
[13:42:36.620] ---- [Flow] CT_START Set
[13:42:37.440] ---- [Flow] CT_START Set
[13:42:37.761] ---- [Flow] CT_START Set
[13:42:38.370] ---- [Flow] CT_START Set
[13:42:39.222] ---- [Flow] CT_START Set
[13:42:39.970] ---- [Flow] CT_START Set
[13:42:40.270] ---- [Flow] CT_START Set
[13:42:41.208] ---- [Flow] CT_START Set
[13:42:42.978] ---- [Flow] CT_START Set
[13:45:20.680] ---- [Flow] CT_STOP Set
[13:45:20.701] ---- [Event] Auto : CT_STOP
[13:45:20.701] --------- [Monitor] StopTasks() : before m_stopped
[13:45:20.756] --------- [Monitor] StopTasks() : m_stopped
[13:45:20.756] [m_nState] AutoStop State
[13:45:21.070] ---- [Flow] CT_STOP Set
[13:45:21.108] ---- [Flow] CT_STOP Set
[14:25:18.610] ---- [Flow] CT_START Set
[14:25:18.631] ---- [Event] AutoStop : CT_START
[14:25:18.631] [m_nState] Auto State
[14:25:19.090] ---- [Flow] CT_START Set
[14:33:39.338] ---- [Flow] CT_START Set
[14:33:50.709] ---- [Flow] CT_STOP Set
[14:33:50.731] ---- [Event] Auto : CT_STOP
[14:33:50.731] --------- [Monitor] StopTasks() : before m_stopped
[14:33:50.757] --------- [Monitor] StopTasks() : m_stopped
[14:33:50.757] [m_nState] AutoStop State
[14:33:55.932] ---- [Flow] CT_START Set
[14:33:55.953] ---- [Event] AutoStop : CT_START
[14:33:55.953] [m_nState] Auto State
[14:33:56.377] ---- [Flow] CT_START Set
[14:33:57.877] ---- [Flow] CT_START Set
[14:34:05.632] ---- [Flow] CT_START Set
[16:11:49.624] ---- [Flow] CT_START Set
[16:12:45.590] ---- [Flow] CT_START Set
[16:13:00.940] ---- [Flow] CT_START Set
[16:13:03.453] ---- [Flow] CT_START Set
[16:20:24.588] ---- [Flow] CT_STOP Set
[16:20:24.610] ---- [Event] Auto : CT_STOP
[16:20:24.610] --------- [Monitor] StopTasks() : before m_stopped
[16:20:25.496] --------- [Monitor] StopTasks() : m_stopped
[16:20:25.496] [m_nState] AutoStop State
[16:27:20.562] ---- [Flow] CT_START Set
[16:27:20.583] ---- [Event] AutoStop : CT_START
[16:27:20.583] [m_nState] Auto State
[16:29:04.285] ---- [Flow] CT_STOP Set
[16:29:04.307] ---- [Event] Auto : CT_STOP
[16:29:04.307] --------- [Monitor] StopTasks() : before m_stopped
[16:29:04.307] --------- [Monitor] StopTasks() : m_stopped
[16:29:04.307] [m_nState] AutoStop State
[16:29:04.320] ---- [Flow] CT_STOP Set
[16:29:04.380] ---- [Flow] CT_STOP Set
[16:29:20.943] ---- [Flow] CT_START Set
[16:29:20.964] ---- [Event] AutoStop : CT_START
[16:29:20.964] [m_nState] Auto State
[16:29:21.842] ---- [Flow] CT_START Set
[16:51:45.601] ---- [Flow] CT_STOP Set
[16:51:45.623] ---- [Event] Auto : CT_STOP
[16:51:45.623] --------- [Monitor] StopTasks() : before m_stopped
[16:51:45.649] --------- [Monitor] StopTasks() : m_stopped
[16:51:45.649] [m_nState] AutoStop State
