[06:59:56.634] ---- [Flow] CT_START Set
[06:59:56.657] ---- [Event] AutoStop : CT_START
[06:59:56.658] [m_nState] Auto State
[06:59:57.568] ---- [Flow] CT_START Set
[13:08:55.949] ---- [Flow] CT_START Set
[15:24:42.578] ---- [Flow] CT_STOP Set
[15:24:42.601] ---- [Event] Auto : CT_STOP
[15:24:42.602] --------- [Monitor] StopTasks() : before m_stopped
[15:24:42.636] ---- [Flow] CT_STOP Set
[15:24:42.915] --------- [Monitor] StopTasks() : m_stopped
[15:24:42.916] [m_nState] AutoStop State
[15:24:43.612] ---- [Flow] CT_START Set
[15:24:43.635] ---- [Event] AutoStop : CT_START
[15:24:43.636] [m_nState] Auto State
[15:24:49.808] ---- [Flow] CT_START Set
[15:26:41.020] ---- [Flow] CT_START Set
[15:31:26.853] ---- [Flow] CT_START Set
[15:40:02.401] ---- [Flow] CT_START Set
[15:40:13.223] ---- [Flow] CT_START Set
[15:43:59.169] ---- [Flow] CT_START Set
[15:44:41.463] ---- [Flow] CT_START Set
[16:10:31.266] ---- [Flow] CT_STOP Set
[16:10:31.288] ---- [Event] Auto : CT_STOP
[16:10:31.289] --------- [Monitor] StopTasks() : before m_stopped
[16:10:31.381] ---- [Flow] CT_STOP Set
[16:10:31.428] --------- [Monitor] StopTasks() : m_stopped
[16:10:31.429] [m_nState] AutoStop State
[20:01:52.275] ---- [Flow] CT_START Set
[20:01:52.297] ---- [Event] AutoStop : CT_START
[20:01:52.298] [m_nState] Auto State
[20:01:53.022] ---- [Flow] CT_START Set
[20:05:07.640] ---- [Flow] CT_START Set
[20:05:09.562] ---- [Flow] CT_START Set
[20:05:15.943] ---- [Flow] CT_START Set
[20:20:17.932] ---- [Flow] CT_STOP Set
[20:20:17.954] ---- [Event] Auto : CT_STOP
[20:20:17.955] --------- [Monitor] StopTasks() : before m_stopped
[20:20:18.048] --------- [Monitor] StopTasks() : m_stopped
[20:20:18.049] [m_nState] AutoStop State
[20:24:30.579] ---- [Flow] CT_START Set
[20:24:30.602] ---- [Event] AutoStop : CT_START
[20:24:30.603] [m_nState] Auto State
[20:24:31.611] ---- [Flow] CT_START Set
[21:06:19.995] ---- [Flow] CT_START Set
[21:08:28.769] ---- [Flow] CT_START Set
[21:10:26.938] ---- [Flow] CT_START Set
[22:05:52.706] ---- [Flow] CT_STOP Set
[22:05:52.729] ---- [Event] Auto : CT_STOP
[22:05:52.730] --------- [Monitor] StopTasks() : before m_stopped
[22:05:53.054] --------- [Monitor] StopTasks() : m_stopped
[22:05:53.055] [m_nState] AutoStop State
[22:05:59.540] ---- [Flow] CT_START Set
[22:05:59.563] ---- [Event] AutoStop : CT_START
[22:05:59.564] [m_nState] Auto State
[22:06:00.146] ---- [Flow] CT_START Set
