[01:15:58.623] [RightPPStation] Load Cylinder Up Error
[01:16:13.927] [RightPPStation] Load Cylinder Up Error
[01:16:24.951] [RightPPStation] Load Cylinder Up Error
[01:16:57.855] [RightPPStation] Load Cylinder Up Error
[01:17:22.143] [RightPPStation] Load Cylinder Vacuum Error
[01:17:49.541] [RightPPStation] Load Cylinder Up Error
[01:17:58.484] [RightPPStation] Load Cylinder Up Error
[01:18:20.177] [RightPPStation] Load Cylinder Vacuum Error
[01:19:22.651] [RightPPStation] Load Cylinder Up Error
[01:21:43.433] [RightPPStation] Load Cylinder Vacuum Error
[01:23:06.801] [RightPPStation] Load Cylinder Up Error
[01:26:05.200] [RightPPStation] Load Cylinder Vacuum Error
[02:06:08.880] [RightTransferStation] Move XY Axis Error
[02:06:29.495] [RightTransferStation] Move XY Axis Error
[02:16:14.833] [RightPPStation] Load Cylinder Up Error
[02:16:20.448] [RightPPStation] Load Cylinder Vacuum Error
[02:31:21.299] [RightPPStation] Load Cylinder Up Error
[02:31:31.570] [RightPPStation] Load Cylinder Vacuum Error
[02:31:53.589] [RightPPStation] Load Cylinder Up Error
[02:41:17.236] [MainControlStation] E-Stop Pressed
[02:52:35.753] [RightTransferStation] Unload Buffer Set Exist
[03:31:41.633] [RightTransferStation] Vacuum Error
[07:02:20.964] [RightTransferStation] Move XY Axis Error
[07:02:42.236] [RightTransferStation] Move XY Axis Error
[07:04:46.519] [LeftTransferStation] Move XY Axis Error
[07:37:15.145] [RightTransferStation] Move XY Axis Error
[07:37:26.673] [RightTransferStation] Move XY Axis Error
[09:14:10.490] [RightPPStation] Load Cylinder Vacuum Error
[09:54:38.134] [LeftPPStation] Load Cylinder Up Error
[09:54:44.510] [LeftPPStation] Load Cylinder Vacuum Error
[09:57:45.674] [LeftPPStation] Load Cylinder Up Error
[10:00:15.767] [RightTransferStation] Move XY Axis Error
[10:00:26.890] [RightTransferStation] Move XY Axis Error
[10:18:29.739] [LeftPPStation] Load Cylinder Up Error
[10:18:38.817] [LeftPPStation] Load Cylinder Vacuum Error
[10:29:41.042] [LeftPPStation] Load Cylinder Up Error
[10:29:48.687] [LeftPPStation] Load Cylinder Vacuum Error
[10:48:11.419] [RightPPStation] Load Cylinder Up Error
[10:48:23.235] [RightPPStation] Load Cylinder Vacuum Error
[11:02:33.330] [RightTransferStation] Move XY Axis Error
[11:26:18.297] [LeftTransferStation] Vacuum Error
[11:51:36.211] [RightTransferStation] Move XY Axis Error
[11:51:48.669] [RightTransferStation] Move XY Axis Error
[12:21:23.889] [RightTransferStation] Move XY Axis Error
[12:46:16.173] [RightTransferStation] Move XY Axis Error
[12:46:57.488] [RightTransferStation] Move XY Axis Error
[13:05:44.426] [RightTransferStation] Move XY Axis Error
[13:06:00.248] [RightTransferStation] Move XY Axis Error
[13:08:54.590] [RightTransferStation] Move XY Axis Error
[13:09:06.945] [RightTransferStation] Move XY Axis Error
[13:26:52.114] [LeftPPStation] Unload Cylinder Vacuum Error
[13:41:03.409] [RightTransferStation] Move XY Axis Error
[13:41:26.556] [RightTransferStation] Move XY Axis Error
[13:42:21.511] [RightTransferStation] Move XY Axis Error
[13:42:29.232] [LeftPPStation] Load Cylinder Up Error
[13:42:34.196] [RightTransferStation] Move XY Axis Error
[13:42:37.354] [RightTransferStation] Move XY Axis Error
[13:42:39.169] [RightTransferStation] Move XY Axis Error
[13:42:50.710] [RightTransferStation] Move XY Axis Error
[13:45:03.217] [RightTransferStation] Move XY Axis Error
[13:45:12.242] [RightTransferStation] Move XY Axis Error
[13:45:14.166] [RightTransferStation] Move XY Axis Error
[13:48:41.092] [RightTransferStation] Move XY Axis Error
[13:48:54.281] [RightTransferStation] Move XY Axis Error
[13:50:52.309] [RightTransferStation] Move XY Axis Error
[13:51:41.239] [RightTransferStation] Move XY Axis Error
[14:00:34.522] [RightTransferStation] Move XY Axis Error
[14:01:05.611] [RightTransferStation] Move XY Axis Error
[14:01:57.312] [RightTransferStation] Move XY Axis Error
[14:02:24.831] [RightTransferStation] Move XY Axis Error
[14:14:29.590] [RightTransferStation] Move XY Axis Error
[14:14:51.984] [RightTransferStation] Move XY Axis Error
[14:21:43.698] [RightTransferStation] Move XY Axis Error
[14:21:55.531] [RightTransferStation] Move XY Axis Error
[14:38:44.750] [RightTransferStation] Move XY Axis Error
[14:39:16.133] [RightTransferStation] Move XY Axis Error
[14:39:43.811] [RightTransferStation] Move XY Axis Error
[14:40:15.152] [RightTransferStation] Move XY Axis Error
[14:45:06.920] [RightTransferStation] Move XY Axis Error
[14:45:36.801] [RightTransferStation] Move XY Axis Error
[14:46:50.914] [RightTransferStation] Move XY Axis Error
[14:47:07.642] [RightTransferStation] Move XY Axis Error
[14:47:34.983] [RightTransferStation] Move XY Axis Error
[14:47:48.715] [RightTransferStation] Move XY Axis Error
[14:48:15.914] [RightTransferStation] Move XY Axis Error
[14:48:32.713] [RightTransferStation] Move XY Axis Error
[14:52:38.256] [RightTransferStation] Move XY Axis Error
[14:52:53.937] [RightTransferStation] Move XY Axis Error
[14:55:48.372] [RightTransferStation] Move XY Axis Error
[14:56:17.169] [RightTransferStation] Move XY Axis Error
[14:59:14.912] [RightTransferStation] Move XY Axis Error
[14:59:33.989] [RightTransferStation] Move XY Axis Error
[15:05:45.945] [RightTransferStation] Move XY Axis Error
[15:06:00.753] [RightTransferStation] Move XY Axis Error
[15:07:46.683] [RightTransferStation] Move XY Axis Error
[15:08:03.373] [RightTransferStation] Move XY Axis Error
[15:12:00.992] [RightTransferStation] Move XY Axis Error
[15:12:31.807] [RightTransferStation] Move XY Axis Error
[15:12:58.304] [RightTransferStation] Move XY Axis Error
[15:13:14.874] [RightTransferStation] Move XY Axis Error
[15:14:07.816] [RightTransferStation] Move XY Axis Error
[15:14:25.365] [RightTransferStation] Move XY Axis Error
[15:20:25.977] [RightTransferStation] Move XY Axis Error
[15:20:46.988] [RightTransferStation] Move XY Axis Error
[15:22:55.485] [LeftPPStation] Load Cylinder Vacuum Error
[15:24:56.378] [RightTransferStation] Move XY Axis Error
[15:25:24.548] [RightTransferStation] Move XY Axis Error
[15:31:41.462] [RightTransferStation] Move XY Axis Error
[15:31:58.061] [RightTransferStation] Move XY Axis Error
[15:38:01.217] [RightTransferStation] Move XY Axis Error
[15:38:33.957] [RightTransferStation] Move XY Axis Error
[15:38:59.162] [RightTransferStation] Move XY Axis Error
[15:39:10.288] [RightTransferStation] Move XY Axis Error
[15:44:33.719] [RightTransferStation] Move XY Axis Error
[15:44:50.553] [RightTransferStation] Move XY Axis Error
[15:45:15.765] [RightTransferStation] Move XY Axis Error
[15:45:32.820] [RightTransferStation] Move XY Axis Error
[15:45:35.826] [RightTransferStation] Move XY Axis Error
[15:48:07.495] [LeftTransferStation] Unload Buffer Set Exist
[15:51:05.535] [RightTransferStation] Move XY Axis Error
[15:51:22.450] [RightTransferStation] Move XY Axis Error
