[04:02:31.650] [RightTransferStation] Vacuum Error
[04:08:29.288] [LeftPPStation] Load Cylinder Vacuum Error
[04:28:02.922] [RightTransferStation] Vacuum Error
[04:41:27.650] [RightTransferStation] Vacuum Error
[04:42:47.619] [RightTransferStation] Move XY Axis Error
[04:42:51.190] [RightTransferStation] Move XY Axis Error
[04:43:27.831] [RightTransferStation] Move XY Axis Error
[10:33:03.703] [LeftTransferStation] Vacuum Error
[10:46:09.596] [LeftTransferStation] Vacuum Error
[11:08:08.934] [LeftPPStation] Load Cylinder Vacuum Error
[11:10:37.094] [LeftTransferStation] Move XY Axis Error
[11:38:17.674] [LeftPPStation] Unload Cylinder Vacuum Error
[11:38:32.096] [LeftPPStation] Unload Cylinder Vacuum Error
[11:38:41.630] [LeftPPStation] Unload Cylinder Vacuum Error
[11:57:05.531] [LeftPPStation] Unload Cylinder Vacuum Error
[11:57:25.976] [LeftPPStation] Unload Cylinder Vacuum Error
[12:02:08.473] [LeftPPStation] Unload Cylinder Vacuum Error
[12:03:00.000] [LeftPPStation] Unload Cylinder Vacuum Error
[12:26:16.094] [RightPPStation] Load Cylinder Vacuum Error
[12:38:36.091] [LeftPPStation] Unload Cylinder Vacuum Error
[13:01:14.480] [LeftPPStation] Unload Cylinder Vacuum Error
[13:01:22.400] [LeftPPStation] Unload Cylinder Vacuum Error
[13:40:06.102] [RightTransferStation] Move XY Axis Error
[13:40:13.207] [RightTransferStation] Move XY Axis Error
[13:40:21.604] [RightTransferStation] Move XY Axis Error
[14:48:00.878] [RightTransferStation] Move XY Axis Error
[14:48:11.172] [RightTransferStation] Move XY Axis Error
[14:48:14.562] [RightTransferStation] Move XY Axis Error
[15:03:35.325] [RightTransferStation] Move XY Axis Error
[15:03:48.914] [RightTransferStation] Move XY Axis Error
[17:28:28.623] [LeftPPStation] Unload Cylinder Vacuum Error
[17:32:33.432] [LeftPPStation] Unload Cylinder Vacuum Error
[18:04:09.281] [RightTransferStation] Move XY Axis Error
[18:04:17.467] [RightTransferStation] Move XY Axis Error
[18:04:25.799] [RightTransferStation] Move XY Axis Error
[18:20:55.062] [RightTransferStation] Move XY Axis Error
[19:00:20.343] [RightTransferStation] Move XY Axis Error
[19:01:14.134] [RightTransferStation] Move XY Axis Error
[19:06:31.618] [LeftPPStation] Unload Cylinder Vacuum Error
