[00:02:34.338] [LeftPPStation] Unload Cylinder Vacuum Error
[00:04:59.131] [MainControlStation] Left Door Open
[00:05:39.346] [LeftPPStation] Unload Cylinder Vacuum Error
[00:06:22.036] [RightTransferStation] Move XY Axis Error
[00:06:32.725] [MainControlStation] Left Door Open
[00:06:51.343] [MainControlStation] Left Door Open
[00:09:42.328] [RightTransferStation] Move XY Axis Error
[00:13:03.038] [LeftPPStation] Unload Cylinder Vacuum Error
[00:16:26.932] [LeftPPStation] Unload Cylinder Vacuum Error
[00:18:58.242] [RightTransferStation] Move XY Axis Error
[00:21:13.431] [MainControlStation] Left Door Open
[00:23:37.852] [RightTransferStation] Move XY Axis Error
[00:25:07.000] [RightTransferStation] Move XY Axis Error
[00:25:21.360] [RightTransferStation] Move XY Axis Error
[00:26:03.596] [RightTransferStation] Move XY Axis Error
[00:40:47.264] [RightTransferStation] Move XY Axis Error
[00:47:07.344] [RightTransferStation] Move XY Axis Error
[00:47:39.317] [RightTransferStation] Move XY Axis Error
[00:50:35.272] [RightTransferStation] Move XY Axis Error
[00:51:08.198] [RightTransferStation] Move XY Axis Error
[00:54:34.182] [RightTransferStation] Move XY Axis Error
[00:56:56.436] [RightTransferStation] Move XY Axis Error
[01:12:44.051] [RightTransferStation] Move XY Axis Error
[01:16:07.749] [RightTransferStation] Move XY Axis Error
[01:19:25.161] [RightTransferStation] Move XY Axis Error
[01:20:46.291] [RightTransferStation] Move XY Axis Error
[01:25:21.203] [RightTransferStation] Vacuum Error
[03:21:16.888] [RightTransferStation] Move XY Axis Error
[03:21:38.618] [RightTransferStation] Move XY Axis Error
[08:46:34.633] [LeftTransferStation] Move XY Axis Error
[08:46:36.223] [LeftTransferStation] Move XY Axis Error
[08:48:03.158] [LeftTransferStation] Move Z Axis Error
[08:49:58.979] [LeftTransferStation] Move XY Axis Error
[08:51:45.317] [MainControlStation] Left Door Open
[08:53:47.669] [LeftPPStation] Unload Cylinder Vacuum Error
[09:15:43.859] [MainControlStation] Left Door Open
[09:17:35.354] [MainControlStation] Left Door Open
[09:46:04.148] [LeftPPStation] Unload Buffer Set Not Exist
[09:51:20.922] [MainControlStation] Left Door Open
[10:51:56.896] [MainControlStation] Left Door Open
[11:31:55.779] [LeftTransferStation] Move XY Axis Error
[12:48:18.648] [LeftTransferStation] Move XY Axis Error
[13:14:41.722] [LeftTransferStation] Vacuum Error
[13:28:39.775] [MainControlStation] Left Door Open
[13:30:07.449] [LeftTransferStation] Vacuum Error
[13:54:10.084] [LeftTransferStation] Vacuum Error
[14:09:19.826] [LeftPPStation] Unload Buffer Set Not Exist
[14:12:44.747] [LeftTransferStation] Vacuum Error
[14:12:52.993] [LeftTransferStation] Vacuum Error
[15:54:35.299] [LeftPPStation] Unload Buffer Set Not Exist
[15:54:49.216] [LeftTransferStation] Vacuum Error
[15:55:15.650] [LeftTransferStation] Vacuum Error
[17:42:17.766] [LeftPPStation] Unload Cylinder Vacuum Error
[18:49:46.198] [RightTransferStation] Vacuum Error
[19:30:22.906] [RightPPStation] Load Cylinder Vacuum Error
[19:47:12.648] [MainControlStation] Right Door Open
