[07:50:02.482] [LeftPPStation] Load Cylinder Vacuum Error
[08:02:47.689] [RightTransferStation] Move XY Axis Error
[08:02:52.961] [RightTransferStation] Move XY Axis Error
[08:04:32.962] [RightPPStation] Unload Buffer Set Not Exist
[08:05:59.912] [RightTransferStation] Unload Buffer Set Exist
[08:06:04.807] [RightTransferStation] Unload Buffer Set Exist
[08:06:13.632] [RightTransferStation] Unload Buffer Set Exist
[08:15:57.969] [RightPPStation] Unload Buffer Set Not Exist
[08:45:38.769] [RightPPStation] Unload Buffer Set Not Exist
[08:54:09.980] [LeftTransferStation] Move XY Axis Error
[09:28:16.781] [RightPPStation] Unload Buffer Set Not Exist
[10:00:29.172] [RightTransferStation] Move XY Axis Error
[10:08:10.771] [RightTransferStation] Move XY Axis Error
[10:08:15.693] [RightTransferStation] Move XY Axis Error
[10:08:28.314] [RightTransferStation] Move XY Axis Error
[10:15:36.332] [RightPPStation] Unload Buffer Set Not Exist
[10:28:18.334] [MainControlStation] Left Door Open
[10:32:34.896] [RightPPStation] Unload Buffer Set Not Exist
[10:33:11.808] [RightPPStation] Unload Buffer Set Not Exist
[10:33:43.788] [RightPPStation] Unload Buffer Set Not Exist
[11:00:08.536] [RightTransferStation] Move XY Axis Error
[11:00:56.318] [RightTransferStation] Move XY Axis Error
[11:21:20.187] [RightTransferStation] Move XY Axis Error
[11:26:04.441] [RightTransferStation] Move XY Axis Error
[11:33:51.680] [RightTransferStation] Move XY Axis Error
[11:33:57.514] [RightTransferStation] Move XY Axis Error
[11:34:08.841] [RightTransferStation] Move XY Axis Error
[12:32:57.564] [RightTransferStation] Move XY Axis Error
[12:33:03.537] [RightTransferStation] Move XY Axis Error
[12:33:05.341] [RightTransferStation] Move XY Axis Error
[12:33:08.989] [RightTransferStation] Move XY Axis Error
[12:33:11.061] [RightTransferStation] Move XY Axis Error
[12:33:12.910] [RightTransferStation] Move XY Axis Error
[12:35:08.864] [RightTransferStation] Move XY Axis Error
[12:35:14.206] [RightTransferStation] Move XY Axis Error
[12:35:52.352] [RightTransferStation] Move XY Axis Error
[12:39:59.870] [RightTransferStation] Move XY Axis Error
[12:40:59.851] [RightTransferStation] Move XY Axis Error
[12:42:05.216] [RightTransferStation] Move XY Axis Error
[12:42:55.148] [RightTransferStation] Move XY Axis Error
[12:44:41.095] [RightTransferStation] Vacuum Error
[12:44:48.995] [RightTransferStation] Vacuum Error
[12:46:59.610] [RightTransferStation] Move XY Axis Error
[12:47:53.149] [RightTransferStation] Move XY Axis Error
[12:49:15.562] [RightTransferStation] Move XY Axis Error
[12:49:21.596] [RightTransferStation] Move XY Axis Error
[13:01:56.574] [RightTransferStation] Move XY Axis Error
[13:02:22.562] [RightTransferStation] Move XY Axis Error
[13:16:37.254] [RightTransferStation] Move XY Axis Error
[13:16:44.078] [RightTransferStation] Move XY Axis Error
[13:16:46.241] [RightTransferStation] Move XY Axis Error
[13:16:48.132] [RightTransferStation] Move XY Axis Error
[13:16:59.135] [RightTransferStation] Move XY Axis Error
[13:18:35.701] [RightTransferStation] Move XY Axis Error
[13:18:43.125] [RightTransferStation] Move XY Axis Error
[13:19:03.661] [RightTransferStation] Move XY Axis Error
[13:22:14.924] [RightTransferStation] Move XY Axis Error
[13:22:18.780] [RightTransferStation] Move XY Axis Error
[13:26:40.171] [RightTransferStation] Move XY Axis Error
[13:26:54.841] [RightTransferStation] Move XY Axis Error
[13:35:40.292] [RightTransferStation] Move XY Axis Error
[13:35:57.271] [RightTransferStation] Move XY Axis Error
[14:57:13.225] [RightTransferStation] Move XY Axis Error
[15:11:49.032] [RightTransferStation] Move XY Axis Error
[15:11:56.536] [RightTransferStation] Move XY Axis Error
[15:13:12.556] [RightTransferStation] Move XY Axis Error
[15:24:01.038] [RightTransferStation] Move XY Axis Error
[15:25:07.700] [RightTransferStation] Move XY Axis Error
[15:25:16.194] [RightTransferStation] Move XY Axis Error
[15:25:18.102] [RightTransferStation] Move XY Axis Error
[15:25:22.099] [RightTransferStation] Move XY Axis Error
[15:36:08.153] [RightTransferStation] Move XY Axis Error
[15:37:29.291] [RightTransferStation] Move XY Axis Error
[16:17:41.368] [RightTransferStation] Move XY Axis Error
[16:18:11.699] [RightTransferStation] Move XY Axis Error
[16:21:03.624] [RightTransferStation] Move XY Axis Error
[16:32:47.450] [RightTransferStation] Move XY Axis Error
[16:33:07.672] [RightTransferStation] Move XY Axis Error
[16:38:46.208] [LeftTransferStation] Move Z Axis Error
[16:38:56.152] [LeftTransferStation] Move Z Axis Error
[16:39:14.897] [LeftTransferStation] Move Z Axis Error
[16:39:48.354] [LeftTransferStation] Move Z Axis Error
[16:39:50.252] [LeftTransferStation] Move Z Axis Error
[17:36:47.079] [RightPPStation] Load Cylinder Vacuum Error
[18:00:10.968] [RightTransferStation] Move XY Axis Error
[18:00:25.589] [RightTransferStation] Move XY Axis Error
[18:00:27.472] [RightTransferStation] Move XY Axis Error
[18:36:12.606] [RightTransferStation] Move XY Axis Error
[18:37:08.778] [RightTransferStation] Move XY Axis Error
[23:12:23.396] [RightPPStation] Unload Cylinder Vacuum Error
