[00:04:55.094] [RightTransferStation] Move XY Axis Error
[00:05:23.381] [RightTransferStation] Move XY Axis Error
[00:05:27.303] [MainControlStation] Left Door Open
[01:55:43.449] [LeftTransferStation] Vacuum Error
[01:59:14.806] [LeftTransferStation] Vacuum Error
[01:59:29.732] [LeftTransferStation] Vacuum Error
[01:59:48.465] [RightTransferStation] Move XY Axis Error
[02:00:06.034] [RightTransferStation] Move XY Axis Error
[02:33:27.375] [RightTransferStation] Move XY Axis Error
[02:57:05.027] [RightTransferStation] Move XY Axis Error
[10:34:59.305] [RightTransferStation] Move XY Axis Error
[10:35:58.916] [RightTransferStation] Move XY Axis Error
[11:29:14.378] [RightTransferStation] Move XY Axis Error
[11:30:01.488] [RightTransferStation] Move XY Axis Error
[11:39:28.037] [RightTransferStation] Move XY Axis Error
[11:54:17.128] [RightTransferStation] Move XY Axis Error
[13:05:28.568] [RightTransferStation] Move XY Axis Error
[13:05:51.895] [RightTransferStation] Move XY Axis Error
[13:49:48.776] [RightTransferStation] Move XY Axis Error
[13:50:05.552] [RightTransferStation] Move XY Axis Error
[13:51:27.549] [RightTransferStation] Move XY Axis Error
[13:51:38.316] [RightTransferStation] Move XY Axis Error
[13:51:46.528] [RightTransferStation] Move XY Axis Error
[13:53:11.023] [RightTransferStation] Move XY Axis Error
[13:53:50.299] [RightTransferStation] Move XY Axis Error
[13:55:41.344] [RightPPStation] Load Cylinder Up Error
[13:55:46.444] [RightPPStation] Load Cylinder Vacuum Error
[13:56:24.201] [RightTransferStation] Vacuum Error
[14:01:24.682] [RightTransferStation] Move XY Axis Error
[14:02:32.225] [RightTransferStation] Move XY Axis Error
[14:06:00.981] [RightTransferStation] Move XY Axis Error
[14:07:27.915] [LeftPPStation] Load Buffer Set Exist
[14:07:50.177] [RightTransferStation] Move XY Axis Error
[14:17:36.879] [LeftPPStation] Load Buffer Set Exist
[14:17:57.887] [LeftPPStation] Load Buffer Set Exist
[14:18:11.528] [LeftPPStation] Load Buffer Set Exist
[14:20:58.045] [RightTransferStation] Move XY Axis Error
[14:21:45.627] [RightTransferStation] Move XY Axis Error
[14:51:22.047] [RightTransferStation] Move XY Axis Error
[14:52:08.735] [RightTransferStation] Move XY Axis Error
[15:01:55.085] [LeftPPStation] Load Buffer Set Exist
[15:02:04.264] [LeftPPStation] Load Buffer Set Exist
[15:08:21.556] [RightTransferStation] Move XY Axis Error
[15:09:28.903] [RightTransferStation] Move XY Axis Error
[15:17:23.195] [RightTransferStation] Move XY Axis Error
[15:18:18.167] [RightTransferStation] Move XY Axis Error
[16:32:49.251] [MainControlStation] Left Door Open
[16:36:01.972] [MainControlStation] Left Door Open
[20:32:38.742] [RightTransferStation] Move XY Axis Error
[20:33:32.967] [RightTransferStation] Move XY Axis Error
[21:30:44.351] [RightTransferStation] Move XY Axis Error
[21:33:30.049] [RightTransferStation] Move XY Axis Error
[22:10:09.225] [RightTransferStation] Move XY Axis Error
[22:11:29.734] [RightTransferStation] Move XY Axis Error
[22:36:26.490] [RightTransferStation] Move XY Axis Error
[22:36:39.325] [RightTransferStation] Move XY Axis Error
[23:06:59.624] [RightTransferStation] Move XY Axis Error
[23:07:31.803] [RightTransferStation] Move XY Axis Error
[23:13:53.222] [RightTransferStation] Move XY Axis Error
[23:16:56.479] [RightTransferStation] Move XY Axis Error
[23:29:16.390] [RightTransferStation] Move XY Axis Error
[23:29:30.000] [RightTransferStation] Move XY Axis Error
[23:32:06.158] [RightPPStation] Unload Cylinder Vacuum Error
[23:32:14.887] [RightPPStation] Unload Cylinder Vacuum Error
[23:32:27.625] [RightPPStation] Unload Cylinder Vacuum Error
[23:32:34.556] [RightPPStation] Unload Cylinder Vacuum Error
