[00:04:56.583] ---- [Flow] CT_STOP Set
[00:04:56.606] ---- [Event] Auto : CT_STOP
[00:04:56.606] --------- [Monitor] StopTasks() : before m_stopped
[00:04:56.606] --------- [Monitor] StopTasks() : m_stopped
[00:04:56.606] [m_nState] AutoStop State
[00:04:56.617] ---- [Flow] CT_STOP Set
[00:04:56.648] ---- [Flow] CT_STOP Set
[00:04:57.221] ---- [Flow] CT_STOP Set
[00:04:57.253] ---- [Flow] CT_STOP Set
[00:04:57.286] ---- [Flow] CT_STOP Set
[00:04:57.472] ---- [Flow] CT_STOP Set
[00:05:22.368] ---- [Flow] CT_START Set
[00:05:22.389] ---- [Event] AutoStop : CT_START
[00:05:22.389] [m_nState] Auto State
[00:05:22.782] ---- [Flow] CT_START Set
[00:05:25.218] ---- [Flow] CT_START Set
[00:05:26.874] ---- [Flow] CT_START Set
[00:05:29.272] ---- [Flow] CT_START Set
[00:27:17.294] ---- [Flow] CT_START Set
[00:56:54.754] ---- [Flow] CT_START Set
[01:54:34.438] ---- [Flow] CT_START Set
[01:54:45.418] ---- [Flow] CT_START Set
[01:55:30.692] ---- [Flow] CT_START Set
[01:55:54.007] ---- [Flow] CT_START Set
[01:56:37.865] ---- [Flow] CT_STOP Set
[01:56:37.886] ---- [Event] Auto : CT_STOP
[01:56:37.886] --------- [Monitor] StopTasks() : before m_stopped
[01:56:37.924] --------- [Monitor] StopTasks() : m_stopped
[01:56:37.924] [m_nState] AutoStop State
[01:56:45.614] ---- [Flow] CT_START Set
[01:56:45.635] ---- [Event] AutoStop : CT_START
[01:56:45.635] [m_nState] Auto State
[01:57:09.565] ---- [Flow] CT_START Set
[01:57:31.137] ---- [Flow] CT_START Set
[01:58:32.707] ---- [Flow] CT_START Set
[01:59:22.232] ---- [Flow] CT_START Set
[01:59:34.808] ---- [Flow] CT_START Set
[01:59:49.904] ---- [Flow] CT_START Set
[02:00:05.248] ---- [Flow] CT_START Set
[02:00:07.788] ---- [Flow] CT_START Set
[02:31:53.836] ---- [Flow] CT_STOP Set
[02:31:53.859] ---- [Event] Auto : CT_STOP
[02:31:53.859] --------- [Monitor] StopTasks() : before m_stopped
[02:31:53.983] --------- [Monitor] StopTasks() : m_stopped
[02:31:53.983] [m_nState] AutoStop State
[02:32:12.667] ---- [Flow] CT_START Set
[02:32:12.689] ---- [Event] AutoStop : CT_START
[02:32:12.689] [m_nState] Auto State
[02:57:04.172] ---- [Flow] CT_START Set
[02:57:04.769] ---- [Flow] CT_START Set
[02:57:05.775] ---- [Flow] CT_START Set
[03:54:20.334] ---- [Flow] CT_START Set
[03:54:31.224] ---- [Flow] CT_START Set
[03:57:02.908] ---- [Flow] CT_STOP Set
[03:57:02.929] ---- [Event] Auto : CT_STOP
[03:57:02.929] --------- [Monitor] StopTasks() : before m_stopped
[03:57:02.974] ---- [Flow] CT_STOP Set
[03:57:02.978] --------- [Monitor] StopTasks() : m_stopped
[03:57:02.978] [m_nState] AutoStop State
[03:57:03.011] ---- [Flow] CT_STOP Set
[03:57:15.901] ---- [Flow] CT_START Set
[03:57:15.922] ---- [Event] AutoStop : CT_START
[03:57:15.922] [m_nState] Auto State
[03:57:16.623] ---- [Flow] CT_START Set
[03:58:39.320] ---- [Flow] CT_STOP Set
[03:58:39.341] ---- [Event] Auto : CT_STOP
[03:58:39.341] --------- [Monitor] StopTasks() : before m_stopped
[03:58:39.390] --------- [Monitor] StopTasks() : m_stopped
[03:58:39.390] [m_nState] AutoStop State
[03:59:25.428] ---- [Flow] CT_START Set
[03:59:25.450] ---- [Event] AutoStop : CT_START
[03:59:25.450] [m_nState] Auto State
[03:59:26.072] ---- [Flow] CT_START Set
[04:21:49.202] ---- [Flow] CT_STOP Set
[04:21:49.223] ---- [Event] Auto : CT_STOP
[04:21:49.223] --------- [Monitor] StopTasks() : before m_stopped
[04:21:49.256] --------- [Monitor] StopTasks() : m_stopped
[04:21:49.256] [m_nState] AutoStop State
[07:00:31.136] ---- [Flow] CT_START Set
[07:00:31.158] ---- [Event] AutoStop : CT_START
[07:00:31.158] [m_nState] Auto State
[07:00:32.291] ---- [Flow] CT_START Set
[09:30:16.707] ---- [Flow] CT_STOP Set
[09:30:16.728] ---- [Event] Auto : CT_STOP
[09:30:16.728] --------- [Monitor] StopTasks() : before m_stopped
[09:30:16.780] --------- [Monitor] StopTasks() : m_stopped
[09:30:16.780] [m_nState] AutoStop State
[09:36:42.299] ---- [Flow] CT_START Set
[09:36:42.321] ---- [Event] AutoStop : CT_START
[09:36:42.321] [m_nState] Auto State
[09:36:43.184] ---- [Flow] CT_START Set
[10:35:57.822] ---- [Flow] CT_START Set
[10:36:00.166] ---- [Flow] CT_START Set
[11:12:14.825] ---- [Flow] CT_START Set
[11:13:16.006] ---- [Flow] CT_START Set
[11:13:35.741] ---- [Flow] CT_START Set
[11:22:39.137] ---- [Flow] CT_START Set
[11:23:41.500] ---- [Flow] CT_START Set
[11:30:00.346] ---- [Flow] CT_START Set
[11:30:02.031] ---- [Flow] CT_START Set
[11:40:10.652] ---- [Flow] CT_STOP Set
[11:40:10.673] ---- [Event] Auto : CT_STOP
[11:40:10.673] --------- [Monitor] StopTasks() : before m_stopped
[11:40:10.712] ---- [Flow] CT_STOP Set
[11:40:10.725] --------- [Monitor] StopTasks() : m_stopped
[11:40:10.725] [m_nState] AutoStop State
[11:40:10.746] ---- [Flow] CT_STOP Set
[11:40:10.779] ---- [Flow] CT_STOP Set
[11:40:10.809] ---- [Flow] CT_STOP Set
[11:40:10.839] ---- [Flow] CT_STOP Set
[11:40:10.870] ---- [Flow] CT_STOP Set
[11:54:15.571] ---- [Flow] CT_START Set
[11:54:15.592] ---- [Event] AutoStop : CT_START
[11:54:15.592] [m_nState] Auto State
[11:54:16.166] ---- [Flow] CT_START Set
[11:54:19.665] ---- [Flow] CT_START Set
[11:54:22.271] ---- [Flow] CT_STOP Set
[11:54:22.292] ---- [Event] Auto : CT_STOP
[11:54:22.292] --------- [Monitor] StopTasks() : before m_stopped
[11:54:23.317] --------- [Monitor] StopTasks() : m_stopped
[11:54:23.317] [m_nState] AutoStop State
[11:54:53.682] ---- [Flow] CT_START Set
[11:54:53.704] ---- [Event] AutoStop : CT_START
[11:54:53.704] [m_nState] Auto State
[11:54:54.444] ---- [Flow] CT_START Set
[12:10:14.381] ---- [Flow] CT_STOP Set
[12:10:14.404] ---- [Event] Auto : CT_STOP
[12:10:14.404] --------- [Monitor] StopTasks() : before m_stopped
[12:10:14.498] --------- [Monitor] StopTasks() : m_stopped
[12:10:14.498] [m_nState] AutoStop State
[12:22:55.920] ---- [Flow] CT_START Set
[12:22:55.942] ---- [Event] AutoStop : CT_START
[12:22:55.942] [m_nState] Auto State
[12:22:56.973] ---- [Flow] CT_START Set
[12:56:49.960] ---- [Flow] CT_START Set
[13:05:50.830] ---- [Flow] CT_START Set
[13:05:52.529] ---- [Flow] CT_START Set
[13:08:43.289] ---- [Flow] CT_START Set
[13:29:11.686] ---- [Flow] CT_START Set
[13:30:01.737] ---- [Flow] CT_START Set
[13:31:15.778] ---- [Flow] CT_START Set
[13:32:09.703] ---- [Flow] CT_START Set
[13:33:21.296] ---- [Flow] CT_START Set
[13:48:03.152] ---- [Flow] CT_START Set
[13:50:04.880] ---- [Flow] CT_START Set
[13:50:06.321] ---- [Flow] CT_START Set
[13:51:37.596] ---- [Flow] CT_START Set
[13:51:45.386] ---- [Flow] CT_START Set
[13:51:49.333] ---- [Flow] CT_START Set
[13:53:49.755] ---- [Flow] CT_START Set
[13:53:53.683] ---- [Flow] CT_START Set
[13:55:45.064] ---- [Flow] CT_START Set
[13:55:46.865] ---- [Flow] CT_START Set
[13:56:23.482] ---- [Flow] CT_START Set
[13:56:24.575] ---- [Flow] CT_START Set
[14:01:16.167] ---- [Flow] CT_START Set
[14:02:31.327] ---- [Flow] CT_START Set
[14:02:33.490] ---- [Flow] CT_START Set
[14:04:12.069] ---- [Flow] CT_START Set
[14:07:32.272] ---- [Flow] CT_START Set
[14:07:49.803] ---- [Flow] CT_START Set
[14:07:51.097] ---- [Flow] CT_START Set
[14:17:40.317] ---- [Flow] CT_START Set
[14:17:56.793] ---- [Flow] CT_START Set
[14:17:56.902] ---- [Flow] CT_START Set
[14:17:58.176] ---- [Flow] CT_START Set
[14:18:03.317] ---- [Flow] CT_START Set
[14:18:03.431] ---- [Flow] CT_START Set
[14:18:08.978] ---- [Flow] CT_START Set
[14:18:09.089] ---- [Flow] CT_START Set
[14:18:10.472] ---- [Flow] CT_START Set
[14:18:10.583] ---- [Flow] CT_START Set
[14:18:11.495] ---- [Flow] CT_START Set
[14:18:11.602] ---- [Flow] CT_START Set
[14:18:21.798] ---- [Flow] CT_START Set
[14:21:44.926] ---- [Flow] CT_START Set
[14:21:46.276] ---- [Flow] CT_START Set
[14:30:37.058] ---- [Flow] CT_STOP Set
[14:30:37.080] ---- [Event] Auto : CT_STOP
[14:30:37.080] --------- [Monitor] StopTasks() : before m_stopped
[14:30:37.113] --------- [Monitor] StopTasks() : m_stopped
[14:30:37.113] [m_nState] AutoStop State
[14:38:10.529] ---- [Flow] CT_START Set
[14:38:10.550] ---- [Event] AutoStop : CT_START
[14:38:10.550] [m_nState] Auto State
[14:38:11.270] ---- [Flow] CT_START Set
[14:52:08.074] ---- [Flow] CT_START Set
[14:52:09.711] ---- [Flow] CT_START Set
[14:55:52.765] ---- [Flow] CT_START Set
[15:02:03.397] ---- [Flow] CT_START Set
[15:02:34.815] ---- [Flow] CT_START Set
[15:03:11.164] ---- [Flow] CT_STOP Set
[15:03:11.185] ---- [Event] Auto : CT_STOP
[15:03:11.185] --------- [Monitor] StopTasks() : before m_stopped
[15:03:11.233] --------- [Monitor] StopTasks() : m_stopped
[15:03:11.233] [m_nState] AutoStop State
[15:03:20.637] ---- [Flow] CT_START Set
[15:03:20.659] ---- [Event] AutoStop : CT_START
[15:03:20.659] [m_nState] Auto State
[15:03:21.467] ---- [Flow] CT_START Set
[15:07:41.948] ---- [Flow] CT_START Set
[15:09:28.120] ---- [Flow] CT_START Set
[15:09:32.130] ---- [Flow] CT_START Set
[15:18:17.071] ---- [Flow] CT_START Set
[15:18:20.554] ---- [Flow] CT_START Set
[15:26:37.831] ---- [Flow] CT_START Set
[15:40:34.044] ---- [Flow] CT_START Set
[15:51:44.091] ---- [Flow] CT_START Set
[15:52:12.260] ---- [Flow] CT_START Set
[16:10:56.913] ---- [Flow] CT_STOP Set
[16:10:56.934] ---- [Event] Auto : CT_STOP
[16:10:56.934] --------- [Monitor] StopTasks() : before m_stopped
[16:10:56.977] --------- [Monitor] StopTasks() : m_stopped
[16:10:56.977] [m_nState] AutoStop State
[16:10:58.676] ---- [Flow] CT_START Set
[16:10:58.698] ---- [Event] AutoStop : CT_START
[16:10:58.698] [m_nState] Auto State
[16:11:10.181] ---- [Flow] CT_STOP Set
[16:11:10.203] ---- [Event] Auto : CT_STOP
[16:11:10.203] --------- [Monitor] StopTasks() : before m_stopped
[16:11:10.252] ---- [Flow] CT_STOP Set
[16:11:10.665] --------- [Monitor] StopTasks() : m_stopped
[16:11:10.665] [m_nState] AutoStop State
[16:16:32.689] ---- [Flow] CT_START Set
[16:16:32.710] ---- [Event] AutoStop : CT_START
[16:16:32.710] [m_nState] Auto State
[16:16:40.932] ---- [Flow] CT_START Set
[16:27:44.808] ---- [Flow] CT_START Set
[16:32:54.035] ---- [Flow] CT_START Set
[16:35:03.354] ---- [Flow] CT_START Set
[16:36:01.522] ---- [Flow] CT_START Set
[16:54:27.192] ---- [Flow] CT_STOP Set
[16:54:27.213] ---- [Event] Auto : CT_STOP
[16:54:27.213] --------- [Monitor] StopTasks() : before m_stopped
[16:54:27.299] --------- [Monitor] StopTasks() : m_stopped
[16:54:27.299] [m_nState] AutoStop State
[16:55:13.809] ---- [Flow] CT_STOP Set
[17:37:04.825] [m_nState] Init State
[17:37:04.835] ---- [Monitor] Init : m_idle
[17:37:04.857] ---- [Event] Init : CT_IDLE
[17:37:04.857] [m_nState] Idle State
[17:37:20.789] ---- [Flow] CT_ABORT Set
[17:37:20.839] [m_nState] Init State
[17:37:20.929] ---- [Monitor] Init : m_idle
[17:37:20.951] ---- [Event] Init : CT_IDLE
[17:37:20.951] [m_nState] Idle State
[17:37:45.939] ---- [Flow] CT_START Set
[17:37:45.960] ---- [Event] Idle : CT_START
[17:37:45.960] [m_nState] Auto State
[17:37:46.822] ---- [Flow] CT_START Set
[17:38:18.791] ---- [Flow] CT_STOP Set
[17:38:18.813] ---- [Event] Auto : CT_STOP
[17:38:18.813] --------- [Monitor] StopTasks() : before m_stopped
[17:38:18.816] --------- [Monitor] StopTasks() : m_stopped
[17:38:18.816] [m_nState] AutoStop State
[17:38:18.846] ---- [Flow] CT_STOP Set
[17:38:18.879] ---- [Flow] CT_STOP Set
[17:38:18.913] ---- [Flow] CT_STOP Set
[17:38:18.946] ---- [Flow] CT_STOP Set
[17:58:34.829] ---- [Flow] CT_STOP Set
[17:58:34.866] ---- [Flow] CT_STOP Set
[17:58:51.040] ---- [Flow] CT_START Set
[17:58:51.061] ---- [Event] AutoStop : CT_START
[17:58:51.061] [m_nState] Auto State
[18:14:17.433] ---- [Flow] CT_STOP Set
[18:14:17.455] ---- [Event] Auto : CT_STOP
[18:14:17.455] --------- [Monitor] StopTasks() : before m_stopped
[18:14:17.495] --------- [Monitor] StopTasks() : m_stopped
[18:14:17.495] [m_nState] AutoStop State
[18:57:05.957] ---- [Flow] CT_START Set
[18:57:05.978] ---- [Event] AutoStop : CT_START
[18:57:05.978] [m_nState] Auto State
[18:57:06.830] ---- [Flow] CT_START Set
[19:20:13.875] ---- [Flow] CT_STOP Set
[19:20:13.898] ---- [Event] Auto : CT_STOP
[19:20:13.898] --------- [Monitor] StopTasks() : before m_stopped
[19:20:13.914] --------- [Monitor] StopTasks() : m_stopped
[19:20:13.914] [m_nState] AutoStop State
[19:25:43.763] ---- [Flow] CT_START Set
[19:25:43.785] ---- [Event] AutoStop : CT_START
[19:25:43.785] [m_nState] Auto State
[19:25:45.056] ---- [Flow] CT_START Set
[20:33:32.519] ---- [Flow] CT_START Set
[20:33:34.107] ---- [Flow] CT_START Set
[20:55:41.275] ---- [Flow] CT_STOP Set
[20:55:41.296] ---- [Event] Auto : CT_STOP
[20:55:41.296] --------- [Monitor] StopTasks() : before m_stopped
[20:55:41.311] --------- [Monitor] StopTasks() : m_stopped
[20:55:41.311] [m_nState] AutoStop State
[20:55:44.489] ---- [Flow] CT_START Set
[20:55:44.510] ---- [Event] AutoStop : CT_START
[20:55:44.510] [m_nState] Auto State
[20:57:42.255] ---- [Flow] CT_START Set
[21:33:29.580] ---- [Flow] CT_START Set
[21:33:30.996] ---- [Flow] CT_START Set
[22:02:31.719] ---- [Flow] CT_STOP Set
[22:02:31.742] ---- [Event] Auto : CT_STOP
[22:02:31.742] --------- [Monitor] StopTasks() : before m_stopped
[22:02:31.794] ---- [Flow] CT_STOP Set
[22:02:32.352] --------- [Monitor] StopTasks() : m_stopped
[22:02:32.352] [m_nState] AutoStop State
[22:05:48.215] ---- [Flow] CT_START Set
[22:05:48.237] ---- [Event] AutoStop : CT_START
[22:05:48.237] [m_nState] Auto State
[22:05:57.090] ---- [Flow] CT_START Set
[22:11:29.043] ---- [Flow] CT_START Set
[22:11:32.975] ---- [Flow] CT_START Set
[22:36:38.458] ---- [Flow] CT_START Set
[22:36:39.098] ---- [Flow] CT_START Set
[22:36:43.711] ---- [Flow] CT_START Set
[23:07:30.644] ---- [Flow] CT_START Set
[23:07:30.972] ---- [Flow] CT_START Set
[23:16:56.044] ---- [Flow] CT_START Set
[23:16:59.935] ---- [Flow] CT_START Set
[23:29:28.908] ---- [Flow] CT_START Set
[23:29:29.230] ---- [Flow] CT_START Set
[23:32:11.735] ---- [Flow] CT_START Set
[23:32:19.240] ---- [Flow] CT_START Set
[23:32:32.413] ---- [Flow] CT_START Set
[23:32:48.910] ---- [Flow] CT_START Set
