[07:01:42.166] ---- [Flow] CT_START Set
[07:01:42.190] ---- [Event] AutoStop : CT_START
[07:01:42.190] [m_nState] Auto State
[07:07:42.777] ---- [Flow] CT_START Set
[07:10:13.355] ---- [Flow] CT_START Set
[07:10:28.142] ---- [Flow] CT_START Set
[09:29:35.889] ---- [Flow] CT_START Set
[09:29:36.470] ---- [Flow] CT_START Set
[09:30:10.990] ---- [Flow] CT_STOP Set
[09:30:11.012] ---- [Event] Auto : CT_STOP
[09:30:11.013] --------- [Monitor] StopTasks() : before m_stopped
[09:30:11.019] --------- [Monitor] StopTasks() : m_stopped
[09:30:11.020] [m_nState] AutoStop State
[09:30:15.687] ---- [Flow] CT_START Set
[09:30:15.709] ---- [Event] AutoStop : CT_START
[09:30:15.710] [m_nState] Auto State
[09:30:16.474] ---- [Flow] CT_START Set
[09:30:22.444] ---- [Flow] CT_STOP Set
[09:30:22.466] ---- [Event] Auto : CT_STOP
[09:30:22.467] --------- [Monitor] StopTasks() : before m_stopped
[09:30:22.483] --------- [Monitor] StopTasks() : m_stopped
[09:30:22.484] [m_nState] AutoStop State
[09:30:28.149] ---- [Flow] CT_START Set
[09:30:28.171] ---- [Event] AutoStop : CT_START
[09:30:28.172] [m_nState] Auto State
[09:31:51.858] ---- [Flow] CT_START Set
[09:33:32.757] ---- [Flow] CT_START Set
[09:33:51.367] ---- [Flow] CT_START Set
[09:33:52.927] ---- [Flow] CT_START Set
[10:22:12.334] ---- [Flow] CT_START Set
[10:22:23.953] ---- [Flow] CT_START Set
[10:34:12.818] ---- [Flow] CT_START Set
[10:34:49.464] ---- [Flow] CT_START Set
[11:40:11.243] ---- [Flow] CT_STOP Set
[11:40:11.265] ---- [Event] Auto : CT_STOP
[11:40:11.266] --------- [Monitor] StopTasks() : before m_stopped
[11:40:11.681] --------- [Monitor] StopTasks() : m_stopped
[11:40:11.682] [m_nState] AutoStop State
[12:19:25.413] ---- [Flow] CT_START Set
[12:19:25.435] ---- [Event] AutoStop : CT_START
[12:19:25.436] [m_nState] Auto State
[12:19:59.980] ---- [Flow] CT_START Set
[12:20:06.242] ---- [Flow] CT_START Set
[12:20:13.621] ---- [Flow] CT_START Set
[12:24:50.612] ---- [Flow] CT_STOP Set
[12:24:50.634] ---- [Event] Auto : CT_STOP
[12:24:50.635] --------- [Monitor] StopTasks() : before m_stopped
[12:24:51.252] --------- [Monitor] StopTasks() : m_stopped
[12:24:51.253] [m_nState] AutoStop State
[12:24:52.122] ---- [Flow] CT_START Set
[12:24:52.144] ---- [Event] AutoStop : CT_START
[12:24:52.145] [m_nState] Auto State
[12:25:48.581] ---- [Flow] CT_START Set
[12:28:30.280] ---- [Flow] CT_START Set
[12:28:38.375] ---- [Flow] CT_START Set
[12:29:56.338] ---- [Flow] CT_START Set
[12:30:07.820] ---- [Flow] CT_START Set
[12:30:28.440] ---- [Flow] CT_START Set
[12:30:36.613] ---- [Flow] CT_START Set
[12:31:22.038] ---- [Flow] CT_START Set
[12:31:33.733] ---- [Flow] CT_START Set
[12:32:54.767] ---- [Flow] CT_START Set
[12:33:04.356] ---- [Flow] CT_START Set
[12:33:15.996] ---- [Flow] CT_START Set
[12:33:25.097] ---- [Flow] CT_START Set
[12:41:09.463] ---- [Flow] CT_START Set
[12:42:12.319] ---- [Flow] CT_START Set
[12:42:21.534] ---- [Flow] CT_START Set
[12:43:40.130] ---- [Flow] CT_START Set
[13:19:21.001] ---- [Flow] CT_START Set
[13:53:09.547] ---- [Flow] CT_START Set
[13:53:10.615] ---- [Flow] CT_START Set
[13:53:11.318] ---- [Flow] CT_START Set
[14:35:31.786] ---- [Flow] CT_START Set
[14:35:44.113] ---- [Flow] CT_START Set
[14:35:44.169] ---- [Flow] CT_START Set
[14:35:49.352] ---- [Flow] CT_STOP Set
[14:35:49.375] ---- [Event] Auto : CT_STOP
[14:35:49.375] --------- [Monitor] StopTasks() : before m_stopped
[14:35:50.227] ---- [Flow] CT_START Set
[14:35:52.333] --------- [Monitor] StopTasks() : m_stopped
[14:35:52.333] [m_nState] AutoStop State
[14:35:53.716] ---- [Flow] CT_START Set
[14:35:53.739] ---- [Event] AutoStop : CT_START
[14:35:53.740] [m_nState] Auto State
[14:35:53.814] ---- [Flow] CT_START Set
[14:35:54.887] ---- [Flow] CT_STOP Set
[14:35:54.910] ---- [Event] Auto : CT_STOP
[14:35:54.911] --------- [Monitor] StopTasks() : before m_stopped
[14:35:54.927] --------- [Monitor] StopTasks() : m_stopped
[14:35:54.928] [m_nState] AutoStop State
[14:35:58.096] ---- [Flow] CT_START Set
[14:35:58.119] ---- [Event] AutoStop : CT_START
[14:35:58.120] [m_nState] Auto State
[14:36:10.307] ---- [Flow] CT_START Set
[14:36:10.355] ---- [Flow] CT_START Set
[15:17:51.049] ---- [Flow] CT_START Set
[15:18:07.074] ---- [Flow] CT_STOP Set
[15:18:07.096] ---- [Event] Auto : CT_STOP
[15:18:07.097] --------- [Monitor] StopTasks() : before m_stopped
[15:18:07.102] --------- [Monitor] StopTasks() : m_stopped
[15:18:07.103] [m_nState] AutoStop State
[15:44:25.702] ---- [Flow] CT_ABORT Set
[15:44:25.753] [m_nState] Init State
[15:44:25.800] ---- [Monitor] Init : m_idle
[15:44:25.823] ---- [Event] Init : CT_IDLE
[15:44:25.824] [m_nState] Idle State
[16:17:00.987] ---- [Flow] CT_ABORT Set
[16:17:01.039] [m_nState] Init State
[16:17:01.091] ---- [Monitor] Init : m_idle
[16:17:01.114] ---- [Event] Init : CT_IDLE
[16:17:01.115] [m_nState] Idle State
[16:36:21.213] ---- [Flow] CT_STOP Set
[16:36:22.082] ---- [Flow] CT_STOP Set
[16:36:32.959] ---- [Flow] CT_START Set
[16:36:32.982] ---- [Event] Idle : CT_START
[16:36:32.983] [m_nState] Auto State
[16:36:38.442] ---- [Flow] CT_START Set
[16:41:08.096] ---- [Flow] CT_STOP Set
[16:41:08.119] ---- [Event] Auto : CT_STOP
[16:41:08.120] --------- [Monitor] StopTasks() : before m_stopped
[16:41:08.701] --------- [Monitor] StopTasks() : m_stopped
[16:41:08.702] [m_nState] AutoStop State
[16:41:18.236] ---- [Flow] CT_START Set
[16:41:18.258] ---- [Event] AutoStop : CT_START
[16:41:18.259] [m_nState] Auto State
[16:41:18.658] ---- [Flow] CT_START Set
[16:41:25.470] ---- [Flow] CT_START Set
[16:41:31.889] ---- [Flow] CT_START Set
[16:41:43.242] ---- [Flow] CT_START Set
[16:41:50.349] ---- [Flow] CT_START Set
[16:41:51.484] ---- [Flow] CT_START Set
[16:42:13.125] ---- [Flow] CT_START Set
[16:42:14.442] ---- [Flow] CT_START Set
[17:00:37.250] ---- [Flow] CT_START Set
[17:00:37.680] ---- [Flow] CT_START Set
[17:00:38.056] ---- [Flow] CT_START Set
[17:00:39.271] ---- [Flow] CT_START Set
[17:00:39.783] ---- [Flow] CT_START Set
[17:00:44.640] ---- [Flow] CT_START Set
[17:00:45.427] ---- [Flow] CT_START Set
[17:03:30.376] ---- [Flow] CT_START Set
[17:07:21.515] ---- [Flow] CT_START Set
[17:08:22.200] ---- [Flow] CT_START Set
[17:10:26.477] ---- [Flow] CT_START Set
[17:11:05.089] ---- [Flow] CT_START Set
[17:12:54.226] ---- [Flow] CT_START Set
[17:12:59.179] ---- [Flow] CT_START Set
[17:13:33.043] ---- [Flow] CT_START Set
[17:44:01.225] ---- [Flow] CT_START Set
[17:44:14.043] ---- [Flow] CT_START Set
[17:44:20.572] ---- [Flow] CT_START Set
[18:27:33.097] ---- [Flow] CT_STOP Set
[18:27:33.120] ---- [Event] Auto : CT_STOP
[18:27:33.121] --------- [Monitor] StopTasks() : before m_stopped
[18:27:33.183] --------- [Monitor] StopTasks() : m_stopped
[18:27:33.184] [m_nState] AutoStop State
[18:35:43.383] ---- [Flow] CT_START Set
[18:35:43.406] ---- [Event] AutoStop : CT_START
[18:35:43.407] [m_nState] Auto State
[18:35:50.778] ---- [Flow] CT_START Set
[19:02:52.064] ---- [Flow] CT_START Set
[19:02:53.778] ---- [Flow] CT_START Set
[19:02:54.539] ---- [Flow] CT_START Set
[19:02:55.458] ---- [Flow] CT_START Set
[19:02:56.093] ---- [Flow] CT_START Set
[19:02:57.117] ---- [Flow] CT_START Set
[19:02:58.022] ---- [Flow] CT_START Set
[19:02:58.351] ---- [Flow] CT_START Set
[19:02:59.321] ---- [Flow] CT_START Set
[19:11:23.995] ---- [Flow] CT_START Set
[19:26:13.666] ---- [Flow] CT_START Set
[19:26:15.410] ---- [Flow] CT_START Set
[19:26:15.753] ---- [Flow] CT_START Set
[19:32:29.817] ---- [Flow] CT_START Set
[19:32:30.111] ---- [Flow] CT_START Set
[19:32:30.392] ---- [Flow] CT_START Set
[19:32:31.695] ---- [Flow] CT_START Set
[19:32:35.752] ---- [Flow] CT_START Set
[19:32:36.058] ---- [Flow] CT_START Set
[19:32:36.347] ---- [Flow] CT_START Set
[19:39:08.413] ---- [Flow] CT_START Set
[19:53:36.611] ---- [Flow] CT_STOP Set
[19:53:36.633] ---- [Event] Auto : CT_STOP
[19:53:36.634] --------- [Monitor] StopTasks() : before m_stopped
[19:53:36.635] --------- [Monitor] StopTasks() : m_stopped
[19:53:36.636] [m_nState] AutoStop State
[19:53:36.707] ---- [Flow] CT_STOP Set
[19:53:36.750] ---- [Flow] CT_STOP Set
[19:53:37.988] ---- [Flow] CT_START Set
[19:53:38.010] ---- [Event] AutoStop : CT_START
[19:53:38.011] [m_nState] Auto State
[19:53:38.578] ---- [Flow] CT_START Set
[19:53:39.416] ---- [Flow] CT_START Set
[19:53:39.827] ---- [Flow] CT_START Set
[19:53:40.580] ---- [Flow] CT_START Set
[19:53:41.429] ---- [Flow] CT_START Set
[19:53:42.317] ---- [Flow] CT_START Set
[19:53:46.211] ---- [Flow] CT_STOP Set
[19:53:46.234] ---- [Event] Auto : CT_STOP
[19:53:46.235] --------- [Monitor] StopTasks() : before m_stopped
[19:53:46.236] --------- [Monitor] StopTasks() : m_stopped
[19:53:46.237] [m_nState] AutoStop State
[19:53:46.245] ---- [Flow] CT_STOP Set
[19:53:46.279] ---- [Flow] CT_STOP Set
[19:53:46.311] ---- [Flow] CT_STOP Set
[19:53:47.316] ---- [Flow] CT_START Set
[19:53:47.338] ---- [Event] AutoStop : CT_START
[19:53:47.339] [m_nState] Auto State
[19:54:03.495] ---- [Flow] CT_START Set
[19:55:16.053] ---- [Flow] CT_START Set
[19:56:54.885] ---- [Flow] CT_START Set
[19:58:49.942] ---- [Flow] CT_START Set
[19:59:30.494] ---- [Flow] CT_START Set
[21:20:16.283] ---- [Flow] CT_START Set
[21:20:34.861] ---- [Flow] CT_START Set
[22:20:15.812] ---- [Flow] CT_START Set
[22:20:16.062] ---- [Flow] CT_START Set
[22:20:16.387] ---- [Flow] CT_START Set
[22:20:17.617] ---- [Flow] CT_START Set
[22:20:18.906] ---- [Flow] CT_START Set
[22:20:19.250] ---- [Flow] CT_START Set
[22:20:20.138] ---- [Flow] CT_START Set
[22:20:21.149] ---- [Flow] CT_START Set
[22:20:21.437] ---- [Flow] CT_START Set
[22:20:22.665] ---- [Flow] CT_START Set
[22:58:58.767] ---- [Flow] CT_START Set
[22:58:59.379] ---- [Flow] CT_START Set
[22:58:59.672] ---- [Flow] CT_START Set
[22:59:00.065] ---- [Flow] CT_START Set
[22:59:01.333] ---- [Flow] CT_START Set
[22:59:01.668] ---- [Flow] CT_START Set
[22:59:02.412] ---- [Flow] CT_START Set
[22:59:02.835] ---- [Flow] CT_START Set
[22:59:03.791] ---- [Flow] CT_START Set
[22:59:04.563] ---- [Flow] CT_START Set
[22:59:05.900] ---- [Flow] CT_START Set
[22:59:06.188] ---- [Flow] CT_START Set
[22:59:07.526] ---- [Flow] CT_START Set
[22:59:08.726] ---- [Flow] CT_START Set
[22:59:09.652] ---- [Flow] CT_START Set
[23:20:44.171] ---- [Flow] CT_STOP Set
[23:20:44.194] ---- [Event] Auto : CT_STOP
[23:20:44.195] --------- [Monitor] StopTasks() : before m_stopped
[23:20:44.228] --------- [Monitor] StopTasks() : m_stopped
[23:20:44.229] [m_nState] AutoStop State
[23:20:44.280] ---- [Flow] CT_STOP Set
[23:28:33.010] ---- [Flow] CT_START Set
[23:28:33.033] ---- [Event] AutoStop : CT_START
[23:28:33.034] [m_nState] Auto State
[23:28:33.711] ---- [Flow] CT_START Set
[23:41:24.999] ---- [Flow] CT_START Set
[23:41:25.625] ---- [Flow] CT_START Set
[23:41:25.909] ---- [Flow] CT_START Set
[23:41:27.053] ---- [Flow] CT_START Set
[23:41:28.224] ---- [Flow] CT_START Set
[23:41:28.516] ---- [Flow] CT_START Set
[23:41:29.332] ---- [Flow] CT_START Set
[23:41:30.190] ---- [Flow] CT_START Set
[23:41:30.516] ---- [Flow] CT_START Set
[23:41:31.641] ---- [Flow] CT_START Set
[23:41:32.810] ---- [Flow] CT_START Set
[23:41:40.154] ---- [Flow] CT_START Set
