[00:00:02.556] ---- [Flow] CT_START Set
[00:00:02.662] ---- [Flow] CT_START Set
[00:00:16.069] ---- [Flow] CT_START Set
[00:00:16.173] ---- [Flow] CT_START Set
[00:00:20.230] ---- [Flow] CT_START Set
[00:01:03.832] ---- [Flow] CT_START Set
[00:01:56.774] ---- [Flow] CT_START Set
[00:02:19.412] ---- [Flow] CT_START Set
[00:02:53.062] ---- [Flow] CT_START Set
[00:04:07.273] ---- [Flow] CT_START Set
[00:04:14.383] ---- [Flow] CT_START Set
[00:05:05.597] ---- [Flow] CT_START Set
[00:06:17.713] ---- [Flow] CT_START Set
[00:08:42.687] ---- [Flow] CT_START Set
[00:12:05.945] ---- [Flow] CT_START Set
[00:12:14.086] ---- [Flow] CT_START Set
[00:14:28.601] ---- [Flow] CT_START Set
[00:14:40.452] ---- [Flow] CT_START Set
[00:15:06.381] ---- [Flow] CT_START Set
[00:23:02.856] ---- [Flow] CT_START Set
[00:23:59.524] ---- [Flow] CT_START Set
[00:24:07.491] ---- [Flow] CT_START Set
[00:28:41.097] ---- [Flow] CT_START Set
[00:28:51.407] ---- [Flow] CT_START Set
[00:46:05.448] ---- [Flow] CT_START Set
[00:46:50.444] ---- [Flow] CT_START Set
[00:47:00.320] ---- [Flow] CT_START Set
[00:48:17.126] ---- [Flow] CT_START Set
[00:51:23.686] ---- [Flow] CT_START Set
[00:51:30.737] ---- [Flow] CT_START Set
[01:02:24.969] ---- [Flow] CT_START Set
[01:08:50.648] ---- [Flow] CT_START Set
[01:09:08.754] ---- [Flow] CT_START Set
[01:10:29.444] ---- [Flow] CT_START Set
[01:13:05.436] ---- [Flow] CT_START Set
[01:18:29.942] ---- [Flow] CT_START Set
[01:18:39.755] ---- [Flow] CT_START Set
[01:26:01.028] ---- [Flow] CT_START Set
[01:31:59.221] ---- [Flow] CT_START Set
[01:32:07.641] ---- [Flow] CT_START Set
[01:36:41.631] ---- [Flow] CT_START Set
[01:37:13.718] ---- [Flow] CT_START Set
[01:39:56.756] ---- [Flow] CT_START Set
[01:44:13.697] ---- [Flow] CT_START Set
[01:47:44.568] ---- [Flow] CT_START Set
[01:53:29.535] ---- [Flow] CT_START Set
[01:57:25.605] ---- [Flow] CT_START Set
[01:57:34.628] ---- [Flow] CT_START Set
[02:02:48.368] ---- [Flow] CT_START Set
[02:03:00.366] ---- [Flow] CT_START Set
[02:03:15.024] ---- [Flow] CT_START Set
[02:03:27.530] ---- [Flow] CT_START Set
[02:04:19.689] ---- [Flow] CT_START Set
[02:06:11.787] ---- [Flow] CT_START Set
[02:06:22.576] ---- [Flow] CT_START Set
[02:09:24.897] ---- [Flow] CT_START Set
[02:10:12.617] ---- [Flow] CT_START Set
[02:14:30.786] ---- [Flow] CT_START Set
[02:19:42.873] ---- [Flow] CT_START Set
[02:20:12.289] ---- [Flow] CT_START Set
[02:23:32.277] ---- [Flow] CT_START Set
[02:24:27.342] ---- [Flow] CT_START Set
[02:25:46.053] ---- [Flow] CT_START Set
[02:29:02.690] ---- [Flow] CT_START Set
[02:29:05.696] ---- [Flow] CT_START Set
[02:30:27.908] ---- [Flow] CT_START Set
[02:30:35.594] ---- [Flow] CT_START Set
[02:30:37.053] ---- [Flow] CT_START Set
[02:30:54.469] ---- [Flow] CT_START Set
[02:31:07.437] ---- [Flow] CT_START Set
[02:31:24.847] ---- [Flow] CT_START Set
[02:32:09.504] ---- [Flow] CT_START Set
[02:32:19.804] ---- [Flow] CT_START Set
[02:33:42.516] ---- [Flow] CT_START Set
[02:33:42.937] ---- [Flow] CT_START Set
[02:41:07.567] ---- [Flow] CT_START Set
[02:41:19.178] ---- [Flow] CT_START Set
[02:43:55.108] ---- [Flow] CT_START Set
[02:44:08.000] ---- [Flow] CT_START Set
[02:48:30.405] ---- [Flow] CT_START Set
[02:50:19.877] ---- [Flow] CT_START Set
[02:51:17.598] ---- [Flow] CT_START Set
[02:51:21.016] ---- [Flow] CT_START Set
[02:54:24.840] ---- [Flow] CT_START Set
[02:58:10.114] ---- [Flow] CT_START Set
[02:58:21.551] ---- [Flow] CT_START Set
[03:01:25.746] ---- [Flow] CT_START Set
[03:02:35.873] ---- [Flow] CT_START Set
[03:02:53.718] ---- [Flow] CT_START Set
[03:06:41.926] ---- [Flow] CT_START Set
[03:07:03.539] ---- [Flow] CT_START Set
[03:07:05.281] ---- [Flow] CT_START Set
[03:07:08.306] ---- [Flow] CT_START Set
[03:08:25.420] ---- [Flow] CT_START Set
[03:08:44.609] ---- [Flow] CT_START Set
[03:10:34.744] ---- [Flow] CT_START Set
[03:10:42.964] ---- [Flow] CT_START Set
[03:14:30.197] ---- [Flow] CT_START Set
[03:14:44.730] ---- [Flow] CT_START Set
[03:15:08.184] ---- [Flow] CT_START Set
[03:16:03.711] ---- [Flow] CT_START Set
[03:17:09.211] ---- [Flow] CT_START Set
[03:18:41.113] ---- [Flow] CT_START Set
[03:22:01.060] ---- [Flow] CT_START Set
[03:22:15.752] ---- [Flow] CT_START Set
[03:22:57.053] ---- [Flow] CT_START Set
[03:23:04.475] ---- [Flow] CT_START Set
[03:23:26.717] ---- [Flow] CT_START Set
[03:27:16.648] ---- [Flow] CT_START Set
[03:28:35.400] ---- [Flow] CT_START Set
[03:49:59.429] ---- [Flow] CT_START Set
[03:50:59.737] ---- [Flow] CT_START Set
[03:51:09.827] ---- [Flow] CT_START Set
[03:52:27.528] ---- [Flow] CT_START Set
[03:58:03.541] ---- [Flow] CT_START Set
[03:58:41.903] ---- [Flow] CT_START Set
[04:00:46.710] ---- [Flow] CT_START Set
[04:00:51.445] ---- [Flow] CT_START Set
[04:01:01.969] ---- [Flow] CT_START Set
[04:02:51.312] ---- [Flow] CT_START Set
[04:06:21.464] ---- [Flow] CT_START Set
[04:06:58.599] ---- [Flow] CT_START Set
[04:10:40.949] ---- [Flow] CT_START Set
[04:11:20.966] ---- [Flow] CT_START Set
[04:13:24.987] ---- [Flow] CT_START Set
[04:13:52.510] ---- [Flow] CT_START Set
[04:14:00.618] ---- [Flow] CT_START Set
[04:16:33.048] ---- [Flow] CT_START Set
[04:20:49.022] ---- [Flow] CT_START Set
[04:25:25.132] ---- [Flow] CT_START Set
[04:27:43.825] ---- [Flow] CT_START Set
[04:29:48.543] ---- [Flow] CT_START Set
[04:32:48.253] ---- [Flow] CT_START Set
[04:32:57.864] ---- [Flow] CT_START Set
[04:35:22.343] ---- [Flow] CT_START Set
[04:37:58.496] ---- [Flow] CT_START Set
[04:39:55.474] ---- [Flow] CT_START Set
[04:54:03.548] ---- [Flow] CT_START Set
[05:00:34.795] ---- [Flow] CT_START Set
[05:00:39.298] ---- [Flow] CT_START Set
[05:00:40.656] ---- [Flow] CT_START Set
[05:17:55.243] ---- [Flow] CT_START Set
[05:18:06.384] ---- [Flow] CT_START Set
[05:22:13.343] ---- [Flow] CT_START Set
[05:31:14.666] ---- [Flow] CT_START Set
[05:31:34.760] ---- [Flow] CT_START Set
[05:44:09.595] ---- [Flow] CT_START Set
[05:54:21.944] ---- [Flow] CT_STOP Set
[05:54:21.966] ---- [Event] Auto : CT_STOP
[05:54:21.966] --------- [Monitor] StopTasks() : before m_stopped
[05:54:22.020] --------- [Monitor] StopTasks() : m_stopped
[05:54:22.020] [m_nState] AutoStop State
[08:38:15.557] ---- [Flow] CT_START Set
[08:38:15.579] ---- [Event] AutoStop : CT_START
[08:38:15.579] [m_nState] Auto State
[08:38:16.105] ---- [Flow] CT_START Set
[08:38:38.393] ---- [Flow] CT_START Set
[08:41:55.013] ---- [Flow] CT_START Set
[08:44:24.779] ---- [Flow] CT_START Set
[08:45:44.810] ---- [Flow] CT_START Set
[08:49:31.612] ---- [Flow] CT_START Set
[08:57:15.591] ---- [Flow] CT_START Set
[09:05:55.660] ---- [Flow] CT_START Set
[09:06:06.202] ---- [Flow] CT_START Set
[09:08:14.431] ---- [Flow] CT_START Set
[09:12:39.951] ---- [Flow] CT_START Set
[09:13:14.512] ---- [Flow] CT_START Set
[09:17:15.060] ---- [Flow] CT_START Set
[09:22:27.140] ---- [Flow] CT_START Set
[09:23:34.986] ---- [Flow] CT_START Set
[09:30:40.038] ---- [Flow] CT_START Set
[09:36:28.946] ---- [Flow] CT_START Set
[09:36:39.457] ---- [Flow] CT_START Set
[09:38:01.600] ---- [Flow] CT_START Set
[09:38:03.208] ---- [Flow] CT_START Set
[09:39:57.966] ---- [Flow] CT_START Set
[09:40:49.251] ---- [Flow] CT_START Set
[09:42:21.299] ---- [Flow] CT_START Set
[09:43:24.027] ---- [Flow] CT_START Set
[09:44:49.520] ---- [Flow] CT_START Set
[09:45:38.278] ---- [Flow] CT_START Set
[09:49:42.789] ---- [Flow] CT_START Set
[09:51:08.492] ---- [Flow] CT_START Set
[09:51:22.079] ---- [Flow] CT_STOP Set
[09:51:22.102] ---- [Event] Auto : CT_STOP
[09:51:22.102] --------- [Monitor] StopTasks() : before m_stopped
[09:51:22.103] --------- [Monitor] StopTasks() : m_stopped
[09:51:22.103] [m_nState] AutoStop State
[09:51:22.114] ---- [Flow] CT_STOP Set
[09:51:22.146] ---- [Flow] CT_STOP Set
[09:51:22.177] ---- [Flow] CT_STOP Set
[09:51:22.208] ---- [Flow] CT_STOP Set
[09:51:22.239] ---- [Flow] CT_STOP Set
[09:51:22.271] ---- [Flow] CT_STOP Set
[09:51:22.302] ---- [Flow] CT_STOP Set
[09:51:22.334] ---- [Flow] CT_STOP Set
[09:51:43.122] ---- [Flow] CT_START Set
[09:51:43.144] ---- [Event] AutoStop : CT_START
[09:51:43.144] [m_nState] Auto State
[09:51:43.236] ---- [Flow] CT_START Set
[09:51:43.282] ---- [Flow] CT_START Set
[09:51:43.325] ---- [Flow] CT_START Set
[09:51:43.406] ---- [Flow] CT_START Set
[09:51:45.704] ---- [Flow] CT_START Set
[09:51:54.833] ---- [Flow] CT_START Set
[09:53:00.277] ---- [Flow] CT_START Set
[09:53:35.520] ---- [Flow] CT_START Set
[09:56:16.498] ---- [Flow] CT_START Set
[09:56:16.829] ---- [Flow] CT_START Set
[09:56:17.589] ---- [Flow] CT_START Set
[09:56:23.019] ---- [Flow] CT_START Set
[09:56:45.001] ---- [Flow] CT_START Set
[09:56:50.271] ---- [Flow] CT_START Set
[09:57:46.831] ---- [Flow] CT_START Set
[09:57:58.509] ---- [Flow] CT_START Set
[09:58:07.222] ---- [Flow] CT_START Set
[09:59:34.486] ---- [Flow] CT_START Set
[10:00:21.699] ---- [Flow] CT_START Set
[10:00:35.211] ---- [Flow] CT_START Set
[10:01:35.346] ---- [Flow] CT_START Set
[10:01:35.450] ---- [Flow] CT_START Set
[10:01:35.548] ---- [Flow] CT_START Set
[10:01:35.668] ---- [Flow] CT_START Set
[10:02:04.139] ---- [Flow] CT_START Set
[10:02:04.231] ---- [Flow] CT_START Set
[10:02:06.828] ---- [Flow] CT_START Set
[10:02:06.927] ---- [Flow] CT_START Set
[10:02:07.013] ---- [Flow] CT_START Set
[10:02:07.313] ---- [Flow] CT_START Set
[10:02:08.001] ---- [Flow] CT_START Set
[10:02:08.095] ---- [Flow] CT_START Set
[10:02:08.206] ---- [Flow] CT_START Set
[10:02:08.312] ---- [Flow] CT_START Set
[10:02:10.002] ---- [Flow] CT_START Set
[10:02:10.087] ---- [Flow] CT_START Set
[10:02:10.182] ---- [Flow] CT_START Set
[10:02:10.280] ---- [Flow] CT_START Set
[10:02:19.343] ---- [Flow] CT_START Set
[10:02:19.436] ---- [Flow] CT_START Set
[10:02:19.529] ---- [Flow] CT_START Set
[10:02:20.653] ---- [Flow] CT_START Set
[10:02:20.747] ---- [Flow] CT_START Set
[10:02:20.848] ---- [Flow] CT_START Set
[10:02:21.133] ---- [Flow] CT_START Set
[10:02:21.227] ---- [Flow] CT_START Set
[10:02:21.434] ---- [Flow] CT_START Set
[10:02:21.520] ---- [Flow] CT_START Set
[10:02:22.487] ---- [Flow] CT_START Set
[10:02:22.588] ---- [Flow] CT_START Set
[10:02:22.670] ---- [Flow] CT_START Set
[10:02:22.774] ---- [Flow] CT_START Set
[10:02:23.402] ---- [Flow] CT_START Set
[10:02:23.481] ---- [Flow] CT_START Set
[10:02:23.568] ---- [Flow] CT_START Set
[10:02:23.646] ---- [Flow] CT_START Set
[10:02:23.732] ---- [Flow] CT_START Set
[10:02:23.809] ---- [Flow] CT_START Set
[10:02:23.896] ---- [Flow] CT_START Set
[10:02:23.982] ---- [Flow] CT_START Set
[10:02:24.063] ---- [Flow] CT_START Set
[10:02:24.152] ---- [Flow] CT_START Set
[10:02:24.235] ---- [Flow] CT_START Set
[10:02:24.325] ---- [Flow] CT_START Set
[10:02:24.404] ---- [Flow] CT_START Set
[10:02:25.350] ---- [Flow] CT_START Set
[10:02:25.457] ---- [Flow] CT_START Set
[10:02:25.555] ---- [Flow] CT_START Set
[10:02:36.870] ---- [Flow] CT_START Set
[10:02:36.975] ---- [Flow] CT_START Set
[10:02:38.236] ---- [Flow] CT_START Set
[10:02:38.581] ---- [Flow] CT_START Set
[10:02:38.689] ---- [Flow] CT_START Set
[10:02:38.779] ---- [Flow] CT_START Set
[10:02:50.271] ---- [Flow] CT_STOP Set
[10:02:50.293] ---- [Event] Auto : CT_STOP
[10:02:50.293] --------- [Monitor] StopTasks() : before m_stopped
[10:02:50.305] --------- [Monitor] StopTasks() : m_stopped
[10:02:50.306] [m_nState] AutoStop State
[10:02:50.312] ---- [Flow] CT_STOP Set
[10:02:50.423] ---- [Flow] CT_STOP Set
[10:02:50.456] ---- [Flow] CT_STOP Set
[10:02:50.564] ---- [Flow] CT_STOP Set
[10:02:50.595] ---- [Flow] CT_STOP Set
[10:02:50.701] ---- [Flow] CT_STOP Set
[10:02:50.734] ---- [Flow] CT_STOP Set
[10:02:50.841] ---- [Flow] CT_STOP Set
[10:02:50.874] ---- [Flow] CT_STOP Set
[10:02:50.944] ---- [Flow] CT_STOP Set
[10:02:50.979] ---- [Flow] CT_STOP Set
[10:02:51.011] ---- [Flow] CT_STOP Set
[10:02:51.236] ---- [Flow] CT_STOP Set
[10:02:51.271] ---- [Flow] CT_STOP Set
[10:02:51.304] ---- [Flow] CT_STOP Set
[10:02:51.412] ---- [Flow] CT_STOP Set
[10:02:51.444] ---- [Flow] CT_STOP Set
[10:02:51.475] ---- [Flow] CT_STOP Set
[10:02:51.506] ---- [Flow] CT_STOP Set
[10:03:02.430] ---- [Flow] CT_START Set
[10:03:02.451] ---- [Event] AutoStop : CT_START
[10:03:02.451] [m_nState] Auto State
[10:03:02.470] ---- [Flow] CT_START Set
[10:03:02.564] ---- [Flow] CT_START Set
[10:03:02.607] ---- [Flow] CT_START Set
[10:03:10.473] ---- [Flow] CT_START Set
[10:03:10.512] ---- [Flow] CT_START Set
[10:03:10.616] ---- [Flow] CT_START Set
[10:03:10.658] ---- [Flow] CT_START Set
[10:03:10.700] ---- [Flow] CT_START Set
[10:03:10.793] ---- [Flow] CT_START Set
[10:03:10.840] ---- [Flow] CT_START Set
[10:03:10.998] ---- [Flow] CT_START Set
[10:03:11.035] ---- [Flow] CT_START Set
[10:03:11.165] ---- [Flow] CT_START Set
[10:03:11.208] ---- [Flow] CT_START Set
[10:03:11.350] ---- [Flow] CT_START Set
[10:03:11.395] ---- [Flow] CT_START Set
[10:03:11.552] ---- [Flow] CT_START Set
[10:03:11.595] ---- [Flow] CT_START Set
[10:03:11.755] ---- [Flow] CT_START Set
[10:03:11.798] ---- [Flow] CT_START Set
[10:03:11.946] ---- [Flow] CT_START Set
[10:03:11.988] ---- [Flow] CT_START Set
[10:03:12.129] ---- [Flow] CT_START Set
[10:03:12.343] ---- [Flow] CT_START Set
[10:03:12.534] ---- [Flow] CT_START Set
[10:03:12.576] ---- [Flow] CT_START Set
[10:03:12.733] ---- [Flow] CT_START Set
[10:03:12.773] ---- [Flow] CT_START Set
[10:03:12.924] ---- [Flow] CT_START Set
[10:03:12.963] ---- [Flow] CT_START Set
[10:03:13.159] ---- [Flow] CT_START Set
[10:03:13.194] ---- [Flow] CT_START Set
[10:03:13.400] ---- [Flow] CT_START Set
[10:03:13.639] ---- [Flow] CT_START Set
[10:03:13.827] ---- [Flow] CT_START Set
[10:03:14.105] ---- [Flow] CT_START Set
[10:03:34.519] ---- [Flow] CT_START Set
[10:03:38.305] ---- [Flow] CT_START Set
[10:04:14.797] ---- [Flow] CT_START Set
[10:04:53.561] ---- [Flow] CT_START Set
[10:08:26.551] ---- [Flow] CT_START Set
[10:10:16.321] ---- [Flow] CT_START Set
[10:17:24.314] ---- [Flow] CT_START Set
[10:17:35.790] ---- [Flow] CT_START Set
[10:18:00.868] ---- [Flow] CT_START Set
[10:18:46.718] ---- [Flow] CT_START Set
[10:18:57.433] ---- [Flow] CT_START Set
[10:19:18.687] ---- [Flow] CT_START Set
[10:19:18.981] ---- [Flow] CT_START Set
[10:19:19.773] ---- [Flow] CT_START Set
[10:19:20.011] ---- [Flow] CT_START Set
[10:19:24.344] ---- [Flow] CT_START Set
[10:19:24.600] ---- [Flow] CT_START Set
[10:21:55.982] ---- [Flow] CT_START Set
[10:22:46.025] ---- [Flow] CT_START Set
[10:24:11.135] ---- [Flow] CT_START Set
[10:27:05.917] ---- [Flow] CT_START Set
[10:27:06.186] ---- [Flow] CT_START Set
[10:27:09.030] ---- [Flow] CT_START Set
[10:27:11.317] ---- [Flow] CT_START Set
[10:27:11.624] ---- [Flow] CT_START Set
[10:27:40.634] ---- [Flow] CT_START Set
[10:27:53.650] ---- [Flow] CT_START Set
[10:31:03.554] ---- [Flow] CT_START Set
[10:32:40.835] ---- [Flow] CT_START Set
[10:33:28.357] ---- [Flow] CT_START Set
[10:33:40.854] ---- [Flow] CT_START Set
[10:35:19.252] ---- [Flow] CT_START Set
[10:38:20.207] ---- [Flow] CT_START Set
[10:38:47.435] ---- [Flow] CT_START Set
[10:38:57.162] ---- [Flow] CT_START Set
[10:39:07.667] ---- [Flow] CT_START Set
[10:40:07.847] ---- [Flow] CT_START Set
[10:40:13.534] ---- [Flow] CT_START Set
[10:40:50.205] ---- [Flow] CT_START Set
[10:41:48.830] ---- [Flow] CT_START Set
[10:42:27.532] ---- [Flow] CT_START Set
[10:45:06.719] ---- [Flow] CT_START Set
[10:46:38.251] ---- [Flow] CT_START Set
[10:46:48.738] ---- [Flow] CT_START Set
[10:46:57.414] ---- [Flow] CT_START Set
[10:50:05.425] ---- [Flow] CT_START Set
[10:50:24.584] ---- [Flow] CT_START Set
[10:50:47.793] ---- [Flow] CT_START Set
[10:50:56.576] ---- [Flow] CT_START Set
[10:51:18.327] ---- [Flow] CT_START Set
[10:51:18.421] ---- [Flow] CT_START Set
[10:51:18.502] ---- [Flow] CT_START Set
[10:51:23.252] ---- [Flow] CT_START Set
[10:52:51.110] ---- [Flow] CT_START Set
[10:53:42.750] ---- [Flow] CT_START Set
[10:53:50.770] ---- [Flow] CT_START Set
[10:53:52.614] ---- [Flow] CT_START Set
[10:53:59.739] ---- [Flow] CT_START Set
[10:54:04.436] ---- [Flow] CT_START Set
[10:58:08.220] ---- [Flow] CT_START Set
[10:58:25.766] ---- [Flow] CT_START Set
[11:00:48.494] ---- [Flow] CT_START Set
[11:02:41.163] ---- [Flow] CT_START Set
[11:02:52.356] ---- [Flow] CT_START Set
[11:03:47.458] ---- [Flow] CT_START Set
[11:03:57.513] ---- [Flow] CT_START Set
[11:04:54.012] ---- [Flow] CT_START Set
[11:08:00.587] ---- [Flow] CT_START Set
[11:09:34.422] ---- [Flow] CT_START Set
[11:11:11.171] ---- [Flow] CT_START Set
[11:12:14.923] ---- [Flow] CT_START Set
[11:13:17.240] ---- [Flow] CT_START Set
[11:16:44.803] ---- [Flow] CT_START Set
[11:21:29.010] ---- [Flow] CT_START Set
[11:21:41.763] ---- [Flow] CT_START Set
[11:22:19.641] ---- [Flow] CT_START Set
[11:23:54.711] ---- [Flow] CT_START Set
[11:24:07.892] ---- [Flow] CT_START Set
[11:28:57.340] ---- [Flow] CT_START Set
[11:30:29.030] ---- [Flow] CT_START Set
[11:30:33.703] ---- [Flow] CT_STOP Set
[11:30:33.725] ---- [Event] Auto : CT_STOP
[11:30:33.725] --------- [Monitor] StopTasks() : before m_stopped
[11:30:33.765] ---- [Flow] CT_STOP Set
[11:30:33.773] --------- [Monitor] StopTasks() : m_stopped
[11:30:33.773] [m_nState] AutoStop State
[11:30:33.803] ---- [Flow] CT_STOP Set
[11:30:33.838] ---- [Flow] CT_STOP Set
[11:39:16.206] ---- [Flow] CT_START Set
[11:39:16.228] ---- [Event] AutoStop : CT_START
[11:39:16.228] [m_nState] Auto State
[11:39:17.546] ---- [Flow] CT_START Set
[11:41:59.833] ---- [Flow] CT_START Set
[11:43:49.668] ---- [Flow] CT_START Set
[11:47:39.953] ---- [Flow] CT_START Set
[11:49:50.330] ---- [Flow] CT_START Set
[11:50:06.478] ---- [Flow] CT_START Set
[11:51:34.204] ---- [Flow] CT_START Set
[11:51:35.022] ---- [Flow] CT_START Set
[11:52:34.266] ---- [Flow] CT_START Set
[11:53:21.518] ---- [Flow] CT_START Set
[11:53:26.651] ---- [Flow] CT_START Set
[11:54:23.498] ---- [Flow] CT_START Set
[11:54:23.553] ---- [Flow] CT_START Set
[11:54:23.615] ---- [Flow] CT_START Set
[11:54:23.678] ---- [Flow] CT_START Set
[11:54:27.126] ---- [Flow] CT_START Set
[11:55:28.274] ---- [Flow] CT_START Set
[11:56:27.418] ---- [Flow] CT_START Set
[11:56:55.615] ---- [Flow] CT_START Set
[11:57:06.787] ---- [Flow] CT_START Set
[11:58:04.099] ---- [Flow] CT_START Set
[11:59:09.494] ---- [Flow] CT_START Set
[11:59:39.412] ---- [Flow] CT_START Set
[12:01:32.860] ---- [Flow] CT_START Set
[12:01:59.017] ---- [Flow] CT_START Set
[12:03:32.920] ---- [Flow] CT_START Set
[12:04:50.269] ---- [Flow] CT_START Set
[12:05:56.285] ---- [Flow] CT_START Set
[12:06:05.277] ---- [Flow] CT_START Set
[12:10:06.040] ---- [Flow] CT_START Set
[12:10:43.845] ---- [Flow] CT_START Set
[12:11:06.736] ---- [Flow] CT_START Set
[12:12:52.378] ---- [Flow] CT_START Set
[12:13:06.146] ---- [Flow] CT_START Set
[12:14:51.528] ---- [Flow] CT_START Set
[12:17:56.458] ---- [Flow] CT_START Set
[12:20:05.215] ---- [Flow] CT_START Set
[12:20:07.173] ---- [Flow] CT_START Set
[12:25:16.594] ---- [Flow] CT_START Set
[12:25:24.987] ---- [Flow] CT_START Set
[12:25:41.215] ---- [Flow] CT_START Set
[12:27:08.049] ---- [Flow] CT_START Set
[12:27:55.319] ---- [Flow] CT_START Set
[12:29:55.116] ---- [Flow] CT_START Set
[12:30:23.736] ---- [Flow] CT_START Set
[12:31:41.670] ---- [Flow] CT_START Set
[12:32:40.957] ---- [Flow] CT_START Set
[12:37:41.322] ---- [Flow] CT_START Set
[12:37:51.836] ---- [Flow] CT_START Set
[12:38:24.206] ---- [Flow] CT_START Set
[12:38:34.617] ---- [Flow] CT_START Set
[12:39:24.524] ---- [Flow] CT_START Set
[12:40:30.946] ---- [Flow] CT_START Set
[12:40:40.970] ---- [Flow] CT_START Set
[12:41:41.726] ---- [Flow] CT_START Set
[12:41:55.931] ---- [Flow] CT_START Set
[12:42:09.736] ---- [Flow] CT_START Set
[12:42:35.443] ---- [Flow] CT_START Set
[12:43:06.683] ---- [Flow] CT_START Set
[12:43:06.771] ---- [Flow] CT_START Set
[12:43:06.846] ---- [Flow] CT_START Set
[12:43:11.654] ---- [Flow] CT_START Set
[12:43:11.734] ---- [Flow] CT_START Set
[12:43:11.804] ---- [Flow] CT_START Set
[12:43:11.893] ---- [Flow] CT_START Set
[12:43:16.514] ---- [Flow] CT_START Set
[12:43:16.607] ---- [Flow] CT_START Set
[12:43:17.289] ---- [Flow] CT_START Set
[12:43:17.386] ---- [Flow] CT_START Set
[12:43:17.466] ---- [Flow] CT_START Set
[12:43:23.632] ---- [Flow] CT_START Set
[12:43:47.038] ---- [Flow] CT_START Set
[12:43:47.106] ---- [Flow] CT_START Set
[12:43:47.166] ---- [Flow] CT_START Set
[12:43:52.570] ---- [Flow] CT_START Set
[12:44:45.037] ---- [Flow] CT_START Set
[12:45:00.401] ---- [Flow] CT_START Set
[12:46:19.184] ---- [Flow] CT_START Set
[12:46:25.877] ---- [Flow] CT_START Set
[12:48:02.935] ---- [Flow] CT_START Set
[12:48:03.171] ---- [Flow] CT_START Set
[12:48:05.520] ---- [Flow] CT_START Set
[12:48:08.850] ---- [Flow] CT_START Set
[12:48:09.359] ---- [Flow] CT_START Set
[12:48:12.198] ---- [Flow] CT_START Set
[12:48:12.282] ---- [Flow] CT_START Set
[12:48:44.370] ---- [Flow] CT_START Set
[12:48:51.150] ---- [Flow] CT_START Set
[12:52:53.536] ---- [Flow] CT_START Set
[12:53:29.572] ---- [Flow] CT_START Set
[12:54:03.429] ---- [Flow] CT_START Set
[12:54:13.956] ---- [Flow] CT_START Set
[12:54:59.039] ---- [Flow] CT_START Set
[12:55:49.824] ---- [Flow] CT_START Set
[12:56:00.568] ---- [Flow] CT_START Set
[12:58:01.079] ---- [Flow] CT_START Set
[13:01:56.069] ---- [Flow] CT_START Set
[13:03:08.650] ---- [Flow] CT_START Set
[13:07:20.444] ---- [Flow] CT_START Set
[13:12:10.049] ---- [Flow] CT_START Set
[13:12:19.880] ---- [Flow] CT_START Set
[13:12:43.779] ---- [Flow] CT_START Set
[13:12:53.748] ---- [Flow] CT_START Set
[13:14:54.553] ---- [Flow] CT_START Set
[13:15:26.158] ---- [Flow] CT_START Set
[13:16:08.158] ---- [Flow] CT_START Set
[13:16:17.179] ---- [Flow] CT_START Set
[13:16:51.787] ---- [Flow] CT_START Set
[13:17:01.381] ---- [Flow] CT_START Set
[13:17:33.108] ---- [Flow] CT_START Set
[13:18:24.170] ---- [Flow] CT_START Set
[13:20:28.188] ---- [Flow] CT_START Set
[13:21:38.585] ---- [Flow] CT_START Set
[13:23:11.772] ---- [Flow] CT_START Set
[13:24:04.386] ---- [Flow] CT_START Set
[13:24:12.881] ---- [Flow] CT_START Set
[13:33:15.880] ---- [Flow] CT_START Set
[13:33:25.596] ---- [Flow] CT_START Set
[13:34:08.450] ---- [Flow] CT_START Set
[13:34:08.805] ---- [Flow] CT_START Set
[13:34:09.600] ---- [Flow] CT_START Set
[13:34:10.278] ---- [Flow] CT_START Set
[13:34:10.636] ---- [Flow] CT_START Set
[13:34:17.365] ---- [Flow] CT_START Set
[13:37:24.304] ---- [Flow] CT_START Set
[13:40:34.255] ---- [Flow] CT_START Set
[13:40:44.605] ---- [Flow] CT_START Set
[13:41:09.912] ---- [Flow] CT_START Set
[13:43:26.527] ---- [Flow] CT_START Set
[13:43:36.571] ---- [Flow] CT_START Set
[13:44:13.710] ---- [Flow] CT_START Set
[13:44:37.687] ---- [Flow] CT_START Set
[13:45:36.026] ---- [Flow] CT_STOP Set
[13:45:36.047] ---- [Event] Auto : CT_STOP
[13:45:36.047] --------- [Monitor] StopTasks() : before m_stopped
[13:45:36.080] ---- [Flow] CT_STOP Set
[13:45:36.117] ---- [Flow] CT_STOP Set
[13:45:37.165] --------- [Monitor] StopTasks() : m_stopped
[13:45:37.165] [m_nState] AutoStop State
[14:26:59.696] ---- [Flow] CT_START Set
[14:26:59.718] ---- [Event] AutoStop : CT_START
[14:26:59.718] [m_nState] Auto State
[14:27:00.950] ---- [Flow] CT_START Set
[14:30:10.844] ---- [Flow] CT_START Set
[14:31:21.068] ---- [Flow] CT_START Set
[14:33:30.500] ---- [Flow] CT_START Set
[14:35:37.547] ---- [Flow] CT_START Set
[14:38:28.852] ---- [Flow] CT_START Set
[14:44:42.687] ---- [Flow] CT_START Set
[14:45:10.404] ---- [Flow] CT_START Set
[14:45:14.581] ---- [Flow] CT_START Set
[14:45:19.787] ---- [Flow] CT_START Set
[14:51:50.831] ---- [Flow] CT_START Set
[14:53:12.739] ---- [Flow] CT_START Set
[15:00:49.407] ---- [Flow] CT_START Set
[15:01:06.729] ---- [Flow] CT_START Set
[15:02:23.094] ---- [Flow] CT_START Set
[15:03:51.515] ---- [Flow] CT_START Set
[15:03:51.742] ---- [Flow] CT_START Set
[15:03:52.477] ---- [Flow] CT_START Set
[15:03:52.652] ---- [Flow] CT_START Set
[15:03:53.308] ---- [Flow] CT_START Set
[15:03:53.584] ---- [Flow] CT_START Set
[15:03:54.499] ---- [Flow] CT_START Set
[15:03:54.791] ---- [Flow] CT_START Set
[15:03:55.506] ---- [Flow] CT_START Set
[15:03:56.209] ---- [Flow] CT_START Set
[15:04:00.588] ---- [Flow] CT_START Set
[15:04:32.298] ---- [Flow] CT_START Set
[15:05:50.866] ---- [Flow] CT_START Set
[15:07:06.460] ---- [Flow] CT_START Set
[15:07:07.609] ---- [Flow] CT_START Set
[15:07:08.224] ---- [Flow] CT_START Set
[15:07:08.549] ---- [Flow] CT_START Set
[15:07:44.804] ---- [Flow] CT_START Set
[15:08:03.645] ---- [Flow] CT_START Set
[15:08:04.153] ---- [Flow] CT_START Set
[15:08:04.844] ---- [Flow] CT_START Set
[15:08:05.111] ---- [Flow] CT_START Set
[15:08:05.905] ---- [Flow] CT_START Set
[15:08:06.719] ---- [Flow] CT_START Set
[15:08:06.992] ---- [Flow] CT_START Set
[15:08:07.821] ---- [Flow] CT_START Set
[15:08:10.674] ---- [Flow] CT_START Set
[15:10:13.557] ---- [Flow] CT_START Set
[15:13:39.358] ---- [Flow] CT_START Set
[15:13:50.078] ---- [Flow] CT_START Set
[15:16:52.638] ---- [Flow] CT_START Set
[15:20:20.354] ---- [Flow] CT_START Set
[15:21:05.636] ---- [Flow] CT_START Set
[15:24:07.150] ---- [Flow] CT_START Set
[15:24:14.141] ---- [Flow] CT_START Set
[15:24:16.304] ---- [Flow] CT_STOP Set
[15:24:16.325] ---- [Event] Auto : CT_STOP
[15:24:16.325] --------- [Monitor] StopTasks() : before m_stopped
[15:24:16.325] --------- [Monitor] StopTasks() : m_stopped
[15:24:16.325] [m_nState] AutoStop State
[15:24:16.336] ---- [Flow] CT_STOP Set
[15:24:16.367] ---- [Flow] CT_STOP Set
[15:24:17.451] ---- [Flow] CT_START Set
[15:24:17.473] ---- [Event] AutoStop : CT_START
[15:24:17.473] [m_nState] Auto State
[15:25:33.334] ---- [Flow] CT_START Set
[15:25:33.611] ---- [Flow] CT_START Set
[15:25:34.393] ---- [Flow] CT_START Set
[15:25:34.681] ---- [Flow] CT_START Set
[15:25:35.318] ---- [Flow] CT_START Set
[15:25:36.027] ---- [Flow] CT_START Set
[15:25:36.310] ---- [Flow] CT_START Set
[15:25:37.025] ---- [Flow] CT_START Set
[15:25:37.734] ---- [Flow] CT_START Set
[15:25:38.031] ---- [Flow] CT_START Set
[15:25:57.391] ---- [Flow] CT_START Set
[15:25:57.648] ---- [Flow] CT_START Set
[15:25:58.254] ---- [Flow] CT_START Set
[15:25:58.460] ---- [Flow] CT_START Set
[15:25:59.309] ---- [Flow] CT_START Set
[15:25:59.942] ---- [Flow] CT_START Set
[15:26:00.164] ---- [Flow] CT_START Set
[15:31:06.467] ---- [Flow] CT_START Set
[15:34:55.998] ---- [Flow] CT_START Set
[15:35:03.574] ---- [Flow] CT_START Set
[15:35:03.841] ---- [Flow] CT_START Set
[15:37:54.797] ---- [Flow] CT_START Set
[15:38:09.712] ---- [Flow] CT_START Set
[15:42:14.740] ---- [Flow] CT_START Set
[15:42:15.004] ---- [Flow] CT_START Set
[15:42:35.591] ---- [Flow] CT_START Set
[15:44:06.800] ---- [Flow] CT_START Set
[15:44:16.821] ---- [Flow] CT_START Set
[15:48:40.226] ---- [Flow] CT_START Set
[15:49:22.200] ---- [Flow] CT_START Set
[15:49:58.910] ---- [Flow] CT_START Set
[15:49:59.473] ---- [Flow] CT_START Set
[15:50:14.225] ---- [Flow] CT_START Set
[15:50:37.987] ---- [Flow] CT_START Set
[15:55:05.554] ---- [Flow] CT_START Set
[15:57:52.609] ---- [Flow] CT_START Set
[15:57:52.862] ---- [Flow] CT_START Set
[15:57:53.764] ---- [Flow] CT_START Set
[15:58:11.349] ---- [Flow] CT_START Set
[15:58:19.809] ---- [Flow] CT_START Set
[15:58:47.801] ---- [Flow] CT_START Set
[16:01:22.016] ---- [Flow] CT_START Set
[16:04:09.944] ---- [Flow] CT_START Set
[16:05:45.853] ---- [Flow] CT_START Set
[16:06:17.885] ---- [Flow] CT_START Set
[16:06:18.051] ---- [Flow] CT_START Set
[16:06:22.314] ---- [Flow] CT_START Set
[16:07:55.766] ---- [Flow] CT_START Set
[16:09:44.563] ---- [Flow] CT_START Set
[16:11:27.561] ---- [Flow] CT_START Set
[16:14:17.788] ---- [Flow] CT_START Set
[16:14:40.627] ---- [Flow] CT_START Set
[16:14:52.121] ---- [Flow] CT_START Set
[16:15:56.637] ---- [Flow] CT_START Set
[16:17:24.604] ---- [Flow] CT_START Set
[16:18:19.640] ---- [Flow] CT_START Set
[16:18:30.668] ---- [Flow] CT_START Set
[16:20:05.048] ---- [Flow] CT_START Set
[16:20:30.787] ---- [Flow] CT_STOP Set
[16:20:30.809] ---- [Event] Auto : CT_STOP
[16:20:30.809] --------- [Monitor] StopTasks() : before m_stopped
[16:20:30.855] ---- [Flow] CT_STOP Set
[16:20:30.900] ---- [Flow] CT_STOP Set
[16:20:30.945] ---- [Flow] CT_STOP Set
[16:20:30.989] ---- [Flow] CT_STOP Set
[16:20:31.030] ---- [Flow] CT_STOP Set
[16:20:31.091] --------- [Monitor] StopTasks() : m_stopped
[16:20:31.091] [m_nState] AutoStop State
[16:29:16.873] ---- [Flow] CT_START Set
[16:29:16.895] ---- [Event] AutoStop : CT_START
[16:29:16.895] [m_nState] Auto State
[16:29:18.471] ---- [Flow] CT_START Set
[16:30:36.361] ---- [Flow] CT_START Set
[16:30:47.374] ---- [Flow] CT_START Set
[16:31:56.988] ---- [Flow] CT_START Set
[16:41:24.473] ---- [Flow] CT_START Set
[16:41:29.736] ---- [Flow] CT_START Set
[16:41:32.762] ---- [Flow] CT_START Set
[16:41:37.082] ---- [Flow] CT_START Set
[16:41:37.172] ---- [Flow] CT_START Set
[16:41:37.274] ---- [Flow] CT_START Set
[16:41:37.375] ---- [Flow] CT_START Set
[16:41:44.841] ---- [Flow] CT_START Set
[16:41:44.944] ---- [Flow] CT_START Set
[16:41:45.038] ---- [Flow] CT_START Set
[16:41:45.137] ---- [Flow] CT_START Set
[16:41:45.234] ---- [Flow] CT_START Set
[16:41:45.331] ---- [Flow] CT_START Set
[16:42:01.808] ---- [Flow] CT_START Set
[16:42:34.632] ---- [Flow] CT_START Set
[16:43:41.846] ---- [Flow] CT_START Set
[16:43:51.798] ---- [Flow] CT_START Set
[16:44:29.286] ---- [Flow] CT_START Set
[16:45:15.851] ---- [Flow] CT_START Set
[16:55:31.282] ---- [Flow] CT_START Set
[16:57:40.668] ---- [Flow] CT_START Set
[17:00:13.173] ---- [Flow] CT_START Set
[17:01:31.770] ---- [Flow] CT_START Set
[17:03:21.986] ---- [Flow] CT_START Set
[17:03:22.217] ---- [Flow] CT_START Set
[17:03:30.361] ---- [Flow] CT_START Set
[17:03:30.608] ---- [Flow] CT_START Set
[17:04:15.613] ---- [Flow] CT_START Set
[17:04:15.706] ---- [Flow] CT_START Set
[17:04:15.796] ---- [Flow] CT_START Set
[17:04:33.414] ---- [Flow] CT_START Set
[17:07:45.565] ---- [Flow] CT_START Set
[17:11:36.121] ---- [Flow] CT_START Set
[17:16:39.561] ---- [Flow] CT_START Set
[17:34:35.857] ---- [Flow] CT_START Set
[17:36:14.440] ---- [Flow] CT_START Set
[17:36:14.529] ---- [Flow] CT_START Set
[17:36:14.620] ---- [Flow] CT_START Set
[17:36:21.213] ---- [Flow] CT_START Set
[17:36:21.306] ---- [Flow] CT_START Set
[17:36:21.390] ---- [Flow] CT_START Set
[17:36:26.126] ---- [Flow] CT_START Set
[17:36:33.710] ---- [Flow] CT_START Set
[17:37:16.900] ---- [Flow] CT_START Set
[17:39:18.383] ---- [Flow] CT_START Set
[17:50:35.886] ---- [Flow] CT_START Set
[17:53:20.676] ---- [Flow] CT_STOP Set
[17:53:20.697] ---- [Event] Auto : CT_STOP
[17:53:20.697] --------- [Monitor] StopTasks() : before m_stopped
[17:53:20.734] --------- [Monitor] StopTasks() : m_stopped
[17:53:20.734] [m_nState] AutoStop State
[17:54:23.798] ---- [Flow] CT_START Set
[17:54:23.819] ---- [Event] AutoStop : CT_START
[17:54:23.819] [m_nState] Auto State
[17:54:25.406] ---- [Flow] CT_STOP Set
[17:54:25.428] ---- [Event] Auto : CT_STOP
[17:54:25.428] --------- [Monitor] StopTasks() : before m_stopped
[17:54:25.454] --------- [Monitor] StopTasks() : m_stopped
[17:54:25.454] [m_nState] AutoStop State
[17:54:25.466] ---- [Flow] CT_STOP Set
[20:43:44.572] ---- [Flow] CT_START Set
[20:43:44.594] ---- [Event] AutoStop : CT_START
[20:43:44.594] [m_nState] Auto State
[20:43:45.238] ---- [Flow] CT_START Set
[20:54:14.671] ---- [Flow] CT_STOP Set
[20:54:14.693] ---- [Event] Auto : CT_STOP
[20:54:14.693] --------- [Monitor] StopTasks() : before m_stopped
[20:54:14.935] --------- [Monitor] StopTasks() : m_stopped
[20:54:14.935] [m_nState] AutoStop State
[20:59:13.303] ---- [Flow] CT_START Set
[20:59:13.324] ---- [Event] AutoStop : CT_START
[20:59:13.324] [m_nState] Auto State
[20:59:13.970] ---- [Flow] CT_START Set
[21:04:49.329] ---- [Flow] CT_START Set
[21:12:34.159] ---- [Flow] CT_START Set
[21:14:56.486] ---- [Flow] CT_START Set
[21:15:14.853] ---- [Flow] CT_START Set
[21:21:16.724] ---- [Flow] CT_START Set
[21:21:27.237] ---- [Flow] CT_START Set
[21:27:22.152] ---- [Flow] CT_START Set
[21:30:56.290] ---- [Flow] CT_START Set
[21:32:22.875] ---- [Flow] CT_START Set
[21:33:34.837] ---- [Flow] CT_START Set
[21:34:03.012] ---- [Flow] CT_START Set
[21:34:13.131] ---- [Flow] CT_START Set
[21:34:20.767] ---- [Flow] CT_START Set
[21:36:43.127] ---- [Flow] CT_START Set
[21:39:02.481] ---- [Flow] CT_START Set
[21:40:29.407] ---- [Flow] CT_START Set
[21:40:37.683] ---- [Flow] CT_START Set
[21:41:13.563] ---- [Flow] CT_START Set
[21:41:23.555] ---- [Flow] CT_START Set
[21:42:40.008] ---- [Flow] CT_START Set
[21:42:48.230] ---- [Flow] CT_START Set
[21:42:58.571] ---- [Flow] CT_START Set
[21:44:35.171] ---- [Flow] CT_START Set
[21:44:51.545] ---- [Flow] CT_START Set
[21:46:49.266] ---- [Flow] CT_START Set
[21:47:50.296] ---- [Flow] CT_START Set
[21:48:00.990] ---- [Flow] CT_START Set
[21:48:20.420] ---- [Flow] CT_START Set
[21:51:56.618] ---- [Flow] CT_START Set
[21:52:02.233] ---- [Flow] CT_START Set
[21:52:08.383] ---- [Flow] CT_START Set
[21:52:15.127] ---- [Flow] CT_START Set
[21:54:02.574] ---- [Flow] CT_START Set
[21:54:59.249] ---- [Flow] CT_START Set
[21:56:50.844] ---- [Flow] CT_START Set
[21:56:55.463] ---- [Flow] CT_START Set
[21:57:07.466] ---- [Flow] CT_START Set
[21:57:44.056] ---- [Flow] CT_START Set
[21:59:06.948] ---- [Flow] CT_START Set
[22:03:20.804] ---- [Flow] CT_START Set
[22:03:35.539] ---- [Flow] CT_START Set
[22:06:48.966] ---- [Flow] CT_START Set
[22:07:00.650] ---- [Flow] CT_START Set
[22:10:28.912] ---- [Flow] CT_START Set
[22:10:32.909] ---- [Flow] CT_START Set
[22:11:26.391] ---- [Flow] CT_START Set
[22:11:37.600] ---- [Flow] CT_START Set
[22:15:16.128] ---- [Flow] CT_START Set
[22:15:24.341] ---- [Flow] CT_START Set
[22:17:56.107] ---- [Flow] CT_START Set
[22:18:34.720] ---- [Flow] CT_START Set
[22:20:37.689] ---- [Flow] CT_START Set
[22:36:33.977] ---- [Flow] CT_START Set
[22:38:36.728] ---- [Flow] CT_START Set
[22:38:44.425] ---- [Flow] CT_START Set
[22:44:11.911] ---- [Flow] CT_START Set
[22:44:20.191] ---- [Flow] CT_START Set
[22:46:03.069] ---- [Flow] CT_START Set
[22:47:03.987] ---- [Flow] CT_START Set
[22:48:16.141] ---- [Flow] CT_START Set
[22:49:59.854] ---- [Flow] CT_START Set
[22:50:27.880] ---- [Flow] CT_START Set
[22:50:46.774] ---- [Flow] CT_START Set
[22:50:53.286] ---- [Flow] CT_START Set
[22:52:37.053] ---- [Flow] CT_START Set
[22:53:59.647] ---- [Flow] CT_START Set
[22:54:12.713] ---- [Flow] CT_START Set
[22:54:48.889] ---- [Flow] CT_START Set
[23:02:47.685] ---- [Flow] CT_START Set
[23:02:48.914] ---- [Flow] CT_START Set
[23:06:01.931] ---- [Flow] CT_START Set
[23:07:31.736] ---- [Flow] CT_START Set
[23:08:21.555] ---- [Flow] CT_START Set
[23:08:40.644] ---- [Flow] CT_START Set
[23:08:47.065] ---- [Flow] CT_START Set
[23:09:23.989] ---- [Flow] CT_START Set
[23:10:19.359] ---- [Flow] CT_START Set
[23:10:22.422] ---- [Flow] CT_START Set
[23:17:45.722] ---- [Flow] CT_START Set
[23:17:49.470] ---- [Flow] CT_START Set
[23:21:56.285] ---- [Flow] CT_START Set
[23:22:06.858] ---- [Flow] CT_START Set
[23:22:32.148] ---- [Flow] CT_START Set
[23:23:43.274] ---- [Flow] CT_START Set
[23:24:11.284] ---- [Flow] CT_START Set
[23:24:11.374] ---- [Flow] CT_START Set
[23:31:20.232] ---- [Flow] CT_START Set
[23:31:46.986] ---- [Flow] CT_START Set
[23:31:56.047] ---- [Flow] CT_START Set
[23:32:26.509] ---- [Flow] CT_START Set
[23:37:26.635] ---- [Flow] CT_START Set
[23:39:22.950] ---- [Flow] CT_START Set
[23:39:33.348] ---- [Flow] CT_START Set
[23:40:12.768] ---- [Flow] CT_START Set
[23:46:40.703] ---- [Flow] CT_START Set
[23:47:04.024] ---- [Flow] CT_START Set
[23:47:07.517] ---- [Flow] CT_START Set
[23:47:08.285] ---- [Flow] CT_START Set
[23:48:02.341] ---- [Flow] CT_START Set
[23:49:07.803] ---- [Flow] CT_START Set
[23:49:14.114] ---- [Flow] CT_START Set
[23:52:11.962] ---- [Flow] CT_START Set
[23:55:25.093] ---- [Flow] CT_START Set
[23:58:58.689] ---- [Flow] CT_START Set
[23:59:09.260] ---- [Flow] CT_START Set
