[08:52:22.827] [RightTransferStation] Move Z Axis Fail
[08:52:44.449] [RightTransferStation] Move X,Y Axis Fail
[08:56:31.504] [LeftTransferStation] Vacuum Fail
[08:57:29.081] [MainControlStation] Right Door Open
[08:57:32.377] [MainControlStation] Right Door Open
[09:17:50.944] [LeftPPStation] Loading Vacuum Fail
[09:18:01.944] [LeftPPStation] Loading Vacuum Fail
[09:18:37.868] [LeftPPStation] Loading Vacuum Fail
[09:18:59.389] [LeftPPStation] Loading Vacuum Fail
[09:49:16.631] [RightTransferStation] Move Z Axis Fail
[09:49:21.270] [RightTransferStation] Move Z Axis Fail
[09:49:31.827] [RightTransferStation] Move Z Axis Fail
[09:49:33.887] [RightTransferStation] Move Z Axis Fail
[09:49:54.771] [RightTransferStation] Move Z Axis Fail
[09:51:33.575] [RightTransferStation] Move Z Axis Fail
[09:53:04.825] [RightTransferStation] Vacuum Fail
[09:54:07.926] [RightTransferStation] Vacuum Fail
[09:54:18.400] [RightTransferStation] Vacuum Fail
[10:23:49.897] [RightTransferStation] Set Double Placed
[10:47:17.340] [LeftTransferStation] Set Double Placed
[10:49:53.759] [LeftTransferStation] Set Double Placed
[10:50:37.567] [LeftTransferStation] Set Double Placed
[10:51:19.684] [LeftTransferStation] Set Double Placed
[10:51:36.527] [RightTransferStation] Set Double Placed
[10:52:04.684] [LeftTransferStation] Set Double Placed
[10:52:15.586] [RightTransferStation] Set Double Placed
[10:52:37.229] [LeftTransferStation] Set Double Placed
[10:53:06.730] [LeftTransferStation] Set Double Placed
[10:56:17.985] [RightTransferStation] Set Double Placed
[10:56:33.110] [RightTransferStation] Set Double Placed
[11:00:22.620] [LeftTransferStation] Set Double Placed
[11:00:31.585] [LeftTransferStation] Set Double Placed
[11:08:56.117] [RightTransferStation] Vacuum Fail
[11:09:06.738] [RightTransferStation] Vacuum Fail
[11:10:49.488] [MainControlStation] Right Door Open
[11:35:12.135] [MainControlStation] Right Door Open
[11:39:27.747] [MainControlStation] Left Door Open
[15:36:06.726] [RightPPStation] Loading Vacuum Fail
[15:36:37.800] [LeftPPStation] Loading Vacuum Fail
[15:37:13.074] [RightPPStation] Loading Vacuum Fail
