[08:42:25.069] [MainControlStation] Right Door Open
[08:45:08.364] [MainControlStation] Right Door Open
[08:46:41.713] [LeftTransferStation] Vacuum Error
[08:58:12.395] [LeftTransferStation] Move XY Axis Error
[09:35:10.062] [MainControlStation] Right Door Open
[11:12:10.774] [RightPPStation] Unload Cylinder Vacuum Error
[11:56:17.207] [RightPPStation] Unload Cylinder Up Error
[14:09:12.456] [LeftTransferStation] Vacuum Error
[15:50:35.788] [RightPPStation] Unload Cylinder Up Error
[15:50:44.371] [RightPPStation] Unload Cylinder Up Error
[20:39:10.042] [RightPPStation] Unload Cylinder Up Error
[20:45:00.636] [RightTransferStation] Vacuum Error
[20:45:37.547] [RightTransferStation] Vacuum Error
[20:45:45.992] [RightTransferStation] Vacuum Error
[21:09:32.066] [LeftPPStation] Load Cylinder Up Error
[21:09:57.578] [LeftPPStation] Load Cylinder Up Error
[21:10:09.824] [LeftPPStation] Load Cylinder Up Error
[21:10:18.175] [LeftPPStation] Load Cylinder Vacuum Error
[21:30:43.222] [RightTransferStation] Vacuum Error
[21:32:40.805] [LeftTransferStation] Vacuum Error
[21:33:03.692] [LeftTransferStation] Vacuum Error
[21:33:36.266] [LeftTransferStation] Vacuum Error
[21:33:48.677] [LeftTransferStation] Vacuum Error
[21:34:50.777] [LeftTransferStation] Vacuum Error
[21:34:57.680] [LeftTransferStation] Vacuum Error
[21:35:42.327] [LeftPPStation] Unload Buffer Set Not Exist
[22:18:30.462] [LeftTransferStation] Vacuum Error
[22:27:55.252] [MainControlStation] Left Door Open
[22:55:35.213] [LeftPPStation] Load Buffer Set Exist
[22:56:00.731] [LeftPPStation] Load Buffer Set Exist
[22:56:03.749] [LeftPPStation] Load Buffer Set Exist
[22:56:10.087] [LeftPPStation] Load Buffer Set Exist
[22:56:28.263] [LeftPPStation] Load Buffer Set Exist
[22:56:46.198] [LeftPPStation] Load Buffer Set Exist
[22:56:50.670] [LeftPPStation] Load Buffer Set Exist
[22:57:07.263] [LeftPPStation] Load Buffer Set Exist
[22:57:09.004] [LeftPPStation] Load Buffer Set Exist
[22:57:14.750] [LeftPPStation] Load Buffer Set Exist
[22:57:17.230] [LeftPPStation] Load Buffer Set Exist
[22:57:21.458] [LeftPPStation] Load Buffer Set Exist
[22:57:52.016] [LeftPPStation] Load Buffer Set Exist
[22:57:55.996] [LeftPPStation] Load Buffer Set Exist
[22:58:01.688] [LeftPPStation] Load Buffer Set Exist
[22:58:34.037] [LeftPPStation] Load Buffer Set Exist
[22:58:36.751] [LeftPPStation] Load Buffer Set Exist
[22:59:39.745] [LeftPPStation] Load Buffer Set Exist
[22:59:57.074] [LeftPPStation] Unload Buffer Set Not Exist
[23:00:05.515] [LeftTransferStation] Vacuum Error
[23:04:31.236] [MainControlStation] Left Door Open
[23:05:39.913] [RightPPStation] Unload Cylinder Up Error
[23:12:37.643] [RightPPStation] Unload Cylinder Up Error
[23:55:09.817] [RightPPStation] Unload Cylinder Vacuum Error
