[00:08:18.909] ---- [Flow] CT_START Set
[00:08:22.032] ---- [Flow] CT_START Set
[00:20:02.451] ---- [Flow] CT_START Set
[00:20:02.826] ---- [Flow] CT_START Set
[00:20:18.697] ---- [Flow] CT_START Set
[00:20:18.957] ---- [Flow] CT_START Set
[00:20:20.964] ---- [Flow] CT_START Set
[00:20:21.201] ---- [Flow] CT_START Set
[00:28:52.725] ---- [Flow] CT_START Set
[00:29:02.165] ---- [Flow] CT_START Set
[00:29:12.470] ---- [Flow] CT_START Set
[00:30:25.797] ---- [Flow] CT_START Set
[00:30:27.442] ---- [Flow] CT_START Set
[00:32:07.993] ---- [Flow] CT_START Set
[00:32:09.809] ---- [Flow] CT_START Set
[00:32:31.556] ---- [Flow] CT_START Set
[00:32:31.720] ---- [Flow] CT_START Set
[00:32:33.313] ---- [Flow] CT_START Set
[00:32:33.596] ---- [Flow] CT_START Set
[00:32:35.161] ---- [Flow] CT_START Set
[00:32:35.577] ---- [Flow] CT_START Set
[00:32:37.476] ---- [Flow] CT_START Set
[00:32:37.624] ---- [Flow] CT_START Set
[00:35:56.762] ---- [Flow] CT_START Set
[00:35:56.927] ---- [Flow] CT_START Set
[00:35:58.305] ---- [Flow] CT_START Set
[00:35:58.723] ---- [Flow] CT_START Set
[00:35:59.206] ---- [Flow] CT_START Set
[00:36:08.705] ---- [Flow] CT_START Set
[00:36:23.868] ---- [Flow] CT_START Set
[00:41:29.398] ---- [Flow] CT_START Set
[00:41:46.804] ---- [Flow] CT_START Set
[00:41:49.912] ---- [Flow] CT_START Set
[00:42:27.812] ---- [Flow] CT_START Set
[00:42:40.829] ---- [Flow] CT_START Set
[00:42:57.699] ---- [Flow] CT_START Set
[00:54:02.231] ---- [Flow] CT_START Set
[00:54:06.467] ---- [Flow] CT_START Set
[00:54:55.477] ---- [Flow] CT_START Set
[01:06:17.672] ---- [Flow] CT_START Set
[01:06:19.118] ---- [Flow] CT_START Set
[01:06:20.485] ---- [Flow] CT_START Set
[01:06:21.585] ---- [Flow] CT_START Set
[01:06:24.192] ---- [Flow] CT_START Set
[01:06:26.020] ---- [Flow] CT_START Set
[01:06:26.714] ---- [Flow] CT_START Set
[01:06:26.994] ---- [Flow] CT_START Set
[01:06:27.221] ---- [Flow] CT_START Set
[01:06:28.388] ---- [Flow] CT_START Set
[01:06:28.862] ---- [Flow] CT_START Set
[01:06:29.141] ---- [Flow] CT_START Set
[01:06:30.250] ---- [Flow] CT_START Set
[01:06:31.129] ---- [Flow] CT_START Set
[01:06:44.213] ---- [Flow] CT_START Set
[01:06:46.106] ---- [Flow] CT_START Set
[01:06:46.859] ---- [Flow] CT_START Set
[01:06:48.001] ---- [Flow] CT_START Set
[01:06:48.252] ---- [Flow] CT_START Set
[01:06:55.497] ---- [Flow] CT_START Set
[01:06:55.749] ---- [Flow] CT_START Set
[01:06:56.052] ---- [Flow] CT_START Set
[01:12:37.208] ---- [Flow] CT_STOP Set
[01:12:37.229] ---- [Event] Auto : CT_STOP
[01:12:37.229] --------- [Monitor] StopTasks() : before m_stopped
[01:12:37.313] ---- [Flow] CT_STOP Set
[01:12:37.659] --------- [Monitor] StopTasks() : m_stopped
[01:12:37.659] [m_nState] AutoStop State
[01:13:06.384] ---- [Flow] CT_START Set
[01:13:06.405] ---- [Event] AutoStop : CT_START
[01:13:06.405] [m_nState] Auto State
[01:13:07.165] ---- [Flow] CT_START Set
[01:18:10.805] ---- [Flow] CT_START Set
[01:18:18.222] ---- [Flow] CT_START Set
[01:18:19.520] ---- [Flow] CT_START Set
[01:26:28.795] ---- [Flow] CT_START Set
[01:26:29.128] ---- [Flow] CT_START Set
[01:26:30.562] ---- [Flow] CT_START Set
[01:26:31.432] ---- [Flow] CT_START Set
[01:26:44.110] ---- [Flow] CT_START Set
[01:26:46.510] ---- [Flow] CT_START Set
[01:27:14.762] ---- [Flow] CT_START Set
[01:27:28.126] ---- [Flow] CT_START Set
[01:27:29.837] ---- [Flow] CT_START Set
[01:31:29.397] ---- [Flow] CT_START Set
[01:31:29.841] ---- [Flow] CT_START Set
[01:33:39.736] ---- [Flow] CT_START Set
[01:33:40.078] ---- [Flow] CT_START Set
[02:03:38.118] ---- [Flow] CT_STOP Set
[02:03:38.140] ---- [Event] Auto : CT_STOP
[02:03:38.140] --------- [Monitor] StopTasks() : before m_stopped
[02:03:38.375] --------- [Monitor] StopTasks() : m_stopped
[02:03:38.375] [m_nState] AutoStop State
[02:04:11.428] ---- [Flow] CT_START Set
[02:04:11.449] ---- [Event] AutoStop : CT_START
[02:04:11.449] [m_nState] Auto State
[02:04:12.324] ---- [Flow] CT_START Set
[02:07:29.771] ---- [Flow] CT_START Set
[02:07:40.974] ---- [Flow] CT_START Set
[02:07:41.229] ---- [Flow] CT_START Set
[02:07:42.864] ---- [Flow] CT_START Set
[02:18:58.221] ---- [Flow] CT_START Set
[02:19:15.768] ---- [Flow] CT_START Set
[02:19:28.754] ---- [Flow] CT_START Set
[02:19:50.899] ---- [Flow] CT_START Set
[02:19:59.937] ---- [Flow] CT_START Set
[02:20:18.463] ---- [Flow] CT_START Set
[02:20:19.390] ---- [Flow] CT_START Set
[02:28:46.107] ---- [Flow] CT_STOP Set
[02:28:46.129] ---- [Event] Auto : CT_STOP
[02:28:46.129] --------- [Monitor] StopTasks() : before m_stopped
[02:28:46.233] ---- [Flow] CT_STOP Set
[02:28:46.521] --------- [Monitor] StopTasks() : m_stopped
[02:28:46.521] [m_nState] AutoStop State
[02:29:16.569] ---- [Flow] CT_START Set
[02:29:16.591] ---- [Event] AutoStop : CT_START
[02:29:16.591] [m_nState] Auto State
[02:29:17.459] ---- [Flow] CT_START Set
[02:32:57.160] ---- [Flow] CT_START Set
[02:33:07.949] ---- [Flow] CT_START Set
[02:53:25.283] ---- [Flow] CT_START Set
[02:53:26.286] ---- [Flow] CT_START Set
[02:53:26.612] ---- [Flow] CT_START Set
[02:53:46.312] ---- [Flow] CT_START Set
[02:53:48.146] ---- [Flow] CT_START Set
[03:07:29.268] ---- [Flow] CT_START Set
[03:07:39.230] ---- [Flow] CT_START Set
[03:07:42.036] ---- [Flow] CT_START Set
[03:19:33.518] ---- [Flow] CT_START Set
[03:19:37.611] ---- [Flow] CT_START Set
[03:20:16.852] ---- [Flow] CT_START Set
[03:20:17.091] ---- [Flow] CT_START Set
[03:30:24.026] ---- [Flow] CT_START Set
[03:30:24.270] ---- [Flow] CT_START Set
[03:30:46.355] ---- [Flow] CT_START Set
[03:30:48.854] ---- [Flow] CT_START Set
[03:31:54.721] ---- [Flow] CT_START Set
[03:47:03.537] ---- [Flow] CT_START Set
[03:47:03.799] ---- [Flow] CT_START Set
[03:47:04.764] ---- [Flow] CT_START Set
[03:47:05.135] ---- [Flow] CT_START Set
[03:47:05.838] ---- [Flow] CT_START Set
[03:47:06.666] ---- [Flow] CT_START Set
[03:47:06.773] ---- [Flow] CT_START Set
[03:47:06.898] ---- [Flow] CT_START Set
[03:47:06.973] ---- [Flow] CT_START Set
[03:47:07.755] ---- [Flow] CT_START Set
[03:47:07.864] ---- [Flow] CT_START Set
[03:47:10.516] ---- [Flow] CT_START Set
[03:47:10.784] ---- [Flow] CT_START Set
[03:47:10.883] ---- [Flow] CT_START Set
[03:47:10.957] ---- [Flow] CT_START Set
[03:47:11.376] ---- [Flow] CT_START Set
[03:47:11.865] ---- [Flow] CT_START Set
[03:47:11.969] ---- [Flow] CT_START Set
[03:47:12.083] ---- [Flow] CT_START Set
[03:47:12.934] ---- [Flow] CT_START Set
[03:47:13.062] ---- [Flow] CT_START Set
[03:47:13.165] ---- [Flow] CT_START Set
[03:47:13.281] ---- [Flow] CT_START Set
[03:47:13.996] ---- [Flow] CT_START Set
[03:47:14.085] ---- [Flow] CT_START Set
[03:47:14.358] ---- [Flow] CT_START Set
[03:47:15.055] ---- [Flow] CT_START Set
[03:47:16.535] ---- [Flow] CT_START Set
[03:47:16.647] ---- [Flow] CT_START Set
[03:47:17.435] ---- [Flow] CT_START Set
[03:47:17.555] ---- [Flow] CT_START Set
[03:47:17.654] ---- [Flow] CT_START Set
[03:47:18.488] ---- [Flow] CT_START Set
[03:47:18.896] ---- [Flow] CT_START Set
[03:47:19.110] ---- [Flow] CT_START Set
[04:03:45.221] ---- [Flow] CT_START Set
[04:03:46.872] ---- [Flow] CT_START Set
[04:27:37.777] ---- [Flow] CT_START Set
[04:28:13.374] ---- [Flow] CT_START Set
[04:28:16.691] ---- [Flow] CT_START Set
[04:40:43.467] ---- [Flow] CT_START Set
[04:40:45.732] ---- [Flow] CT_START Set
[04:51:31.587] ---- [Flow] CT_START Set
[04:51:31.880] ---- [Flow] CT_START Set
[04:51:42.650] ---- [Flow] CT_START Set
[04:51:45.767] ---- [Flow] CT_START Set
[04:57:14.281] ---- [Flow] CT_START Set
[05:07:47.029] ---- [Flow] CT_START Set
[05:07:47.327] ---- [Flow] CT_START Set
[05:07:48.138] ---- [Flow] CT_START Set
[05:07:48.342] ---- [Flow] CT_START Set
[05:07:50.428] ---- [Flow] CT_START Set
[05:56:03.050] ---- [Flow] CT_STOP Set
[05:56:03.071] ---- [Event] Auto : CT_STOP
[05:56:03.071] --------- [Monitor] StopTasks() : before m_stopped
[05:56:03.179] --------- [Monitor] StopTasks() : m_stopped
[05:56:03.179] [m_nState] AutoStop State
[05:56:03.317] ---- [Flow] CT_STOP Set
[05:56:03.341] ---- [Flow] CT_STOP Set
[05:56:03.362] ---- [Flow] CT_STOP Set
[05:56:03.373] ---- [Flow] CT_STOP Set
[05:56:03.394] ---- [Flow] CT_STOP Set
[05:56:03.813] ---- [Flow] CT_STOP Set
[06:56:25.490] [m_nState] Init State
[06:56:25.501] ---- [Monitor] Init : m_idle
[06:56:25.522] ---- [Event] Init : CT_IDLE
[06:56:25.522] [m_nState] Idle State
[07:00:10.828] ---- [Flow] CT_START Set
[07:00:10.850] ---- [Event] Idle : CT_START
[07:00:10.850] [m_nState] Auto State
[07:00:11.662] ---- [Flow] CT_START Set
[07:11:25.566] ---- [Flow] CT_STOP Set
[07:11:25.588] ---- [Event] Auto : CT_STOP
[07:11:25.588] --------- [Monitor] StopTasks() : before m_stopped
[07:11:25.646] --------- [Monitor] StopTasks() : m_stopped
[07:11:25.647] [m_nState] AutoStop State
[07:15:10.670] ---- [Flow] CT_START Set
[07:15:10.691] ---- [Event] AutoStop : CT_START
[07:15:10.691] [m_nState] Auto State
[07:15:12.885] ---- [Flow] CT_START Set
[07:21:58.494] ---- [Flow] CT_START Set
[07:30:52.576] ---- [Flow] CT_START Set
[07:39:03.352] ---- [Flow] CT_START Set
[08:44:11.616] ---- [Flow] CT_START Set
[08:44:12.059] ---- [Flow] CT_START Set
[08:46:05.885] ---- [Flow] CT_START Set
[08:46:06.014] ---- [Flow] CT_START Set
[08:46:06.106] ---- [Flow] CT_START Set
[08:46:12.635] ---- [Flow] CT_START Set
[08:55:43.484] ---- [Flow] CT_START Set
[08:55:43.629] ---- [Flow] CT_START Set
[08:55:43.750] ---- [Flow] CT_START Set
[08:55:43.870] ---- [Flow] CT_START Set
[08:55:43.974] ---- [Flow] CT_START Set
[08:55:44.053] ---- [Flow] CT_START Set
[08:55:44.182] ---- [Flow] CT_START Set
[08:55:47.297] ---- [Flow] CT_START Set
[08:55:48.085] ---- [Flow] CT_START Set
[08:55:48.245] ---- [Flow] CT_START Set
[08:55:49.061] ---- [Flow] CT_START Set
[08:55:49.122] ---- [Flow] CT_START Set
[08:55:49.185] ---- [Flow] CT_START Set
[08:55:51.867] ---- [Flow] CT_START Set
[08:55:52.004] ---- [Flow] CT_START Set
[08:55:52.099] ---- [Flow] CT_START Set
[08:55:52.187] ---- [Flow] CT_START Set
[08:55:55.701] ---- [Flow] CT_START Set
[08:56:01.828] ---- [Flow] CT_START Set
[09:06:10.078] ---- [Flow] CT_START Set
[09:06:14.095] ---- [Flow] CT_START Set
[09:06:14.240] ---- [Flow] CT_START Set
[09:06:14.357] ---- [Flow] CT_START Set
[09:06:14.454] ---- [Flow] CT_START Set
[09:06:14.529] ---- [Flow] CT_START Set
[09:06:14.633] ---- [Flow] CT_START Set
[09:06:18.457] ---- [Flow] CT_START Set
[09:06:31.540] ---- [Flow] CT_START Set
[09:23:08.468] ---- [Flow] CT_START Set
[09:30:47.287] ---- [Flow] CT_STOP Set
[09:30:47.309] ---- [Event] Auto : CT_STOP
[09:30:47.309] --------- [Monitor] StopTasks() : before m_stopped
[09:30:47.317] --------- [Monitor] StopTasks() : m_stopped
[09:30:47.317] [m_nState] AutoStop State
[09:38:10.188] ---- [Flow] CT_START Set
[09:38:10.210] ---- [Event] AutoStop : CT_START
[09:38:10.210] [m_nState] Auto State
[09:38:14.098] ---- [Flow] CT_START Set
[09:40:46.058] ---- [Flow] CT_START Set
[09:49:09.662] ---- [Flow] CT_START Set
[10:18:10.477] ---- [Flow] CT_START Set
[10:18:11.012] ---- [Flow] CT_START Set
[10:18:15.471] ---- [Flow] CT_START Set
[10:29:08.077] ---- [Flow] CT_START Set
[10:29:08.359] ---- [Flow] CT_START Set
[10:29:10.253] ---- [Flow] CT_START Set
[10:29:12.742] ---- [Flow] CT_START Set
[10:29:13.299] ---- [Flow] CT_START Set
[10:29:14.401] ---- [Flow] CT_START Set
[10:29:17.471] ---- [Flow] CT_START Set
[10:29:18.215] ---- [Flow] CT_START Set
[10:29:18.514] ---- [Flow] CT_START Set
[10:29:19.308] ---- [Flow] CT_START Set
[10:29:31.866] ---- [Flow] CT_START Set
[10:29:32.235] ---- [Flow] CT_START Set
[10:29:33.146] ---- [Flow] CT_START Set
[10:29:36.106] ---- [Flow] CT_START Set
[10:29:36.358] ---- [Flow] CT_START Set
[10:29:38.392] ---- [Flow] CT_START Set
[10:29:39.141] ---- [Flow] CT_START Set
[10:29:44.968] ---- [Flow] CT_START Set
[10:29:45.683] ---- [Flow] CT_START Set
[10:29:46.130] ---- [Flow] CT_START Set
[10:43:19.301] ---- [Flow] CT_START Set
[10:43:19.597] ---- [Flow] CT_START Set
[10:47:39.937] ---- [Flow] CT_START Set
[10:47:43.369] ---- [Flow] CT_START Set
[10:47:44.201] ---- [Flow] CT_START Set
[10:47:44.693] ---- [Flow] CT_START Set
[10:47:44.780] ---- [Flow] CT_START Set
[10:47:44.871] ---- [Flow] CT_START Set
[10:47:44.967] ---- [Flow] CT_START Set
[10:47:45.107] ---- [Flow] CT_START Set
[10:47:49.139] ---- [Flow] CT_START Set
[10:48:20.860] ---- [Flow] CT_START Set
[10:58:40.740] ---- [Flow] CT_START Set
[10:58:44.284] ---- [Flow] CT_START Set
[10:58:44.810] ---- [Flow] CT_START Set
[10:58:45.063] ---- [Flow] CT_START Set
[10:58:51.787] ---- [Flow] CT_START Set
[10:59:00.074] ---- [Flow] CT_START Set
[11:00:16.065] ---- [Flow] CT_START Set
[11:05:27.069] ---- [Flow] CT_START Set
[11:05:32.211] ---- [Flow] CT_START Set
[11:05:32.407] ---- [Flow] CT_START Set
[11:05:32.499] ---- [Flow] CT_START Set
[11:05:32.636] ---- [Flow] CT_START Set
[11:05:33.508] ---- [Flow] CT_START Set
[11:05:33.652] ---- [Flow] CT_START Set
[11:05:33.714] ---- [Flow] CT_START Set
[11:05:33.779] ---- [Flow] CT_START Set
[11:05:33.964] ---- [Flow] CT_START Set
[11:05:34.596] ---- [Flow] CT_START Set
[11:05:34.654] ---- [Flow] CT_START Set
[11:05:34.721] ---- [Flow] CT_START Set
[11:05:34.792] ---- [Flow] CT_START Set
[11:05:34.842] ---- [Flow] CT_START Set
[11:05:34.912] ---- [Flow] CT_START Set
[11:05:34.986] ---- [Flow] CT_START Set
[11:05:35.044] ---- [Flow] CT_START Set
[11:05:35.147] ---- [Flow] CT_START Set
[11:05:35.254] ---- [Flow] CT_START Set
[11:05:38.688] ---- [Flow] CT_START Set
[11:21:34.139] ---- [Flow] CT_START Set
[11:21:35.580] ---- [Flow] CT_START Set
[11:22:13.337] ---- [Flow] CT_START Set
[11:22:13.479] ---- [Flow] CT_START Set
[11:22:14.360] ---- [Flow] CT_START Set
[11:22:18.992] ---- [Flow] CT_START Set
[11:39:36.759] ---- [Flow] CT_STOP Set
[11:39:36.780] ---- [Event] Auto : CT_STOP
[11:39:36.780] --------- [Monitor] StopTasks() : before m_stopped
[11:39:36.989] --------- [Monitor] StopTasks() : m_stopped
[11:39:36.989] [m_nState] AutoStop State
[11:41:00.642] ---- [Flow] CT_START Set
[11:41:00.663] ---- [Event] AutoStop : CT_START
[11:41:00.663] [m_nState] Auto State
[11:41:01.396] ---- [Flow] CT_START Set
[11:43:51.538] ---- [Flow] CT_START Set
[11:43:51.687] ---- [Flow] CT_START Set
[11:43:57.460] ---- [Flow] CT_START Set
[11:43:58.284] ---- [Flow] CT_START Set
[11:45:32.798] ---- [Flow] CT_START Set
[11:45:48.464] ---- [Flow] CT_START Set
[11:45:48.619] ---- [Flow] CT_START Set
[11:45:48.723] ---- [Flow] CT_START Set
[11:45:48.817] ---- [Flow] CT_START Set
[11:45:49.676] ---- [Flow] CT_START Set
[11:45:49.821] ---- [Flow] CT_START Set
[11:45:50.024] ---- [Flow] CT_START Set
[11:45:50.111] ---- [Flow] CT_START Set
[11:46:08.016] ---- [Flow] CT_START Set
[11:46:13.554] ---- [Flow] CT_STOP Set
[11:46:13.575] ---- [Event] Auto : CT_STOP
[11:46:13.575] --------- [Monitor] StopTasks() : before m_stopped
[11:46:13.596] --------- [Monitor] StopTasks() : m_stopped
[11:46:13.596] [m_nState] AutoStop State
[11:46:24.723] ---- [Flow] CT_START Set
[11:46:24.744] ---- [Event] AutoStop : CT_START
[11:46:24.744] [m_nState] Auto State
[11:46:38.394] ---- [Flow] CT_START Set
[11:46:38.498] ---- [Flow] CT_START Set
[11:46:38.564] ---- [Flow] CT_START Set
[11:46:38.614] ---- [Flow] CT_START Set
[11:46:38.665] ---- [Flow] CT_START Set
[11:46:44.185] ---- [Flow] CT_START Set
[11:47:22.111] ---- [Flow] CT_START Set
[11:47:35.703] ---- [Flow] CT_START Set
[11:47:35.870] ---- [Flow] CT_START Set
[11:47:35.924] ---- [Flow] CT_START Set
[11:47:36.802] ---- [Flow] CT_START Set
[11:47:36.871] ---- [Flow] CT_START Set
[11:47:37.000] ---- [Flow] CT_START Set
[11:47:37.054] ---- [Flow] CT_START Set
[11:47:37.708] ---- [Flow] CT_START Set
[11:48:57.487] ---- [Flow] CT_START Set
[11:58:53.552] ---- [Flow] CT_START Set
[12:01:39.143] ---- [Flow] CT_START Set
[12:01:39.256] ---- [Flow] CT_START Set
[12:01:39.970] ---- [Flow] CT_START Set
[12:01:40.213] ---- [Flow] CT_START Set
[12:01:40.999] ---- [Flow] CT_START Set
[12:01:42.066] ---- [Flow] CT_START Set
[12:01:42.799] ---- [Flow] CT_START Set
[12:01:52.224] ---- [Flow] CT_START Set
[12:02:47.428] ---- [Flow] CT_START Set
[12:02:47.651] ---- [Flow] CT_START Set
[12:02:47.834] ---- [Flow] CT_START Set
[12:02:48.037] ---- [Flow] CT_START Set
[12:02:48.210] ---- [Flow] CT_START Set
[12:02:48.424] ---- [Flow] CT_START Set
[12:02:48.606] ---- [Flow] CT_START Set
[12:02:48.823] ---- [Flow] CT_START Set
[12:02:49.019] ---- [Flow] CT_START Set
[12:02:49.238] ---- [Flow] CT_START Set
[12:02:49.408] ---- [Flow] CT_START Set
[12:02:49.508] ---- [Flow] CT_START Set
[12:02:49.696] ---- [Flow] CT_START Set
[12:02:49.783] ---- [Flow] CT_START Set
[12:02:49.873] ---- [Flow] CT_START Set
[12:06:52.054] ---- [Flow] CT_START Set
[12:09:57.323] ---- [Flow] CT_START Set
[12:09:57.472] ---- [Flow] CT_START Set
[12:09:57.575] ---- [Flow] CT_START Set
[12:10:03.216] ---- [Flow] CT_START Set
[12:10:03.697] ---- [Flow] CT_START Set
[12:10:03.776] ---- [Flow] CT_START Set
[12:10:04.207] ---- [Flow] CT_START Set
[12:10:35.065] ---- [Flow] CT_START Set
[12:10:48.779] ---- [Flow] CT_START Set
[12:10:49.692] ---- [Flow] CT_START Set
[12:10:49.852] ---- [Flow] CT_START Set
[12:10:49.950] ---- [Flow] CT_START Set
[12:10:50.663] ---- [Flow] CT_START Set
[12:10:50.896] ---- [Flow] CT_START Set
[12:10:51.670] ---- [Flow] CT_START Set
[12:10:51.808] ---- [Flow] CT_START Set
[12:10:51.936] ---- [Flow] CT_START Set
[12:10:52.675] ---- [Flow] CT_START Set
[12:10:52.889] ---- [Flow] CT_START Set
[12:10:52.974] ---- [Flow] CT_START Set
[12:10:53.139] ---- [Flow] CT_START Set
[12:10:53.237] ---- [Flow] CT_START Set
[12:10:53.437] ---- [Flow] CT_START Set
[12:10:53.528] ---- [Flow] CT_START Set
[12:10:53.699] ---- [Flow] CT_START Set
[12:10:53.978] ---- [Flow] CT_START Set
[12:10:54.160] ---- [Flow] CT_START Set
[12:10:54.431] ---- [Flow] CT_START Set
[12:10:55.490] ---- [Flow] CT_START Set
[12:10:55.719] ---- [Flow] CT_START Set
[12:10:55.945] ---- [Flow] CT_START Set
[12:10:56.698] ---- [Flow] CT_START Set
[12:11:03.565] ---- [Flow] CT_START Set
[12:11:08.187] ---- [Flow] CT_START Set
[12:11:22.286] ---- [Flow] CT_START Set
[12:11:30.547] ---- [Flow] CT_START Set
[12:11:30.693] ---- [Flow] CT_START Set
[12:11:30.898] ---- [Flow] CT_START Set
[12:11:31.010] ---- [Flow] CT_START Set
[12:11:31.206] ---- [Flow] CT_START Set
[12:11:31.281] ---- [Flow] CT_START Set
[12:11:31.345] ---- [Flow] CT_START Set
[12:13:30.672] ---- [Flow] CT_START Set
[12:13:30.897] ---- [Flow] CT_START Set
[12:13:30.977] ---- [Flow] CT_START Set
[12:13:31.147] ---- [Flow] CT_START Set
[12:13:31.322] ---- [Flow] CT_START Set
[12:13:31.512] ---- [Flow] CT_START Set
[12:13:31.601] ---- [Flow] CT_START Set
[12:13:31.777] ---- [Flow] CT_START Set
[12:13:31.988] ---- [Flow] CT_START Set
[12:13:32.185] ---- [Flow] CT_START Set
[12:13:32.352] ---- [Flow] CT_START Set
[12:14:40.366] ---- [Flow] CT_START Set
[12:15:31.006] ---- [Flow] CT_START Set
[12:15:31.370] ---- [Flow] CT_START Set
[12:15:31.679] ---- [Flow] CT_START Set
[12:15:38.083] ---- [Flow] CT_START Set
[12:15:40.152] ---- [Flow] CT_START Set
[12:25:33.453] ---- [Flow] CT_START Set
[12:26:28.140] ---- [Flow] CT_START Set
[12:26:28.467] ---- [Flow] CT_START Set
[12:26:29.369] ---- [Flow] CT_START Set
[12:26:30.153] ---- [Flow] CT_START Set
[12:26:31.856] ---- [Flow] CT_START Set
[12:26:32.104] ---- [Flow] CT_START Set
[12:28:22.462] ---- [Flow] CT_START Set
[12:29:46.223] ---- [Flow] CT_START Set
[12:29:46.292] ---- [Flow] CT_START Set
[12:29:46.447] ---- [Flow] CT_START Set
[12:29:46.593] ---- [Flow] CT_START Set
[12:29:46.685] ---- [Flow] CT_START Set
[12:29:46.859] ---- [Flow] CT_START Set
[12:29:47.670] ---- [Flow] CT_START Set
[12:29:47.944] ---- [Flow] CT_START Set
[12:29:48.807] ---- [Flow] CT_START Set
[12:29:49.005] ---- [Flow] CT_START Set
[12:29:49.080] ---- [Flow] CT_START Set
[12:29:49.311] ---- [Flow] CT_START Set
[12:29:49.546] ---- [Flow] CT_START Set
[12:29:50.346] ---- [Flow] CT_START Set
[12:29:54.672] ---- [Flow] CT_START Set
[12:30:18.181] ---- [Flow] CT_START Set
[12:30:18.392] ---- [Flow] CT_START Set
[12:30:18.478] ---- [Flow] CT_START Set
[12:30:18.680] ---- [Flow] CT_START Set
[12:30:19.840] ---- [Flow] CT_START Set
[12:30:22.826] ---- [Flow] CT_START Set
[12:38:10.467] ---- [Flow] CT_START Set
[12:38:31.906] ---- [Flow] CT_START Set
[12:38:32.053] ---- [Flow] CT_START Set
[12:38:35.972] ---- [Flow] CT_START Set
[12:38:36.450] ---- [Flow] CT_START Set
[12:38:36.868] ---- [Flow] CT_START Set
[12:38:36.943] ---- [Flow] CT_START Set
[12:38:37.160] ---- [Flow] CT_START Set
[12:38:37.360] ---- [Flow] CT_START Set
[12:38:37.490] ---- [Flow] CT_START Set
[12:38:37.786] ---- [Flow] CT_START Set
[12:38:38.017] ---- [Flow] CT_START Set
[12:38:38.096] ---- [Flow] CT_START Set
[12:38:38.290] ---- [Flow] CT_START Set
[12:38:38.443] ---- [Flow] CT_START Set
[12:38:38.652] ---- [Flow] CT_START Set
[12:38:43.877] ---- [Flow] CT_START Set
[12:41:04.258] ---- [Flow] CT_START Set
[12:47:38.270] ---- [Flow] CT_START Set
[12:50:19.962] ---- [Flow] CT_START Set
[12:50:20.343] ---- [Flow] CT_START Set
[13:06:57.896] ---- [Flow] CT_START Set
[13:07:01.293] ---- [Flow] CT_START Set
[13:07:02.051] ---- [Flow] CT_START Set
[13:07:02.677] ---- [Flow] CT_START Set
[13:07:02.932] ---- [Flow] CT_START Set
[13:07:11.166] ---- [Flow] CT_START Set
[13:07:12.687] ---- [Flow] CT_START Set
[13:10:30.884] ---- [Flow] CT_START Set
[13:10:31.008] ---- [Flow] CT_START Set
[13:10:31.081] ---- [Flow] CT_START Set
[13:10:31.136] ---- [Flow] CT_START Set
[13:10:31.209] ---- [Flow] CT_START Set
[13:10:31.284] ---- [Flow] CT_START Set
[13:10:31.358] ---- [Flow] CT_START Set
[13:10:36.285] ---- [Flow] CT_START Set
[13:19:07.491] ---- [Flow] CT_START Set
[13:19:08.552] ---- [Flow] CT_START Set
[13:22:28.009] ---- [Flow] CT_START Set
[13:22:49.677] ---- [Flow] CT_START Set
[13:22:59.396] ---- [Flow] CT_START Set
[13:24:50.503] ---- [Flow] CT_START Set
[13:25:12.806] ---- [Flow] CT_START Set
[13:29:37.932] ---- [Flow] CT_START Set
[13:29:38.447] ---- [Flow] CT_START Set
[13:29:39.275] ---- [Flow] CT_START Set
[13:31:15.066] ---- [Flow] CT_START Set
[13:31:15.345] ---- [Flow] CT_START Set
[13:31:42.110] ---- [Flow] CT_START Set
[13:31:56.088] ---- [Flow] CT_START Set
[13:31:56.630] ---- [Flow] CT_START Set
[13:31:56.878] ---- [Flow] CT_START Set
[13:31:57.249] ---- [Flow] CT_START Set
[13:32:21.237] ---- [Flow] CT_START Set
[13:32:21.567] ---- [Flow] CT_START Set
[13:32:34.063] ---- [Flow] CT_START Set
[13:32:34.549] ---- [Flow] CT_START Set
[13:32:34.797] ---- [Flow] CT_START Set
[13:32:35.051] ---- [Flow] CT_START Set
[13:52:19.770] ---- [Flow] CT_START Set
[13:52:21.432] ---- [Flow] CT_START Set
[13:56:15.223] ---- [Flow] CT_START Set
[13:56:18.763] ---- [Flow] CT_START Set
[14:04:48.192] ---- [Flow] CT_START Set
[14:04:52.043] ---- [Flow] CT_START Set
[14:05:05.401] ---- [Flow] CT_START Set
[14:10:44.437] ---- [Flow] CT_START Set
[14:10:45.123] ---- [Flow] CT_START Set
[14:10:45.363] ---- [Flow] CT_START Set
[14:19:41.578] ---- [Flow] CT_START Set
[14:19:52.435] ---- [Flow] CT_START Set
[14:19:58.046] ---- [Flow] CT_START Set
[14:19:58.866] ---- [Flow] CT_START Set
[14:20:57.465] ---- [Flow] CT_START Set
[14:21:00.557] ---- [Flow] CT_START Set
[14:29:33.869] ---- [Flow] CT_STOP Set
[14:29:33.891] ---- [Event] Auto : CT_STOP
[14:29:33.891] --------- [Monitor] StopTasks() : before m_stopped
[14:29:33.913] ---- [Flow] CT_STOP Set
[14:29:33.927] --------- [Monitor] StopTasks() : m_stopped
[14:29:33.927] [m_nState] AutoStop State
[14:29:33.952] ---- [Flow] CT_STOP Set
[14:29:33.971] ---- [Flow] CT_STOP Set
[14:29:33.989] ---- [Flow] CT_STOP Set
[14:29:34.003] ---- [Flow] CT_STOP Set
[14:29:34.049] ---- [Flow] CT_STOP Set
[14:29:34.064] ---- [Flow] CT_STOP Set
[14:29:34.088] ---- [Flow] CT_STOP Set
[14:29:34.100] ---- [Flow] CT_STOP Set
[14:29:34.140] ---- [Flow] CT_STOP Set
[14:29:34.155] ---- [Flow] CT_STOP Set
[14:29:34.175] ---- [Flow] CT_STOP Set
[14:30:50.062] ---- [Flow] CT_START Set
[14:30:50.083] ---- [Event] AutoStop : CT_START
[14:30:50.083] [m_nState] Auto State
[14:30:51.060] ---- [Flow] CT_START Set
[14:30:52.077] ---- [Flow] CT_STOP Set
[14:30:52.099] ---- [Event] Auto : CT_STOP
[14:30:52.099] --------- [Monitor] StopTasks() : before m_stopped
[14:30:52.155] --------- [Monitor] StopTasks() : m_stopped
[14:30:52.155] [m_nState] AutoStop State
[14:30:52.203] ---- [Flow] CT_STOP Set
[14:30:52.251] ---- [Flow] CT_STOP Set
[14:30:52.285] ---- [Flow] CT_STOP Set
[14:30:52.322] ---- [Flow] CT_STOP Set
[14:31:47.345] ---- [Flow] CT_START Set
[14:31:47.366] ---- [Event] AutoStop : CT_START
[14:31:47.366] [m_nState] Auto State
[14:31:49.675] ---- [Flow] CT_START Set
[14:32:49.446] ---- [Flow] CT_STOP Set
[14:32:49.468] ---- [Event] Auto : CT_STOP
[14:32:49.468] --------- [Monitor] StopTasks() : before m_stopped
[14:32:49.472] --------- [Monitor] StopTasks() : m_stopped
[14:32:49.472] [m_nState] AutoStop State
[14:36:31.166] ---- [Flow] CT_START Set
[14:36:31.187] ---- [Event] AutoStop : CT_START
[14:36:31.187] [m_nState] Auto State
[14:36:31.670] ---- [Flow] CT_START Set
[14:40:30.597] ---- [Flow] CT_START Set
[14:48:42.012] ---- [Flow] CT_START Set
[14:48:45.915] ---- [Flow] CT_START Set
[14:48:46.298] ---- [Flow] CT_START Set
[14:48:46.756] ---- [Flow] CT_START Set
[14:48:47.350] ---- [Flow] CT_START Set
[14:48:50.610] ---- [Flow] CT_START Set
[14:48:51.175] ---- [Flow] CT_START Set
[14:48:51.479] ---- [Flow] CT_START Set
[14:50:09.444] ---- [Flow] CT_STOP Set
[14:50:09.466] ---- [Event] Auto : CT_STOP
[14:50:09.466] --------- [Monitor] StopTasks() : before m_stopped
[14:50:09.617] ---- [Flow] CT_STOP Set
[14:50:09.663] ---- [Flow] CT_STOP Set
[14:50:09.709] ---- [Flow] CT_STOP Set
[14:50:09.760] --------- [Monitor] StopTasks() : m_stopped
[14:50:09.760] [m_nState] AutoStop State
[14:50:21.405] ---- [Flow] CT_START Set
[14:50:21.427] ---- [Event] AutoStop : CT_START
[14:50:21.427] [m_nState] Auto State
[14:50:21.950] ---- [Flow] CT_START Set
[14:50:28.986] ---- [Flow] CT_STOP Set
[14:50:29.008] ---- [Event] Auto : CT_STOP
[14:50:29.008] --------- [Monitor] StopTasks() : before m_stopped
[14:50:29.154] --------- [Monitor] StopTasks() : m_stopped
[14:50:29.154] [m_nState] AutoStop State
[14:51:04.722] ---- [Flow] CT_START Set
[14:51:04.743] ---- [Event] AutoStop : CT_START
[14:51:04.743] [m_nState] Auto State
[14:51:05.517] ---- [Flow] CT_START Set
[14:53:08.690] ---- [Flow] CT_START Set
[14:56:29.786] ---- [Flow] CT_START Set
[14:56:37.590] ---- [Flow] CT_START Set
[14:59:15.079] ---- [Flow] CT_START Set
[15:05:18.671] ---- [Flow] CT_START Set
[15:05:39.674] ---- [Flow] CT_START Set
[15:05:39.896] ---- [Flow] CT_START Set
[15:05:42.971] ---- [Flow] CT_START Set
[15:05:43.356] ---- [Flow] CT_START Set
[15:05:43.567] ---- [Flow] CT_START Set
[15:05:43.794] ---- [Flow] CT_START Set
[15:05:46.456] ---- [Flow] CT_START Set
[15:05:46.702] ---- [Flow] CT_START Set
[15:06:01.337] ---- [Flow] CT_START Set
[15:06:03.027] ---- [Flow] CT_START Set
[15:19:28.124] ---- [Flow] CT_STOP Set
[15:19:28.146] ---- [Event] Auto : CT_STOP
[15:19:28.146] --------- [Monitor] StopTasks() : before m_stopped
[15:19:28.782] --------- [Monitor] StopTasks() : m_stopped
[15:19:28.782] [m_nState] AutoStop State
[15:20:11.328] ---- [Flow] CT_START Set
[15:20:11.350] ---- [Event] AutoStop : CT_START
[15:20:11.350] [m_nState] Auto State
[15:20:12.498] ---- [Flow] CT_START Set
[15:25:06.403] ---- [Flow] CT_START Set
[15:25:07.204] ---- [Flow] CT_START Set
[15:25:07.459] ---- [Flow] CT_START Set
[15:26:35.074] ---- [Flow] CT_START Set
[15:26:35.706] ---- [Flow] CT_START Set
[15:26:36.379] ---- [Flow] CT_START Set
[15:26:36.709] ---- [Flow] CT_START Set
[15:26:57.030] ---- [Flow] CT_START Set
[15:26:59.605] ---- [Flow] CT_START Set
[15:33:09.168] ---- [Flow] CT_START Set
[15:33:09.319] ---- [Flow] CT_START Set
[15:33:09.426] ---- [Flow] CT_START Set
[15:33:09.530] ---- [Flow] CT_START Set
[15:33:13.339] ---- [Flow] CT_START Set
[15:33:14.110] ---- [Flow] CT_START Set
[15:33:14.222] ---- [Flow] CT_START Set
[15:33:14.312] ---- [Flow] CT_START Set
[15:33:14.407] ---- [Flow] CT_START Set
[15:33:14.543] ---- [Flow] CT_START Set
[15:33:19.868] ---- [Flow] CT_START Set
[15:33:43.068] ---- [Flow] CT_START Set
[15:33:44.862] ---- [Flow] CT_START Set
[15:34:31.219] ---- [Flow] CT_START Set
[15:34:31.323] ---- [Flow] CT_START Set
[15:34:32.750] ---- [Flow] CT_START Set
[15:35:50.838] ---- [Flow] CT_STOP Set
[15:35:50.859] ---- [Event] Auto : CT_STOP
[15:35:50.859] --------- [Monitor] StopTasks() : before m_stopped
[15:35:50.862] --------- [Monitor] StopTasks() : m_stopped
[15:35:50.862] [m_nState] AutoStop State
[15:35:50.950] ---- [Flow] CT_STOP Set
[15:35:50.998] ---- [Flow] CT_STOP Set
[15:35:51.072] ---- [Flow] CT_STOP Set
[15:35:59.162] ---- [Flow] CT_START Set
[15:35:59.184] ---- [Event] AutoStop : CT_START
[15:35:59.184] [m_nState] Auto State
[15:36:06.245] ---- [Flow] CT_START Set
[15:36:35.067] ---- [Flow] CT_START Set
[15:36:37.032] ---- [Flow] CT_START Set
[15:47:20.942] ---- [Flow] CT_START Set
[15:47:23.236] ---- [Flow] CT_START Set
[15:51:55.517] ---- [Flow] CT_START Set
[15:52:02.003] ---- [Flow] CT_START Set
[15:52:02.769] ---- [Flow] CT_START Set
[15:52:03.561] ---- [Flow] CT_START Set
[15:52:45.366] ---- [Flow] CT_START Set
[15:52:45.675] ---- [Flow] CT_START Set
[15:52:47.873] ---- [Flow] CT_START Set
[15:52:48.405] ---- [Flow] CT_START Set
[15:52:48.735] ---- [Flow] CT_START Set
[15:52:49.494] ---- [Flow] CT_START Set
[15:52:49.779] ---- [Flow] CT_START Set
[15:52:51.149] ---- [Flow] CT_START Set
[15:52:53.495] ---- [Flow] CT_START Set
[15:52:54.207] ---- [Flow] CT_START Set
[15:52:54.517] ---- [Flow] CT_START Set
[15:52:55.398] ---- [Flow] CT_START Set
[15:52:57.192] ---- [Flow] CT_START Set
[15:53:00.382] ---- [Flow] CT_START Set
[15:53:00.972] ---- [Flow] CT_START Set
[15:53:01.363] ---- [Flow] CT_START Set
[15:53:04.582] ---- [Flow] CT_START Set
[15:53:05.692] ---- [Flow] CT_START Set
[15:53:06.778] ---- [Flow] CT_START Set
[15:53:07.195] ---- [Flow] CT_START Set
[15:53:07.541] ---- [Flow] CT_START Set
[15:54:21.017] ---- [Flow] CT_START Set
[15:55:05.215] ---- [Flow] CT_START Set
[15:55:09.364] ---- [Flow] CT_START Set
[16:02:44.255] ---- [Flow] CT_START Set
[16:02:49.331] ---- [Flow] CT_START Set
[16:09:54.562] ---- [Flow] CT_STOP Set
[16:09:54.584] ---- [Event] Auto : CT_STOP
[16:09:54.584] --------- [Monitor] StopTasks() : before m_stopped
[16:09:54.620] ---- [Flow] CT_STOP Set
[16:09:54.735] ---- [Flow] CT_STOP Set
[16:09:55.857] --------- [Monitor] StopTasks() : m_stopped
[16:09:55.858] [m_nState] AutoStop State
[16:09:56.399] ---- [Flow] CT_START Set
[16:09:56.421] ---- [Event] AutoStop : CT_START
[16:09:56.421] [m_nState] Auto State
[16:10:05.303] ---- [Flow] CT_START Set
[16:19:22.862] ---- [Flow] CT_START Set
[16:29:36.390] ---- [Flow] CT_START Set
[16:29:36.749] ---- [Flow] CT_START Set
[16:29:37.729] ---- [Flow] CT_START Set
[16:35:42.473] ---- [Flow] CT_START Set
[16:35:43.229] ---- [Flow] CT_START Set
[16:35:43.518] ---- [Flow] CT_START Set
[16:41:15.230] ---- [Flow] CT_START Set
[16:41:28.684] ---- [Flow] CT_START Set
[16:43:29.816] ---- [Flow] CT_START Set
[16:44:18.933] ---- [Flow] CT_START Set
[16:46:20.653] ---- [Flow] CT_START Set
[16:46:20.807] ---- [Flow] CT_START Set
[16:46:20.885] ---- [Flow] CT_START Set
[16:46:20.964] ---- [Flow] CT_START Set
[16:46:21.068] ---- [Flow] CT_START Set
[16:46:21.163] ---- [Flow] CT_START Set
[16:46:21.234] ---- [Flow] CT_START Set
[16:46:21.317] ---- [Flow] CT_START Set
[16:46:21.396] ---- [Flow] CT_START Set
[16:46:21.470] ---- [Flow] CT_START Set
[16:46:21.544] ---- [Flow] CT_START Set
[16:46:21.639] ---- [Flow] CT_START Set
[16:46:21.735] ---- [Flow] CT_START Set
[16:46:26.738] ---- [Flow] CT_START Set
[16:46:26.918] ---- [Flow] CT_START Set
[16:46:27.091] ---- [Flow] CT_START Set
[16:46:32.789] ---- [Flow] CT_START Set
[16:46:38.270] ---- [Flow] CT_START Set
[16:46:41.324] ---- [Flow] CT_START Set
[17:04:53.532] ---- [Flow] CT_START Set
[17:04:53.957] ---- [Flow] CT_START Set
[17:04:54.454] ---- [Flow] CT_START Set
[17:10:33.104] ---- [Flow] CT_START Set
[17:10:56.802] ---- [Flow] CT_START Set
[17:19:46.783] ---- [Flow] CT_START Set
[17:19:51.671] ---- [Flow] CT_START Set
[17:24:58.851] ---- [Flow] CT_START Set
[17:25:21.508] ---- [Flow] CT_START Set
[17:25:22.799] ---- [Flow] CT_START Set
[17:26:43.641] ---- [Flow] CT_START Set
[17:26:47.560] ---- [Flow] CT_START Set
[17:26:50.646] ---- [Flow] CT_START Set
[17:26:51.378] ---- [Flow] CT_START Set
[17:33:59.194] ---- [Flow] CT_START Set
[17:33:59.520] ---- [Flow] CT_START Set
[17:36:14.447] ---- [Flow] CT_START Set
[17:47:10.723] ---- [Flow] CT_START Set
[17:47:10.894] ---- [Flow] CT_START Set
[17:47:38.964] ---- [Flow] CT_START Set
[17:48:06.769] ---- [Flow] CT_START Set
[17:48:07.604] ---- [Flow] CT_START Set
[17:48:07.693] ---- [Flow] CT_START Set
[17:48:07.770] ---- [Flow] CT_START Set
[17:48:07.877] ---- [Flow] CT_START Set
[17:48:07.970] ---- [Flow] CT_START Set
[17:48:08.686] ---- [Flow] CT_START Set
[17:48:15.463] ---- [Flow] CT_START Set
[17:48:15.624] ---- [Flow] CT_START Set
[17:48:15.720] ---- [Flow] CT_START Set
[17:48:15.860] ---- [Flow] CT_START Set
[17:48:15.969] ---- [Flow] CT_START Set
[17:48:16.086] ---- [Flow] CT_START Set
[17:48:16.806] ---- [Flow] CT_START Set
[17:48:24.845] ---- [Flow] CT_STOP Set
[17:48:24.866] ---- [Event] Auto : CT_STOP
[17:48:24.866] --------- [Monitor] StopTasks() : before m_stopped
[17:48:24.866] --------- [Monitor] StopTasks() : m_stopped
[17:48:24.866] [m_nState] AutoStop State
[17:48:24.880] ---- [Flow] CT_STOP Set
[17:48:24.911] ---- [Flow] CT_STOP Set
[17:48:25.353] ---- [Flow] CT_START Set
[17:48:25.374] ---- [Event] AutoStop : CT_START
[17:48:25.374] [m_nState] Auto State
[17:48:59.730] ---- [Flow] CT_START Set
[17:59:06.210] ---- [Flow] CT_START Set
[17:59:06.556] ---- [Flow] CT_START Set
[18:05:29.789] ---- [Flow] CT_START Set
[18:05:32.753] ---- [Flow] CT_START Set
[18:13:17.119] ---- [Flow] CT_STOP Set
[18:13:17.141] ---- [Event] Auto : CT_STOP
[18:13:17.141] --------- [Monitor] StopTasks() : before m_stopped
[18:13:17.148] --------- [Monitor] StopTasks() : m_stopped
[18:13:17.149] [m_nState] AutoStop State
[18:13:17.319] ---- [Flow] CT_STOP Set
[18:13:17.352] ---- [Flow] CT_STOP Set
[20:01:53.252] ---- [Flow] CT_START Set
[20:01:53.273] ---- [Event] AutoStop : CT_START
[20:01:53.273] [m_nState] Auto State
[20:01:55.311] ---- [Flow] CT_START Set
[21:03:02.454] ---- [Flow] CT_START Set
[21:03:02.757] ---- [Flow] CT_START Set
[21:25:07.729] ---- [Flow] CT_START Set
[21:25:07.958] ---- [Flow] CT_START Set
[21:37:45.037] ---- [Flow] CT_START Set
[21:37:45.352] ---- [Flow] CT_START Set
[21:37:46.646] ---- [Flow] CT_START Set
[21:39:04.067] ---- [Flow] CT_START Set
[21:43:14.862] ---- [Flow] CT_START Set
[21:43:17.741] ---- [Flow] CT_START Set
[21:48:57.069] ---- [Flow] CT_START Set
[21:48:57.963] ---- [Flow] CT_START Set
[21:59:35.397] ---- [Flow] CT_START Set
[21:59:35.651] ---- [Flow] CT_START Set
[21:59:55.587] ---- [Flow] CT_START Set
[21:59:56.932] ---- [Flow] CT_START Set
[22:00:10.990] ---- [Flow] CT_START Set
[22:00:12.443] ---- [Flow] CT_START Set
[22:21:25.614] ---- [Flow] CT_START Set
[22:21:25.858] ---- [Flow] CT_START Set
[22:21:32.878] ---- [Flow] CT_START Set
[22:21:54.757] ---- [Flow] CT_START Set
[22:21:58.904] ---- [Flow] CT_START Set
[22:22:02.047] ---- [Flow] CT_START Set
[22:23:29.209] ---- [Flow] CT_START Set
[22:23:32.757] ---- [Flow] CT_START Set
[22:35:11.605] ---- [Flow] CT_START Set
[22:35:15.302] ---- [Flow] CT_START Set
[22:48:08.521] ---- [Flow] CT_START Set
[22:48:11.725] ---- [Flow] CT_START Set
[23:00:46.509] ---- [Flow] CT_START Set
[23:00:46.794] ---- [Flow] CT_START Set
[23:00:54.219] ---- [Flow] CT_START Set
[23:00:57.016] ---- [Flow] CT_START Set
[23:09:18.377] ---- [Flow] CT_START Set
[23:09:20.363] ---- [Flow] CT_START Set
[23:23:52.183] ---- [Flow] CT_STOP Set
[23:23:52.204] ---- [Event] Auto : CT_STOP
[23:23:52.204] --------- [Monitor] StopTasks() : before m_stopped
[23:23:52.238] --------- [Monitor] StopTasks() : m_stopped
[23:23:52.238] [m_nState] AutoStop State
[23:23:52.292] ---- [Flow] CT_STOP Set
[23:24:21.531] ---- [Flow] CT_START Set
[23:24:21.553] ---- [Event] AutoStop : CT_START
[23:24:21.553] [m_nState] Auto State
[23:24:22.317] ---- [Flow] CT_START Set
[23:25:46.371] ---- [Flow] CT_START Set
[23:25:46.736] ---- [Flow] CT_START Set
[23:30:27.851] ---- [Flow] CT_START Set
[23:30:28.164] ---- [Flow] CT_START Set
[23:37:35.546] ---- [Flow] CT_START Set
[23:37:38.502] ---- [Flow] CT_START Set
[23:47:32.076] ---- [Flow] CT_STOP Set
[23:47:32.098] ---- [Event] Auto : CT_STOP
[23:47:32.098] --------- [Monitor] StopTasks() : before m_stopped
[23:47:32.528] --------- [Monitor] StopTasks() : m_stopped
[23:47:32.529] [m_nState] AutoStop State
[23:48:02.410] ---- [Flow] CT_START Set
[23:48:02.432] ---- [Event] AutoStop : CT_START
[23:48:02.432] [m_nState] Auto State
[23:48:03.059] ---- [Flow] CT_START Set
[23:58:54.872] ---- [Flow] CT_START Set
[23:58:55.884] ---- [Flow] CT_START Set
[23:59:36.081] ---- [Flow] CT_START Set
[23:59:37.396] ---- [Flow] CT_START Set
