[05:39:49.953] ---- [Flow] CT_START Set
[05:39:49.976] ---- [Event] AutoStop : CT_START
[05:39:49.977] [m_nState] Auto State
[05:39:50.688] ---- [Flow] CT_START Set
[05:58:31.771] ---- [Flow] CT_STOP Set
[05:58:31.793] ---- [Event] Auto : CT_STOP
[05:58:31.794] --------- [Monitor] StopTasks() : before m_stopped
[05:58:31.896] --------- [Monitor] StopTasks() : m_stopped
[05:58:31.897] [m_nState] AutoStop State
[06:05:05.546] ---- [Flow] CT_START Set
[06:05:05.570] ---- [Event] AutoStop : CT_START
[06:05:05.571] [m_nState] Auto State
[06:05:07.275] ---- [Flow] CT_START Set
[07:36:04.811] ---- [Flow] CT_START Set
[07:51:42.790] ---- [Flow] CT_STOP Set
[07:51:42.812] ---- [Event] Auto : CT_STOP
[07:51:42.813] --------- [Monitor] StopTasks() : before m_stopped
[07:51:42.819] --------- [Monitor] StopTasks() : m_stopped
[07:51:42.820] [m_nState] AutoStop State
[20:10:31.902] ---- [Flow] CT_START Set
[20:10:31.924] ---- [Event] AutoStop : CT_START
[20:10:31.925] [m_nState] Auto State
[20:10:33.093] ---- [Flow] CT_START Set
[21:23:14.541] ---- [Flow] CT_START Set
[22:34:06.613] ---- [Flow] CT_START Set
[23:29:44.419] ---- [Flow] CT_START Set
