[08:57:59.533] ---- [Flow] CT_START Set
[08:57:59.556] ---- [Event] AutoStop : CT_START
[08:57:59.557] [m_nState] Auto State
[08:58:02.564] ---- [Flow] CT_STOP Set
[08:58:02.586] ---- [Event] Auto : CT_STOP
[08:58:02.587] --------- [Monitor] StopTasks() : before m_stopped
[08:58:02.653] --------- [Monitor] StopTasks() : m_stopped
[08:58:02.654] [m_nState] AutoStop State
[08:58:19.049] ---- [Flow] CT_START Set
[08:58:19.072] ---- [Event] AutoStop : CT_START
[08:58:19.073] [m_nState] Auto State
[09:06:58.587] ---- [Flow] CT_START Set
[09:49:07.529] ---- [Flow] CT_START Set
[10:16:59.545] ---- [Flow] CT_START Set
[10:29:24.351] ---- [Flow] CT_START Set
[10:29:33.830] ---- [Flow] CT_START Set
[11:11:56.350] ---- [Flow] CT_START Set
[11:12:06.688] ---- [Flow] CT_START Set
[11:12:08.330] ---- [Flow] CT_START Set
[11:30:36.880] ---- [Flow] CT_STOP Set
[11:30:36.903] ---- [Event] Auto : CT_STOP
[11:30:36.904] --------- [Monitor] StopTasks() : before m_stopped
[11:30:36.936] --------- [Monitor] StopTasks() : m_stopped
[11:30:36.937] [m_nState] AutoStop State
[11:40:09.062] ---- [Flow] CT_START Set
[11:40:09.084] ---- [Event] AutoStop : CT_START
[11:40:09.085] [m_nState] Auto State
[11:40:09.853] ---- [Flow] CT_START Set
[11:56:25.657] ---- [Flow] CT_STOP Set
[11:56:25.679] ---- [Event] Auto : CT_STOP
[11:56:25.680] --------- [Monitor] StopTasks() : before m_stopped
[11:56:25.745] --------- [Monitor] StopTasks() : m_stopped
[11:56:25.746] [m_nState] AutoStop State
[12:36:47.126] ---- [Flow] CT_START Set
[12:36:47.149] ---- [Event] AutoStop : CT_START
[12:36:47.150] [m_nState] Auto State
[12:36:47.911] ---- [Flow] CT_START Set
[13:11:28.291] ---- [Flow] CT_STOP Set
[13:11:28.313] ---- [Event] Auto : CT_STOP
[13:11:28.314] --------- [Monitor] StopTasks() : before m_stopped
[13:11:28.344] --------- [Monitor] StopTasks() : m_stopped
[13:11:28.345] [m_nState] AutoStop State
[13:23:57.891] ---- [Flow] CT_START Set
[13:23:57.914] ---- [Event] AutoStop : CT_START
[13:23:57.915] [m_nState] Auto State
[13:46:18.039] ---- [Flow] CT_START Set
[14:00:33.489] ---- [Flow] CT_START Set
[14:00:38.369] ---- [Flow] CT_STOP Set
[14:00:38.391] ---- [Event] Auto : CT_STOP
[14:00:38.392] --------- [Monitor] StopTasks() : before m_stopped
[14:00:38.396] --------- [Monitor] StopTasks() : m_stopped
[14:00:38.397] [m_nState] AutoStop State
[14:45:42.683] ---- [Flow] CT_START Set
[14:45:42.706] ---- [Event] AutoStop : CT_START
[14:45:42.707] [m_nState] Auto State
[14:45:43.397] ---- [Flow] CT_START Set
[15:49:18.977] ---- [Flow] CT_START Set
[16:26:14.696] ---- [Flow] CT_START Set
[16:30:47.162] ---- [Flow] CT_STOP Set
[16:30:47.184] ---- [Event] Auto : CT_STOP
[16:30:47.185] --------- [Monitor] StopTasks() : before m_stopped
[16:30:47.214] --------- [Monitor] StopTasks() : m_stopped
[16:30:47.215] [m_nState] AutoStop State
[16:39:49.638] ---- [Flow] CT_START Set
[16:39:49.661] ---- [Event] AutoStop : CT_START
[16:39:49.662] [m_nState] Auto State
[16:39:50.267] ---- [Flow] CT_START Set
[17:32:19.945] ---- [Flow] CT_START Set
[17:50:32.740] ---- [Flow] CT_START Set
[18:15:29.199] ---- [Flow] CT_START Set
[18:15:44.412] ---- [Flow] CT_START Set
[18:39:44.708] ---- [Flow] CT_START Set
[18:39:56.726] ---- [Flow] CT_START Set
[19:08:05.488] ---- [Flow] CT_STOP Set
[19:08:05.510] ---- [Event] Auto : CT_STOP
[19:08:05.511] --------- [Monitor] StopTasks() : before m_stopped
[19:08:05.578] --------- [Monitor] StopTasks() : m_stopped
[19:08:05.579] [m_nState] AutoStop State
[19:09:15.178] ---- [Flow] CT_START Set
[19:09:15.201] ---- [Event] AutoStop : CT_START
[19:09:15.202] [m_nState] Auto State
[19:11:49.998] ---- [Flow] CT_STOP Set
[19:11:50.020] ---- [Event] Auto : CT_STOP
[19:11:50.021] --------- [Monitor] StopTasks() : before m_stopped
[19:11:50.060] ---- [Flow] CT_STOP Set
[19:11:50.064] --------- [Monitor] StopTasks() : m_stopped
[19:11:50.065] [m_nState] AutoStop State
[19:22:09.260] ---- [Flow] CT_START Set
[19:22:09.283] ---- [Event] AutoStop : CT_START
[19:22:09.284] [m_nState] Auto State
[19:26:24.685] ---- [Flow] CT_STOP Set
[19:26:24.708] ---- [Event] Auto : CT_STOP
[19:26:24.708] --------- [Monitor] StopTasks() : before m_stopped
[19:26:24.729] --------- [Monitor] StopTasks() : m_stopped
[19:26:24.730] [m_nState] AutoStop State
