[01:20:32.132] ---- [Flow] CT_STOP Set
[01:20:32.156] ---- [Event] Auto : CT_STOP
[01:20:32.157] --------- [Monitor] StopTasks() : before m_stopped
[01:20:33.116] --------- [Monitor] StopTasks() : m_stopped
[01:20:33.117] [m_nState] AutoStop State
[01:24:04.916] ---- [Flow] CT_START Set
[01:24:04.938] ---- [Event] AutoStop : CT_START
[01:24:04.939] [m_nState] Auto State
[01:24:06.374] ---- [Flow] CT_START Set
[03:10:30.038] ---- [Flow] CT_STOP Set
[03:10:30.060] ---- [Event] Auto : CT_STOP
[03:10:30.061] --------- [Monitor] StopTasks() : before m_stopped
[03:10:30.067] --------- [Monitor] StopTasks() : m_stopped
[03:10:30.068] [m_nState] AutoStop State
[03:10:30.168] ---- [Flow] CT_STOP Set
[03:10:30.203] ---- [Flow] CT_STOP Set
[03:10:30.246] ---- [Flow] CT_STOP Set
[03:21:10.203] ---- [Flow] CT_START Set
[03:21:10.225] ---- [Event] AutoStop : CT_START
[03:21:10.226] [m_nState] Auto State
[03:21:11.419] ---- [Flow] CT_START Set
[03:39:42.482] ---- [Flow] CT_START Set
[03:39:54.024] ---- [Flow] CT_START Set
[03:52:27.702] ---- [Flow] CT_STOP Set
[03:52:27.724] ---- [Event] Auto : CT_STOP
[03:52:27.725] --------- [Monitor] StopTasks() : before m_stopped
[03:52:27.742] --------- [Monitor] StopTasks() : m_stopped
[03:52:27.743] [m_nState] AutoStop State
[03:52:27.752] ---- [Flow] CT_STOP Set
[03:52:27.785] ---- [Flow] CT_STOP Set
[03:52:27.817] ---- [Flow] CT_STOP Set
[03:52:28.042] ---- [Flow] CT_START Set
[03:52:28.064] ---- [Event] AutoStop : CT_START
[03:52:28.065] [m_nState] Auto State
[03:52:29.658] ---- [Flow] CT_STOP Set
[03:52:29.680] ---- [Event] Auto : CT_STOP
[03:52:29.681] --------- [Monitor] StopTasks() : before m_stopped
[03:52:29.720] ---- [Flow] CT_STOP Set
[03:52:29.762] ---- [Flow] CT_STOP Set
[03:52:29.803] ---- [Flow] CT_STOP Set
[03:52:29.875] --------- [Monitor] StopTasks() : m_stopped
[03:52:29.876] [m_nState] AutoStop State
[03:52:52.418] ---- [Flow] CT_START Set
[03:52:52.440] ---- [Event] AutoStop : CT_START
[03:52:52.441] [m_nState] Auto State
[04:03:57.099] ---- [Flow] CT_STOP Set
[04:03:57.122] ---- [Event] Auto : CT_STOP
[04:03:57.123] --------- [Monitor] StopTasks() : before m_stopped
[04:03:57.629] --------- [Monitor] StopTasks() : m_stopped
[04:03:57.630] [m_nState] AutoStop State
[04:05:04.880] ---- [Flow] CT_START Set
[04:05:04.903] ---- [Event] AutoStop : CT_START
[04:05:04.904] [m_nState] Auto State
[04:19:00.182] ---- [Flow] CT_STOP Set
[04:19:00.205] ---- [Event] Auto : CT_STOP
[04:19:00.206] --------- [Monitor] StopTasks() : before m_stopped
[04:19:00.385] ---- [Flow] CT_STOP Set
[04:19:00.435] ---- [Flow] CT_STOP Set
[04:19:00.479] ---- [Flow] CT_STOP Set
[04:19:00.525] ---- [Flow] CT_STOP Set
[04:19:00.569] ---- [Flow] CT_STOP Set
[04:19:00.614] ---- [Flow] CT_STOP Set
[04:19:00.857] --------- [Monitor] StopTasks() : m_stopped
[04:19:00.862] [m_nState] AutoStop State
[04:20:24.527] ---- [Flow] CT_START Set
[04:20:24.549] ---- [Event] AutoStop : CT_START
[04:20:24.550] [m_nState] Auto State
[04:21:16.961] ---- [Flow] CT_STOP Set
[04:21:16.984] ---- [Event] Auto : CT_STOP
[04:21:16.985] --------- [Monitor] StopTasks() : before m_stopped
[04:21:17.062] --------- [Monitor] StopTasks() : m_stopped
[04:21:17.063] [m_nState] AutoStop State
[04:21:59.840] ---- [Flow] CT_START Set
[04:21:59.863] ---- [Event] AutoStop : CT_START
[04:21:59.864] [m_nState] Auto State
[04:22:01.704] ---- [Flow] CT_STOP Set
[04:22:01.726] ---- [Event] Auto : CT_STOP
[04:22:01.727] --------- [Monitor] StopTasks() : before m_stopped
[04:22:01.739] --------- [Monitor] StopTasks() : m_stopped
[04:22:01.740] [m_nState] AutoStop State
[04:22:01.749] ---- [Flow] CT_STOP Set
[04:22:46.461] ---- [Flow] CT_START Set
[04:22:46.484] ---- [Event] AutoStop : CT_START
[04:22:46.485] [m_nState] Auto State
[04:24:48.850] ---- [Flow] CT_STOP Set
[04:24:48.873] ---- [Event] Auto : CT_STOP
[04:24:48.874] --------- [Monitor] StopTasks() : before m_stopped
[04:24:48.922] ---- [Flow] CT_STOP Set
[04:24:48.976] ---- [Flow] CT_STOP Set
[04:24:49.159] --------- [Monitor] StopTasks() : m_stopped
[04:24:49.160] [m_nState] AutoStop State
[04:26:16.077] ---- [Flow] CT_START Set
[04:26:16.099] ---- [Event] AutoStop : CT_START
[04:26:16.100] [m_nState] Auto State
[04:30:37.659] ---- [Flow] CT_STOP Set
[04:30:37.680] ---- [Event] Auto : CT_STOP
[04:30:37.680] --------- [Monitor] StopTasks() : before m_stopped
[04:30:37.914] --------- [Monitor] StopTasks() : m_stopped
[04:30:37.914] [m_nState] AutoStop State
[04:31:26.552] ---- [Flow] CT_START Set
[04:31:26.575] ---- [Event] AutoStop : CT_START
[04:31:26.576] [m_nState] Auto State
[04:32:12.209] ---- [Flow] CT_STOP Set
[04:32:12.231] ---- [Event] Auto : CT_STOP
[04:32:12.232] --------- [Monitor] StopTasks() : before m_stopped
[04:32:12.271] ---- [Flow] CT_STOP Set
[04:32:12.317] ---- [Flow] CT_STOP Set
[04:32:12.364] ---- [Flow] CT_STOP Set
[04:32:12.722] --------- [Monitor] StopTasks() : m_stopped
[04:32:12.723] [m_nState] AutoStop State
[04:32:22.228] ---- [Flow] CT_START Set
[04:32:22.251] ---- [Event] AutoStop : CT_START
[04:32:22.252] [m_nState] Auto State
[04:32:25.058] ---- [Flow] CT_STOP Set
[04:32:25.081] ---- [Event] Auto : CT_STOP
[04:32:25.082] --------- [Monitor] StopTasks() : before m_stopped
[04:32:25.085] --------- [Monitor] StopTasks() : m_stopped
[04:32:25.085] [m_nState] AutoStop State
[04:33:41.700] ---- [Flow] CT_START Set
[04:33:41.722] ---- [Event] AutoStop : CT_START
[04:33:41.723] [m_nState] Auto State
[04:36:51.548] ---- [Flow] CT_STOP Set
[04:36:51.571] ---- [Event] Auto : CT_STOP
[04:36:51.572] --------- [Monitor] StopTasks() : before m_stopped
[04:36:53.150] --------- [Monitor] StopTasks() : m_stopped
[04:36:53.151] [m_nState] AutoStop State
[04:59:44.154] ---- [Flow] CT_START Set
[04:59:44.176] ---- [Event] AutoStop : CT_START
[04:59:44.177] [m_nState] Auto State
[05:44:52.754] ---- [Flow] CT_STOP Set
[05:44:52.777] ---- [Event] Auto : CT_STOP
[05:44:52.778] --------- [Monitor] StopTasks() : before m_stopped
[05:44:52.779] --------- [Monitor] StopTasks() : m_stopped
[05:44:52.780] [m_nState] AutoStop State
[05:44:52.801] ---- [Flow] CT_STOP Set
[05:44:52.837] ---- [Flow] CT_STOP Set
[05:44:57.960] ---- [Flow] CT_START Set
[05:44:57.982] ---- [Event] AutoStop : CT_START
[05:44:57.983] [m_nState] Auto State
[05:50:37.907] ---- [Flow] CT_STOP Set
[05:50:37.929] ---- [Event] Auto : CT_STOP
[05:50:37.930] --------- [Monitor] StopTasks() : before m_stopped
[05:50:37.955] --------- [Monitor] StopTasks() : m_stopped
[05:50:37.956] [m_nState] AutoStop State
[05:50:38.117] ---- [Flow] CT_STOP Set
[05:52:22.989] ---- [Flow] CT_START Set
[05:52:23.011] ---- [Event] AutoStop : CT_START
[05:52:23.012] [m_nState] Auto State
[05:55:33.974] ---- [Flow] CT_STOP Set
[05:55:33.997] ---- [Event] Auto : CT_STOP
[05:55:33.998] --------- [Monitor] StopTasks() : before m_stopped
[05:55:34.037] ---- [Flow] CT_STOP Set
[05:55:34.083] ---- [Flow] CT_STOP Set
[05:55:35.028] --------- [Monitor] StopTasks() : m_stopped
[05:55:35.029] [m_nState] AutoStop State
[05:57:17.011] ---- [Flow] CT_START Set
[05:57:17.034] ---- [Event] AutoStop : CT_START
[05:57:17.035] [m_nState] Auto State
[05:59:03.420] ---- [Flow] CT_STOP Set
[05:59:03.443] ---- [Event] Auto : CT_STOP
[05:59:03.444] --------- [Monitor] StopTasks() : before m_stopped
[05:59:03.493] ---- [Flow] CT_STOP Set
[05:59:03.546] ---- [Flow] CT_STOP Set
[05:59:03.598] ---- [Flow] CT_STOP Set
[05:59:03.653] ---- [Flow] CT_STOP Set
[05:59:03.702] ---- [Flow] CT_STOP Set
[05:59:03.982] --------- [Monitor] StopTasks() : m_stopped
[05:59:03.983] [m_nState] AutoStop State
[05:59:35.809] ---- [Flow] CT_START Set
[05:59:35.832] ---- [Event] AutoStop : CT_START
[05:59:35.833] [m_nState] Auto State
[06:00:30.604] ---- [Flow] CT_STOP Set
[06:00:30.627] ---- [Event] Auto : CT_STOP
[06:00:30.627] --------- [Monitor] StopTasks() : before m_stopped
[06:00:30.637] --------- [Monitor] StopTasks() : m_stopped
[06:00:30.638] [m_nState] AutoStop State
[06:00:30.679] ---- [Flow] CT_STOP Set
[06:00:30.720] ---- [Flow] CT_STOP Set
[06:00:30.757] ---- [Flow] CT_STOP Set
[06:00:30.797] ---- [Flow] CT_STOP Set
[06:00:49.917] ---- [Flow] CT_START Set
[06:00:49.939] ---- [Event] AutoStop : CT_START
[06:00:49.940] [m_nState] Auto State
[06:39:37.510] ---- [Flow] CT_START Set
[06:39:45.499] ---- [Flow] CT_STOP Set
[06:39:45.521] ---- [Event] Auto : CT_STOP
[06:39:45.522] --------- [Monitor] StopTasks() : before m_stopped
[06:39:45.627] ---- [Flow] CT_STOP Set
[06:39:45.672] ---- [Flow] CT_STOP Set
[06:39:49.799] --------- [Monitor] StopTasks() : m_stopped
[06:39:49.801] [m_nState] AutoStop State
[06:40:32.253] ---- [Flow] CT_START Set
[06:40:32.276] ---- [Event] AutoStop : CT_START
[06:40:32.277] [m_nState] Auto State
[06:40:35.566] ---- [Flow] CT_START Set
[06:40:46.178] ---- [Flow] CT_START Set
[06:50:56.318] ---- [Flow] CT_START Set
[07:00:28.283] ---- [Flow] CT_STOP Set
[07:00:28.305] ---- [Event] Auto : CT_STOP
[07:00:28.306] --------- [Monitor] StopTasks() : before m_stopped
[07:00:28.348] --------- [Monitor] StopTasks() : m_stopped
[07:00:28.349] [m_nState] AutoStop State
[07:18:40.867] ---- [Flow] CT_START Set
[07:18:40.889] ---- [Event] AutoStop : CT_START
[07:18:40.890] [m_nState] Auto State
[07:19:00.942] ---- [Flow] CT_STOP Set
[07:19:00.964] ---- [Event] Auto : CT_STOP
[07:19:00.965] --------- [Monitor] StopTasks() : before m_stopped
[07:19:01.003] --------- [Monitor] StopTasks() : m_stopped
[07:19:01.004] [m_nState] AutoStop State
[08:54:40.621] ---- [Flow] CT_START Set
[08:54:40.643] ---- [Event] AutoStop : CT_START
[08:54:40.644] [m_nState] Auto State
[08:54:46.431] ---- [Flow] CT_STOP Set
[08:54:46.454] ---- [Event] Auto : CT_STOP
[08:54:46.455] --------- [Monitor] StopTasks() : before m_stopped
[08:54:46.470] --------- [Monitor] StopTasks() : m_stopped
[08:54:46.471] [m_nState] AutoStop State
[08:56:51.676] ---- [Flow] CT_START Set
[08:56:51.699] ---- [Event] AutoStop : CT_START
[08:56:51.700] [m_nState] Auto State
[08:56:58.447] ---- [Flow] CT_START Set
[09:44:09.583] ---- [Flow] CT_STOP Set
[09:44:09.605] ---- [Event] Auto : CT_STOP
[09:44:09.606] --------- [Monitor] StopTasks() : before m_stopped
[09:44:09.664] --------- [Monitor] StopTasks() : m_stopped
[09:44:09.665] [m_nState] AutoStop State
[09:45:04.104] ---- [Flow] CT_START Set
[09:45:04.127] ---- [Event] AutoStop : CT_START
[09:45:04.127] [m_nState] Auto State
[09:45:04.861] ---- [Flow] CT_START Set
[10:03:35.365] ---- [Flow] CT_STOP Set
[10:03:35.387] ---- [Event] Auto : CT_STOP
[10:03:35.388] --------- [Monitor] StopTasks() : before m_stopped
[10:03:35.454] ---- [Flow] CT_STOP Set
[10:03:35.732] --------- [Monitor] StopTasks() : m_stopped
[10:03:35.733] [m_nState] AutoStop State
[10:04:32.369] ---- [Flow] CT_START Set
[10:04:32.391] ---- [Event] AutoStop : CT_START
[10:04:32.392] [m_nState] Auto State
[10:04:33.936] ---- [Flow] CT_START Set
[10:25:56.977] ---- [Flow] CT_START Set
[11:30:33.314] ---- [Flow] CT_STOP Set
[11:30:33.336] ---- [Event] Auto : CT_STOP
[11:30:33.337] --------- [Monitor] StopTasks() : before m_stopped
[11:30:33.359] --------- [Monitor] StopTasks() : m_stopped
[11:30:33.360] [m_nState] AutoStop State
[11:40:35.987] ---- [Flow] CT_START Set
[11:40:36.009] ---- [Event] AutoStop : CT_START
[11:40:36.010] [m_nState] Auto State
[11:40:37.011] ---- [Flow] CT_START Set
[12:02:17.710] ---- [Flow] CT_STOP Set
[12:02:17.733] ---- [Event] Auto : CT_STOP
[12:02:17.734] --------- [Monitor] StopTasks() : before m_stopped
[12:02:17.808] --------- [Monitor] StopTasks() : m_stopped
[12:02:17.809] [m_nState] AutoStop State
[12:08:36.250] ---- [Flow] CT_START Set
[12:08:36.272] ---- [Event] AutoStop : CT_START
[12:08:36.273] [m_nState] Auto State
[12:08:37.013] ---- [Flow] CT_START Set
[12:09:20.158] ---- [Flow] CT_STOP Set
[12:09:20.181] ---- [Event] Auto : CT_STOP
[12:09:20.182] --------- [Monitor] StopTasks() : before m_stopped
[12:09:20.435] --------- [Monitor] StopTasks() : m_stopped
[12:09:20.436] [m_nState] AutoStop State
[12:09:24.162] ---- [Flow] CT_START Set
[12:09:24.184] ---- [Event] AutoStop : CT_START
[12:09:24.185] [m_nState] Auto State
[12:09:24.906] ---- [Flow] CT_START Set
[12:17:32.243] ---- [Flow] CT_START Set
[12:17:58.411] ---- [Flow] CT_START Set
[12:34:10.264] ---- [Flow] CT_STOP Set
[12:34:10.287] ---- [Event] Auto : CT_STOP
[12:34:10.288] --------- [Monitor] StopTasks() : before m_stopped
[12:34:10.299] --------- [Monitor] StopTasks() : m_stopped
[12:34:10.300] [m_nState] AutoStop State
[17:22:11.702] ---- [Flow] CT_START Set
[17:22:11.724] ---- [Event] AutoStop : CT_START
[17:22:11.725] [m_nState] Auto State
[17:22:14.055] ---- [Flow] CT_START Set
[17:31:41.405] ---- [Flow] CT_STOP Set
[17:31:41.428] ---- [Event] Auto : CT_STOP
[17:31:41.429] --------- [Monitor] StopTasks() : before m_stopped
[17:31:41.452] --------- [Monitor] StopTasks() : m_stopped
[17:31:41.453] [m_nState] AutoStop State
[17:31:46.902] ---- [Flow] CT_START Set
[17:31:46.924] ---- [Event] AutoStop : CT_START
[17:31:46.925] [m_nState] Auto State
[17:31:47.477] ---- [Flow] CT_START Set
[17:31:57.422] ---- [Flow] CT_START Set
[17:32:12.016] ---- [Flow] CT_START Set
[18:04:23.846] ---- [Flow] CT_STOP Set
[18:04:23.869] ---- [Event] Auto : CT_STOP
[18:04:23.870] --------- [Monitor] StopTasks() : before m_stopped
[18:04:23.943] --------- [Monitor] StopTasks() : m_stopped
[18:04:23.944] [m_nState] AutoStop State
[18:06:56.523] ---- [Flow] CT_START Set
[18:06:56.545] ---- [Event] AutoStop : CT_START
[18:06:56.546] [m_nState] Auto State
[18:06:57.564] ---- [Flow] CT_START Set
[18:40:11.169] ---- [Flow] CT_STOP Set
[18:40:11.191] ---- [Event] Auto : CT_STOP
[18:40:11.192] --------- [Monitor] StopTasks() : before m_stopped
[18:40:11.224] --------- [Monitor] StopTasks() : m_stopped
[18:40:11.225] [m_nState] AutoStop State
[18:51:42.698] ---- [Flow] CT_START Set
[18:51:42.720] ---- [Event] AutoStop : CT_START
[18:51:42.721] [m_nState] Auto State
[18:51:43.409] ---- [Flow] CT_START Set
[18:59:11.124] ---- [Flow] CT_STOP Set
[18:59:11.146] ---- [Event] Auto : CT_STOP
[18:59:11.147] --------- [Monitor] StopTasks() : before m_stopped
[18:59:11.187] ---- [Flow] CT_STOP Set
[18:59:11.199] --------- [Monitor] StopTasks() : m_stopped
[18:59:11.200] [m_nState] AutoStop State
[18:59:11.225] ---- [Flow] CT_STOP Set
[18:59:15.159] ---- [Flow] CT_START Set
[18:59:15.181] ---- [Event] AutoStop : CT_START
[18:59:15.182] [m_nState] Auto State
[19:00:03.587] ---- [Flow] CT_START Set
[19:10:22.095] ---- [Flow] CT_STOP Set
[19:10:22.118] ---- [Event] Auto : CT_STOP
[19:10:22.119] --------- [Monitor] StopTasks() : before m_stopped
[19:10:22.179] --------- [Monitor] StopTasks() : m_stopped
[19:10:22.180] [m_nState] AutoStop State
[19:19:24.168] ---- [Flow] CT_START Set
[19:19:24.190] ---- [Event] AutoStop : CT_START
[19:19:24.191] [m_nState] Auto State
[19:19:24.569] ---- [Flow] CT_START Set
[20:02:00.968] ---- [Flow] CT_STOP Set
[20:02:00.991] ---- [Event] Auto : CT_STOP
[20:02:00.992] --------- [Monitor] StopTasks() : before m_stopped
[20:02:01.039] --------- [Monitor] StopTasks() : m_stopped
[20:02:01.040] [m_nState] AutoStop State
[20:02:20.435] ---- [Flow] CT_START Set
[20:02:20.458] ---- [Event] AutoStop : CT_START
[20:02:20.459] [m_nState] Auto State
[20:02:21.171] ---- [Flow] CT_START Set
[20:16:53.407] ---- [Flow] CT_STOP Set
[20:16:53.430] ---- [Event] Auto : CT_STOP
[20:16:53.431] --------- [Monitor] StopTasks() : before m_stopped
[20:16:53.434] --------- [Monitor] StopTasks() : m_stopped
[20:16:53.435] [m_nState] AutoStop State
[20:16:53.447] ---- [Flow] CT_STOP Set
[20:16:56.257] ---- [Flow] CT_START Set
[20:16:56.280] ---- [Event] AutoStop : CT_START
[20:16:56.281] [m_nState] Auto State
[20:17:01.182] ---- [Flow] CT_START Set
[20:37:40.354] ---- [Flow] CT_STOP Set
[20:37:40.377] ---- [Event] Auto : CT_STOP
[20:37:40.377] --------- [Monitor] StopTasks() : before m_stopped
[20:37:40.693] --------- [Monitor] StopTasks() : m_stopped
[20:37:40.694] [m_nState] AutoStop State
[20:38:01.781] ---- [Flow] CT_START Set
[20:38:01.803] ---- [Event] AutoStop : CT_START
[20:38:01.804] [m_nState] Auto State
[20:38:02.438] ---- [Flow] CT_START Set
[20:38:26.716] ---- [Flow] CT_START Set
[20:49:53.881] ---- [Flow] CT_START Set
[20:51:11.568] ---- [Flow] CT_STOP Set
[20:51:11.590] ---- [Event] Auto : CT_STOP
[20:51:11.591] --------- [Monitor] StopTasks() : before m_stopped
[20:51:11.925] --------- [Monitor] StopTasks() : m_stopped
[20:51:11.926] [m_nState] AutoStop State
[20:53:50.401] ---- [Flow] CT_START Set
[20:53:50.423] ---- [Event] AutoStop : CT_START
[20:53:50.424] [m_nState] Auto State
[20:54:29.169] ---- [Flow] CT_START Set
[21:27:36.065] ---- [Flow] CT_START Set
[23:20:29.963] ---- [Flow] CT_STOP Set
[23:20:29.986] ---- [Event] Auto : CT_STOP
[23:20:29.987] --------- [Monitor] StopTasks() : before m_stopped
[23:20:30.021] ---- [Flow] CT_STOP Set
[23:20:30.358] --------- [Monitor] StopTasks() : m_stopped
[23:20:30.359] [m_nState] AutoStop State
[23:21:55.294] ---- [Flow] CT_START Set
[23:21:55.317] ---- [Event] AutoStop : CT_START
[23:21:55.318] [m_nState] Auto State
[23:21:55.851] ---- [Flow] CT_START Set
[23:23:51.554] ---- [Flow] CT_START Set
[23:29:49.809] ---- [Flow] CT_START Set
[23:35:47.718] ---- [Flow] CT_START Set
