[00:03:42.188] [RightPPStation] Unload Buffer Set Not Exist
[00:04:09.654] [RightTransferStation] Unload Buffer Set Exist
[00:04:13.761] [RightTransferStation] Unload Buffer Set Exist
[00:04:17.153] [RightTransferStation] Unload Buffer Set Exist
[00:05:04.901] [RightPPStation] Unload Buffer Set Not Exist
[00:06:11.105] [RightTransferStation] Unload Buffer Set Exist
[00:09:28.812] [RightTransferStation] Move XY Axis Error
[00:09:36.437] [RightTransferStation] Move XY Axis Error
[00:09:38.437] [RightTransferStation] Move XY Axis Error
[00:09:41.410] [RightTransferStation] Move XY Axis Error
[00:11:37.490] [LeftPPStation] Load Cylinder Vacuum Error
[00:11:48.911] [LeftPPStation] Load Cylinder Vacuum Error
[07:23:42.253] [RightPPStation] Unload Buffer Set Not Exist
[07:24:54.918] [RightTransferStation] Unload Buffer Set Exist
[07:28:08.323] [RightTransferStation] Move XY Axis Error
[07:28:24.817] [RightTransferStation] Move XY Axis Error
[07:28:32.013] [RightTransferStation] Move XY Axis Error
[07:28:47.915] [RightTransferStation] Move XY Axis Error
[07:29:12.938] [RightTransferStation] Move XY Axis Error
[07:29:47.205] [RightTransferStation] Move XY Axis Error
[07:31:02.454] [RightTransferStation] Move XY Axis Error
[07:31:18.736] [RightTransferStation] Move XY Axis Error
[07:41:17.406] [RightTransferStation] Move XY Axis Error
[07:41:38.757] [RightTransferStation] Move XY Axis Error
[07:42:26.372] [RightTransferStation] Move XY Axis Error
[07:42:43.888] [RightTransferStation] Move XY Axis Error
[07:42:55.898] [RightTransferStation] Move XY Axis Error
[07:51:01.171] [RightTransferStation] Move XY Axis Error
[07:51:22.064] [RightTransferStation] Move XY Axis Error
[07:51:25.073] [RightTransferStation] Move XY Axis Error
[07:53:37.861] [RightTransferStation] Move XY Axis Error
[07:53:57.223] [RightTransferStation] Move XY Axis Error
[07:54:51.033] [RightTransferStation] Move XY Axis Error
[07:55:16.603] [RightTransferStation] Move XY Axis Error
[07:55:40.636] [RightTransferStation] Move XY Axis Error
[07:56:01.566] [RightTransferStation] Move XY Axis Error
[08:07:09.400] [RightTransferStation] Move XY Axis Error
[08:07:31.146] [RightTransferStation] Move XY Axis Error
[08:15:33.287] [RightTransferStation] Move XY Axis Error
[08:15:54.805] [RightTransferStation] Move XY Axis Error
[08:27:02.117] [RightTransferStation] Move XY Axis Error
[08:27:19.818] [RightTransferStation] Move XY Axis Error
[08:27:38.891] [RightTransferStation] Move XY Axis Error
[08:27:59.421] [RightTransferStation] Move XY Axis Error
[08:29:41.891] [RightTransferStation] Move XY Axis Error
[08:39:50.979] [RightTransferStation] Move XY Axis Error
[08:40:15.657] [RightTransferStation] Move XY Axis Error
[08:41:27.936] [RightTransferStation] Move XY Axis Error
[08:41:42.789] [RightTransferStation] Move XY Axis Error
[08:42:21.321] [RightTransferStation] Move XY Axis Error
[08:53:34.999] [RightTransferStation] Move XY Axis Error
[08:54:01.347] [RightTransferStation] Move XY Axis Error
[09:08:21.627] [RightTransferStation] Move XY Axis Error
[09:08:42.214] [RightTransferStation] Move XY Axis Error
[09:10:01.129] [RightTransferStation] Move XY Axis Error
[09:10:22.677] [RightTransferStation] Move XY Axis Error
[09:14:53.722] [RightTransferStation] Move XY Axis Error
[09:15:19.666] [RightTransferStation] Move XY Axis Error
[09:23:23.202] [RightPPStation] Unload Buffer Set Not Exist
[09:24:05.576] [RightTransferStation] Unload Buffer Set Exist
[09:26:07.398] [RightTransferStation] Move XY Axis Error
[09:26:27.715] [RightTransferStation] Move XY Axis Error
[09:26:50.706] [RightTransferStation] Move XY Axis Error
[09:27:12.819] [RightTransferStation] Move XY Axis Error
[09:40:55.854] [RightPPStation] Load Buffer Set Exist
[09:41:16.629] [RightTransferStation] Vacuum Error
[09:54:47.891] [RightTransferStation] Move XY Axis Error
[09:55:05.025] [RightTransferStation] Move XY Axis Error
[10:04:34.902] [RightTransferStation] Move XY Axis Error
[10:04:54.955] [RightTransferStation] Move XY Axis Error
[10:06:07.617] [RightTransferStation] Move XY Axis Error
[10:06:41.525] [RightTransferStation] Move XY Axis Error
[10:10:09.948] [RightTransferStation] Vacuum Error
[10:10:57.308] [RightTransferStation] Vacuum Error
[10:11:05.377] [RightTransferStation] Move XY Axis Error
[10:13:39.182] [RightPPStation] Unload Buffer Set Not Exist
[10:14:15.645] [RightTransferStation] Unload Buffer Set Exist
[10:19:41.429] [RightTransferStation] Move XY Axis Error
[10:19:58.486] [RightTransferStation] Move XY Axis Error
[10:27:37.328] [RightTransferStation] Vacuum Error
[10:29:20.105] [RightTransferStation] Move XY Axis Error
[10:29:44.114] [RightTransferStation] Move XY Axis Error
[10:32:28.819] [RightTransferStation] Move XY Axis Error
[10:33:21.553] [RightTransferStation] Move XY Axis Error
[10:42:55.805] [RightTransferStation] Move XY Axis Error
[10:43:20.050] [RightTransferStation] Move XY Axis Error
[10:44:29.043] [RightTransferStation] Move XY Axis Error
[10:45:07.134] [RightTransferStation] Move XY Axis Error
[10:54:18.723] [RightTransferStation] Move XY Axis Error
[10:54:48.650] [RightTransferStation] Move XY Axis Error
[11:06:13.936] [RightTransferStation] Move XY Axis Error
[11:06:35.747] [RightTransferStation] Move XY Axis Error
[11:06:39.066] [RightTransferStation] Move XY Axis Error
[11:07:03.699] [RightTransferStation] Move XY Axis Error
[11:11:45.146] [RightPPStation] Unload Buffer Set Not Exist
[11:12:19.141] [RightTransferStation] Move Z Axis Error
[11:12:31.905] [RightTransferStation] Move Z Axis Error
[11:18:14.236] [RightTransferStation] Move XY Axis Error
[11:18:52.537] [RightTransferStation] Move XY Axis Error
[11:18:54.503] [RightTransferStation] Move XY Axis Error
[11:19:18.011] [RightTransferStation] Move XY Axis Error
[11:20:37.771] [RightTransferStation] Move XY Axis Error
[11:20:56.494] [RightTransferStation] Move XY Axis Error
[11:21:38.733] [RightTransferStation] Vacuum Error
[11:22:02.718] [RightTransferStation] Move Z Axis Error
[11:22:13.683] [RightTransferStation] Move Z Axis Error
[11:24:28.752] [RightPPStation] Unload Buffer Set Not Exist
[11:30:26.592] [RightTransferStation] Move XY Axis Error
[11:30:45.318] [RightTransferStation] Move XY Axis Error
[11:30:47.230] [RightTransferStation] Move XY Axis Error
[11:31:04.004] [RightTransferStation] Move XY Axis Error
[11:35:49.862] [RightPPStation] Unload Buffer Set Not Exist
[11:40:48.548] [RightTransferStation] Move XY Axis Error
[12:06:57.872] [RightTransferStation] Move XY Axis Error
[12:08:09.443] [RightPPStation] Unload Cylinder Vacuum Error
[12:26:41.633] [RightTransferStation] Move XY Axis Error
[12:27:24.250] [RightTransferStation] Move XY Axis Error
[12:28:11.884] [RightTransferStation] Move XY Axis Error
[12:28:32.654] [RightTransferStation] Move XY Axis Error
[12:28:58.192] [RightTransferStation] Move XY Axis Error
[12:29:28.039] [RightTransferStation] Move XY Axis Error
[12:31:18.802] [RightPPStation] Unload Buffer Set Not Exist
[12:32:07.484] [RightTransferStation] Unload Buffer Set Exist
[12:36:31.316] [RightTransferStation] Vacuum Error
[12:39:42.721] [RightTransferStation] Move XY Axis Error
[12:40:12.515] [RightTransferStation] Move XY Axis Error
[12:41:25.005] [RightTransferStation] Move XY Axis Error
[12:41:45.347] [RightTransferStation] Move XY Axis Error
[12:44:43.587] [RightTransferStation] Move XY Axis Error
[12:45:07.686] [RightTransferStation] Move XY Axis Error
[12:52:36.857] [RightTransferStation] Move XY Axis Error
[12:52:54.145] [RightTransferStation] Move XY Axis Error
[12:54:18.242] [RightPPStation] Unload Buffer Set Not Exist
[12:55:02.674] [RightTransferStation] Move XY Axis Error
[12:55:27.075] [RightTransferStation] Move XY Axis Error
[12:55:52.500] [RightTransferStation] Move XY Axis Error
[12:56:25.388] [RightTransferStation] Move XY Axis Error
[12:57:58.530] [RightTransferStation] Move XY Axis Error
[12:58:43.469] [RightTransferStation] Move XY Axis Error
[13:00:04.419] [RightPPStation] Unload Buffer Set Not Exist
[13:07:15.258] [RightTransferStation] Move XY Axis Error
[13:07:32.695] [RightTransferStation] Move XY Axis Error
[13:08:17.840] [RightTransferStation] Move XY Axis Error
[13:08:35.160] [RightTransferStation] Move XY Axis Error
[13:09:29.843] [RightTransferStation] Move XY Axis Error
[13:09:52.853] [RightTransferStation] Move XY Axis Error
[13:10:15.692] [RightTransferStation] Move XY Axis Error
[13:12:02.638] [RightPPStation] Unload Buffer Set Not Exist
[13:19:10.074] [RightTransferStation] Vacuum Error
[13:20:23.983] [RightTransferStation] Move XY Axis Error
[13:21:03.716] [RightTransferStation] Move XY Axis Error
[13:21:26.401] [RightTransferStation] Move XY Axis Error
[13:21:55.849] [RightTransferStation] Move XY Axis Error
[13:23:49.520] [RightPPStation] Unload Buffer Set Not Exist
[13:29:51.235] [RightTransferStation] Move XY Axis Error
[13:30:15.101] [RightTransferStation] Move XY Axis Error
[13:32:50.230] [RightTransferStation] Move XY Axis Error
[13:33:12.455] [RightTransferStation] Move XY Axis Error
[13:33:15.849] [RightTransferStation] Move XY Axis Error
[13:33:40.815] [RightTransferStation] Move XY Axis Error
[13:35:34.144] [RightPPStation] Unload Cylinder Vacuum Error
[13:35:46.597] [RightPPStation] Unload Cylinder Vacuum Error
[13:41:51.103] [RightTransferStation] Move XY Axis Error
[13:42:10.282] [RightTransferStation] Move XY Axis Error
[13:43:56.041] [RightTransferStation] Move XY Axis Error
[13:44:13.894] [RightTransferStation] Move XY Axis Error
[13:45:26.322] [RightTransferStation] Move XY Axis Error
[13:45:50.495] [RightTransferStation] Move XY Axis Error
[13:47:38.372] [RightPPStation] Unload Cylinder Vacuum Error
[13:53:44.771] [RightTransferStation] Move XY Axis Error
[13:54:15.506] [RightTransferStation] Move XY Axis Error
[14:04:57.857] [RightTransferStation] Move XY Axis Error
[14:05:02.771] [RightTransferStation] Move XY Axis Error
[14:05:05.967] [RightTransferStation] Move XY Axis Error
[14:06:17.561] [RightTransferStation] Move XY Axis Error
[14:08:18.025] [RightTransferStation] Move XY Axis Error
[14:08:45.297] [RightTransferStation] Move XY Axis Error
[14:09:29.550] [RightTransferStation] Move XY Axis Error
[14:10:11.648] [RightTransferStation] Move XY Axis Error
[14:13:17.926] [RightPPStation] Unload Buffer Set Not Exist
[14:14:46.891] [RightTransferStation] Move XY Axis Error
[14:15:27.792] [RightTransferStation] Move XY Axis Error
[14:15:44.971] [RightPPStation] Unload Buffer Set Not Exist
[14:21:55.066] [RightTransferStation] Vacuum Error
[14:27:08.764] [RightTransferStation] Vacuum Error
[14:35:25.579] [RightTransferStation] Vacuum Error
[14:45:29.394] [RightTransferStation] Vacuum Error
[14:47:00.238] [RightTransferStation] Vacuum Error
[14:50:20.028] [RightTransferStation] Move XY Axis Error
[14:50:34.934] [RightTransferStation] Move XY Axis Error
[14:51:05.612] [LeftPPStation] Unload Cylinder Vacuum Error
[14:54:43.385] [RightTransferStation] Move XY Axis Error
[14:55:04.207] [RightTransferStation] Move XY Axis Error
[14:56:25.632] [RightTransferStation] Move XY Axis Error
[14:56:43.911] [RightTransferStation] Move XY Axis Error
[14:57:06.548] [RightTransferStation] Move XY Axis Error
[14:57:22.115] [RightTransferStation] Move XY Axis Error
[15:06:16.454] [RightTransferStation] Move XY Axis Error
[15:06:35.377] [RightTransferStation] Move XY Axis Error
[15:06:40.091] [RightTransferStation] Move XY Axis Error
[15:07:02.604] [RightTransferStation] Move XY Axis Error
[15:26:43.114] [RightTransferStation] Move XY Axis Error
[15:27:16.043] [RightTransferStation] Move XY Axis Error
[15:43:12.786] [RightTransferStation] Move XY Axis Error
[15:43:35.396] [RightTransferStation] Move XY Axis Error
[15:49:02.688] [RightTransferStation] Move XY Axis Error
[15:49:05.111] [RightTransferStation] Move XY Axis Error
[15:49:18.834] [RightTransferStation] Move XY Axis Error
[15:54:11.488] [RightTransferStation] Move XY Axis Error
[15:54:28.686] [RightTransferStation] Move XY Axis Error
[15:54:31.705] [RightTransferStation] Move XY Axis Error
[15:54:34.138] [RightTransferStation] Move XY Axis Error
[15:54:36.115] [RightTransferStation] Move XY Axis Error
[15:54:37.894] [RightTransferStation] Move XY Axis Error
[15:54:39.595] [RightTransferStation] Move XY Axis Error
[15:54:43.737] [RightTransferStation] Move XY Axis Error
[15:54:45.441] [RightTransferStation] Move XY Axis Error
[15:54:47.763] [RightTransferStation] Move XY Axis Error
[15:54:51.640] [RightTransferStation] Move XY Axis Error
[15:54:54.773] [RightTransferStation] Move XY Axis Error
[15:55:10.634] [RightTransferStation] Move XY Axis Error
[15:55:14.652] [RightTransferStation] Move XY Axis Error
[15:55:16.843] [RightTransferStation] Move XY Axis Error
[15:55:18.609] [RightTransferStation] Move XY Axis Error
[15:55:20.372] [RightTransferStation] Move XY Axis Error
[15:55:22.141] [RightTransferStation] Move XY Axis Error
[15:55:35.116] [RightTransferStation] Move XY Axis Error
[15:55:37.250] [RightTransferStation] Move XY Axis Error
[15:55:38.979] [RightTransferStation] Move XY Axis Error
[15:55:47.297] [RightTransferStation] Move XY Axis Error
[15:55:49.072] [RightTransferStation] Move XY Axis Error
[15:55:50.902] [RightTransferStation] Move XY Axis Error
[15:57:14.518] [RightTransferStation] Move XY Axis Error
[15:57:20.491] [RightTransferStation] Move XY Axis Error
[15:57:27.385] [RightTransferStation] Move XY Axis Error
[16:06:04.753] [RightTransferStation] Move XY Axis Error
[16:06:28.953] [RightTransferStation] Move XY Axis Error
[16:07:23.911] [RightTransferStation] Move XY Axis Error
[16:07:43.050] [RightTransferStation] Move XY Axis Error
[16:09:53.552] [RightTransferStation] Move XY Axis Error
[16:10:07.003] [RightTransferStation] Move XY Axis Error
[16:10:10.284] [RightTransferStation] Move XY Axis Error
[16:10:15.276] [RightTransferStation] Move XY Axis Error
[16:10:32.353] [RightTransferStation] Move XY Axis Error
[16:18:13.579] [RightTransferStation] Move XY Axis Error
[16:18:50.135] [RightTransferStation] Move XY Axis Error
[16:20:27.206] [RightTransferStation] Move XY Axis Error
[16:20:49.622] [RightTransferStation] Move XY Axis Error
[16:21:41.897] [RightTransferStation] Vacuum Error
[16:28:43.143] [RightTransferStation] Move XY Axis Error
[16:28:53.687] [RightTransferStation] Move XY Axis Error
[16:28:56.933] [RightTransferStation] Move XY Axis Error
[16:29:06.728] [RightTransferStation] Move XY Axis Error
[16:29:28.207] [RightTransferStation] Move XY Axis Error
[16:29:58.648] [RightTransferStation] Move XY Axis Error
[16:31:25.844] [RightPPStation] Unload Buffer Set Not Exist
[16:42:38.112] [RightPPStation] Unload Buffer Set Not Exist
[16:43:47.303] [RightPPStation] Unload Buffer Set Not Exist
[16:49:33.351] [RightTransferStation] Move XY Axis Error
[16:50:07.647] [RightTransferStation] Move XY Axis Error
[17:00:23.247] [RightTransferStation] Move XY Axis Error
[17:01:01.687] [RightTransferStation] Move XY Axis Error
[17:01:30.135] [RightTransferStation] Move XY Axis Error
[17:01:41.462] [RightTransferStation] Move XY Axis Error
[17:01:56.191] [RightTransferStation] Move XY Axis Error
[17:05:16.519] [RightTransferStation] Vacuum Error
[17:05:31.497] [RightTransferStation] Vacuum Error
[17:13:21.169] [RightTransferStation] Move XY Axis Error
[17:13:45.626] [RightTransferStation] Move XY Axis Error
[17:19:38.375] [RightTransferStation] Move XY Axis Error
[17:19:53.378] [RightTransferStation] Move XY Axis Error
[17:24:12.805] [RightTransferStation] Move XY Axis Error
[17:25:16.755] [RightTransferStation] Move XY Axis Error
[17:33:16.185] [RightPPStation] Load Buffer Set Exist
[17:33:31.699] [RightPPStation] Load Buffer Set Exist
[17:33:54.376] [RightPPStation] Load Buffer Set Exist
[17:34:00.328] [RightPPStation] Load Buffer Set Exist
[17:34:11.802] [RightPPStation] Load Buffer Set Exist
[17:34:15.396] [RightPPStation] Load Buffer Set Exist
[17:34:35.759] [RightTransferStation] Move XY Axis Error
[17:35:10.063] [RightPPStation] Load Buffer Set Exist
[17:35:33.319] [RightPPStation] Load Buffer Set Exist
[17:36:17.063] [RightPPStation] Load Buffer Set Exist
[17:36:19.183] [RightPPStation] Load Buffer Set Exist
[17:36:21.885] [RightPPStation] Load Buffer Set Exist
[17:37:03.343] [RightPPStation] Load Buffer Set Exist
[17:37:41.248] [RightTransferStation] Move XY Axis Error
[17:49:24.275] [RightTransferStation] Move XY Axis Error
[17:49:43.672] [RightTransferStation] Move XY Axis Error
[17:49:45.587] [RightTransferStation] Move XY Axis Error
[17:50:07.342] [RightTransferStation] Move XY Axis Error
[17:51:18.146] [RightTransferStation] Move XY Axis Error
[17:52:03.732] [RightTransferStation] Move XY Axis Error
[18:09:23.642] [RightTransferStation] Move XY Axis Error
[18:09:49.545] [RightTransferStation] Move XY Axis Error
[18:11:29.121] [RightTransferStation] Move XY Axis Error
[18:11:48.472] [RightTransferStation] Move XY Axis Error
[18:13:52.175] [RightTransferStation] Move XY Axis Error
[18:16:08.194] [RightTransferStation] Move XY Axis Error
[18:46:12.203] [RightTransferStation] Move XY Axis Error
[18:46:44.776] [RightTransferStation] Move XY Axis Error
[18:50:41.383] [RightTransferStation] Vacuum Error
[18:50:49.212] [RightTransferStation] Vacuum Error
[18:51:26.629] [RightTransferStation] Vacuum Error
[18:51:44.132] [RightTransferStation] Vacuum Error
[18:51:57.029] [RightTransferStation] Vacuum Error
[18:52:05.271] [RightTransferStation] Vacuum Error
[19:09:43.781] [RightTransferStation] Move XY Axis Error
[19:09:47.146] [RightTransferStation] Move XY Axis Error
[19:10:15.359] [RightTransferStation] Move XY Axis Error
[19:10:39.424] [RightTransferStation] Move XY Axis Error
[19:12:40.352] [RightTransferStation] Move XY Axis Error
[19:12:45.771] [RightTransferStation] Move XY Axis Error
[19:12:47.682] [RightTransferStation] Move XY Axis Error
[19:14:36.678] [RightTransferStation] Move XY Axis Error
[19:16:40.580] [RightTransferStation] Move XY Axis Error
[19:16:46.626] [RightTransferStation] Move XY Axis Error
