[00:03:48.198] ---- [Flow] CT_START Set
[00:04:12.667] ---- [Flow] CT_START Set
[00:04:17.043] ---- [Flow] CT_START Set
[00:04:21.415] ---- [Flow] CT_STOP Set
[00:04:21.437] ---- [Event] Auto : CT_STOP
[00:04:21.437] --------- [Monitor] StopTasks() : before m_stopped
[00:04:21.440] --------- [Monitor] StopTasks() : m_stopped
[00:04:21.440] [m_nState] AutoStop State
[00:04:21.470] ---- [Flow] CT_STOP Set
[00:04:21.504] ---- [Flow] CT_STOP Set
[00:04:21.538] ---- [Flow] CT_STOP Set
[00:04:21.569] ---- [Flow] CT_STOP Set
[00:04:21.844] ---- [Flow] CT_STOP Set
[00:04:21.876] ---- [Flow] CT_STOP Set
[00:04:21.907] ---- [Flow] CT_STOP Set
[00:04:32.588] ---- [Flow] CT_START Set
[00:04:32.609] ---- [Event] AutoStop : CT_START
[00:04:32.609] [m_nState] Auto State
[00:04:33.280] ---- [Flow] CT_START Set
[00:05:09.083] ---- [Flow] CT_START Set
[00:06:18.167] ---- [Flow] CT_START Set
[00:09:35.211] ---- [Flow] CT_START Set
[00:09:36.405] ---- [Flow] CT_START Set
[00:09:36.723] ---- [Flow] CT_START Set
[00:09:40.181] ---- [Flow] CT_START Set
[00:09:40.574] ---- [Flow] CT_START Set
[00:11:42.771] ---- [Flow] CT_START Set
[00:11:50.580] ---- [Flow] CT_START Set
[00:30:18.497] ---- [Flow] CT_STOP Set
[00:30:18.519] ---- [Event] Auto : CT_STOP
[00:30:18.519] --------- [Monitor] StopTasks() : before m_stopped
[00:30:18.577] ---- [Flow] CT_STOP Set
[00:30:18.582] --------- [Monitor] StopTasks() : m_stopped
[00:30:18.582] [m_nState] AutoStop State
[00:41:55.034] ---- [Flow] CT_START Set
[00:41:55.056] ---- [Event] AutoStop : CT_START
[00:41:55.056] [m_nState] Auto State
[00:41:55.980] ---- [Flow] CT_START Set
[00:50:46.063] ---- [Flow] CT_STOP Set
[00:50:46.086] ---- [Event] Auto : CT_STOP
[00:50:46.086] --------- [Monitor] StopTasks() : before m_stopped
[00:50:46.142] --------- [Monitor] StopTasks() : m_stopped
[00:50:46.142] [m_nState] AutoStop State
[06:47:16.964] ---- [Flow] CT_START Set
[06:47:16.985] ---- [Event] AutoStop : CT_START
[06:47:16.985] [m_nState] Auto State
[06:47:19.888] ---- [Flow] CT_START Set
[06:47:45.579] ---- [Flow] CT_START Set
[07:23:45.506] ---- [Flow] CT_START Set
[07:25:02.548] ---- [Flow] CT_START Set
[07:28:23.446] ---- [Flow] CT_START Set
[07:28:23.996] ---- [Flow] CT_START Set
[07:28:46.656] ---- [Flow] CT_START Set
[07:29:45.770] ---- [Flow] CT_START Set
[07:29:46.113] ---- [Flow] CT_START Set
[07:31:17.389] ---- [Flow] CT_START Set
[07:31:17.797] ---- [Flow] CT_START Set
[07:41:38.171] ---- [Flow] CT_START Set
[07:42:42.526] ---- [Flow] CT_START Set
[07:42:54.598] ---- [Flow] CT_START Set
[07:42:56.554] ---- [Flow] CT_START Set
[07:51:20.647] ---- [Flow] CT_START Set
[07:51:21.233] ---- [Flow] CT_START Set
[07:51:24.104] ---- [Flow] CT_START Set
[07:51:25.466] ---- [Flow] CT_START Set
[07:51:26.222] ---- [Flow] CT_START Set
[07:51:37.824] ---- [Flow] CT_START Set
[07:51:38.215] ---- [Flow] CT_START Set
[07:51:40.224] ---- [Flow] CT_START Set
[07:53:55.917] ---- [Flow] CT_START Set
[07:53:56.656] ---- [Flow] CT_START Set
[07:55:15.325] ---- [Flow] CT_START Set
[07:55:17.032] ---- [Flow] CT_START Set
[07:56:00.234] ---- [Flow] CT_START Set
[07:56:01.020] ---- [Flow] CT_START Set
[08:07:29.765] ---- [Flow] CT_START Set
[08:07:30.958] ---- [Flow] CT_START Set
[08:15:53.361] ---- [Flow] CT_START Set
[08:15:53.800] ---- [Flow] CT_START Set
[08:27:18.505] ---- [Flow] CT_START Set
[08:27:19.140] ---- [Flow] CT_START Set
[08:27:58.084] ---- [Flow] CT_START Set
[08:27:58.684] ---- [Flow] CT_START Set
[08:30:03.874] ---- [Flow] CT_START Set
[08:40:14.312] ---- [Flow] CT_START Set
[08:40:14.639] ---- [Flow] CT_START Set
[08:41:41.483] ---- [Flow] CT_START Set
[08:41:41.746] ---- [Flow] CT_START Set
[08:42:20.095] ---- [Flow] CT_START Set
[08:42:21.455] ---- [Flow] CT_START Set
[08:51:39.195] ---- [Flow] CT_START Set
[08:51:49.371] ---- [Flow] CT_START Set
[08:54:00.018] ---- [Flow] CT_START Set
[08:54:00.367] ---- [Flow] CT_START Set
[09:08:40.792] ---- [Flow] CT_START Set
[09:08:41.332] ---- [Flow] CT_START Set
[09:10:21.311] ---- [Flow] CT_START Set
[09:10:21.668] ---- [Flow] CT_START Set
[09:15:18.251] ---- [Flow] CT_START Set
[09:15:18.576] ---- [Flow] CT_START Set
[09:23:26.027] ---- [Flow] CT_START Set
[09:24:12.557] ---- [Flow] CT_START Set
[09:26:26.313] ---- [Flow] CT_START Set
[09:26:26.680] ---- [Flow] CT_START Set
[09:27:11.373] ---- [Flow] CT_START Set
[09:27:12.131] ---- [Flow] CT_START Set
[09:41:05.482] ---- [Flow] CT_START Set
[09:41:25.879] ---- [Flow] CT_START Set
[09:55:03.679] ---- [Flow] CT_START Set
[09:55:04.146] ---- [Flow] CT_START Set
[10:04:53.652] ---- [Flow] CT_START Set
[10:04:54.490] ---- [Flow] CT_START Set
[10:06:40.171] ---- [Flow] CT_START Set
[10:06:40.649] ---- [Flow] CT_START Set
[10:09:20.131] ---- [Flow] CT_START Set
[10:10:49.567] ---- [Flow] CT_START Set
[10:11:03.991] ---- [Flow] CT_START Set
[10:11:04.608] ---- [Flow] CT_START Set
[10:13:45.032] ---- [Flow] CT_START Set
[10:14:30.830] ---- [Flow] CT_START Set
[10:19:57.168] ---- [Flow] CT_START Set
[10:19:57.917] ---- [Flow] CT_START Set
[10:28:40.038] ---- [Flow] CT_START Set
[10:29:42.788] ---- [Flow] CT_START Set
[10:29:43.722] ---- [Flow] CT_START Set
[10:33:20.208] ---- [Flow] CT_START Set
[10:33:20.501] ---- [Flow] CT_START Set
[10:43:18.606] ---- [Flow] CT_START Set
[10:43:19.039] ---- [Flow] CT_START Set
[10:45:05.786] ---- [Flow] CT_START Set
[10:45:06.230] ---- [Flow] CT_START Set
[10:54:47.316] ---- [Flow] CT_START Set
[10:54:47.984] ---- [Flow] CT_START Set
[11:04:04.249] ---- [Flow] CT_START Set
[11:06:34.414] ---- [Flow] CT_START Set
[11:06:35.012] ---- [Flow] CT_START Set
[11:07:02.310] ---- [Flow] CT_START Set
[11:07:02.720] ---- [Flow] CT_START Set
[11:12:09.742] ---- [Flow] CT_START Set
[11:12:31.644] ---- [Flow] CT_START Set
[11:12:33.313] ---- [Flow] CT_START Set
[11:18:51.197] ---- [Flow] CT_START Set
[11:18:51.705] ---- [Flow] CT_START Set
[11:18:53.826] ---- [Flow] CT_START Set
[11:19:17.583] ---- [Flow] CT_START Set
[11:19:17.937] ---- [Flow] CT_START Set
[11:19:21.581] ---- [Flow] CT_START Set
[11:20:55.106] ---- [Flow] CT_START Set
[11:20:55.592] ---- [Flow] CT_START Set
[11:21:44.523] ---- [Flow] CT_START Set
[11:22:12.407] ---- [Flow] CT_START Set
[11:22:17.812] ---- [Flow] CT_START Set
[11:24:35.272] ---- [Flow] CT_START Set
[11:24:53.186] ---- [Flow] CT_START Set
[11:30:44.661] ---- [Flow] CT_START Set
[11:31:02.668] ---- [Flow] CT_START Set
[11:31:03.092] ---- [Flow] CT_START Set
[11:35:55.177] ---- [Flow] CT_START Set
[11:41:33.843] ---- [Flow] CT_START Set
[11:41:34.636] ---- [Flow] CT_START Set
[12:06:56.768] ---- [Flow] CT_START Set
[12:06:57.326] ---- [Flow] CT_START Set
[12:08:12.399] ---- [Flow] CT_START Set
[12:08:15.965] ---- [Flow] CT_STOP Set
[12:08:15.986] ---- [Event] Auto : CT_STOP
[12:08:15.986] --------- [Monitor] StopTasks() : before m_stopped
[12:08:16.273] --------- [Monitor] StopTasks() : m_stopped
[12:08:16.274] [m_nState] AutoStop State
[12:08:18.877] ---- [Flow] CT_START Set
[12:08:18.898] ---- [Event] AutoStop : CT_START
[12:08:18.898] [m_nState] Auto State
[12:08:19.608] ---- [Flow] CT_START Set
[12:27:23.034] ---- [Flow] CT_START Set
[12:27:24.801] ---- [Flow] CT_START Set
[12:28:31.242] ---- [Flow] CT_START Set
[12:28:31.735] ---- [Flow] CT_START Set
[12:29:26.729] ---- [Flow] CT_START Set
[12:29:27.075] ---- [Flow] CT_START Set
[12:31:25.139] ---- [Flow] CT_START Set
[12:32:13.929] ---- [Flow] CT_START Set
[12:36:38.031] ---- [Flow] CT_START Set
[12:40:11.749] ---- [Flow] CT_START Set
[12:40:12.430] ---- [Flow] CT_START Set
[12:40:14.318] ---- [Flow] CT_START Set
[12:41:43.946] ---- [Flow] CT_START Set
[12:41:44.271] ---- [Flow] CT_START Set
[12:45:06.307] ---- [Flow] CT_START Set
[12:45:06.617] ---- [Flow] CT_START Set
[12:52:52.815] ---- [Flow] CT_START Set
[12:52:53.406] ---- [Flow] CT_START Set
[12:54:24.603] ---- [Flow] CT_START Set
[12:55:25.699] ---- [Flow] CT_START Set
[12:55:26.216] ---- [Flow] CT_START Set
[12:56:24.020] ---- [Flow] CT_START Set
[12:56:24.538] ---- [Flow] CT_START Set
[12:58:42.052] ---- [Flow] CT_START Set
[12:58:42.846] ---- [Flow] CT_START Set
[13:00:15.268] ---- [Flow] CT_START Set
[13:07:31.389] ---- [Flow] CT_START Set
[13:07:32.079] ---- [Flow] CT_START Set
[13:08:33.923] ---- [Flow] CT_START Set
[13:08:37.604] ---- [Flow] CT_START Set
[13:09:51.569] ---- [Flow] CT_START Set
[13:09:52.765] ---- [Flow] CT_START Set
[13:10:31.272] ---- [Flow] CT_START Set
[13:12:07.639] ---- [Flow] CT_START Set
[13:12:20.291] ---- [Flow] CT_START Set
[13:19:16.966] ---- [Flow] CT_START Set
[13:21:02.326] ---- [Flow] CT_START Set
[13:21:02.949] ---- [Flow] CT_START Set
[13:21:54.462] ---- [Flow] CT_START Set
[13:21:55.149] ---- [Flow] CT_START Set
[13:23:57.199] ---- [Flow] CT_START Set
[13:30:13.768] ---- [Flow] CT_START Set
[13:30:14.236] ---- [Flow] CT_START Set
[13:33:11.061] ---- [Flow] CT_START Set
[13:33:11.388] ---- [Flow] CT_START Set
[13:33:39.456] ---- [Flow] CT_START Set
[13:33:39.828] ---- [Flow] CT_START Set
[13:35:34.560] ---- [Flow] CT_START Set
[13:35:44.421] ---- [Flow] CT_START Set
[13:35:49.404] ---- [Flow] CT_START Set
[13:42:08.909] ---- [Flow] CT_START Set
[13:42:09.374] ---- [Flow] CT_START Set
[13:44:12.457] ---- [Flow] CT_START Set
[13:44:12.894] ---- [Flow] CT_START Set
[13:45:49.054] ---- [Flow] CT_START Set
[13:45:49.629] ---- [Flow] CT_START Set
[13:47:46.236] ---- [Flow] CT_START Set
[13:54:14.189] ---- [Flow] CT_START Set
[13:54:14.744] ---- [Flow] CT_START Set
[14:05:01.579] ---- [Flow] CT_START Set
[14:05:04.750] ---- [Flow] CT_START Set
[14:06:16.495] ---- [Flow] CT_START Set
[14:06:19.886] ---- [Flow] CT_START Set
[14:08:44.248] ---- [Flow] CT_START Set
[14:08:45.221] ---- [Flow] CT_START Set
[14:10:10.496] ---- [Flow] CT_START Set
[14:10:11.133] ---- [Flow] CT_START Set
[14:13:32.579] ---- [Flow] CT_START Set
[14:14:51.490] ---- [Flow] CT_STOP Set
[14:14:51.512] ---- [Event] Auto : CT_STOP
[14:14:51.512] --------- [Monitor] StopTasks() : before m_stopped
[14:14:51.558] ---- [Flow] CT_STOP Set
[14:14:52.293] --------- [Monitor] StopTasks() : m_stopped
[14:14:52.294] [m_nState] AutoStop State
[14:15:26.458] ---- [Flow] CT_START Set
[14:15:26.479] ---- [Event] AutoStop : CT_START
[14:15:26.479] [m_nState] Auto State
[14:15:27.438] ---- [Flow] CT_START Set
[14:15:27.770] ---- [Flow] CT_START Set
[14:15:31.021] ---- [Flow] CT_START Set
[14:16:11.674] ---- [Flow] CT_START Set
[14:22:04.621] ---- [Flow] CT_START Set
[14:27:13.423] ---- [Flow] CT_START Set
[14:35:30.995] ---- [Flow] CT_START Set
[14:45:31.672] ---- [Flow] CT_START Set
[14:45:33.922] ---- [Flow] CT_STOP Set
[14:45:33.943] ---- [Event] Auto : CT_STOP
[14:45:33.943] --------- [Monitor] StopTasks() : before m_stopped
[14:45:33.960] --------- [Monitor] StopTasks() : m_stopped
[14:45:33.960] [m_nState] AutoStop State
[14:45:34.020] ---- [Flow] CT_STOP Set
[14:45:38.323] ---- [Flow] CT_START Set
[14:45:38.345] ---- [Event] AutoStop : CT_START
[14:45:38.345] [m_nState] Auto State
[14:45:39.867] ---- [Flow] CT_START Set
[14:47:05.825] ---- [Flow] CT_STOP Set
[14:47:05.847] ---- [Event] Auto : CT_STOP
[14:47:05.847] --------- [Monitor] StopTasks() : before m_stopped
[14:47:06.340] --------- [Monitor] StopTasks() : m_stopped
[14:47:06.340] [m_nState] AutoStop State
[14:47:14.775] ---- [Flow] CT_START Set
[14:47:14.797] ---- [Event] AutoStop : CT_START
[14:47:14.797] [m_nState] Auto State
[14:47:16.071] ---- [Flow] CT_START Set
[14:50:33.626] ---- [Flow] CT_START Set
[14:50:35.469] ---- [Flow] CT_START Set
[14:51:09.980] ---- [Flow] CT_START Set
[14:51:35.695] ---- [Flow] CT_START Set
[14:51:42.486] ---- [Flow] CT_START Set
[14:55:02.799] ---- [Flow] CT_START Set
[14:55:03.626] ---- [Flow] CT_START Set
[14:56:42.527] ---- [Flow] CT_START Set
[14:56:43.231] ---- [Flow] CT_START Set
[14:57:20.750] ---- [Flow] CT_START Set
[14:57:21.402] ---- [Flow] CT_START Set
[15:06:34.055] ---- [Flow] CT_START Set
[15:06:34.612] ---- [Flow] CT_START Set
[15:07:01.381] ---- [Flow] CT_START Set
[15:07:02.642] ---- [Flow] CT_START Set
[15:09:12.664] ---- [Flow] CT_STOP Set
[15:09:12.686] ---- [Event] Auto : CT_STOP
[15:09:12.686] --------- [Monitor] StopTasks() : before m_stopped
[15:09:12.718] --------- [Monitor] StopTasks() : m_stopped
[15:09:12.718] [m_nState] AutoStop State
[15:09:39.423] ---- [Flow] CT_START Set
[15:09:39.444] ---- [Event] AutoStop : CT_START
[15:09:39.444] [m_nState] Auto State
[15:10:12.177] ---- [Flow] CT_START Set
[15:27:14.713] ---- [Flow] CT_START Set
[15:27:20.014] ---- [Flow] CT_START Set
[15:43:34.083] ---- [Flow] CT_START Set
[15:43:34.618] ---- [Flow] CT_START Set
[15:49:03.859] ---- [Flow] CT_START Set
[15:49:04.185] ---- [Flow] CT_START Set
[15:49:05.125] ---- [Flow] CT_START Set
[15:49:18.275] ---- [Flow] CT_START Set
[15:49:18.610] ---- [Flow] CT_START Set
[15:49:18.909] ---- [Flow] CT_START Set
[15:54:27.435] ---- [Flow] CT_START Set
[15:54:27.646] ---- [Flow] CT_START Set
[15:54:32.976] ---- [Flow] CT_START Set
[15:54:33.220] ---- [Flow] CT_START Set
[15:54:34.153] ---- [Flow] CT_START Set
[15:54:34.950] ---- [Flow] CT_START Set
[15:54:35.321] ---- [Flow] CT_START Set
[15:54:36.106] ---- [Flow] CT_START Set
[15:54:36.452] ---- [Flow] CT_START Set
[15:54:37.112] ---- [Flow] CT_START Set
[15:54:41.459] ---- [Flow] CT_START Set
[15:54:42.997] ---- [Flow] CT_START Set
[15:54:44.056] ---- [Flow] CT_START Set
[15:54:45.485] ---- [Flow] CT_START Set
[15:54:46.565] ---- [Flow] CT_START Set
[15:54:46.876] ---- [Flow] CT_START Set
[15:54:51.756] ---- [Flow] CT_START Set
[15:54:52.508] ---- [Flow] CT_START Set
[15:55:09.702] ---- [Flow] CT_START Set
[15:55:10.394] ---- [Flow] CT_START Set
[15:55:10.658] ---- [Flow] CT_START Set
[15:55:15.752] ---- [Flow] CT_START Set
[15:55:16.069] ---- [Flow] CT_START Set
[15:55:16.850] ---- [Flow] CT_START Set
[15:55:18.125] ---- [Flow] CT_START Set
[15:55:19.157] ---- [Flow] CT_START Set
[15:55:20.053] ---- [Flow] CT_START Set
[15:55:21.292] ---- [Flow] CT_START Set
[15:55:36.219] ---- [Flow] CT_START Set
[15:55:37.022] ---- [Flow] CT_START Set
[15:55:37.323] ---- [Flow] CT_START Set
[15:55:38.229] ---- [Flow] CT_START Set
[15:55:46.199] ---- [Flow] CT_START Set
[15:55:46.520] ---- [Flow] CT_START Set
[15:55:47.422] ---- [Flow] CT_START Set
[15:55:48.085] ---- [Flow] CT_START Set
[15:55:49.146] ---- [Flow] CT_START Set
[15:55:49.618] ---- [Flow] CT_START Set
[15:55:50.234] ---- [Flow] CT_START Set
[15:55:52.970] ---- [Flow] CT_START Set
[15:57:19.444] ---- [Flow] CT_START Set
[15:57:26.302] ---- [Flow] CT_START Set
[15:57:27.797] ---- [Flow] CT_START Set
[16:06:27.654] ---- [Flow] CT_START Set
[16:06:28.200] ---- [Flow] CT_START Set
[16:07:41.802] ---- [Flow] CT_START Set
[16:07:42.830] ---- [Flow] CT_START Set
[16:10:05.834] ---- [Flow] CT_START Set
[16:10:07.000] ---- [Flow] CT_START Set
[16:10:14.066] ---- [Flow] CT_START Set
[16:10:31.589] ---- [Flow] CT_START Set
[16:10:32.435] ---- [Flow] CT_START Set
[16:18:48.859] ---- [Flow] CT_START Set
[16:18:49.278] ---- [Flow] CT_START Set
[16:20:49.199] ---- [Flow] CT_START Set
[16:20:51.061] ---- [Flow] CT_START Set
[16:21:02.699] ---- [Flow] CT_STOP Set
[16:21:02.721] ---- [Event] Auto : CT_STOP
[16:21:02.721] --------- [Monitor] StopTasks() : before m_stopped
[16:21:05.185] --------- [Monitor] StopTasks() : m_stopped
[16:21:05.185] [m_nState] AutoStop State
[16:21:07.107] ---- [Flow] CT_START Set
[16:21:07.129] ---- [Event] AutoStop : CT_START
[16:21:07.129] [m_nState] Auto State
[16:21:07.800] ---- [Flow] CT_START Set
[16:21:43.792] ---- [Flow] CT_START Set
[16:28:52.414] ---- [Flow] CT_START Set
[16:28:53.312] ---- [Flow] CT_START Set
[16:28:54.271] ---- [Flow] CT_START Set
[16:29:05.559] ---- [Flow] CT_START Set
[16:29:06.643] ---- [Flow] CT_START Set
[16:29:57.363] ---- [Flow] CT_START Set
[16:29:58.111] ---- [Flow] CT_START Set
[16:31:32.452] ---- [Flow] CT_START Set
[16:31:44.105] ---- [Flow] CT_START Set
[16:42:56.201] ---- [Flow] CT_START Set
[16:43:01.669] ---- [Flow] CT_START Set
[16:43:51.651] ---- [Flow] CT_START Set
[16:44:17.301] ---- [Flow] CT_START Set
[16:44:29.386] ---- [Flow] CT_START Set
[16:50:06.229] ---- [Flow] CT_START Set
[16:50:06.543] ---- [Flow] CT_START Set
[17:01:00.306] ---- [Flow] CT_START Set
[17:01:00.984] ---- [Flow] CT_START Set
[17:01:40.856] ---- [Flow] CT_START Set
[17:01:55.182] ---- [Flow] CT_START Set
[17:01:56.225] ---- [Flow] CT_START Set
[17:04:23.362] ---- [Flow] CT_START Set
[17:05:23.608] ---- [Flow] CT_START Set
[17:05:31.451] ---- [Flow] CT_START Set
[17:13:44.273] ---- [Flow] CT_START Set
[17:13:44.854] ---- [Flow] CT_START Set
[17:19:52.448] ---- [Flow] CT_START Set
[17:19:53.509] ---- [Flow] CT_START Set
[17:25:16.290] ---- [Flow] CT_START Set
[17:25:17.892] ---- [Flow] CT_START Set
[17:33:20.682] ---- [Flow] CT_START Set
[17:33:20.758] ---- [Flow] CT_START Set
[17:33:22.675] ---- [Flow] CT_START Set
[17:33:22.798] ---- [Flow] CT_START Set
[17:33:22.877] ---- [Flow] CT_START Set
[17:33:23.359] ---- [Flow] CT_START Set
[17:33:23.491] ---- [Flow] CT_START Set
[17:33:23.692] ---- [Flow] CT_START Set
[17:33:23.800] ---- [Flow] CT_START Set
[17:33:25.926] ---- [Flow] CT_START Set
[17:33:26.005] ---- [Flow] CT_START Set
[17:33:53.838] ---- [Flow] CT_START Set
[17:33:54.125] ---- [Flow] CT_START Set
[17:33:54.204] ---- [Flow] CT_START Set
[17:33:55.965] ---- [Flow] CT_START Set
[17:33:56.099] ---- [Flow] CT_START Set
[17:33:59.017] ---- [Flow] CT_START Set
[17:33:59.096] ---- [Flow] CT_START Set
[17:34:10.512] ---- [Flow] CT_START Set
[17:34:10.578] ---- [Flow] CT_START Set
[17:34:34.455] ---- [Flow] CT_START Set
[17:34:34.528] ---- [Flow] CT_START Set
[17:34:34.646] ---- [Flow] CT_START Set
[17:34:36.223] ---- [Flow] CT_START Set
[17:34:37.488] ---- [Flow] CT_START Set
[17:34:37.570] ---- [Flow] CT_START Set
[17:34:37.646] ---- [Flow] CT_START Set
[17:35:06.216] ---- [Flow] CT_START Set
[17:35:06.291] ---- [Flow] CT_START Set
[17:35:06.368] ---- [Flow] CT_START Set
[17:35:06.868] ---- [Flow] CT_START Set
[17:35:06.948] ---- [Flow] CT_START Set
[17:35:07.016] ---- [Flow] CT_START Set
[17:35:07.091] ---- [Flow] CT_START Set
[17:35:09.478] ---- [Flow] CT_START Set
[17:35:37.607] ---- [Flow] CT_START Set
[17:35:37.738] ---- [Flow] CT_START Set
[17:35:41.138] ---- [Flow] CT_START Set
[17:35:41.279] ---- [Flow] CT_START Set
[17:35:56.163] ---- [Flow] CT_START Set
[17:35:56.285] ---- [Flow] CT_START Set
[17:35:57.308] ---- [Flow] CT_START Set
[17:36:15.758] ---- [Flow] CT_START Set
[17:36:15.837] ---- [Flow] CT_START Set
[17:36:16.724] ---- [Flow] CT_START Set
[17:36:16.819] ---- [Flow] CT_START Set
[17:36:16.927] ---- [Flow] CT_START Set
[17:36:17.022] ---- [Flow] CT_START Set
[17:36:17.117] ---- [Flow] CT_START Set
[17:36:17.886] ---- [Flow] CT_START Set
[17:36:17.956] ---- [Flow] CT_START Set
[17:36:18.015] ---- [Flow] CT_START Set
[17:36:18.876] ---- [Flow] CT_START Set
[17:36:19.430] ---- [Flow] CT_START Set
[17:36:20.025] ---- [Flow] CT_START Set
[17:36:20.226] ---- [Flow] CT_START Set
[17:36:20.409] ---- [Flow] CT_START Set
[17:36:20.609] ---- [Flow] CT_START Set
[17:36:20.781] ---- [Flow] CT_START Set
[17:36:21.564] ---- [Flow] CT_START Set
[17:36:21.786] ---- [Flow] CT_START Set
[17:36:21.988] ---- [Flow] CT_START Set
[17:36:22.622] ---- [Flow] CT_START Set
[17:36:22.806] ---- [Flow] CT_START Set
[17:37:01.945] ---- [Flow] CT_START Set
[17:37:02.025] ---- [Flow] CT_START Set
[17:37:02.098] ---- [Flow] CT_START Set
[17:37:03.043] ---- [Flow] CT_START Set
[17:37:03.122] ---- [Flow] CT_START Set
[17:37:03.579] ---- [Flow] CT_START Set
[17:37:40.006] ---- [Flow] CT_START Set
[17:37:41.060] ---- [Flow] CT_START Set
[17:49:42.351] ---- [Flow] CT_START Set
[17:49:42.591] ---- [Flow] CT_START Set
[17:50:06.943] ---- [Flow] CT_START Set
[17:50:07.750] ---- [Flow] CT_START Set
[17:52:02.405] ---- [Flow] CT_START Set
[17:52:02.682] ---- [Flow] CT_START Set
[18:09:48.162] ---- [Flow] CT_START Set
[18:09:48.738] ---- [Flow] CT_START Set
[18:11:47.738] ---- [Flow] CT_START Set
[18:16:07.107] ---- [Flow] CT_START Set
[18:16:08.306] ---- [Flow] CT_START Set
[18:46:19.126] ---- [Flow] CT_START Set
[18:46:49.679] ---- [Flow] CT_START Set
[18:50:45.594] ---- [Flow] CT_START Set
[18:50:54.061] ---- [Flow] CT_START Set
[18:51:40.440] ---- [Flow] CT_START Set
[18:51:53.974] ---- [Flow] CT_START Set
[18:51:56.971] ---- [Flow] CT_START Set
[18:52:17.068] ---- [Flow] CT_START Set
[19:09:46.558] ---- [Flow] CT_START Set
[19:09:46.847] ---- [Flow] CT_START Set
[19:09:47.077] ---- [Flow] CT_START Set
[19:10:32.359] ---- [Flow] CT_START Set
[19:10:38.026] ---- [Flow] CT_START Set
[19:10:38.380] ---- [Flow] CT_START Set
[19:10:48.313] ---- [Flow] CT_START Set
[19:12:45.033] ---- [Flow] CT_START Set
[19:12:45.483] ---- [Flow] CT_START Set
[19:12:45.775] ---- [Flow] CT_START Set
[19:12:51.938] ---- [Flow] CT_START Set
[19:14:40.059] ---- [Flow] CT_START Set
[19:16:45.794] ---- [Flow] CT_START Set
[19:16:46.302] ---- [Flow] CT_START Set
[19:16:50.567] ---- [Flow] CT_START Set
[19:30:51.767] ---- [Flow] CT_STOP Set
[19:30:51.788] ---- [Event] Auto : CT_STOP
[19:30:51.788] --------- [Monitor] StopTasks() : before m_stopped
[19:30:51.809] --------- [Monitor] StopTasks() : m_stopped
[19:30:51.810] [m_nState] AutoStop State
