[02:11:40.377] [LeftPPStation] Unload Cylinder Vacuum Error
[02:11:57.548] [LeftPPStation] Unload Cylinder Vacuum Error
[03:37:59.433] [LeftPPStation] Unload Cylinder Vacuum Error
[04:51:08.627] [LeftPPStation] Unload Cylinder Vacuum Error
[04:51:37.278] [LeftPPStation] Unload Cylinder Vacuum Error
[04:51:49.226] [LeftPPStation] Unload Cylinder Vacuum Error
[04:52:31.832] [LeftPPStation] Unload Cylinder Vacuum Error
[07:51:21.050] [LeftPPStation] Unload Cylinder Vacuum Error
[08:24:19.964] [LeftPPStation] Unload Cylinder Vacuum Error
[08:24:29.443] [LeftPPStation] Unload Cylinder Vacuum Error
[08:32:19.965] [RightTransferStation] Vacuum Error
[08:35:00.065] [LeftTransferStation] Vacuum Error
[09:11:44.871] [LeftPPStation] Unload Cylinder Vacuum Error
[10:44:53.373] [RightTransferStation] Move Z Axis Error
[10:45:24.953] [RightTransferStation] Move Z Axis Error
[11:32:50.242] [LeftPPStation] Unload Cylinder Vacuum Error
[15:13:50.963] [MainControlStation] Right Door Open
[15:53:25.132] [LeftPPStation] Load Cylinder Vacuum Error
[20:52:10.663] [LeftTransferStation] Vacuum Error
[21:01:49.543] [LeftTransferStation] Vacuum Error
[21:08:13.564] [LeftTransferStation] Vacuum Error
[22:31:52.641] [LeftPPStation] Unload Cylinder Vacuum Error
[23:32:09.760] [RightTransferStation] Vacuum Error
