[13:38:34.981] [RightPPStation] Load Cylinder Vacuum Error
[14:26:29.862] [RightPPStation] Load Cylinder Vacuum Error
[14:27:31.985] [MainControlStation] Right Door Open
[14:29:21.947] [MainControlStation] Right Door Open
[14:35:26.882] [RightTransferStation] Vacuum Error
[14:35:39.625] [RightTransferStation] Vacuum Error
[14:36:45.404] [MainControlStation] Right Door Open
[14:37:55.239] [RightTransferStation] Move Z Axis Error
[14:38:26.521] [RightTransferStation] Vacuum Error
[14:38:43.812] [RightPPStation] Unload Buffer Set Not Exist
[14:39:44.289] [RightPPStation] Unload Cylinder Vacuum Error
[14:40:17.789] [RightPPStation] Unload Cylinder Vacuum Error
[14:40:57.547] [RightPPStation] Unload Cylinder Vacuum Error
[14:41:36.151] [RightPPStation] Unload Cylinder Vacuum Error
[14:41:44.386] [RightTransferStation] Move Z Axis Error
[14:42:00.013] [RightTransferStation] Move Z Axis Error
[14:42:01.890] [RightTransferStation] Move Z Axis Error
[14:43:03.161] [MainControlStation] Right Door Open
[14:43:21.169] [MainControlStation] Right Door Open
[14:43:37.598] [RightPPStation] Unload Cylinder Vacuum Error
[14:45:12.749] [RightPPStation] Unload Buffer Set Not Exist
[14:46:44.320] [RightTransferStation] Move XY Axis Error
[14:47:28.900] [RightPPStation] Unload Buffer Set Not Exist
[14:52:26.320] [RightPPStation] Unload Cylinder Vacuum Error
[14:57:30.950] [MainControlStation] Right Door Open
[14:59:03.166] [MainControlStation] Right Door Open
[15:10:01.848] [RightTransferStation] Move Z Axis Error
[15:10:09.585] [RightTransferStation] Move Z Axis Error
[15:10:33.850] [RightPPStation] Load Cylinder Vacuum Error
[15:10:50.446] [MainControlStation] Right Door Open
[15:11:18.080] [RightTransferStation] Move Z Axis Error
[15:11:26.385] [RightTransferStation] Move Z Axis Error
[15:12:12.423] [RightTransferStation] Move Z Axis Error
[15:36:59.366] [RightTransferStation] Move Z Axis Error
[15:37:01.176] [RightTransferStation] Move Z Axis Error
[15:37:02.663] [RightTransferStation] Move Z Axis Error
[15:37:40.408] [RightTransferStation] Move Z Axis Error
[15:38:38.606] [RightTransferStation] Move Z Axis Error
[15:39:02.740] [RightTransferStation] Move Z Axis Error
[15:39:21.701] [RightTransferStation] Move Z Axis Error
[15:39:23.271] [RightTransferStation] Move Z Axis Error
