[07:01:37.964] ---- [Flow] CT_START Set
[07:01:37.985] ---- [Event] AutoStop : CT_START
[07:01:37.985] [m_nState] Auto State
[07:01:38.711] ---- [Flow] CT_START Set
[09:06:57.054] ---- [Flow] CT_STOP Set
[09:06:57.075] ---- [Event] Auto : CT_STOP
[09:06:57.075] --------- [Monitor] StopTasks() : before m_stopped
[09:06:57.128] --------- [Monitor] StopTasks() : m_stopped
[09:06:57.128] [m_nState] AutoStop State
[09:09:51.345] ---- [Flow] CT_START Set
[09:09:51.366] ---- [Event] AutoStop : CT_START
[09:09:51.366] [m_nState] Auto State
[09:09:52.138] ---- [Flow] CT_START Set
[09:55:16.429] ---- [Flow] CT_STOP Set
[09:55:16.450] ---- [Event] Auto : CT_STOP
[09:55:16.450] --------- [Monitor] StopTasks() : before m_stopped
[09:55:16.488] --------- [Monitor] StopTasks() : m_stopped
[09:55:16.488] [m_nState] AutoStop State
[10:02:31.441] ---- [Flow] CT_START Set
[10:02:31.463] ---- [Event] AutoStop : CT_START
[10:02:31.463] [m_nState] Auto State
[11:33:49.680] ---- [Flow] CT_STOP Set
[11:33:49.701] ---- [Event] Auto : CT_STOP
[11:33:49.701] --------- [Monitor] StopTasks() : before m_stopped
[11:33:49.735] --------- [Monitor] StopTasks() : m_stopped
[11:33:49.736] [m_nState] AutoStop State
[13:38:11.630] ---- [Flow] CT_START Set
[13:38:11.651] ---- [Event] AutoStop : CT_START
[13:38:11.979] [m_nState] Auto State
[13:38:14.923] ---- [Flow] CT_STOP Set
[13:38:14.944] ---- [Event] Auto : CT_STOP
[13:38:14.944] --------- [Monitor] StopTasks() : before m_stopped
[13:38:14.989] --------- [Monitor] StopTasks() : m_stopped
[13:38:14.989] [m_nState] AutoStop State
[13:38:15.011] ---- [Flow] CT_STOP Set
[13:38:28.651] ---- [Flow] CT_START Set
[13:38:28.674] ---- [Event] AutoStop : CT_START
[13:38:28.674] [m_nState] Auto State
[13:38:35.225] ---- [Flow] CT_STOP Set
[13:38:35.246] ---- [Event] Auto : CT_STOP
[13:38:35.246] --------- [Monitor] StopTasks() : before m_stopped
[13:38:35.247] --------- [Monitor] StopTasks() : m_stopped
[13:38:35.247] [m_nState] AutoStop State
[13:38:35.675] ---- [Flow] CT_STOP Set
[13:38:37.253] ---- [Flow] CT_START Set
[13:38:37.274] ---- [Event] AutoStop : CT_START
[13:38:37.274] [m_nState] Auto State
[13:38:41.736] ---- [Flow] CT_STOP Set
[13:38:41.759] ---- [Event] Auto : CT_STOP
[13:38:41.759] --------- [Monitor] StopTasks() : before m_stopped
[13:38:42.021] --------- [Monitor] StopTasks() : m_stopped
[13:38:42.021] [m_nState] AutoStop State
[14:14:34.086] ---- [Flow] CT_ABORT Set
[14:14:34.137] [m_nState] Init State
[14:14:34.157] ---- [Monitor] Init : m_idle
[14:14:34.179] ---- [Event] Init : CT_IDLE
[14:14:34.179] [m_nState] Idle State
[14:26:08.210] ---- [Flow] CT_START Set
[14:26:08.231] ---- [Event] Idle : CT_START
[14:26:08.231] [m_nState] Auto State
[14:26:17.548] ---- [Flow] CT_START Set
[14:26:22.913] ---- [Flow] CT_START Set
[14:26:29.981] ---- [Flow] CT_START Set
[14:28:56.265] ---- [Flow] CT_START Set
[14:29:43.070] ---- [Flow] CT_START Set
[14:30:31.411] ---- [Flow] CT_STOP Set
[14:30:31.433] ---- [Event] Auto : CT_STOP
[14:30:31.433] --------- [Monitor] StopTasks() : before m_stopped
[14:30:31.764] --------- [Monitor] StopTasks() : m_stopped
[14:30:31.766] [m_nState] AutoStop State
[14:31:28.439] ---- [Flow] CT_START Set
[14:31:28.461] ---- [Event] AutoStop : CT_START
[14:31:28.461] [m_nState] Auto State
[14:32:24.800] ---- [Flow] CT_STOP Set
[14:32:24.821] ---- [Event] Auto : CT_STOP
[14:32:24.821] --------- [Monitor] StopTasks() : before m_stopped
[14:32:24.857] --------- [Monitor] StopTasks() : m_stopped
[14:32:24.857] [m_nState] AutoStop State
[14:33:46.202] ---- [Flow] CT_START Set
[14:33:46.224] ---- [Event] AutoStop : CT_START
[14:33:46.224] [m_nState] Auto State
[14:34:09.471] ---- [Flow] CT_STOP Set
[14:34:09.493] ---- [Event] Auto : CT_STOP
[14:34:09.493] --------- [Monitor] StopTasks() : before m_stopped
[14:34:09.536] ---- [Flow] CT_STOP Set
[14:34:09.585] ---- [Flow] CT_STOP Set
[14:34:10.431] --------- [Monitor] StopTasks() : m_stopped
[14:34:10.432] [m_nState] AutoStop State
[14:34:12.611] ---- [Flow] CT_START Set
[14:34:12.633] ---- [Event] AutoStop : CT_START
[14:34:12.633] [m_nState] Auto State
[14:35:32.239] ---- [Flow] CT_START Set
[14:35:40.724] ---- [Flow] CT_START Set
[14:37:02.810] ---- [Flow] CT_STOP Set
[14:37:02.832] ---- [Event] Auto : CT_STOP
[14:37:02.832] --------- [Monitor] StopTasks() : before m_stopped
[14:37:02.835] --------- [Monitor] StopTasks() : m_stopped
[14:37:02.835] [m_nState] AutoStop State
[14:37:10.138] ---- [Flow] CT_ABORT Set
[14:37:10.188] [m_nState] Init State
[14:37:10.279] ---- [Monitor] Init : m_idle
[14:37:10.301] ---- [Event] Init : CT_IDLE
[14:37:10.301] [m_nState] Idle State
[14:37:34.399] ---- [Flow] CT_START Set
[14:37:34.421] ---- [Event] Idle : CT_START
[14:37:34.421] [m_nState] Auto State
[14:37:37.785] ---- [Flow] CT_STOP Set
[14:37:37.807] ---- [Event] Auto : CT_STOP
[14:37:37.807] --------- [Monitor] StopTasks() : before m_stopped
[14:37:37.854] ---- [Flow] CT_STOP Set
[14:37:37.905] ---- [Flow] CT_STOP Set
[14:37:37.935] --------- [Monitor] StopTasks() : m_stopped
[14:37:37.935] [m_nState] AutoStop State
[14:37:38.020] ---- [Flow] CT_STOP Set
[14:37:38.817] ---- [Flow] CT_START Set
[14:37:38.839] ---- [Event] AutoStop : CT_START
[14:37:38.839] [m_nState] Auto State
[14:38:25.602] ---- [Flow] CT_START Set
[14:38:27.692] ---- [Flow] CT_START Set
[14:38:47.092] ---- [Flow] CT_STOP Set
[14:38:47.113] ---- [Event] Auto : CT_STOP
[14:38:47.113] --------- [Monitor] StopTasks() : before m_stopped
[14:38:47.113] --------- [Monitor] StopTasks() : m_stopped
[14:38:47.113] [m_nState] AutoStop State
[14:38:47.124] ---- [Flow] CT_STOP Set
[14:39:21.241] ---- [Flow] CT_START Set
[14:39:21.263] ---- [Event] AutoStop : CT_START
[14:39:21.263] [m_nState] Auto State
[14:40:00.844] ---- [Flow] CT_START Set
[14:40:03.298] ---- [Flow] CT_STOP Set
[14:40:03.320] ---- [Event] Auto : CT_STOP
[14:40:03.320] --------- [Monitor] StopTasks() : before m_stopped
[14:40:04.648] --------- [Monitor] StopTasks() : m_stopped
[14:40:04.648] [m_nState] AutoStop State
[14:40:14.324] ---- [Flow] CT_START Set
[14:40:14.346] ---- [Event] AutoStop : CT_START
[14:40:14.346] [m_nState] Auto State
[14:40:19.365] ---- [Flow] CT_STOP Set
[14:40:19.387] ---- [Event] Auto : CT_STOP
[14:40:19.387] --------- [Monitor] StopTasks() : before m_stopped
[14:40:19.387] --------- [Monitor] StopTasks() : m_stopped
[14:40:19.387] [m_nState] AutoStop State
[14:40:19.460] ---- [Flow] CT_STOP Set
[14:40:20.062] ---- [Flow] CT_START Set
[14:40:20.084] ---- [Event] AutoStop : CT_START
[14:40:20.084] [m_nState] Auto State
[14:40:58.920] ---- [Flow] CT_START Set
[14:41:37.175] ---- [Flow] CT_START Set
[14:41:49.670] ---- [Flow] CT_STOP Set
[14:41:49.691] ---- [Event] Auto : CT_STOP
[14:41:49.691] --------- [Monitor] StopTasks() : before m_stopped
[14:41:49.692] --------- [Monitor] StopTasks() : m_stopped
[14:41:49.692] [m_nState] AutoStop State
[14:41:49.704] ---- [Flow] CT_STOP Set
[14:41:49.735] ---- [Flow] CT_STOP Set
[14:41:49.771] ---- [Flow] CT_STOP Set
[14:41:59.104] ---- [Flow] CT_START Set
[14:41:59.125] ---- [Event] AutoStop : CT_START
[14:41:59.125] [m_nState] Auto State
[14:42:00.919] ---- [Flow] CT_START Set
[14:42:01.890] ---- [Flow] CT_START Set
[14:42:02.305] ---- [Flow] CT_START Set
[14:43:20.446] ---- [Flow] CT_START Set
[14:43:21.261] ---- [Flow] CT_START Set
[14:43:38.084] ---- [Flow] CT_START Set
[14:43:43.344] ---- [Flow] CT_STOP Set
[14:43:43.366] ---- [Event] Auto : CT_STOP
[14:43:43.366] --------- [Monitor] StopTasks() : before m_stopped
[14:43:45.664] --------- [Monitor] StopTasks() : m_stopped
[14:43:45.664] [m_nState] AutoStop State
[14:44:10.577] ---- [Flow] CT_START Set
[14:44:10.599] ---- [Event] AutoStop : CT_START
[14:44:10.599] [m_nState] Auto State
[14:44:18.742] ---- [Flow] CT_STOP Set
[14:44:18.764] ---- [Event] Auto : CT_STOP
[14:44:18.764] --------- [Monitor] StopTasks() : before m_stopped
[14:44:19.018] --------- [Monitor] StopTasks() : m_stopped
[14:44:19.019] [m_nState] AutoStop State
[14:44:19.217] ---- [Flow] CT_START Set
[14:44:19.238] ---- [Event] AutoStop : CT_START
[14:44:19.238] [m_nState] Auto State
[14:44:22.129] ---- [Flow] CT_STOP Set
[14:44:22.150] ---- [Event] Auto : CT_STOP
[14:44:22.150] --------- [Monitor] StopTasks() : before m_stopped
[14:44:22.199] ---- [Flow] CT_STOP Set
[14:44:22.261] ---- [Flow] CT_STOP Set
[14:44:22.304] ---- [Flow] CT_STOP Set
[14:44:22.730] --------- [Monitor] StopTasks() : m_stopped
[14:44:22.731] [m_nState] AutoStop State
[14:44:40.194] ---- [Flow] CT_START Set
[14:44:40.216] ---- [Event] AutoStop : CT_START
[14:44:40.216] [m_nState] Auto State
[14:44:41.506] ---- [Flow] CT_STOP Set
[14:44:41.527] ---- [Event] Auto : CT_STOP
[14:44:41.527] --------- [Monitor] StopTasks() : before m_stopped
[14:44:41.571] ---- [Flow] CT_STOP Set
[14:44:41.612] --------- [Monitor] StopTasks() : m_stopped
[14:44:41.613] [m_nState] AutoStop State
[14:44:47.902] ---- [Flow] CT_START Set
[14:44:47.924] ---- [Event] AutoStop : CT_START
[14:44:47.924] [m_nState] Auto State
[14:44:48.010] ---- [Flow] CT_START Set
[14:44:49.781] ---- [Flow] CT_STOP Set
[14:44:49.803] ---- [Event] Auto : CT_STOP
[14:44:49.803] --------- [Monitor] StopTasks() : before m_stopped
[14:44:49.803] --------- [Monitor] StopTasks() : m_stopped
[14:44:49.803] [m_nState] AutoStop State
[14:44:49.823] ---- [Flow] CT_STOP Set
[14:44:49.885] ---- [Flow] CT_STOP Set
[14:44:55.193] ---- [Flow] CT_START Set
[14:44:55.216] ---- [Event] AutoStop : CT_START
[14:44:55.216] [m_nState] Auto State
[14:45:09.501] ---- [Flow] CT_STOP Set
[14:45:09.523] ---- [Event] Auto : CT_STOP
[14:45:09.523] --------- [Monitor] StopTasks() : before m_stopped
[14:45:09.543] --------- [Monitor] StopTasks() : m_stopped
[14:45:09.543] [m_nState] AutoStop State
[14:45:09.661] ---- [Flow] CT_STOP Set
[14:45:42.278] ---- [Flow] CT_START Set
[14:45:42.300] ---- [Event] AutoStop : CT_START
[14:45:42.300] [m_nState] Auto State
[14:45:57.358] ---- [Flow] CT_STOP Set
[14:45:57.380] ---- [Event] Auto : CT_STOP
[14:45:57.380] --------- [Monitor] StopTasks() : before m_stopped
[14:45:57.466] --------- [Monitor] StopTasks() : m_stopped
[14:45:57.466] [m_nState] AutoStop State
[14:46:06.536] ---- [Flow] CT_ABORT Set
[14:46:06.587] [m_nState] Init State
[14:46:06.620] ---- [Monitor] Init : m_idle
[14:46:06.642] ---- [Event] Init : CT_IDLE
[14:46:06.642] [m_nState] Idle State
[14:46:14.939] ---- [Flow] CT_START Set
[14:46:14.961] ---- [Event] Idle : CT_START
[14:46:14.961] [m_nState] Auto State
[14:46:16.737] ---- [Flow] CT_STOP Set
[14:46:16.759] ---- [Event] Auto : CT_STOP
[14:46:16.759] --------- [Monitor] StopTasks() : before m_stopped
[14:46:16.786] ---- [Flow] CT_STOP Set
[14:46:16.830] ---- [Flow] CT_STOP Set
[14:46:16.896] ---- [Flow] CT_STOP Set
[14:46:16.939] ---- [Flow] CT_STOP Set
[14:46:17.296] ---- [Flow] CT_START Set
[14:46:20.735] --------- [Monitor] StopTasks() : m_stopped
[14:46:20.736] [m_nState] AutoStop State
[14:46:54.817] ---- [Flow] CT_STOP Set
[14:47:17.735] ---- [Flow] CT_START Set
[14:47:17.757] ---- [Event] AutoStop : CT_START
[14:47:17.757] [m_nState] Auto State
[14:47:30.697] ---- [Flow] CT_STOP Set
[14:47:30.719] ---- [Event] Auto : CT_STOP
[14:47:30.719] --------- [Monitor] StopTasks() : before m_stopped
[14:47:30.723] --------- [Monitor] StopTasks() : m_stopped
[14:47:30.723] [m_nState] AutoStop State
[14:47:30.730] ---- [Flow] CT_STOP Set
[14:47:30.836] ---- [Flow] CT_STOP Set
[14:51:37.727] ---- [Flow] CT_START Set
[14:51:37.748] ---- [Event] AutoStop : CT_START
[14:51:37.748] [m_nState] Auto State
[14:51:54.216] ---- [Flow] CT_STOP Set
[14:51:54.237] ---- [Event] Auto : CT_STOP
[14:51:54.237] --------- [Monitor] StopTasks() : before m_stopped
[14:51:54.374] --------- [Monitor] StopTasks() : m_stopped
[14:51:54.374] [m_nState] AutoStop State
[14:52:25.544] ---- [Flow] CT_START Set
[14:52:25.565] ---- [Event] AutoStop : CT_START
[14:52:25.565] [m_nState] Auto State
[14:52:25.600] ---- [Flow] CT_START Set
[14:52:41.220] ---- [Flow] CT_STOP Set
[14:52:41.241] ---- [Event] Auto : CT_STOP
[14:52:41.241] --------- [Monitor] StopTasks() : before m_stopped
[14:52:41.281] --------- [Monitor] StopTasks() : m_stopped
[14:52:41.282] [m_nState] AutoStop State
[14:52:44.079] ---- [Flow] CT_ABORT Set
[14:52:44.130] [m_nState] Init State
[14:52:44.199] ---- [Monitor] Init : m_idle
[14:52:44.221] ---- [Event] Init : CT_IDLE
[14:52:44.221] [m_nState] Idle State
[14:52:45.282] ---- [Flow] CT_START Set
[14:52:45.304] ---- [Event] Idle : CT_START
[14:52:45.304] [m_nState] Auto State
[14:52:50.766] ---- [Flow] CT_START Set
[14:57:32.234] ---- [Flow] CT_STOP Set
[14:57:32.256] ---- [Event] Auto : CT_STOP
[14:57:32.256] --------- [Monitor] StopTasks() : before m_stopped
[14:57:32.264] --------- [Monitor] StopTasks() : m_stopped
[14:57:32.264] [m_nState] AutoStop State
[14:57:32.271] ---- [Flow] CT_STOP Set
[14:58:15.565] ---- [Flow] CT_START Set
[14:58:15.587] ---- [Event] AutoStop : CT_START
[14:58:15.587] [m_nState] Auto State
[14:59:12.599] ---- [Flow] CT_START Set
[15:10:08.613] ---- [Flow] CT_START Set
[15:10:08.797] ---- [Flow] CT_START Set
[15:10:10.143] ---- [Flow] CT_START Set
[15:10:37.127] ---- [Flow] CT_START Set
[15:10:53.687] ---- [Flow] CT_START Set
[15:11:25.354] ---- [Flow] CT_START Set
[15:11:25.529] ---- [Flow] CT_START Set
[15:11:26.371] ---- [Flow] CT_STOP Set
[15:11:26.393] ---- [Event] Auto : CT_STOP
[15:11:26.393] --------- [Monitor] StopTasks() : before m_stopped
[15:11:26.393] --------- [Monitor] StopTasks() : m_stopped
[15:11:26.393] [m_nState] AutoStop State
[15:11:26.429] ---- [Flow] CT_STOP Set
[15:11:51.116] ---- [Flow] CT_START Set
[15:11:51.138] ---- [Event] AutoStop : CT_START
[15:11:51.138] [m_nState] Auto State
[15:12:13.269] ---- [Flow] CT_STOP Set
[15:12:13.290] ---- [Event] Auto : CT_STOP
[15:12:13.290] --------- [Monitor] StopTasks() : before m_stopped
[15:12:13.293] --------- [Monitor] StopTasks() : m_stopped
[15:12:13.294] [m_nState] AutoStop State
[15:12:13.306] ---- [Flow] CT_STOP Set
[15:12:13.400] ---- [Flow] CT_STOP Set
[15:12:28.593] ---- [Flow] CT_START Set
[15:12:28.614] ---- [Event] AutoStop : CT_START
[15:12:28.614] [m_nState] Auto State
[15:33:03.708] ---- [Flow] CT_STOP Set
[15:33:03.729] ---- [Event] Auto : CT_STOP
[15:33:03.729] --------- [Monitor] StopTasks() : before m_stopped
[15:33:03.773] --------- [Monitor] StopTasks() : m_stopped
[15:33:03.773] [m_nState] AutoStop State
[15:34:07.836] ---- [Flow] CT_START Set
[15:34:07.857] ---- [Event] AutoStop : CT_START
[15:34:07.857] [m_nState] Auto State
[15:36:01.976] ---- [Flow] CT_STOP Set
[15:36:01.998] ---- [Event] Auto : CT_STOP
[15:36:01.998] --------- [Monitor] StopTasks() : before m_stopped
[15:36:02.648] --------- [Monitor] StopTasks() : m_stopped
[15:36:02.648] [m_nState] AutoStop State
[15:36:22.192] ---- [Flow] CT_START Set
[15:36:22.214] ---- [Event] AutoStop : CT_START
[15:36:22.214] [m_nState] Auto State
[15:37:00.288] ---- [Flow] CT_START Set
[15:37:00.526] ---- [Flow] CT_START Set
[15:37:01.192] ---- [Flow] CT_START Set
[15:37:01.402] ---- [Flow] CT_START Set
[15:37:02.074] ---- [Flow] CT_START Set
[15:37:02.654] ---- [Flow] CT_START Set
[15:37:09.935] ---- [Flow] CT_STOP Set
[15:37:09.956] ---- [Event] Auto : CT_STOP
[15:37:09.956] --------- [Monitor] StopTasks() : before m_stopped
[15:37:09.956] --------- [Monitor] StopTasks() : m_stopped
[15:37:09.956] [m_nState] AutoStop State
[15:37:09.970] ---- [Flow] CT_STOP Set
[15:37:10.001] ---- [Flow] CT_STOP Set
[15:37:10.481] ---- [Flow] CT_STOP Set
[15:37:18.859] ---- [Flow] CT_START Set
[15:37:18.881] ---- [Event] AutoStop : CT_START
[15:37:18.881] [m_nState] Auto State
[15:37:22.998] ---- [Flow] CT_STOP Set
[15:37:23.020] ---- [Event] Auto : CT_STOP
[15:37:23.020] --------- [Monitor] StopTasks() : before m_stopped
[15:37:23.020] --------- [Monitor] StopTasks() : m_stopped
[15:37:23.020] [m_nState] AutoStop State
[15:37:23.031] ---- [Flow] CT_STOP Set
[15:37:23.092] ---- [Flow] CT_STOP Set
[15:37:33.722] ---- [Flow] CT_START Set
[15:37:33.743] ---- [Event] AutoStop : CT_START
[15:37:33.743] [m_nState] Auto State
[15:37:53.638] ---- [Flow] CT_STOP Set
[15:37:53.660] ---- [Event] Auto : CT_STOP
[15:37:53.660] --------- [Monitor] StopTasks() : before m_stopped
[15:37:53.739] ---- [Flow] CT_STOP Set
[15:37:53.778] ---- [Flow] CT_STOP Set
[15:37:53.834] --------- [Monitor] StopTasks() : m_stopped
[15:37:53.834] [m_nState] AutoStop State
[15:38:32.233] ---- [Flow] CT_START Set
[15:38:32.255] ---- [Event] AutoStop : CT_START
[15:38:32.255] [m_nState] Auto State
[15:38:33.802] ---- [Flow] CT_START Set
[15:39:20.785] ---- [Flow] CT_START Set
[15:39:21.521] ---- [Flow] CT_START Set
[15:39:21.833] ---- [Flow] CT_START Set
[15:39:23.305] ---- [Flow] CT_STOP Set
[15:39:23.326] ---- [Event] Auto : CT_STOP
[15:39:23.326] --------- [Monitor] StopTasks() : before m_stopped
[15:39:23.326] --------- [Monitor] StopTasks() : m_stopped
[15:39:23.326] [m_nState] AutoStop State
[15:39:23.389] ---- [Flow] CT_STOP Set
[15:39:23.431] ---- [Flow] CT_STOP Set
[15:40:02.525] ---- [Flow] CT_START Set
[15:40:02.547] ---- [Event] AutoStop : CT_START
[15:40:02.547] [m_nState] Auto State
[15:55:13.553] ---- [Flow] CT_STOP Set
[15:55:13.574] ---- [Event] Auto : CT_STOP
[15:55:13.574] --------- [Monitor] StopTasks() : before m_stopped
[15:55:13.619] --------- [Monitor] StopTasks() : m_stopped
[15:55:13.619] [m_nState] AutoStop State
[15:59:26.499] ---- [Flow] CT_START Set
[15:59:26.521] ---- [Event] AutoStop : CT_START
[15:59:26.521] [m_nState] Auto State
[16:15:28.392] ---- [Flow] CT_STOP Set
[16:15:28.413] ---- [Event] Auto : CT_STOP
[16:15:28.413] --------- [Monitor] StopTasks() : before m_stopped
[16:15:28.491] --------- [Monitor] StopTasks() : m_stopped
[16:15:28.491] [m_nState] AutoStop State
