[00:05:35.942] ---- [Flow] CT_START Set
[00:05:38.933] ---- [Flow] CT_START Set
[00:31:52.154] ---- [Flow] CT_START Set
[01:13:01.777] ---- [Flow] CT_START Set
[01:16:33.189] ---- [Flow] CT_START Set
[01:21:19.643] ---- [Flow] CT_STOP Set
[01:21:19.665] ---- [Event] Auto : CT_STOP
[01:21:19.666] --------- [Monitor] StopTasks() : before m_stopped
[01:21:19.715] --------- [Monitor] StopTasks() : m_stopped
[01:21:19.716] [m_nState] AutoStop State
[01:21:19.719] ---- [Flow] CT_STOP Set
[01:31:12.859] ---- [Flow] CT_START Set
[01:31:12.881] ---- [Event] AutoStop : CT_START
[01:31:12.882] [m_nState] Auto State
[01:31:13.745] ---- [Flow] CT_START Set
[01:33:43.243] ---- [Flow] CT_STOP Set
[01:33:43.265] ---- [Event] Auto : CT_STOP
[01:33:43.266] --------- [Monitor] StopTasks() : before m_stopped
[01:33:43.344] --------- [Monitor] StopTasks() : m_stopped
[01:33:43.345] [m_nState] AutoStop State
[01:44:31.764] ---- [Flow] CT_START Set
[01:44:31.787] ---- [Event] AutoStop : CT_START
[01:44:31.788] [m_nState] Auto State
[01:44:33.063] ---- [Flow] CT_START Set
[02:17:41.374] ---- [Flow] CT_STOP Set
[02:17:41.396] ---- [Event] Auto : CT_STOP
[02:17:41.397] --------- [Monitor] StopTasks() : before m_stopped
[02:17:41.447] --------- [Monitor] StopTasks() : m_stopped
[02:17:41.448] [m_nState] AutoStop State
[02:50:26.086] ---- [Flow] CT_START Set
[02:50:26.109] ---- [Event] AutoStop : CT_START
[02:50:26.110] [m_nState] Auto State
[02:50:30.532] ---- [Flow] CT_STOP Set
[02:50:30.554] ---- [Event] Auto : CT_STOP
[02:50:30.555] --------- [Monitor] StopTasks() : before m_stopped
[02:50:30.579] --------- [Monitor] StopTasks() : m_stopped
[02:50:30.580] [m_nState] AutoStop State
[02:50:30.594] ---- [Flow] CT_STOP Set
[02:50:30.631] ---- [Flow] CT_STOP Set
[02:50:31.909] ---- [Flow] CT_START Set
[02:50:31.930] ---- [Event] AutoStop : CT_START
[02:50:31.931] [m_nState] Auto State
[03:19:02.132] ---- [Flow] CT_STOP Set
[03:19:02.155] ---- [Event] Auto : CT_STOP
[03:19:02.156] --------- [Monitor] StopTasks() : before m_stopped
[03:19:02.223] --------- [Monitor] StopTasks() : m_stopped
[03:19:02.224] [m_nState] AutoStop State
[03:21:57.760] ---- [Flow] CT_START Set
[03:21:57.783] ---- [Event] AutoStop : CT_START
[03:21:57.784] [m_nState] Auto State
[03:29:33.131] ---- [Flow] CT_STOP Set
[03:29:33.154] ---- [Event] Auto : CT_STOP
[03:29:33.155] --------- [Monitor] StopTasks() : before m_stopped
[03:29:33.253] ---- [Flow] CT_STOP Set
[03:29:33.303] ---- [Flow] CT_STOP Set
[03:29:33.352] ---- [Flow] CT_STOP Set
[03:29:33.392] ---- [Flow] CT_STOP Set
[03:29:33.635] --------- [Monitor] StopTasks() : m_stopped
[03:29:33.636] [m_nState] AutoStop State
[03:29:37.895] ---- [Flow] CT_START Set
[03:29:37.918] ---- [Event] AutoStop : CT_START
[03:29:37.919] [m_nState] Auto State
[03:44:33.496] ---- [Flow] CT_STOP Set
[03:44:33.518] ---- [Event] Auto : CT_STOP
[03:44:33.519] --------- [Monitor] StopTasks() : before m_stopped
[03:44:33.589] --------- [Monitor] StopTasks() : m_stopped
[03:44:33.590] [m_nState] AutoStop State
[07:02:26.044] ---- [Flow] CT_START Set
[07:02:26.067] ---- [Event] AutoStop : CT_START
[07:02:26.068] [m_nState] Auto State
[07:17:32.815] ---- [Flow] CT_STOP Set
[07:17:32.837] ---- [Event] Auto : CT_STOP
[07:17:32.838] --------- [Monitor] StopTasks() : before m_stopped
[07:17:32.943] --------- [Monitor] StopTasks() : m_stopped
[07:17:32.944] [m_nState] AutoStop State
[08:45:31.919] ---- [Flow] CT_START Set
[08:45:31.942] ---- [Event] AutoStop : CT_START
[08:45:31.943] [m_nState] Auto State
[08:45:32.689] ---- [Flow] CT_START Set
[08:48:10.436] ---- [Flow] CT_START Set
[09:18:04.454] ---- [Flow] CT_START Set
[09:38:38.915] ---- [Flow] CT_STOP Set
[09:38:38.937] ---- [Event] Auto : CT_STOP
[09:38:38.938] --------- [Monitor] StopTasks() : before m_stopped
[09:38:39.030] --------- [Monitor] StopTasks() : m_stopped
[09:38:39.031] [m_nState] AutoStop State
[09:38:48.757] ---- [Flow] CT_START Set
[09:38:48.780] ---- [Event] AutoStop : CT_START
[09:38:48.781] [m_nState] Auto State
[09:44:17.241] ---- [Flow] CT_START Set
[09:59:40.339] ---- [Flow] CT_START Set
[09:59:52.905] ---- [Flow] CT_START Set
[09:59:54.583] ---- [Flow] CT_START Set
[10:00:14.026] ---- [Flow] CT_START Set
[10:00:28.230] ---- [Flow] CT_START Set
[10:19:35.808] ---- [Flow] CT_START Set
[11:03:48.338] ---- [Flow] CT_START Set
[11:04:18.378] ---- [Flow] CT_START Set
[11:06:18.311] ---- [Flow] CT_START Set
[11:06:25.167] ---- [Flow] CT_START Set
[11:06:55.209] ---- [Flow] CT_START Set
[11:07:36.605] ---- [Flow] CT_START Set
[11:07:45.088] ---- [Flow] CT_START Set
[11:08:28.378] ---- [Flow] CT_START Set
[11:08:40.401] ---- [Flow] CT_START Set
[11:12:29.946] ---- [Flow] CT_START Set
[11:30:44.595] ---- [Flow] CT_STOP Set
[11:30:44.618] ---- [Event] Auto : CT_STOP
[11:30:44.619] --------- [Monitor] StopTasks() : before m_stopped
[11:30:44.659] --------- [Monitor] StopTasks() : m_stopped
[11:30:44.660] [m_nState] AutoStop State
[11:30:44.721] ---- [Flow] CT_STOP Set
[11:30:44.754] ---- [Flow] CT_STOP Set
[11:39:55.301] ---- [Flow] CT_START Set
[11:39:55.324] ---- [Event] AutoStop : CT_START
[11:39:55.325] [m_nState] Auto State
[11:40:01.886] ---- [Flow] CT_START Set
[12:19:06.237] ---- [Flow] CT_START Set
[12:19:08.824] ---- [Flow] CT_START Set
[12:39:27.010] ---- [Flow] CT_START Set
[12:42:48.290] ---- [Flow] CT_STOP Set
[12:42:48.312] ---- [Event] Auto : CT_STOP
[12:42:48.313] --------- [Monitor] StopTasks() : before m_stopped
[12:42:48.382] --------- [Monitor] StopTasks() : m_stopped
[12:42:48.383] [m_nState] AutoStop State
[12:42:48.659] ---- [Flow] CT_START Set
[12:42:48.681] ---- [Event] AutoStop : CT_START
[12:42:48.682] [m_nState] Auto State
[12:42:52.360] ---- [Flow] CT_START Set
[12:46:42.332] ---- [Flow] CT_START Set
[13:00:13.149] ---- [Flow] CT_START Set
[13:25:37.443] ---- [Flow] CT_START Set
[13:45:21.421] ---- [Flow] CT_STOP Set
[13:45:21.444] ---- [Event] Auto : CT_STOP
[13:45:21.445] --------- [Monitor] StopTasks() : before m_stopped
[13:45:21.461] --------- [Monitor] StopTasks() : m_stopped
[13:45:21.462] [m_nState] AutoStop State
[13:45:21.477] ---- [Flow] CT_STOP Set
[14:25:40.185] ---- [Flow] CT_START Set
[14:25:40.208] ---- [Event] AutoStop : CT_START
[14:25:40.209] [m_nState] Auto State
[14:25:41.614] ---- [Flow] CT_START Set
[15:03:34.129] ---- [Flow] CT_START Set
[15:25:04.084] ---- [Flow] CT_START Set
[15:31:52.858] ---- [Flow] CT_START Set
[15:32:02.757] ---- [Flow] CT_START Set
[16:19:25.381] ---- [Flow] CT_START Set
[16:19:28.330] ---- [Flow] CT_START Set
[16:20:55.012] ---- [Flow] CT_STOP Set
[16:20:55.035] ---- [Event] Auto : CT_STOP
[16:20:55.036] --------- [Monitor] StopTasks() : before m_stopped
[16:20:55.088] --------- [Monitor] StopTasks() : m_stopped
[16:20:55.090] [m_nState] AutoStop State
[16:30:34.321] ---- [Flow] CT_START Set
[16:30:34.343] ---- [Event] AutoStop : CT_START
[16:30:34.344] [m_nState] Auto State
[16:30:35.475] ---- [Flow] CT_START Set
[17:27:06.385] ---- [Flow] CT_START Set
[17:47:09.985] ---- [Flow] CT_START Set
[17:47:14.472] ---- [Flow] CT_STOP Set
[17:47:14.495] ---- [Event] Auto : CT_STOP
[17:47:14.496] --------- [Monitor] StopTasks() : before m_stopped
[17:47:14.504] --------- [Monitor] StopTasks() : m_stopped
[17:47:14.505] [m_nState] AutoStop State
[17:47:14.600] ---- [Flow] CT_STOP Set
[17:47:43.799] ---- [Flow] CT_START Set
[17:47:43.822] ---- [Event] AutoStop : CT_START
[17:47:43.823] [m_nState] Auto State
[17:47:48.675] ---- [Flow] CT_START Set
[18:00:42.132] ---- [Flow] CT_STOP Set
[18:00:42.155] ---- [Event] Auto : CT_STOP
[18:00:42.156] --------- [Monitor] StopTasks() : before m_stopped
[18:00:42.174] --------- [Monitor] StopTasks() : m_stopped
[18:00:42.175] [m_nState] AutoStop State
[21:06:10.064] ---- [Flow] CT_START Set
[21:06:10.086] ---- [Event] AutoStop : CT_START
[21:06:10.087] [m_nState] Auto State
[21:06:12.713] ---- [Flow] CT_START Set
[21:19:51.081] ---- [Flow] CT_START Set
[21:32:18.479] ---- [Flow] CT_START Set
[21:58:23.330] ---- [Flow] CT_START Set
[22:15:49.112] ---- [Flow] CT_START Set
[22:16:08.425] ---- [Flow] CT_START Set
[22:55:15.031] ---- [Flow] CT_STOP Set
[22:55:15.053] ---- [Event] Auto : CT_STOP
[22:55:15.054] --------- [Monitor] StopTasks() : before m_stopped
[22:55:15.093] --------- [Monitor] StopTasks() : m_stopped
[22:55:15.094] [m_nState] AutoStop State
[22:58:53.701] ---- [Flow] CT_START Set
[22:58:53.723] ---- [Event] AutoStop : CT_START
[22:58:53.724] [m_nState] Auto State
[22:59:58.066] ---- [Flow] CT_STOP Set
[22:59:58.088] ---- [Event] Auto : CT_STOP
[22:59:58.089] --------- [Monitor] StopTasks() : before m_stopped
[22:59:58.093] --------- [Monitor] StopTasks() : m_stopped
[22:59:58.094] [m_nState] AutoStop State
[22:59:58.101] ---- [Flow] CT_STOP Set
[23:00:08.456] ---- [Flow] CT_START Set
[23:00:08.478] ---- [Event] AutoStop : CT_START
[23:00:08.479] [m_nState] Auto State
[23:04:42.042] ---- [Flow] CT_START Set
[23:11:38.317] ---- [Flow] CT_START Set
[23:11:48.037] ---- [Flow] CT_START Set
[23:12:00.482] ---- [Flow] CT_START Set
[23:18:43.799] ---- [Flow] CT_STOP Set
[23:18:43.823] ---- [Event] Auto : CT_STOP
[23:18:43.824] --------- [Monitor] StopTasks() : before m_stopped
[23:18:43.912] --------- [Monitor] StopTasks() : m_stopped
[23:18:43.913] [m_nState] AutoStop State
[23:43:27.357] ---- [Flow] CT_START Set
[23:43:27.379] ---- [Event] AutoStop : CT_START
[23:43:27.380] [m_nState] Auto State
[23:43:28.666] ---- [Flow] CT_START Set
[23:49:19.489] ---- [Flow] CT_START Set
