[00:07:13.217] [LeftTransferStation] Vacuum Error
[00:08:19.688] [RightPPStation] Unload Cylinder Vacuum Error
[00:22:33.882] [RightPPStation] Load Buffer Set Exist
[00:23:07.221] [MainControlStation] Right Door Open
[02:05:03.530] [MainControlStation] Right Door Open
[02:05:29.092] [MainControlStation] Right Door Open
[02:34:15.230] [LeftTransferStation] Vacuum Error
[03:13:03.836] [RightTransferStation] Move XY Axis Error
[03:50:07.443] [RightTransferStation] Move XY Axis Error
[03:50:26.152] [RightTransferStation] Move XY Axis Error
[04:03:26.775] [RightTransferStation] Move XY Axis Error
[04:03:43.882] [RightTransferStation] Move XY Axis Error
[08:55:02.159] [RightTransferStation] Move XY Axis Error
[08:55:11.660] [RightTransferStation] Move XY Axis Error
[08:55:14.913] [RightTransferStation] Move XY Axis Error
[08:55:17.761] [RightTransferStation] Move XY Axis Error
[09:11:26.017] [RightPPStation] Unload Cylinder Vacuum Error
[09:43:34.623] [RightPPStation] Unload Cylinder Vacuum Error
[10:15:31.191] [RightPPStation] Unload Cylinder Vacuum Error
[11:00:57.975] [RightPPStation] Unload Cylinder Vacuum Error
[11:38:43.671] [RightPPStation] Load Cylinder Vacuum Error
[11:48:09.187] [RightTransferStation] Vacuum Error
[11:55:37.564] [RightPPStation] Unload Cylinder Vacuum Error
[12:29:51.568] [LeftTransferStation] Vacuum Error
[13:17:51.637] [RightTransferStation] Vacuum Error
[13:26:11.829] [RightPPStation] Unload Cylinder Vacuum Error
[15:23:18.921] [RightPPStation] Unload Cylinder Vacuum Error
[16:00:09.269] [LeftPPStation] Unload Cylinder Vacuum Error
[16:06:24.395] [LeftTransferStation] Vacuum Error
[16:18:25.192] [RightTransferStation] Vacuum Error
[16:19:35.741] [RightTransferStation] Vacuum Error
[16:19:44.607] [RightTransferStation] Vacuum Error
[16:53:30.471] [RightTransferStation] Move XY Axis Error
[16:54:15.097] [RightTransferStation] Move XY Axis Error
[16:54:41.217] [RightTransferStation] Move XY Axis Error
[16:58:40.030] [RightTransferStation] Move XY Axis Error
[16:58:52.279] [RightTransferStation] Move XY Axis Error
[17:10:19.676] [RightTransferStation] Move XY Axis Error
[17:10:25.445] [RightTransferStation] Move XY Axis Error
[17:10:27.802] [RightTransferStation] Move XY Axis Error
[17:13:35.188] [RightTransferStation] Move XY Axis Error
[17:13:39.650] [RightTransferStation] Move XY Axis Error
[17:13:42.044] [RightTransferStation] Move XY Axis Error
[17:13:44.392] [RightTransferStation] Move XY Axis Error
[17:13:46.808] [RightTransferStation] Move XY Axis Error
[17:13:49.161] [RightTransferStation] Move XY Axis Error
[17:33:07.189] [RightTransferStation] Move XY Axis Error
[17:33:11.663] [RightTransferStation] Move XY Axis Error
[17:33:14.187] [RightTransferStation] Move XY Axis Error
[17:33:18.951] [RightTransferStation] Move XY Axis Error
[17:33:21.912] [RightTransferStation] Move XY Axis Error
[18:57:52.769] [RightTransferStation] Move XY Axis Error
[18:58:01.599] [RightTransferStation] Move XY Axis Error
[18:58:03.677] [RightTransferStation] Move XY Axis Error
[18:58:05.547] [RightTransferStation] Move XY Axis Error
[18:58:28.259] [LeftTransferStation] Vacuum Error
[19:20:02.606] [LeftTransferStation] Vacuum Error
[20:20:51.454] [RightTransferStation] Move XY Axis Error
[20:32:46.993] [RightTransferStation] Move XY Axis Error
[20:32:52.371] [RightTransferStation] Move XY Axis Error
[20:32:56.700] [RightTransferStation] Move XY Axis Error
[20:34:20.943] [RightTransferStation] Move XY Axis Error
[21:07:56.373] [RightTransferStation] Move XY Axis Error
[21:08:10.703] [RightTransferStation] Move XY Axis Error
[21:19:10.206] [RightTransferStation] Move XY Axis Error
[21:19:21.852] [RightTransferStation] Move XY Axis Error
[21:19:24.989] [RightTransferStation] Move XY Axis Error
[21:47:00.126] [LeftPPStation] Load Cylinder Vacuum Error
[22:00:07.878] [RightPPStation] Unload Cylinder Vacuum Error
[22:08:21.325] [RightPPStation] Unload Cylinder Vacuum Error
[22:08:42.568] [RightPPStation] Unload Cylinder Vacuum Error
[22:37:51.328] [RightTransferStation] Move XY Axis Error
[22:38:09.020] [MainControlStation] Right Door Open
[22:49:33.192] [RightTransferStation] Move XY Axis Error
[22:49:40.702] [RightTransferStation] Move XY Axis Error
[22:49:48.468] [RightTransferStation] Move XY Axis Error
[22:50:25.727] [RightTransferStation] Move XY Axis Error
[22:50:38.369] [RightTransferStation] Move XY Axis Error
[22:50:40.457] [RightTransferStation] Move XY Axis Error
[22:57:22.254] [RightTransferStation] Move XY Axis Error
[22:57:32.505] [MainControlStation] Right Door Open
[22:57:34.571] [RightTransferStation] Move XY Axis Error
[23:01:47.270] [RightTransferStation] Move XY Axis Error
[23:14:10.136] [RightTransferStation] Move XY Axis Error
[23:15:11.056] [RightTransferStation] Move XY Axis Error
[23:15:31.567] [RightTransferStation] Move XY Axis Error
[23:15:49.551] [RightTransferStation] Move XY Axis Error
[23:16:05.891] [RightTransferStation] Move XY Axis Error
[23:16:19.823] [RightTransferStation] Move XY Axis Error
[23:17:14.175] [RightTransferStation] Move XY Axis Error
[23:26:58.209] [RightTransferStation] Move XY Axis Error
[23:28:12.376] [RightTransferStation] Move XY Axis Error
[23:28:48.673] [RightTransferStation] Move XY Axis Error
[23:30:13.068] [RightTransferStation] Move XY Axis Error
[23:39:45.709] [RightTransferStation] Move XY Axis Error
[23:42:40.025] [RightTransferStation] Move XY Axis Error
[23:55:37.037] [RightTransferStation] Move XY Axis Error
[23:56:42.014] [RightTransferStation] Move XY Axis Error
