[00:38:48.206] [LeftTransferStation] Vacuum Error
[00:53:47.841] [RightTransferStation] Vacuum Error
[00:53:58.249] [RightTransferStation] Vacuum Error
[01:17:51.342] [RightPPStation] Load Buffer Set Exist
[01:17:55.106] [RightPPStation] Load Buffer Set Exist
[01:18:02.866] [RightPPStation] Load Buffer Set Exist
[01:18:25.217] [RightTransferStation] Vacuum Error
[01:27:17.130] [LeftPPStation] Load Buffer Set Exist
[01:27:25.732] [LeftPPStation] Load Buffer Set Exist
[01:27:31.808] [LeftPPStation] Load Buffer Set Exist
[01:27:34.168] [LeftPPStation] Load Buffer Set Exist
[01:27:35.966] [LeftPPStation] Load Buffer Set Exist
[01:27:42.161] [LeftPPStation] Load Buffer Set Exist
[01:27:44.518] [LeftPPStation] Load Buffer Set Exist
[01:27:51.447] [LeftPPStation] Load Buffer Set Exist
[01:27:54.514] [LeftPPStation] Load Buffer Set Exist
[01:28:18.047] [LeftTransferStation] Vacuum Error
[01:36:05.145] [RightPPStation] Load Cylinder Up Error
[01:36:12.250] [RightPPStation] Load Cylinder Up Error
[01:36:20.896] [RightPPStation] Load Cylinder Up Error
[01:36:29.122] [RightPPStation] Load Cylinder Up Error
[01:36:33.399] [RightPPStation] Load Cylinder Vacuum Error
[01:46:26.270] [LeftTransferStation] Vacuum Error
[01:46:37.580] [LeftTransferStation] Vacuum Error
[01:46:48.876] [LeftTransferStation] Vacuum Error
[01:57:37.826] [LeftPPStation] Load Cylinder Vacuum Error
[04:44:10.809] [RightPPStation] Load Cylinder Vacuum Error
[04:51:33.867] [LeftPPStation] Load Cylinder Vacuum Error
[05:03:51.592] [LeftTransferStation] Vacuum Error
[05:04:09.167] [LeftTransferStation] Vacuum Error
[06:57:05.497] [LeftPPStation] Load Cylinder Up Error
[06:57:11.855] [LeftPPStation] Load Cylinder Vacuum Error
[06:59:00.088] [RightTransferStation] Vacuum Error
[06:59:09.720] [RightTransferStation] Vacuum Error
[08:56:16.600] [RightPPStation] Load Cylinder Vacuum Error
[09:01:41.676] [RightTransferStation] Vacuum Error
[09:01:48.519] [RightTransferStation] Vacuum Error
[09:11:40.359] [LeftTransferStation] Move XY Axis Error
[14:20:35.607] [MainControlStation] Left Door Open
